[2022-09-02 21:56:39,357] {taskinstance.py:1179} INFO - Dependencies all met for <TaskInstance: dynamically_branching1.bash_task manual__2022-09-02T21:56:38.217913+00:00 [queued]>
[2022-09-02 21:56:39,370] {taskinstance.py:1179} INFO - Dependencies all met for <TaskInstance: dynamically_branching1.bash_task manual__2022-09-02T21:56:38.217913+00:00 [queued]>
[2022-09-02 21:56:39,371] {taskinstance.py:1376} INFO - 
--------------------------------------------------------------------------------
[2022-09-02 21:56:39,371] {taskinstance.py:1377} INFO - Starting attempt 1 of 1
[2022-09-02 21:56:39,372] {taskinstance.py:1378} INFO - 
--------------------------------------------------------------------------------
[2022-09-02 21:56:39,395] {taskinstance.py:1397} INFO - Executing <Task(BashOperator): bash_task> on 2022-09-02 21:56:38.217913+00:00
[2022-09-02 21:56:39,409] {standard_task_runner.py:52} INFO - Started process 581 to run task
[2022-09-02 21:56:39,419] {standard_task_runner.py:79} INFO - Running: ['***', 'tasks', 'run', 'dynamically_branching1', 'bash_task', 'manual__2022-09-02T21:56:38.217913+00:00', '--job-id', '3792', '--raw', '--subdir', 'DAGS_FOLDER/jobs_dag.py', '--cfg-path', '/tmp/tmpi5xbe5pa', '--error-file', '/tmp/tmp7ofmhue6']
[2022-09-02 21:56:39,421] {standard_task_runner.py:80} INFO - Job 3792: Subtask bash_task
[2022-09-02 21:56:39,534] {task_command.py:371} INFO - Running <TaskInstance: dynamically_branching1.bash_task manual__2022-09-02T21:56:38.217913+00:00 [running]> on host 643b3d669374
[2022-09-02 21:56:39,639] {taskinstance.py:1591} INFO - Exporting the following env vars:
AIRFLOW_CTX_DAG_OWNER=***
AIRFLOW_CTX_DAG_ID=dynamically_branching1
AIRFLOW_CTX_TASK_ID=bash_task
AIRFLOW_CTX_EXECUTION_DATE=2022-09-02T21:56:38.217913+00:00
AIRFLOW_CTX_TRY_NUMBER=1
AIRFLOW_CTX_DAG_RUN_ID=manual__2022-09-02T21:56:38.217913+00:00
[2022-09-02 21:56:39,641] {subprocess.py:62} INFO - Tmp dir root location: 
 /tmp
[2022-09-02 21:56:39,643] {subprocess.py:74} INFO - Running command: ['bash', '-c', 'echo $(whoami)']
[2022-09-02 21:56:39,694] {subprocess.py:85} INFO - Output:
[2022-09-02 21:56:39,722] {subprocess.py:92} INFO - default
[2022-09-02 21:56:39,726] {subprocess.py:96} INFO - Command exited with return code 0
[2022-09-02 21:56:39,809] {taskinstance.py:1420} INFO - Marking task as SUCCESS. dag_id=dynamically_branching1, task_id=bash_task, execution_date=20220902T215638, start_date=20220902T215639, end_date=20220902T215639
[2022-09-02 21:56:39,874] {local_task_job.py:156} INFO - Task exited with return code 0
[2022-09-02 21:56:39,934] {local_task_job.py:273} INFO - 1 downstream tasks scheduled from follow-on schedule check
