[2022-08-24 19:14:26,207] {taskinstance.py:1179} INFO - Dependencies all met for <TaskInstance: dynamically_branching1.check_table_exist scheduled__2021-04-02T00:00:00+00:00 [queued]>
[2022-08-24 19:14:26,284] {taskinstance.py:1179} INFO - Dependencies all met for <TaskInstance: dynamically_branching1.check_table_exist scheduled__2021-04-02T00:00:00+00:00 [queued]>
[2022-08-24 19:14:26,290] {taskinstance.py:1376} INFO - 
--------------------------------------------------------------------------------
[2022-08-24 19:14:26,291] {taskinstance.py:1377} INFO - Starting attempt 1 of 1
[2022-08-24 19:14:26,293] {taskinstance.py:1378} INFO - 
--------------------------------------------------------------------------------
[2022-08-24 19:14:26,381] {taskinstance.py:1397} INFO - Executing <Task(BranchPythonOperator): check_table_exist> on 2021-04-02 00:00:00+00:00
[2022-08-24 19:14:26,419] {standard_task_runner.py:52} INFO - Started process 8567 to run task
[2022-08-24 19:14:26,435] {standard_task_runner.py:79} INFO - Running: ['***', 'tasks', 'run', 'dynamically_branching1', 'check_table_exist', 'scheduled__2021-04-02T00:00:00+00:00', '--job-id', '2245', '--raw', '--subdir', 'DAGS_FOLDER/jobs_dag.py', '--cfg-path', '/tmp/tmpp9j4kx1j', '--error-file', '/tmp/tmp86bi4lbo']
[2022-08-24 19:14:26,446] {standard_task_runner.py:80} INFO - Job 2245: Subtask check_table_exist
[2022-08-24 19:14:26,782] {task_command.py:371} INFO - Running <TaskInstance: dynamically_branching1.check_table_exist scheduled__2021-04-02T00:00:00+00:00 [running]> on host 9d5d2a77e6ba
[2022-08-24 19:14:27,294] {taskinstance.py:1591} INFO - Exporting the following env vars:
AIRFLOW_CTX_DAG_OWNER=***
AIRFLOW_CTX_DAG_ID=dynamically_branching1
AIRFLOW_CTX_TASK_ID=check_table_exist
AIRFLOW_CTX_EXECUTION_DATE=2021-04-02T00:00:00+00:00
AIRFLOW_CTX_TRY_NUMBER=1
AIRFLOW_CTX_DAG_RUN_ID=scheduled__2021-04-02T00:00:00+00:00
[2022-08-24 19:14:27,307] {python.py:173} INFO - Done. Returned value was: insert_row
[2022-08-24 19:14:27,319] {skipmixin.py:140} INFO - Following branch insert_row
[2022-08-24 19:14:27,321] {skipmixin.py:175} INFO - Skipping tasks ['create_table']
[2022-08-24 19:14:27,560] {taskinstance.py:1420} INFO - Marking task as SUCCESS. dag_id=dynamically_branching1, task_id=check_table_exist, execution_date=20210402T000000, start_date=20220824T191426, end_date=20220824T191427
[2022-08-24 19:14:27,730] {local_task_job.py:156} INFO - Task exited with return code 0
[2022-08-24 19:14:27,987] {local_task_job.py:273} INFO - 1 downstream tasks scheduled from follow-on schedule check
