[2022-08-19 20:49:17,165] {taskinstance.py:1179} INFO - Dependencies all met for <TaskInstance: loop_hello_world_1.hello_world scheduled__2021-02-04T00:00:00+00:00 [queued]>
[2022-08-19 20:49:17,234] {taskinstance.py:1179} INFO - Dependencies all met for <TaskInstance: loop_hello_world_1.hello_world scheduled__2021-02-04T00:00:00+00:00 [queued]>
[2022-08-19 20:49:17,236] {taskinstance.py:1376} INFO - 
--------------------------------------------------------------------------------
[2022-08-19 20:49:17,238] {taskinstance.py:1377} INFO - Starting attempt 1 of 1
[2022-08-19 20:49:17,239] {taskinstance.py:1378} INFO - 
--------------------------------------------------------------------------------
[2022-08-19 20:49:17,285] {taskinstance.py:1397} INFO - Executing <Task(PythonOperator): hello_world> on 2021-02-04 00:00:00+00:00
[2022-08-19 20:49:17,305] {standard_task_runner.py:52} INFO - Started process 15845 to run task
[2022-08-19 20:49:17,315] {standard_task_runner.py:79} INFO - Running: ['***', 'tasks', 'run', 'loop_hello_world_1', 'hello_world', 'scheduled__2021-02-04T00:00:00+00:00', '--job-id', '119', '--raw', '--subdir', 'DAGS_FOLDER/practiceDag1.py', '--cfg-path', '/tmp/tmprfl4elem', '--error-file', '/tmp/tmpzbut4mph']
[2022-08-19 20:49:17,321] {standard_task_runner.py:80} INFO - Job 119: Subtask hello_world
[2022-08-19 20:49:17,602] {task_command.py:371} INFO - Running <TaskInstance: loop_hello_world_1.hello_world scheduled__2021-02-04T00:00:00+00:00 [running]> on host 9d5d2a77e6ba
[2022-08-19 20:49:18,198] {taskinstance.py:1591} INFO - Exporting the following env vars:
AIRFLOW_CTX_DAG_OWNER=***
AIRFLOW_CTX_DAG_ID=loop_hello_world_1
AIRFLOW_CTX_TASK_ID=hello_world
AIRFLOW_CTX_EXECUTION_DATE=2021-02-04T00:00:00+00:00
AIRFLOW_CTX_TRY_NUMBER=1
AIRFLOW_CTX_DAG_RUN_ID=scheduled__2021-02-04T00:00:00+00:00
[2022-08-19 20:49:18,200] {logging_mixin.py:115} INFO - Hello World
[2022-08-19 20:49:18,201] {logging_mixin.py:115} INFO - This is DAG: 1
[2022-08-19 20:49:18,202] {python.py:173} INFO - Done. Returned value was: None
[2022-08-19 20:49:18,245] {taskinstance.py:1420} INFO - Marking task as SUCCESS. dag_id=loop_hello_world_1, task_id=hello_world, execution_date=20210204T000000, start_date=20220819T204917, end_date=20220819T204918
[2022-08-19 20:49:18,346] {local_task_job.py:156} INFO - Task exited with return code 0
[2022-08-19 20:49:18,495] {local_task_job.py:273} INFO - 0 downstream tasks scheduled from follow-on schedule check
