[2022-09-01 20:17:26,928] {taskinstance.py:1179} INFO - Dependencies all met for <TaskInstance: trigger_sensor.process_results.bash_create_timestamp_file manual__2022-09-01T20:17:08.586793+00:00 [queued]>
[2022-09-01 20:17:26,944] {taskinstance.py:1179} INFO - Dependencies all met for <TaskInstance: trigger_sensor.process_results.bash_create_timestamp_file manual__2022-09-01T20:17:08.586793+00:00 [queued]>
[2022-09-01 20:17:26,945] {taskinstance.py:1376} INFO - 
--------------------------------------------------------------------------------
[2022-09-01 20:17:26,946] {taskinstance.py:1377} INFO - Starting attempt 1 of 1
[2022-09-01 20:17:26,947] {taskinstance.py:1378} INFO - 
--------------------------------------------------------------------------------
[2022-09-01 20:17:26,970] {taskinstance.py:1397} INFO - Executing <Task(BashOperator): process_results.bash_create_timestamp_file> on 2022-09-01 20:17:08.586793+00:00
[2022-09-01 20:17:26,977] {standard_task_runner.py:52} INFO - Started process 92412 to run task
[2022-09-01 20:17:26,983] {standard_task_runner.py:79} INFO - Running: ['***', 'tasks', 'run', 'trigger_sensor', 'process_results.bash_create_timestamp_file', 'manual__2022-09-01T20:17:08.586793+00:00', '--job-id', '3648', '--raw', '--subdir', 'DAGS_FOLDER/trigger_dag.py', '--cfg-path', '/tmp/tmpz2nh5n_p', '--error-file', '/tmp/tmpq5qn1_qh']
[2022-09-01 20:17:26,985] {standard_task_runner.py:80} INFO - Job 3648: Subtask process_results.bash_create_timestamp_file
[2022-09-01 20:17:27,093] {task_command.py:371} INFO - Running <TaskInstance: trigger_sensor.process_results.bash_create_timestamp_file manual__2022-09-01T20:17:08.586793+00:00 [running]> on host 9d5d2a77e6ba
[2022-09-01 20:17:27,214] {taskinstance.py:1591} INFO - Exporting the following env vars:
AIRFLOW_CTX_DAG_OWNER=***
AIRFLOW_CTX_DAG_ID=trigger_sensor
AIRFLOW_CTX_TASK_ID=process_results.bash_create_timestamp_file
AIRFLOW_CTX_EXECUTION_DATE=2022-09-01T20:17:08.586793+00:00
AIRFLOW_CTX_TRY_NUMBER=1
AIRFLOW_CTX_DAG_RUN_ID=manual__2022-09-01T20:17:08.586793+00:00
[2022-09-01 20:17:27,217] {subprocess.py:62} INFO - Tmp dir root location: 
 /tmp
[2022-09-01 20:17:27,218] {subprocess.py:74} INFO - Running command: ['bash', '-c', 'echo finished_#{ ts_nodash }']
[2022-09-01 20:17:27,233] {subprocess.py:85} INFO - Output:
[2022-09-01 20:17:27,237] {subprocess.py:92} INFO - finished_#{ ts_nodash }
[2022-09-01 20:17:27,238] {subprocess.py:96} INFO - Command exited with return code 0
[2022-09-01 20:17:27,285] {taskinstance.py:1420} INFO - Marking task as SUCCESS. dag_id=trigger_sensor, task_id=process_results.bash_create_timestamp_file, execution_date=20220901T201708, start_date=20220901T201726, end_date=20220901T201727
[2022-09-01 20:17:27,356] {local_task_job.py:156} INFO - Task exited with return code 0
[2022-09-01 20:17:27,409] {local_task_job.py:273} INFO - 0 downstream tasks scheduled from follow-on schedule check
