[2022-08-24 19:22:37,412] {taskinstance.py:1179} INFO - Dependencies all met for <TaskInstance: dynamically_branching1.bash_task scheduled__2022-06-02T00:00:00+00:00 [queued]>
[2022-08-24 19:22:37,483] {taskinstance.py:1179} INFO - Dependencies all met for <TaskInstance: dynamically_branching1.bash_task scheduled__2022-06-02T00:00:00+00:00 [queued]>
[2022-08-24 19:22:37,499] {taskinstance.py:1376} INFO - 
--------------------------------------------------------------------------------
[2022-08-24 19:22:37,511] {taskinstance.py:1377} INFO - Starting attempt 1 of 1
[2022-08-24 19:22:37,514] {taskinstance.py:1378} INFO - 
--------------------------------------------------------------------------------
[2022-08-24 19:22:37,692] {taskinstance.py:1397} INFO - Executing <Task(BashOperator): bash_task> on 2022-06-02 00:00:00+00:00
[2022-08-24 19:22:37,731] {standard_task_runner.py:52} INFO - Started process 11316 to run task
[2022-08-24 19:22:37,793] {standard_task_runner.py:79} INFO - Running: ['***', 'tasks', 'run', 'dynamically_branching1', 'bash_task', 'scheduled__2022-06-02T00:00:00+00:00', '--job-id', '3084', '--raw', '--subdir', 'DAGS_FOLDER/jobs_dag.py', '--cfg-path', '/tmp/tmp6xwteesk', '--error-file', '/tmp/tmpljwwzl2e']
[2022-08-24 19:22:37,811] {standard_task_runner.py:80} INFO - Job 3084: Subtask bash_task
[2022-08-24 19:22:38,550] {task_command.py:371} INFO - Running <TaskInstance: dynamically_branching1.bash_task scheduled__2022-06-02T00:00:00+00:00 [running]> on host 9d5d2a77e6ba
[2022-08-24 19:22:39,318] {taskinstance.py:1591} INFO - Exporting the following env vars:
AIRFLOW_CTX_DAG_OWNER=***
AIRFLOW_CTX_DAG_ID=dynamically_branching1
AIRFLOW_CTX_TASK_ID=bash_task
AIRFLOW_CTX_EXECUTION_DATE=2022-06-02T00:00:00+00:00
AIRFLOW_CTX_TRY_NUMBER=1
AIRFLOW_CTX_DAG_RUN_ID=scheduled__2022-06-02T00:00:00+00:00
[2022-08-24 19:22:39,327] {subprocess.py:62} INFO - Tmp dir root location: 
 /tmp
[2022-08-24 19:22:39,331] {subprocess.py:74} INFO - Running command: ['bash', '-c', 'echo $(whoami)']
[2022-08-24 19:22:39,458] {subprocess.py:85} INFO - Output:
[2022-08-24 19:22:39,511] {subprocess.py:92} INFO - default
[2022-08-24 19:22:39,513] {subprocess.py:96} INFO - Command exited with return code 0
[2022-08-24 19:22:39,714] {taskinstance.py:1420} INFO - Marking task as SUCCESS. dag_id=dynamically_branching1, task_id=bash_task, execution_date=20220602T000000, start_date=20220824T192237, end_date=20220824T192239
[2022-08-24 19:22:39,991] {local_task_job.py:156} INFO - Task exited with return code 0
[2022-08-24 19:22:40,261] {local_task_job.py:273} INFO - 1 downstream tasks scheduled from follow-on schedule check
