[2022-08-29 07:28:58,058] {taskinstance.py:1179} INFO - Dependencies all met for <TaskInstance: trigger_sensor.waiting_for_run_file manual__2022-08-29T07:28:55.755117+00:00 [queued]>
[2022-08-29 07:28:58,070] {taskinstance.py:1179} INFO - Dependencies all met for <TaskInstance: trigger_sensor.waiting_for_run_file manual__2022-08-29T07:28:55.755117+00:00 [queued]>
[2022-08-29 07:28:58,071] {taskinstance.py:1376} INFO - 
--------------------------------------------------------------------------------
[2022-08-29 07:28:58,072] {taskinstance.py:1377} INFO - Starting attempt 1 of 1
[2022-08-29 07:28:58,073] {taskinstance.py:1378} INFO - 
--------------------------------------------------------------------------------
[2022-08-29 07:28:58,091] {taskinstance.py:1397} INFO - Executing <Task(FileSensor): waiting_for_run_file> on 2022-08-29 07:28:55.755117+00:00
[2022-08-29 07:28:58,098] {standard_task_runner.py:52} INFO - Started process 34199 to run task
[2022-08-29 07:28:58,102] {standard_task_runner.py:79} INFO - Running: ['***', 'tasks', 'run', 'trigger_sensor', 'waiting_for_run_file', 'manual__2022-08-29T07:28:55.755117+00:00', '--job-id', '3319', '--raw', '--subdir', 'DAGS_FOLDER/trigger_dag.py', '--cfg-path', '/tmp/tmpxyfilzy1', '--error-file', '/tmp/tmpdc7xiicu']
[2022-08-29 07:28:58,103] {standard_task_runner.py:80} INFO - Job 3319: Subtask waiting_for_run_file
[2022-08-29 07:28:58,211] {task_command.py:371} INFO - Running <TaskInstance: trigger_sensor.waiting_for_run_file manual__2022-08-29T07:28:55.755117+00:00 [running]> on host 9d5d2a77e6ba
[2022-08-29 07:28:58,315] {taskinstance.py:1591} INFO - Exporting the following env vars:
AIRFLOW_CTX_DAG_OWNER=***
AIRFLOW_CTX_DAG_ID=trigger_sensor
AIRFLOW_CTX_TASK_ID=waiting_for_run_file
AIRFLOW_CTX_EXECUTION_DATE=2022-08-29T07:28:55.755117+00:00
AIRFLOW_CTX_TRY_NUMBER=1
AIRFLOW_CTX_DAG_RUN_ID=manual__2022-08-29T07:28:55.755117+00:00
[2022-08-29 07:28:58,327] {base.py:68} INFO - Using connection ID 'my_file_system_practice' for task execution.
[2022-08-29 07:28:58,330] {filesystem.py:58} INFO - Poking for file /opt/***/dags/test.txt
[2022-08-29 07:29:08,358] {base.py:68} INFO - Using connection ID 'my_file_system_practice' for task execution.
[2022-08-29 07:29:08,359] {filesystem.py:58} INFO - Poking for file /opt/***/dags/test.txt
[2022-08-29 07:29:18,359] {base.py:68} INFO - Using connection ID 'my_file_system_practice' for task execution.
[2022-08-29 07:29:18,360] {filesystem.py:58} INFO - Poking for file /opt/***/dags/test.txt
[2022-08-29 07:29:18,362] {filesystem.py:63} INFO - Found File /opt/***/dags/test.txt last modified: 20220829072913
[2022-08-29 07:29:18,362] {base.py:301} INFO - Success criteria met. Exiting.
[2022-08-29 07:29:18,381] {taskinstance.py:1420} INFO - Marking task as SUCCESS. dag_id=trigger_sensor, task_id=waiting_for_run_file, execution_date=20220829T072855, start_date=20220829T072858, end_date=20220829T072918
[2022-08-29 07:29:18,419] {local_task_job.py:156} INFO - Task exited with return code 0
[2022-08-29 07:29:18,479] {local_task_job.py:273} INFO - 1 downstream tasks scheduled from follow-on schedule check
