[2022-08-24 19:19:33,952] {taskinstance.py:1179} INFO - Dependencies all met for <TaskInstance: dynamically_branching1.check_table_exist scheduled__2021-12-27T00:00:00+00:00 [queued]>
[2022-08-24 19:19:33,989] {taskinstance.py:1179} INFO - Dependencies all met for <TaskInstance: dynamically_branching1.check_table_exist scheduled__2021-12-27T00:00:00+00:00 [queued]>
[2022-08-24 19:19:33,998] {taskinstance.py:1376} INFO - 
--------------------------------------------------------------------------------
[2022-08-24 19:19:34,003] {taskinstance.py:1377} INFO - Starting attempt 1 of 1
[2022-08-24 19:19:34,009] {taskinstance.py:1378} INFO - 
--------------------------------------------------------------------------------
[2022-08-24 19:19:34,048] {taskinstance.py:1397} INFO - Executing <Task(BranchPythonOperator): check_table_exist> on 2021-12-27 00:00:00+00:00
[2022-08-24 19:19:34,065] {standard_task_runner.py:52} INFO - Started process 10306 to run task
[2022-08-24 19:19:34,092] {standard_task_runner.py:79} INFO - Running: ['***', 'tasks', 'run', 'dynamically_branching1', 'check_table_exist', 'scheduled__2021-12-27T00:00:00+00:00', '--job-id', '2778', '--raw', '--subdir', 'DAGS_FOLDER/jobs_dag.py', '--cfg-path', '/tmp/tmpept1g7fu', '--error-file', '/tmp/tmpb07ply3m']
[2022-08-24 19:19:34,099] {standard_task_runner.py:80} INFO - Job 2778: Subtask check_table_exist
[2022-08-24 19:19:34,335] {task_command.py:371} INFO - Running <TaskInstance: dynamically_branching1.check_table_exist scheduled__2021-12-27T00:00:00+00:00 [running]> on host 9d5d2a77e6ba
[2022-08-24 19:19:34,607] {taskinstance.py:1591} INFO - Exporting the following env vars:
AIRFLOW_CTX_DAG_OWNER=***
AIRFLOW_CTX_DAG_ID=dynamically_branching1
AIRFLOW_CTX_TASK_ID=check_table_exist
AIRFLOW_CTX_EXECUTION_DATE=2021-12-27T00:00:00+00:00
AIRFLOW_CTX_TRY_NUMBER=1
AIRFLOW_CTX_DAG_RUN_ID=scheduled__2021-12-27T00:00:00+00:00
[2022-08-24 19:19:34,609] {python.py:173} INFO - Done. Returned value was: insert_row
[2022-08-24 19:19:34,610] {skipmixin.py:140} INFO - Following branch insert_row
[2022-08-24 19:19:34,611] {skipmixin.py:175} INFO - Skipping tasks ['create_table']
[2022-08-24 19:19:34,732] {taskinstance.py:1420} INFO - Marking task as SUCCESS. dag_id=dynamically_branching1, task_id=check_table_exist, execution_date=20211227T000000, start_date=20220824T191933, end_date=20220824T191934
[2022-08-24 19:19:34,822] {local_task_job.py:156} INFO - Task exited with return code 0
[2022-08-24 19:19:34,918] {local_task_job.py:273} INFO - 1 downstream tasks scheduled from follow-on schedule check
