[2022-08-17 14:39:12,294] {taskinstance.py:1179} INFO - Dependencies all met for <TaskInstance: my_dag.training_model_A scheduled__2022-08-16T00:00:00+00:00 [queued]>
[2022-08-17 14:39:12,307] {taskinstance.py:1179} INFO - Dependencies all met for <TaskInstance: my_dag.training_model_A scheduled__2022-08-16T00:00:00+00:00 [queued]>
[2022-08-17 14:39:12,308] {taskinstance.py:1376} INFO - 
--------------------------------------------------------------------------------
[2022-08-17 14:39:12,309] {taskinstance.py:1377} INFO - Starting attempt 1 of 1
[2022-08-17 14:39:12,310] {taskinstance.py:1378} INFO - 
--------------------------------------------------------------------------------
[2022-08-17 14:39:12,332] {taskinstance.py:1397} INFO - Executing <Task(PythonOperator): training_model_A> on 2022-08-16 00:00:00+00:00
[2022-08-17 14:39:12,344] {standard_task_runner.py:52} INFO - Started process 1806 to run task
[2022-08-17 14:39:12,348] {standard_task_runner.py:79} INFO - Running: ['***', 'tasks', 'run', 'my_dag', 'training_model_A', 'scheduled__2022-08-16T00:00:00+00:00', '--job-id', '56', '--raw', '--subdir', 'DAGS_FOLDER/my_dag.py', '--cfg-path', '/tmp/tmpfadk5d35', '--error-file', '/tmp/tmpetep8xyv']
[2022-08-17 14:39:12,350] {standard_task_runner.py:80} INFO - Job 56: Subtask training_model_A
[2022-08-17 14:39:12,474] {task_command.py:371} INFO - Running <TaskInstance: my_dag.training_model_A scheduled__2022-08-16T00:00:00+00:00 [running]> on host 9d5d2a77e6ba
[2022-08-17 14:39:12,609] {taskinstance.py:1591} INFO - Exporting the following env vars:
AIRFLOW_CTX_DAG_OWNER=***
AIRFLOW_CTX_DAG_ID=my_dag
AIRFLOW_CTX_TASK_ID=training_model_A
AIRFLOW_CTX_EXECUTION_DATE=2022-08-16T00:00:00+00:00
AIRFLOW_CTX_TRY_NUMBER=1
AIRFLOW_CTX_DAG_RUN_ID=scheduled__2022-08-16T00:00:00+00:00
[2022-08-17 14:39:12,611] {python.py:173} INFO - Done. Returned value was: 2
[2022-08-17 14:39:12,652] {taskinstance.py:1420} INFO - Marking task as SUCCESS. dag_id=my_dag, task_id=training_model_A, execution_date=20220816T000000, start_date=20220817T143912, end_date=20220817T143912
[2022-08-17 14:39:12,687] {local_task_job.py:156} INFO - Task exited with return code 0
[2022-08-17 14:39:12,737] {local_task_job.py:273} INFO - 0 downstream tasks scheduled from follow-on schedule check
