[2022-08-30 20:33:24,918] {taskinstance.py:1179} INFO - Dependencies all met for <TaskInstance: dynamically_branching1.bash_task manual__2022-08-30T20:33:22.904422+00:00 [queued]>
[2022-08-30 20:33:24,938] {taskinstance.py:1179} INFO - Dependencies all met for <TaskInstance: dynamically_branching1.bash_task manual__2022-08-30T20:33:22.904422+00:00 [queued]>
[2022-08-30 20:33:24,939] {taskinstance.py:1376} INFO - 
--------------------------------------------------------------------------------
[2022-08-30 20:33:24,940] {taskinstance.py:1377} INFO - Starting attempt 1 of 1
[2022-08-30 20:33:24,941] {taskinstance.py:1378} INFO - 
--------------------------------------------------------------------------------
[2022-08-30 20:33:24,969] {taskinstance.py:1397} INFO - Executing <Task(BashOperator): bash_task> on 2022-08-30 20:33:22.904422+00:00
[2022-08-30 20:33:24,982] {standard_task_runner.py:52} INFO - Started process 77930 to run task
[2022-08-30 20:33:24,987] {standard_task_runner.py:79} INFO - Running: ['***', 'tasks', 'run', 'dynamically_branching1', 'bash_task', 'manual__2022-08-30T20:33:22.904422+00:00', '--job-id', '3418', '--raw', '--subdir', 'DAGS_FOLDER/jobs_dag.py', '--cfg-path', '/tmp/tmpcxf4jxfu', '--error-file', '/tmp/tmpy4uklg83']
[2022-08-30 20:33:24,989] {standard_task_runner.py:80} INFO - Job 3418: Subtask bash_task
[2022-08-30 20:33:25,094] {task_command.py:371} INFO - Running <TaskInstance: dynamically_branching1.bash_task manual__2022-08-30T20:33:22.904422+00:00 [running]> on host 9d5d2a77e6ba
[2022-08-30 20:33:25,212] {taskinstance.py:1591} INFO - Exporting the following env vars:
AIRFLOW_CTX_DAG_OWNER=***
AIRFLOW_CTX_DAG_ID=dynamically_branching1
AIRFLOW_CTX_TASK_ID=bash_task
AIRFLOW_CTX_EXECUTION_DATE=2022-08-30T20:33:22.904422+00:00
AIRFLOW_CTX_TRY_NUMBER=1
AIRFLOW_CTX_DAG_RUN_ID=manual__2022-08-30T20:33:22.904422+00:00
[2022-08-30 20:33:25,215] {subprocess.py:62} INFO - Tmp dir root location: 
 /tmp
[2022-08-30 20:33:25,217] {subprocess.py:74} INFO - Running command: ['bash', '-c', 'echo $(whoami)']
[2022-08-30 20:33:25,237] {subprocess.py:85} INFO - Output:
[2022-08-30 20:33:25,243] {subprocess.py:92} INFO - default
[2022-08-30 20:33:25,245] {subprocess.py:96} INFO - Command exited with return code 0
[2022-08-30 20:33:25,292] {taskinstance.py:1420} INFO - Marking task as SUCCESS. dag_id=dynamically_branching1, task_id=bash_task, execution_date=20220830T203322, start_date=20220830T203324, end_date=20220830T203325
[2022-08-30 20:33:25,363] {local_task_job.py:156} INFO - Task exited with return code 0
[2022-08-30 20:33:25,474] {local_task_job.py:273} INFO - 1 downstream tasks scheduled from follow-on schedule check
