[2022-08-24 19:09:22,881] {taskinstance.py:1179} INFO - Dependencies all met for <TaskInstance: dynamically_branching1.bash_task scheduled__2020-08-06T00:00:00+00:00 [queued]>
[2022-08-24 19:09:22,893] {taskinstance.py:1179} INFO - Dependencies all met for <TaskInstance: dynamically_branching1.bash_task scheduled__2020-08-06T00:00:00+00:00 [queued]>
[2022-08-24 19:09:22,894] {taskinstance.py:1376} INFO - 
--------------------------------------------------------------------------------
[2022-08-24 19:09:22,895] {taskinstance.py:1377} INFO - Starting attempt 1 of 1
[2022-08-24 19:09:22,895] {taskinstance.py:1378} INFO - 
--------------------------------------------------------------------------------
[2022-08-24 19:09:22,957] {taskinstance.py:1397} INFO - Executing <Task(BashOperator): bash_task> on 2020-08-06 00:00:00+00:00
[2022-08-24 19:09:22,980] {standard_task_runner.py:52} INFO - Started process 6955 to run task
[2022-08-24 19:09:22,992] {standard_task_runner.py:79} INFO - Running: ['***', 'tasks', 'run', 'dynamically_branching1', 'bash_task', 'scheduled__2020-08-06T00:00:00+00:00', '--job-id', '1761', '--raw', '--subdir', 'DAGS_FOLDER/jobs_dag.py', '--cfg-path', '/tmp/tmpaqrb8_jy', '--error-file', '/tmp/tmphv3zs7bt']
[2022-08-24 19:09:23,002] {standard_task_runner.py:80} INFO - Job 1761: Subtask bash_task
[2022-08-24 19:09:23,160] {task_command.py:371} INFO - Running <TaskInstance: dynamically_branching1.bash_task scheduled__2020-08-06T00:00:00+00:00 [running]> on host 9d5d2a77e6ba
[2022-08-24 19:09:23,555] {taskinstance.py:1591} INFO - Exporting the following env vars:
AIRFLOW_CTX_DAG_OWNER=***
AIRFLOW_CTX_DAG_ID=dynamically_branching1
AIRFLOW_CTX_TASK_ID=bash_task
AIRFLOW_CTX_EXECUTION_DATE=2020-08-06T00:00:00+00:00
AIRFLOW_CTX_TRY_NUMBER=1
AIRFLOW_CTX_DAG_RUN_ID=scheduled__2020-08-06T00:00:00+00:00
[2022-08-24 19:09:23,570] {subprocess.py:62} INFO - Tmp dir root location: 
 /tmp
[2022-08-24 19:09:23,579] {subprocess.py:74} INFO - Running command: ['bash', '-c', 'echo $(whoami)']
[2022-08-24 19:09:23,684] {subprocess.py:85} INFO - Output:
[2022-08-24 19:09:23,726] {subprocess.py:92} INFO - default
[2022-08-24 19:09:23,727] {subprocess.py:96} INFO - Command exited with return code 0
[2022-08-24 19:09:23,835] {taskinstance.py:1420} INFO - Marking task as SUCCESS. dag_id=dynamically_branching1, task_id=bash_task, execution_date=20200806T000000, start_date=20220824T190922, end_date=20220824T190923
[2022-08-24 19:09:23,899] {local_task_job.py:156} INFO - Task exited with return code 0
[2022-08-24 19:09:24,069] {local_task_job.py:273} INFO - 1 downstream tasks scheduled from follow-on schedule check
