[2022-08-14 00:08:45,881] {processor.py:153} INFO - Started process (PID=6364) to work on /home/airflow/.local/lib/python3.7/site-packages/airflow/example_dags/example_branch_operator_decorator.py
[2022-08-14 00:08:45,884] {processor.py:641} INFO - Processing file /home/airflow/.local/lib/python3.7/site-packages/airflow/example_dags/example_branch_operator_decorator.py for tasks to queue
[2022-08-14 00:08:45,887] {logging_mixin.py:115} INFO - [2022-08-14 00:08:45,887] {dagbag.py:508} INFO - Filling up the DagBag from /home/airflow/.local/lib/python3.7/site-packages/airflow/example_dags/example_branch_operator_decorator.py
[2022-08-14 00:08:45,960] {processor.py:651} INFO - DAG(s) dict_keys(['example_branch_python_operator_decorator']) retrieved from /home/airflow/.local/lib/python3.7/site-packages/airflow/example_dags/example_branch_operator_decorator.py
[2022-08-14 00:08:46,059] {logging_mixin.py:115} INFO - [2022-08-14 00:08:46,058] {dag.py:2420} INFO - Sync 1 DAGs
[2022-08-14 00:08:46,173] {logging_mixin.py:115} INFO - [2022-08-14 00:08:46,172] {dag.py:2972} INFO - Setting next_dagrun for example_branch_python_operator_decorator to 2022-08-13T00:00:00+00:00, run_after=2022-08-14T00:00:00+00:00
[2022-08-14 00:08:46,256] {processor.py:161} INFO - Processing /home/airflow/.local/lib/python3.7/site-packages/airflow/example_dags/example_branch_operator_decorator.py took 0.386 seconds
[2022-08-14 00:18:56,066] {processor.py:153} INFO - Started process (PID=6413) to work on /home/airflow/.local/lib/python3.7/site-packages/airflow/example_dags/example_branch_operator_decorator.py
[2022-08-14 00:18:56,082] {processor.py:641} INFO - Processing file /home/airflow/.local/lib/python3.7/site-packages/airflow/example_dags/example_branch_operator_decorator.py for tasks to queue
[2022-08-14 00:18:56,109] {logging_mixin.py:115} INFO - [2022-08-14 00:18:56,108] {dagbag.py:508} INFO - Filling up the DagBag from /home/airflow/.local/lib/python3.7/site-packages/airflow/example_dags/example_branch_operator_decorator.py
[2022-08-14 00:18:56,394] {processor.py:651} INFO - DAG(s) dict_keys(['example_branch_python_operator_decorator']) retrieved from /home/airflow/.local/lib/python3.7/site-packages/airflow/example_dags/example_branch_operator_decorator.py
[2022-08-14 00:18:56,610] {logging_mixin.py:115} INFO - [2022-08-14 00:18:56,610] {dag.py:2420} INFO - Sync 1 DAGs
[2022-08-14 00:18:56,901] {logging_mixin.py:115} INFO - [2022-08-14 00:18:56,901] {dag.py:2972} INFO - Setting next_dagrun for example_branch_python_operator_decorator to 2022-08-13T00:00:00+00:00, run_after=2022-08-14T00:00:00+00:00
[2022-08-14 00:18:57,007] {processor.py:161} INFO - Processing /home/airflow/.local/lib/python3.7/site-packages/airflow/example_dags/example_branch_operator_decorator.py took 0.994 seconds
[2022-08-14 00:29:09,845] {processor.py:153} INFO - Started process (PID=6459) to work on /home/airflow/.local/lib/python3.7/site-packages/airflow/example_dags/example_branch_operator_decorator.py
[2022-08-14 00:29:09,852] {processor.py:641} INFO - Processing file /home/airflow/.local/lib/python3.7/site-packages/airflow/example_dags/example_branch_operator_decorator.py for tasks to queue
[2022-08-14 00:29:09,861] {logging_mixin.py:115} INFO - [2022-08-14 00:29:09,860] {dagbag.py:508} INFO - Filling up the DagBag from /home/airflow/.local/lib/python3.7/site-packages/airflow/example_dags/example_branch_operator_decorator.py
[2022-08-14 00:29:10,083] {processor.py:651} INFO - DAG(s) dict_keys(['example_branch_python_operator_decorator']) retrieved from /home/airflow/.local/lib/python3.7/site-packages/airflow/example_dags/example_branch_operator_decorator.py
[2022-08-14 00:29:10,352] {logging_mixin.py:115} INFO - [2022-08-14 00:29:10,352] {dag.py:2420} INFO - Sync 1 DAGs
[2022-08-14 00:29:10,577] {logging_mixin.py:115} INFO - [2022-08-14 00:29:10,576] {dag.py:2972} INFO - Setting next_dagrun for example_branch_python_operator_decorator to 2022-08-13T00:00:00+00:00, run_after=2022-08-14T00:00:00+00:00
[2022-08-14 00:29:10,698] {processor.py:161} INFO - Processing /home/airflow/.local/lib/python3.7/site-packages/airflow/example_dags/example_branch_operator_decorator.py took 0.908 seconds
[2022-08-14 08:27:04,350] {processor.py:153} INFO - Started process (PID=6514) to work on /home/airflow/.local/lib/python3.7/site-packages/airflow/example_dags/example_branch_operator_decorator.py
[2022-08-14 08:27:04,352] {processor.py:641} INFO - Processing file /home/airflow/.local/lib/python3.7/site-packages/airflow/example_dags/example_branch_operator_decorator.py for tasks to queue
[2022-08-14 08:27:04,353] {logging_mixin.py:115} INFO - [2022-08-14 08:27:04,353] {dagbag.py:508} INFO - Filling up the DagBag from /home/airflow/.local/lib/python3.7/site-packages/airflow/example_dags/example_branch_operator_decorator.py
[2022-08-14 08:27:04,457] {processor.py:651} INFO - DAG(s) dict_keys(['example_branch_python_operator_decorator']) retrieved from /home/airflow/.local/lib/python3.7/site-packages/airflow/example_dags/example_branch_operator_decorator.py
[2022-08-14 08:27:04,618] {logging_mixin.py:115} INFO - [2022-08-14 08:27:04,618] {dag.py:2420} INFO - Sync 1 DAGs
[2022-08-14 08:27:04,766] {logging_mixin.py:115} INFO - [2022-08-14 08:27:04,766] {dag.py:2972} INFO - Setting next_dagrun for example_branch_python_operator_decorator to 2022-08-13T00:00:00+00:00, run_after=2022-08-14T00:00:00+00:00
[2022-08-14 08:27:05,024] {processor.py:161} INFO - Processing /home/airflow/.local/lib/python3.7/site-packages/airflow/example_dags/example_branch_operator_decorator.py took 0.695 seconds
[2022-08-14 11:33:22,447] {processor.py:153} INFO - Started process (PID=6587) to work on /home/airflow/.local/lib/python3.7/site-packages/airflow/example_dags/example_branch_operator_decorator.py
[2022-08-14 11:33:22,458] {processor.py:641} INFO - Processing file /home/airflow/.local/lib/python3.7/site-packages/airflow/example_dags/example_branch_operator_decorator.py for tasks to queue
[2022-08-14 11:33:22,470] {logging_mixin.py:115} INFO - [2022-08-14 11:33:22,469] {dagbag.py:508} INFO - Filling up the DagBag from /home/airflow/.local/lib/python3.7/site-packages/airflow/example_dags/example_branch_operator_decorator.py
[2022-08-14 11:33:34,563] {processor.py:651} INFO - DAG(s) dict_keys(['example_branch_python_operator_decorator']) retrieved from /home/airflow/.local/lib/python3.7/site-packages/airflow/example_dags/example_branch_operator_decorator.py
[2022-08-14 11:33:38,265] {logging_mixin.py:115} INFO - [2022-08-14 11:33:38,264] {dag.py:2420} INFO - Sync 1 DAGs
[2022-08-14 11:33:42,491] {logging_mixin.py:115} INFO - [2022-08-14 11:33:42,490] {dag.py:2972} INFO - Setting next_dagrun for example_branch_python_operator_decorator to 2022-08-13T00:00:00+00:00, run_after=2022-08-14T00:00:00+00:00
[2022-08-14 11:33:43,554] {processor.py:161} INFO - Processing /home/airflow/.local/lib/python3.7/site-packages/airflow/example_dags/example_branch_operator_decorator.py took 21.221 seconds
