[2022-08-14 00:08:31,678] {processor.py:153} INFO - Started process (PID=6339) to work on /home/airflow/.local/lib/python3.7/site-packages/airflow/example_dags/example_branch_datetime_operator.py
[2022-08-14 00:08:31,704] {processor.py:641} INFO - Processing file /home/airflow/.local/lib/python3.7/site-packages/airflow/example_dags/example_branch_datetime_operator.py for tasks to queue
[2022-08-14 00:08:31,752] {logging_mixin.py:115} INFO - [2022-08-14 00:08:31,751] {dagbag.py:508} INFO - Filling up the DagBag from /home/airflow/.local/lib/python3.7/site-packages/airflow/example_dags/example_branch_datetime_operator.py
[2022-08-14 00:08:32,451] {processor.py:651} INFO - DAG(s) dict_keys(['example_branch_datetime_operator', 'example_branch_datetime_operator_2']) retrieved from /home/airflow/.local/lib/python3.7/site-packages/airflow/example_dags/example_branch_datetime_operator.py
[2022-08-14 00:08:34,008] {logging_mixin.py:115} INFO - [2022-08-14 00:08:34,007] {dag.py:2420} INFO - Sync 2 DAGs
[2022-08-14 00:08:35,050] {logging_mixin.py:115} INFO - [2022-08-14 00:08:35,049] {dag.py:2972} INFO - Setting next_dagrun for example_branch_datetime_operator to 2022-08-13T00:00:00+00:00, run_after=2022-08-14T00:00:00+00:00
[2022-08-14 00:08:35,112] {logging_mixin.py:115} INFO - [2022-08-14 00:08:35,112] {dag.py:2972} INFO - Setting next_dagrun for example_branch_datetime_operator_2 to 2022-08-13T00:00:00+00:00, run_after=2022-08-14T00:00:00+00:00
[2022-08-14 00:08:35,361] {processor.py:161} INFO - Processing /home/airflow/.local/lib/python3.7/site-packages/airflow/example_dags/example_branch_datetime_operator.py took 3.867 seconds
[2022-08-14 00:18:59,633] {processor.py:153} INFO - Started process (PID=6417) to work on /home/airflow/.local/lib/python3.7/site-packages/airflow/example_dags/example_branch_datetime_operator.py
[2022-08-14 00:18:59,645] {processor.py:641} INFO - Processing file /home/airflow/.local/lib/python3.7/site-packages/airflow/example_dags/example_branch_datetime_operator.py for tasks to queue
[2022-08-14 00:18:59,655] {logging_mixin.py:115} INFO - [2022-08-14 00:18:59,654] {dagbag.py:508} INFO - Filling up the DagBag from /home/airflow/.local/lib/python3.7/site-packages/airflow/example_dags/example_branch_datetime_operator.py
[2022-08-14 00:18:59,749] {processor.py:651} INFO - DAG(s) dict_keys(['example_branch_datetime_operator', 'example_branch_datetime_operator_2']) retrieved from /home/airflow/.local/lib/python3.7/site-packages/airflow/example_dags/example_branch_datetime_operator.py
[2022-08-14 00:18:59,989] {logging_mixin.py:115} INFO - [2022-08-14 00:18:59,989] {dag.py:2420} INFO - Sync 2 DAGs
[2022-08-14 00:19:00,373] {logging_mixin.py:115} INFO - [2022-08-14 00:19:00,373] {dag.py:2972} INFO - Setting next_dagrun for example_branch_datetime_operator to 2022-08-13T00:00:00+00:00, run_after=2022-08-14T00:00:00+00:00
[2022-08-14 00:19:00,412] {logging_mixin.py:115} INFO - [2022-08-14 00:19:00,412] {dag.py:2972} INFO - Setting next_dagrun for example_branch_datetime_operator_2 to 2022-08-13T00:00:00+00:00, run_after=2022-08-14T00:00:00+00:00
[2022-08-14 00:19:00,623] {processor.py:161} INFO - Processing /home/airflow/.local/lib/python3.7/site-packages/airflow/example_dags/example_branch_datetime_operator.py took 1.022 seconds
[2022-08-14 00:29:12,421] {processor.py:153} INFO - Started process (PID=6463) to work on /home/airflow/.local/lib/python3.7/site-packages/airflow/example_dags/example_branch_datetime_operator.py
[2022-08-14 00:29:12,437] {processor.py:641} INFO - Processing file /home/airflow/.local/lib/python3.7/site-packages/airflow/example_dags/example_branch_datetime_operator.py for tasks to queue
[2022-08-14 00:29:12,443] {logging_mixin.py:115} INFO - [2022-08-14 00:29:12,443] {dagbag.py:508} INFO - Filling up the DagBag from /home/airflow/.local/lib/python3.7/site-packages/airflow/example_dags/example_branch_datetime_operator.py
[2022-08-14 00:29:12,762] {processor.py:651} INFO - DAG(s) dict_keys(['example_branch_datetime_operator', 'example_branch_datetime_operator_2']) retrieved from /home/airflow/.local/lib/python3.7/site-packages/airflow/example_dags/example_branch_datetime_operator.py
[2022-08-14 00:29:13,349] {logging_mixin.py:115} INFO - [2022-08-14 00:29:13,349] {dag.py:2420} INFO - Sync 2 DAGs
[2022-08-14 00:29:13,777] {logging_mixin.py:115} INFO - [2022-08-14 00:29:13,777] {dag.py:2972} INFO - Setting next_dagrun for example_branch_datetime_operator to 2022-08-13T00:00:00+00:00, run_after=2022-08-14T00:00:00+00:00
[2022-08-14 00:29:13,796] {logging_mixin.py:115} INFO - [2022-08-14 00:29:13,796] {dag.py:2972} INFO - Setting next_dagrun for example_branch_datetime_operator_2 to 2022-08-13T00:00:00+00:00, run_after=2022-08-14T00:00:00+00:00
[2022-08-14 00:29:13,941] {processor.py:161} INFO - Processing /home/airflow/.local/lib/python3.7/site-packages/airflow/example_dags/example_branch_datetime_operator.py took 1.557 seconds
[2022-08-14 08:27:05,914] {processor.py:153} INFO - Started process (PID=6518) to work on /home/airflow/.local/lib/python3.7/site-packages/airflow/example_dags/example_branch_datetime_operator.py
[2022-08-14 08:27:05,918] {processor.py:641} INFO - Processing file /home/airflow/.local/lib/python3.7/site-packages/airflow/example_dags/example_branch_datetime_operator.py for tasks to queue
[2022-08-14 08:27:05,923] {logging_mixin.py:115} INFO - [2022-08-14 08:27:05,923] {dagbag.py:508} INFO - Filling up the DagBag from /home/airflow/.local/lib/python3.7/site-packages/airflow/example_dags/example_branch_datetime_operator.py
[2022-08-14 08:27:05,966] {processor.py:651} INFO - DAG(s) dict_keys(['example_branch_datetime_operator', 'example_branch_datetime_operator_2']) retrieved from /home/airflow/.local/lib/python3.7/site-packages/airflow/example_dags/example_branch_datetime_operator.py
[2022-08-14 08:27:06,077] {logging_mixin.py:115} INFO - [2022-08-14 08:27:06,077] {dag.py:2420} INFO - Sync 2 DAGs
[2022-08-14 08:27:06,153] {logging_mixin.py:115} INFO - [2022-08-14 08:27:06,152] {dag.py:2972} INFO - Setting next_dagrun for example_branch_datetime_operator to 2022-08-13T00:00:00+00:00, run_after=2022-08-14T00:00:00+00:00
[2022-08-14 08:27:06,160] {logging_mixin.py:115} INFO - [2022-08-14 08:27:06,160] {dag.py:2972} INFO - Setting next_dagrun for example_branch_datetime_operator_2 to 2022-08-13T00:00:00+00:00, run_after=2022-08-14T00:00:00+00:00
[2022-08-14 08:27:06,216] {processor.py:161} INFO - Processing /home/airflow/.local/lib/python3.7/site-packages/airflow/example_dags/example_branch_datetime_operator.py took 0.338 seconds
