[2022-08-14 00:08:42,137] {processor.py:153} INFO - Started process (PID=6349) to work on /home/airflow/.local/lib/python3.7/site-packages/airflow/example_dags/example_kubernetes_executor.py
[2022-08-14 00:08:42,155] {processor.py:641} INFO - Processing file /home/airflow/.local/lib/python3.7/site-packages/airflow/example_dags/example_kubernetes_executor.py for tasks to queue
[2022-08-14 00:08:42,157] {logging_mixin.py:115} INFO - [2022-08-14 00:08:42,156] {dagbag.py:508} INFO - Filling up the DagBag from /home/airflow/.local/lib/python3.7/site-packages/airflow/example_dags/example_kubernetes_executor.py
[2022-08-14 00:08:42,285] {processor.py:651} INFO - DAG(s) dict_keys(['example_kubernetes_executor']) retrieved from /home/airflow/.local/lib/python3.7/site-packages/airflow/example_dags/example_kubernetes_executor.py
[2022-08-14 00:08:42,322] {logging_mixin.py:115} INFO - [2022-08-14 00:08:42,322] {dag.py:2420} INFO - Sync 1 DAGs
[2022-08-14 00:08:42,386] {logging_mixin.py:115} INFO - [2022-08-14 00:08:42,386] {dag.py:2972} INFO - Setting next_dagrun for example_kubernetes_executor to None, run_after=None
[2022-08-14 00:08:42,421] {processor.py:161} INFO - Processing /home/airflow/.local/lib/python3.7/site-packages/airflow/example_dags/example_kubernetes_executor.py took 0.289 seconds
[2022-08-14 00:18:40,472] {processor.py:153} INFO - Started process (PID=6386) to work on /home/airflow/.local/lib/python3.7/site-packages/airflow/example_dags/example_kubernetes_executor.py
[2022-08-14 00:18:40,498] {processor.py:641} INFO - Processing file /home/airflow/.local/lib/python3.7/site-packages/airflow/example_dags/example_kubernetes_executor.py for tasks to queue
[2022-08-14 00:18:40,514] {logging_mixin.py:115} INFO - [2022-08-14 00:18:40,513] {dagbag.py:508} INFO - Filling up the DagBag from /home/airflow/.local/lib/python3.7/site-packages/airflow/example_dags/example_kubernetes_executor.py
[2022-08-14 00:18:40,984] {processor.py:651} INFO - DAG(s) dict_keys(['example_kubernetes_executor']) retrieved from /home/airflow/.local/lib/python3.7/site-packages/airflow/example_dags/example_kubernetes_executor.py
[2022-08-14 00:18:41,226] {logging_mixin.py:115} INFO - [2022-08-14 00:18:41,226] {dag.py:2420} INFO - Sync 1 DAGs
[2022-08-14 00:18:41,439] {logging_mixin.py:115} INFO - [2022-08-14 00:18:41,438] {dag.py:2972} INFO - Setting next_dagrun for example_kubernetes_executor to None, run_after=None
[2022-08-14 00:18:41,559] {processor.py:161} INFO - Processing /home/airflow/.local/lib/python3.7/site-packages/airflow/example_dags/example_kubernetes_executor.py took 1.144 seconds
[2022-08-14 00:29:01,122] {processor.py:153} INFO - Started process (PID=6441) to work on /home/airflow/.local/lib/python3.7/site-packages/airflow/example_dags/example_kubernetes_executor.py
[2022-08-14 00:29:01,126] {processor.py:641} INFO - Processing file /home/airflow/.local/lib/python3.7/site-packages/airflow/example_dags/example_kubernetes_executor.py for tasks to queue
[2022-08-14 00:29:01,133] {logging_mixin.py:115} INFO - [2022-08-14 00:29:01,132] {dagbag.py:508} INFO - Filling up the DagBag from /home/airflow/.local/lib/python3.7/site-packages/airflow/example_dags/example_kubernetes_executor.py
[2022-08-14 00:29:01,545] {processor.py:651} INFO - DAG(s) dict_keys(['example_kubernetes_executor']) retrieved from /home/airflow/.local/lib/python3.7/site-packages/airflow/example_dags/example_kubernetes_executor.py
[2022-08-14 00:29:01,850] {logging_mixin.py:115} INFO - [2022-08-14 00:29:01,850] {dag.py:2420} INFO - Sync 1 DAGs
[2022-08-14 00:29:02,047] {logging_mixin.py:115} INFO - [2022-08-14 00:29:02,047] {dag.py:2972} INFO - Setting next_dagrun for example_kubernetes_executor to None, run_after=None
[2022-08-14 00:29:02,136] {processor.py:161} INFO - Processing /home/airflow/.local/lib/python3.7/site-packages/airflow/example_dags/example_kubernetes_executor.py took 1.040 seconds
[2022-08-14 00:29:32,604] {processor.py:153} INFO - Started process (PID=6487) to work on /home/airflow/.local/lib/python3.7/site-packages/airflow/example_dags/example_kubernetes_executor.py
[2022-08-14 00:29:32,615] {processor.py:641} INFO - Processing file /home/airflow/.local/lib/python3.7/site-packages/airflow/example_dags/example_kubernetes_executor.py for tasks to queue
[2022-08-14 00:29:32,616] {logging_mixin.py:115} INFO - [2022-08-14 00:29:32,616] {dagbag.py:508} INFO - Filling up the DagBag from /home/airflow/.local/lib/python3.7/site-packages/airflow/example_dags/example_kubernetes_executor.py
[2022-08-14 00:29:32,720] {processor.py:651} INFO - DAG(s) dict_keys(['example_kubernetes_executor']) retrieved from /home/airflow/.local/lib/python3.7/site-packages/airflow/example_dags/example_kubernetes_executor.py
[2022-08-14 00:29:32,771] {logging_mixin.py:115} INFO - [2022-08-14 00:29:32,771] {dag.py:2420} INFO - Sync 1 DAGs
[2022-08-14 00:29:32,817] {logging_mixin.py:115} INFO - [2022-08-14 00:29:32,817] {dag.py:2972} INFO - Setting next_dagrun for example_kubernetes_executor to None, run_after=None
[2022-08-14 00:29:32,843] {processor.py:161} INFO - Processing /home/airflow/.local/lib/python3.7/site-packages/airflow/example_dags/example_kubernetes_executor.py took 0.269 seconds
[2022-08-14 09:38:32,747] {processor.py:153} INFO - Started process (PID=6543) to work on /home/airflow/.local/lib/python3.7/site-packages/airflow/example_dags/example_kubernetes_executor.py
[2022-08-14 09:38:32,760] {processor.py:641} INFO - Processing file /home/airflow/.local/lib/python3.7/site-packages/airflow/example_dags/example_kubernetes_executor.py for tasks to queue
[2022-08-14 09:38:32,776] {logging_mixin.py:115} INFO - [2022-08-14 09:38:32,774] {dagbag.py:508} INFO - Filling up the DagBag from /home/airflow/.local/lib/python3.7/site-packages/airflow/example_dags/example_kubernetes_executor.py
[2022-08-14 09:38:37,964] {processor.py:651} INFO - DAG(s) dict_keys(['example_kubernetes_executor']) retrieved from /home/airflow/.local/lib/python3.7/site-packages/airflow/example_dags/example_kubernetes_executor.py
[2022-08-14 09:38:39,829] {logging_mixin.py:115} INFO - [2022-08-14 09:38:39,828] {dag.py:2420} INFO - Sync 1 DAGs
[2022-08-14 09:38:42,064] {logging_mixin.py:115} INFO - [2022-08-14 09:38:42,062] {dag.py:2972} INFO - Setting next_dagrun for example_kubernetes_executor to None, run_after=None
[2022-08-14 09:38:42,663] {processor.py:161} INFO - Processing /home/airflow/.local/lib/python3.7/site-packages/airflow/example_dags/example_kubernetes_executor.py took 9.954 seconds
