[2022-08-14 00:08:46,445] {processor.py:153} INFO - Started process (PID=6374) to work on /home/airflow/.local/lib/python3.7/site-packages/airflow/example_dags/tutorial_taskflow_api_etl.py
[2022-08-14 00:08:46,460] {processor.py:641} INFO - Processing file /home/airflow/.local/lib/python3.7/site-packages/airflow/example_dags/tutorial_taskflow_api_etl.py for tasks to queue
[2022-08-14 00:08:46,470] {logging_mixin.py:115} INFO - [2022-08-14 00:08:46,470] {dagbag.py:508} INFO - Filling up the DagBag from /home/airflow/.local/lib/python3.7/site-packages/airflow/example_dags/tutorial_taskflow_api_etl.py
[2022-08-14 00:08:46,585] {processor.py:651} INFO - DAG(s) dict_keys(['tutorial_taskflow_api_etl']) retrieved from /home/airflow/.local/lib/python3.7/site-packages/airflow/example_dags/tutorial_taskflow_api_etl.py
[2022-08-14 00:08:46,869] {logging_mixin.py:115} INFO - [2022-08-14 00:08:46,869] {dag.py:2420} INFO - Sync 1 DAGs
[2022-08-14 00:08:46,928] {logging_mixin.py:115} INFO - [2022-08-14 00:08:46,928] {dag.py:2972} INFO - Setting next_dagrun for tutorial_taskflow_api_etl to None, run_after=None
[2022-08-14 00:08:46,969] {processor.py:161} INFO - Processing /home/airflow/.local/lib/python3.7/site-packages/airflow/example_dags/tutorial_taskflow_api_etl.py took 0.536 seconds
[2022-08-14 00:19:03,018] {processor.py:153} INFO - Started process (PID=6422) to work on /home/airflow/.local/lib/python3.7/site-packages/airflow/example_dags/tutorial_taskflow_api_etl.py
[2022-08-14 00:19:03,054] {processor.py:641} INFO - Processing file /home/airflow/.local/lib/python3.7/site-packages/airflow/example_dags/tutorial_taskflow_api_etl.py for tasks to queue
[2022-08-14 00:19:03,075] {logging_mixin.py:115} INFO - [2022-08-14 00:19:03,074] {dagbag.py:508} INFO - Filling up the DagBag from /home/airflow/.local/lib/python3.7/site-packages/airflow/example_dags/tutorial_taskflow_api_etl.py
[2022-08-14 00:19:03,358] {processor.py:651} INFO - DAG(s) dict_keys(['tutorial_taskflow_api_etl']) retrieved from /home/airflow/.local/lib/python3.7/site-packages/airflow/example_dags/tutorial_taskflow_api_etl.py
[2022-08-14 00:19:06,963] {logging_mixin.py:115} INFO - [2022-08-14 00:19:06,963] {dag.py:2420} INFO - Sync 1 DAGs
[2022-08-14 00:19:07,074] {logging_mixin.py:115} INFO - [2022-08-14 00:19:07,074] {dag.py:2972} INFO - Setting next_dagrun for tutorial_taskflow_api_etl to None, run_after=None
[2022-08-14 00:19:07,118] {processor.py:161} INFO - Processing /home/airflow/.local/lib/python3.7/site-packages/airflow/example_dags/tutorial_taskflow_api_etl.py took 4.165 seconds
[2022-08-14 00:29:16,766] {processor.py:153} INFO - Started process (PID=6468) to work on /home/airflow/.local/lib/python3.7/site-packages/airflow/example_dags/tutorial_taskflow_api_etl.py
[2022-08-14 00:29:16,773] {processor.py:641} INFO - Processing file /home/airflow/.local/lib/python3.7/site-packages/airflow/example_dags/tutorial_taskflow_api_etl.py for tasks to queue
[2022-08-14 00:29:16,779] {logging_mixin.py:115} INFO - [2022-08-14 00:29:16,778] {dagbag.py:508} INFO - Filling up the DagBag from /home/airflow/.local/lib/python3.7/site-packages/airflow/example_dags/tutorial_taskflow_api_etl.py
[2022-08-14 00:29:17,018] {processor.py:651} INFO - DAG(s) dict_keys(['tutorial_taskflow_api_etl']) retrieved from /home/airflow/.local/lib/python3.7/site-packages/airflow/example_dags/tutorial_taskflow_api_etl.py
[2022-08-14 00:29:17,925] {logging_mixin.py:115} INFO - [2022-08-14 00:29:17,925] {dag.py:2420} INFO - Sync 1 DAGs
[2022-08-14 00:29:18,262] {logging_mixin.py:115} INFO - [2022-08-14 00:29:18,261] {dag.py:2972} INFO - Setting next_dagrun for tutorial_taskflow_api_etl to None, run_after=None
[2022-08-14 00:29:18,516] {processor.py:161} INFO - Processing /home/airflow/.local/lib/python3.7/site-packages/airflow/example_dags/tutorial_taskflow_api_etl.py took 1.787 seconds
[2022-08-14 08:27:16,952] {processor.py:153} INFO - Started process (PID=6523) to work on /home/airflow/.local/lib/python3.7/site-packages/airflow/example_dags/tutorial_taskflow_api_etl.py
[2022-08-14 08:27:17,120] {processor.py:641} INFO - Processing file /home/airflow/.local/lib/python3.7/site-packages/airflow/example_dags/tutorial_taskflow_api_etl.py for tasks to queue
[2022-08-14 08:27:17,225] {logging_mixin.py:115} INFO - [2022-08-14 08:27:17,217] {dagbag.py:508} INFO - Filling up the DagBag from /home/airflow/.local/lib/python3.7/site-packages/airflow/example_dags/tutorial_taskflow_api_etl.py
[2022-08-14 08:27:21,492] {processor.py:651} INFO - DAG(s) dict_keys(['tutorial_taskflow_api_etl']) retrieved from /home/airflow/.local/lib/python3.7/site-packages/airflow/example_dags/tutorial_taskflow_api_etl.py
[2022-08-14 08:27:25,030] {logging_mixin.py:115} INFO - [2022-08-14 08:27:25,029] {dag.py:2420} INFO - Sync 1 DAGs
[2022-08-14 08:27:27,038] {logging_mixin.py:115} INFO - [2022-08-14 08:27:27,037] {dag.py:2972} INFO - Setting next_dagrun for tutorial_taskflow_api_etl to None, run_after=None
[2022-08-14 08:27:27,964] {processor.py:161} INFO - Processing /home/airflow/.local/lib/python3.7/site-packages/airflow/example_dags/tutorial_taskflow_api_etl.py took 11.772 seconds
