[2022-08-14 00:08:33,001] {processor.py:153} INFO - Started process (PID=6340) to work on /home/airflow/.local/lib/python3.7/site-packages/airflow/example_dags/tutorial.py
[2022-08-14 00:08:33,043] {processor.py:641} INFO - Processing file /home/airflow/.local/lib/python3.7/site-packages/airflow/example_dags/tutorial.py for tasks to queue
[2022-08-14 00:08:33,080] {logging_mixin.py:115} INFO - [2022-08-14 00:08:33,062] {dagbag.py:508} INFO - Filling up the DagBag from /home/airflow/.local/lib/python3.7/site-packages/airflow/example_dags/tutorial.py
[2022-08-14 00:08:33,317] {processor.py:651} INFO - DAG(s) dict_keys(['tutorial']) retrieved from /home/airflow/.local/lib/python3.7/site-packages/airflow/example_dags/tutorial.py
[2022-08-14 00:08:35,582] {logging_mixin.py:115} INFO - [2022-08-14 00:08:35,581] {dag.py:2420} INFO - Sync 1 DAGs
[2022-08-14 00:08:36,049] {logging_mixin.py:115} INFO - [2022-08-14 00:08:36,048] {dag.py:2972} INFO - Setting next_dagrun for tutorial to 2022-08-13T00:08:36.043911+00:00, run_after=2022-08-14T00:08:36.043911+00:00
[2022-08-14 00:08:36,201] {processor.py:161} INFO - Processing /home/airflow/.local/lib/python3.7/site-packages/airflow/example_dags/tutorial.py took 3.424 seconds
[2022-08-14 00:19:00,491] {processor.py:153} INFO - Started process (PID=6418) to work on /home/airflow/.local/lib/python3.7/site-packages/airflow/example_dags/tutorial.py
[2022-08-14 00:19:00,499] {processor.py:641} INFO - Processing file /home/airflow/.local/lib/python3.7/site-packages/airflow/example_dags/tutorial.py for tasks to queue
[2022-08-14 00:19:00,505] {logging_mixin.py:115} INFO - [2022-08-14 00:19:00,505] {dagbag.py:508} INFO - Filling up the DagBag from /home/airflow/.local/lib/python3.7/site-packages/airflow/example_dags/tutorial.py
[2022-08-14 00:19:00,643] {processor.py:651} INFO - DAG(s) dict_keys(['tutorial']) retrieved from /home/airflow/.local/lib/python3.7/site-packages/airflow/example_dags/tutorial.py
[2022-08-14 00:19:00,903] {logging_mixin.py:115} INFO - [2022-08-14 00:19:00,902] {dag.py:2420} INFO - Sync 1 DAGs
[2022-08-14 00:19:01,105] {logging_mixin.py:115} INFO - [2022-08-14 00:19:01,104] {dag.py:2972} INFO - Setting next_dagrun for tutorial to 2022-08-13T00:19:01.103384+00:00, run_after=2022-08-14T00:19:01.103384+00:00
[2022-08-14 00:19:01,206] {processor.py:161} INFO - Processing /home/airflow/.local/lib/python3.7/site-packages/airflow/example_dags/tutorial.py took 0.762 seconds
[2022-08-14 00:29:13,513] {processor.py:153} INFO - Started process (PID=6464) to work on /home/airflow/.local/lib/python3.7/site-packages/airflow/example_dags/tutorial.py
[2022-08-14 00:29:13,526] {processor.py:641} INFO - Processing file /home/airflow/.local/lib/python3.7/site-packages/airflow/example_dags/tutorial.py for tasks to queue
[2022-08-14 00:29:13,591] {logging_mixin.py:115} INFO - [2022-08-14 00:29:13,583] {dagbag.py:508} INFO - Filling up the DagBag from /home/airflow/.local/lib/python3.7/site-packages/airflow/example_dags/tutorial.py
[2022-08-14 00:29:13,761] {processor.py:651} INFO - DAG(s) dict_keys(['tutorial']) retrieved from /home/airflow/.local/lib/python3.7/site-packages/airflow/example_dags/tutorial.py
[2022-08-14 00:29:14,945] {logging_mixin.py:115} INFO - [2022-08-14 00:29:14,944] {dag.py:2420} INFO - Sync 1 DAGs
[2022-08-14 00:29:15,177] {logging_mixin.py:115} INFO - [2022-08-14 00:29:15,176] {dag.py:2972} INFO - Setting next_dagrun for tutorial to 2022-08-13T00:29:15.175655+00:00, run_after=2022-08-14T00:29:15.175655+00:00
[2022-08-14 00:29:15,308] {processor.py:161} INFO - Processing /home/airflow/.local/lib/python3.7/site-packages/airflow/example_dags/tutorial.py took 1.856 seconds
[2022-08-14 08:27:06,120] {processor.py:153} INFO - Started process (PID=6519) to work on /home/airflow/.local/lib/python3.7/site-packages/airflow/example_dags/tutorial.py
[2022-08-14 08:27:06,122] {processor.py:641} INFO - Processing file /home/airflow/.local/lib/python3.7/site-packages/airflow/example_dags/tutorial.py for tasks to queue
[2022-08-14 08:27:06,124] {logging_mixin.py:115} INFO - [2022-08-14 08:27:06,124] {dagbag.py:508} INFO - Filling up the DagBag from /home/airflow/.local/lib/python3.7/site-packages/airflow/example_dags/tutorial.py
[2022-08-14 08:27:06,141] {processor.py:651} INFO - DAG(s) dict_keys(['tutorial']) retrieved from /home/airflow/.local/lib/python3.7/site-packages/airflow/example_dags/tutorial.py
[2022-08-14 08:27:06,305] {logging_mixin.py:115} INFO - [2022-08-14 08:27:06,305] {dag.py:2420} INFO - Sync 1 DAGs
[2022-08-14 08:27:06,398] {logging_mixin.py:115} INFO - [2022-08-14 08:27:06,398] {dag.py:2972} INFO - Setting next_dagrun for tutorial to 2022-08-13T08:27:06.398185+00:00, run_after=2022-08-14T08:27:06.398185+00:00
[2022-08-14 08:27:06,449] {processor.py:161} INFO - Processing /home/airflow/.local/lib/python3.7/site-packages/airflow/example_dags/tutorial.py took 0.340 seconds
