[2022-08-24 19:15:27,915] {taskinstance.py:1179} INFO - Dependencies all met for <TaskInstance: dynamically_branching1.check_table_exist scheduled__2021-05-26T00:00:00+00:00 [queued]>
[2022-08-24 19:15:28,077] {taskinstance.py:1179} INFO - Dependencies all met for <TaskInstance: dynamically_branching1.check_table_exist scheduled__2021-05-26T00:00:00+00:00 [queued]>
[2022-08-24 19:15:28,080] {taskinstance.py:1376} INFO - 
--------------------------------------------------------------------------------
[2022-08-24 19:15:28,081] {taskinstance.py:1377} INFO - Starting attempt 1 of 1
[2022-08-24 19:15:28,082] {taskinstance.py:1378} INFO - 
--------------------------------------------------------------------------------
[2022-08-24 19:15:28,221] {taskinstance.py:1397} INFO - Executing <Task(BranchPythonOperator): check_table_exist> on 2021-05-26 00:00:00+00:00
[2022-08-24 19:15:28,265] {standard_task_runner.py:52} INFO - Started process 8922 to run task
[2022-08-24 19:15:28,312] {standard_task_runner.py:79} INFO - Running: ['***', 'tasks', 'run', 'dynamically_branching1', 'check_table_exist', 'scheduled__2021-05-26T00:00:00+00:00', '--job-id', '2352', '--raw', '--subdir', 'DAGS_FOLDER/jobs_dag.py', '--cfg-path', '/tmp/tmpzpxbb30n', '--error-file', '/tmp/tmpswjaefu3']
[2022-08-24 19:15:28,319] {standard_task_runner.py:80} INFO - Job 2352: Subtask check_table_exist
[2022-08-24 19:15:28,622] {task_command.py:371} INFO - Running <TaskInstance: dynamically_branching1.check_table_exist scheduled__2021-05-26T00:00:00+00:00 [running]> on host 9d5d2a77e6ba
[2022-08-24 19:15:28,944] {taskinstance.py:1591} INFO - Exporting the following env vars:
AIRFLOW_CTX_DAG_OWNER=***
AIRFLOW_CTX_DAG_ID=dynamically_branching1
AIRFLOW_CTX_TASK_ID=check_table_exist
AIRFLOW_CTX_EXECUTION_DATE=2021-05-26T00:00:00+00:00
AIRFLOW_CTX_TRY_NUMBER=1
AIRFLOW_CTX_DAG_RUN_ID=scheduled__2021-05-26T00:00:00+00:00
[2022-08-24 19:15:28,949] {python.py:173} INFO - Done. Returned value was: insert_row
[2022-08-24 19:15:28,951] {skipmixin.py:140} INFO - Following branch insert_row
[2022-08-24 19:15:28,955] {skipmixin.py:175} INFO - Skipping tasks ['create_table']
[2022-08-24 19:15:29,227] {taskinstance.py:1420} INFO - Marking task as SUCCESS. dag_id=dynamically_branching1, task_id=check_table_exist, execution_date=20210526T000000, start_date=20220824T191527, end_date=20220824T191529
[2022-08-24 19:15:29,329] {local_task_job.py:156} INFO - Task exited with return code 0
[2022-08-24 19:15:29,731] {local_task_job.py:273} INFO - 1 downstream tasks scheduled from follow-on schedule check
