[2022-08-21 01:19:42,398] {processor.py:153} INFO - Started process (PID=69924) to work on /home/airflow/.local/lib/python3.7/site-packages/airflow/example_dags/example_complex.py
[2022-08-21 01:19:42,475] {processor.py:641} INFO - Processing file /home/airflow/.local/lib/python3.7/site-packages/airflow/example_dags/example_complex.py for tasks to queue
[2022-08-21 01:19:42,499] {logging_mixin.py:115} INFO - [2022-08-21 01:19:42,499] {dagbag.py:508} INFO - Filling up the DagBag from /home/airflow/.local/lib/python3.7/site-packages/airflow/example_dags/example_complex.py
[2022-08-21 01:19:43,698] {processor.py:651} INFO - DAG(s) dict_keys(['example_complex']) retrieved from /home/airflow/.local/lib/python3.7/site-packages/airflow/example_dags/example_complex.py
[2022-08-21 01:19:45,431] {logging_mixin.py:115} INFO - [2022-08-21 01:19:45,422] {dag.py:2420} INFO - Sync 1 DAGs
[2022-08-21 01:19:46,723] {logging_mixin.py:115} INFO - [2022-08-21 01:19:46,722] {dag.py:2972} INFO - Setting next_dagrun for example_complex to None, run_after=None
[2022-08-21 01:19:47,298] {processor.py:161} INFO - Processing /home/airflow/.local/lib/python3.7/site-packages/airflow/example_dags/example_complex.py took 5.326 seconds
[2022-08-21 01:20:14,908] {processor.py:153} INFO - Started process (PID=73146) to work on /home/airflow/.local/lib/python3.7/site-packages/airflow/example_dags/example_complex.py
[2022-08-21 01:20:14,917] {processor.py:641} INFO - Processing file /home/airflow/.local/lib/python3.7/site-packages/airflow/example_dags/example_complex.py for tasks to queue
[2022-08-21 01:20:14,920] {logging_mixin.py:115} INFO - [2022-08-21 01:20:14,920] {dagbag.py:508} INFO - Filling up the DagBag from /home/airflow/.local/lib/python3.7/site-packages/airflow/example_dags/example_complex.py
[2022-08-21 01:20:15,019] {processor.py:651} INFO - DAG(s) dict_keys(['example_complex']) retrieved from /home/airflow/.local/lib/python3.7/site-packages/airflow/example_dags/example_complex.py
[2022-08-21 01:20:15,169] {logging_mixin.py:115} INFO - [2022-08-21 01:20:15,169] {dag.py:2420} INFO - Sync 1 DAGs
[2022-08-21 01:20:15,368] {logging_mixin.py:115} INFO - [2022-08-21 01:20:15,362] {dag.py:2972} INFO - Setting next_dagrun for example_complex to None, run_after=None
[2022-08-21 01:20:15,438] {processor.py:161} INFO - Processing /home/airflow/.local/lib/python3.7/site-packages/airflow/example_dags/example_complex.py took 0.537 seconds
[2022-08-21 01:20:21,260] {processor.py:153} INFO - Started process (PID=69975) to work on /home/airflow/.local/lib/python3.7/site-packages/airflow/example_dags/example_complex.py
[2022-08-21 01:20:21,263] {processor.py:641} INFO - Processing file /home/airflow/.local/lib/python3.7/site-packages/airflow/example_dags/example_complex.py for tasks to queue
[2022-08-21 01:20:21,266] {logging_mixin.py:115} INFO - [2022-08-21 01:20:21,266] {dagbag.py:508} INFO - Filling up the DagBag from /home/airflow/.local/lib/python3.7/site-packages/airflow/example_dags/example_complex.py
[2022-08-21 01:20:21,309] {processor.py:651} INFO - DAG(s) dict_keys(['example_complex']) retrieved from /home/airflow/.local/lib/python3.7/site-packages/airflow/example_dags/example_complex.py
[2022-08-21 01:20:21,367] {logging_mixin.py:115} INFO - [2022-08-21 01:20:21,367] {dag.py:2420} INFO - Sync 1 DAGs
[2022-08-21 01:20:21,416] {logging_mixin.py:115} INFO - [2022-08-21 01:20:21,415] {dag.py:2972} INFO - Setting next_dagrun for example_complex to None, run_after=None
[2022-08-21 01:20:21,431] {processor.py:161} INFO - Processing /home/airflow/.local/lib/python3.7/site-packages/airflow/example_dags/example_complex.py took 0.177 seconds
[2022-08-21 02:08:39,296] {processor.py:153} INFO - Started process (PID=73249) to work on /home/airflow/.local/lib/python3.7/site-packages/airflow/example_dags/example_complex.py
[2022-08-21 02:08:39,302] {processor.py:641} INFO - Processing file /home/airflow/.local/lib/python3.7/site-packages/airflow/example_dags/example_complex.py for tasks to queue
[2022-08-21 02:08:39,308] {logging_mixin.py:115} INFO - [2022-08-21 02:08:39,307] {dagbag.py:508} INFO - Filling up the DagBag from /home/airflow/.local/lib/python3.7/site-packages/airflow/example_dags/example_complex.py
[2022-08-21 02:08:39,542] {processor.py:651} INFO - DAG(s) dict_keys(['example_complex']) retrieved from /home/airflow/.local/lib/python3.7/site-packages/airflow/example_dags/example_complex.py
[2022-08-21 02:08:41,426] {logging_mixin.py:115} INFO - [2022-08-21 02:08:41,425] {dag.py:2420} INFO - Sync 1 DAGs
[2022-08-21 02:09:42,486] {logging_mixin.py:115} INFO - [2022-08-21 02:09:42,486] {dag.py:2972} INFO - Setting next_dagrun for example_complex to None, run_after=None
[2022-08-21 02:10:31,687] {processor.py:153} INFO - Started process (PID=70061) to work on /home/airflow/.local/lib/python3.7/site-packages/airflow/example_dags/example_complex.py
[2022-08-21 02:10:31,731] {processor.py:641} INFO - Processing file /home/airflow/.local/lib/python3.7/site-packages/airflow/example_dags/example_complex.py for tasks to queue
[2022-08-21 02:10:31,746] {logging_mixin.py:115} INFO - [2022-08-21 02:10:31,745] {dagbag.py:508} INFO - Filling up the DagBag from /home/airflow/.local/lib/python3.7/site-packages/airflow/example_dags/example_complex.py
[2022-08-21 02:10:32,911] {processor.py:651} INFO - DAG(s) dict_keys(['example_complex']) retrieved from /home/airflow/.local/lib/python3.7/site-packages/airflow/example_dags/example_complex.py
[2022-08-21 02:10:35,884] {logging_mixin.py:115} INFO - [2022-08-21 02:10:35,883] {dag.py:2420} INFO - Sync 1 DAGs
[2022-08-21 02:10:36,230] {logging_mixin.py:115} INFO - [2022-08-21 02:10:36,222] {dag.py:2972} INFO - Setting next_dagrun for example_complex to None, run_after=None
[2022-08-21 02:10:37,586] {processor.py:161} INFO - Processing /home/airflow/.local/lib/python3.7/site-packages/airflow/example_dags/example_complex.py took 6.036 seconds
[2022-08-21 03:12:34,243] {processor.py:153} INFO - Started process (PID=70130) to work on /home/airflow/.local/lib/python3.7/site-packages/airflow/example_dags/example_complex.py
[2022-08-21 03:12:34,245] {processor.py:641} INFO - Processing file /home/airflow/.local/lib/python3.7/site-packages/airflow/example_dags/example_complex.py for tasks to queue
[2022-08-21 03:12:34,247] {logging_mixin.py:115} INFO - [2022-08-21 03:12:34,247] {dagbag.py:508} INFO - Filling up the DagBag from /home/airflow/.local/lib/python3.7/site-packages/airflow/example_dags/example_complex.py
[2022-08-21 03:12:34,285] {processor.py:651} INFO - DAG(s) dict_keys(['example_complex']) retrieved from /home/airflow/.local/lib/python3.7/site-packages/airflow/example_dags/example_complex.py
[2022-08-21 03:12:34,479] {logging_mixin.py:115} INFO - [2022-08-21 03:12:34,478] {dag.py:2420} INFO - Sync 1 DAGs
[2022-08-21 03:12:34,646] {logging_mixin.py:115} INFO - [2022-08-21 03:12:34,646] {dag.py:2972} INFO - Setting next_dagrun for example_complex to None, run_after=None
[2022-08-21 03:12:34,714] {processor.py:161} INFO - Processing /home/airflow/.local/lib/python3.7/site-packages/airflow/example_dags/example_complex.py took 0.479 seconds
[2022-08-21 03:12:35,485] {processor.py:153} INFO - Started process (PID=73342) to work on /home/airflow/.local/lib/python3.7/site-packages/airflow/example_dags/example_complex.py
[2022-08-21 03:12:35,486] {processor.py:641} INFO - Processing file /home/airflow/.local/lib/python3.7/site-packages/airflow/example_dags/example_complex.py for tasks to queue
[2022-08-21 03:12:35,488] {logging_mixin.py:115} INFO - [2022-08-21 03:12:35,488] {dagbag.py:508} INFO - Filling up the DagBag from /home/airflow/.local/lib/python3.7/site-packages/airflow/example_dags/example_complex.py
[2022-08-21 03:12:35,535] {processor.py:651} INFO - DAG(s) dict_keys(['example_complex']) retrieved from /home/airflow/.local/lib/python3.7/site-packages/airflow/example_dags/example_complex.py
[2022-08-21 03:12:35,605] {logging_mixin.py:115} INFO - [2022-08-21 03:12:35,605] {dag.py:2420} INFO - Sync 1 DAGs
[2022-08-21 03:12:35,640] {logging_mixin.py:115} INFO - [2022-08-21 03:12:35,640] {dag.py:2972} INFO - Setting next_dagrun for example_complex to None, run_after=None
[2022-08-21 03:12:35,670] {processor.py:161} INFO - Processing /home/airflow/.local/lib/python3.7/site-packages/airflow/example_dags/example_complex.py took 0.197 seconds
[2022-08-21 04:20:05,209] {processor.py:153} INFO - Started process (PID=73481) to work on /home/airflow/.local/lib/python3.7/site-packages/airflow/example_dags/example_complex.py
[2022-08-21 04:20:05,436] {processor.py:641} INFO - Processing file /home/airflow/.local/lib/python3.7/site-packages/airflow/example_dags/example_complex.py for tasks to queue
[2022-08-21 04:20:05,950] {logging_mixin.py:115} INFO - [2022-08-21 04:20:05,937] {dagbag.py:508} INFO - Filling up the DagBag from /home/airflow/.local/lib/python3.7/site-packages/airflow/example_dags/example_complex.py
[2022-08-21 04:20:16,956] {processor.py:651} INFO - DAG(s) dict_keys(['example_complex']) retrieved from /home/airflow/.local/lib/python3.7/site-packages/airflow/example_dags/example_complex.py
[2022-08-21 04:20:17,292] {logging_mixin.py:115} INFO - [2022-08-21 04:20:17,292] {dag.py:2420} INFO - Sync 1 DAGs
[2022-08-21 04:20:18,955] {logging_mixin.py:115} INFO - [2022-08-21 04:20:18,945] {dag.py:2972} INFO - Setting next_dagrun for example_complex to None, run_after=None
[2022-08-21 04:20:19,177] {processor.py:161} INFO - Processing /home/airflow/.local/lib/python3.7/site-packages/airflow/example_dags/example_complex.py took 15.965 seconds
[2022-08-21 04:20:23,984] {processor.py:153} INFO - Started process (PID=70283) to work on /home/airflow/.local/lib/python3.7/site-packages/airflow/example_dags/example_complex.py
[2022-08-21 04:20:23,988] {processor.py:641} INFO - Processing file /home/airflow/.local/lib/python3.7/site-packages/airflow/example_dags/example_complex.py for tasks to queue
[2022-08-21 04:20:23,996] {logging_mixin.py:115} INFO - [2022-08-21 04:20:23,991] {dagbag.py:508} INFO - Filling up the DagBag from /home/airflow/.local/lib/python3.7/site-packages/airflow/example_dags/example_complex.py
[2022-08-21 04:20:24,071] {processor.py:651} INFO - DAG(s) dict_keys(['example_complex']) retrieved from /home/airflow/.local/lib/python3.7/site-packages/airflow/example_dags/example_complex.py
[2022-08-21 04:20:24,456] {logging_mixin.py:115} INFO - [2022-08-21 04:20:24,456] {dag.py:2420} INFO - Sync 1 DAGs
[2022-08-21 04:20:24,662] {logging_mixin.py:115} INFO - [2022-08-21 04:20:24,661] {dag.py:2972} INFO - Setting next_dagrun for example_complex to None, run_after=None
[2022-08-21 04:20:24,769] {processor.py:161} INFO - Processing /home/airflow/.local/lib/python3.7/site-packages/airflow/example_dags/example_complex.py took 0.813 seconds
[2022-08-21 04:51:25,232] {processor.py:153} INFO - Started process (PID=73576) to work on /home/airflow/.local/lib/python3.7/site-packages/airflow/example_dags/example_complex.py
[2022-08-21 04:51:25,236] {processor.py:641} INFO - Processing file /home/airflow/.local/lib/python3.7/site-packages/airflow/example_dags/example_complex.py for tasks to queue
[2022-08-21 04:51:25,240] {logging_mixin.py:115} INFO - [2022-08-21 04:51:25,239] {dagbag.py:508} INFO - Filling up the DagBag from /home/airflow/.local/lib/python3.7/site-packages/airflow/example_dags/example_complex.py
[2022-08-21 04:51:25,895] {processor.py:651} INFO - DAG(s) dict_keys(['example_complex']) retrieved from /home/airflow/.local/lib/python3.7/site-packages/airflow/example_dags/example_complex.py
[2022-08-21 04:51:26,500] {logging_mixin.py:115} INFO - [2022-08-21 04:51:26,500] {dag.py:2420} INFO - Sync 1 DAGs
[2022-08-21 04:51:26,718] {logging_mixin.py:115} INFO - [2022-08-21 04:51:26,718] {dag.py:2972} INFO - Setting next_dagrun for example_complex to None, run_after=None
[2022-08-21 04:51:26,809] {processor.py:161} INFO - Processing /home/airflow/.local/lib/python3.7/site-packages/airflow/example_dags/example_complex.py took 1.610 seconds
[2022-08-21 04:51:26,892] {processor.py:153} INFO - Started process (PID=70355) to work on /home/airflow/.local/lib/python3.7/site-packages/airflow/example_dags/example_complex.py
[2022-08-21 04:51:26,906] {processor.py:641} INFO - Processing file /home/airflow/.local/lib/python3.7/site-packages/airflow/example_dags/example_complex.py for tasks to queue
[2022-08-21 04:51:26,933] {logging_mixin.py:115} INFO - [2022-08-21 04:51:26,932] {dagbag.py:508} INFO - Filling up the DagBag from /home/airflow/.local/lib/python3.7/site-packages/airflow/example_dags/example_complex.py
[2022-08-21 04:51:29,118] {processor.py:651} INFO - DAG(s) dict_keys(['example_complex']) retrieved from /home/airflow/.local/lib/python3.7/site-packages/airflow/example_dags/example_complex.py
[2022-08-21 04:51:32,829] {logging_mixin.py:115} INFO - [2022-08-21 04:51:32,828] {dag.py:2420} INFO - Sync 1 DAGs
[2022-08-21 04:51:34,066] {logging_mixin.py:115} INFO - [2022-08-21 04:51:34,066] {dag.py:2972} INFO - Setting next_dagrun for example_complex to None, run_after=None
[2022-08-21 04:51:34,522] {processor.py:161} INFO - Processing /home/airflow/.local/lib/python3.7/site-packages/airflow/example_dags/example_complex.py took 7.656 seconds
[2022-08-21 05:10:52,152] {processor.py:153} INFO - Started process (PID=73646) to work on /home/airflow/.local/lib/python3.7/site-packages/airflow/example_dags/example_complex.py
[2022-08-21 05:10:52,539] {processor.py:641} INFO - Processing file /home/airflow/.local/lib/python3.7/site-packages/airflow/example_dags/example_complex.py for tasks to queue
[2022-08-21 05:10:52,800] {logging_mixin.py:115} INFO - [2022-08-21 05:10:52,753] {dagbag.py:508} INFO - Filling up the DagBag from /home/airflow/.local/lib/python3.7/site-packages/airflow/example_dags/example_complex.py
[2022-08-21 05:11:00,187] {processor.py:651} INFO - DAG(s) dict_keys(['example_complex']) retrieved from /home/airflow/.local/lib/python3.7/site-packages/airflow/example_dags/example_complex.py
[2022-08-21 05:11:13,796] {logging_mixin.py:115} INFO - [2022-08-21 05:11:13,795] {dag.py:2420} INFO - Sync 1 DAGs
[2022-08-21 05:11:16,922] {logging_mixin.py:115} INFO - [2022-08-21 05:11:16,790] {dag.py:2972} INFO - Setting next_dagrun for example_complex to None, run_after=None
[2022-08-21 05:11:18,749] {processor.py:161} INFO - Processing /home/airflow/.local/lib/python3.7/site-packages/airflow/example_dags/example_complex.py took 29.057 seconds
[2022-08-21 05:53:58,666] {processor.py:153} INFO - Started process (PID=70534) to work on /home/airflow/.local/lib/python3.7/site-packages/airflow/example_dags/example_complex.py
[2022-08-21 05:53:59,945] {processor.py:641} INFO - Processing file /home/airflow/.local/lib/python3.7/site-packages/airflow/example_dags/example_complex.py for tasks to queue
[2022-08-21 05:54:00,233] {logging_mixin.py:115} INFO - [2022-08-21 05:54:00,232] {dagbag.py:508} INFO - Filling up the DagBag from /home/airflow/.local/lib/python3.7/site-packages/airflow/example_dags/example_complex.py
[2022-08-21 05:54:13,229] {processor.py:651} INFO - DAG(s) dict_keys(['example_complex']) retrieved from /home/airflow/.local/lib/python3.7/site-packages/airflow/example_dags/example_complex.py
[2022-08-21 05:54:22,999] {logging_mixin.py:115} INFO - [2022-08-21 05:54:22,984] {dag.py:2420} INFO - Sync 1 DAGs
[2022-08-21 05:54:28,639] {logging_mixin.py:115} INFO - [2022-08-21 05:54:28,638] {dag.py:2972} INFO - Setting next_dagrun for example_complex to None, run_after=None
[2022-08-21 05:54:30,970] {processor.py:161} INFO - Processing /home/airflow/.local/lib/python3.7/site-packages/airflow/example_dags/example_complex.py took 34.596 seconds
[2022-08-21 07:55:45,046] {processor.py:153} INFO - Started process (PID=70667) to work on /home/airflow/.local/lib/python3.7/site-packages/airflow/example_dags/example_complex.py
[2022-08-21 07:55:45,237] {processor.py:641} INFO - Processing file /home/airflow/.local/lib/python3.7/site-packages/airflow/example_dags/example_complex.py for tasks to queue
[2022-08-21 07:55:45,370] {logging_mixin.py:115} INFO - [2022-08-21 07:55:45,340] {dagbag.py:508} INFO - Filling up the DagBag from /home/airflow/.local/lib/python3.7/site-packages/airflow/example_dags/example_complex.py
[2022-08-21 07:55:48,593] {processor.py:651} INFO - DAG(s) dict_keys(['example_complex']) retrieved from /home/airflow/.local/lib/python3.7/site-packages/airflow/example_dags/example_complex.py
[2022-08-21 07:55:50,506] {logging_mixin.py:115} INFO - [2022-08-21 07:55:50,488] {dag.py:2420} INFO - Sync 1 DAGs
[2022-08-21 07:55:54,133] {logging_mixin.py:115} INFO - [2022-08-21 07:55:54,133] {dag.py:2972} INFO - Setting next_dagrun for example_complex to None, run_after=None
[2022-08-21 07:55:54,979] {processor.py:161} INFO - Processing /home/airflow/.local/lib/python3.7/site-packages/airflow/example_dags/example_complex.py took 11.516 seconds
[2022-08-21 11:07:17,342] {processor.py:153} INFO - Started process (PID=70888) to work on /home/airflow/.local/lib/python3.7/site-packages/airflow/example_dags/example_complex.py
[2022-08-21 11:07:17,361] {processor.py:641} INFO - Processing file /home/airflow/.local/lib/python3.7/site-packages/airflow/example_dags/example_complex.py for tasks to queue
[2022-08-21 11:07:17,371] {logging_mixin.py:115} INFO - [2022-08-21 11:07:17,371] {dagbag.py:508} INFO - Filling up the DagBag from /home/airflow/.local/lib/python3.7/site-packages/airflow/example_dags/example_complex.py
[2022-08-21 11:07:18,702] {processor.py:651} INFO - DAG(s) dict_keys(['example_complex']) retrieved from /home/airflow/.local/lib/python3.7/site-packages/airflow/example_dags/example_complex.py
[2022-08-21 11:07:20,754] {logging_mixin.py:115} INFO - [2022-08-21 11:07:20,753] {dag.py:2420} INFO - Sync 1 DAGs
[2022-08-21 11:07:22,628] {logging_mixin.py:115} INFO - [2022-08-21 11:07:22,628] {dag.py:2972} INFO - Setting next_dagrun for example_complex to None, run_after=None
[2022-08-21 11:07:24,111] {processor.py:161} INFO - Processing /home/airflow/.local/lib/python3.7/site-packages/airflow/example_dags/example_complex.py took 7.217 seconds
