[2022-08-21 01:19:32,904] {processor.py:153} INFO - Started process (PID=69920) to work on /home/airflow/.local/lib/python3.7/site-packages/airflow/example_dags/example_time_delta_sensor_async.py
[2022-08-21 01:19:33,001] {processor.py:641} INFO - Processing file /home/airflow/.local/lib/python3.7/site-packages/airflow/example_dags/example_time_delta_sensor_async.py for tasks to queue
[2022-08-21 01:19:33,024] {logging_mixin.py:115} INFO - [2022-08-21 01:19:33,023] {dagbag.py:508} INFO - Filling up the DagBag from /home/airflow/.local/lib/python3.7/site-packages/airflow/example_dags/example_time_delta_sensor_async.py
[2022-08-21 01:19:33,483] {processor.py:651} INFO - DAG(s) dict_keys(['example_time_delta_sensor_async']) retrieved from /home/airflow/.local/lib/python3.7/site-packages/airflow/example_dags/example_time_delta_sensor_async.py
[2022-08-21 01:19:36,949] {logging_mixin.py:115} INFO - [2022-08-21 01:19:36,949] {dag.py:2420} INFO - Sync 1 DAGs
[2022-08-21 01:19:38,014] {logging_mixin.py:115} INFO - [2022-08-21 01:19:38,013] {dag.py:2972} INFO - Setting next_dagrun for example_time_delta_sensor_async to None, run_after=None
[2022-08-21 01:19:38,517] {processor.py:161} INFO - Processing /home/airflow/.local/lib/python3.7/site-packages/airflow/example_dags/example_time_delta_sensor_async.py took 6.350 seconds
[2022-08-21 01:20:14,354] {processor.py:153} INFO - Started process (PID=73144) to work on /home/airflow/.local/lib/python3.7/site-packages/airflow/example_dags/example_time_delta_sensor_async.py
[2022-08-21 01:20:14,370] {processor.py:641} INFO - Processing file /home/airflow/.local/lib/python3.7/site-packages/airflow/example_dags/example_time_delta_sensor_async.py for tasks to queue
[2022-08-21 01:20:14,377] {logging_mixin.py:115} INFO - [2022-08-21 01:20:14,375] {dagbag.py:508} INFO - Filling up the DagBag from /home/airflow/.local/lib/python3.7/site-packages/airflow/example_dags/example_time_delta_sensor_async.py
[2022-08-21 01:20:14,409] {processor.py:651} INFO - DAG(s) dict_keys(['example_time_delta_sensor_async']) retrieved from /home/airflow/.local/lib/python3.7/site-packages/airflow/example_dags/example_time_delta_sensor_async.py
[2022-08-21 01:20:14,655] {logging_mixin.py:115} INFO - [2022-08-21 01:20:14,654] {dag.py:2420} INFO - Sync 1 DAGs
[2022-08-21 01:20:14,769] {logging_mixin.py:115} INFO - [2022-08-21 01:20:14,769] {dag.py:2972} INFO - Setting next_dagrun for example_time_delta_sensor_async to None, run_after=None
[2022-08-21 01:20:14,820] {processor.py:161} INFO - Processing /home/airflow/.local/lib/python3.7/site-packages/airflow/example_dags/example_time_delta_sensor_async.py took 0.479 seconds
[2022-08-21 01:20:20,728] {processor.py:153} INFO - Started process (PID=69972) to work on /home/airflow/.local/lib/python3.7/site-packages/airflow/example_dags/example_time_delta_sensor_async.py
[2022-08-21 01:20:20,731] {processor.py:641} INFO - Processing file /home/airflow/.local/lib/python3.7/site-packages/airflow/example_dags/example_time_delta_sensor_async.py for tasks to queue
[2022-08-21 01:20:20,734] {logging_mixin.py:115} INFO - [2022-08-21 01:20:20,734] {dagbag.py:508} INFO - Filling up the DagBag from /home/airflow/.local/lib/python3.7/site-packages/airflow/example_dags/example_time_delta_sensor_async.py
[2022-08-21 01:20:20,754] {processor.py:651} INFO - DAG(s) dict_keys(['example_time_delta_sensor_async']) retrieved from /home/airflow/.local/lib/python3.7/site-packages/airflow/example_dags/example_time_delta_sensor_async.py
[2022-08-21 01:20:20,867] {logging_mixin.py:115} INFO - [2022-08-21 01:20:20,867] {dag.py:2420} INFO - Sync 1 DAGs
[2022-08-21 01:20:20,933] {logging_mixin.py:115} INFO - [2022-08-21 01:20:20,933] {dag.py:2972} INFO - Setting next_dagrun for example_time_delta_sensor_async to None, run_after=None
[2022-08-21 01:20:20,966] {processor.py:161} INFO - Processing /home/airflow/.local/lib/python3.7/site-packages/airflow/example_dags/example_time_delta_sensor_async.py took 0.243 seconds
[2022-08-21 02:08:27,025] {processor.py:153} INFO - Started process (PID=73235) to work on /home/airflow/.local/lib/python3.7/site-packages/airflow/example_dags/example_time_delta_sensor_async.py
[2022-08-21 02:08:27,063] {processor.py:641} INFO - Processing file /home/airflow/.local/lib/python3.7/site-packages/airflow/example_dags/example_time_delta_sensor_async.py for tasks to queue
[2022-08-21 02:08:27,173] {logging_mixin.py:115} INFO - [2022-08-21 02:08:27,142] {dagbag.py:508} INFO - Filling up the DagBag from /home/airflow/.local/lib/python3.7/site-packages/airflow/example_dags/example_time_delta_sensor_async.py
[2022-08-21 02:08:27,756] {processor.py:651} INFO - DAG(s) dict_keys(['example_time_delta_sensor_async']) retrieved from /home/airflow/.local/lib/python3.7/site-packages/airflow/example_dags/example_time_delta_sensor_async.py
[2022-08-21 02:08:30,623] {logging_mixin.py:115} INFO - [2022-08-21 02:08:30,621] {dag.py:2420} INFO - Sync 1 DAGs
[2022-08-21 02:08:32,273] {logging_mixin.py:115} INFO - [2022-08-21 02:08:32,273] {dag.py:2972} INFO - Setting next_dagrun for example_time_delta_sensor_async to None, run_after=None
[2022-08-21 02:08:33,594] {processor.py:161} INFO - Processing /home/airflow/.local/lib/python3.7/site-packages/airflow/example_dags/example_time_delta_sensor_async.py took 6.970 seconds
[2022-08-21 02:09:44,053] {processor.py:153} INFO - Started process (PID=70040) to work on /home/airflow/.local/lib/python3.7/site-packages/airflow/example_dags/example_time_delta_sensor_async.py
[2022-08-21 02:09:44,099] {processor.py:641} INFO - Processing file /home/airflow/.local/lib/python3.7/site-packages/airflow/example_dags/example_time_delta_sensor_async.py for tasks to queue
[2022-08-21 02:09:44,117] {logging_mixin.py:115} INFO - [2022-08-21 02:09:44,116] {dagbag.py:508} INFO - Filling up the DagBag from /home/airflow/.local/lib/python3.7/site-packages/airflow/example_dags/example_time_delta_sensor_async.py
[2022-08-21 02:09:44,462] {processor.py:651} INFO - DAG(s) dict_keys(['example_time_delta_sensor_async']) retrieved from /home/airflow/.local/lib/python3.7/site-packages/airflow/example_dags/example_time_delta_sensor_async.py
[2022-08-21 02:09:47,600] {logging_mixin.py:115} INFO - [2022-08-21 02:09:47,599] {dag.py:2420} INFO - Sync 1 DAGs
[2022-08-21 02:09:50,072] {logging_mixin.py:115} INFO - [2022-08-21 02:09:50,071] {dag.py:2972} INFO - Setting next_dagrun for example_time_delta_sensor_async to None, run_after=None
[2022-08-21 02:09:50,791] {processor.py:161} INFO - Processing /home/airflow/.local/lib/python3.7/site-packages/airflow/example_dags/example_time_delta_sensor_async.py took 6.863 seconds
[2022-08-21 03:12:33,324] {processor.py:153} INFO - Started process (PID=70126) to work on /home/airflow/.local/lib/python3.7/site-packages/airflow/example_dags/example_time_delta_sensor_async.py
[2022-08-21 03:12:33,332] {processor.py:641} INFO - Processing file /home/airflow/.local/lib/python3.7/site-packages/airflow/example_dags/example_time_delta_sensor_async.py for tasks to queue
[2022-08-21 03:12:33,343] {logging_mixin.py:115} INFO - [2022-08-21 03:12:33,341] {dagbag.py:508} INFO - Filling up the DagBag from /home/airflow/.local/lib/python3.7/site-packages/airflow/example_dags/example_time_delta_sensor_async.py
[2022-08-21 03:12:33,397] {processor.py:651} INFO - DAG(s) dict_keys(['example_time_delta_sensor_async']) retrieved from /home/airflow/.local/lib/python3.7/site-packages/airflow/example_dags/example_time_delta_sensor_async.py
[2022-08-21 03:12:33,834] {logging_mixin.py:115} INFO - [2022-08-21 03:12:33,834] {dag.py:2420} INFO - Sync 1 DAGs
[2022-08-21 03:12:34,009] {logging_mixin.py:115} INFO - [2022-08-21 03:12:34,009] {dag.py:2972} INFO - Setting next_dagrun for example_time_delta_sensor_async to None, run_after=None
[2022-08-21 03:12:34,095] {processor.py:161} INFO - Processing /home/airflow/.local/lib/python3.7/site-packages/airflow/example_dags/example_time_delta_sensor_async.py took 0.825 seconds
[2022-08-21 03:12:34,252] {processor.py:153} INFO - Started process (PID=73337) to work on /home/airflow/.local/lib/python3.7/site-packages/airflow/example_dags/example_time_delta_sensor_async.py
[2022-08-21 03:12:34,255] {processor.py:641} INFO - Processing file /home/airflow/.local/lib/python3.7/site-packages/airflow/example_dags/example_time_delta_sensor_async.py for tasks to queue
[2022-08-21 03:12:34,258] {logging_mixin.py:115} INFO - [2022-08-21 03:12:34,258] {dagbag.py:508} INFO - Filling up the DagBag from /home/airflow/.local/lib/python3.7/site-packages/airflow/example_dags/example_time_delta_sensor_async.py
[2022-08-21 03:12:34,345] {processor.py:651} INFO - DAG(s) dict_keys(['example_time_delta_sensor_async']) retrieved from /home/airflow/.local/lib/python3.7/site-packages/airflow/example_dags/example_time_delta_sensor_async.py
[2022-08-21 03:12:34,739] {logging_mixin.py:115} INFO - [2022-08-21 03:12:34,739] {dag.py:2420} INFO - Sync 1 DAGs
[2022-08-21 03:12:34,835] {logging_mixin.py:115} INFO - [2022-08-21 03:12:34,835] {dag.py:2972} INFO - Setting next_dagrun for example_time_delta_sensor_async to None, run_after=None
[2022-08-21 03:12:34,858] {processor.py:161} INFO - Processing /home/airflow/.local/lib/python3.7/site-packages/airflow/example_dags/example_time_delta_sensor_async.py took 0.655 seconds
[2022-08-21 04:19:21,188] {processor.py:153} INFO - Started process (PID=73469) to work on /home/airflow/.local/lib/python3.7/site-packages/airflow/example_dags/example_time_delta_sensor_async.py
[2022-08-21 04:19:21,220] {processor.py:641} INFO - Processing file /home/airflow/.local/lib/python3.7/site-packages/airflow/example_dags/example_time_delta_sensor_async.py for tasks to queue
[2022-08-21 04:19:21,248] {logging_mixin.py:115} INFO - [2022-08-21 04:19:21,248] {dagbag.py:508} INFO - Filling up the DagBag from /home/airflow/.local/lib/python3.7/site-packages/airflow/example_dags/example_time_delta_sensor_async.py
[2022-08-21 04:19:21,754] {processor.py:651} INFO - DAG(s) dict_keys(['example_time_delta_sensor_async']) retrieved from /home/airflow/.local/lib/python3.7/site-packages/airflow/example_dags/example_time_delta_sensor_async.py
[2022-08-21 04:19:25,829] {logging_mixin.py:115} INFO - [2022-08-21 04:19:25,817] {dag.py:2420} INFO - Sync 1 DAGs
[2022-08-21 04:19:28,637] {logging_mixin.py:115} INFO - [2022-08-21 04:19:28,636] {dag.py:2972} INFO - Setting next_dagrun for example_time_delta_sensor_async to None, run_after=None
[2022-08-21 04:19:30,407] {processor.py:161} INFO - Processing /home/airflow/.local/lib/python3.7/site-packages/airflow/example_dags/example_time_delta_sensor_async.py took 9.535 seconds
[2022-08-21 04:20:19,617] {processor.py:153} INFO - Started process (PID=70273) to work on /home/airflow/.local/lib/python3.7/site-packages/airflow/example_dags/example_time_delta_sensor_async.py
[2022-08-21 04:20:19,628] {processor.py:641} INFO - Processing file /home/airflow/.local/lib/python3.7/site-packages/airflow/example_dags/example_time_delta_sensor_async.py for tasks to queue
[2022-08-21 04:20:19,647] {logging_mixin.py:115} INFO - [2022-08-21 04:20:19,647] {dagbag.py:508} INFO - Filling up the DagBag from /home/airflow/.local/lib/python3.7/site-packages/airflow/example_dags/example_time_delta_sensor_async.py
[2022-08-21 04:20:19,742] {processor.py:651} INFO - DAG(s) dict_keys(['example_time_delta_sensor_async']) retrieved from /home/airflow/.local/lib/python3.7/site-packages/airflow/example_dags/example_time_delta_sensor_async.py
[2022-08-21 04:20:20,175] {logging_mixin.py:115} INFO - [2022-08-21 04:20:20,175] {dag.py:2420} INFO - Sync 1 DAGs
[2022-08-21 04:20:20,978] {logging_mixin.py:115} INFO - [2022-08-21 04:20:20,977] {dag.py:2972} INFO - Setting next_dagrun for example_time_delta_sensor_async to None, run_after=None
[2022-08-21 04:20:21,174] {processor.py:161} INFO - Processing /home/airflow/.local/lib/python3.7/site-packages/airflow/example_dags/example_time_delta_sensor_async.py took 1.621 seconds
[2022-08-21 04:51:07,508] {processor.py:153} INFO - Started process (PID=73563) to work on /home/airflow/.local/lib/python3.7/site-packages/airflow/example_dags/example_time_delta_sensor_async.py
[2022-08-21 04:51:07,543] {processor.py:641} INFO - Processing file /home/airflow/.local/lib/python3.7/site-packages/airflow/example_dags/example_time_delta_sensor_async.py for tasks to queue
[2022-08-21 04:51:07,630] {logging_mixin.py:115} INFO - [2022-08-21 04:51:07,630] {dagbag.py:508} INFO - Filling up the DagBag from /home/airflow/.local/lib/python3.7/site-packages/airflow/example_dags/example_time_delta_sensor_async.py
[2022-08-21 04:51:08,016] {processor.py:651} INFO - DAG(s) dict_keys(['example_time_delta_sensor_async']) retrieved from /home/airflow/.local/lib/python3.7/site-packages/airflow/example_dags/example_time_delta_sensor_async.py
[2022-08-21 04:51:12,674] {logging_mixin.py:115} INFO - [2022-08-21 04:51:12,646] {dag.py:2420} INFO - Sync 1 DAGs
[2022-08-21 04:51:14,756] {logging_mixin.py:115} INFO - [2022-08-21 04:51:14,756] {dag.py:2972} INFO - Setting next_dagrun for example_time_delta_sensor_async to None, run_after=None
[2022-08-21 04:51:15,169] {processor.py:153} INFO - Started process (PID=70345) to work on /home/airflow/.local/lib/python3.7/site-packages/airflow/example_dags/example_time_delta_sensor_async.py
[2022-08-21 04:51:15,212] {processor.py:641} INFO - Processing file /home/airflow/.local/lib/python3.7/site-packages/airflow/example_dags/example_time_delta_sensor_async.py for tasks to queue
[2022-08-21 04:51:15,290] {logging_mixin.py:115} INFO - [2022-08-21 04:51:15,285] {dagbag.py:508} INFO - Filling up the DagBag from /home/airflow/.local/lib/python3.7/site-packages/airflow/example_dags/example_time_delta_sensor_async.py
[2022-08-21 04:51:15,845] {processor.py:161} INFO - Processing /home/airflow/.local/lib/python3.7/site-packages/airflow/example_dags/example_time_delta_sensor_async.py took 8.607 seconds
[2022-08-21 04:51:16,021] {processor.py:651} INFO - DAG(s) dict_keys(['example_time_delta_sensor_async']) retrieved from /home/airflow/.local/lib/python3.7/site-packages/airflow/example_dags/example_time_delta_sensor_async.py
[2022-08-21 04:51:21,324] {logging_mixin.py:115} INFO - [2022-08-21 04:51:21,308] {dag.py:2420} INFO - Sync 1 DAGs
[2022-08-21 04:51:25,063] {logging_mixin.py:115} INFO - [2022-08-21 04:51:25,063] {dag.py:2972} INFO - Setting next_dagrun for example_time_delta_sensor_async to None, run_after=None
[2022-08-21 04:51:25,859] {processor.py:161} INFO - Processing /home/airflow/.local/lib/python3.7/site-packages/airflow/example_dags/example_time_delta_sensor_async.py took 10.275 seconds
[2022-08-21 05:08:21,322] {processor.py:153} INFO - Started process (PID=73635) to work on /home/airflow/.local/lib/python3.7/site-packages/airflow/example_dags/example_time_delta_sensor_async.py
[2022-08-21 05:08:21,343] {processor.py:641} INFO - Processing file /home/airflow/.local/lib/python3.7/site-packages/airflow/example_dags/example_time_delta_sensor_async.py for tasks to queue
[2022-08-21 05:08:21,375] {logging_mixin.py:115} INFO - [2022-08-21 05:08:21,374] {dagbag.py:508} INFO - Filling up the DagBag from /home/airflow/.local/lib/python3.7/site-packages/airflow/example_dags/example_time_delta_sensor_async.py
[2022-08-21 05:08:21,653] {processor.py:651} INFO - DAG(s) dict_keys(['example_time_delta_sensor_async']) retrieved from /home/airflow/.local/lib/python3.7/site-packages/airflow/example_dags/example_time_delta_sensor_async.py
[2022-08-21 05:08:24,804] {logging_mixin.py:115} INFO - [2022-08-21 05:08:24,793] {dag.py:2420} INFO - Sync 1 DAGs
[2022-08-21 05:08:26,271] {logging_mixin.py:115} INFO - [2022-08-21 05:08:26,270] {dag.py:2972} INFO - Setting next_dagrun for example_time_delta_sensor_async to None, run_after=None
[2022-08-21 05:08:27,085] {processor.py:161} INFO - Processing /home/airflow/.local/lib/python3.7/site-packages/airflow/example_dags/example_time_delta_sensor_async.py took 5.872 seconds
[2022-08-21 05:53:49,401] {processor.py:153} INFO - Started process (PID=70531) to work on /home/airflow/.local/lib/python3.7/site-packages/airflow/example_dags/example_time_delta_sensor_async.py
[2022-08-21 05:53:49,415] {processor.py:641} INFO - Processing file /home/airflow/.local/lib/python3.7/site-packages/airflow/example_dags/example_time_delta_sensor_async.py for tasks to queue
[2022-08-21 05:53:49,422] {logging_mixin.py:115} INFO - [2022-08-21 05:53:49,422] {dagbag.py:508} INFO - Filling up the DagBag from /home/airflow/.local/lib/python3.7/site-packages/airflow/example_dags/example_time_delta_sensor_async.py
[2022-08-21 05:53:49,534] {processor.py:651} INFO - DAG(s) dict_keys(['example_time_delta_sensor_async']) retrieved from /home/airflow/.local/lib/python3.7/site-packages/airflow/example_dags/example_time_delta_sensor_async.py
[2022-08-21 05:53:50,475] {logging_mixin.py:115} INFO - [2022-08-21 05:53:50,475] {dag.py:2420} INFO - Sync 1 DAGs
[2022-08-21 05:53:51,104] {logging_mixin.py:115} INFO - [2022-08-21 05:53:51,103] {dag.py:2972} INFO - Setting next_dagrun for example_time_delta_sensor_async to None, run_after=None
[2022-08-21 05:53:51,946] {processor.py:161} INFO - Processing /home/airflow/.local/lib/python3.7/site-packages/airflow/example_dags/example_time_delta_sensor_async.py took 2.666 seconds
[2022-08-21 07:11:56,518] {processor.py:153} INFO - Started process (PID=70639) to work on /home/airflow/.local/lib/python3.7/site-packages/airflow/example_dags/example_time_delta_sensor_async.py
[2022-08-21 07:11:56,564] {processor.py:641} INFO - Processing file /home/airflow/.local/lib/python3.7/site-packages/airflow/example_dags/example_time_delta_sensor_async.py for tasks to queue
[2022-08-21 07:11:56,612] {logging_mixin.py:115} INFO - [2022-08-21 07:11:56,611] {dagbag.py:508} INFO - Filling up the DagBag from /home/airflow/.local/lib/python3.7/site-packages/airflow/example_dags/example_time_delta_sensor_async.py
[2022-08-21 07:11:57,271] {processor.py:651} INFO - DAG(s) dict_keys(['example_time_delta_sensor_async']) retrieved from /home/airflow/.local/lib/python3.7/site-packages/airflow/example_dags/example_time_delta_sensor_async.py
[2022-08-21 07:12:04,883] {logging_mixin.py:115} INFO - [2022-08-21 07:12:04,867] {dag.py:2420} INFO - Sync 1 DAGs
[2022-08-21 07:12:09,586] {logging_mixin.py:115} INFO - [2022-08-21 07:12:09,585] {dag.py:2972} INFO - Setting next_dagrun for example_time_delta_sensor_async to None, run_after=None
[2022-08-21 07:12:10,517] {processor.py:161} INFO - Processing /home/airflow/.local/lib/python3.7/site-packages/airflow/example_dags/example_time_delta_sensor_async.py took 14.430 seconds
[2022-08-21 11:07:00,557] {processor.py:153} INFO - Started process (PID=70880) to work on /home/airflow/.local/lib/python3.7/site-packages/airflow/example_dags/example_time_delta_sensor_async.py
[2022-08-21 11:07:00,572] {processor.py:641} INFO - Processing file /home/airflow/.local/lib/python3.7/site-packages/airflow/example_dags/example_time_delta_sensor_async.py for tasks to queue
[2022-08-21 11:07:00,588] {logging_mixin.py:115} INFO - [2022-08-21 11:07:00,587] {dagbag.py:508} INFO - Filling up the DagBag from /home/airflow/.local/lib/python3.7/site-packages/airflow/example_dags/example_time_delta_sensor_async.py
[2022-08-21 11:07:01,070] {processor.py:651} INFO - DAG(s) dict_keys(['example_time_delta_sensor_async']) retrieved from /home/airflow/.local/lib/python3.7/site-packages/airflow/example_dags/example_time_delta_sensor_async.py
[2022-08-21 11:07:06,356] {logging_mixin.py:115} INFO - [2022-08-21 11:07:06,355] {dag.py:2420} INFO - Sync 1 DAGs
[2022-08-21 11:07:07,610] {logging_mixin.py:115} INFO - [2022-08-21 11:07:07,610] {dag.py:2972} INFO - Setting next_dagrun for example_time_delta_sensor_async to None, run_after=None
[2022-08-21 11:07:08,277] {processor.py:161} INFO - Processing /home/airflow/.local/lib/python3.7/site-packages/airflow/example_dags/example_time_delta_sensor_async.py took 7.965 seconds
