[2022-08-21 01:20:15,529] {processor.py:153} INFO - Started process (PID=73155) to work on /home/airflow/.local/lib/python3.7/site-packages/airflow/example_dags/example_branch_labels.py
[2022-08-21 01:20:15,531] {processor.py:641} INFO - Processing file /home/airflow/.local/lib/python3.7/site-packages/airflow/example_dags/example_branch_labels.py for tasks to queue
[2022-08-21 01:20:15,534] {logging_mixin.py:115} INFO - [2022-08-21 01:20:15,534] {dagbag.py:508} INFO - Filling up the DagBag from /home/airflow/.local/lib/python3.7/site-packages/airflow/example_dags/example_branch_labels.py
[2022-08-21 01:20:15,569] {processor.py:651} INFO - DAG(s) dict_keys(['example_branch_labels']) retrieved from /home/airflow/.local/lib/python3.7/site-packages/airflow/example_dags/example_branch_labels.py
[2022-08-21 01:20:15,722] {logging_mixin.py:115} INFO - [2022-08-21 01:20:15,722] {dag.py:2420} INFO - Sync 1 DAGs
[2022-08-21 01:20:15,941] {logging_mixin.py:115} INFO - [2022-08-21 01:20:15,940] {dag.py:2972} INFO - Setting next_dagrun for example_branch_labels to 2022-08-20T00:00:00+00:00, run_after=2022-08-21T00:00:00+00:00
[2022-08-21 01:20:16,007] {processor.py:161} INFO - Processing /home/airflow/.local/lib/python3.7/site-packages/airflow/example_dags/example_branch_labels.py took 0.491 seconds
[2022-08-21 01:20:18,394] {processor.py:153} INFO - Started process (PID=69959) to work on /home/airflow/.local/lib/python3.7/site-packages/airflow/example_dags/example_branch_labels.py
[2022-08-21 01:20:18,396] {processor.py:641} INFO - Processing file /home/airflow/.local/lib/python3.7/site-packages/airflow/example_dags/example_branch_labels.py for tasks to queue
[2022-08-21 01:20:18,403] {logging_mixin.py:115} INFO - [2022-08-21 01:20:18,403] {dagbag.py:508} INFO - Filling up the DagBag from /home/airflow/.local/lib/python3.7/site-packages/airflow/example_dags/example_branch_labels.py
[2022-08-21 01:20:18,464] {processor.py:651} INFO - DAG(s) dict_keys(['example_branch_labels']) retrieved from /home/airflow/.local/lib/python3.7/site-packages/airflow/example_dags/example_branch_labels.py
[2022-08-21 01:20:18,610] {logging_mixin.py:115} INFO - [2022-08-21 01:20:18,610] {dag.py:2420} INFO - Sync 1 DAGs
[2022-08-21 01:20:18,799] {logging_mixin.py:115} INFO - [2022-08-21 01:20:18,799] {dag.py:2972} INFO - Setting next_dagrun for example_branch_labels to 2022-08-20T00:00:00+00:00, run_after=2022-08-21T00:00:00+00:00
[2022-08-21 01:20:18,857] {processor.py:161} INFO - Processing /home/airflow/.local/lib/python3.7/site-packages/airflow/example_dags/example_branch_labels.py took 0.485 seconds
[2022-08-21 02:09:44,168] {processor.py:153} INFO - Started process (PID=73251) to work on /home/airflow/.local/lib/python3.7/site-packages/airflow/example_dags/example_branch_labels.py
[2022-08-21 02:09:44,235] {processor.py:641} INFO - Processing file /home/airflow/.local/lib/python3.7/site-packages/airflow/example_dags/example_branch_labels.py for tasks to queue
[2022-08-21 02:09:44,288] {logging_mixin.py:115} INFO - [2022-08-21 02:09:44,288] {dagbag.py:508} INFO - Filling up the DagBag from /home/airflow/.local/lib/python3.7/site-packages/airflow/example_dags/example_branch_labels.py
[2022-08-21 02:09:44,843] {processor.py:651} INFO - DAG(s) dict_keys(['example_branch_labels']) retrieved from /home/airflow/.local/lib/python3.7/site-packages/airflow/example_dags/example_branch_labels.py
[2022-08-21 02:09:46,181] {logging_mixin.py:115} INFO - [2022-08-21 02:09:46,180] {dag.py:2420} INFO - Sync 1 DAGs
[2022-08-21 02:09:48,239] {logging_mixin.py:115} INFO - [2022-08-21 02:09:48,211] {dag.py:2972} INFO - Setting next_dagrun for example_branch_labels to 2022-08-20T00:00:00+00:00, run_after=2022-08-21T00:00:00+00:00
[2022-08-21 02:09:49,157] {processor.py:161} INFO - Processing /home/airflow/.local/lib/python3.7/site-packages/airflow/example_dags/example_branch_labels.py took 5.273 seconds
[2022-08-21 02:10:37,942] {processor.py:153} INFO - Started process (PID=70070) to work on /home/airflow/.local/lib/python3.7/site-packages/airflow/example_dags/example_branch_labels.py
[2022-08-21 02:10:37,956] {processor.py:641} INFO - Processing file /home/airflow/.local/lib/python3.7/site-packages/airflow/example_dags/example_branch_labels.py for tasks to queue
[2022-08-21 02:10:37,992] {logging_mixin.py:115} INFO - [2022-08-21 02:10:37,991] {dagbag.py:508} INFO - Filling up the DagBag from /home/airflow/.local/lib/python3.7/site-packages/airflow/example_dags/example_branch_labels.py
[2022-08-21 02:10:38,122] {processor.py:651} INFO - DAG(s) dict_keys(['example_branch_labels']) retrieved from /home/airflow/.local/lib/python3.7/site-packages/airflow/example_dags/example_branch_labels.py
[2022-08-21 02:10:38,428] {logging_mixin.py:115} INFO - [2022-08-21 02:10:38,427] {dag.py:2420} INFO - Sync 1 DAGs
[2022-08-21 02:10:38,740] {logging_mixin.py:115} INFO - [2022-08-21 02:10:38,740] {dag.py:2972} INFO - Setting next_dagrun for example_branch_labels to 2022-08-20T00:00:00+00:00, run_after=2022-08-21T00:00:00+00:00
[2022-08-21 02:10:38,984] {processor.py:161} INFO - Processing /home/airflow/.local/lib/python3.7/site-packages/airflow/example_dags/example_branch_labels.py took 1.201 seconds
[2022-08-21 03:12:34,854] {processor.py:153} INFO - Started process (PID=70135) to work on /home/airflow/.local/lib/python3.7/site-packages/airflow/example_dags/example_branch_labels.py
[2022-08-21 03:12:34,858] {processor.py:641} INFO - Processing file /home/airflow/.local/lib/python3.7/site-packages/airflow/example_dags/example_branch_labels.py for tasks to queue
[2022-08-21 03:12:34,862] {logging_mixin.py:115} INFO - [2022-08-21 03:12:34,862] {dagbag.py:508} INFO - Filling up the DagBag from /home/airflow/.local/lib/python3.7/site-packages/airflow/example_dags/example_branch_labels.py
[2022-08-21 03:12:34,918] {processor.py:651} INFO - DAG(s) dict_keys(['example_branch_labels']) retrieved from /home/airflow/.local/lib/python3.7/site-packages/airflow/example_dags/example_branch_labels.py
[2022-08-21 03:12:35,144] {logging_mixin.py:115} INFO - [2022-08-21 03:12:35,143] {dag.py:2420} INFO - Sync 1 DAGs
[2022-08-21 03:12:35,291] {logging_mixin.py:115} INFO - [2022-08-21 03:12:35,291] {dag.py:2972} INFO - Setting next_dagrun for example_branch_labels to 2022-08-20T00:00:00+00:00, run_after=2022-08-21T00:00:00+00:00
[2022-08-21 03:12:35,362] {processor.py:161} INFO - Processing /home/airflow/.local/lib/python3.7/site-packages/airflow/example_dags/example_branch_labels.py took 0.539 seconds
[2022-08-21 03:12:35,742] {processor.py:153} INFO - Started process (PID=73344) to work on /home/airflow/.local/lib/python3.7/site-packages/airflow/example_dags/example_branch_labels.py
[2022-08-21 03:12:35,748] {processor.py:641} INFO - Processing file /home/airflow/.local/lib/python3.7/site-packages/airflow/example_dags/example_branch_labels.py for tasks to queue
[2022-08-21 03:12:35,751] {logging_mixin.py:115} INFO - [2022-08-21 03:12:35,751] {dagbag.py:508} INFO - Filling up the DagBag from /home/airflow/.local/lib/python3.7/site-packages/airflow/example_dags/example_branch_labels.py
[2022-08-21 03:12:35,783] {processor.py:651} INFO - DAG(s) dict_keys(['example_branch_labels']) retrieved from /home/airflow/.local/lib/python3.7/site-packages/airflow/example_dags/example_branch_labels.py
[2022-08-21 03:12:35,866] {logging_mixin.py:115} INFO - [2022-08-21 03:12:35,866] {dag.py:2420} INFO - Sync 1 DAGs
[2022-08-21 03:12:35,966] {logging_mixin.py:115} INFO - [2022-08-21 03:12:35,966] {dag.py:2972} INFO - Setting next_dagrun for example_branch_labels to 2022-08-20T00:00:00+00:00, run_after=2022-08-21T00:00:00+00:00
[2022-08-21 03:12:36,003] {processor.py:161} INFO - Processing /home/airflow/.local/lib/python3.7/site-packages/airflow/example_dags/example_branch_labels.py took 0.273 seconds
[2022-08-21 04:20:19,597] {processor.py:153} INFO - Started process (PID=73490) to work on /home/airflow/.local/lib/python3.7/site-packages/airflow/example_dags/example_branch_labels.py
[2022-08-21 04:20:19,605] {processor.py:641} INFO - Processing file /home/airflow/.local/lib/python3.7/site-packages/airflow/example_dags/example_branch_labels.py for tasks to queue
[2022-08-21 04:20:19,634] {logging_mixin.py:115} INFO - [2022-08-21 04:20:19,633] {dagbag.py:508} INFO - Filling up the DagBag from /home/airflow/.local/lib/python3.7/site-packages/airflow/example_dags/example_branch_labels.py
[2022-08-21 04:20:19,762] {processor.py:651} INFO - DAG(s) dict_keys(['example_branch_labels']) retrieved from /home/airflow/.local/lib/python3.7/site-packages/airflow/example_dags/example_branch_labels.py
[2022-08-21 04:20:20,385] {logging_mixin.py:115} INFO - [2022-08-21 04:20:20,385] {dag.py:2420} INFO - Sync 1 DAGs
[2022-08-21 04:20:20,924] {logging_mixin.py:115} INFO - [2022-08-21 04:20:20,924] {dag.py:2972} INFO - Setting next_dagrun for example_branch_labels to 2022-08-20T00:00:00+00:00, run_after=2022-08-21T00:00:00+00:00
[2022-08-21 04:20:21,118] {processor.py:161} INFO - Processing /home/airflow/.local/lib/python3.7/site-packages/airflow/example_dags/example_branch_labels.py took 1.625 seconds
[2022-08-21 04:20:24,963] {processor.py:153} INFO - Started process (PID=70285) to work on /home/airflow/.local/lib/python3.7/site-packages/airflow/example_dags/example_branch_labels.py
[2022-08-21 04:20:24,969] {processor.py:641} INFO - Processing file /home/airflow/.local/lib/python3.7/site-packages/airflow/example_dags/example_branch_labels.py for tasks to queue
[2022-08-21 04:20:24,977] {logging_mixin.py:115} INFO - [2022-08-21 04:20:24,976] {dagbag.py:508} INFO - Filling up the DagBag from /home/airflow/.local/lib/python3.7/site-packages/airflow/example_dags/example_branch_labels.py
[2022-08-21 04:20:25,051] {processor.py:651} INFO - DAG(s) dict_keys(['example_branch_labels']) retrieved from /home/airflow/.local/lib/python3.7/site-packages/airflow/example_dags/example_branch_labels.py
[2022-08-21 04:20:25,318] {logging_mixin.py:115} INFO - [2022-08-21 04:20:25,318] {dag.py:2420} INFO - Sync 1 DAGs
[2022-08-21 04:49:35,663] {logging_mixin.py:115} INFO - [2022-08-21 04:49:35,663] {dag.py:2972} INFO - Setting next_dagrun for example_branch_labels to 2022-08-20T00:00:00+00:00, run_after=2022-08-21T00:00:00+00:00
[2022-08-21 04:49:35,775] {processor.py:161} INFO - Processing /home/airflow/.local/lib/python3.7/site-packages/airflow/example_dags/example_branch_labels.py took 0.802 seconds
[2022-08-21 04:51:27,631] {processor.py:153} INFO - Started process (PID=73579) to work on /home/airflow/.local/lib/python3.7/site-packages/airflow/example_dags/example_branch_labels.py
[2022-08-21 04:51:27,713] {processor.py:641} INFO - Processing file /home/airflow/.local/lib/python3.7/site-packages/airflow/example_dags/example_branch_labels.py for tasks to queue
[2022-08-21 04:51:27,790] {logging_mixin.py:115} INFO - [2022-08-21 04:51:27,790] {dagbag.py:508} INFO - Filling up the DagBag from /home/airflow/.local/lib/python3.7/site-packages/airflow/example_dags/example_branch_labels.py
[2022-08-21 04:51:29,020] {processor.py:651} INFO - DAG(s) dict_keys(['example_branch_labels']) retrieved from /home/airflow/.local/lib/python3.7/site-packages/airflow/example_dags/example_branch_labels.py
[2022-08-21 04:51:31,964] {logging_mixin.py:115} INFO - [2022-08-21 04:51:31,963] {dag.py:2420} INFO - Sync 1 DAGs
[2022-08-21 04:51:33,456] {logging_mixin.py:115} INFO - [2022-08-21 04:51:33,454] {dag.py:2972} INFO - Setting next_dagrun for example_branch_labels to 2022-08-20T00:00:00+00:00, run_after=2022-08-21T00:00:00+00:00
[2022-08-21 04:51:34,088] {processor.py:161} INFO - Processing /home/airflow/.local/lib/python3.7/site-packages/airflow/example_dags/example_branch_labels.py took 6.823 seconds
[2022-08-21 04:51:35,209] {processor.py:153} INFO - Started process (PID=70357) to work on /home/airflow/.local/lib/python3.7/site-packages/airflow/example_dags/example_branch_labels.py
[2022-08-21 04:51:35,246] {processor.py:641} INFO - Processing file /home/airflow/.local/lib/python3.7/site-packages/airflow/example_dags/example_branch_labels.py for tasks to queue
[2022-08-21 04:51:35,255] {logging_mixin.py:115} INFO - [2022-08-21 04:51:35,255] {dagbag.py:508} INFO - Filling up the DagBag from /home/airflow/.local/lib/python3.7/site-packages/airflow/example_dags/example_branch_labels.py
[2022-08-21 04:51:35,783] {processor.py:651} INFO - DAG(s) dict_keys(['example_branch_labels']) retrieved from /home/airflow/.local/lib/python3.7/site-packages/airflow/example_dags/example_branch_labels.py
[2022-08-21 04:51:37,114] {logging_mixin.py:115} INFO - [2022-08-21 04:51:37,096] {dag.py:2420} INFO - Sync 1 DAGs
[2022-08-21 04:51:38,972] {logging_mixin.py:115} INFO - [2022-08-21 04:51:38,972] {dag.py:2972} INFO - Setting next_dagrun for example_branch_labels to 2022-08-20T00:00:00+00:00, run_after=2022-08-21T00:00:00+00:00
[2022-08-21 04:51:39,453] {processor.py:161} INFO - Processing /home/airflow/.local/lib/python3.7/site-packages/airflow/example_dags/example_branch_labels.py took 4.444 seconds
[2022-08-21 05:11:22,533] {processor.py:153} INFO - Started process (PID=73664) to work on /home/airflow/.local/lib/python3.7/site-packages/airflow/example_dags/example_branch_labels.py
[2022-08-21 05:11:22,553] {processor.py:641} INFO - Processing file /home/airflow/.local/lib/python3.7/site-packages/airflow/example_dags/example_branch_labels.py for tasks to queue
[2022-08-21 05:11:22,690] {logging_mixin.py:115} INFO - [2022-08-21 05:11:22,572] {dagbag.py:508} INFO - Filling up the DagBag from /home/airflow/.local/lib/python3.7/site-packages/airflow/example_dags/example_branch_labels.py
[2022-08-21 05:11:23,423] {processor.py:651} INFO - DAG(s) dict_keys(['example_branch_labels']) retrieved from /home/airflow/.local/lib/python3.7/site-packages/airflow/example_dags/example_branch_labels.py
[2022-08-21 05:11:25,742] {logging_mixin.py:115} INFO - [2022-08-21 05:11:25,741] {dag.py:2420} INFO - Sync 1 DAGs
[2022-08-21 05:11:28,606] {logging_mixin.py:115} INFO - [2022-08-21 05:11:28,606] {dag.py:2972} INFO - Setting next_dagrun for example_branch_labels to 2022-08-20T00:00:00+00:00, run_after=2022-08-21T00:00:00+00:00
[2022-08-21 05:11:29,483] {processor.py:161} INFO - Processing /home/airflow/.local/lib/python3.7/site-packages/airflow/example_dags/example_branch_labels.py took 7.660 seconds
[2022-08-21 05:54:34,486] {processor.py:153} INFO - Started process (PID=70551) to work on /home/airflow/.local/lib/python3.7/site-packages/airflow/example_dags/example_branch_labels.py
[2022-08-21 05:54:34,517] {processor.py:641} INFO - Processing file /home/airflow/.local/lib/python3.7/site-packages/airflow/example_dags/example_branch_labels.py for tasks to queue
[2022-08-21 05:54:34,597] {logging_mixin.py:115} INFO - [2022-08-21 05:54:34,596] {dagbag.py:508} INFO - Filling up the DagBag from /home/airflow/.local/lib/python3.7/site-packages/airflow/example_dags/example_branch_labels.py
[2022-08-21 05:54:35,719] {processor.py:651} INFO - DAG(s) dict_keys(['example_branch_labels']) retrieved from /home/airflow/.local/lib/python3.7/site-packages/airflow/example_dags/example_branch_labels.py
[2022-08-21 05:54:37,937] {logging_mixin.py:115} INFO - [2022-08-21 05:54:37,936] {dag.py:2420} INFO - Sync 1 DAGs
[2022-08-21 06:15:06,749] {logging_mixin.py:115} INFO - [2022-08-21 06:15:06,747] {dag.py:2972} INFO - Setting next_dagrun for example_branch_labels to 2022-08-20T00:00:00+00:00, run_after=2022-08-21T00:00:00+00:00
[2022-08-21 06:15:06,953] {processor.py:161} INFO - Processing /home/airflow/.local/lib/python3.7/site-packages/airflow/example_dags/example_branch_labels.py took 36.808 seconds
[2022-08-21 07:55:57,889] {processor.py:153} INFO - Started process (PID=70669) to work on /home/airflow/.local/lib/python3.7/site-packages/airflow/example_dags/example_branch_labels.py
[2022-08-21 07:55:57,978] {processor.py:641} INFO - Processing file /home/airflow/.local/lib/python3.7/site-packages/airflow/example_dags/example_branch_labels.py for tasks to queue
[2022-08-21 07:55:58,156] {logging_mixin.py:115} INFO - [2022-08-21 07:55:58,129] {dagbag.py:508} INFO - Filling up the DagBag from /home/airflow/.local/lib/python3.7/site-packages/airflow/example_dags/example_branch_labels.py
[2022-08-21 07:55:59,325] {processor.py:651} INFO - DAG(s) dict_keys(['example_branch_labels']) retrieved from /home/airflow/.local/lib/python3.7/site-packages/airflow/example_dags/example_branch_labels.py
[2022-08-21 11:07:24,967] {processor.py:153} INFO - Started process (PID=70891) to work on /home/airflow/.local/lib/python3.7/site-packages/airflow/example_dags/example_branch_labels.py
[2022-08-21 11:07:24,984] {processor.py:641} INFO - Processing file /home/airflow/.local/lib/python3.7/site-packages/airflow/example_dags/example_branch_labels.py for tasks to queue
[2022-08-21 11:07:25,001] {logging_mixin.py:115} INFO - [2022-08-21 11:07:25,000] {dagbag.py:508} INFO - Filling up the DagBag from /home/airflow/.local/lib/python3.7/site-packages/airflow/example_dags/example_branch_labels.py
[2022-08-21 11:07:25,068] {processor.py:651} INFO - DAG(s) dict_keys(['example_branch_labels']) retrieved from /home/airflow/.local/lib/python3.7/site-packages/airflow/example_dags/example_branch_labels.py
[2022-08-21 11:07:25,393] {logging_mixin.py:115} INFO - [2022-08-21 11:07:25,392] {dag.py:2420} INFO - Sync 1 DAGs
[2022-08-21 11:07:26,481] {logging_mixin.py:115} INFO - [2022-08-21 11:07:26,480] {dag.py:2972} INFO - Setting next_dagrun for example_branch_labels to 2022-08-20T00:00:00+00:00, run_after=2022-08-21T00:00:00+00:00
[2022-08-21 11:07:26,695] {processor.py:161} INFO - Processing /home/airflow/.local/lib/python3.7/site-packages/airflow/example_dags/example_branch_labels.py took 1.757 seconds
