[2022-08-21 01:19:38,817] {processor.py:153} INFO - Started process (PID=73116) to work on /home/airflow/.local/lib/python3.7/site-packages/airflow/example_dags/example_task_group.py
[2022-08-21 01:19:38,851] {processor.py:641} INFO - Processing file /home/airflow/.local/lib/python3.7/site-packages/airflow/example_dags/example_task_group.py for tasks to queue
[2022-08-21 01:19:38,876] {logging_mixin.py:115} INFO - [2022-08-21 01:19:38,862] {dagbag.py:508} INFO - Filling up the DagBag from /home/airflow/.local/lib/python3.7/site-packages/airflow/example_dags/example_task_group.py
[2022-08-21 01:19:39,342] {processor.py:651} INFO - DAG(s) dict_keys(['example_task_group']) retrieved from /home/airflow/.local/lib/python3.7/site-packages/airflow/example_dags/example_task_group.py
[2022-08-21 01:19:40,621] {logging_mixin.py:115} INFO - [2022-08-21 01:19:40,620] {dag.py:2420} INFO - Sync 1 DAGs
[2022-08-21 01:19:41,314] {logging_mixin.py:115} INFO - [2022-08-21 01:19:41,304] {dag.py:2972} INFO - Setting next_dagrun for example_task_group to 2022-08-20T01:19:41.302402+00:00, run_after=2022-08-21T01:19:41.302402+00:00
[2022-08-21 01:19:41,786] {processor.py:161} INFO - Processing /home/airflow/.local/lib/python3.7/site-packages/airflow/example_dags/example_task_group.py took 3.133 seconds
[2022-08-21 01:19:54,239] {processor.py:153} INFO - Started process (PID=69934) to work on /home/airflow/.local/lib/python3.7/site-packages/airflow/example_dags/example_task_group.py
[2022-08-21 01:19:54,255] {processor.py:641} INFO - Processing file /home/airflow/.local/lib/python3.7/site-packages/airflow/example_dags/example_task_group.py for tasks to queue
[2022-08-21 01:19:54,276] {logging_mixin.py:115} INFO - [2022-08-21 01:19:54,275] {dagbag.py:508} INFO - Filling up the DagBag from /home/airflow/.local/lib/python3.7/site-packages/airflow/example_dags/example_task_group.py
[2022-08-21 01:19:54,762] {processor.py:651} INFO - DAG(s) dict_keys(['example_task_group']) retrieved from /home/airflow/.local/lib/python3.7/site-packages/airflow/example_dags/example_task_group.py
[2022-08-21 01:19:56,423] {logging_mixin.py:115} INFO - [2022-08-21 01:19:56,423] {dag.py:2420} INFO - Sync 1 DAGs
[2022-08-21 01:19:57,695] {logging_mixin.py:115} INFO - [2022-08-21 01:19:57,695] {dag.py:2972} INFO - Setting next_dagrun for example_task_group to 2022-08-20T01:19:57.693770+00:00, run_after=2022-08-21T01:19:57.693770+00:00
[2022-08-21 01:19:58,308] {processor.py:161} INFO - Processing /home/airflow/.local/lib/python3.7/site-packages/airflow/example_dags/example_task_group.py took 4.220 seconds
[2022-08-21 01:20:19,131] {processor.py:153} INFO - Started process (PID=73172) to work on /home/airflow/.local/lib/python3.7/site-packages/airflow/example_dags/example_task_group.py
[2022-08-21 01:20:19,135] {processor.py:641} INFO - Processing file /home/airflow/.local/lib/python3.7/site-packages/airflow/example_dags/example_task_group.py for tasks to queue
[2022-08-21 01:20:19,137] {logging_mixin.py:115} INFO - [2022-08-21 01:20:19,136] {dagbag.py:508} INFO - Filling up the DagBag from /home/airflow/.local/lib/python3.7/site-packages/airflow/example_dags/example_task_group.py
[2022-08-21 01:20:19,177] {processor.py:651} INFO - DAG(s) dict_keys(['example_task_group']) retrieved from /home/airflow/.local/lib/python3.7/site-packages/airflow/example_dags/example_task_group.py
[2022-08-21 01:20:19,299] {logging_mixin.py:115} INFO - [2022-08-21 01:20:19,299] {dag.py:2420} INFO - Sync 1 DAGs
[2022-08-21 01:20:19,356] {logging_mixin.py:115} INFO - [2022-08-21 01:20:19,356] {dag.py:2972} INFO - Setting next_dagrun for example_task_group to 2022-08-20T01:20:19.355721+00:00, run_after=2022-08-21T01:20:19.355721+00:00
[2022-08-21 01:20:19,383] {processor.py:161} INFO - Processing /home/airflow/.local/lib/python3.7/site-packages/airflow/example_dags/example_task_group.py took 0.258 seconds
[2022-08-21 01:31:27,303] {processor.py:153} INFO - Started process (PID=73192) to work on /home/airflow/.local/lib/python3.7/site-packages/airflow/example_dags/example_task_group.py
[2022-08-21 01:31:27,339] {processor.py:641} INFO - Processing file /home/airflow/.local/lib/python3.7/site-packages/airflow/example_dags/example_task_group.py for tasks to queue
[2022-08-21 01:31:27,373] {logging_mixin.py:115} INFO - [2022-08-21 01:31:27,372] {dagbag.py:508} INFO - Filling up the DagBag from /home/airflow/.local/lib/python3.7/site-packages/airflow/example_dags/example_task_group.py
[2022-08-21 01:31:27,720] {processor.py:651} INFO - DAG(s) dict_keys(['example_task_group']) retrieved from /home/airflow/.local/lib/python3.7/site-packages/airflow/example_dags/example_task_group.py
[2022-08-21 01:31:28,648] {logging_mixin.py:115} INFO - [2022-08-21 01:31:28,648] {dag.py:2420} INFO - Sync 1 DAGs
[2022-08-21 01:31:28,972] {logging_mixin.py:115} INFO - [2022-08-21 01:31:28,970] {dag.py:2972} INFO - Setting next_dagrun for example_task_group to 2022-08-20T01:31:28.968741+00:00, run_after=2022-08-21T01:31:28.968741+00:00
[2022-08-21 01:31:29,205] {processor.py:161} INFO - Processing /home/airflow/.local/lib/python3.7/site-packages/airflow/example_dags/example_task_group.py took 2.105 seconds
[2022-08-21 01:31:32,677] {processor.py:153} INFO - Started process (PID=69992) to work on /home/airflow/.local/lib/python3.7/site-packages/airflow/example_dags/example_task_group.py
[2022-08-21 01:31:32,731] {processor.py:641} INFO - Processing file /home/airflow/.local/lib/python3.7/site-packages/airflow/example_dags/example_task_group.py for tasks to queue
[2022-08-21 01:31:32,771] {logging_mixin.py:115} INFO - [2022-08-21 01:31:32,771] {dagbag.py:508} INFO - Filling up the DagBag from /home/airflow/.local/lib/python3.7/site-packages/airflow/example_dags/example_task_group.py
[2022-08-21 01:31:33,579] {processor.py:651} INFO - DAG(s) dict_keys(['example_task_group']) retrieved from /home/airflow/.local/lib/python3.7/site-packages/airflow/example_dags/example_task_group.py
[2022-08-21 01:31:35,461] {logging_mixin.py:115} INFO - [2022-08-21 01:31:35,461] {dag.py:2420} INFO - Sync 1 DAGs
[2022-08-21 01:31:36,657] {logging_mixin.py:115} INFO - [2022-08-21 01:31:36,646] {dag.py:2972} INFO - Setting next_dagrun for example_task_group to 2022-08-20T01:31:36.643809+00:00, run_after=2022-08-21T01:31:36.643809+00:00
[2022-08-21 01:31:37,269] {processor.py:161} INFO - Processing /home/airflow/.local/lib/python3.7/site-packages/airflow/example_dags/example_task_group.py took 4.982 seconds
[2022-08-21 02:25:27,935] {processor.py:153} INFO - Started process (PID=73295) to work on /home/airflow/.local/lib/python3.7/site-packages/airflow/example_dags/example_task_group.py
[2022-08-21 02:25:27,940] {processor.py:641} INFO - Processing file /home/airflow/.local/lib/python3.7/site-packages/airflow/example_dags/example_task_group.py for tasks to queue
[2022-08-21 02:25:27,963] {logging_mixin.py:115} INFO - [2022-08-21 02:25:27,963] {dagbag.py:508} INFO - Filling up the DagBag from /home/airflow/.local/lib/python3.7/site-packages/airflow/example_dags/example_task_group.py
[2022-08-21 02:25:28,051] {processor.py:651} INFO - DAG(s) dict_keys(['example_task_group']) retrieved from /home/airflow/.local/lib/python3.7/site-packages/airflow/example_dags/example_task_group.py
[2022-08-21 02:25:28,154] {processor.py:153} INFO - Started process (PID=70089) to work on /home/airflow/.local/lib/python3.7/site-packages/airflow/example_dags/example_task_group.py
[2022-08-21 02:25:28,163] {processor.py:641} INFO - Processing file /home/airflow/.local/lib/python3.7/site-packages/airflow/example_dags/example_task_group.py for tasks to queue
[2022-08-21 02:25:28,174] {logging_mixin.py:115} INFO - [2022-08-21 02:25:28,174] {dagbag.py:508} INFO - Filling up the DagBag from /home/airflow/.local/lib/python3.7/site-packages/airflow/example_dags/example_task_group.py
[2022-08-21 02:25:28,240] {processor.py:651} INFO - DAG(s) dict_keys(['example_task_group']) retrieved from /home/airflow/.local/lib/python3.7/site-packages/airflow/example_dags/example_task_group.py
[2022-08-21 02:25:28,305] {logging_mixin.py:115} INFO - [2022-08-21 02:25:28,305] {dag.py:2420} INFO - Sync 1 DAGs
[2022-08-21 02:25:28,470] {logging_mixin.py:115} INFO - [2022-08-21 02:25:28,470] {dag.py:2420} INFO - Sync 1 DAGs
[2022-08-21 02:25:28,558] {logging_mixin.py:115} INFO - [2022-08-21 02:25:28,557] {dag.py:2972} INFO - Setting next_dagrun for example_task_group to 2022-08-20T02:25:28.555137+00:00, run_after=2022-08-21T02:25:28.555137+00:00
[2022-08-21 02:25:28,675] {processor.py:161} INFO - Processing /home/airflow/.local/lib/python3.7/site-packages/airflow/example_dags/example_task_group.py took 0.778 seconds
[2022-08-21 02:25:28,685] {logging_mixin.py:115} INFO - [2022-08-21 02:25:28,684] {dag.py:2972} INFO - Setting next_dagrun for example_task_group to 2022-08-20T02:25:28.682853+00:00, run_after=2022-08-21T02:25:28.682853+00:00
[2022-08-21 02:25:28,795] {processor.py:161} INFO - Processing /home/airflow/.local/lib/python3.7/site-packages/airflow/example_dags/example_task_group.py took 0.686 seconds
[2022-08-21 03:12:41,020] {processor.py:153} INFO - Started process (PID=70145) to work on /home/airflow/.local/lib/python3.7/site-packages/airflow/example_dags/example_task_group.py
[2022-08-21 03:12:41,039] {processor.py:641} INFO - Processing file /home/airflow/.local/lib/python3.7/site-packages/airflow/example_dags/example_task_group.py for tasks to queue
[2022-08-21 03:12:41,072] {logging_mixin.py:115} INFO - [2022-08-21 03:12:41,071] {dagbag.py:508} INFO - Filling up the DagBag from /home/airflow/.local/lib/python3.7/site-packages/airflow/example_dags/example_task_group.py
[2022-08-21 03:12:41,588] {processor.py:651} INFO - DAG(s) dict_keys(['example_task_group']) retrieved from /home/airflow/.local/lib/python3.7/site-packages/airflow/example_dags/example_task_group.py
[2022-08-21 03:12:45,355] {logging_mixin.py:115} INFO - [2022-08-21 03:12:45,190] {dag.py:2420} INFO - Sync 1 DAGs
[2022-08-21 03:12:50,647] {logging_mixin.py:115} INFO - [2022-08-21 03:12:50,427] {dag.py:2972} INFO - Setting next_dagrun for example_task_group to 2022-08-20T03:12:50.291463+00:00, run_after=2022-08-21T03:12:50.291463+00:00
[2022-08-21 03:12:57,956] {processor.py:161} INFO - Processing /home/airflow/.local/lib/python3.7/site-packages/airflow/example_dags/example_task_group.py took 17.078 seconds
[2022-08-21 03:13:03,702] {processor.py:153} INFO - Started process (PID=73363) to work on /home/airflow/.local/lib/python3.7/site-packages/airflow/example_dags/example_task_group.py
[2022-08-21 03:13:03,798] {processor.py:641} INFO - Processing file /home/airflow/.local/lib/python3.7/site-packages/airflow/example_dags/example_task_group.py for tasks to queue
[2022-08-21 03:13:03,971] {logging_mixin.py:115} INFO - [2022-08-21 03:13:03,923] {dagbag.py:508} INFO - Filling up the DagBag from /home/airflow/.local/lib/python3.7/site-packages/airflow/example_dags/example_task_group.py
[2022-08-21 03:13:05,489] {processor.py:651} INFO - DAG(s) dict_keys(['example_task_group']) retrieved from /home/airflow/.local/lib/python3.7/site-packages/airflow/example_dags/example_task_group.py
[2022-08-21 03:13:11,381] {logging_mixin.py:115} INFO - [2022-08-21 03:13:11,318] {dag.py:2420} INFO - Sync 1 DAGs
[2022-08-21 03:13:13,500] {logging_mixin.py:115} INFO - [2022-08-21 03:13:13,500] {dag.py:2972} INFO - Setting next_dagrun for example_task_group to 2022-08-20T03:13:13.493871+00:00, run_after=2022-08-21T03:13:13.493871+00:00
[2022-08-21 03:13:15,456] {processor.py:161} INFO - Processing /home/airflow/.local/lib/python3.7/site-packages/airflow/example_dags/example_task_group.py took 12.659 seconds
[2022-08-21 04:18:12,048] {processor.py:153} INFO - Started process (PID=73426) to work on /home/airflow/.local/lib/python3.7/site-packages/airflow/example_dags/example_task_group.py
[2022-08-21 04:18:12,063] {processor.py:641} INFO - Processing file /home/airflow/.local/lib/python3.7/site-packages/airflow/example_dags/example_task_group.py for tasks to queue
[2022-08-21 04:18:12,102] {logging_mixin.py:115} INFO - [2022-08-21 04:18:12,101] {dagbag.py:508} INFO - Filling up the DagBag from /home/airflow/.local/lib/python3.7/site-packages/airflow/example_dags/example_task_group.py
[2022-08-21 04:18:12,273] {processor.py:651} INFO - DAG(s) dict_keys(['example_task_group']) retrieved from /home/airflow/.local/lib/python3.7/site-packages/airflow/example_dags/example_task_group.py
[2022-08-21 04:18:13,529] {logging_mixin.py:115} INFO - [2022-08-21 04:18:13,529] {dag.py:2420} INFO - Sync 1 DAGs
[2022-08-21 04:18:14,338] {logging_mixin.py:115} INFO - [2022-08-21 04:18:14,338] {dag.py:2972} INFO - Setting next_dagrun for example_task_group to 2022-08-20T04:18:14.337822+00:00, run_after=2022-08-21T04:18:14.337822+00:00
[2022-08-21 04:18:15,709] {processor.py:161} INFO - Processing /home/airflow/.local/lib/python3.7/site-packages/airflow/example_dags/example_task_group.py took 3.750 seconds
[2022-08-21 04:18:21,783] {processor.py:153} INFO - Started process (PID=70218) to work on /home/airflow/.local/lib/python3.7/site-packages/airflow/example_dags/example_task_group.py
[2022-08-21 04:18:21,875] {processor.py:641} INFO - Processing file /home/airflow/.local/lib/python3.7/site-packages/airflow/example_dags/example_task_group.py for tasks to queue
[2022-08-21 04:18:21,955] {logging_mixin.py:115} INFO - [2022-08-21 04:18:21,954] {dagbag.py:508} INFO - Filling up the DagBag from /home/airflow/.local/lib/python3.7/site-packages/airflow/example_dags/example_task_group.py
[2022-08-21 04:18:23,872] {processor.py:651} INFO - DAG(s) dict_keys(['example_task_group']) retrieved from /home/airflow/.local/lib/python3.7/site-packages/airflow/example_dags/example_task_group.py
[2022-08-21 04:18:27,071] {logging_mixin.py:115} INFO - [2022-08-21 04:18:27,047] {dag.py:2420} INFO - Sync 1 DAGs
[2022-08-21 04:18:32,450] {logging_mixin.py:115} INFO - [2022-08-21 04:18:32,427] {dag.py:2972} INFO - Setting next_dagrun for example_task_group to 2022-08-20T04:18:32.413388+00:00, run_after=2022-08-21T04:18:32.413388+00:00
[2022-08-21 04:18:33,667] {processor.py:161} INFO - Processing /home/airflow/.local/lib/python3.7/site-packages/airflow/example_dags/example_task_group.py took 13.755 seconds
[2022-08-21 04:49:58,596] {processor.py:153} INFO - Started process (PID=73521) to work on /home/airflow/.local/lib/python3.7/site-packages/airflow/example_dags/example_task_group.py
[2022-08-21 04:49:58,630] {processor.py:641} INFO - Processing file /home/airflow/.local/lib/python3.7/site-packages/airflow/example_dags/example_task_group.py for tasks to queue
[2022-08-21 04:49:58,674] {logging_mixin.py:115} INFO - [2022-08-21 04:49:58,656] {dagbag.py:508} INFO - Filling up the DagBag from /home/airflow/.local/lib/python3.7/site-packages/airflow/example_dags/example_task_group.py
[2022-08-21 04:49:59,713] {processor.py:651} INFO - DAG(s) dict_keys(['example_task_group']) retrieved from /home/airflow/.local/lib/python3.7/site-packages/airflow/example_dags/example_task_group.py
[2022-08-21 04:50:00,679] {logging_mixin.py:115} INFO - [2022-08-21 04:50:00,678] {dag.py:2420} INFO - Sync 1 DAGs
[2022-08-21 04:50:01,345] {logging_mixin.py:115} INFO - [2022-08-21 04:50:01,345] {dag.py:2972} INFO - Setting next_dagrun for example_task_group to 2022-08-20T04:50:01.343664+00:00, run_after=2022-08-21T04:50:01.343664+00:00
[2022-08-21 04:50:01,820] {processor.py:161} INFO - Processing /home/airflow/.local/lib/python3.7/site-packages/airflow/example_dags/example_task_group.py took 3.423 seconds
[2022-08-21 04:50:05,680] {processor.py:153} INFO - Started process (PID=70307) to work on /home/airflow/.local/lib/python3.7/site-packages/airflow/example_dags/example_task_group.py
[2022-08-21 04:50:05,739] {processor.py:641} INFO - Processing file /home/airflow/.local/lib/python3.7/site-packages/airflow/example_dags/example_task_group.py for tasks to queue
[2022-08-21 04:50:05,853] {logging_mixin.py:115} INFO - [2022-08-21 04:50:05,852] {dagbag.py:508} INFO - Filling up the DagBag from /home/airflow/.local/lib/python3.7/site-packages/airflow/example_dags/example_task_group.py
[2022-08-21 04:50:06,411] {processor.py:651} INFO - DAG(s) dict_keys(['example_task_group']) retrieved from /home/airflow/.local/lib/python3.7/site-packages/airflow/example_dags/example_task_group.py
[2022-08-21 04:50:08,304] {logging_mixin.py:115} INFO - [2022-08-21 04:50:08,304] {dag.py:2420} INFO - Sync 1 DAGs
[2022-08-21 04:50:08,415] {logging_mixin.py:115} INFO - [2022-08-21 04:50:08,415] {dag.py:2972} INFO - Setting next_dagrun for example_task_group to 2022-08-20T04:50:08.414418+00:00, run_after=2022-08-21T04:50:08.414418+00:00
[2022-08-21 04:50:09,092] {processor.py:161} INFO - Processing /home/airflow/.local/lib/python3.7/site-packages/airflow/example_dags/example_task_group.py took 3.802 seconds
[2022-08-21 04:52:35,013] {processor.py:153} INFO - Started process (PID=70376) to work on /home/airflow/.local/lib/python3.7/site-packages/airflow/example_dags/example_task_group.py
[2022-08-21 04:52:35,029] {processor.py:641} INFO - Processing file /home/airflow/.local/lib/python3.7/site-packages/airflow/example_dags/example_task_group.py for tasks to queue
[2022-08-21 04:52:35,166] {logging_mixin.py:115} INFO - [2022-08-21 04:52:35,139] {dagbag.py:508} INFO - Filling up the DagBag from /home/airflow/.local/lib/python3.7/site-packages/airflow/example_dags/example_task_group.py
[2022-08-21 04:52:35,930] {processor.py:651} INFO - DAG(s) dict_keys(['example_task_group']) retrieved from /home/airflow/.local/lib/python3.7/site-packages/airflow/example_dags/example_task_group.py
[2022-08-21 04:52:38,529] {logging_mixin.py:115} INFO - [2022-08-21 04:52:38,528] {dag.py:2420} INFO - Sync 1 DAGs
[2022-08-21 04:52:40,842] {logging_mixin.py:115} INFO - [2022-08-21 04:52:40,842] {dag.py:2972} INFO - Setting next_dagrun for example_task_group to 2022-08-20T04:52:40.789343+00:00, run_after=2022-08-21T04:52:40.789343+00:00
[2022-08-21 04:52:41,332] {processor.py:161} INFO - Processing /home/airflow/.local/lib/python3.7/site-packages/airflow/example_dags/example_task_group.py took 6.678 seconds
[2022-08-21 04:52:48,180] {processor.py:153} INFO - Started process (PID=73607) to work on /home/airflow/.local/lib/python3.7/site-packages/airflow/example_dags/example_task_group.py
[2022-08-21 04:52:48,225] {processor.py:641} INFO - Processing file /home/airflow/.local/lib/python3.7/site-packages/airflow/example_dags/example_task_group.py for tasks to queue
[2022-08-21 04:52:48,244] {logging_mixin.py:115} INFO - [2022-08-21 04:52:48,243] {dagbag.py:508} INFO - Filling up the DagBag from /home/airflow/.local/lib/python3.7/site-packages/airflow/example_dags/example_task_group.py
[2022-08-21 04:52:49,501] {processor.py:651} INFO - DAG(s) dict_keys(['example_task_group']) retrieved from /home/airflow/.local/lib/python3.7/site-packages/airflow/example_dags/example_task_group.py
[2022-08-21 04:52:52,965] {logging_mixin.py:115} INFO - [2022-08-21 04:52:52,935] {dag.py:2420} INFO - Sync 1 DAGs
[2022-08-21 04:52:59,001] {logging_mixin.py:115} INFO - [2022-08-21 04:52:59,001] {dag.py:2972} INFO - Setting next_dagrun for example_task_group to 2022-08-20T04:52:59.001120+00:00, run_after=2022-08-21T04:52:59.001120+00:00
[2022-08-21 04:52:59,053] {processor.py:161} INFO - Processing /home/airflow/.local/lib/python3.7/site-packages/airflow/example_dags/example_task_group.py took 11.058 seconds
[2022-08-21 05:18:25,945] {processor.py:153} INFO - Started process (PID=70454) to work on /home/airflow/.local/lib/python3.7/site-packages/airflow/example_dags/example_task_group.py
[2022-08-21 05:18:25,996] {processor.py:641} INFO - Processing file /home/airflow/.local/lib/python3.7/site-packages/airflow/example_dags/example_task_group.py for tasks to queue
[2022-08-21 05:18:26,241] {logging_mixin.py:115} INFO - [2022-08-21 05:18:26,241] {dagbag.py:508} INFO - Filling up the DagBag from /home/airflow/.local/lib/python3.7/site-packages/airflow/example_dags/example_task_group.py
[2022-08-21 05:18:28,140] {processor.py:651} INFO - DAG(s) dict_keys(['example_task_group']) retrieved from /home/airflow/.local/lib/python3.7/site-packages/airflow/example_dags/example_task_group.py
[2022-08-21 05:18:29,921] {logging_mixin.py:115} INFO - [2022-08-21 05:18:29,920] {dag.py:2420} INFO - Sync 1 DAGs
[2022-08-21 05:18:34,204] {logging_mixin.py:115} INFO - [2022-08-21 05:18:34,186] {dag.py:2972} INFO - Setting next_dagrun for example_task_group to 2022-08-20T05:18:34.165854+00:00, run_after=2022-08-21T05:18:34.165854+00:00
[2022-08-21 05:18:35,769] {processor.py:161} INFO - Processing /home/airflow/.local/lib/python3.7/site-packages/airflow/example_dags/example_task_group.py took 10.028 seconds
[2022-08-21 05:20:28,493] {processor.py:153} INFO - Started process (PID=73716) to work on /home/airflow/.local/lib/python3.7/site-packages/airflow/example_dags/example_task_group.py
[2022-08-21 05:20:28,635] {processor.py:641} INFO - Processing file /home/airflow/.local/lib/python3.7/site-packages/airflow/example_dags/example_task_group.py for tasks to queue
[2022-08-21 05:20:28,725] {logging_mixin.py:115} INFO - [2022-08-21 05:20:28,655] {dagbag.py:508} INFO - Filling up the DagBag from /home/airflow/.local/lib/python3.7/site-packages/airflow/example_dags/example_task_group.py
[2022-08-21 05:20:29,831] {processor.py:651} INFO - DAG(s) dict_keys(['example_task_group']) retrieved from /home/airflow/.local/lib/python3.7/site-packages/airflow/example_dags/example_task_group.py
[2022-08-21 05:36:04,618] {logging_mixin.py:115} INFO - [2022-08-21 05:36:04,578] {dag.py:2420} INFO - Sync 1 DAGs
[2022-08-21 06:15:34,260] {processor.py:153} INFO - Started process (PID=70580) to work on /home/airflow/.local/lib/python3.7/site-packages/airflow/example_dags/example_task_group.py
[2022-08-21 06:15:34,274] {processor.py:641} INFO - Processing file /home/airflow/.local/lib/python3.7/site-packages/airflow/example_dags/example_task_group.py for tasks to queue
[2022-08-21 06:15:34,306] {logging_mixin.py:115} INFO - [2022-08-21 06:15:34,306] {dagbag.py:508} INFO - Filling up the DagBag from /home/airflow/.local/lib/python3.7/site-packages/airflow/example_dags/example_task_group.py
[2022-08-21 06:15:34,801] {processor.py:651} INFO - DAG(s) dict_keys(['example_task_group']) retrieved from /home/airflow/.local/lib/python3.7/site-packages/airflow/example_dags/example_task_group.py
[2022-08-21 06:15:36,900] {logging_mixin.py:115} INFO - [2022-08-21 06:15:36,895] {dag.py:2420} INFO - Sync 1 DAGs
[2022-08-21 06:15:38,635] {logging_mixin.py:115} INFO - [2022-08-21 06:15:38,634] {dag.py:2972} INFO - Setting next_dagrun for example_task_group to 2022-08-20T06:15:38.611264+00:00, run_after=2022-08-21T06:15:38.611264+00:00
[2022-08-21 06:15:39,298] {processor.py:161} INFO - Processing /home/airflow/.local/lib/python3.7/site-packages/airflow/example_dags/example_task_group.py took 5.393 seconds
[2022-08-21 07:57:32,969] {processor.py:153} INFO - Started process (PID=70698) to work on /home/airflow/.local/lib/python3.7/site-packages/airflow/example_dags/example_task_group.py
[2022-08-21 07:57:33,015] {processor.py:641} INFO - Processing file /home/airflow/.local/lib/python3.7/site-packages/airflow/example_dags/example_task_group.py for tasks to queue
[2022-08-21 07:57:33,064] {logging_mixin.py:115} INFO - [2022-08-21 07:57:33,063] {dagbag.py:508} INFO - Filling up the DagBag from /home/airflow/.local/lib/python3.7/site-packages/airflow/example_dags/example_task_group.py
[2022-08-21 07:57:33,307] {processor.py:651} INFO - DAG(s) dict_keys(['example_task_group']) retrieved from /home/airflow/.local/lib/python3.7/site-packages/airflow/example_dags/example_task_group.py
[2022-08-21 07:57:37,291] {logging_mixin.py:115} INFO - [2022-08-21 07:57:37,290] {dag.py:2420} INFO - Sync 1 DAGs
[2022-08-21 08:51:21,032] {logging_mixin.py:115} INFO - [2022-08-21 08:51:20,962] {dag.py:2972} INFO - Setting next_dagrun for example_task_group to 2022-08-20T08:51:20.902191+00:00, run_after=2022-08-21T08:51:20.902191+00:00
[2022-08-21 08:51:21,976] {processor.py:161} INFO - Processing /home/airflow/.local/lib/python3.7/site-packages/airflow/example_dags/example_task_group.py took 37.584 seconds
[2022-08-21 09:12:23,837] {processor.py:153} INFO - Started process (PID=70810) to work on /home/airflow/.local/lib/python3.7/site-packages/airflow/example_dags/example_task_group.py
[2022-08-21 09:12:23,890] {processor.py:641} INFO - Processing file /home/airflow/.local/lib/python3.7/site-packages/airflow/example_dags/example_task_group.py for tasks to queue
[2022-08-21 09:12:23,966] {logging_mixin.py:115} INFO - [2022-08-21 09:12:23,965] {dagbag.py:508} INFO - Filling up the DagBag from /home/airflow/.local/lib/python3.7/site-packages/airflow/example_dags/example_task_group.py
[2022-08-21 09:12:25,310] {processor.py:651} INFO - DAG(s) dict_keys(['example_task_group']) retrieved from /home/airflow/.local/lib/python3.7/site-packages/airflow/example_dags/example_task_group.py
[2022-08-21 10:05:58,040] {logging_mixin.py:115} INFO - [2022-08-21 10:05:58,038] {dag.py:2420} INFO - Sync 1 DAGs
[2022-08-21 10:05:58,645] {logging_mixin.py:115} INFO - [2022-08-21 10:05:58,644] {dag.py:2972} INFO - Setting next_dagrun for example_task_group to 2022-08-20T10:05:58.576007+00:00, run_after=2022-08-21T10:05:58.576007+00:00
[2022-08-21 10:05:59,097] {processor.py:161} INFO - Processing /home/airflow/.local/lib/python3.7/site-packages/airflow/example_dags/example_task_group.py took 46.138 seconds
[2022-08-21 11:25:36,539] {processor.py:153} INFO - Started process (PID=70923) to work on /home/airflow/.local/lib/python3.7/site-packages/airflow/example_dags/example_task_group.py
[2022-08-21 11:25:36,560] {processor.py:641} INFO - Processing file /home/airflow/.local/lib/python3.7/site-packages/airflow/example_dags/example_task_group.py for tasks to queue
[2022-08-21 11:25:36,634] {logging_mixin.py:115} INFO - [2022-08-21 11:25:36,633] {dagbag.py:508} INFO - Filling up the DagBag from /home/airflow/.local/lib/python3.7/site-packages/airflow/example_dags/example_task_group.py
[2022-08-21 11:25:37,608] {processor.py:651} INFO - DAG(s) dict_keys(['example_task_group']) retrieved from /home/airflow/.local/lib/python3.7/site-packages/airflow/example_dags/example_task_group.py
[2022-08-21 20:08:01,275] {logging_mixin.py:115} INFO - [2022-08-21 20:08:01,274] {dag.py:2420} INFO - Sync 1 DAGs
[2022-08-21 20:08:01,740] {logging_mixin.py:115} INFO - [2022-08-21 20:08:01,739] {dag.py:2972} INFO - Setting next_dagrun for example_task_group to 2022-08-20T20:08:01.726524+00:00, run_after=2022-08-21T20:08:01.726524+00:00
[2022-08-21 20:08:02,036] {processor.py:161} INFO - Processing /home/airflow/.local/lib/python3.7/site-packages/airflow/example_dags/example_task_group.py took 36.817 seconds
