[2022-08-21 01:20:17,772] {processor.py:153} INFO - Started process (PID=73163) to work on /home/airflow/.local/lib/python3.7/site-packages/airflow/example_dags/tutorial_taskflow_api_etl.py
[2022-08-21 01:20:17,773] {processor.py:641} INFO - Processing file /home/airflow/.local/lib/python3.7/site-packages/airflow/example_dags/tutorial_taskflow_api_etl.py for tasks to queue
[2022-08-21 01:20:17,775] {logging_mixin.py:115} INFO - [2022-08-21 01:20:17,775] {dagbag.py:508} INFO - Filling up the DagBag from /home/airflow/.local/lib/python3.7/site-packages/airflow/example_dags/tutorial_taskflow_api_etl.py
[2022-08-21 01:20:17,872] {processor.py:651} INFO - DAG(s) dict_keys(['tutorial_taskflow_api_etl']) retrieved from /home/airflow/.local/lib/python3.7/site-packages/airflow/example_dags/tutorial_taskflow_api_etl.py
[2022-08-21 01:20:18,158] {logging_mixin.py:115} INFO - [2022-08-21 01:20:18,157] {dag.py:2420} INFO - Sync 1 DAGs
[2022-08-21 01:20:18,234] {logging_mixin.py:115} INFO - [2022-08-21 01:20:18,234] {dag.py:2972} INFO - Setting next_dagrun for tutorial_taskflow_api_etl to None, run_after=None
[2022-08-21 01:20:18,295] {processor.py:161} INFO - Processing /home/airflow/.local/lib/python3.7/site-packages/airflow/example_dags/tutorial_taskflow_api_etl.py took 0.531 seconds
[2022-08-21 01:20:19,938] {processor.py:153} INFO - Started process (PID=69965) to work on /home/airflow/.local/lib/python3.7/site-packages/airflow/example_dags/tutorial_taskflow_api_etl.py
[2022-08-21 01:20:19,945] {processor.py:641} INFO - Processing file /home/airflow/.local/lib/python3.7/site-packages/airflow/example_dags/tutorial_taskflow_api_etl.py for tasks to queue
[2022-08-21 01:20:19,947] {logging_mixin.py:115} INFO - [2022-08-21 01:20:19,946] {dagbag.py:508} INFO - Filling up the DagBag from /home/airflow/.local/lib/python3.7/site-packages/airflow/example_dags/tutorial_taskflow_api_etl.py
[2022-08-21 01:20:20,040] {processor.py:651} INFO - DAG(s) dict_keys(['tutorial_taskflow_api_etl']) retrieved from /home/airflow/.local/lib/python3.7/site-packages/airflow/example_dags/tutorial_taskflow_api_etl.py
[2022-08-21 01:20:20,114] {logging_mixin.py:115} INFO - [2022-08-21 01:20:20,114] {dag.py:2420} INFO - Sync 1 DAGs
[2022-08-21 01:20:20,228] {logging_mixin.py:115} INFO - [2022-08-21 01:20:20,228] {dag.py:2972} INFO - Setting next_dagrun for tutorial_taskflow_api_etl to None, run_after=None
[2022-08-21 01:20:20,284] {processor.py:161} INFO - Processing /home/airflow/.local/lib/python3.7/site-packages/airflow/example_dags/tutorial_taskflow_api_etl.py took 0.364 seconds
[2022-08-21 02:10:37,644] {processor.py:153} INFO - Started process (PID=73280) to work on /home/airflow/.local/lib/python3.7/site-packages/airflow/example_dags/tutorial_taskflow_api_etl.py
[2022-08-21 02:10:37,666] {processor.py:641} INFO - Processing file /home/airflow/.local/lib/python3.7/site-packages/airflow/example_dags/tutorial_taskflow_api_etl.py for tasks to queue
[2022-08-21 02:10:37,672] {logging_mixin.py:115} INFO - [2022-08-21 02:10:37,672] {dagbag.py:508} INFO - Filling up the DagBag from /home/airflow/.local/lib/python3.7/site-packages/airflow/example_dags/tutorial_taskflow_api_etl.py
[2022-08-21 02:10:38,227] {processor.py:651} INFO - DAG(s) dict_keys(['tutorial_taskflow_api_etl']) retrieved from /home/airflow/.local/lib/python3.7/site-packages/airflow/example_dags/tutorial_taskflow_api_etl.py
[2022-08-21 02:10:39,944] {logging_mixin.py:115} INFO - [2022-08-21 02:10:39,944] {dag.py:2420} INFO - Sync 1 DAGs
[2022-08-21 02:10:40,271] {logging_mixin.py:115} INFO - [2022-08-21 02:10:40,271] {dag.py:2972} INFO - Setting next_dagrun for tutorial_taskflow_api_etl to None, run_after=None
[2022-08-21 02:10:40,462] {processor.py:161} INFO - Processing /home/airflow/.local/lib/python3.7/site-packages/airflow/example_dags/tutorial_taskflow_api_etl.py took 2.847 seconds
[2022-08-21 02:10:41,381] {processor.py:153} INFO - Started process (PID=70076) to work on /home/airflow/.local/lib/python3.7/site-packages/airflow/example_dags/tutorial_taskflow_api_etl.py
[2022-08-21 02:10:41,393] {processor.py:641} INFO - Processing file /home/airflow/.local/lib/python3.7/site-packages/airflow/example_dags/tutorial_taskflow_api_etl.py for tasks to queue
[2022-08-21 02:10:41,396] {logging_mixin.py:115} INFO - [2022-08-21 02:10:41,396] {dagbag.py:508} INFO - Filling up the DagBag from /home/airflow/.local/lib/python3.7/site-packages/airflow/example_dags/tutorial_taskflow_api_etl.py
[2022-08-21 02:10:41,596] {processor.py:651} INFO - DAG(s) dict_keys(['tutorial_taskflow_api_etl']) retrieved from /home/airflow/.local/lib/python3.7/site-packages/airflow/example_dags/tutorial_taskflow_api_etl.py
[2022-08-21 02:10:41,731] {logging_mixin.py:115} INFO - [2022-08-21 02:10:41,731] {dag.py:2420} INFO - Sync 1 DAGs
[2022-08-21 02:25:25,342] {logging_mixin.py:115} INFO - [2022-08-21 02:25:25,342] {dag.py:2972} INFO - Setting next_dagrun for tutorial_taskflow_api_etl to None, run_after=None
[2022-08-21 02:25:25,478] {processor.py:161} INFO - Processing /home/airflow/.local/lib/python3.7/site-packages/airflow/example_dags/tutorial_taskflow_api_etl.py took 0.899 seconds
[2022-08-21 03:12:37,293] {processor.py:153} INFO - Started process (PID=73350) to work on /home/airflow/.local/lib/python3.7/site-packages/airflow/example_dags/tutorial_taskflow_api_etl.py
[2022-08-21 03:12:37,297] {processor.py:641} INFO - Processing file /home/airflow/.local/lib/python3.7/site-packages/airflow/example_dags/tutorial_taskflow_api_etl.py for tasks to queue
[2022-08-21 03:12:37,299] {logging_mixin.py:115} INFO - [2022-08-21 03:12:37,299] {dagbag.py:508} INFO - Filling up the DagBag from /home/airflow/.local/lib/python3.7/site-packages/airflow/example_dags/tutorial_taskflow_api_etl.py
[2022-08-21 03:12:37,359] {processor.py:651} INFO - DAG(s) dict_keys(['tutorial_taskflow_api_etl']) retrieved from /home/airflow/.local/lib/python3.7/site-packages/airflow/example_dags/tutorial_taskflow_api_etl.py
[2022-08-21 03:12:37,542] {logging_mixin.py:115} INFO - [2022-08-21 03:12:37,542] {dag.py:2420} INFO - Sync 1 DAGs
[2022-08-21 03:12:37,600] {logging_mixin.py:115} INFO - [2022-08-21 03:12:37,599] {dag.py:2972} INFO - Setting next_dagrun for tutorial_taskflow_api_etl to None, run_after=None
[2022-08-21 03:12:37,643] {processor.py:161} INFO - Processing /home/airflow/.local/lib/python3.7/site-packages/airflow/example_dags/tutorial_taskflow_api_etl.py took 0.361 seconds
[2022-08-21 04:03:09,842] {processor.py:153} INFO - Started process (PID=70198) to work on /home/airflow/.local/lib/python3.7/site-packages/airflow/example_dags/tutorial_taskflow_api_etl.py
[2022-08-21 04:03:09,867] {processor.py:641} INFO - Processing file /home/airflow/.local/lib/python3.7/site-packages/airflow/example_dags/tutorial_taskflow_api_etl.py for tasks to queue
[2022-08-21 04:03:09,902] {logging_mixin.py:115} INFO - [2022-08-21 04:03:09,901] {dagbag.py:508} INFO - Filling up the DagBag from /home/airflow/.local/lib/python3.7/site-packages/airflow/example_dags/tutorial_taskflow_api_etl.py
[2022-08-21 04:03:12,016] {processor.py:651} INFO - DAG(s) dict_keys(['tutorial_taskflow_api_etl']) retrieved from /home/airflow/.local/lib/python3.7/site-packages/airflow/example_dags/tutorial_taskflow_api_etl.py
[2022-08-21 04:49:36,505] {processor.py:153} INFO - Started process (PID=73506) to work on /home/airflow/.local/lib/python3.7/site-packages/airflow/example_dags/tutorial_taskflow_api_etl.py
[2022-08-21 04:49:36,535] {processor.py:641} INFO - Processing file /home/airflow/.local/lib/python3.7/site-packages/airflow/example_dags/tutorial_taskflow_api_etl.py for tasks to queue
[2022-08-21 04:49:36,546] {logging_mixin.py:115} INFO - [2022-08-21 04:49:36,545] {dagbag.py:508} INFO - Filling up the DagBag from /home/airflow/.local/lib/python3.7/site-packages/airflow/example_dags/tutorial_taskflow_api_etl.py
[2022-08-21 04:49:38,489] {processor.py:651} INFO - DAG(s) dict_keys(['tutorial_taskflow_api_etl']) retrieved from /home/airflow/.local/lib/python3.7/site-packages/airflow/example_dags/tutorial_taskflow_api_etl.py
[2022-08-21 04:49:42,827] {logging_mixin.py:115} INFO - [2022-08-21 04:49:42,823] {dag.py:2420} INFO - Sync 1 DAGs
[2022-08-21 04:49:44,700] {logging_mixin.py:115} INFO - [2022-08-21 04:49:44,695] {dag.py:2972} INFO - Setting next_dagrun for tutorial_taskflow_api_etl to None, run_after=None
[2022-08-21 04:49:45,324] {processor.py:161} INFO - Processing /home/airflow/.local/lib/python3.7/site-packages/airflow/example_dags/tutorial_taskflow_api_etl.py took 8.875 seconds
[2022-08-21 04:49:49,364] {processor.py:153} INFO - Started process (PID=70295) to work on /home/airflow/.local/lib/python3.7/site-packages/airflow/example_dags/tutorial_taskflow_api_etl.py
[2022-08-21 04:49:49,388] {processor.py:641} INFO - Processing file /home/airflow/.local/lib/python3.7/site-packages/airflow/example_dags/tutorial_taskflow_api_etl.py for tasks to queue
[2022-08-21 04:49:49,423] {logging_mixin.py:115} INFO - [2022-08-21 04:49:49,422] {dagbag.py:508} INFO - Filling up the DagBag from /home/airflow/.local/lib/python3.7/site-packages/airflow/example_dags/tutorial_taskflow_api_etl.py
[2022-08-21 04:49:50,991] {processor.py:651} INFO - DAG(s) dict_keys(['tutorial_taskflow_api_etl']) retrieved from /home/airflow/.local/lib/python3.7/site-packages/airflow/example_dags/tutorial_taskflow_api_etl.py
[2022-08-21 04:49:52,752] {logging_mixin.py:115} INFO - [2022-08-21 04:49:52,751] {dag.py:2420} INFO - Sync 1 DAGs
[2022-08-21 04:49:54,963] {logging_mixin.py:115} INFO - [2022-08-21 04:49:54,962] {dag.py:2972} INFO - Setting next_dagrun for tutorial_taskflow_api_etl to None, run_after=None
[2022-08-21 04:49:55,377] {processor.py:161} INFO - Processing /home/airflow/.local/lib/python3.7/site-packages/airflow/example_dags/tutorial_taskflow_api_etl.py took 6.273 seconds
[2022-08-21 05:11:25,110] {processor.py:153} INFO - Started process (PID=70438) to work on /home/airflow/.local/lib/python3.7/site-packages/airflow/example_dags/tutorial_taskflow_api_etl.py
[2022-08-21 05:11:25,157] {processor.py:641} INFO - Processing file /home/airflow/.local/lib/python3.7/site-packages/airflow/example_dags/tutorial_taskflow_api_etl.py for tasks to queue
[2022-08-21 05:11:25,192] {logging_mixin.py:115} INFO - [2022-08-21 05:11:25,191] {dagbag.py:508} INFO - Filling up the DagBag from /home/airflow/.local/lib/python3.7/site-packages/airflow/example_dags/tutorial_taskflow_api_etl.py
[2022-08-21 05:11:28,404] {processor.py:651} INFO - DAG(s) dict_keys(['tutorial_taskflow_api_etl']) retrieved from /home/airflow/.local/lib/python3.7/site-packages/airflow/example_dags/tutorial_taskflow_api_etl.py
[2022-08-21 05:11:36,583] {logging_mixin.py:115} INFO - [2022-08-21 05:11:36,544] {dag.py:2420} INFO - Sync 1 DAGs
[2022-08-21 05:11:38,680] {logging_mixin.py:115} INFO - [2022-08-21 05:11:38,680] {dag.py:2972} INFO - Setting next_dagrun for tutorial_taskflow_api_etl to None, run_after=None
[2022-08-21 05:18:21,010] {processor.py:161} INFO - Processing /home/airflow/.local/lib/python3.7/site-packages/airflow/example_dags/tutorial_taskflow_api_etl.py took 43.171 seconds
[2022-08-21 05:18:27,369] {processor.py:153} INFO - Started process (PID=73681) to work on /home/airflow/.local/lib/python3.7/site-packages/airflow/example_dags/tutorial_taskflow_api_etl.py
[2022-08-21 05:18:27,416] {processor.py:641} INFO - Processing file /home/airflow/.local/lib/python3.7/site-packages/airflow/example_dags/tutorial_taskflow_api_etl.py for tasks to queue
[2022-08-21 05:18:27,477] {logging_mixin.py:115} INFO - [2022-08-21 05:18:27,476] {dagbag.py:508} INFO - Filling up the DagBag from /home/airflow/.local/lib/python3.7/site-packages/airflow/example_dags/tutorial_taskflow_api_etl.py
[2022-08-21 05:18:29,868] {processor.py:651} INFO - DAG(s) dict_keys(['tutorial_taskflow_api_etl']) retrieved from /home/airflow/.local/lib/python3.7/site-packages/airflow/example_dags/tutorial_taskflow_api_etl.py
[2022-08-21 05:18:39,037] {logging_mixin.py:115} INFO - [2022-08-21 05:18:39,008] {dag.py:2420} INFO - Sync 1 DAGs
[2022-08-21 05:18:40,679] {logging_mixin.py:115} INFO - [2022-08-21 05:18:40,649] {dag.py:2972} INFO - Setting next_dagrun for tutorial_taskflow_api_etl to None, run_after=None
[2022-08-21 05:18:41,430] {processor.py:161} INFO - Processing /home/airflow/.local/lib/python3.7/site-packages/airflow/example_dags/tutorial_taskflow_api_etl.py took 14.581 seconds
[2022-08-21 07:56:55,473] {processor.py:153} INFO - Started process (PID=70679) to work on /home/airflow/.local/lib/python3.7/site-packages/airflow/example_dags/tutorial_taskflow_api_etl.py
[2022-08-21 07:56:55,502] {processor.py:641} INFO - Processing file /home/airflow/.local/lib/python3.7/site-packages/airflow/example_dags/tutorial_taskflow_api_etl.py for tasks to queue
[2022-08-21 07:56:55,527] {logging_mixin.py:115} INFO - [2022-08-21 07:56:55,526] {dagbag.py:508} INFO - Filling up the DagBag from /home/airflow/.local/lib/python3.7/site-packages/airflow/example_dags/tutorial_taskflow_api_etl.py
[2022-08-21 07:56:57,246] {processor.py:651} INFO - DAG(s) dict_keys(['tutorial_taskflow_api_etl']) retrieved from /home/airflow/.local/lib/python3.7/site-packages/airflow/example_dags/tutorial_taskflow_api_etl.py
[2022-08-21 07:57:04,467] {logging_mixin.py:115} INFO - [2022-08-21 07:57:04,467] {dag.py:2420} INFO - Sync 1 DAGs
[2022-08-21 07:57:05,926] {logging_mixin.py:115} INFO - [2022-08-21 07:57:05,925] {dag.py:2972} INFO - Setting next_dagrun for tutorial_taskflow_api_etl to None, run_after=None
[2022-08-21 07:57:06,570] {processor.py:161} INFO - Processing /home/airflow/.local/lib/python3.7/site-packages/airflow/example_dags/tutorial_taskflow_api_etl.py took 11.298 seconds
[2022-08-21 11:25:14,337] {processor.py:153} INFO - Started process (PID=70905) to work on /home/airflow/.local/lib/python3.7/site-packages/airflow/example_dags/tutorial_taskflow_api_etl.py
[2022-08-21 11:25:14,339] {processor.py:641} INFO - Processing file /home/airflow/.local/lib/python3.7/site-packages/airflow/example_dags/tutorial_taskflow_api_etl.py for tasks to queue
[2022-08-21 11:25:14,341] {logging_mixin.py:115} INFO - [2022-08-21 11:25:14,341] {dagbag.py:508} INFO - Filling up the DagBag from /home/airflow/.local/lib/python3.7/site-packages/airflow/example_dags/tutorial_taskflow_api_etl.py
[2022-08-21 11:25:14,448] {processor.py:651} INFO - DAG(s) dict_keys(['tutorial_taskflow_api_etl']) retrieved from /home/airflow/.local/lib/python3.7/site-packages/airflow/example_dags/tutorial_taskflow_api_etl.py
[2022-08-21 11:25:15,062] {logging_mixin.py:115} INFO - [2022-08-21 11:25:15,062] {dag.py:2420} INFO - Sync 1 DAGs
[2022-08-21 11:25:15,327] {logging_mixin.py:115} INFO - [2022-08-21 11:25:15,327] {dag.py:2972} INFO - Setting next_dagrun for tutorial_taskflow_api_etl to None, run_after=None
[2022-08-21 11:25:15,418] {processor.py:161} INFO - Processing /home/airflow/.local/lib/python3.7/site-packages/airflow/example_dags/tutorial_taskflow_api_etl.py took 1.092 seconds
