[2022-08-24 19:23:26,604] {taskinstance.py:1179} INFO - Dependencies all met for <TaskInstance: dynamically_branching1.check_table_exist scheduled__2022-07-09T00:00:00+00:00 [queued]>
[2022-08-24 19:23:26,655] {taskinstance.py:1179} INFO - Dependencies all met for <TaskInstance: dynamically_branching1.check_table_exist scheduled__2022-07-09T00:00:00+00:00 [queued]>
[2022-08-24 19:23:26,658] {taskinstance.py:1376} INFO - 
--------------------------------------------------------------------------------
[2022-08-24 19:23:26,660] {taskinstance.py:1377} INFO - Starting attempt 1 of 1
[2022-08-24 19:23:26,661] {taskinstance.py:1378} INFO - 
--------------------------------------------------------------------------------
[2022-08-24 19:23:26,745] {taskinstance.py:1397} INFO - Executing <Task(BranchPythonOperator): check_table_exist> on 2022-07-09 00:00:00+00:00
[2022-08-24 19:23:26,774] {standard_task_runner.py:52} INFO - Started process 11596 to run task
[2022-08-24 19:23:26,822] {standard_task_runner.py:79} INFO - Running: ['***', 'tasks', 'run', 'dynamically_branching1', 'check_table_exist', 'scheduled__2022-07-09T00:00:00+00:00', '--job-id', '3171', '--raw', '--subdir', 'DAGS_FOLDER/jobs_dag.py', '--cfg-path', '/tmp/tmpcy1mbrni', '--error-file', '/tmp/tmp8kle7kku']
[2022-08-24 19:23:26,824] {standard_task_runner.py:80} INFO - Job 3171: Subtask check_table_exist
[2022-08-24 19:23:27,165] {task_command.py:371} INFO - Running <TaskInstance: dynamically_branching1.check_table_exist scheduled__2022-07-09T00:00:00+00:00 [running]> on host 9d5d2a77e6ba
[2022-08-24 19:23:27,397] {taskinstance.py:1591} INFO - Exporting the following env vars:
AIRFLOW_CTX_DAG_OWNER=***
AIRFLOW_CTX_DAG_ID=dynamically_branching1
AIRFLOW_CTX_TASK_ID=check_table_exist
AIRFLOW_CTX_EXECUTION_DATE=2022-07-09T00:00:00+00:00
AIRFLOW_CTX_TRY_NUMBER=1
AIRFLOW_CTX_DAG_RUN_ID=scheduled__2022-07-09T00:00:00+00:00
[2022-08-24 19:23:27,401] {python.py:173} INFO - Done. Returned value was: insert_row
[2022-08-24 19:23:27,402] {skipmixin.py:140} INFO - Following branch insert_row
[2022-08-24 19:23:27,403] {skipmixin.py:175} INFO - Skipping tasks ['create_table']
[2022-08-24 19:23:27,576] {taskinstance.py:1420} INFO - Marking task as SUCCESS. dag_id=dynamically_branching1, task_id=check_table_exist, execution_date=20220709T000000, start_date=20220824T192326, end_date=20220824T192327
[2022-08-24 19:23:27,709] {local_task_job.py:156} INFO - Task exited with return code 0
[2022-08-24 19:23:27,859] {local_task_job.py:273} INFO - 0 downstream tasks scheduled from follow-on schedule check
