[2022-08-19 20:54:13,253] {taskinstance.py:1179} INFO - Dependencies all met for <TaskInstance: loop_hello_world_1.hello_world scheduled__2022-03-26T00:00:00+00:00 [queued]>
[2022-08-19 20:54:13,309] {taskinstance.py:1179} INFO - Dependencies all met for <TaskInstance: loop_hello_world_1.hello_world scheduled__2022-03-26T00:00:00+00:00 [queued]>
[2022-08-19 20:54:13,311] {taskinstance.py:1376} INFO - 
--------------------------------------------------------------------------------
[2022-08-19 20:54:13,312] {taskinstance.py:1377} INFO - Starting attempt 1 of 1
[2022-08-19 20:54:13,312] {taskinstance.py:1378} INFO - 
--------------------------------------------------------------------------------
[2022-08-19 20:54:13,455] {taskinstance.py:1397} INFO - Executing <Task(PythonOperator): hello_world> on 2022-03-26 00:00:00+00:00
[2022-08-19 20:54:13,485] {standard_task_runner.py:52} INFO - Started process 16827 to run task
[2022-08-19 20:54:13,524] {standard_task_runner.py:79} INFO - Running: ['***', 'tasks', 'run', 'loop_hello_world_1', 'hello_world', 'scheduled__2022-03-26T00:00:00+00:00', '--job-id', '535', '--raw', '--subdir', 'DAGS_FOLDER/practiceDag1.py', '--cfg-path', '/tmp/tmpuz6f7c06', '--error-file', '/tmp/tmp7yu7su0u']
[2022-08-19 20:54:13,530] {standard_task_runner.py:80} INFO - Job 535: Subtask hello_world
[2022-08-19 20:54:14,110] {task_command.py:371} INFO - Running <TaskInstance: loop_hello_world_1.hello_world scheduled__2022-03-26T00:00:00+00:00 [running]> on host 9d5d2a77e6ba
[2022-08-19 20:54:14,982] {taskinstance.py:1591} INFO - Exporting the following env vars:
AIRFLOW_CTX_DAG_OWNER=***
AIRFLOW_CTX_DAG_ID=loop_hello_world_1
AIRFLOW_CTX_TASK_ID=hello_world
AIRFLOW_CTX_EXECUTION_DATE=2022-03-26T00:00:00+00:00
AIRFLOW_CTX_TRY_NUMBER=1
AIRFLOW_CTX_DAG_RUN_ID=scheduled__2022-03-26T00:00:00+00:00
[2022-08-19 20:54:14,984] {logging_mixin.py:115} INFO - Hello World
[2022-08-19 20:54:14,985] {logging_mixin.py:115} INFO - This is DAG: 1
[2022-08-19 20:54:14,986] {python.py:173} INFO - Done. Returned value was: None
[2022-08-19 20:54:15,122] {taskinstance.py:1420} INFO - Marking task as SUCCESS. dag_id=loop_hello_world_1, task_id=hello_world, execution_date=20220326T000000, start_date=20220819T205413, end_date=20220819T205415
[2022-08-19 20:54:15,341] {local_task_job.py:156} INFO - Task exited with return code 0
[2022-08-19 20:54:15,647] {local_task_job.py:273} INFO - 0 downstream tasks scheduled from follow-on schedule check
