[2022-09-01 22:02:28,852] {taskinstance.py:1179} INFO - Dependencies all met for <TaskInstance: dynamically_branching1.check_table_exist manual__2022-09-01T22:02:26.600325+00:00 [queued]>
[2022-09-01 22:02:28,877] {taskinstance.py:1179} INFO - Dependencies all met for <TaskInstance: dynamically_branching1.check_table_exist manual__2022-09-01T22:02:26.600325+00:00 [queued]>
[2022-09-01 22:02:28,886] {taskinstance.py:1376} INFO - 
--------------------------------------------------------------------------------
[2022-09-01 22:02:28,887] {taskinstance.py:1377} INFO - Starting attempt 1 of 1
[2022-09-01 22:02:28,891] {taskinstance.py:1378} INFO - 
--------------------------------------------------------------------------------
[2022-09-01 22:02:28,924] {taskinstance.py:1397} INFO - Executing <Task(BranchPythonOperator): check_table_exist> on 2022-09-01 22:02:26.600325+00:00
[2022-09-01 22:02:28,934] {standard_task_runner.py:52} INFO - Started process 94085 to run task
[2022-09-01 22:02:28,941] {standard_task_runner.py:79} INFO - Running: ['***', 'tasks', 'run', 'dynamically_branching1', 'check_table_exist', 'manual__2022-09-01T22:02:26.600325+00:00', '--job-id', '3696', '--raw', '--subdir', 'DAGS_FOLDER/jobs_dag.py', '--cfg-path', '/tmp/tmp14b786mb', '--error-file', '/tmp/tmpxj4yud9p']
[2022-09-01 22:02:28,942] {standard_task_runner.py:80} INFO - Job 3696: Subtask check_table_exist
[2022-09-01 22:02:29,118] {task_command.py:371} INFO - Running <TaskInstance: dynamically_branching1.check_table_exist manual__2022-09-01T22:02:26.600325+00:00 [running]> on host 9d5d2a77e6ba
[2022-09-01 22:02:29,304] {taskinstance.py:1591} INFO - Exporting the following env vars:
AIRFLOW_CTX_DAG_OWNER=***
AIRFLOW_CTX_DAG_ID=dynamically_branching1
AIRFLOW_CTX_TASK_ID=check_table_exist
AIRFLOW_CTX_EXECUTION_DATE=2022-09-01T22:02:26.600325+00:00
AIRFLOW_CTX_TRY_NUMBER=1
AIRFLOW_CTX_DAG_RUN_ID=manual__2022-09-01T22:02:26.600325+00:00
[2022-09-01 22:02:29,306] {python.py:173} INFO - Done. Returned value was: insert_row
[2022-09-01 22:02:29,308] {skipmixin.py:140} INFO - Following branch insert_row
[2022-09-01 22:02:29,316] {skipmixin.py:175} INFO - Skipping tasks ['create_table']
[2022-09-01 22:02:29,437] {taskinstance.py:1420} INFO - Marking task as SUCCESS. dag_id=dynamically_branching1, task_id=check_table_exist, execution_date=20220901T220226, start_date=20220901T220228, end_date=20220901T220229
[2022-09-01 22:02:29,519] {local_task_job.py:156} INFO - Task exited with return code 0
[2022-09-01 22:02:29,702] {local_task_job.py:273} INFO - 1 downstream tasks scheduled from follow-on schedule check
