[2022-08-21 01:19:35,045] {processor.py:153} INFO - Started process (PID=73105) to work on /opt/airflow/dags/my_dag.py
[2022-08-21 01:19:35,059] {processor.py:641} INFO - Processing file /opt/airflow/dags/my_dag.py for tasks to queue
[2022-08-21 01:19:35,080] {logging_mixin.py:115} INFO - [2022-08-21 01:19:35,079] {dagbag.py:508} INFO - Filling up the DagBag from /opt/airflow/dags/my_dag.py
[2022-08-21 01:19:35,612] {processor.py:651} INFO - DAG(s) dict_keys(['my_dag']) retrieved from /opt/airflow/dags/my_dag.py
[2022-08-21 01:19:36,797] {logging_mixin.py:115} INFO - [2022-08-21 01:19:36,797] {dag.py:2420} INFO - Sync 1 DAGs
[2022-08-21 01:19:37,789] {logging_mixin.py:115} INFO - [2022-08-21 01:19:37,788] {dag.py:2972} INFO - Setting next_dagrun for my_dag to 2022-08-20T00:00:00+00:00, run_after=2022-08-21T00:00:00+00:00
[2022-08-21 01:19:38,056] {processor.py:161} INFO - Processing /opt/airflow/dags/my_dag.py took 3.066 seconds
[2022-08-21 01:19:48,418] {processor.py:153} INFO - Started process (PID=69926) to work on /opt/airflow/dags/my_dag.py
[2022-08-21 01:19:48,436] {processor.py:641} INFO - Processing file /opt/airflow/dags/my_dag.py for tasks to queue
[2022-08-21 01:19:48,490] {logging_mixin.py:115} INFO - [2022-08-21 01:19:48,466] {dagbag.py:508} INFO - Filling up the DagBag from /opt/airflow/dags/my_dag.py
[2022-08-21 01:19:49,582] {processor.py:651} INFO - DAG(s) dict_keys(['my_dag']) retrieved from /opt/airflow/dags/my_dag.py
[2022-08-21 01:19:51,834] {logging_mixin.py:115} INFO - [2022-08-21 01:19:51,834] {dag.py:2420} INFO - Sync 1 DAGs
[2022-08-21 01:19:52,954] {logging_mixin.py:115} INFO - [2022-08-21 01:19:52,940] {dag.py:2972} INFO - Setting next_dagrun for my_dag to 2022-08-20T00:00:00+00:00, run_after=2022-08-21T00:00:00+00:00
[2022-08-21 01:19:53,471] {processor.py:161} INFO - Processing /opt/airflow/dags/my_dag.py took 5.330 seconds
[2022-08-21 01:20:18,753] {processor.py:153} INFO - Started process (PID=73170) to work on /opt/airflow/dags/my_dag.py
[2022-08-21 01:20:18,756] {processor.py:641} INFO - Processing file /opt/airflow/dags/my_dag.py for tasks to queue
[2022-08-21 01:20:18,759] {logging_mixin.py:115} INFO - [2022-08-21 01:20:18,759] {dagbag.py:508} INFO - Filling up the DagBag from /opt/airflow/dags/my_dag.py
[2022-08-21 01:20:18,811] {processor.py:651} INFO - DAG(s) dict_keys(['my_dag']) retrieved from /opt/airflow/dags/my_dag.py
[2022-08-21 01:20:18,880] {logging_mixin.py:115} INFO - [2022-08-21 01:20:18,879] {dag.py:2420} INFO - Sync 1 DAGs
[2022-08-21 01:20:18,934] {logging_mixin.py:115} INFO - [2022-08-21 01:20:18,934] {dag.py:2972} INFO - Setting next_dagrun for my_dag to 2022-08-20T00:00:00+00:00, run_after=2022-08-21T00:00:00+00:00
[2022-08-21 01:20:18,978] {processor.py:161} INFO - Processing /opt/airflow/dags/my_dag.py took 0.237 seconds
[2022-08-21 01:20:24,806] {processor.py:153} INFO - Started process (PID=69976) to work on /opt/airflow/dags/my_dag.py
[2022-08-21 01:20:24,834] {processor.py:641} INFO - Processing file /opt/airflow/dags/my_dag.py for tasks to queue
[2022-08-21 01:20:24,856] {logging_mixin.py:115} INFO - [2022-08-21 01:20:24,855] {dagbag.py:508} INFO - Filling up the DagBag from /opt/airflow/dags/my_dag.py
[2022-08-21 01:20:25,339] {processor.py:651} INFO - DAG(s) dict_keys(['my_dag']) retrieved from /opt/airflow/dags/my_dag.py
[2022-08-21 01:20:26,416] {logging_mixin.py:115} INFO - [2022-08-21 01:20:26,416] {dag.py:2420} INFO - Sync 1 DAGs
[2022-08-21 01:20:27,444] {logging_mixin.py:115} INFO - [2022-08-21 01:20:27,443] {dag.py:2972} INFO - Setting next_dagrun for my_dag to 2022-08-20T00:00:00+00:00, run_after=2022-08-21T00:00:00+00:00
[2022-08-21 01:31:21,947] {processor.py:161} INFO - Processing /opt/airflow/dags/my_dag.py took 3.215 seconds
[2022-08-21 01:31:23,728] {processor.py:153} INFO - Started process (PID=73182) to work on /opt/airflow/dags/my_dag.py
[2022-08-21 01:31:23,740] {processor.py:641} INFO - Processing file /opt/airflow/dags/my_dag.py for tasks to queue
[2022-08-21 01:31:23,759] {logging_mixin.py:115} INFO - [2022-08-21 01:31:23,759] {dagbag.py:508} INFO - Filling up the DagBag from /opt/airflow/dags/my_dag.py
[2022-08-21 01:31:24,559] {processor.py:651} INFO - DAG(s) dict_keys(['my_dag']) retrieved from /opt/airflow/dags/my_dag.py
[2022-08-21 01:31:25,685] {logging_mixin.py:115} INFO - [2022-08-21 01:31:25,685] {dag.py:2420} INFO - Sync 1 DAGs
[2022-08-21 01:31:26,130] {logging_mixin.py:115} INFO - [2022-08-21 01:31:26,130] {dag.py:2972} INFO - Setting next_dagrun for my_dag to 2022-08-20T00:00:00+00:00, run_after=2022-08-21T00:00:00+00:00
[2022-08-21 01:31:26,114] {processor.py:153} INFO - Started process (PID=69989) to work on /opt/airflow/dags/my_dag.py
[2022-08-21 01:31:26,168] {processor.py:641} INFO - Processing file /opt/airflow/dags/my_dag.py for tasks to queue
[2022-08-21 01:31:26,238] {logging_mixin.py:115} INFO - [2022-08-21 01:31:26,237] {dagbag.py:508} INFO - Filling up the DagBag from /opt/airflow/dags/my_dag.py
[2022-08-21 01:31:26,354] {processor.py:161} INFO - Processing /opt/airflow/dags/my_dag.py took 2.768 seconds
[2022-08-21 01:31:27,336] {processor.py:651} INFO - DAG(s) dict_keys(['my_dag']) retrieved from /opt/airflow/dags/my_dag.py
[2022-08-21 01:31:28,543] {logging_mixin.py:115} INFO - [2022-08-21 01:31:28,542] {dag.py:2420} INFO - Sync 1 DAGs
[2022-08-21 01:31:29,640] {logging_mixin.py:115} INFO - [2022-08-21 01:31:29,639] {dag.py:2972} INFO - Setting next_dagrun for my_dag to 2022-08-20T00:00:00+00:00, run_after=2022-08-21T00:00:00+00:00
[2022-08-21 01:31:30,321] {processor.py:161} INFO - Processing /opt/airflow/dags/my_dag.py took 4.574 seconds
[2022-08-21 02:25:26,663] {processor.py:153} INFO - Started process (PID=73293) to work on /opt/airflow/dags/my_dag.py
[2022-08-21 02:25:26,676] {processor.py:641} INFO - Processing file /opt/airflow/dags/my_dag.py for tasks to queue
[2022-08-21 02:25:26,678] {logging_mixin.py:115} INFO - [2022-08-21 02:25:26,678] {dagbag.py:508} INFO - Filling up the DagBag from /opt/airflow/dags/my_dag.py
[2022-08-21 02:25:26,859] {processor.py:651} INFO - DAG(s) dict_keys(['my_dag']) retrieved from /opt/airflow/dags/my_dag.py
[2022-08-21 02:25:27,210] {logging_mixin.py:115} INFO - [2022-08-21 02:25:27,210] {dag.py:2420} INFO - Sync 1 DAGs
[2022-08-21 02:25:27,297] {processor.py:153} INFO - Started process (PID=70083) to work on /opt/airflow/dags/my_dag.py
[2022-08-21 02:25:27,309] {processor.py:641} INFO - Processing file /opt/airflow/dags/my_dag.py for tasks to queue
[2022-08-21 02:25:27,316] {logging_mixin.py:115} INFO - [2022-08-21 02:25:27,315] {dagbag.py:508} INFO - Filling up the DagBag from /opt/airflow/dags/my_dag.py
[2022-08-21 02:25:27,383] {processor.py:651} INFO - DAG(s) dict_keys(['my_dag']) retrieved from /opt/airflow/dags/my_dag.py
[2022-08-21 02:25:27,496] {logging_mixin.py:115} INFO - [2022-08-21 02:25:27,495] {dag.py:2972} INFO - Setting next_dagrun for my_dag to 2022-08-20T00:00:00+00:00, run_after=2022-08-21T00:00:00+00:00
[2022-08-21 02:25:27,577] {logging_mixin.py:115} INFO - [2022-08-21 02:25:27,576] {dag.py:2420} INFO - Sync 1 DAGs
[2022-08-21 02:25:27,625] {processor.py:161} INFO - Processing /opt/airflow/dags/my_dag.py took 1.000 seconds
[2022-08-21 02:25:27,828] {logging_mixin.py:115} INFO - [2022-08-21 02:25:27,828] {dag.py:2972} INFO - Setting next_dagrun for my_dag to 2022-08-20T00:00:00+00:00, run_after=2022-08-21T00:00:00+00:00
[2022-08-21 02:25:27,974] {processor.py:161} INFO - Processing /opt/airflow/dags/my_dag.py took 0.721 seconds
[2022-08-21 03:12:37,611] {processor.py:153} INFO - Started process (PID=70143) to work on /opt/airflow/dags/my_dag.py
[2022-08-21 03:12:37,619] {processor.py:641} INFO - Processing file /opt/airflow/dags/my_dag.py for tasks to queue
[2022-08-21 03:12:37,621] {logging_mixin.py:115} INFO - [2022-08-21 03:12:37,621] {dagbag.py:508} INFO - Filling up the DagBag from /opt/airflow/dags/my_dag.py
[2022-08-21 03:12:37,670] {processor.py:651} INFO - DAG(s) dict_keys(['my_dag']) retrieved from /opt/airflow/dags/my_dag.py
[2022-08-21 03:12:38,377] {logging_mixin.py:115} INFO - [2022-08-21 03:12:38,354] {dag.py:2420} INFO - Sync 1 DAGs
[2022-08-21 03:12:39,294] {logging_mixin.py:115} INFO - [2022-08-21 03:12:39,293] {dag.py:2972} INFO - Setting next_dagrun for my_dag to 2022-08-20T00:00:00+00:00, run_after=2022-08-21T00:00:00+00:00
[2022-08-21 03:12:39,810] {processor.py:161} INFO - Processing /opt/airflow/dags/my_dag.py took 2.204 seconds
[2022-08-21 03:12:41,420] {processor.py:153} INFO - Started process (PID=73354) to work on /opt/airflow/dags/my_dag.py
[2022-08-21 03:12:41,431] {processor.py:641} INFO - Processing file /opt/airflow/dags/my_dag.py for tasks to queue
[2022-08-21 03:12:41,441] {logging_mixin.py:115} INFO - [2022-08-21 03:12:41,440] {dagbag.py:508} INFO - Filling up the DagBag from /opt/airflow/dags/my_dag.py
[2022-08-21 03:12:42,393] {processor.py:651} INFO - DAG(s) dict_keys(['my_dag']) retrieved from /opt/airflow/dags/my_dag.py
[2022-08-21 03:12:46,127] {logging_mixin.py:115} INFO - [2022-08-21 03:12:46,092] {dag.py:2420} INFO - Sync 1 DAGs
[2022-08-21 03:12:51,908] {logging_mixin.py:115} INFO - [2022-08-21 03:12:51,866] {dag.py:2972} INFO - Setting next_dagrun for my_dag to 2022-08-20T00:00:00+00:00, run_after=2022-08-21T00:00:00+00:00
[2022-08-21 03:12:56,444] {processor.py:161} INFO - Processing /opt/airflow/dags/my_dag.py took 15.102 seconds
[2022-08-21 04:03:08,056] {processor.py:153} INFO - Started process (PID=73415) to work on /opt/airflow/dags/my_dag.py
[2022-08-21 04:03:08,127] {processor.py:641} INFO - Processing file /opt/airflow/dags/my_dag.py for tasks to queue
[2022-08-21 04:03:08,250] {logging_mixin.py:115} INFO - [2022-08-21 04:03:08,249] {dagbag.py:508} INFO - Filling up the DagBag from /opt/airflow/dags/my_dag.py
[2022-08-21 04:03:10,440] {processor.py:651} INFO - DAG(s) dict_keys(['my_dag']) retrieved from /opt/airflow/dags/my_dag.py
[2022-08-21 04:18:09,230] {logging_mixin.py:115} INFO - [2022-08-21 04:18:09,230] {dag.py:2420} INFO - Sync 1 DAGs
[2022-08-21 04:18:11,025] {logging_mixin.py:115} INFO - [2022-08-21 04:18:11,024] {dag.py:2972} INFO - Setting next_dagrun for my_dag to 2022-08-20T00:00:00+00:00, run_after=2022-08-21T00:00:00+00:00
[2022-08-21 04:18:16,485] {processor.py:153} INFO - Started process (PID=70216) to work on /opt/airflow/dags/my_dag.py
[2022-08-21 04:18:16,501] {processor.py:641} INFO - Processing file /opt/airflow/dags/my_dag.py for tasks to queue
[2022-08-21 04:18:16,512] {logging_mixin.py:115} INFO - [2022-08-21 04:18:16,512] {dagbag.py:508} INFO - Filling up the DagBag from /opt/airflow/dags/my_dag.py
[2022-08-21 04:18:16,716] {processor.py:651} INFO - DAG(s) dict_keys(['my_dag']) retrieved from /opt/airflow/dags/my_dag.py
[2022-08-21 04:18:17,012] {logging_mixin.py:115} INFO - [2022-08-21 04:18:17,012] {dag.py:2420} INFO - Sync 1 DAGs
[2022-08-21 04:18:17,348] {logging_mixin.py:115} INFO - [2022-08-21 04:18:17,348] {dag.py:2972} INFO - Setting next_dagrun for my_dag to 2022-08-20T00:00:00+00:00, run_after=2022-08-21T00:00:00+00:00
[2022-08-21 04:18:17,583] {processor.py:161} INFO - Processing /opt/airflow/dags/my_dag.py took 1.163 seconds
[2022-08-21 04:49:50,190] {processor.py:153} INFO - Started process (PID=73512) to work on /opt/airflow/dags/my_dag.py
[2022-08-21 04:49:50,200] {processor.py:641} INFO - Processing file /opt/airflow/dags/my_dag.py for tasks to queue
[2022-08-21 04:49:50,259] {logging_mixin.py:115} INFO - [2022-08-21 04:49:50,258] {dagbag.py:508} INFO - Filling up the DagBag from /opt/airflow/dags/my_dag.py
[2022-08-21 04:49:52,479] {processor.py:651} INFO - DAG(s) dict_keys(['my_dag']) retrieved from /opt/airflow/dags/my_dag.py
[2022-08-21 04:49:55,328] {logging_mixin.py:115} INFO - [2022-08-21 04:49:55,327] {dag.py:2420} INFO - Sync 1 DAGs
[2022-08-21 04:49:56,605] {logging_mixin.py:115} INFO - [2022-08-21 04:49:56,604] {dag.py:2972} INFO - Setting next_dagrun for my_dag to 2022-08-20T00:00:00+00:00, run_after=2022-08-21T00:00:00+00:00
[2022-08-21 04:49:57,381] {processor.py:161} INFO - Processing /opt/airflow/dags/my_dag.py took 7.671 seconds
[2022-08-21 04:50:00,939] {processor.py:153} INFO - Started process (PID=70305) to work on /opt/airflow/dags/my_dag.py
[2022-08-21 04:50:00,957] {processor.py:641} INFO - Processing file /opt/airflow/dags/my_dag.py for tasks to queue
[2022-08-21 04:50:00,980] {logging_mixin.py:115} INFO - [2022-08-21 04:50:00,980] {dagbag.py:508} INFO - Filling up the DagBag from /opt/airflow/dags/my_dag.py
[2022-08-21 04:50:01,371] {processor.py:651} INFO - DAG(s) dict_keys(['my_dag']) retrieved from /opt/airflow/dags/my_dag.py
[2022-08-21 04:50:02,292] {logging_mixin.py:115} INFO - [2022-08-21 04:50:02,292] {dag.py:2420} INFO - Sync 1 DAGs
[2022-08-21 04:50:03,748] {logging_mixin.py:115} INFO - [2022-08-21 04:50:03,748] {dag.py:2972} INFO - Setting next_dagrun for my_dag to 2022-08-20T00:00:00+00:00, run_after=2022-08-21T00:00:00+00:00
[2022-08-21 04:50:04,330] {processor.py:161} INFO - Processing /opt/airflow/dags/my_dag.py took 3.454 seconds
[2022-08-21 04:51:46,984] {processor.py:153} INFO - Started process (PID=70373) to work on /opt/airflow/dags/my_dag.py
[2022-08-21 04:51:47,054] {processor.py:641} INFO - Processing file /opt/airflow/dags/my_dag.py for tasks to queue
[2022-08-21 04:51:47,100] {logging_mixin.py:115} INFO - [2022-08-21 04:51:47,100] {dagbag.py:508} INFO - Filling up the DagBag from /opt/airflow/dags/my_dag.py
[2022-08-21 04:51:48,035] {processor.py:651} INFO - DAG(s) dict_keys(['my_dag']) retrieved from /opt/airflow/dags/my_dag.py
[2022-08-21 04:51:49,408] {logging_mixin.py:115} INFO - [2022-08-21 04:51:49,400] {dag.py:2420} INFO - Sync 1 DAGs
[2022-08-21 04:52:32,404] {logging_mixin.py:115} INFO - [2022-08-21 04:52:32,403] {dag.py:2972} INFO - Setting next_dagrun for my_dag to 2022-08-20T00:00:00+00:00, run_after=2022-08-21T00:00:00+00:00
[2022-08-21 04:52:33,204] {processor.py:161} INFO - Processing /opt/airflow/dags/my_dag.py took 5.720 seconds
[2022-08-21 04:52:37,130] {processor.py:153} INFO - Started process (PID=73598) to work on /opt/airflow/dags/my_dag.py
[2022-08-21 04:52:37,205] {processor.py:641} INFO - Processing file /opt/airflow/dags/my_dag.py for tasks to queue
[2022-08-21 04:52:37,246] {logging_mixin.py:115} INFO - [2022-08-21 04:52:37,245] {dagbag.py:508} INFO - Filling up the DagBag from /opt/airflow/dags/my_dag.py
[2022-08-21 04:52:38,608] {processor.py:651} INFO - DAG(s) dict_keys(['my_dag']) retrieved from /opt/airflow/dags/my_dag.py
[2022-08-21 04:52:41,860] {logging_mixin.py:115} INFO - [2022-08-21 04:52:41,860] {dag.py:2420} INFO - Sync 1 DAGs
[2022-08-21 04:52:43,706] {logging_mixin.py:115} INFO - [2022-08-21 04:52:43,705] {dag.py:2972} INFO - Setting next_dagrun for my_dag to 2022-08-20T00:00:00+00:00, run_after=2022-08-21T00:00:00+00:00
[2022-08-21 04:52:44,600] {processor.py:161} INFO - Processing /opt/airflow/dags/my_dag.py took 7.837 seconds
[2022-08-21 05:18:23,333] {processor.py:153} INFO - Started process (PID=70451) to work on /opt/airflow/dags/my_dag.py
[2022-08-21 05:18:23,356] {processor.py:641} INFO - Processing file /opt/airflow/dags/my_dag.py for tasks to queue
[2022-08-21 05:18:23,364] {logging_mixin.py:115} INFO - [2022-08-21 05:18:23,364] {dagbag.py:508} INFO - Filling up the DagBag from /opt/airflow/dags/my_dag.py
[2022-08-21 05:18:23,611] {processor.py:651} INFO - DAG(s) dict_keys(['my_dag']) retrieved from /opt/airflow/dags/my_dag.py
[2022-08-21 05:18:23,987] {logging_mixin.py:115} INFO - [2022-08-21 05:18:23,987] {dag.py:2420} INFO - Sync 1 DAGs
[2022-08-21 05:18:24,348] {logging_mixin.py:115} INFO - [2022-08-21 05:18:24,347] {dag.py:2972} INFO - Setting next_dagrun for my_dag to 2022-08-20T00:00:00+00:00, run_after=2022-08-21T00:00:00+00:00
[2022-08-21 05:18:24,457] {processor.py:161} INFO - Processing /opt/airflow/dags/my_dag.py took 1.253 seconds
[2022-08-21 05:20:10,370] {processor.py:153} INFO - Started process (PID=73706) to work on /opt/airflow/dags/my_dag.py
[2022-08-21 05:20:10,611] {processor.py:641} INFO - Processing file /opt/airflow/dags/my_dag.py for tasks to queue
[2022-08-21 05:20:10,827] {logging_mixin.py:115} INFO - [2022-08-21 05:20:10,797] {dagbag.py:508} INFO - Filling up the DagBag from /opt/airflow/dags/my_dag.py
[2022-08-21 05:20:20,043] {processor.py:651} INFO - DAG(s) dict_keys(['my_dag']) retrieved from /opt/airflow/dags/my_dag.py
[2022-08-21 06:15:27,687] {processor.py:153} INFO - Started process (PID=70578) to work on /opt/airflow/dags/my_dag.py
[2022-08-21 06:15:27,694] {processor.py:641} INFO - Processing file /opt/airflow/dags/my_dag.py for tasks to queue
[2022-08-21 06:15:27,720] {logging_mixin.py:115} INFO - [2022-08-21 06:15:27,718] {dagbag.py:508} INFO - Filling up the DagBag from /opt/airflow/dags/my_dag.py
[2022-08-21 06:15:28,844] {processor.py:651} INFO - DAG(s) dict_keys(['my_dag']) retrieved from /opt/airflow/dags/my_dag.py
[2022-08-21 06:15:30,897] {logging_mixin.py:115} INFO - [2022-08-21 06:15:30,896] {dag.py:2420} INFO - Sync 1 DAGs
[2022-08-21 06:15:32,899] {logging_mixin.py:115} INFO - [2022-08-21 06:15:32,898] {dag.py:2972} INFO - Setting next_dagrun for my_dag to 2022-08-20T00:00:00+00:00, run_after=2022-08-21T00:00:00+00:00
[2022-08-21 06:15:33,347] {processor.py:161} INFO - Processing /opt/airflow/dags/my_dag.py took 6.067 seconds
[2022-08-21 07:57:14,533] {processor.py:153} INFO - Started process (PID=70688) to work on /opt/airflow/dags/my_dag.py
[2022-08-21 07:57:14,555] {processor.py:641} INFO - Processing file /opt/airflow/dags/my_dag.py for tasks to queue
[2022-08-21 07:57:14,623] {logging_mixin.py:115} INFO - [2022-08-21 07:57:14,582] {dagbag.py:508} INFO - Filling up the DagBag from /opt/airflow/dags/my_dag.py
[2022-08-21 07:57:16,912] {processor.py:651} INFO - DAG(s) dict_keys(['my_dag']) retrieved from /opt/airflow/dags/my_dag.py
[2022-08-21 07:57:24,586] {logging_mixin.py:115} INFO - [2022-08-21 07:57:24,585] {dag.py:2420} INFO - Sync 1 DAGs
[2022-08-21 07:57:29,728] {logging_mixin.py:115} INFO - [2022-08-21 07:57:29,658] {dag.py:2972} INFO - Setting next_dagrun for my_dag to 2022-08-20T00:00:00+00:00, run_after=2022-08-21T00:00:00+00:00
[2022-08-21 07:57:31,424] {processor.py:161} INFO - Processing /opt/airflow/dags/my_dag.py took 14.883 seconds
[2022-08-21 09:12:06,080] {processor.py:153} INFO - Started process (PID=70800) to work on /opt/airflow/dags/my_dag.py
[2022-08-21 09:12:06,123] {processor.py:641} INFO - Processing file /opt/airflow/dags/my_dag.py for tasks to queue
[2022-08-21 09:12:06,185] {logging_mixin.py:115} INFO - [2022-08-21 09:12:06,156] {dagbag.py:508} INFO - Filling up the DagBag from /opt/airflow/dags/my_dag.py
[2022-08-21 09:12:08,603] {processor.py:651} INFO - DAG(s) dict_keys(['my_dag']) retrieved from /opt/airflow/dags/my_dag.py
[2022-08-21 09:12:15,080] {logging_mixin.py:115} INFO - [2022-08-21 09:12:15,080] {dag.py:2420} INFO - Sync 1 DAGs
[2022-08-21 09:12:18,704] {logging_mixin.py:115} INFO - [2022-08-21 09:12:18,703] {dag.py:2972} INFO - Setting next_dagrun for my_dag to 2022-08-20T00:00:00+00:00, run_after=2022-08-21T00:00:00+00:00
[2022-08-21 09:12:19,284] {processor.py:161} INFO - Processing /opt/airflow/dags/my_dag.py took 14.091 seconds
[2022-08-21 11:25:27,178] {processor.py:153} INFO - Started process (PID=70920) to work on /opt/airflow/dags/my_dag.py
[2022-08-21 11:25:27,318] {processor.py:641} INFO - Processing file /opt/airflow/dags/my_dag.py for tasks to queue
[2022-08-21 11:25:27,348] {logging_mixin.py:115} INFO - [2022-08-21 11:25:27,347] {dagbag.py:508} INFO - Filling up the DagBag from /opt/airflow/dags/my_dag.py
[2022-08-21 11:25:28,553] {processor.py:651} INFO - DAG(s) dict_keys(['my_dag']) retrieved from /opt/airflow/dags/my_dag.py
[2022-08-21 11:25:30,913] {logging_mixin.py:115} INFO - [2022-08-21 11:25:30,912] {dag.py:2420} INFO - Sync 1 DAGs
[2022-08-21 11:25:32,938] {logging_mixin.py:115} INFO - [2022-08-21 11:25:32,930] {dag.py:2972} INFO - Setting next_dagrun for my_dag to 2022-08-20T00:00:00+00:00, run_after=2022-08-21T00:00:00+00:00
[2022-08-21 11:25:33,797] {processor.py:161} INFO - Processing /opt/airflow/dags/my_dag.py took 7.126 seconds
