[2022-08-19 20:55:43,921] {taskinstance.py:1179} INFO - Dependencies all met for <TaskInstance: loop_hello_world_1.hello_world scheduled__2022-08-08T00:00:00+00:00 [queued]>
[2022-08-19 20:55:43,971] {taskinstance.py:1179} INFO - Dependencies all met for <TaskInstance: loop_hello_world_1.hello_world scheduled__2022-08-08T00:00:00+00:00 [queued]>
[2022-08-19 20:55:43,974] {taskinstance.py:1376} INFO - 
--------------------------------------------------------------------------------
[2022-08-19 20:55:43,977] {taskinstance.py:1377} INFO - Starting attempt 1 of 1
[2022-08-19 20:55:43,982] {taskinstance.py:1378} INFO - 
--------------------------------------------------------------------------------
[2022-08-19 20:55:44,106] {taskinstance.py:1397} INFO - Executing <Task(PythonOperator): hello_world> on 2022-08-08 00:00:00+00:00
[2022-08-19 20:55:44,203] {standard_task_runner.py:52} INFO - Started process 17134 to run task
[2022-08-19 20:55:44,263] {standard_task_runner.py:79} INFO - Running: ['***', 'tasks', 'run', 'loop_hello_world_1', 'hello_world', 'scheduled__2022-08-08T00:00:00+00:00', '--job-id', '670', '--raw', '--subdir', 'DAGS_FOLDER/practiceDag1.py', '--cfg-path', '/tmp/tmpz2zvmarf', '--error-file', '/tmp/tmpkbokpgsr']
[2022-08-19 20:55:44,276] {standard_task_runner.py:80} INFO - Job 670: Subtask hello_world
[2022-08-19 20:55:45,226] {task_command.py:371} INFO - Running <TaskInstance: loop_hello_world_1.hello_world scheduled__2022-08-08T00:00:00+00:00 [running]> on host 9d5d2a77e6ba
[2022-08-19 20:55:46,264] {taskinstance.py:1591} INFO - Exporting the following env vars:
AIRFLOW_CTX_DAG_OWNER=***
AIRFLOW_CTX_DAG_ID=loop_hello_world_1
AIRFLOW_CTX_TASK_ID=hello_world
AIRFLOW_CTX_EXECUTION_DATE=2022-08-08T00:00:00+00:00
AIRFLOW_CTX_TRY_NUMBER=1
AIRFLOW_CTX_DAG_RUN_ID=scheduled__2022-08-08T00:00:00+00:00
[2022-08-19 20:55:46,268] {logging_mixin.py:115} INFO - Hello World
[2022-08-19 20:55:46,275] {logging_mixin.py:115} INFO - This is DAG: 1
[2022-08-19 20:55:46,279] {python.py:173} INFO - Done. Returned value was: None
[2022-08-19 20:55:46,978] {taskinstance.py:1420} INFO - Marking task as SUCCESS. dag_id=loop_hello_world_1, task_id=hello_world, execution_date=20220808T000000, start_date=20220819T205543, end_date=20220819T205546
[2022-08-19 20:55:47,262] {local_task_job.py:156} INFO - Task exited with return code 0
[2022-08-19 20:55:47,546] {local_task_job.py:273} INFO - 0 downstream tasks scheduled from follow-on schedule check
