[2022-08-24 18:44:09,088] {taskinstance.py:1179} INFO - Dependencies all met for <TaskInstance: dynamically_branching1.check_table_exist scheduled__2019-02-04T00:00:00+00:00 [queued]>
[2022-08-24 18:44:09,187] {taskinstance.py:1179} INFO - Dependencies all met for <TaskInstance: dynamically_branching1.check_table_exist scheduled__2019-02-04T00:00:00+00:00 [queued]>
[2022-08-24 18:44:09,191] {taskinstance.py:1376} INFO - 
--------------------------------------------------------------------------------
[2022-08-24 18:44:09,192] {taskinstance.py:1377} INFO - Starting attempt 1 of 1
[2022-08-24 18:44:09,193] {taskinstance.py:1378} INFO - 
--------------------------------------------------------------------------------
[2022-08-24 18:44:09,347] {taskinstance.py:1397} INFO - Executing <Task(BranchPythonOperator): check_table_exist> on 2019-02-04 00:00:00+00:00
[2022-08-24 18:44:09,387] {standard_task_runner.py:52} INFO - Started process 4161 to run task
[2022-08-24 18:44:09,426] {standard_task_runner.py:79} INFO - Running: ['***', 'tasks', 'run', 'dynamically_branching1', 'check_table_exist', 'scheduled__2019-02-04T00:00:00+00:00', '--job-id', '989', '--raw', '--subdir', 'DAGS_FOLDER/jobs_dag.py', '--cfg-path', '/tmp/tmp3yi7ouvw', '--error-file', '/tmp/tmpvb8jh4v7']
[2022-08-24 18:44:09,468] {standard_task_runner.py:80} INFO - Job 989: Subtask check_table_exist
[2022-08-24 18:44:10,287] {task_command.py:371} INFO - Running <TaskInstance: dynamically_branching1.check_table_exist scheduled__2019-02-04T00:00:00+00:00 [running]> on host 9d5d2a77e6ba
[2022-08-24 18:44:10,847] {taskinstance.py:1591} INFO - Exporting the following env vars:
AIRFLOW_CTX_DAG_OWNER=***
AIRFLOW_CTX_DAG_ID=dynamically_branching1
AIRFLOW_CTX_TASK_ID=check_table_exist
AIRFLOW_CTX_EXECUTION_DATE=2019-02-04T00:00:00+00:00
AIRFLOW_CTX_TRY_NUMBER=1
AIRFLOW_CTX_DAG_RUN_ID=scheduled__2019-02-04T00:00:00+00:00
[2022-08-24 18:44:10,865] {python.py:173} INFO - Done. Returned value was: create_table
[2022-08-24 18:44:10,869] {skipmixin.py:140} INFO - Following branch create_table
[2022-08-24 18:44:10,871] {skipmixin.py:175} INFO - Skipping tasks []
[2022-08-24 18:44:11,771] {taskinstance.py:1420} INFO - Marking task as SUCCESS. dag_id=dynamically_branching1, task_id=check_table_exist, execution_date=20190204T000000, start_date=20220824T184409, end_date=20220824T184411
[2022-08-24 18:44:11,980] {local_task_job.py:156} INFO - Task exited with return code 0
[2022-08-24 18:44:12,660] {local_task_job.py:273} INFO - 1 downstream tasks scheduled from follow-on schedule check
