[2022-08-24 19:06:40,499] {taskinstance.py:1179} INFO - Dependencies all met for <TaskInstance: dynamically_branching1.bash_task scheduled__2020-04-23T00:00:00+00:00 [queued]>
[2022-08-24 19:06:40,926] {taskinstance.py:1179} INFO - Dependencies all met for <TaskInstance: dynamically_branching1.bash_task scheduled__2020-04-23T00:00:00+00:00 [queued]>
[2022-08-24 19:06:40,929] {taskinstance.py:1376} INFO - 
--------------------------------------------------------------------------------
[2022-08-24 19:06:40,931] {taskinstance.py:1377} INFO - Starting attempt 1 of 1
[2022-08-24 19:06:40,945] {taskinstance.py:1378} INFO - 
--------------------------------------------------------------------------------
[2022-08-24 19:06:41,230] {taskinstance.py:1397} INFO - Executing <Task(BashOperator): bash_task> on 2020-04-23 00:00:00+00:00
[2022-08-24 19:06:41,338] {standard_task_runner.py:52} INFO - Started process 6316 to run task
[2022-08-24 19:06:41,407] {standard_task_runner.py:79} INFO - Running: ['***', 'tasks', 'run', 'dynamically_branching1', 'bash_task', 'scheduled__2020-04-23T00:00:00+00:00', '--job-id', '1544', '--raw', '--subdir', 'DAGS_FOLDER/jobs_dag.py', '--cfg-path', '/tmp/tmp9ebjjpyt', '--error-file', '/tmp/tmp981hnelu']
[2022-08-24 19:06:41,409] {standard_task_runner.py:80} INFO - Job 1544: Subtask bash_task
[2022-08-24 19:06:42,159] {task_command.py:371} INFO - Running <TaskInstance: dynamically_branching1.bash_task scheduled__2020-04-23T00:00:00+00:00 [running]> on host 9d5d2a77e6ba
[2022-08-24 19:06:42,888] {taskinstance.py:1591} INFO - Exporting the following env vars:
AIRFLOW_CTX_DAG_OWNER=***
AIRFLOW_CTX_DAG_ID=dynamically_branching1
AIRFLOW_CTX_TASK_ID=bash_task
AIRFLOW_CTX_EXECUTION_DATE=2020-04-23T00:00:00+00:00
AIRFLOW_CTX_TRY_NUMBER=1
AIRFLOW_CTX_DAG_RUN_ID=scheduled__2020-04-23T00:00:00+00:00
[2022-08-24 19:06:42,918] {subprocess.py:62} INFO - Tmp dir root location: 
 /tmp
[2022-08-24 19:06:42,921] {subprocess.py:74} INFO - Running command: ['bash', '-c', 'whoami']
[2022-08-24 19:06:43,422] {subprocess.py:85} INFO - Output:
[2022-08-24 19:06:43,504] {subprocess.py:92} INFO - default
[2022-08-24 19:06:43,506] {subprocess.py:96} INFO - Command exited with return code 0
[2022-08-24 19:06:44,046] {taskinstance.py:1420} INFO - Marking task as SUCCESS. dag_id=dynamically_branching1, task_id=bash_task, execution_date=20200423T000000, start_date=20220824T190640, end_date=20220824T190644
[2022-08-24 19:06:44,363] {local_task_job.py:156} INFO - Task exited with return code 0
[2022-08-24 19:06:44,945] {local_task_job.py:273} INFO - 0 downstream tasks scheduled from follow-on schedule check
