[2022-08-24 18:44:07,397] {taskinstance.py:1179} INFO - Dependencies all met for <TaskInstance: dynamically_branching1.check_table_exist scheduled__2019-02-03T00:00:00+00:00 [queued]>
[2022-08-24 18:44:07,560] {taskinstance.py:1179} INFO - Dependencies all met for <TaskInstance: dynamically_branching1.check_table_exist scheduled__2019-02-03T00:00:00+00:00 [queued]>
[2022-08-24 18:44:07,561] {taskinstance.py:1376} INFO - 
--------------------------------------------------------------------------------
[2022-08-24 18:44:07,566] {taskinstance.py:1377} INFO - Starting attempt 1 of 1
[2022-08-24 18:44:07,567] {taskinstance.py:1378} INFO - 
--------------------------------------------------------------------------------
[2022-08-24 18:44:07,810] {taskinstance.py:1397} INFO - Executing <Task(BranchPythonOperator): check_table_exist> on 2019-02-03 00:00:00+00:00
[2022-08-24 18:44:07,963] {standard_task_runner.py:52} INFO - Started process 4155 to run task
[2022-08-24 18:44:07,965] {standard_task_runner.py:79} INFO - Running: ['***', 'tasks', 'run', 'dynamically_branching1', 'check_table_exist', 'scheduled__2019-02-03T00:00:00+00:00', '--job-id', '985', '--raw', '--subdir', 'DAGS_FOLDER/jobs_dag.py', '--cfg-path', '/tmp/tmpxfebe3cs', '--error-file', '/tmp/tmp03vx8gzu']
[2022-08-24 18:44:07,973] {standard_task_runner.py:80} INFO - Job 985: Subtask check_table_exist
[2022-08-24 18:44:08,528] {task_command.py:371} INFO - Running <TaskInstance: dynamically_branching1.check_table_exist scheduled__2019-02-03T00:00:00+00:00 [running]> on host 9d5d2a77e6ba
[2022-08-24 18:44:09,503] {taskinstance.py:1591} INFO - Exporting the following env vars:
AIRFLOW_CTX_DAG_OWNER=***
AIRFLOW_CTX_DAG_ID=dynamically_branching1
AIRFLOW_CTX_TASK_ID=check_table_exist
AIRFLOW_CTX_EXECUTION_DATE=2019-02-03T00:00:00+00:00
AIRFLOW_CTX_TRY_NUMBER=1
AIRFLOW_CTX_DAG_RUN_ID=scheduled__2019-02-03T00:00:00+00:00
[2022-08-24 18:44:09,530] {python.py:173} INFO - Done. Returned value was: create_table
[2022-08-24 18:44:09,531] {skipmixin.py:140} INFO - Following branch create_table
[2022-08-24 18:44:09,532] {skipmixin.py:175} INFO - Skipping tasks []
[2022-08-24 18:44:09,928] {taskinstance.py:1420} INFO - Marking task as SUCCESS. dag_id=dynamically_branching1, task_id=check_table_exist, execution_date=20190203T000000, start_date=20220824T184407, end_date=20220824T184409
[2022-08-24 18:44:10,096] {local_task_job.py:156} INFO - Task exited with return code 0
[2022-08-24 18:44:10,826] {local_task_job.py:273} INFO - 1 downstream tasks scheduled from follow-on schedule check
