[2022-08-24 19:07:54,951] {taskinstance.py:1179} INFO - Dependencies all met for <TaskInstance: dynamically_branching1.bash_task scheduled__2020-06-17T00:00:00+00:00 [queued]>
[2022-08-24 19:07:55,120] {taskinstance.py:1179} INFO - Dependencies all met for <TaskInstance: dynamically_branching1.bash_task scheduled__2020-06-17T00:00:00+00:00 [queued]>
[2022-08-24 19:07:55,126] {taskinstance.py:1376} INFO - 
--------------------------------------------------------------------------------
[2022-08-24 19:07:55,128] {taskinstance.py:1377} INFO - Starting attempt 1 of 1
[2022-08-24 19:07:55,129] {taskinstance.py:1378} INFO - 
--------------------------------------------------------------------------------
[2022-08-24 19:07:55,350] {taskinstance.py:1397} INFO - Executing <Task(BashOperator): bash_task> on 2020-06-17 00:00:00+00:00
[2022-08-24 19:07:55,373] {standard_task_runner.py:52} INFO - Started process 6623 to run task
[2022-08-24 19:07:55,421] {standard_task_runner.py:79} INFO - Running: ['***', 'tasks', 'run', 'dynamically_branching1', 'bash_task', 'scheduled__2020-06-17T00:00:00+00:00', '--job-id', '1652', '--raw', '--subdir', 'DAGS_FOLDER/jobs_dag.py', '--cfg-path', '/tmp/tmpx91v7ico', '--error-file', '/tmp/tmpcw3kqyl0']
[2022-08-24 19:07:55,426] {standard_task_runner.py:80} INFO - Job 1652: Subtask bash_task
[2022-08-24 19:07:55,791] {task_command.py:371} INFO - Running <TaskInstance: dynamically_branching1.bash_task scheduled__2020-06-17T00:00:00+00:00 [running]> on host 9d5d2a77e6ba
[2022-08-24 19:07:56,436] {taskinstance.py:1591} INFO - Exporting the following env vars:
AIRFLOW_CTX_DAG_OWNER=***
AIRFLOW_CTX_DAG_ID=dynamically_branching1
AIRFLOW_CTX_TASK_ID=bash_task
AIRFLOW_CTX_EXECUTION_DATE=2020-06-17T00:00:00+00:00
AIRFLOW_CTX_TRY_NUMBER=1
AIRFLOW_CTX_DAG_RUN_ID=scheduled__2020-06-17T00:00:00+00:00
[2022-08-24 19:07:56,449] {subprocess.py:62} INFO - Tmp dir root location: 
 /tmp
[2022-08-24 19:07:56,453] {subprocess.py:74} INFO - Running command: ['bash', '-c', 'whoami']
[2022-08-24 19:07:56,564] {subprocess.py:85} INFO - Output:
[2022-08-24 19:07:56,589] {subprocess.py:92} INFO - default
[2022-08-24 19:07:56,595] {subprocess.py:96} INFO - Command exited with return code 0
[2022-08-24 19:07:56,968] {taskinstance.py:1420} INFO - Marking task as SUCCESS. dag_id=dynamically_branching1, task_id=bash_task, execution_date=20200617T000000, start_date=20220824T190754, end_date=20220824T190756
[2022-08-24 19:07:57,178] {local_task_job.py:156} INFO - Task exited with return code 0
[2022-08-24 19:07:57,478] {local_task_job.py:273} INFO - 0 downstream tasks scheduled from follow-on schedule check
