[2022-08-24 19:08:17,298] {taskinstance.py:1179} INFO - Dependencies all met for <TaskInstance: dynamically_branching1.bash_task scheduled__2020-07-05T00:00:00+00:00 [queued]>
[2022-08-24 19:08:17,564] {taskinstance.py:1179} INFO - Dependencies all met for <TaskInstance: dynamically_branching1.bash_task scheduled__2020-07-05T00:00:00+00:00 [queued]>
[2022-08-24 19:08:17,565] {taskinstance.py:1376} INFO - 
--------------------------------------------------------------------------------
[2022-08-24 19:08:17,567] {taskinstance.py:1377} INFO - Starting attempt 1 of 1
[2022-08-24 19:08:17,569] {taskinstance.py:1378} INFO - 
--------------------------------------------------------------------------------
[2022-08-24 19:08:17,779] {taskinstance.py:1397} INFO - Executing <Task(BashOperator): bash_task> on 2020-07-05 00:00:00+00:00
[2022-08-24 19:08:17,877] {standard_task_runner.py:52} INFO - Started process 6715 to run task
[2022-08-24 19:08:17,968] {standard_task_runner.py:79} INFO - Running: ['***', 'tasks', 'run', 'dynamically_branching1', 'bash_task', 'scheduled__2020-07-05T00:00:00+00:00', '--job-id', '1686', '--raw', '--subdir', 'DAGS_FOLDER/jobs_dag.py', '--cfg-path', '/tmp/tmp7cvrtmoo', '--error-file', '/tmp/tmp2z63r8gz']
[2022-08-24 19:08:17,983] {standard_task_runner.py:80} INFO - Job 1686: Subtask bash_task
[2022-08-24 19:08:19,249] {task_command.py:371} INFO - Running <TaskInstance: dynamically_branching1.bash_task scheduled__2020-07-05T00:00:00+00:00 [running]> on host 9d5d2a77e6ba
[2022-08-24 19:08:20,311] {taskinstance.py:1591} INFO - Exporting the following env vars:
AIRFLOW_CTX_DAG_OWNER=***
AIRFLOW_CTX_DAG_ID=dynamically_branching1
AIRFLOW_CTX_TASK_ID=bash_task
AIRFLOW_CTX_EXECUTION_DATE=2020-07-05T00:00:00+00:00
AIRFLOW_CTX_TRY_NUMBER=1
AIRFLOW_CTX_DAG_RUN_ID=scheduled__2020-07-05T00:00:00+00:00
[2022-08-24 19:08:20,318] {subprocess.py:62} INFO - Tmp dir root location: 
 /tmp
[2022-08-24 19:08:20,328] {subprocess.py:74} INFO - Running command: ['bash', '-c', 'whoami']
[2022-08-24 19:08:20,480] {subprocess.py:85} INFO - Output:
[2022-08-24 19:08:20,565] {subprocess.py:92} INFO - default
[2022-08-24 19:08:20,592] {subprocess.py:96} INFO - Command exited with return code 0
[2022-08-24 19:08:21,187] {taskinstance.py:1420} INFO - Marking task as SUCCESS. dag_id=dynamically_branching1, task_id=bash_task, execution_date=20200705T000000, start_date=20220824T190817, end_date=20220824T190821
[2022-08-24 19:08:21,397] {local_task_job.py:156} INFO - Task exited with return code 0
[2022-08-24 19:08:21,849] {local_task_job.py:273} INFO - 1 downstream tasks scheduled from follow-on schedule check
