[2022-08-19 20:51:39,562] {taskinstance.py:1179} INFO - Dependencies all met for <TaskInstance: loop_hello_world_1.hello_world scheduled__2021-08-06T00:00:00+00:00 [queued]>
[2022-08-19 20:51:39,755] {taskinstance.py:1179} INFO - Dependencies all met for <TaskInstance: loop_hello_world_1.hello_world scheduled__2021-08-06T00:00:00+00:00 [queued]>
[2022-08-19 20:51:39,763] {taskinstance.py:1376} INFO - 
--------------------------------------------------------------------------------
[2022-08-19 20:51:39,780] {taskinstance.py:1377} INFO - Starting attempt 1 of 1
[2022-08-19 20:51:39,781] {taskinstance.py:1378} INFO - 
--------------------------------------------------------------------------------
[2022-08-19 20:51:40,184] {taskinstance.py:1397} INFO - Executing <Task(PythonOperator): hello_world> on 2021-08-06 00:00:00+00:00
[2022-08-19 20:51:40,256] {standard_task_runner.py:52} INFO - Started process 16292 to run task
[2022-08-19 20:51:40,326] {standard_task_runner.py:79} INFO - Running: ['***', 'tasks', 'run', 'loop_hello_world_1', 'hello_world', 'scheduled__2021-08-06T00:00:00+00:00', '--job-id', '303', '--raw', '--subdir', 'DAGS_FOLDER/practiceDag1.py', '--cfg-path', '/tmp/tmpv3lhobol', '--error-file', '/tmp/tmpvqxul_pe']
[2022-08-19 20:51:40,333] {standard_task_runner.py:80} INFO - Job 303: Subtask hello_world
[2022-08-19 20:51:40,855] {task_command.py:371} INFO - Running <TaskInstance: loop_hello_world_1.hello_world scheduled__2021-08-06T00:00:00+00:00 [running]> on host 9d5d2a77e6ba
[2022-08-19 20:51:41,896] {taskinstance.py:1591} INFO - Exporting the following env vars:
AIRFLOW_CTX_DAG_OWNER=***
AIRFLOW_CTX_DAG_ID=loop_hello_world_1
AIRFLOW_CTX_TASK_ID=hello_world
AIRFLOW_CTX_EXECUTION_DATE=2021-08-06T00:00:00+00:00
AIRFLOW_CTX_TRY_NUMBER=1
AIRFLOW_CTX_DAG_RUN_ID=scheduled__2021-08-06T00:00:00+00:00
[2022-08-19 20:51:41,923] {logging_mixin.py:115} INFO - Hello World
[2022-08-19 20:51:41,932] {logging_mixin.py:115} INFO - This is DAG: 1
[2022-08-19 20:51:41,934] {python.py:173} INFO - Done. Returned value was: None
[2022-08-19 20:51:42,090] {taskinstance.py:1420} INFO - Marking task as SUCCESS. dag_id=loop_hello_world_1, task_id=hello_world, execution_date=20210806T000000, start_date=20220819T205139, end_date=20220819T205142
[2022-08-19 20:51:42,370] {local_task_job.py:156} INFO - Task exited with return code 0
[2022-08-19 20:51:42,640] {local_task_job.py:273} INFO - 0 downstream tasks scheduled from follow-on schedule check
