[2022-08-24 19:21:20,633] {taskinstance.py:1179} INFO - Dependencies all met for <TaskInstance: dynamically_branching1.bash_task scheduled__2022-03-22T00:00:00+00:00 [queued]>
[2022-08-24 19:21:20,653] {taskinstance.py:1179} INFO - Dependencies all met for <TaskInstance: dynamically_branching1.bash_task scheduled__2022-03-22T00:00:00+00:00 [queued]>
[2022-08-24 19:21:20,654] {taskinstance.py:1376} INFO - 
--------------------------------------------------------------------------------
[2022-08-24 19:21:20,661] {taskinstance.py:1377} INFO - Starting attempt 1 of 1
[2022-08-24 19:21:20,662] {taskinstance.py:1378} INFO - 
--------------------------------------------------------------------------------
[2022-08-24 19:21:20,695] {taskinstance.py:1397} INFO - Executing <Task(BashOperator): bash_task> on 2022-03-22 00:00:00+00:00
[2022-08-24 19:21:20,711] {standard_task_runner.py:52} INFO - Started process 10854 to run task
[2022-08-24 19:21:20,759] {standard_task_runner.py:79} INFO - Running: ['***', 'tasks', 'run', 'dynamically_branching1', 'bash_task', 'scheduled__2022-03-22T00:00:00+00:00', '--job-id', '2946', '--raw', '--subdir', 'DAGS_FOLDER/jobs_dag.py', '--cfg-path', '/tmp/tmp5uv_h4m_', '--error-file', '/tmp/tmpjhgfxsdi']
[2022-08-24 19:21:20,772] {standard_task_runner.py:80} INFO - Job 2946: Subtask bash_task
[2022-08-24 19:21:21,056] {task_command.py:371} INFO - Running <TaskInstance: dynamically_branching1.bash_task scheduled__2022-03-22T00:00:00+00:00 [running]> on host 9d5d2a77e6ba
[2022-08-24 19:21:21,282] {taskinstance.py:1591} INFO - Exporting the following env vars:
AIRFLOW_CTX_DAG_OWNER=***
AIRFLOW_CTX_DAG_ID=dynamically_branching1
AIRFLOW_CTX_TASK_ID=bash_task
AIRFLOW_CTX_EXECUTION_DATE=2022-03-22T00:00:00+00:00
AIRFLOW_CTX_TRY_NUMBER=1
AIRFLOW_CTX_DAG_RUN_ID=scheduled__2022-03-22T00:00:00+00:00
[2022-08-24 19:21:21,285] {subprocess.py:62} INFO - Tmp dir root location: 
 /tmp
[2022-08-24 19:21:21,294] {subprocess.py:74} INFO - Running command: ['bash', '-c', 'echo $(whoami)']
[2022-08-24 19:21:21,330] {subprocess.py:85} INFO - Output:
[2022-08-24 19:21:21,339] {subprocess.py:92} INFO - default
[2022-08-24 19:21:21,340] {subprocess.py:96} INFO - Command exited with return code 0
[2022-08-24 19:21:21,465] {taskinstance.py:1420} INFO - Marking task as SUCCESS. dag_id=dynamically_branching1, task_id=bash_task, execution_date=20220322T000000, start_date=20220824T192120, end_date=20220824T192121
[2022-08-24 19:21:21,611] {local_task_job.py:156} INFO - Task exited with return code 0
[2022-08-24 19:21:21,807] {local_task_job.py:273} INFO - 0 downstream tasks scheduled from follow-on schedule check
