[2022-08-24 19:20:19,960] {taskinstance.py:1179} INFO - Dependencies all met for <TaskInstance: dynamically_branching1.bash_task scheduled__2022-01-31T00:00:00+00:00 [queued]>
[2022-08-24 19:20:19,992] {taskinstance.py:1179} INFO - Dependencies all met for <TaskInstance: dynamically_branching1.bash_task scheduled__2022-01-31T00:00:00+00:00 [queued]>
[2022-08-24 19:20:19,997] {taskinstance.py:1376} INFO - 
--------------------------------------------------------------------------------
[2022-08-24 19:20:19,998] {taskinstance.py:1377} INFO - Starting attempt 1 of 1
[2022-08-24 19:20:19,999] {taskinstance.py:1378} INFO - 
--------------------------------------------------------------------------------
[2022-08-24 19:20:20,037] {taskinstance.py:1397} INFO - Executing <Task(BashOperator): bash_task> on 2022-01-31 00:00:00+00:00
[2022-08-24 19:20:20,046] {standard_task_runner.py:52} INFO - Started process 10527 to run task
[2022-08-24 19:20:20,062] {standard_task_runner.py:79} INFO - Running: ['***', 'tasks', 'run', 'dynamically_branching1', 'bash_task', 'scheduled__2022-01-31T00:00:00+00:00', '--job-id', '2846', '--raw', '--subdir', 'DAGS_FOLDER/jobs_dag.py', '--cfg-path', '/tmp/tmp7lahh2ji', '--error-file', '/tmp/tmp0slwdbe1']
[2022-08-24 19:20:20,065] {standard_task_runner.py:80} INFO - Job 2846: Subtask bash_task
[2022-08-24 19:20:20,234] {task_command.py:371} INFO - Running <TaskInstance: dynamically_branching1.bash_task scheduled__2022-01-31T00:00:00+00:00 [running]> on host 9d5d2a77e6ba
[2022-08-24 19:20:20,398] {taskinstance.py:1591} INFO - Exporting the following env vars:
AIRFLOW_CTX_DAG_OWNER=***
AIRFLOW_CTX_DAG_ID=dynamically_branching1
AIRFLOW_CTX_TASK_ID=bash_task
AIRFLOW_CTX_EXECUTION_DATE=2022-01-31T00:00:00+00:00
AIRFLOW_CTX_TRY_NUMBER=1
AIRFLOW_CTX_DAG_RUN_ID=scheduled__2022-01-31T00:00:00+00:00
[2022-08-24 19:20:20,400] {subprocess.py:62} INFO - Tmp dir root location: 
 /tmp
[2022-08-24 19:20:20,401] {subprocess.py:74} INFO - Running command: ['bash', '-c', 'echo $(whoami)']
[2022-08-24 19:20:20,439] {subprocess.py:85} INFO - Output:
[2022-08-24 19:20:20,461] {subprocess.py:92} INFO - default
[2022-08-24 19:20:20,462] {subprocess.py:96} INFO - Command exited with return code 0
[2022-08-24 19:20:20,547] {taskinstance.py:1420} INFO - Marking task as SUCCESS. dag_id=dynamically_branching1, task_id=bash_task, execution_date=20220131T000000, start_date=20220824T192019, end_date=20220824T192020
[2022-08-24 19:20:20,644] {local_task_job.py:156} INFO - Task exited with return code 0
[2022-08-24 19:20:20,758] {local_task_job.py:273} INFO - 1 downstream tasks scheduled from follow-on schedule check
