[2022-08-24 19:18:14,499] {taskinstance.py:1179} INFO - Dependencies all met for <TaskInstance: dynamically_branching1.bash_task scheduled__2021-10-24T00:00:00+00:00 [queued]>
[2022-08-24 19:18:14,587] {taskinstance.py:1179} INFO - Dependencies all met for <TaskInstance: dynamically_branching1.bash_task scheduled__2021-10-24T00:00:00+00:00 [queued]>
[2022-08-24 19:18:14,595] {taskinstance.py:1376} INFO - 
--------------------------------------------------------------------------------
[2022-08-24 19:18:14,597] {taskinstance.py:1377} INFO - Starting attempt 1 of 1
[2022-08-24 19:18:14,599] {taskinstance.py:1378} INFO - 
--------------------------------------------------------------------------------
[2022-08-24 19:18:14,721] {taskinstance.py:1397} INFO - Executing <Task(BashOperator): bash_task> on 2021-10-24 00:00:00+00:00
[2022-08-24 19:18:14,756] {standard_task_runner.py:52} INFO - Started process 9860 to run task
[2022-08-24 19:18:14,807] {standard_task_runner.py:79} INFO - Running: ['***', 'tasks', 'run', 'dynamically_branching1', 'bash_task', 'scheduled__2021-10-24T00:00:00+00:00', '--job-id', '2639', '--raw', '--subdir', 'DAGS_FOLDER/jobs_dag.py', '--cfg-path', '/tmp/tmpdmqr4oqe', '--error-file', '/tmp/tmpy415kreq']
[2022-08-24 19:18:14,824] {standard_task_runner.py:80} INFO - Job 2639: Subtask bash_task
[2022-08-24 19:18:15,392] {task_command.py:371} INFO - Running <TaskInstance: dynamically_branching1.bash_task scheduled__2021-10-24T00:00:00+00:00 [running]> on host 9d5d2a77e6ba
[2022-08-24 19:18:16,066] {taskinstance.py:1591} INFO - Exporting the following env vars:
AIRFLOW_CTX_DAG_OWNER=***
AIRFLOW_CTX_DAG_ID=dynamically_branching1
AIRFLOW_CTX_TASK_ID=bash_task
AIRFLOW_CTX_EXECUTION_DATE=2021-10-24T00:00:00+00:00
AIRFLOW_CTX_TRY_NUMBER=1
AIRFLOW_CTX_DAG_RUN_ID=scheduled__2021-10-24T00:00:00+00:00
[2022-08-24 19:18:16,071] {subprocess.py:62} INFO - Tmp dir root location: 
 /tmp
[2022-08-24 19:18:16,073] {subprocess.py:74} INFO - Running command: ['bash', '-c', 'echo $(whoami)']
[2022-08-24 19:18:16,151] {subprocess.py:85} INFO - Output:
[2022-08-24 19:18:16,178] {subprocess.py:92} INFO - default
[2022-08-24 19:18:16,180] {subprocess.py:96} INFO - Command exited with return code 0
[2022-08-24 19:18:16,432] {taskinstance.py:1420} INFO - Marking task as SUCCESS. dag_id=dynamically_branching1, task_id=bash_task, execution_date=20211024T000000, start_date=20220824T191814, end_date=20220824T191816
[2022-08-24 19:18:16,545] {local_task_job.py:156} INFO - Task exited with return code 0
[2022-08-24 19:18:16,723] {local_task_job.py:273} INFO - 1 downstream tasks scheduled from follow-on schedule check
