[2022-08-24 19:21:06,672] {taskinstance.py:1179} INFO - Dependencies all met for <TaskInstance: dynamically_branching1.bash_task scheduled__2022-03-17T00:00:00+00:00 [queued]>
[2022-08-24 19:21:06,758] {taskinstance.py:1179} INFO - Dependencies all met for <TaskInstance: dynamically_branching1.bash_task scheduled__2022-03-17T00:00:00+00:00 [queued]>
[2022-08-24 19:21:06,759] {taskinstance.py:1376} INFO - 
--------------------------------------------------------------------------------
[2022-08-24 19:21:06,762] {taskinstance.py:1377} INFO - Starting attempt 1 of 1
[2022-08-24 19:21:06,763] {taskinstance.py:1378} INFO - 
--------------------------------------------------------------------------------
[2022-08-24 19:21:06,798] {taskinstance.py:1397} INFO - Executing <Task(BashOperator): bash_task> on 2022-03-17 00:00:00+00:00
[2022-08-24 19:21:06,809] {standard_task_runner.py:52} INFO - Started process 10817 to run task
[2022-08-24 19:21:06,882] {standard_task_runner.py:79} INFO - Running: ['***', 'tasks', 'run', 'dynamically_branching1', 'bash_task', 'scheduled__2022-03-17T00:00:00+00:00', '--job-id', '2931', '--raw', '--subdir', 'DAGS_FOLDER/jobs_dag.py', '--cfg-path', '/tmp/tmpfqccf2qh', '--error-file', '/tmp/tmpu61vwqtl']
[2022-08-24 19:21:06,894] {standard_task_runner.py:80} INFO - Job 2931: Subtask bash_task
[2022-08-24 19:21:07,354] {task_command.py:371} INFO - Running <TaskInstance: dynamically_branching1.bash_task scheduled__2022-03-17T00:00:00+00:00 [running]> on host 9d5d2a77e6ba
[2022-08-24 19:21:08,305] {taskinstance.py:1591} INFO - Exporting the following env vars:
AIRFLOW_CTX_DAG_OWNER=***
AIRFLOW_CTX_DAG_ID=dynamically_branching1
AIRFLOW_CTX_TASK_ID=bash_task
AIRFLOW_CTX_EXECUTION_DATE=2022-03-17T00:00:00+00:00
AIRFLOW_CTX_TRY_NUMBER=1
AIRFLOW_CTX_DAG_RUN_ID=scheduled__2022-03-17T00:00:00+00:00
[2022-08-24 19:21:08,308] {subprocess.py:62} INFO - Tmp dir root location: 
 /tmp
[2022-08-24 19:21:08,322] {subprocess.py:74} INFO - Running command: ['bash', '-c', 'echo $(whoami)']
[2022-08-24 19:21:08,395] {subprocess.py:85} INFO - Output:
[2022-08-24 19:21:08,475] {subprocess.py:92} INFO - default
[2022-08-24 19:21:08,476] {subprocess.py:96} INFO - Command exited with return code 0
[2022-08-24 19:21:08,734] {taskinstance.py:1420} INFO - Marking task as SUCCESS. dag_id=dynamically_branching1, task_id=bash_task, execution_date=20220317T000000, start_date=20220824T192106, end_date=20220824T192108
[2022-08-24 19:21:09,043] {local_task_job.py:156} INFO - Task exited with return code 0
[2022-08-24 19:21:09,515] {local_task_job.py:273} INFO - 0 downstream tasks scheduled from follow-on schedule check
