[2022-08-30 20:14:44,561] {taskinstance.py:1179} INFO - Dependencies all met for <TaskInstance: dynamically_branching1.bash_task manual__2022-08-30T20:14:42.817510+00:00 [queued]>
[2022-08-30 20:14:44,572] {taskinstance.py:1179} INFO - Dependencies all met for <TaskInstance: dynamically_branching1.bash_task manual__2022-08-30T20:14:42.817510+00:00 [queued]>
[2022-08-30 20:14:44,573] {taskinstance.py:1376} INFO - 
--------------------------------------------------------------------------------
[2022-08-30 20:14:44,574] {taskinstance.py:1377} INFO - Starting attempt 1 of 1
[2022-08-30 20:14:44,574] {taskinstance.py:1378} INFO - 
--------------------------------------------------------------------------------
[2022-08-30 20:14:44,595] {taskinstance.py:1397} INFO - Executing <Task(BashOperator): bash_task> on 2022-08-30 20:14:42.817510+00:00
[2022-08-30 20:14:44,605] {standard_task_runner.py:52} INFO - Started process 77014 to run task
[2022-08-30 20:14:44,609] {standard_task_runner.py:79} INFO - Running: ['***', 'tasks', 'run', 'dynamically_branching1', 'bash_task', 'manual__2022-08-30T20:14:42.817510+00:00', '--job-id', '3391', '--raw', '--subdir', 'DAGS_FOLDER/jobs_dag.py', '--cfg-path', '/tmp/tmpn2b_3ied', '--error-file', '/tmp/tmpu_t8c1t6']
[2022-08-30 20:14:44,610] {standard_task_runner.py:80} INFO - Job 3391: Subtask bash_task
[2022-08-30 20:14:44,697] {task_command.py:371} INFO - Running <TaskInstance: dynamically_branching1.bash_task manual__2022-08-30T20:14:42.817510+00:00 [running]> on host 9d5d2a77e6ba
[2022-08-30 20:14:44,800] {taskinstance.py:1591} INFO - Exporting the following env vars:
AIRFLOW_CTX_DAG_OWNER=***
AIRFLOW_CTX_DAG_ID=dynamically_branching1
AIRFLOW_CTX_TASK_ID=bash_task
AIRFLOW_CTX_EXECUTION_DATE=2022-08-30T20:14:42.817510+00:00
AIRFLOW_CTX_TRY_NUMBER=1
AIRFLOW_CTX_DAG_RUN_ID=manual__2022-08-30T20:14:42.817510+00:00
[2022-08-30 20:14:44,804] {subprocess.py:62} INFO - Tmp dir root location: 
 /tmp
[2022-08-30 20:14:44,806] {subprocess.py:74} INFO - Running command: ['bash', '-c', 'echo $(whoami)']
[2022-08-30 20:14:44,820] {subprocess.py:85} INFO - Output:
[2022-08-30 20:14:44,827] {subprocess.py:92} INFO - default
[2022-08-30 20:14:44,828] {subprocess.py:96} INFO - Command exited with return code 0
[2022-08-30 20:14:44,866] {taskinstance.py:1420} INFO - Marking task as SUCCESS. dag_id=dynamically_branching1, task_id=bash_task, execution_date=20220830T201442, start_date=20220830T201444, end_date=20220830T201444
[2022-08-30 20:14:44,903] {local_task_job.py:156} INFO - Task exited with return code 0
[2022-08-30 20:14:44,959] {local_task_job.py:273} INFO - 1 downstream tasks scheduled from follow-on schedule check
