[2022-08-24 18:41:58,847] {taskinstance.py:1179} INFO - Dependencies all met for <TaskInstance: dynamically_branching1.Process_Start scheduled__2018-11-16T00:00:00+00:00 [queued]>
[2022-08-24 18:41:58,869] {taskinstance.py:1179} INFO - Dependencies all met for <TaskInstance: dynamically_branching1.Process_Start scheduled__2018-11-16T00:00:00+00:00 [queued]>
[2022-08-24 18:41:58,870] {taskinstance.py:1376} INFO - 
--------------------------------------------------------------------------------
[2022-08-24 18:41:58,872] {taskinstance.py:1377} INFO - Starting attempt 1 of 1
[2022-08-24 18:41:58,874] {taskinstance.py:1378} INFO - 
--------------------------------------------------------------------------------
[2022-08-24 18:41:58,910] {taskinstance.py:1397} INFO - Executing <Task(PythonOperator): Process_Start> on 2018-11-16 00:00:00+00:00
[2022-08-24 18:41:58,922] {standard_task_runner.py:52} INFO - Started process 3662 to run task
[2022-08-24 18:41:58,933] {standard_task_runner.py:79} INFO - Running: ['***', 'tasks', 'run', 'dynamically_branching1', 'Process_Start', 'scheduled__2018-11-16T00:00:00+00:00', '--job-id', '777', '--raw', '--subdir', 'DAGS_FOLDER/jobs_dag.py', '--cfg-path', '/tmp/tmpn3d37ttk', '--error-file', '/tmp/tmpoov6_pru']
[2022-08-24 18:41:58,937] {standard_task_runner.py:80} INFO - Job 777: Subtask Process_Start
[2022-08-24 18:41:59,130] {task_command.py:371} INFO - Running <TaskInstance: dynamically_branching1.Process_Start scheduled__2018-11-16T00:00:00+00:00 [running]> on host 9d5d2a77e6ba
[2022-08-24 18:41:59,419] {taskinstance.py:1591} INFO - Exporting the following env vars:
AIRFLOW_CTX_DAG_OWNER=***
AIRFLOW_CTX_DAG_ID=dynamically_branching1
AIRFLOW_CTX_TASK_ID=Process_Start
AIRFLOW_CTX_EXECUTION_DATE=2018-11-16T00:00:00+00:00
AIRFLOW_CTX_TRY_NUMBER=1
AIRFLOW_CTX_DAG_RUN_ID=scheduled__2018-11-16T00:00:00+00:00
[2022-08-24 18:41:59,422] {jobs_dag.py:30} INFO - Process Start!
[2022-08-24 18:41:59,423] {logging_mixin.py:115} INFO - This is DAG: 1
[2022-08-24 18:41:59,425] {python.py:173} INFO - Done. Returned value was: None
[2022-08-24 18:41:59,454] {taskinstance.py:1420} INFO - Marking task as SUCCESS. dag_id=dynamically_branching1, task_id=Process_Start, execution_date=20181116T000000, start_date=20220824T184158, end_date=20220824T184159
[2022-08-24 18:41:59,552] {local_task_job.py:156} INFO - Task exited with return code 0
[2022-08-24 18:41:59,737] {local_task_job.py:273} INFO - 1 downstream tasks scheduled from follow-on schedule check
