[2022-08-24 18:42:32,509] {taskinstance.py:1179} INFO - Dependencies all met for <TaskInstance: dynamically_branching1.check_table_exist scheduled__2018-12-10T00:00:00+00:00 [queued]>
[2022-08-24 18:42:32,672] {taskinstance.py:1179} INFO - Dependencies all met for <TaskInstance: dynamically_branching1.check_table_exist scheduled__2018-12-10T00:00:00+00:00 [queued]>
[2022-08-24 18:42:32,676] {taskinstance.py:1376} INFO - 
--------------------------------------------------------------------------------
[2022-08-24 18:42:32,677] {taskinstance.py:1377} INFO - Starting attempt 1 of 1
[2022-08-24 18:42:32,678] {taskinstance.py:1378} INFO - 
--------------------------------------------------------------------------------
[2022-08-24 18:42:32,861] {taskinstance.py:1397} INFO - Executing <Task(BranchPythonOperator): check_table_exist> on 2018-12-10 00:00:00+00:00
[2022-08-24 18:42:32,923] {standard_task_runner.py:52} INFO - Started process 3815 to run task
[2022-08-24 18:42:32,918] {standard_task_runner.py:79} INFO - Running: ['***', 'tasks', 'run', 'dynamically_branching1', 'check_table_exist', 'scheduled__2018-12-10T00:00:00+00:00', '--job-id', '839', '--raw', '--subdir', 'DAGS_FOLDER/jobs_dag.py', '--cfg-path', '/tmp/tmp640y_m7n', '--error-file', '/tmp/tmpao5cvpql']
[2022-08-24 18:42:32,943] {standard_task_runner.py:80} INFO - Job 839: Subtask check_table_exist
[2022-08-24 18:42:33,778] {task_command.py:371} INFO - Running <TaskInstance: dynamically_branching1.check_table_exist scheduled__2018-12-10T00:00:00+00:00 [running]> on host 9d5d2a77e6ba
[2022-08-24 18:42:35,016] {taskinstance.py:1591} INFO - Exporting the following env vars:
AIRFLOW_CTX_DAG_OWNER=***
AIRFLOW_CTX_DAG_ID=dynamically_branching1
AIRFLOW_CTX_TASK_ID=check_table_exist
AIRFLOW_CTX_EXECUTION_DATE=2018-12-10T00:00:00+00:00
AIRFLOW_CTX_TRY_NUMBER=1
AIRFLOW_CTX_DAG_RUN_ID=scheduled__2018-12-10T00:00:00+00:00
[2022-08-24 18:42:35,018] {python.py:173} INFO - Done. Returned value was: create_table
[2022-08-24 18:42:35,019] {skipmixin.py:140} INFO - Following branch create_table
[2022-08-24 18:42:35,020] {skipmixin.py:175} INFO - Skipping tasks []
[2022-08-24 18:42:35,207] {taskinstance.py:1420} INFO - Marking task as SUCCESS. dag_id=dynamically_branching1, task_id=check_table_exist, execution_date=20181210T000000, start_date=20220824T184232, end_date=20220824T184235
[2022-08-24 18:42:35,386] {local_task_job.py:156} INFO - Task exited with return code 0
[2022-08-24 18:42:35,901] {local_task_job.py:273} INFO - 1 downstream tasks scheduled from follow-on schedule check
