[2022-08-24 19:07:51,180] {taskinstance.py:1179} INFO - Dependencies all met for <TaskInstance: dynamically_branching1.bash_task scheduled__2020-06-13T00:00:00+00:00 [queued]>
[2022-08-24 19:07:51,408] {taskinstance.py:1179} INFO - Dependencies all met for <TaskInstance: dynamically_branching1.bash_task scheduled__2020-06-13T00:00:00+00:00 [queued]>
[2022-08-24 19:07:51,417] {taskinstance.py:1376} INFO - 
--------------------------------------------------------------------------------
[2022-08-24 19:07:51,421] {taskinstance.py:1377} INFO - Starting attempt 1 of 1
[2022-08-24 19:07:51,423] {taskinstance.py:1378} INFO - 
--------------------------------------------------------------------------------
[2022-08-24 19:07:51,771] {taskinstance.py:1397} INFO - Executing <Task(BashOperator): bash_task> on 2020-06-13 00:00:00+00:00
[2022-08-24 19:07:51,941] {standard_task_runner.py:52} INFO - Started process 6607 to run task
[2022-08-24 19:07:52,007] {standard_task_runner.py:79} INFO - Running: ['***', 'tasks', 'run', 'dynamically_branching1', 'bash_task', 'scheduled__2020-06-13T00:00:00+00:00', '--job-id', '1645', '--raw', '--subdir', 'DAGS_FOLDER/jobs_dag.py', '--cfg-path', '/tmp/tmp4h978gxe', '--error-file', '/tmp/tmpbacanfc8']
[2022-08-24 19:07:52,025] {standard_task_runner.py:80} INFO - Job 1645: Subtask bash_task
[2022-08-24 19:07:52,767] {task_command.py:371} INFO - Running <TaskInstance: dynamically_branching1.bash_task scheduled__2020-06-13T00:00:00+00:00 [running]> on host 9d5d2a77e6ba
[2022-08-24 19:07:53,859] {taskinstance.py:1591} INFO - Exporting the following env vars:
AIRFLOW_CTX_DAG_OWNER=***
AIRFLOW_CTX_DAG_ID=dynamically_branching1
AIRFLOW_CTX_TASK_ID=bash_task
AIRFLOW_CTX_EXECUTION_DATE=2020-06-13T00:00:00+00:00
AIRFLOW_CTX_TRY_NUMBER=1
AIRFLOW_CTX_DAG_RUN_ID=scheduled__2020-06-13T00:00:00+00:00
[2022-08-24 19:07:53,862] {subprocess.py:62} INFO - Tmp dir root location: 
 /tmp
[2022-08-24 19:07:53,870] {subprocess.py:74} INFO - Running command: ['bash', '-c', 'whoami']
[2022-08-24 19:07:53,972] {subprocess.py:85} INFO - Output:
[2022-08-24 19:07:54,006] {subprocess.py:92} INFO - default
[2022-08-24 19:07:54,008] {subprocess.py:96} INFO - Command exited with return code 0
[2022-08-24 19:07:54,228] {taskinstance.py:1420} INFO - Marking task as SUCCESS. dag_id=dynamically_branching1, task_id=bash_task, execution_date=20200613T000000, start_date=20220824T190751, end_date=20220824T190754
[2022-08-24 19:07:54,439] {local_task_job.py:156} INFO - Task exited with return code 0
[2022-08-24 19:07:54,896] {local_task_job.py:273} INFO - 1 downstream tasks scheduled from follow-on schedule check
