[2022-08-30 18:21:03,059] {taskinstance.py:1179} INFO - Dependencies all met for <TaskInstance: dynamically_branching1.check_table_exist scheduled__2022-08-26T00:00:00+00:00 [queued]>
[2022-08-30 18:21:03,153] {taskinstance.py:1179} INFO - Dependencies all met for <TaskInstance: dynamically_branching1.check_table_exist scheduled__2022-08-26T00:00:00+00:00 [queued]>
[2022-08-30 18:21:03,156] {taskinstance.py:1376} INFO - 
--------------------------------------------------------------------------------
[2022-08-30 18:21:03,162] {taskinstance.py:1377} INFO - Starting attempt 1 of 1
[2022-08-30 18:21:03,164] {taskinstance.py:1378} INFO - 
--------------------------------------------------------------------------------
[2022-08-30 18:21:03,311] {taskinstance.py:1397} INFO - Executing <Task(BranchPythonOperator): check_table_exist> on 2022-08-26 00:00:00+00:00
[2022-08-30 18:21:03,406] {standard_task_runner.py:52} INFO - Started process 75718 to run task
[2022-08-30 18:21:03,488] {standard_task_runner.py:79} INFO - Running: ['***', 'tasks', 'run', 'dynamically_branching1', 'check_table_exist', 'scheduled__2022-08-26T00:00:00+00:00', '--job-id', '3340', '--raw', '--subdir', 'DAGS_FOLDER/jobs_dag.py', '--cfg-path', '/tmp/tmpwxzz6qa7', '--error-file', '/tmp/tmp6gdmbovf']
[2022-08-30 18:21:03,495] {standard_task_runner.py:80} INFO - Job 3340: Subtask check_table_exist
[2022-08-30 18:21:04,221] {task_command.py:371} INFO - Running <TaskInstance: dynamically_branching1.check_table_exist scheduled__2022-08-26T00:00:00+00:00 [running]> on host 9d5d2a77e6ba
[2022-08-30 18:21:05,269] {taskinstance.py:1591} INFO - Exporting the following env vars:
AIRFLOW_CTX_DAG_OWNER=***
AIRFLOW_CTX_DAG_ID=dynamically_branching1
AIRFLOW_CTX_TASK_ID=check_table_exist
AIRFLOW_CTX_EXECUTION_DATE=2022-08-26T00:00:00+00:00
AIRFLOW_CTX_TRY_NUMBER=1
AIRFLOW_CTX_DAG_RUN_ID=scheduled__2022-08-26T00:00:00+00:00
[2022-08-30 18:21:05,282] {python.py:173} INFO - Done. Returned value was: insert_row
[2022-08-30 18:21:05,301] {skipmixin.py:140} INFO - Following branch insert_row
[2022-08-30 18:21:05,309] {skipmixin.py:175} INFO - Skipping tasks ['create_table']
[2022-08-30 18:21:06,223] {taskinstance.py:1420} INFO - Marking task as SUCCESS. dag_id=dynamically_branching1, task_id=check_table_exist, execution_date=20220826T000000, start_date=20220830T182103, end_date=20220830T182106
[2022-08-30 18:21:06,460] {local_task_job.py:156} INFO - Task exited with return code 0
[2022-08-30 18:21:06,944] {local_task_job.py:273} INFO - 1 downstream tasks scheduled from follow-on schedule check
