[2022-08-19 20:48:55,339] {taskinstance.py:1179} INFO - Dependencies all met for <TaskInstance: loop_hello_world_1.hello_world scheduled__2021-01-01T00:00:00+00:00 [queued]>
[2022-08-19 20:48:55,404] {taskinstance.py:1179} INFO - Dependencies all met for <TaskInstance: loop_hello_world_1.hello_world scheduled__2021-01-01T00:00:00+00:00 [queued]>
[2022-08-19 20:48:55,405] {taskinstance.py:1376} INFO - 
--------------------------------------------------------------------------------
[2022-08-19 20:48:55,406] {taskinstance.py:1377} INFO - Starting attempt 1 of 1
[2022-08-19 20:48:55,409] {taskinstance.py:1378} INFO - 
--------------------------------------------------------------------------------
[2022-08-19 20:48:55,505] {taskinstance.py:1397} INFO - Executing <Task(PythonOperator): hello_world> on 2021-01-01 00:00:00+00:00
[2022-08-19 20:48:55,558] {standard_task_runner.py:52} INFO - Started process 15780 to run task
[2022-08-19 20:48:55,626] {standard_task_runner.py:79} INFO - Running: ['***', 'tasks', 'run', 'loop_hello_world_1', 'hello_world', 'scheduled__2021-01-01T00:00:00+00:00', '--job-id', '88', '--raw', '--subdir', 'DAGS_FOLDER/practiceDag1.py', '--cfg-path', '/tmp/tmplrl8sq88', '--error-file', '/tmp/tmpaqlmsjg2']
[2022-08-19 20:48:55,628] {standard_task_runner.py:80} INFO - Job 88: Subtask hello_world
[2022-08-19 20:48:56,128] {task_command.py:371} INFO - Running <TaskInstance: loop_hello_world_1.hello_world scheduled__2021-01-01T00:00:00+00:00 [running]> on host 9d5d2a77e6ba
[2022-08-19 20:48:57,015] {taskinstance.py:1591} INFO - Exporting the following env vars:
AIRFLOW_CTX_DAG_OWNER=***
AIRFLOW_CTX_DAG_ID=loop_hello_world_1
AIRFLOW_CTX_TASK_ID=hello_world
AIRFLOW_CTX_EXECUTION_DATE=2021-01-01T00:00:00+00:00
AIRFLOW_CTX_TRY_NUMBER=1
AIRFLOW_CTX_DAG_RUN_ID=scheduled__2021-01-01T00:00:00+00:00
[2022-08-19 20:48:57,041] {logging_mixin.py:115} INFO - Hello World
[2022-08-19 20:48:57,048] {logging_mixin.py:115} INFO - This is DAG: 1
[2022-08-19 20:48:57,055] {python.py:173} INFO - Done. Returned value was: None
[2022-08-19 20:48:57,289] {taskinstance.py:1420} INFO - Marking task as SUCCESS. dag_id=loop_hello_world_1, task_id=hello_world, execution_date=20210101T000000, start_date=20220819T204855, end_date=20220819T204857
[2022-08-19 20:48:57,726] {local_task_job.py:156} INFO - Task exited with return code 0
[2022-08-19 20:48:58,034] {local_task_job.py:273} INFO - 0 downstream tasks scheduled from follow-on schedule check
