[2022-09-01 21:43:49,631] {taskinstance.py:1179} INFO - Dependencies all met for <TaskInstance: trigger_sensor.waiting_for_run_file manual__2022-09-01T21:43:47.511399+00:00 [queued]>
[2022-09-01 21:43:49,645] {taskinstance.py:1179} INFO - Dependencies all met for <TaskInstance: trigger_sensor.waiting_for_run_file manual__2022-09-01T21:43:47.511399+00:00 [queued]>
[2022-09-01 21:43:49,646] {taskinstance.py:1376} INFO - 
--------------------------------------------------------------------------------
[2022-09-01 21:43:49,646] {taskinstance.py:1377} INFO - Starting attempt 1 of 1
[2022-09-01 21:43:49,647] {taskinstance.py:1378} INFO - 
--------------------------------------------------------------------------------
[2022-09-01 21:43:49,664] {taskinstance.py:1397} INFO - Executing <Task(FileSensor): waiting_for_run_file> on 2022-09-01 21:43:47.511399+00:00
[2022-09-01 21:43:49,671] {standard_task_runner.py:52} INFO - Started process 93129 to run task
[2022-09-01 21:43:49,677] {standard_task_runner.py:79} INFO - Running: ['***', 'tasks', 'run', 'trigger_sensor', 'waiting_for_run_file', 'manual__2022-09-01T21:43:47.511399+00:00', '--job-id', '3649', '--raw', '--subdir', 'DAGS_FOLDER/trigger_dag.py', '--cfg-path', '/tmp/tmpa55q4_85', '--error-file', '/tmp/tmp7u1ihs9u']
[2022-09-01 21:43:49,678] {standard_task_runner.py:80} INFO - Job 3649: Subtask waiting_for_run_file
[2022-09-01 21:43:49,776] {task_command.py:371} INFO - Running <TaskInstance: trigger_sensor.waiting_for_run_file manual__2022-09-01T21:43:47.511399+00:00 [running]> on host 9d5d2a77e6ba
[2022-09-01 21:43:49,882] {taskinstance.py:1591} INFO - Exporting the following env vars:
AIRFLOW_CTX_DAG_OWNER=***
AIRFLOW_CTX_DAG_ID=trigger_sensor
AIRFLOW_CTX_TASK_ID=waiting_for_run_file
AIRFLOW_CTX_EXECUTION_DATE=2022-09-01T21:43:47.511399+00:00
AIRFLOW_CTX_TRY_NUMBER=1
AIRFLOW_CTX_DAG_RUN_ID=manual__2022-09-01T21:43:47.511399+00:00
[2022-09-01 21:43:49,895] {base.py:68} INFO - Using connection ID 'my_file_system_practice' for task execution.
[2022-09-01 21:43:49,896] {filesystem.py:58} INFO - Poking for file /opt/***/dags/test.txt
[2022-09-01 21:43:59,919] {base.py:68} INFO - Using connection ID 'my_file_system_practice' for task execution.
[2022-09-01 21:43:59,920] {filesystem.py:58} INFO - Poking for file /opt/***/dags/test.txt
[2022-09-01 21:44:09,940] {base.py:68} INFO - Using connection ID 'my_file_system_practice' for task execution.
[2022-09-01 21:44:09,941] {filesystem.py:58} INFO - Poking for file /opt/***/dags/test.txt
[2022-09-01 21:44:09,942] {filesystem.py:63} INFO - Found File /opt/***/dags/test.txt last modified: 20220901214407
[2022-09-01 21:44:09,943] {base.py:301} INFO - Success criteria met. Exiting.
[2022-09-01 21:44:09,964] {taskinstance.py:1420} INFO - Marking task as SUCCESS. dag_id=trigger_sensor, task_id=waiting_for_run_file, execution_date=20220901T214347, start_date=20220901T214349, end_date=20220901T214409
[2022-09-01 21:44:10,013] {local_task_job.py:156} INFO - Task exited with return code 0
[2022-09-01 21:44:10,082] {local_task_job.py:273} INFO - 1 downstream tasks scheduled from follow-on schedule check
