[2022-08-24 19:09:15,751] {taskinstance.py:1179} INFO - Dependencies all met for <TaskInstance: dynamically_branching1.check_table_exist scheduled__2020-08-03T00:00:00+00:00 [queued]>
[2022-08-24 19:09:15,788] {taskinstance.py:1179} INFO - Dependencies all met for <TaskInstance: dynamically_branching1.check_table_exist scheduled__2020-08-03T00:00:00+00:00 [queued]>
[2022-08-24 19:09:15,789] {taskinstance.py:1376} INFO - 
--------------------------------------------------------------------------------
[2022-08-24 19:09:15,790] {taskinstance.py:1377} INFO - Starting attempt 1 of 1
[2022-08-24 19:09:15,791] {taskinstance.py:1378} INFO - 
--------------------------------------------------------------------------------
[2022-08-24 19:09:15,825] {taskinstance.py:1397} INFO - Executing <Task(BranchPythonOperator): check_table_exist> on 2020-08-03 00:00:00+00:00
[2022-08-24 19:09:15,843] {standard_task_runner.py:52} INFO - Started process 6931 to run task
[2022-08-24 19:09:15,864] {standard_task_runner.py:79} INFO - Running: ['***', 'tasks', 'run', 'dynamically_branching1', 'check_table_exist', 'scheduled__2020-08-03T00:00:00+00:00', '--job-id', '1756', '--raw', '--subdir', 'DAGS_FOLDER/jobs_dag.py', '--cfg-path', '/tmp/tmpwp774ehj', '--error-file', '/tmp/tmpjns20kr7']
[2022-08-24 19:09:15,866] {standard_task_runner.py:80} INFO - Job 1756: Subtask check_table_exist
[2022-08-24 19:09:16,137] {task_command.py:371} INFO - Running <TaskInstance: dynamically_branching1.check_table_exist scheduled__2020-08-03T00:00:00+00:00 [running]> on host 9d5d2a77e6ba
[2022-08-24 19:09:16,355] {taskinstance.py:1591} INFO - Exporting the following env vars:
AIRFLOW_CTX_DAG_OWNER=***
AIRFLOW_CTX_DAG_ID=dynamically_branching1
AIRFLOW_CTX_TASK_ID=check_table_exist
AIRFLOW_CTX_EXECUTION_DATE=2020-08-03T00:00:00+00:00
AIRFLOW_CTX_TRY_NUMBER=1
AIRFLOW_CTX_DAG_RUN_ID=scheduled__2020-08-03T00:00:00+00:00
[2022-08-24 19:09:16,358] {python.py:173} INFO - Done. Returned value was: insert_row
[2022-08-24 19:09:16,359] {skipmixin.py:140} INFO - Following branch insert_row
[2022-08-24 19:09:16,360] {skipmixin.py:175} INFO - Skipping tasks ['create_table']
[2022-08-24 19:09:16,480] {taskinstance.py:1420} INFO - Marking task as SUCCESS. dag_id=dynamically_branching1, task_id=check_table_exist, execution_date=20200803T000000, start_date=20220824T190915, end_date=20220824T190916
[2022-08-24 19:09:16,558] {local_task_job.py:156} INFO - Task exited with return code 0
[2022-08-24 19:09:16,665] {local_task_job.py:273} INFO - 1 downstream tasks scheduled from follow-on schedule check
