[2022-08-24 19:20:43,454] {taskinstance.py:1179} INFO - Dependencies all met for <TaskInstance: dynamically_branching1.check_table_exist scheduled__2022-02-17T00:00:00+00:00 [queued]>
[2022-08-24 19:20:43,519] {taskinstance.py:1179} INFO - Dependencies all met for <TaskInstance: dynamically_branching1.check_table_exist scheduled__2022-02-17T00:00:00+00:00 [queued]>
[2022-08-24 19:20:43,520] {taskinstance.py:1376} INFO - 
--------------------------------------------------------------------------------
[2022-08-24 19:20:43,521] {taskinstance.py:1377} INFO - Starting attempt 1 of 1
[2022-08-24 19:20:43,522] {taskinstance.py:1378} INFO - 
--------------------------------------------------------------------------------
[2022-08-24 19:20:43,693] {taskinstance.py:1397} INFO - Executing <Task(BranchPythonOperator): check_table_exist> on 2022-02-17 00:00:00+00:00
[2022-08-24 19:20:43,746] {standard_task_runner.py:52} INFO - Started process 10679 to run task
[2022-08-24 19:20:43,788] {standard_task_runner.py:79} INFO - Running: ['***', 'tasks', 'run', 'dynamically_branching1', 'check_table_exist', 'scheduled__2022-02-17T00:00:00+00:00', '--job-id', '2888', '--raw', '--subdir', 'DAGS_FOLDER/jobs_dag.py', '--cfg-path', '/tmp/tmpu8dpquly', '--error-file', '/tmp/tmp5ss1que2']
[2022-08-24 19:20:43,815] {standard_task_runner.py:80} INFO - Job 2888: Subtask check_table_exist
[2022-08-24 19:20:44,315] {task_command.py:371} INFO - Running <TaskInstance: dynamically_branching1.check_table_exist scheduled__2022-02-17T00:00:00+00:00 [running]> on host 9d5d2a77e6ba
[2022-08-24 19:20:44,884] {taskinstance.py:1591} INFO - Exporting the following env vars:
AIRFLOW_CTX_DAG_OWNER=***
AIRFLOW_CTX_DAG_ID=dynamically_branching1
AIRFLOW_CTX_TASK_ID=check_table_exist
AIRFLOW_CTX_EXECUTION_DATE=2022-02-17T00:00:00+00:00
AIRFLOW_CTX_TRY_NUMBER=1
AIRFLOW_CTX_DAG_RUN_ID=scheduled__2022-02-17T00:00:00+00:00
[2022-08-24 19:20:44,890] {python.py:173} INFO - Done. Returned value was: insert_row
[2022-08-24 19:20:44,893] {skipmixin.py:140} INFO - Following branch insert_row
[2022-08-24 19:20:44,895] {skipmixin.py:175} INFO - Skipping tasks ['create_table']
[2022-08-24 19:20:45,154] {taskinstance.py:1420} INFO - Marking task as SUCCESS. dag_id=dynamically_branching1, task_id=check_table_exist, execution_date=20220217T000000, start_date=20220824T192043, end_date=20220824T192045
[2022-08-24 19:20:45,329] {local_task_job.py:156} INFO - Task exited with return code 0
[2022-08-24 19:20:45,642] {local_task_job.py:273} INFO - 0 downstream tasks scheduled from follow-on schedule check
