[2022-08-24 19:03:49,019] {taskinstance.py:1179} INFO - Dependencies all met for <TaskInstance: dynamically_branching1.check_table_exist scheduled__2019-12-09T00:00:00+00:00 [queued]>
[2022-08-24 19:03:49,037] {taskinstance.py:1179} INFO - Dependencies all met for <TaskInstance: dynamically_branching1.check_table_exist scheduled__2019-12-09T00:00:00+00:00 [queued]>
[2022-08-24 19:03:49,040] {taskinstance.py:1376} INFO - 
--------------------------------------------------------------------------------
[2022-08-24 19:03:49,042] {taskinstance.py:1377} INFO - Starting attempt 1 of 1
[2022-08-24 19:03:49,043] {taskinstance.py:1378} INFO - 
--------------------------------------------------------------------------------
[2022-08-24 19:03:49,092] {taskinstance.py:1397} INFO - Executing <Task(BranchPythonOperator): check_table_exist> on 2019-12-09 00:00:00+00:00
[2022-08-24 19:03:49,100] {standard_task_runner.py:52} INFO - Started process 5744 to run task
[2022-08-24 19:03:49,113] {standard_task_runner.py:79} INFO - Running: ['***', 'tasks', 'run', 'dynamically_branching1', 'check_table_exist', 'scheduled__2019-12-09T00:00:00+00:00', '--job-id', '1342', '--raw', '--subdir', 'DAGS_FOLDER/jobs_dag.py', '--cfg-path', '/tmp/tmp_5jzoqd8', '--error-file', '/tmp/tmp9cx7pey4']
[2022-08-24 19:03:49,115] {standard_task_runner.py:80} INFO - Job 1342: Subtask check_table_exist
[2022-08-24 19:03:49,358] {task_command.py:371} INFO - Running <TaskInstance: dynamically_branching1.check_table_exist scheduled__2019-12-09T00:00:00+00:00 [running]> on host 9d5d2a77e6ba
[2022-08-24 19:03:49,716] {taskinstance.py:1591} INFO - Exporting the following env vars:
AIRFLOW_CTX_DAG_OWNER=***
AIRFLOW_CTX_DAG_ID=dynamically_branching1
AIRFLOW_CTX_TASK_ID=check_table_exist
AIRFLOW_CTX_EXECUTION_DATE=2019-12-09T00:00:00+00:00
AIRFLOW_CTX_TRY_NUMBER=1
AIRFLOW_CTX_DAG_RUN_ID=scheduled__2019-12-09T00:00:00+00:00
[2022-08-24 19:03:49,738] {python.py:173} INFO - Done. Returned value was: insert_row
[2022-08-24 19:03:49,740] {skipmixin.py:140} INFO - Following branch insert_row
[2022-08-24 19:03:49,742] {skipmixin.py:175} INFO - Skipping tasks ['create_table']
[2022-08-24 19:03:49,862] {taskinstance.py:1420} INFO - Marking task as SUCCESS. dag_id=dynamically_branching1, task_id=check_table_exist, execution_date=20191209T000000, start_date=20220824T190349, end_date=20220824T190349
[2022-08-24 19:03:49,915] {local_task_job.py:156} INFO - Task exited with return code 0
[2022-08-24 19:03:50,032] {local_task_job.py:273} INFO - 1 downstream tasks scheduled from follow-on schedule check
