[2022-08-24 19:18:27,845] {taskinstance.py:1179} INFO - Dependencies all met for <TaskInstance: dynamically_branching1.bash_task scheduled__2021-10-29T00:00:00+00:00 [queued]>
[2022-08-24 19:18:27,897] {taskinstance.py:1179} INFO - Dependencies all met for <TaskInstance: dynamically_branching1.bash_task scheduled__2021-10-29T00:00:00+00:00 [queued]>
[2022-08-24 19:18:27,899] {taskinstance.py:1376} INFO - 
--------------------------------------------------------------------------------
[2022-08-24 19:18:27,901] {taskinstance.py:1377} INFO - Starting attempt 1 of 1
[2022-08-24 19:18:27,902] {taskinstance.py:1378} INFO - 
--------------------------------------------------------------------------------
[2022-08-24 19:18:28,006] {taskinstance.py:1397} INFO - Executing <Task(BashOperator): bash_task> on 2021-10-29 00:00:00+00:00
[2022-08-24 19:18:28,033] {standard_task_runner.py:52} INFO - Started process 9906 to run task
[2022-08-24 19:18:28,078] {standard_task_runner.py:79} INFO - Running: ['***', 'tasks', 'run', 'dynamically_branching1', 'bash_task', 'scheduled__2021-10-29T00:00:00+00:00', '--job-id', '2655', '--raw', '--subdir', 'DAGS_FOLDER/jobs_dag.py', '--cfg-path', '/tmp/tmpoa4yl4et', '--error-file', '/tmp/tmpmz392axh']
[2022-08-24 19:18:28,083] {standard_task_runner.py:80} INFO - Job 2655: Subtask bash_task
[2022-08-24 19:18:28,413] {task_command.py:371} INFO - Running <TaskInstance: dynamically_branching1.bash_task scheduled__2021-10-29T00:00:00+00:00 [running]> on host 9d5d2a77e6ba
[2022-08-24 19:18:28,769] {taskinstance.py:1591} INFO - Exporting the following env vars:
AIRFLOW_CTX_DAG_OWNER=***
AIRFLOW_CTX_DAG_ID=dynamically_branching1
AIRFLOW_CTX_TASK_ID=bash_task
AIRFLOW_CTX_EXECUTION_DATE=2021-10-29T00:00:00+00:00
AIRFLOW_CTX_TRY_NUMBER=1
AIRFLOW_CTX_DAG_RUN_ID=scheduled__2021-10-29T00:00:00+00:00
[2022-08-24 19:18:28,772] {subprocess.py:62} INFO - Tmp dir root location: 
 /tmp
[2022-08-24 19:18:28,776] {subprocess.py:74} INFO - Running command: ['bash', '-c', 'echo $(whoami)']
[2022-08-24 19:18:28,890] {subprocess.py:85} INFO - Output:
[2022-08-24 19:18:28,907] {subprocess.py:92} INFO - default
[2022-08-24 19:18:28,914] {subprocess.py:96} INFO - Command exited with return code 0
[2022-08-24 19:18:29,106] {taskinstance.py:1420} INFO - Marking task as SUCCESS. dag_id=dynamically_branching1, task_id=bash_task, execution_date=20211029T000000, start_date=20220824T191827, end_date=20220824T191829
[2022-08-24 19:18:29,192] {local_task_job.py:156} INFO - Task exited with return code 0
[2022-08-24 19:18:29,393] {local_task_job.py:273} INFO - 1 downstream tasks scheduled from follow-on schedule check
