[2022-08-24 19:20:32,551] {taskinstance.py:1179} INFO - Dependencies all met for <TaskInstance: dynamically_branching1.check_table_exist scheduled__2022-02-12T00:00:00+00:00 [queued]>
[2022-08-24 19:20:32,581] {taskinstance.py:1179} INFO - Dependencies all met for <TaskInstance: dynamically_branching1.check_table_exist scheduled__2022-02-12T00:00:00+00:00 [queued]>
[2022-08-24 19:20:32,581] {taskinstance.py:1376} INFO - 
--------------------------------------------------------------------------------
[2022-08-24 19:20:32,582] {taskinstance.py:1377} INFO - Starting attempt 1 of 1
[2022-08-24 19:20:32,583] {taskinstance.py:1378} INFO - 
--------------------------------------------------------------------------------
[2022-08-24 19:20:32,620] {taskinstance.py:1397} INFO - Executing <Task(BranchPythonOperator): check_table_exist> on 2022-02-12 00:00:00+00:00
[2022-08-24 19:20:32,632] {standard_task_runner.py:52} INFO - Started process 10625 to run task
[2022-08-24 19:20:32,645] {standard_task_runner.py:79} INFO - Running: ['***', 'tasks', 'run', 'dynamically_branching1', 'check_table_exist', 'scheduled__2022-02-12T00:00:00+00:00', '--job-id', '2874', '--raw', '--subdir', 'DAGS_FOLDER/jobs_dag.py', '--cfg-path', '/tmp/tmpdg8f92wo', '--error-file', '/tmp/tmp0lb3o74l']
[2022-08-24 19:20:32,658] {standard_task_runner.py:80} INFO - Job 2874: Subtask check_table_exist
[2022-08-24 19:20:32,811] {task_command.py:371} INFO - Running <TaskInstance: dynamically_branching1.check_table_exist scheduled__2022-02-12T00:00:00+00:00 [running]> on host 9d5d2a77e6ba
[2022-08-24 19:20:33,019] {taskinstance.py:1591} INFO - Exporting the following env vars:
AIRFLOW_CTX_DAG_OWNER=***
AIRFLOW_CTX_DAG_ID=dynamically_branching1
AIRFLOW_CTX_TASK_ID=check_table_exist
AIRFLOW_CTX_EXECUTION_DATE=2022-02-12T00:00:00+00:00
AIRFLOW_CTX_TRY_NUMBER=1
AIRFLOW_CTX_DAG_RUN_ID=scheduled__2022-02-12T00:00:00+00:00
[2022-08-24 19:20:33,027] {python.py:173} INFO - Done. Returned value was: insert_row
[2022-08-24 19:20:33,029] {skipmixin.py:140} INFO - Following branch insert_row
[2022-08-24 19:20:33,031] {skipmixin.py:175} INFO - Skipping tasks ['create_table']
[2022-08-24 19:20:33,149] {taskinstance.py:1420} INFO - Marking task as SUCCESS. dag_id=dynamically_branching1, task_id=check_table_exist, execution_date=20220212T000000, start_date=20220824T192032, end_date=20220824T192033
[2022-08-24 19:20:33,191] {local_task_job.py:156} INFO - Task exited with return code 0
[2022-08-24 19:20:33,320] {local_task_job.py:273} INFO - 1 downstream tasks scheduled from follow-on schedule check
