[2022-08-24 19:22:42,072] {taskinstance.py:1179} INFO - Dependencies all met for <TaskInstance: dynamically_branching1.bash_task scheduled__2022-06-08T00:00:00+00:00 [queued]>
[2022-08-24 19:22:42,123] {taskinstance.py:1179} INFO - Dependencies all met for <TaskInstance: dynamically_branching1.bash_task scheduled__2022-06-08T00:00:00+00:00 [queued]>
[2022-08-24 19:22:42,124] {taskinstance.py:1376} INFO - 
--------------------------------------------------------------------------------
[2022-08-24 19:22:42,128] {taskinstance.py:1377} INFO - Starting attempt 1 of 1
[2022-08-24 19:22:42,129] {taskinstance.py:1378} INFO - 
--------------------------------------------------------------------------------
[2022-08-24 19:22:42,214] {taskinstance.py:1397} INFO - Executing <Task(BashOperator): bash_task> on 2022-06-08 00:00:00+00:00
[2022-08-24 19:22:42,247] {standard_task_runner.py:52} INFO - Started process 11354 to run task
[2022-08-24 19:22:42,283] {standard_task_runner.py:79} INFO - Running: ['***', 'tasks', 'run', 'dynamically_branching1', 'bash_task', 'scheduled__2022-06-08T00:00:00+00:00', '--job-id', '3096', '--raw', '--subdir', 'DAGS_FOLDER/jobs_dag.py', '--cfg-path', '/tmp/tmp3x2zq0m5', '--error-file', '/tmp/tmpk5rc5dh1']
[2022-08-24 19:22:42,285] {standard_task_runner.py:80} INFO - Job 3096: Subtask bash_task
[2022-08-24 19:22:42,679] {task_command.py:371} INFO - Running <TaskInstance: dynamically_branching1.bash_task scheduled__2022-06-08T00:00:00+00:00 [running]> on host 9d5d2a77e6ba
[2022-08-24 19:22:43,390] {taskinstance.py:1591} INFO - Exporting the following env vars:
AIRFLOW_CTX_DAG_OWNER=***
AIRFLOW_CTX_DAG_ID=dynamically_branching1
AIRFLOW_CTX_TASK_ID=bash_task
AIRFLOW_CTX_EXECUTION_DATE=2022-06-08T00:00:00+00:00
AIRFLOW_CTX_TRY_NUMBER=1
AIRFLOW_CTX_DAG_RUN_ID=scheduled__2022-06-08T00:00:00+00:00
[2022-08-24 19:22:43,393] {subprocess.py:62} INFO - Tmp dir root location: 
 /tmp
[2022-08-24 19:22:43,402] {subprocess.py:74} INFO - Running command: ['bash', '-c', 'echo $(whoami)']
[2022-08-24 19:22:43,505] {subprocess.py:85} INFO - Output:
[2022-08-24 19:22:43,532] {subprocess.py:92} INFO - default
[2022-08-24 19:22:43,533] {subprocess.py:96} INFO - Command exited with return code 0
[2022-08-24 19:22:43,766] {taskinstance.py:1420} INFO - Marking task as SUCCESS. dag_id=dynamically_branching1, task_id=bash_task, execution_date=20220608T000000, start_date=20220824T192242, end_date=20220824T192243
[2022-08-24 19:22:43,876] {local_task_job.py:156} INFO - Task exited with return code 0
[2022-08-24 19:22:44,100] {local_task_job.py:273} INFO - 1 downstream tasks scheduled from follow-on schedule check
