[2022-08-24 19:15:04,781] {taskinstance.py:1179} INFO - Dependencies all met for <TaskInstance: dynamically_branching1.bash_task scheduled__2021-05-09T00:00:00+00:00 [queued]>
[2022-08-24 19:15:04,822] {taskinstance.py:1179} INFO - Dependencies all met for <TaskInstance: dynamically_branching1.bash_task scheduled__2021-05-09T00:00:00+00:00 [queued]>
[2022-08-24 19:15:04,823] {taskinstance.py:1376} INFO - 
--------------------------------------------------------------------------------
[2022-08-24 19:15:04,826] {taskinstance.py:1377} INFO - Starting attempt 1 of 1
[2022-08-24 19:15:04,831] {taskinstance.py:1378} INFO - 
--------------------------------------------------------------------------------
[2022-08-24 19:15:04,883] {taskinstance.py:1397} INFO - Executing <Task(BashOperator): bash_task> on 2021-05-09 00:00:00+00:00
[2022-08-24 19:15:04,898] {standard_task_runner.py:52} INFO - Started process 8773 to run task
[2022-08-24 19:15:04,924] {standard_task_runner.py:79} INFO - Running: ['***', 'tasks', 'run', 'dynamically_branching1', 'bash_task', 'scheduled__2021-05-09T00:00:00+00:00', '--job-id', '2311', '--raw', '--subdir', 'DAGS_FOLDER/jobs_dag.py', '--cfg-path', '/tmp/tmpa1b96vqv', '--error-file', '/tmp/tmp1syg2ei2']
[2022-08-24 19:15:04,925] {standard_task_runner.py:80} INFO - Job 2311: Subtask bash_task
[2022-08-24 19:15:05,178] {task_command.py:371} INFO - Running <TaskInstance: dynamically_branching1.bash_task scheduled__2021-05-09T00:00:00+00:00 [running]> on host 9d5d2a77e6ba
[2022-08-24 19:15:05,664] {taskinstance.py:1591} INFO - Exporting the following env vars:
AIRFLOW_CTX_DAG_OWNER=***
AIRFLOW_CTX_DAG_ID=dynamically_branching1
AIRFLOW_CTX_TASK_ID=bash_task
AIRFLOW_CTX_EXECUTION_DATE=2021-05-09T00:00:00+00:00
AIRFLOW_CTX_TRY_NUMBER=1
AIRFLOW_CTX_DAG_RUN_ID=scheduled__2021-05-09T00:00:00+00:00
[2022-08-24 19:15:05,667] {subprocess.py:62} INFO - Tmp dir root location: 
 /tmp
[2022-08-24 19:15:05,670] {subprocess.py:74} INFO - Running command: ['bash', '-c', 'echo $(whoami)']
[2022-08-24 19:15:05,710] {subprocess.py:85} INFO - Output:
[2022-08-24 19:15:05,739] {subprocess.py:92} INFO - default
[2022-08-24 19:15:05,740] {subprocess.py:96} INFO - Command exited with return code 0
[2022-08-24 19:15:05,902] {taskinstance.py:1420} INFO - Marking task as SUCCESS. dag_id=dynamically_branching1, task_id=bash_task, execution_date=20210509T000000, start_date=20220824T191504, end_date=20220824T191505
[2022-08-24 19:15:05,972] {local_task_job.py:156} INFO - Task exited with return code 0
[2022-08-24 19:15:06,147] {local_task_job.py:273} INFO - 1 downstream tasks scheduled from follow-on schedule check
