[2022-08-24 18:59:59,996] {taskinstance.py:1179} INFO - Dependencies all met for <TaskInstance: dynamically_branching1.check_table_exist scheduled__2019-05-19T00:00:00+00:00 [queued]>
[2022-08-24 19:00:00,013] {taskinstance.py:1179} INFO - Dependencies all met for <TaskInstance: dynamically_branching1.check_table_exist scheduled__2019-05-19T00:00:00+00:00 [queued]>
[2022-08-24 19:00:00,015] {taskinstance.py:1376} INFO - 
--------------------------------------------------------------------------------
[2022-08-24 19:00:00,016] {taskinstance.py:1377} INFO - Starting attempt 1 of 1
[2022-08-24 19:00:00,018] {taskinstance.py:1378} INFO - 
--------------------------------------------------------------------------------
[2022-08-24 19:00:00,060] {taskinstance.py:1397} INFO - Executing <Task(BranchPythonOperator): check_table_exist> on 2019-05-19 00:00:00+00:00
[2022-08-24 19:00:00,073] {standard_task_runner.py:52} INFO - Started process 5168 to run task
[2022-08-24 19:00:00,094] {standard_task_runner.py:79} INFO - Running: ['***', 'tasks', 'run', 'dynamically_branching1', 'check_table_exist', 'scheduled__2019-05-19T00:00:00+00:00', '--job-id', '1137', '--raw', '--subdir', 'DAGS_FOLDER/jobs_dag.py', '--cfg-path', '/tmp/tmpmmcw0q7e', '--error-file', '/tmp/tmph4kw97zr']
[2022-08-24 19:00:00,096] {standard_task_runner.py:80} INFO - Job 1137: Subtask check_table_exist
[2022-08-24 19:00:00,211] {task_command.py:371} INFO - Running <TaskInstance: dynamically_branching1.check_table_exist scheduled__2019-05-19T00:00:00+00:00 [running]> on host 9d5d2a77e6ba
[2022-08-24 19:00:00,344] {taskinstance.py:1591} INFO - Exporting the following env vars:
AIRFLOW_CTX_DAG_OWNER=***
AIRFLOW_CTX_DAG_ID=dynamically_branching1
AIRFLOW_CTX_TASK_ID=check_table_exist
AIRFLOW_CTX_EXECUTION_DATE=2019-05-19T00:00:00+00:00
AIRFLOW_CTX_TRY_NUMBER=1
AIRFLOW_CTX_DAG_RUN_ID=scheduled__2019-05-19T00:00:00+00:00
[2022-08-24 19:00:00,346] {python.py:173} INFO - Done. Returned value was: create_table
[2022-08-24 19:00:00,349] {skipmixin.py:140} INFO - Following branch create_table
[2022-08-24 19:00:00,354] {skipmixin.py:175} INFO - Skipping tasks []
[2022-08-24 19:00:00,447] {taskinstance.py:1420} INFO - Marking task as SUCCESS. dag_id=dynamically_branching1, task_id=check_table_exist, execution_date=20190519T000000, start_date=20220824T185959, end_date=20220824T190000
[2022-08-24 19:00:00,503] {local_task_job.py:156} INFO - Task exited with return code 0
[2022-08-24 19:00:00,580] {local_task_job.py:273} INFO - 1 downstream tasks scheduled from follow-on schedule check
