[2022-08-24 19:22:17,681] {taskinstance.py:1179} INFO - Dependencies all met for <TaskInstance: dynamically_branching1.bash_task scheduled__2022-05-14T00:00:00+00:00 [queued]>
[2022-08-24 19:22:17,701] {taskinstance.py:1179} INFO - Dependencies all met for <TaskInstance: dynamically_branching1.bash_task scheduled__2022-05-14T00:00:00+00:00 [queued]>
[2022-08-24 19:22:17,702] {taskinstance.py:1376} INFO - 
--------------------------------------------------------------------------------
[2022-08-24 19:22:17,703] {taskinstance.py:1377} INFO - Starting attempt 1 of 1
[2022-08-24 19:22:17,704] {taskinstance.py:1378} INFO - 
--------------------------------------------------------------------------------
[2022-08-24 19:22:17,736] {taskinstance.py:1397} INFO - Executing <Task(BashOperator): bash_task> on 2022-05-14 00:00:00+00:00
[2022-08-24 19:22:17,753] {standard_task_runner.py:52} INFO - Started process 11189 to run task
[2022-08-24 19:22:17,768] {standard_task_runner.py:79} INFO - Running: ['***', 'tasks', 'run', 'dynamically_branching1', 'bash_task', 'scheduled__2022-05-14T00:00:00+00:00', '--job-id', '3048', '--raw', '--subdir', 'DAGS_FOLDER/jobs_dag.py', '--cfg-path', '/tmp/tmphcm4__5r', '--error-file', '/tmp/tmp2s9ul6az']
[2022-08-24 19:22:17,771] {standard_task_runner.py:80} INFO - Job 3048: Subtask bash_task
[2022-08-24 19:22:18,238] {task_command.py:371} INFO - Running <TaskInstance: dynamically_branching1.bash_task scheduled__2022-05-14T00:00:00+00:00 [running]> on host 9d5d2a77e6ba
[2022-08-24 19:22:18,874] {taskinstance.py:1591} INFO - Exporting the following env vars:
AIRFLOW_CTX_DAG_OWNER=***
AIRFLOW_CTX_DAG_ID=dynamically_branching1
AIRFLOW_CTX_TASK_ID=bash_task
AIRFLOW_CTX_EXECUTION_DATE=2022-05-14T00:00:00+00:00
AIRFLOW_CTX_TRY_NUMBER=1
AIRFLOW_CTX_DAG_RUN_ID=scheduled__2022-05-14T00:00:00+00:00
[2022-08-24 19:22:18,876] {subprocess.py:62} INFO - Tmp dir root location: 
 /tmp
[2022-08-24 19:22:18,878] {subprocess.py:74} INFO - Running command: ['bash', '-c', 'echo $(whoami)']
[2022-08-24 19:22:18,940] {subprocess.py:85} INFO - Output:
[2022-08-24 19:22:19,009] {subprocess.py:92} INFO - default
[2022-08-24 19:22:19,011] {subprocess.py:96} INFO - Command exited with return code 0
[2022-08-24 19:22:19,153] {taskinstance.py:1420} INFO - Marking task as SUCCESS. dag_id=dynamically_branching1, task_id=bash_task, execution_date=20220514T000000, start_date=20220824T192217, end_date=20220824T192219
[2022-08-24 19:22:19,270] {local_task_job.py:156} INFO - Task exited with return code 0
[2022-08-24 19:22:19,486] {local_task_job.py:273} INFO - 1 downstream tasks scheduled from follow-on schedule check
