[2022-09-01 16:03:38,683] {taskinstance.py:1179} INFO - Dependencies all met for <TaskInstance: dynamically_branching1.bash_task manual__2022-09-01T16:03:36.363542+00:00 [queued]>
[2022-09-01 16:03:38,695] {taskinstance.py:1179} INFO - Dependencies all met for <TaskInstance: dynamically_branching1.bash_task manual__2022-09-01T16:03:36.363542+00:00 [queued]>
[2022-09-01 16:03:38,696] {taskinstance.py:1376} INFO - 
--------------------------------------------------------------------------------
[2022-09-01 16:03:38,697] {taskinstance.py:1377} INFO - Starting attempt 1 of 1
[2022-09-01 16:03:38,697] {taskinstance.py:1378} INFO - 
--------------------------------------------------------------------------------
[2022-09-01 16:03:38,713] {taskinstance.py:1397} INFO - Executing <Task(BashOperator): bash_task> on 2022-09-01 16:03:36.363542+00:00
[2022-09-01 16:03:38,720] {standard_task_runner.py:52} INFO - Started process 84733 to run task
[2022-09-01 16:03:38,724] {standard_task_runner.py:79} INFO - Running: ['***', 'tasks', 'run', 'dynamically_branching1', 'bash_task', 'manual__2022-09-01T16:03:36.363542+00:00', '--job-id', '3435', '--raw', '--subdir', 'DAGS_FOLDER/jobs_dag.py', '--cfg-path', '/tmp/tmps2sj6qa0', '--error-file', '/tmp/tmp5zzbss7s']
[2022-09-01 16:03:38,725] {standard_task_runner.py:80} INFO - Job 3435: Subtask bash_task
[2022-09-01 16:03:38,809] {task_command.py:371} INFO - Running <TaskInstance: dynamically_branching1.bash_task manual__2022-09-01T16:03:36.363542+00:00 [running]> on host 9d5d2a77e6ba
[2022-09-01 16:03:38,899] {taskinstance.py:1591} INFO - Exporting the following env vars:
AIRFLOW_CTX_DAG_OWNER=***
AIRFLOW_CTX_DAG_ID=dynamically_branching1
AIRFLOW_CTX_TASK_ID=bash_task
AIRFLOW_CTX_EXECUTION_DATE=2022-09-01T16:03:36.363542+00:00
AIRFLOW_CTX_TRY_NUMBER=1
AIRFLOW_CTX_DAG_RUN_ID=manual__2022-09-01T16:03:36.363542+00:00
[2022-09-01 16:03:38,902] {subprocess.py:62} INFO - Tmp dir root location: 
 /tmp
[2022-09-01 16:03:38,903] {subprocess.py:74} INFO - Running command: ['bash', '-c', 'echo $(whoami)']
[2022-09-01 16:03:38,920] {subprocess.py:85} INFO - Output:
[2022-09-01 16:03:38,926] {subprocess.py:92} INFO - default
[2022-09-01 16:03:38,927] {subprocess.py:96} INFO - Command exited with return code 0
[2022-09-01 16:03:38,967] {taskinstance.py:1420} INFO - Marking task as SUCCESS. dag_id=dynamically_branching1, task_id=bash_task, execution_date=20220901T160336, start_date=20220901T160338, end_date=20220901T160338
[2022-09-01 16:03:39,017] {local_task_job.py:156} INFO - Task exited with return code 0
[2022-09-01 16:03:39,074] {local_task_job.py:273} INFO - 1 downstream tasks scheduled from follow-on schedule check
