[2022-08-19 20:53:21,019] {taskinstance.py:1179} INFO - Dependencies all met for <TaskInstance: loop_hello_world_1.hello_world scheduled__2022-01-02T00:00:00+00:00 [queued]>
[2022-08-19 20:53:21,041] {taskinstance.py:1179} INFO - Dependencies all met for <TaskInstance: loop_hello_world_1.hello_world scheduled__2022-01-02T00:00:00+00:00 [queued]>
[2022-08-19 20:53:21,042] {taskinstance.py:1376} INFO - 
--------------------------------------------------------------------------------
[2022-08-19 20:53:21,045] {taskinstance.py:1377} INFO - Starting attempt 1 of 1
[2022-08-19 20:53:21,053] {taskinstance.py:1378} INFO - 
--------------------------------------------------------------------------------
[2022-08-19 20:53:21,096] {taskinstance.py:1397} INFO - Executing <Task(PythonOperator): hello_world> on 2022-01-02 00:00:00+00:00
[2022-08-19 20:53:21,106] {standard_task_runner.py:52} INFO - Started process 16621 to run task
[2022-08-19 20:53:21,137] {standard_task_runner.py:79} INFO - Running: ['***', 'tasks', 'run', 'loop_hello_world_1', 'hello_world', 'scheduled__2022-01-02T00:00:00+00:00', '--job-id', '451', '--raw', '--subdir', 'DAGS_FOLDER/practiceDag1.py', '--cfg-path', '/tmp/tmpankcz7us', '--error-file', '/tmp/tmpzaqrvlgf']
[2022-08-19 20:53:21,143] {standard_task_runner.py:80} INFO - Job 451: Subtask hello_world
[2022-08-19 20:53:21,458] {task_command.py:371} INFO - Running <TaskInstance: loop_hello_world_1.hello_world scheduled__2022-01-02T00:00:00+00:00 [running]> on host 9d5d2a77e6ba
[2022-08-19 20:53:21,666] {taskinstance.py:1591} INFO - Exporting the following env vars:
AIRFLOW_CTX_DAG_OWNER=***
AIRFLOW_CTX_DAG_ID=loop_hello_world_1
AIRFLOW_CTX_TASK_ID=hello_world
AIRFLOW_CTX_EXECUTION_DATE=2022-01-02T00:00:00+00:00
AIRFLOW_CTX_TRY_NUMBER=1
AIRFLOW_CTX_DAG_RUN_ID=scheduled__2022-01-02T00:00:00+00:00
[2022-08-19 20:53:21,668] {logging_mixin.py:115} INFO - Hello World
[2022-08-19 20:53:21,669] {logging_mixin.py:115} INFO - This is DAG: 1
[2022-08-19 20:53:21,670] {python.py:173} INFO - Done. Returned value was: None
[2022-08-19 20:53:21,707] {taskinstance.py:1420} INFO - Marking task as SUCCESS. dag_id=loop_hello_world_1, task_id=hello_world, execution_date=20220102T000000, start_date=20220819T205321, end_date=20220819T205321
[2022-08-19 20:53:21,737] {local_task_job.py:156} INFO - Task exited with return code 0
[2022-08-19 20:53:21,805] {local_task_job.py:273} INFO - 0 downstream tasks scheduled from follow-on schedule check
