[2022-08-24 19:04:53,957] {taskinstance.py:1179} INFO - Dependencies all met for <TaskInstance: dynamically_branching1.check_table_exist scheduled__2020-02-13T00:00:00+00:00 [queued]>
[2022-08-24 19:04:53,997] {taskinstance.py:1179} INFO - Dependencies all met for <TaskInstance: dynamically_branching1.check_table_exist scheduled__2020-02-13T00:00:00+00:00 [queued]>
[2022-08-24 19:04:54,001] {taskinstance.py:1376} INFO - 
--------------------------------------------------------------------------------
[2022-08-24 19:04:54,002] {taskinstance.py:1377} INFO - Starting attempt 1 of 1
[2022-08-24 19:04:54,003] {taskinstance.py:1378} INFO - 
--------------------------------------------------------------------------------
[2022-08-24 19:04:54,049] {taskinstance.py:1397} INFO - Executing <Task(BranchPythonOperator): check_table_exist> on 2020-02-13 00:00:00+00:00
[2022-08-24 19:04:54,062] {standard_task_runner.py:52} INFO - Started process 5921 to run task
[2022-08-24 19:04:54,087] {standard_task_runner.py:79} INFO - Running: ['***', 'tasks', 'run', 'dynamically_branching1', 'check_table_exist', 'scheduled__2020-02-13T00:00:00+00:00', '--job-id', '1408', '--raw', '--subdir', 'DAGS_FOLDER/jobs_dag.py', '--cfg-path', '/tmp/tmpndcuv3q0', '--error-file', '/tmp/tmpk8kn00ig']
[2022-08-24 19:04:54,089] {standard_task_runner.py:80} INFO - Job 1408: Subtask check_table_exist
[2022-08-24 19:04:54,404] {task_command.py:371} INFO - Running <TaskInstance: dynamically_branching1.check_table_exist scheduled__2020-02-13T00:00:00+00:00 [running]> on host 9d5d2a77e6ba
[2022-08-24 19:04:54,695] {taskinstance.py:1591} INFO - Exporting the following env vars:
AIRFLOW_CTX_DAG_OWNER=***
AIRFLOW_CTX_DAG_ID=dynamically_branching1
AIRFLOW_CTX_TASK_ID=check_table_exist
AIRFLOW_CTX_EXECUTION_DATE=2020-02-13T00:00:00+00:00
AIRFLOW_CTX_TRY_NUMBER=1
AIRFLOW_CTX_DAG_RUN_ID=scheduled__2020-02-13T00:00:00+00:00
[2022-08-24 19:04:54,697] {python.py:173} INFO - Done. Returned value was: insert_row
[2022-08-24 19:04:54,699] {skipmixin.py:140} INFO - Following branch insert_row
[2022-08-24 19:04:54,702] {skipmixin.py:175} INFO - Skipping tasks ['create_table']
[2022-08-24 19:04:54,808] {taskinstance.py:1420} INFO - Marking task as SUCCESS. dag_id=dynamically_branching1, task_id=check_table_exist, execution_date=20200213T000000, start_date=20220824T190453, end_date=20220824T190454
[2022-08-24 19:04:54,897] {local_task_job.py:156} INFO - Task exited with return code 0
[2022-08-24 19:04:55,054] {local_task_job.py:273} INFO - 1 downstream tasks scheduled from follow-on schedule check
