[2022-08-24 19:16:01,409] {taskinstance.py:1179} INFO - Dependencies all met for <TaskInstance: dynamically_branching1.bash_task scheduled__2021-06-28T00:00:00+00:00 [queued]>
[2022-08-24 19:16:01,475] {taskinstance.py:1179} INFO - Dependencies all met for <TaskInstance: dynamically_branching1.bash_task scheduled__2021-06-28T00:00:00+00:00 [queued]>
[2022-08-24 19:16:01,477] {taskinstance.py:1376} INFO - 
--------------------------------------------------------------------------------
[2022-08-24 19:16:01,478] {taskinstance.py:1377} INFO - Starting attempt 1 of 1
[2022-08-24 19:16:01,482] {taskinstance.py:1378} INFO - 
--------------------------------------------------------------------------------
[2022-08-24 19:16:01,564] {taskinstance.py:1397} INFO - Executing <Task(BashOperator): bash_task> on 2021-06-28 00:00:00+00:00
[2022-08-24 19:16:01,609] {standard_task_runner.py:52} INFO - Started process 9102 to run task
[2022-08-24 19:16:01,651] {standard_task_runner.py:79} INFO - Running: ['***', 'tasks', 'run', 'dynamically_branching1', 'bash_task', 'scheduled__2021-06-28T00:00:00+00:00', '--job-id', '2411', '--raw', '--subdir', 'DAGS_FOLDER/jobs_dag.py', '--cfg-path', '/tmp/tmph13benvt', '--error-file', '/tmp/tmpcgh0bxw9']
[2022-08-24 19:16:01,657] {standard_task_runner.py:80} INFO - Job 2411: Subtask bash_task
[2022-08-24 19:16:01,900] {task_command.py:371} INFO - Running <TaskInstance: dynamically_branching1.bash_task scheduled__2021-06-28T00:00:00+00:00 [running]> on host 9d5d2a77e6ba
[2022-08-24 19:16:02,244] {taskinstance.py:1591} INFO - Exporting the following env vars:
AIRFLOW_CTX_DAG_OWNER=***
AIRFLOW_CTX_DAG_ID=dynamically_branching1
AIRFLOW_CTX_TASK_ID=bash_task
AIRFLOW_CTX_EXECUTION_DATE=2021-06-28T00:00:00+00:00
AIRFLOW_CTX_TRY_NUMBER=1
AIRFLOW_CTX_DAG_RUN_ID=scheduled__2021-06-28T00:00:00+00:00
[2022-08-24 19:16:02,257] {subprocess.py:62} INFO - Tmp dir root location: 
 /tmp
[2022-08-24 19:16:02,268] {subprocess.py:74} INFO - Running command: ['bash', '-c', 'echo $(whoami)']
[2022-08-24 19:16:02,367] {subprocess.py:85} INFO - Output:
[2022-08-24 19:16:02,400] {subprocess.py:92} INFO - default
[2022-08-24 19:16:02,402] {subprocess.py:96} INFO - Command exited with return code 0
[2022-08-24 19:16:02,608] {taskinstance.py:1420} INFO - Marking task as SUCCESS. dag_id=dynamically_branching1, task_id=bash_task, execution_date=20210628T000000, start_date=20220824T191601, end_date=20220824T191602
[2022-08-24 19:16:02,687] {local_task_job.py:156} INFO - Task exited with return code 0
[2022-08-24 19:16:03,027] {local_task_job.py:273} INFO - 1 downstream tasks scheduled from follow-on schedule check
