[2022-08-30 18:21:13,156] {taskinstance.py:1179} INFO - Dependencies all met for <TaskInstance: dynamically_branching1.query_table manual__2022-08-26T19:42:49.811690+00:00 [queued]>
[2022-08-30 18:21:13,221] {taskinstance.py:1179} INFO - Dependencies all met for <TaskInstance: dynamically_branching1.query_table manual__2022-08-26T19:42:49.811690+00:00 [queued]>
[2022-08-30 18:21:13,225] {taskinstance.py:1376} INFO - 
--------------------------------------------------------------------------------
[2022-08-30 18:21:13,228] {taskinstance.py:1377} INFO - Starting attempt 1 of 1
[2022-08-30 18:21:13,230] {taskinstance.py:1378} INFO - 
--------------------------------------------------------------------------------
[2022-08-30 18:21:13,308] {taskinstance.py:1397} INFO - Executing <Task(PythonOperator): query_table> on 2022-08-26 19:42:49.811690+00:00
[2022-08-30 18:21:13,329] {standard_task_runner.py:52} INFO - Started process 75754 to run task
[2022-08-30 18:21:13,363] {standard_task_runner.py:79} INFO - Running: ['***', 'tasks', 'run', 'dynamically_branching1', 'query_table', 'manual__2022-08-26T19:42:49.811690+00:00', '--job-id', '3359', '--raw', '--subdir', 'DAGS_FOLDER/jobs_dag.py', '--cfg-path', '/tmp/tmpe3nbx8h1', '--error-file', '/tmp/tmpnhdup42o']
[2022-08-30 18:21:13,375] {standard_task_runner.py:80} INFO - Job 3359: Subtask query_table
[2022-08-30 18:21:14,554] {task_command.py:371} INFO - Running <TaskInstance: dynamically_branching1.query_table manual__2022-08-26T19:42:49.811690+00:00 [running]> on host 9d5d2a77e6ba
[2022-08-30 18:21:15,480] {taskinstance.py:1591} INFO - Exporting the following env vars:
AIRFLOW_CTX_DAG_OWNER=***
AIRFLOW_CTX_DAG_ID=dynamically_branching1
AIRFLOW_CTX_TASK_ID=query_table
AIRFLOW_CTX_EXECUTION_DATE=2022-08-26T19:42:49.811690+00:00
AIRFLOW_CTX_TRY_NUMBER=1
AIRFLOW_CTX_DAG_RUN_ID=manual__2022-08-26T19:42:49.811690+00:00
[2022-08-30 18:21:15,496] {taskinstance.py:1909} ERROR - Task failed with exception
Traceback (most recent call last):
  File "/home/airflow/.local/lib/python3.7/site-packages/airflow/operators/python.py", line 171, in execute
    return_value = self.execute_callable()
  File "/home/airflow/.local/lib/python3.7/site-packages/airflow/operators/python.py", line 189, in execute_callable
    return self.python_callable(*self.op_args, **self.op_kwargs)
  File "/opt/airflow/dags/jobs_dag.py", line 39, in xcom_call
    ti.xcom_push(key='ended_id',value={{'run_id'}})
TypeError: unhashable type: 'set'
[2022-08-30 18:21:15,552] {taskinstance.py:1420} INFO - Marking task as FAILED. dag_id=dynamically_branching1, task_id=query_table, execution_date=20220826T194249, start_date=20220830T182113, end_date=20220830T182115
[2022-08-30 18:21:15,688] {standard_task_runner.py:97} ERROR - Failed to execute job 3359 for task query_table (unhashable type: 'set'; 75754)
[2022-08-30 18:21:15,816] {local_task_job.py:156} INFO - Task exited with return code 1
[2022-08-30 18:21:15,998] {local_task_job.py:273} INFO - 0 downstream tasks scheduled from follow-on schedule check
