[2022-09-02 21:30:58,288] {processor.py:153} INFO - Started process (PID=77) to work on /home/airflow/.local/lib/python3.7/site-packages/airflow/example_dags/example_branch_labels.py
[2022-09-02 21:30:58,291] {processor.py:641} INFO - Processing file /home/airflow/.local/lib/python3.7/site-packages/airflow/example_dags/example_branch_labels.py for tasks to queue
[2022-09-02 21:30:58,292] {logging_mixin.py:115} INFO - [2022-09-02 21:30:58,292] {dagbag.py:508} INFO - Filling up the DagBag from /home/airflow/.local/lib/python3.7/site-packages/airflow/example_dags/example_branch_labels.py
[2022-09-02 21:30:58,309] {processor.py:651} INFO - DAG(s) dict_keys(['example_branch_labels']) retrieved from /home/airflow/.local/lib/python3.7/site-packages/airflow/example_dags/example_branch_labels.py
[2022-09-02 21:30:58,391] {logging_mixin.py:115} INFO - [2022-09-02 21:30:58,391] {dag.py:2420} INFO - Sync 1 DAGs
[2022-09-02 21:30:58,765] {logging_mixin.py:115} INFO - [2022-09-02 21:30:58,765] {dag.py:2972} INFO - Setting next_dagrun for example_branch_labels to 2022-09-01T00:00:00+00:00, run_after=2022-09-02T00:00:00+00:00
[2022-09-02 21:30:58,790] {processor.py:161} INFO - Processing /home/airflow/.local/lib/python3.7/site-packages/airflow/example_dags/example_branch_labels.py took 0.507 seconds
[2022-09-02 21:31:29,301] {processor.py:153} INFO - Started process (PID=134) to work on /home/airflow/.local/lib/python3.7/site-packages/airflow/example_dags/example_branch_labels.py
[2022-09-02 21:31:29,302] {processor.py:641} INFO - Processing file /home/airflow/.local/lib/python3.7/site-packages/airflow/example_dags/example_branch_labels.py for tasks to queue
[2022-09-02 21:31:29,304] {logging_mixin.py:115} INFO - [2022-09-02 21:31:29,304] {dagbag.py:508} INFO - Filling up the DagBag from /home/airflow/.local/lib/python3.7/site-packages/airflow/example_dags/example_branch_labels.py
[2022-09-02 21:31:29,319] {processor.py:651} INFO - DAG(s) dict_keys(['example_branch_labels']) retrieved from /home/airflow/.local/lib/python3.7/site-packages/airflow/example_dags/example_branch_labels.py
[2022-09-02 21:31:29,371] {logging_mixin.py:115} INFO - [2022-09-02 21:31:29,371] {dag.py:2420} INFO - Sync 1 DAGs
[2022-09-02 21:31:29,669] {logging_mixin.py:115} INFO - [2022-09-02 21:31:29,669] {dag.py:2972} INFO - Setting next_dagrun for example_branch_labels to 2022-09-01T00:00:00+00:00, run_after=2022-09-02T00:00:00+00:00
[2022-09-02 21:31:29,702] {processor.py:161} INFO - Processing /home/airflow/.local/lib/python3.7/site-packages/airflow/example_dags/example_branch_labels.py took 0.408 seconds
[2022-09-02 21:32:00,719] {processor.py:153} INFO - Started process (PID=201) to work on /home/airflow/.local/lib/python3.7/site-packages/airflow/example_dags/example_branch_labels.py
[2022-09-02 21:32:00,722] {processor.py:641} INFO - Processing file /home/airflow/.local/lib/python3.7/site-packages/airflow/example_dags/example_branch_labels.py for tasks to queue
[2022-09-02 21:32:00,723] {logging_mixin.py:115} INFO - [2022-09-02 21:32:00,723] {dagbag.py:508} INFO - Filling up the DagBag from /home/airflow/.local/lib/python3.7/site-packages/airflow/example_dags/example_branch_labels.py
[2022-09-02 21:32:00,733] {processor.py:651} INFO - DAG(s) dict_keys(['example_branch_labels']) retrieved from /home/airflow/.local/lib/python3.7/site-packages/airflow/example_dags/example_branch_labels.py
[2022-09-02 21:32:00,766] {logging_mixin.py:115} INFO - [2022-09-02 21:32:00,766] {dag.py:2420} INFO - Sync 1 DAGs
[2022-09-02 21:32:00,931] {logging_mixin.py:115} INFO - [2022-09-02 21:32:00,931] {dag.py:2972} INFO - Setting next_dagrun for example_branch_labels to 2022-09-01T00:00:00+00:00, run_after=2022-09-02T00:00:00+00:00
[2022-09-02 21:32:00,942] {processor.py:161} INFO - Processing /home/airflow/.local/lib/python3.7/site-packages/airflow/example_dags/example_branch_labels.py took 0.228 seconds
[2022-09-02 21:46:22,953] {processor.py:153} INFO - Started process (PID=69) to work on /home/airflow/.local/lib/python3.7/site-packages/airflow/example_dags/example_branch_labels.py
[2022-09-02 21:46:22,958] {processor.py:641} INFO - Processing file /home/airflow/.local/lib/python3.7/site-packages/airflow/example_dags/example_branch_labels.py for tasks to queue
[2022-09-02 21:46:22,960] {logging_mixin.py:115} INFO - [2022-09-02 21:46:22,960] {dagbag.py:508} INFO - Filling up the DagBag from /home/airflow/.local/lib/python3.7/site-packages/airflow/example_dags/example_branch_labels.py
[2022-09-02 21:46:22,983] {processor.py:651} INFO - DAG(s) dict_keys(['example_branch_labels']) retrieved from /home/airflow/.local/lib/python3.7/site-packages/airflow/example_dags/example_branch_labels.py
[2022-09-02 21:46:23,052] {logging_mixin.py:115} INFO - [2022-09-02 21:46:23,052] {dag.py:2420} INFO - Sync 1 DAGs
[2022-09-02 21:46:23,112] {logging_mixin.py:115} INFO - [2022-09-02 21:46:23,112] {dag.py:2972} INFO - Setting next_dagrun for example_branch_labels to 2022-09-01T00:00:00+00:00, run_after=2022-09-02T00:00:00+00:00
[2022-09-02 21:46:23,164] {processor.py:161} INFO - Processing /home/airflow/.local/lib/python3.7/site-packages/airflow/example_dags/example_branch_labels.py took 0.220 seconds
[2022-09-02 21:46:53,892] {processor.py:153} INFO - Started process (PID=134) to work on /home/airflow/.local/lib/python3.7/site-packages/airflow/example_dags/example_branch_labels.py
[2022-09-02 21:46:53,893] {processor.py:641} INFO - Processing file /home/airflow/.local/lib/python3.7/site-packages/airflow/example_dags/example_branch_labels.py for tasks to queue
[2022-09-02 21:46:53,894] {logging_mixin.py:115} INFO - [2022-09-02 21:46:53,894] {dagbag.py:508} INFO - Filling up the DagBag from /home/airflow/.local/lib/python3.7/site-packages/airflow/example_dags/example_branch_labels.py
[2022-09-02 21:46:53,904] {processor.py:651} INFO - DAG(s) dict_keys(['example_branch_labels']) retrieved from /home/airflow/.local/lib/python3.7/site-packages/airflow/example_dags/example_branch_labels.py
[2022-09-02 21:46:53,940] {logging_mixin.py:115} INFO - [2022-09-02 21:46:53,940] {dag.py:2420} INFO - Sync 1 DAGs
[2022-09-02 21:46:53,969] {logging_mixin.py:115} INFO - [2022-09-02 21:46:53,969] {dag.py:2972} INFO - Setting next_dagrun for example_branch_labels to 2022-09-01T00:00:00+00:00, run_after=2022-09-02T00:00:00+00:00
[2022-09-02 21:46:53,983] {processor.py:161} INFO - Processing /home/airflow/.local/lib/python3.7/site-packages/airflow/example_dags/example_branch_labels.py took 0.096 seconds
[2022-09-02 21:47:24,086] {processor.py:153} INFO - Started process (PID=190) to work on /home/airflow/.local/lib/python3.7/site-packages/airflow/example_dags/example_branch_labels.py
[2022-09-02 21:47:24,087] {processor.py:641} INFO - Processing file /home/airflow/.local/lib/python3.7/site-packages/airflow/example_dags/example_branch_labels.py for tasks to queue
[2022-09-02 21:47:24,088] {logging_mixin.py:115} INFO - [2022-09-02 21:47:24,088] {dagbag.py:508} INFO - Filling up the DagBag from /home/airflow/.local/lib/python3.7/site-packages/airflow/example_dags/example_branch_labels.py
[2022-09-02 21:47:24,097] {processor.py:651} INFO - DAG(s) dict_keys(['example_branch_labels']) retrieved from /home/airflow/.local/lib/python3.7/site-packages/airflow/example_dags/example_branch_labels.py
[2022-09-02 21:47:24,148] {logging_mixin.py:115} INFO - [2022-09-02 21:47:24,148] {dag.py:2420} INFO - Sync 1 DAGs
[2022-09-02 21:47:24,179] {logging_mixin.py:115} INFO - [2022-09-02 21:47:24,178] {dag.py:2972} INFO - Setting next_dagrun for example_branch_labels to 2022-09-01T00:00:00+00:00, run_after=2022-09-02T00:00:00+00:00
[2022-09-02 21:47:24,196] {processor.py:161} INFO - Processing /home/airflow/.local/lib/python3.7/site-packages/airflow/example_dags/example_branch_labels.py took 0.114 seconds
[2022-09-02 21:47:54,452] {processor.py:153} INFO - Started process (PID=254) to work on /home/airflow/.local/lib/python3.7/site-packages/airflow/example_dags/example_branch_labels.py
[2022-09-02 21:47:54,453] {processor.py:641} INFO - Processing file /home/airflow/.local/lib/python3.7/site-packages/airflow/example_dags/example_branch_labels.py for tasks to queue
[2022-09-02 21:47:54,455] {logging_mixin.py:115} INFO - [2022-09-02 21:47:54,455] {dagbag.py:508} INFO - Filling up the DagBag from /home/airflow/.local/lib/python3.7/site-packages/airflow/example_dags/example_branch_labels.py
[2022-09-02 21:47:54,465] {processor.py:651} INFO - DAG(s) dict_keys(['example_branch_labels']) retrieved from /home/airflow/.local/lib/python3.7/site-packages/airflow/example_dags/example_branch_labels.py
[2022-09-02 21:47:54,499] {logging_mixin.py:115} INFO - [2022-09-02 21:47:54,499] {dag.py:2420} INFO - Sync 1 DAGs
[2022-09-02 21:47:54,529] {logging_mixin.py:115} INFO - [2022-09-02 21:47:54,529] {dag.py:2972} INFO - Setting next_dagrun for example_branch_labels to 2022-09-01T00:00:00+00:00, run_after=2022-09-02T00:00:00+00:00
[2022-09-02 21:47:54,542] {processor.py:161} INFO - Processing /home/airflow/.local/lib/python3.7/site-packages/airflow/example_dags/example_branch_labels.py took 0.095 seconds
[2022-09-02 21:48:24,689] {processor.py:153} INFO - Started process (PID=319) to work on /home/airflow/.local/lib/python3.7/site-packages/airflow/example_dags/example_branch_labels.py
[2022-09-02 21:48:24,690] {processor.py:641} INFO - Processing file /home/airflow/.local/lib/python3.7/site-packages/airflow/example_dags/example_branch_labels.py for tasks to queue
[2022-09-02 21:48:24,691] {logging_mixin.py:115} INFO - [2022-09-02 21:48:24,691] {dagbag.py:508} INFO - Filling up the DagBag from /home/airflow/.local/lib/python3.7/site-packages/airflow/example_dags/example_branch_labels.py
[2022-09-02 21:48:24,702] {processor.py:651} INFO - DAG(s) dict_keys(['example_branch_labels']) retrieved from /home/airflow/.local/lib/python3.7/site-packages/airflow/example_dags/example_branch_labels.py
[2022-09-02 21:48:24,738] {logging_mixin.py:115} INFO - [2022-09-02 21:48:24,738] {dag.py:2420} INFO - Sync 1 DAGs
[2022-09-02 21:48:24,770] {logging_mixin.py:115} INFO - [2022-09-02 21:48:24,770] {dag.py:2972} INFO - Setting next_dagrun for example_branch_labels to 2022-09-01T00:00:00+00:00, run_after=2022-09-02T00:00:00+00:00
[2022-09-02 21:48:24,785] {processor.py:161} INFO - Processing /home/airflow/.local/lib/python3.7/site-packages/airflow/example_dags/example_branch_labels.py took 0.101 seconds
[2022-09-02 21:48:54,994] {processor.py:153} INFO - Started process (PID=375) to work on /home/airflow/.local/lib/python3.7/site-packages/airflow/example_dags/example_branch_labels.py
[2022-09-02 21:48:54,995] {processor.py:641} INFO - Processing file /home/airflow/.local/lib/python3.7/site-packages/airflow/example_dags/example_branch_labels.py for tasks to queue
[2022-09-02 21:48:54,997] {logging_mixin.py:115} INFO - [2022-09-02 21:48:54,997] {dagbag.py:508} INFO - Filling up the DagBag from /home/airflow/.local/lib/python3.7/site-packages/airflow/example_dags/example_branch_labels.py
[2022-09-02 21:48:55,007] {processor.py:651} INFO - DAG(s) dict_keys(['example_branch_labels']) retrieved from /home/airflow/.local/lib/python3.7/site-packages/airflow/example_dags/example_branch_labels.py
[2022-09-02 21:48:55,053] {logging_mixin.py:115} INFO - [2022-09-02 21:48:55,053] {dag.py:2420} INFO - Sync 1 DAGs
[2022-09-02 21:48:55,082] {logging_mixin.py:115} INFO - [2022-09-02 21:48:55,082] {dag.py:2972} INFO - Setting next_dagrun for example_branch_labels to 2022-09-01T00:00:00+00:00, run_after=2022-09-02T00:00:00+00:00
[2022-09-02 21:48:55,099] {processor.py:161} INFO - Processing /home/airflow/.local/lib/python3.7/site-packages/airflow/example_dags/example_branch_labels.py took 0.112 seconds
[2022-09-02 21:49:25,390] {processor.py:153} INFO - Started process (PID=441) to work on /home/airflow/.local/lib/python3.7/site-packages/airflow/example_dags/example_branch_labels.py
[2022-09-02 21:49:25,391] {processor.py:641} INFO - Processing file /home/airflow/.local/lib/python3.7/site-packages/airflow/example_dags/example_branch_labels.py for tasks to queue
[2022-09-02 21:49:25,392] {logging_mixin.py:115} INFO - [2022-09-02 21:49:25,392] {dagbag.py:508} INFO - Filling up the DagBag from /home/airflow/.local/lib/python3.7/site-packages/airflow/example_dags/example_branch_labels.py
[2022-09-02 21:49:25,408] {processor.py:651} INFO - DAG(s) dict_keys(['example_branch_labels']) retrieved from /home/airflow/.local/lib/python3.7/site-packages/airflow/example_dags/example_branch_labels.py
[2022-09-02 21:49:25,442] {logging_mixin.py:115} INFO - [2022-09-02 21:49:25,442] {dag.py:2420} INFO - Sync 1 DAGs
[2022-09-02 21:49:25,471] {logging_mixin.py:115} INFO - [2022-09-02 21:49:25,470] {dag.py:2972} INFO - Setting next_dagrun for example_branch_labels to 2022-09-01T00:00:00+00:00, run_after=2022-09-02T00:00:00+00:00
[2022-09-02 21:49:25,485] {processor.py:161} INFO - Processing /home/airflow/.local/lib/python3.7/site-packages/airflow/example_dags/example_branch_labels.py took 0.103 seconds
[2022-09-02 21:49:56,348] {processor.py:153} INFO - Started process (PID=498) to work on /home/airflow/.local/lib/python3.7/site-packages/airflow/example_dags/example_branch_labels.py
[2022-09-02 21:49:56,350] {processor.py:641} INFO - Processing file /home/airflow/.local/lib/python3.7/site-packages/airflow/example_dags/example_branch_labels.py for tasks to queue
[2022-09-02 21:49:56,352] {logging_mixin.py:115} INFO - [2022-09-02 21:49:56,351] {dagbag.py:508} INFO - Filling up the DagBag from /home/airflow/.local/lib/python3.7/site-packages/airflow/example_dags/example_branch_labels.py
[2022-09-02 21:49:56,367] {processor.py:651} INFO - DAG(s) dict_keys(['example_branch_labels']) retrieved from /home/airflow/.local/lib/python3.7/site-packages/airflow/example_dags/example_branch_labels.py
[2022-09-02 21:49:56,413] {logging_mixin.py:115} INFO - [2022-09-02 21:49:56,413] {dag.py:2420} INFO - Sync 1 DAGs
[2022-09-02 21:49:56,454] {logging_mixin.py:115} INFO - [2022-09-02 21:49:56,454] {dag.py:2972} INFO - Setting next_dagrun for example_branch_labels to 2022-09-01T00:00:00+00:00, run_after=2022-09-02T00:00:00+00:00
[2022-09-02 21:49:56,476] {processor.py:161} INFO - Processing /home/airflow/.local/lib/python3.7/site-packages/airflow/example_dags/example_branch_labels.py took 0.135 seconds
[2022-09-02 21:50:26,568] {processor.py:153} INFO - Started process (PID=563) to work on /home/airflow/.local/lib/python3.7/site-packages/airflow/example_dags/example_branch_labels.py
[2022-09-02 21:50:26,570] {processor.py:641} INFO - Processing file /home/airflow/.local/lib/python3.7/site-packages/airflow/example_dags/example_branch_labels.py for tasks to queue
[2022-09-02 21:50:26,571] {logging_mixin.py:115} INFO - [2022-09-02 21:50:26,571] {dagbag.py:508} INFO - Filling up the DagBag from /home/airflow/.local/lib/python3.7/site-packages/airflow/example_dags/example_branch_labels.py
[2022-09-02 21:50:26,581] {processor.py:651} INFO - DAG(s) dict_keys(['example_branch_labels']) retrieved from /home/airflow/.local/lib/python3.7/site-packages/airflow/example_dags/example_branch_labels.py
[2022-09-02 21:50:26,624] {logging_mixin.py:115} INFO - [2022-09-02 21:50:26,624] {dag.py:2420} INFO - Sync 1 DAGs
[2022-09-02 21:50:26,663] {logging_mixin.py:115} INFO - [2022-09-02 21:50:26,663] {dag.py:2972} INFO - Setting next_dagrun for example_branch_labels to 2022-09-01T00:00:00+00:00, run_after=2022-09-02T00:00:00+00:00
[2022-09-02 21:50:26,678] {processor.py:161} INFO - Processing /home/airflow/.local/lib/python3.7/site-packages/airflow/example_dags/example_branch_labels.py took 0.117 seconds
[2022-09-02 21:50:56,881] {processor.py:153} INFO - Started process (PID=627) to work on /home/airflow/.local/lib/python3.7/site-packages/airflow/example_dags/example_branch_labels.py
[2022-09-02 21:50:56,883] {processor.py:641} INFO - Processing file /home/airflow/.local/lib/python3.7/site-packages/airflow/example_dags/example_branch_labels.py for tasks to queue
[2022-09-02 21:50:56,885] {logging_mixin.py:115} INFO - [2022-09-02 21:50:56,884] {dagbag.py:508} INFO - Filling up the DagBag from /home/airflow/.local/lib/python3.7/site-packages/airflow/example_dags/example_branch_labels.py
[2022-09-02 21:50:56,898] {processor.py:651} INFO - DAG(s) dict_keys(['example_branch_labels']) retrieved from /home/airflow/.local/lib/python3.7/site-packages/airflow/example_dags/example_branch_labels.py
[2022-09-02 21:50:56,943] {logging_mixin.py:115} INFO - [2022-09-02 21:50:56,943] {dag.py:2420} INFO - Sync 1 DAGs
[2022-09-02 21:50:56,971] {logging_mixin.py:115} INFO - [2022-09-02 21:50:56,971] {dag.py:2972} INFO - Setting next_dagrun for example_branch_labels to 2022-09-01T00:00:00+00:00, run_after=2022-09-02T00:00:00+00:00
[2022-09-02 21:50:56,984] {processor.py:161} INFO - Processing /home/airflow/.local/lib/python3.7/site-packages/airflow/example_dags/example_branch_labels.py took 0.109 seconds
[2022-09-02 21:51:27,761] {processor.py:153} INFO - Started process (PID=685) to work on /home/airflow/.local/lib/python3.7/site-packages/airflow/example_dags/example_branch_labels.py
[2022-09-02 21:51:27,762] {processor.py:641} INFO - Processing file /home/airflow/.local/lib/python3.7/site-packages/airflow/example_dags/example_branch_labels.py for tasks to queue
[2022-09-02 21:51:27,767] {logging_mixin.py:115} INFO - [2022-09-02 21:51:27,766] {dagbag.py:508} INFO - Filling up the DagBag from /home/airflow/.local/lib/python3.7/site-packages/airflow/example_dags/example_branch_labels.py
[2022-09-02 21:51:27,777] {processor.py:651} INFO - DAG(s) dict_keys(['example_branch_labels']) retrieved from /home/airflow/.local/lib/python3.7/site-packages/airflow/example_dags/example_branch_labels.py
[2022-09-02 21:51:27,836] {logging_mixin.py:115} INFO - [2022-09-02 21:51:27,836] {dag.py:2420} INFO - Sync 1 DAGs
[2022-09-02 21:51:27,874] {logging_mixin.py:115} INFO - [2022-09-02 21:51:27,874] {dag.py:2972} INFO - Setting next_dagrun for example_branch_labels to 2022-09-01T00:00:00+00:00, run_after=2022-09-02T00:00:00+00:00
[2022-09-02 21:51:27,886] {processor.py:161} INFO - Processing /home/airflow/.local/lib/python3.7/site-packages/airflow/example_dags/example_branch_labels.py took 0.130 seconds
[2022-09-02 21:51:58,536] {processor.py:153} INFO - Started process (PID=751) to work on /home/airflow/.local/lib/python3.7/site-packages/airflow/example_dags/example_branch_labels.py
[2022-09-02 21:51:58,537] {processor.py:641} INFO - Processing file /home/airflow/.local/lib/python3.7/site-packages/airflow/example_dags/example_branch_labels.py for tasks to queue
[2022-09-02 21:51:58,538] {logging_mixin.py:115} INFO - [2022-09-02 21:51:58,538] {dagbag.py:508} INFO - Filling up the DagBag from /home/airflow/.local/lib/python3.7/site-packages/airflow/example_dags/example_branch_labels.py
[2022-09-02 21:51:58,548] {processor.py:651} INFO - DAG(s) dict_keys(['example_branch_labels']) retrieved from /home/airflow/.local/lib/python3.7/site-packages/airflow/example_dags/example_branch_labels.py
[2022-09-02 21:51:58,585] {logging_mixin.py:115} INFO - [2022-09-02 21:51:58,585] {dag.py:2420} INFO - Sync 1 DAGs
[2022-09-02 21:51:58,619] {logging_mixin.py:115} INFO - [2022-09-02 21:51:58,619] {dag.py:2972} INFO - Setting next_dagrun for example_branch_labels to 2022-09-01T00:00:00+00:00, run_after=2022-09-02T00:00:00+00:00
[2022-09-02 21:51:58,632] {processor.py:161} INFO - Processing /home/airflow/.local/lib/python3.7/site-packages/airflow/example_dags/example_branch_labels.py took 0.101 seconds
[2022-09-02 21:52:29,419] {processor.py:153} INFO - Started process (PID=817) to work on /home/airflow/.local/lib/python3.7/site-packages/airflow/example_dags/example_branch_labels.py
[2022-09-02 21:52:29,420] {processor.py:641} INFO - Processing file /home/airflow/.local/lib/python3.7/site-packages/airflow/example_dags/example_branch_labels.py for tasks to queue
[2022-09-02 21:52:29,421] {logging_mixin.py:115} INFO - [2022-09-02 21:52:29,421] {dagbag.py:508} INFO - Filling up the DagBag from /home/airflow/.local/lib/python3.7/site-packages/airflow/example_dags/example_branch_labels.py
[2022-09-02 21:52:29,434] {processor.py:651} INFO - DAG(s) dict_keys(['example_branch_labels']) retrieved from /home/airflow/.local/lib/python3.7/site-packages/airflow/example_dags/example_branch_labels.py
[2022-09-02 21:52:29,487] {logging_mixin.py:115} INFO - [2022-09-02 21:52:29,487] {dag.py:2420} INFO - Sync 1 DAGs
[2022-09-02 21:52:29,518] {logging_mixin.py:115} INFO - [2022-09-02 21:52:29,518] {dag.py:2972} INFO - Setting next_dagrun for example_branch_labels to 2022-09-01T00:00:00+00:00, run_after=2022-09-02T00:00:00+00:00
[2022-09-02 21:52:29,533] {processor.py:161} INFO - Processing /home/airflow/.local/lib/python3.7/site-packages/airflow/example_dags/example_branch_labels.py took 0.121 seconds
[2022-09-02 21:53:00,445] {processor.py:153} INFO - Started process (PID=873) to work on /home/airflow/.local/lib/python3.7/site-packages/airflow/example_dags/example_branch_labels.py
[2022-09-02 21:53:00,447] {processor.py:641} INFO - Processing file /home/airflow/.local/lib/python3.7/site-packages/airflow/example_dags/example_branch_labels.py for tasks to queue
[2022-09-02 21:53:00,448] {logging_mixin.py:115} INFO - [2022-09-02 21:53:00,448] {dagbag.py:508} INFO - Filling up the DagBag from /home/airflow/.local/lib/python3.7/site-packages/airflow/example_dags/example_branch_labels.py
[2022-09-02 21:53:00,458] {processor.py:651} INFO - DAG(s) dict_keys(['example_branch_labels']) retrieved from /home/airflow/.local/lib/python3.7/site-packages/airflow/example_dags/example_branch_labels.py
[2022-09-02 21:53:00,504] {logging_mixin.py:115} INFO - [2022-09-02 21:53:00,503] {dag.py:2420} INFO - Sync 1 DAGs
[2022-09-02 21:53:00,542] {logging_mixin.py:115} INFO - [2022-09-02 21:53:00,542] {dag.py:2972} INFO - Setting next_dagrun for example_branch_labels to 2022-09-01T00:00:00+00:00, run_after=2022-09-02T00:00:00+00:00
[2022-09-02 21:53:00,563] {processor.py:161} INFO - Processing /home/airflow/.local/lib/python3.7/site-packages/airflow/example_dags/example_branch_labels.py took 0.123 seconds
[2022-09-02 21:53:30,859] {processor.py:153} INFO - Started process (PID=941) to work on /home/airflow/.local/lib/python3.7/site-packages/airflow/example_dags/example_branch_labels.py
[2022-09-02 21:53:30,860] {processor.py:641} INFO - Processing file /home/airflow/.local/lib/python3.7/site-packages/airflow/example_dags/example_branch_labels.py for tasks to queue
[2022-09-02 21:53:30,862] {logging_mixin.py:115} INFO - [2022-09-02 21:53:30,862] {dagbag.py:508} INFO - Filling up the DagBag from /home/airflow/.local/lib/python3.7/site-packages/airflow/example_dags/example_branch_labels.py
[2022-09-02 21:53:30,874] {processor.py:651} INFO - DAG(s) dict_keys(['example_branch_labels']) retrieved from /home/airflow/.local/lib/python3.7/site-packages/airflow/example_dags/example_branch_labels.py
[2022-09-02 21:53:30,910] {logging_mixin.py:115} INFO - [2022-09-02 21:53:30,910] {dag.py:2420} INFO - Sync 1 DAGs
[2022-09-02 21:53:30,943] {logging_mixin.py:115} INFO - [2022-09-02 21:53:30,943] {dag.py:2972} INFO - Setting next_dagrun for example_branch_labels to 2022-09-01T00:00:00+00:00, run_after=2022-09-02T00:00:00+00:00
[2022-09-02 21:53:30,960] {processor.py:161} INFO - Processing /home/airflow/.local/lib/python3.7/site-packages/airflow/example_dags/example_branch_labels.py took 0.106 seconds
[2022-09-02 21:54:02,121] {processor.py:153} INFO - Started process (PID=1007) to work on /home/airflow/.local/lib/python3.7/site-packages/airflow/example_dags/example_branch_labels.py
[2022-09-02 21:54:02,122] {processor.py:641} INFO - Processing file /home/airflow/.local/lib/python3.7/site-packages/airflow/example_dags/example_branch_labels.py for tasks to queue
[2022-09-02 21:54:02,124] {logging_mixin.py:115} INFO - [2022-09-02 21:54:02,124] {dagbag.py:508} INFO - Filling up the DagBag from /home/airflow/.local/lib/python3.7/site-packages/airflow/example_dags/example_branch_labels.py
[2022-09-02 21:54:02,138] {processor.py:651} INFO - DAG(s) dict_keys(['example_branch_labels']) retrieved from /home/airflow/.local/lib/python3.7/site-packages/airflow/example_dags/example_branch_labels.py
[2022-09-02 21:54:02,183] {logging_mixin.py:115} INFO - [2022-09-02 21:54:02,183] {dag.py:2420} INFO - Sync 1 DAGs
[2022-09-02 21:54:02,225] {logging_mixin.py:115} INFO - [2022-09-02 21:54:02,225] {dag.py:2972} INFO - Setting next_dagrun for example_branch_labels to 2022-09-01T00:00:00+00:00, run_after=2022-09-02T00:00:00+00:00
[2022-09-02 21:54:02,243] {processor.py:161} INFO - Processing /home/airflow/.local/lib/python3.7/site-packages/airflow/example_dags/example_branch_labels.py took 0.130 seconds
[2022-09-02 21:54:33,082] {processor.py:153} INFO - Started process (PID=1066) to work on /home/airflow/.local/lib/python3.7/site-packages/airflow/example_dags/example_branch_labels.py
[2022-09-02 21:54:33,084] {processor.py:641} INFO - Processing file /home/airflow/.local/lib/python3.7/site-packages/airflow/example_dags/example_branch_labels.py for tasks to queue
[2022-09-02 21:54:33,086] {logging_mixin.py:115} INFO - [2022-09-02 21:54:33,086] {dagbag.py:508} INFO - Filling up the DagBag from /home/airflow/.local/lib/python3.7/site-packages/airflow/example_dags/example_branch_labels.py
[2022-09-02 21:54:33,096] {processor.py:651} INFO - DAG(s) dict_keys(['example_branch_labels']) retrieved from /home/airflow/.local/lib/python3.7/site-packages/airflow/example_dags/example_branch_labels.py
[2022-09-02 21:54:33,143] {logging_mixin.py:115} INFO - [2022-09-02 21:54:33,142] {dag.py:2420} INFO - Sync 1 DAGs
[2022-09-02 21:54:33,179] {logging_mixin.py:115} INFO - [2022-09-02 21:54:33,179] {dag.py:2972} INFO - Setting next_dagrun for example_branch_labels to 2022-09-01T00:00:00+00:00, run_after=2022-09-02T00:00:00+00:00
[2022-09-02 21:54:33,192] {processor.py:161} INFO - Processing /home/airflow/.local/lib/python3.7/site-packages/airflow/example_dags/example_branch_labels.py took 0.114 seconds
[2022-09-02 21:55:03,891] {processor.py:153} INFO - Started process (PID=1131) to work on /home/airflow/.local/lib/python3.7/site-packages/airflow/example_dags/example_branch_labels.py
[2022-09-02 21:55:03,892] {processor.py:641} INFO - Processing file /home/airflow/.local/lib/python3.7/site-packages/airflow/example_dags/example_branch_labels.py for tasks to queue
[2022-09-02 21:55:03,894] {logging_mixin.py:115} INFO - [2022-09-02 21:55:03,893] {dagbag.py:508} INFO - Filling up the DagBag from /home/airflow/.local/lib/python3.7/site-packages/airflow/example_dags/example_branch_labels.py
[2022-09-02 21:55:03,903] {processor.py:651} INFO - DAG(s) dict_keys(['example_branch_labels']) retrieved from /home/airflow/.local/lib/python3.7/site-packages/airflow/example_dags/example_branch_labels.py
[2022-09-02 21:55:03,938] {logging_mixin.py:115} INFO - [2022-09-02 21:55:03,938] {dag.py:2420} INFO - Sync 1 DAGs
[2022-09-02 21:55:03,969] {logging_mixin.py:115} INFO - [2022-09-02 21:55:03,969] {dag.py:2972} INFO - Setting next_dagrun for example_branch_labels to 2022-09-01T00:00:00+00:00, run_after=2022-09-02T00:00:00+00:00
[2022-09-02 21:55:03,986] {processor.py:161} INFO - Processing /home/airflow/.local/lib/python3.7/site-packages/airflow/example_dags/example_branch_labels.py took 0.100 seconds
[2022-09-02 21:55:34,560] {processor.py:153} INFO - Started process (PID=1187) to work on /home/airflow/.local/lib/python3.7/site-packages/airflow/example_dags/example_branch_labels.py
[2022-09-02 21:55:34,562] {processor.py:641} INFO - Processing file /home/airflow/.local/lib/python3.7/site-packages/airflow/example_dags/example_branch_labels.py for tasks to queue
[2022-09-02 21:55:34,563] {logging_mixin.py:115} INFO - [2022-09-02 21:55:34,563] {dagbag.py:508} INFO - Filling up the DagBag from /home/airflow/.local/lib/python3.7/site-packages/airflow/example_dags/example_branch_labels.py
[2022-09-02 21:55:34,578] {processor.py:651} INFO - DAG(s) dict_keys(['example_branch_labels']) retrieved from /home/airflow/.local/lib/python3.7/site-packages/airflow/example_dags/example_branch_labels.py
[2022-09-02 21:55:34,617] {logging_mixin.py:115} INFO - [2022-09-02 21:55:34,617] {dag.py:2420} INFO - Sync 1 DAGs
[2022-09-02 21:55:34,653] {logging_mixin.py:115} INFO - [2022-09-02 21:55:34,652] {dag.py:2972} INFO - Setting next_dagrun for example_branch_labels to 2022-09-01T00:00:00+00:00, run_after=2022-09-02T00:00:00+00:00
[2022-09-02 21:55:34,671] {processor.py:161} INFO - Processing /home/airflow/.local/lib/python3.7/site-packages/airflow/example_dags/example_branch_labels.py took 0.118 seconds
[2022-09-02 21:56:04,853] {processor.py:153} INFO - Started process (PID=1252) to work on /home/airflow/.local/lib/python3.7/site-packages/airflow/example_dags/example_branch_labels.py
[2022-09-02 21:56:04,854] {processor.py:641} INFO - Processing file /home/airflow/.local/lib/python3.7/site-packages/airflow/example_dags/example_branch_labels.py for tasks to queue
[2022-09-02 21:56:04,855] {logging_mixin.py:115} INFO - [2022-09-02 21:56:04,855] {dagbag.py:508} INFO - Filling up the DagBag from /home/airflow/.local/lib/python3.7/site-packages/airflow/example_dags/example_branch_labels.py
[2022-09-02 21:56:04,865] {processor.py:651} INFO - DAG(s) dict_keys(['example_branch_labels']) retrieved from /home/airflow/.local/lib/python3.7/site-packages/airflow/example_dags/example_branch_labels.py
[2022-09-02 21:56:04,897] {logging_mixin.py:115} INFO - [2022-09-02 21:56:04,897] {dag.py:2420} INFO - Sync 1 DAGs
[2022-09-02 21:56:04,925] {logging_mixin.py:115} INFO - [2022-09-02 21:56:04,925] {dag.py:2972} INFO - Setting next_dagrun for example_branch_labels to 2022-09-01T00:00:00+00:00, run_after=2022-09-02T00:00:00+00:00
[2022-09-02 21:56:04,942] {processor.py:161} INFO - Processing /home/airflow/.local/lib/python3.7/site-packages/airflow/example_dags/example_branch_labels.py took 0.093 seconds
[2022-09-02 21:56:35,174] {processor.py:153} INFO - Started process (PID=1308) to work on /home/airflow/.local/lib/python3.7/site-packages/airflow/example_dags/example_branch_labels.py
[2022-09-02 21:56:35,175] {processor.py:641} INFO - Processing file /home/airflow/.local/lib/python3.7/site-packages/airflow/example_dags/example_branch_labels.py for tasks to queue
[2022-09-02 21:56:35,176] {logging_mixin.py:115} INFO - [2022-09-02 21:56:35,176] {dagbag.py:508} INFO - Filling up the DagBag from /home/airflow/.local/lib/python3.7/site-packages/airflow/example_dags/example_branch_labels.py
[2022-09-02 21:56:35,185] {processor.py:651} INFO - DAG(s) dict_keys(['example_branch_labels']) retrieved from /home/airflow/.local/lib/python3.7/site-packages/airflow/example_dags/example_branch_labels.py
[2022-09-02 21:56:35,218] {logging_mixin.py:115} INFO - [2022-09-02 21:56:35,218] {dag.py:2420} INFO - Sync 1 DAGs
[2022-09-02 21:56:35,247] {logging_mixin.py:115} INFO - [2022-09-02 21:56:35,247] {dag.py:2972} INFO - Setting next_dagrun for example_branch_labels to 2022-09-01T00:00:00+00:00, run_after=2022-09-02T00:00:00+00:00
[2022-09-02 21:56:35,263] {processor.py:161} INFO - Processing /home/airflow/.local/lib/python3.7/site-packages/airflow/example_dags/example_branch_labels.py took 0.094 seconds
[2022-09-02 21:57:05,581] {processor.py:153} INFO - Started process (PID=1373) to work on /home/airflow/.local/lib/python3.7/site-packages/airflow/example_dags/example_branch_labels.py
[2022-09-02 21:57:05,582] {processor.py:641} INFO - Processing file /home/airflow/.local/lib/python3.7/site-packages/airflow/example_dags/example_branch_labels.py for tasks to queue
[2022-09-02 21:57:05,584] {logging_mixin.py:115} INFO - [2022-09-02 21:57:05,584] {dagbag.py:508} INFO - Filling up the DagBag from /home/airflow/.local/lib/python3.7/site-packages/airflow/example_dags/example_branch_labels.py
[2022-09-02 21:57:05,595] {processor.py:651} INFO - DAG(s) dict_keys(['example_branch_labels']) retrieved from /home/airflow/.local/lib/python3.7/site-packages/airflow/example_dags/example_branch_labels.py
[2022-09-02 21:57:05,632] {logging_mixin.py:115} INFO - [2022-09-02 21:57:05,632] {dag.py:2420} INFO - Sync 1 DAGs
[2022-09-02 21:57:05,670] {logging_mixin.py:115} INFO - [2022-09-02 21:57:05,669] {dag.py:2972} INFO - Setting next_dagrun for example_branch_labels to 2022-09-01T00:00:00+00:00, run_after=2022-09-02T00:00:00+00:00
[2022-09-02 21:57:05,688] {processor.py:161} INFO - Processing /home/airflow/.local/lib/python3.7/site-packages/airflow/example_dags/example_branch_labels.py took 0.112 seconds
[2022-09-02 21:57:35,745] {processor.py:153} INFO - Started process (PID=1429) to work on /home/airflow/.local/lib/python3.7/site-packages/airflow/example_dags/example_branch_labels.py
[2022-09-02 21:57:35,747] {processor.py:641} INFO - Processing file /home/airflow/.local/lib/python3.7/site-packages/airflow/example_dags/example_branch_labels.py for tasks to queue
[2022-09-02 21:57:35,748] {logging_mixin.py:115} INFO - [2022-09-02 21:57:35,748] {dagbag.py:508} INFO - Filling up the DagBag from /home/airflow/.local/lib/python3.7/site-packages/airflow/example_dags/example_branch_labels.py
[2022-09-02 21:57:35,758] {processor.py:651} INFO - DAG(s) dict_keys(['example_branch_labels']) retrieved from /home/airflow/.local/lib/python3.7/site-packages/airflow/example_dags/example_branch_labels.py
[2022-09-02 21:57:35,794] {logging_mixin.py:115} INFO - [2022-09-02 21:57:35,794] {dag.py:2420} INFO - Sync 1 DAGs
[2022-09-02 21:57:35,831] {logging_mixin.py:115} INFO - [2022-09-02 21:57:35,831] {dag.py:2972} INFO - Setting next_dagrun for example_branch_labels to 2022-09-01T00:00:00+00:00, run_after=2022-09-02T00:00:00+00:00
[2022-09-02 21:57:35,848] {processor.py:161} INFO - Processing /home/airflow/.local/lib/python3.7/site-packages/airflow/example_dags/example_branch_labels.py took 0.108 seconds
[2022-09-02 21:58:06,030] {processor.py:153} INFO - Started process (PID=1495) to work on /home/airflow/.local/lib/python3.7/site-packages/airflow/example_dags/example_branch_labels.py
[2022-09-02 21:58:06,032] {processor.py:641} INFO - Processing file /home/airflow/.local/lib/python3.7/site-packages/airflow/example_dags/example_branch_labels.py for tasks to queue
[2022-09-02 21:58:06,032] {logging_mixin.py:115} INFO - [2022-09-02 21:58:06,032] {dagbag.py:508} INFO - Filling up the DagBag from /home/airflow/.local/lib/python3.7/site-packages/airflow/example_dags/example_branch_labels.py
[2022-09-02 21:58:06,042] {processor.py:651} INFO - DAG(s) dict_keys(['example_branch_labels']) retrieved from /home/airflow/.local/lib/python3.7/site-packages/airflow/example_dags/example_branch_labels.py
[2022-09-02 21:58:06,080] {logging_mixin.py:115} INFO - [2022-09-02 21:58:06,080] {dag.py:2420} INFO - Sync 1 DAGs
[2022-09-02 21:58:06,111] {logging_mixin.py:115} INFO - [2022-09-02 21:58:06,111] {dag.py:2972} INFO - Setting next_dagrun for example_branch_labels to 2022-09-01T00:00:00+00:00, run_after=2022-09-02T00:00:00+00:00
[2022-09-02 21:58:06,128] {processor.py:161} INFO - Processing /home/airflow/.local/lib/python3.7/site-packages/airflow/example_dags/example_branch_labels.py took 0.102 seconds
[2022-09-02 21:58:36,775] {processor.py:153} INFO - Started process (PID=1560) to work on /home/airflow/.local/lib/python3.7/site-packages/airflow/example_dags/example_branch_labels.py
[2022-09-02 21:58:36,776] {processor.py:641} INFO - Processing file /home/airflow/.local/lib/python3.7/site-packages/airflow/example_dags/example_branch_labels.py for tasks to queue
[2022-09-02 21:58:36,777] {logging_mixin.py:115} INFO - [2022-09-02 21:58:36,777] {dagbag.py:508} INFO - Filling up the DagBag from /home/airflow/.local/lib/python3.7/site-packages/airflow/example_dags/example_branch_labels.py
[2022-09-02 21:58:36,787] {processor.py:651} INFO - DAG(s) dict_keys(['example_branch_labels']) retrieved from /home/airflow/.local/lib/python3.7/site-packages/airflow/example_dags/example_branch_labels.py
[2022-09-02 21:58:36,824] {logging_mixin.py:115} INFO - [2022-09-02 21:58:36,824] {dag.py:2420} INFO - Sync 1 DAGs
[2022-09-02 21:58:36,860] {logging_mixin.py:115} INFO - [2022-09-02 21:58:36,860] {dag.py:2972} INFO - Setting next_dagrun for example_branch_labels to 2022-09-01T00:00:00+00:00, run_after=2022-09-02T00:00:00+00:00
[2022-09-02 21:58:36,877] {processor.py:161} INFO - Processing /home/airflow/.local/lib/python3.7/site-packages/airflow/example_dags/example_branch_labels.py took 0.107 seconds
[2022-09-02 21:59:07,170] {processor.py:153} INFO - Started process (PID=1616) to work on /home/airflow/.local/lib/python3.7/site-packages/airflow/example_dags/example_branch_labels.py
[2022-09-02 21:59:07,171] {processor.py:641} INFO - Processing file /home/airflow/.local/lib/python3.7/site-packages/airflow/example_dags/example_branch_labels.py for tasks to queue
[2022-09-02 21:59:07,173] {logging_mixin.py:115} INFO - [2022-09-02 21:59:07,173] {dagbag.py:508} INFO - Filling up the DagBag from /home/airflow/.local/lib/python3.7/site-packages/airflow/example_dags/example_branch_labels.py
[2022-09-02 21:59:07,183] {processor.py:651} INFO - DAG(s) dict_keys(['example_branch_labels']) retrieved from /home/airflow/.local/lib/python3.7/site-packages/airflow/example_dags/example_branch_labels.py
[2022-09-02 21:59:07,217] {logging_mixin.py:115} INFO - [2022-09-02 21:59:07,217] {dag.py:2420} INFO - Sync 1 DAGs
[2022-09-02 21:59:07,246] {logging_mixin.py:115} INFO - [2022-09-02 21:59:07,246] {dag.py:2972} INFO - Setting next_dagrun for example_branch_labels to 2022-09-01T00:00:00+00:00, run_after=2022-09-02T00:00:00+00:00
[2022-09-02 21:59:07,261] {processor.py:161} INFO - Processing /home/airflow/.local/lib/python3.7/site-packages/airflow/example_dags/example_branch_labels.py took 0.095 seconds
[2022-09-02 21:59:37,821] {processor.py:153} INFO - Started process (PID=1681) to work on /home/airflow/.local/lib/python3.7/site-packages/airflow/example_dags/example_branch_labels.py
[2022-09-02 21:59:37,823] {processor.py:641} INFO - Processing file /home/airflow/.local/lib/python3.7/site-packages/airflow/example_dags/example_branch_labels.py for tasks to queue
[2022-09-02 21:59:37,824] {logging_mixin.py:115} INFO - [2022-09-02 21:59:37,824] {dagbag.py:508} INFO - Filling up the DagBag from /home/airflow/.local/lib/python3.7/site-packages/airflow/example_dags/example_branch_labels.py
[2022-09-02 21:59:37,833] {processor.py:651} INFO - DAG(s) dict_keys(['example_branch_labels']) retrieved from /home/airflow/.local/lib/python3.7/site-packages/airflow/example_dags/example_branch_labels.py
[2022-09-02 21:59:37,878] {logging_mixin.py:115} INFO - [2022-09-02 21:59:37,878] {dag.py:2420} INFO - Sync 1 DAGs
[2022-09-02 21:59:37,915] {logging_mixin.py:115} INFO - [2022-09-02 21:59:37,915] {dag.py:2972} INFO - Setting next_dagrun for example_branch_labels to 2022-09-01T00:00:00+00:00, run_after=2022-09-02T00:00:00+00:00
[2022-09-02 21:59:37,931] {processor.py:161} INFO - Processing /home/airflow/.local/lib/python3.7/site-packages/airflow/example_dags/example_branch_labels.py took 0.117 seconds
[2022-09-02 22:00:09,021] {processor.py:153} INFO - Started process (PID=1746) to work on /home/airflow/.local/lib/python3.7/site-packages/airflow/example_dags/example_branch_labels.py
[2022-09-02 22:00:09,023] {processor.py:641} INFO - Processing file /home/airflow/.local/lib/python3.7/site-packages/airflow/example_dags/example_branch_labels.py for tasks to queue
[2022-09-02 22:00:09,025] {logging_mixin.py:115} INFO - [2022-09-02 22:00:09,024] {dagbag.py:508} INFO - Filling up the DagBag from /home/airflow/.local/lib/python3.7/site-packages/airflow/example_dags/example_branch_labels.py
[2022-09-02 22:00:09,038] {processor.py:651} INFO - DAG(s) dict_keys(['example_branch_labels']) retrieved from /home/airflow/.local/lib/python3.7/site-packages/airflow/example_dags/example_branch_labels.py
[2022-09-02 22:00:09,080] {logging_mixin.py:115} INFO - [2022-09-02 22:00:09,080] {dag.py:2420} INFO - Sync 1 DAGs
[2022-09-02 22:00:09,118] {logging_mixin.py:115} INFO - [2022-09-02 22:00:09,118] {dag.py:2972} INFO - Setting next_dagrun for example_branch_labels to 2022-09-01T00:00:00+00:00, run_after=2022-09-02T00:00:00+00:00
[2022-09-02 22:00:09,137] {processor.py:161} INFO - Processing /home/airflow/.local/lib/python3.7/site-packages/airflow/example_dags/example_branch_labels.py took 0.121 seconds
[2022-09-02 22:28:47,408] {processor.py:153} INFO - Started process (PID=1784) to work on /home/airflow/.local/lib/python3.7/site-packages/airflow/example_dags/example_branch_labels.py
[2022-09-02 22:28:47,409] {processor.py:641} INFO - Processing file /home/airflow/.local/lib/python3.7/site-packages/airflow/example_dags/example_branch_labels.py for tasks to queue
[2022-09-02 22:28:47,411] {logging_mixin.py:115} INFO - [2022-09-02 22:28:47,411] {dagbag.py:508} INFO - Filling up the DagBag from /home/airflow/.local/lib/python3.7/site-packages/airflow/example_dags/example_branch_labels.py
[2022-09-02 22:28:47,429] {processor.py:651} INFO - DAG(s) dict_keys(['example_branch_labels']) retrieved from /home/airflow/.local/lib/python3.7/site-packages/airflow/example_dags/example_branch_labels.py
[2022-09-02 22:28:47,479] {logging_mixin.py:115} INFO - [2022-09-02 22:28:47,479] {dag.py:2420} INFO - Sync 1 DAGs
[2022-09-02 22:28:47,516] {logging_mixin.py:115} INFO - [2022-09-02 22:28:47,516] {dag.py:2972} INFO - Setting next_dagrun for example_branch_labels to 2022-09-01T00:00:00+00:00, run_after=2022-09-02T00:00:00+00:00
[2022-09-02 22:28:47,534] {processor.py:161} INFO - Processing /home/airflow/.local/lib/python3.7/site-packages/airflow/example_dags/example_branch_labels.py took 0.131 seconds
[2022-09-02 22:29:17,721] {processor.py:153} INFO - Started process (PID=1848) to work on /home/airflow/.local/lib/python3.7/site-packages/airflow/example_dags/example_branch_labels.py
[2022-09-02 22:29:17,723] {processor.py:641} INFO - Processing file /home/airflow/.local/lib/python3.7/site-packages/airflow/example_dags/example_branch_labels.py for tasks to queue
[2022-09-02 22:29:17,724] {logging_mixin.py:115} INFO - [2022-09-02 22:29:17,724] {dagbag.py:508} INFO - Filling up the DagBag from /home/airflow/.local/lib/python3.7/site-packages/airflow/example_dags/example_branch_labels.py
[2022-09-02 22:29:17,732] {processor.py:651} INFO - DAG(s) dict_keys(['example_branch_labels']) retrieved from /home/airflow/.local/lib/python3.7/site-packages/airflow/example_dags/example_branch_labels.py
[2022-09-02 22:29:17,773] {logging_mixin.py:115} INFO - [2022-09-02 22:29:17,773] {dag.py:2420} INFO - Sync 1 DAGs
[2022-09-02 22:29:17,803] {logging_mixin.py:115} INFO - [2022-09-02 22:29:17,803] {dag.py:2972} INFO - Setting next_dagrun for example_branch_labels to 2022-09-01T00:00:00+00:00, run_after=2022-09-02T00:00:00+00:00
[2022-09-02 22:29:17,816] {processor.py:161} INFO - Processing /home/airflow/.local/lib/python3.7/site-packages/airflow/example_dags/example_branch_labels.py took 0.099 seconds
[2022-09-02 22:29:48,129] {processor.py:153} INFO - Started process (PID=1913) to work on /home/airflow/.local/lib/python3.7/site-packages/airflow/example_dags/example_branch_labels.py
[2022-09-02 22:29:48,130] {processor.py:641} INFO - Processing file /home/airflow/.local/lib/python3.7/site-packages/airflow/example_dags/example_branch_labels.py for tasks to queue
[2022-09-02 22:29:48,132] {logging_mixin.py:115} INFO - [2022-09-02 22:29:48,132] {dagbag.py:508} INFO - Filling up the DagBag from /home/airflow/.local/lib/python3.7/site-packages/airflow/example_dags/example_branch_labels.py
[2022-09-02 22:29:48,144] {processor.py:651} INFO - DAG(s) dict_keys(['example_branch_labels']) retrieved from /home/airflow/.local/lib/python3.7/site-packages/airflow/example_dags/example_branch_labels.py
[2022-09-02 22:29:48,184] {logging_mixin.py:115} INFO - [2022-09-02 22:29:48,184] {dag.py:2420} INFO - Sync 1 DAGs
[2022-09-02 22:29:48,225] {logging_mixin.py:115} INFO - [2022-09-02 22:29:48,224] {dag.py:2972} INFO - Setting next_dagrun for example_branch_labels to 2022-09-01T00:00:00+00:00, run_after=2022-09-02T00:00:00+00:00
[2022-09-02 22:29:48,243] {processor.py:161} INFO - Processing /home/airflow/.local/lib/python3.7/site-packages/airflow/example_dags/example_branch_labels.py took 0.120 seconds
[2022-09-02 23:00:47,816] {processor.py:153} INFO - Started process (PID=1978) to work on /home/airflow/.local/lib/python3.7/site-packages/airflow/example_dags/example_branch_labels.py
[2022-09-02 23:00:47,823] {processor.py:641} INFO - Processing file /home/airflow/.local/lib/python3.7/site-packages/airflow/example_dags/example_branch_labels.py for tasks to queue
[2022-09-02 23:00:47,848] {logging_mixin.py:115} INFO - [2022-09-02 23:00:47,847] {dagbag.py:508} INFO - Filling up the DagBag from /home/airflow/.local/lib/python3.7/site-packages/airflow/example_dags/example_branch_labels.py
[2022-09-02 23:00:48,163] {processor.py:651} INFO - DAG(s) dict_keys(['example_branch_labels']) retrieved from /home/airflow/.local/lib/python3.7/site-packages/airflow/example_dags/example_branch_labels.py
[2022-09-02 23:00:49,101] {logging_mixin.py:115} INFO - [2022-09-02 23:00:49,100] {dag.py:2420} INFO - Sync 1 DAGs
[2022-09-02 23:00:49,678] {logging_mixin.py:115} INFO - [2022-09-02 23:00:49,677] {dag.py:2972} INFO - Setting next_dagrun for example_branch_labels to 2022-09-01T00:00:00+00:00, run_after=2022-09-02T00:00:00+00:00
[2022-09-02 23:00:49,971] {processor.py:161} INFO - Processing /home/airflow/.local/lib/python3.7/site-packages/airflow/example_dags/example_branch_labels.py took 2.271 seconds
[2022-09-02 23:01:37,758] {processor.py:153} INFO - Started process (PID=2042) to work on /home/airflow/.local/lib/python3.7/site-packages/airflow/example_dags/example_branch_labels.py
[2022-09-02 23:01:37,769] {processor.py:641} INFO - Processing file /home/airflow/.local/lib/python3.7/site-packages/airflow/example_dags/example_branch_labels.py for tasks to queue
[2022-09-02 23:01:37,792] {logging_mixin.py:115} INFO - [2022-09-02 23:01:37,791] {dagbag.py:508} INFO - Filling up the DagBag from /home/airflow/.local/lib/python3.7/site-packages/airflow/example_dags/example_branch_labels.py
[2022-09-02 23:01:38,283] {processor.py:651} INFO - DAG(s) dict_keys(['example_branch_labels']) retrieved from /home/airflow/.local/lib/python3.7/site-packages/airflow/example_dags/example_branch_labels.py
[2022-09-02 23:01:38,791] {logging_mixin.py:115} INFO - [2022-09-02 23:01:38,790] {dag.py:2420} INFO - Sync 1 DAGs
[2022-09-02 23:01:39,696] {logging_mixin.py:115} INFO - [2022-09-02 23:01:39,695] {dag.py:2972} INFO - Setting next_dagrun for example_branch_labels to 2022-09-01T00:00:00+00:00, run_after=2022-09-02T00:00:00+00:00
[2022-09-02 23:01:40,077] {processor.py:161} INFO - Processing /home/airflow/.local/lib/python3.7/site-packages/airflow/example_dags/example_branch_labels.py took 2.431 seconds
[2022-09-02 23:02:19,860] {processor.py:153} INFO - Started process (PID=2100) to work on /home/airflow/.local/lib/python3.7/site-packages/airflow/example_dags/example_branch_labels.py
[2022-09-02 23:02:19,875] {processor.py:641} INFO - Processing file /home/airflow/.local/lib/python3.7/site-packages/airflow/example_dags/example_branch_labels.py for tasks to queue
[2022-09-02 23:02:19,894] {logging_mixin.py:115} INFO - [2022-09-02 23:02:19,893] {dagbag.py:508} INFO - Filling up the DagBag from /home/airflow/.local/lib/python3.7/site-packages/airflow/example_dags/example_branch_labels.py
[2022-09-02 23:02:19,957] {processor.py:651} INFO - DAG(s) dict_keys(['example_branch_labels']) retrieved from /home/airflow/.local/lib/python3.7/site-packages/airflow/example_dags/example_branch_labels.py
[2022-09-02 23:02:20,231] {logging_mixin.py:115} INFO - [2022-09-02 23:02:20,231] {dag.py:2420} INFO - Sync 1 DAGs
[2022-09-02 23:02:20,500] {logging_mixin.py:115} INFO - [2022-09-02 23:02:20,486] {dag.py:2972} INFO - Setting next_dagrun for example_branch_labels to 2022-09-01T00:00:00+00:00, run_after=2022-09-02T00:00:00+00:00
[2022-09-02 23:02:20,608] {processor.py:161} INFO - Processing /home/airflow/.local/lib/python3.7/site-packages/airflow/example_dags/example_branch_labels.py took 0.796 seconds
[2022-09-02 23:02:51,373] {processor.py:153} INFO - Started process (PID=2146) to work on /home/airflow/.local/lib/python3.7/site-packages/airflow/example_dags/example_branch_labels.py
[2022-09-02 23:02:51,379] {processor.py:641} INFO - Processing file /home/airflow/.local/lib/python3.7/site-packages/airflow/example_dags/example_branch_labels.py for tasks to queue
[2022-09-02 23:02:51,395] {logging_mixin.py:115} INFO - [2022-09-02 23:02:51,394] {dagbag.py:508} INFO - Filling up the DagBag from /home/airflow/.local/lib/python3.7/site-packages/airflow/example_dags/example_branch_labels.py
[2022-09-02 23:02:51,459] {processor.py:651} INFO - DAG(s) dict_keys(['example_branch_labels']) retrieved from /home/airflow/.local/lib/python3.7/site-packages/airflow/example_dags/example_branch_labels.py
[2022-09-02 23:02:51,636] {logging_mixin.py:115} INFO - [2022-09-02 23:02:51,635] {dag.py:2420} INFO - Sync 1 DAGs
[2022-09-02 23:02:51,820] {logging_mixin.py:115} INFO - [2022-09-02 23:02:51,819] {dag.py:2972} INFO - Setting next_dagrun for example_branch_labels to 2022-09-01T00:00:00+00:00, run_after=2022-09-02T00:00:00+00:00
[2022-09-02 23:02:51,909] {processor.py:161} INFO - Processing /home/airflow/.local/lib/python3.7/site-packages/airflow/example_dags/example_branch_labels.py took 0.580 seconds
[2022-09-02 23:03:22,209] {processor.py:153} INFO - Started process (PID=2202) to work on /home/airflow/.local/lib/python3.7/site-packages/airflow/example_dags/example_branch_labels.py
[2022-09-02 23:03:22,215] {processor.py:641} INFO - Processing file /home/airflow/.local/lib/python3.7/site-packages/airflow/example_dags/example_branch_labels.py for tasks to queue
[2022-09-02 23:03:22,221] {logging_mixin.py:115} INFO - [2022-09-02 23:03:22,220] {dagbag.py:508} INFO - Filling up the DagBag from /home/airflow/.local/lib/python3.7/site-packages/airflow/example_dags/example_branch_labels.py
[2022-09-02 23:03:22,297] {processor.py:651} INFO - DAG(s) dict_keys(['example_branch_labels']) retrieved from /home/airflow/.local/lib/python3.7/site-packages/airflow/example_dags/example_branch_labels.py
[2022-09-02 23:03:22,724] {logging_mixin.py:115} INFO - [2022-09-02 23:03:22,723] {dag.py:2420} INFO - Sync 1 DAGs
[2022-09-02 23:03:22,871] {logging_mixin.py:115} INFO - [2022-09-02 23:03:22,871] {dag.py:2972} INFO - Setting next_dagrun for example_branch_labels to 2022-09-01T00:00:00+00:00, run_after=2022-09-02T00:00:00+00:00
[2022-09-02 23:03:22,944] {processor.py:161} INFO - Processing /home/airflow/.local/lib/python3.7/site-packages/airflow/example_dags/example_branch_labels.py took 0.785 seconds
[2022-09-02 23:03:53,475] {processor.py:153} INFO - Started process (PID=2255) to work on /home/airflow/.local/lib/python3.7/site-packages/airflow/example_dags/example_branch_labels.py
[2022-09-02 23:03:53,483] {processor.py:641} INFO - Processing file /home/airflow/.local/lib/python3.7/site-packages/airflow/example_dags/example_branch_labels.py for tasks to queue
[2022-09-02 23:03:53,491] {logging_mixin.py:115} INFO - [2022-09-02 23:03:53,490] {dagbag.py:508} INFO - Filling up the DagBag from /home/airflow/.local/lib/python3.7/site-packages/airflow/example_dags/example_branch_labels.py
[2022-09-02 23:03:53,546] {processor.py:651} INFO - DAG(s) dict_keys(['example_branch_labels']) retrieved from /home/airflow/.local/lib/python3.7/site-packages/airflow/example_dags/example_branch_labels.py
[2022-09-02 23:03:53,766] {logging_mixin.py:115} INFO - [2022-09-02 23:03:53,766] {dag.py:2420} INFO - Sync 1 DAGs
[2022-09-02 23:03:54,048] {logging_mixin.py:115} INFO - [2022-09-02 23:03:54,047] {dag.py:2972} INFO - Setting next_dagrun for example_branch_labels to 2022-09-01T00:00:00+00:00, run_after=2022-09-02T00:00:00+00:00
[2022-09-02 23:03:54,187] {processor.py:161} INFO - Processing /home/airflow/.local/lib/python3.7/site-packages/airflow/example_dags/example_branch_labels.py took 0.745 seconds
[2022-09-02 23:04:24,841] {processor.py:153} INFO - Started process (PID=2304) to work on /home/airflow/.local/lib/python3.7/site-packages/airflow/example_dags/example_branch_labels.py
[2022-09-02 23:04:24,852] {processor.py:641} INFO - Processing file /home/airflow/.local/lib/python3.7/site-packages/airflow/example_dags/example_branch_labels.py for tasks to queue
[2022-09-02 23:04:24,860] {logging_mixin.py:115} INFO - [2022-09-02 23:04:24,859] {dagbag.py:508} INFO - Filling up the DagBag from /home/airflow/.local/lib/python3.7/site-packages/airflow/example_dags/example_branch_labels.py
[2022-09-02 23:04:24,927] {processor.py:651} INFO - DAG(s) dict_keys(['example_branch_labels']) retrieved from /home/airflow/.local/lib/python3.7/site-packages/airflow/example_dags/example_branch_labels.py
[2022-09-02 23:04:25,152] {logging_mixin.py:115} INFO - [2022-09-02 23:04:25,151] {dag.py:2420} INFO - Sync 1 DAGs
[2022-09-02 23:04:25,326] {logging_mixin.py:115} INFO - [2022-09-02 23:04:25,325] {dag.py:2972} INFO - Setting next_dagrun for example_branch_labels to 2022-09-01T00:00:00+00:00, run_after=2022-09-02T00:00:00+00:00
[2022-09-02 23:04:25,418] {processor.py:161} INFO - Processing /home/airflow/.local/lib/python3.7/site-packages/airflow/example_dags/example_branch_labels.py took 0.606 seconds
[2022-09-02 23:06:43,862] {processor.py:153} INFO - Started process (PID=2359) to work on /home/airflow/.local/lib/python3.7/site-packages/airflow/example_dags/example_branch_labels.py
[2022-09-02 23:06:43,864] {processor.py:641} INFO - Processing file /home/airflow/.local/lib/python3.7/site-packages/airflow/example_dags/example_branch_labels.py for tasks to queue
[2022-09-02 23:06:43,865] {logging_mixin.py:115} INFO - [2022-09-02 23:06:43,865] {dagbag.py:508} INFO - Filling up the DagBag from /home/airflow/.local/lib/python3.7/site-packages/airflow/example_dags/example_branch_labels.py
[2022-09-02 23:06:43,875] {processor.py:651} INFO - DAG(s) dict_keys(['example_branch_labels']) retrieved from /home/airflow/.local/lib/python3.7/site-packages/airflow/example_dags/example_branch_labels.py
[2022-09-02 23:06:43,910] {logging_mixin.py:115} INFO - [2022-09-02 23:06:43,910] {dag.py:2420} INFO - Sync 1 DAGs
[2022-09-02 23:06:43,941] {logging_mixin.py:115} INFO - [2022-09-02 23:06:43,941] {dag.py:2972} INFO - Setting next_dagrun for example_branch_labels to 2022-09-01T00:00:00+00:00, run_after=2022-09-02T00:00:00+00:00
[2022-09-02 23:06:43,966] {processor.py:161} INFO - Processing /home/airflow/.local/lib/python3.7/site-packages/airflow/example_dags/example_branch_labels.py took 0.109 seconds
[2022-09-02 23:07:14,126] {processor.py:153} INFO - Started process (PID=2425) to work on /home/airflow/.local/lib/python3.7/site-packages/airflow/example_dags/example_branch_labels.py
[2022-09-02 23:07:14,128] {processor.py:641} INFO - Processing file /home/airflow/.local/lib/python3.7/site-packages/airflow/example_dags/example_branch_labels.py for tasks to queue
[2022-09-02 23:07:14,129] {logging_mixin.py:115} INFO - [2022-09-02 23:07:14,129] {dagbag.py:508} INFO - Filling up the DagBag from /home/airflow/.local/lib/python3.7/site-packages/airflow/example_dags/example_branch_labels.py
[2022-09-02 23:07:14,140] {processor.py:651} INFO - DAG(s) dict_keys(['example_branch_labels']) retrieved from /home/airflow/.local/lib/python3.7/site-packages/airflow/example_dags/example_branch_labels.py
[2022-09-02 23:07:14,180] {logging_mixin.py:115} INFO - [2022-09-02 23:07:14,180] {dag.py:2420} INFO - Sync 1 DAGs
[2022-09-02 23:07:14,212] {logging_mixin.py:115} INFO - [2022-09-02 23:07:14,212] {dag.py:2972} INFO - Setting next_dagrun for example_branch_labels to 2022-09-01T00:00:00+00:00, run_after=2022-09-02T00:00:00+00:00
[2022-09-02 23:07:14,226] {processor.py:161} INFO - Processing /home/airflow/.local/lib/python3.7/site-packages/airflow/example_dags/example_branch_labels.py took 0.104 seconds
[2022-09-02 23:07:45,453] {processor.py:153} INFO - Started process (PID=2490) to work on /home/airflow/.local/lib/python3.7/site-packages/airflow/example_dags/example_branch_labels.py
[2022-09-02 23:07:45,454] {processor.py:641} INFO - Processing file /home/airflow/.local/lib/python3.7/site-packages/airflow/example_dags/example_branch_labels.py for tasks to queue
[2022-09-02 23:07:45,455] {logging_mixin.py:115} INFO - [2022-09-02 23:07:45,455] {dagbag.py:508} INFO - Filling up the DagBag from /home/airflow/.local/lib/python3.7/site-packages/airflow/example_dags/example_branch_labels.py
[2022-09-02 23:07:45,465] {processor.py:651} INFO - DAG(s) dict_keys(['example_branch_labels']) retrieved from /home/airflow/.local/lib/python3.7/site-packages/airflow/example_dags/example_branch_labels.py
[2022-09-02 23:07:45,496] {logging_mixin.py:115} INFO - [2022-09-02 23:07:45,496] {dag.py:2420} INFO - Sync 1 DAGs
[2022-09-02 23:07:45,525] {logging_mixin.py:115} INFO - [2022-09-02 23:07:45,524] {dag.py:2972} INFO - Setting next_dagrun for example_branch_labels to 2022-09-01T00:00:00+00:00, run_after=2022-09-02T00:00:00+00:00
[2022-09-02 23:07:45,538] {processor.py:161} INFO - Processing /home/airflow/.local/lib/python3.7/site-packages/airflow/example_dags/example_branch_labels.py took 0.090 seconds
[2022-09-02 23:08:28,778] {processor.py:153} INFO - Started process (PID=2546) to work on /home/airflow/.local/lib/python3.7/site-packages/airflow/example_dags/example_branch_labels.py
[2022-09-02 23:08:28,779] {processor.py:641} INFO - Processing file /home/airflow/.local/lib/python3.7/site-packages/airflow/example_dags/example_branch_labels.py for tasks to queue
[2022-09-02 23:08:28,781] {logging_mixin.py:115} INFO - [2022-09-02 23:08:28,781] {dagbag.py:508} INFO - Filling up the DagBag from /home/airflow/.local/lib/python3.7/site-packages/airflow/example_dags/example_branch_labels.py
[2022-09-02 23:08:28,791] {processor.py:651} INFO - DAG(s) dict_keys(['example_branch_labels']) retrieved from /home/airflow/.local/lib/python3.7/site-packages/airflow/example_dags/example_branch_labels.py
[2022-09-02 23:08:28,829] {logging_mixin.py:115} INFO - [2022-09-02 23:08:28,829] {dag.py:2420} INFO - Sync 1 DAGs
[2022-09-02 23:08:28,870] {logging_mixin.py:115} INFO - [2022-09-02 23:08:28,870] {dag.py:2972} INFO - Setting next_dagrun for example_branch_labels to 2022-09-01T00:00:00+00:00, run_after=2022-09-02T00:00:00+00:00
[2022-09-02 23:08:28,892] {processor.py:161} INFO - Processing /home/airflow/.local/lib/python3.7/site-packages/airflow/example_dags/example_branch_labels.py took 0.119 seconds
[2022-09-02 23:09:00,015] {processor.py:153} INFO - Started process (PID=2612) to work on /home/airflow/.local/lib/python3.7/site-packages/airflow/example_dags/example_branch_labels.py
[2022-09-02 23:09:00,017] {processor.py:641} INFO - Processing file /home/airflow/.local/lib/python3.7/site-packages/airflow/example_dags/example_branch_labels.py for tasks to queue
[2022-09-02 23:09:00,018] {logging_mixin.py:115} INFO - [2022-09-02 23:09:00,018] {dagbag.py:508} INFO - Filling up the DagBag from /home/airflow/.local/lib/python3.7/site-packages/airflow/example_dags/example_branch_labels.py
[2022-09-02 23:09:00,030] {processor.py:651} INFO - DAG(s) dict_keys(['example_branch_labels']) retrieved from /home/airflow/.local/lib/python3.7/site-packages/airflow/example_dags/example_branch_labels.py
[2022-09-02 23:09:00,066] {logging_mixin.py:115} INFO - [2022-09-02 23:09:00,066] {dag.py:2420} INFO - Sync 1 DAGs
[2022-09-02 23:09:00,105] {logging_mixin.py:115} INFO - [2022-09-02 23:09:00,105] {dag.py:2972} INFO - Setting next_dagrun for example_branch_labels to 2022-09-01T00:00:00+00:00, run_after=2022-09-02T00:00:00+00:00
[2022-09-02 23:09:00,125] {processor.py:161} INFO - Processing /home/airflow/.local/lib/python3.7/site-packages/airflow/example_dags/example_branch_labels.py took 0.115 seconds
[2022-09-02 23:09:30,212] {processor.py:153} INFO - Started process (PID=2669) to work on /home/airflow/.local/lib/python3.7/site-packages/airflow/example_dags/example_branch_labels.py
[2022-09-02 23:09:30,213] {processor.py:641} INFO - Processing file /home/airflow/.local/lib/python3.7/site-packages/airflow/example_dags/example_branch_labels.py for tasks to queue
[2022-09-02 23:09:30,214] {logging_mixin.py:115} INFO - [2022-09-02 23:09:30,214] {dagbag.py:508} INFO - Filling up the DagBag from /home/airflow/.local/lib/python3.7/site-packages/airflow/example_dags/example_branch_labels.py
[2022-09-02 23:09:30,224] {processor.py:651} INFO - DAG(s) dict_keys(['example_branch_labels']) retrieved from /home/airflow/.local/lib/python3.7/site-packages/airflow/example_dags/example_branch_labels.py
[2022-09-02 23:09:30,259] {logging_mixin.py:115} INFO - [2022-09-02 23:09:30,258] {dag.py:2420} INFO - Sync 1 DAGs
[2022-09-02 23:09:30,287] {logging_mixin.py:115} INFO - [2022-09-02 23:09:30,286] {dag.py:2972} INFO - Setting next_dagrun for example_branch_labels to 2022-09-01T00:00:00+00:00, run_after=2022-09-02T00:00:00+00:00
[2022-09-02 23:09:30,302] {processor.py:161} INFO - Processing /home/airflow/.local/lib/python3.7/site-packages/airflow/example_dags/example_branch_labels.py took 0.095 seconds
[2022-09-02 23:10:06,901] {processor.py:153} INFO - Started process (PID=2734) to work on /home/airflow/.local/lib/python3.7/site-packages/airflow/example_dags/example_branch_labels.py
[2022-09-02 23:10:06,903] {processor.py:641} INFO - Processing file /home/airflow/.local/lib/python3.7/site-packages/airflow/example_dags/example_branch_labels.py for tasks to queue
[2022-09-02 23:10:06,905] {logging_mixin.py:115} INFO - [2022-09-02 23:10:06,905] {dagbag.py:508} INFO - Filling up the DagBag from /home/airflow/.local/lib/python3.7/site-packages/airflow/example_dags/example_branch_labels.py
[2022-09-02 23:10:06,918] {processor.py:651} INFO - DAG(s) dict_keys(['example_branch_labels']) retrieved from /home/airflow/.local/lib/python3.7/site-packages/airflow/example_dags/example_branch_labels.py
[2022-09-02 23:10:06,966] {logging_mixin.py:115} INFO - [2022-09-02 23:10:06,966] {dag.py:2420} INFO - Sync 1 DAGs
[2022-09-02 23:10:07,005] {logging_mixin.py:115} INFO - [2022-09-02 23:10:07,005] {dag.py:2972} INFO - Setting next_dagrun for example_branch_labels to 2022-09-01T00:00:00+00:00, run_after=2022-09-02T00:00:00+00:00
[2022-09-02 23:10:07,020] {processor.py:161} INFO - Processing /home/airflow/.local/lib/python3.7/site-packages/airflow/example_dags/example_branch_labels.py took 0.125 seconds
[2022-09-02 23:10:37,141] {processor.py:153} INFO - Started process (PID=2791) to work on /home/airflow/.local/lib/python3.7/site-packages/airflow/example_dags/example_branch_labels.py
[2022-09-02 23:10:37,142] {processor.py:641} INFO - Processing file /home/airflow/.local/lib/python3.7/site-packages/airflow/example_dags/example_branch_labels.py for tasks to queue
[2022-09-02 23:10:37,143] {logging_mixin.py:115} INFO - [2022-09-02 23:10:37,143] {dagbag.py:508} INFO - Filling up the DagBag from /home/airflow/.local/lib/python3.7/site-packages/airflow/example_dags/example_branch_labels.py
[2022-09-02 23:10:37,153] {processor.py:651} INFO - DAG(s) dict_keys(['example_branch_labels']) retrieved from /home/airflow/.local/lib/python3.7/site-packages/airflow/example_dags/example_branch_labels.py
[2022-09-02 23:10:37,192] {logging_mixin.py:115} INFO - [2022-09-02 23:10:37,192] {dag.py:2420} INFO - Sync 1 DAGs
[2022-09-02 23:10:37,223] {logging_mixin.py:115} INFO - [2022-09-02 23:10:37,223] {dag.py:2972} INFO - Setting next_dagrun for example_branch_labels to 2022-09-01T00:00:00+00:00, run_after=2022-09-02T00:00:00+00:00
[2022-09-02 23:10:37,238] {processor.py:161} INFO - Processing /home/airflow/.local/lib/python3.7/site-packages/airflow/example_dags/example_branch_labels.py took 0.102 seconds
[2022-09-02 23:11:07,406] {processor.py:153} INFO - Started process (PID=2856) to work on /home/airflow/.local/lib/python3.7/site-packages/airflow/example_dags/example_branch_labels.py
[2022-09-02 23:11:07,407] {processor.py:641} INFO - Processing file /home/airflow/.local/lib/python3.7/site-packages/airflow/example_dags/example_branch_labels.py for tasks to queue
[2022-09-02 23:11:07,408] {logging_mixin.py:115} INFO - [2022-09-02 23:11:07,408] {dagbag.py:508} INFO - Filling up the DagBag from /home/airflow/.local/lib/python3.7/site-packages/airflow/example_dags/example_branch_labels.py
[2022-09-02 23:11:07,422] {processor.py:651} INFO - DAG(s) dict_keys(['example_branch_labels']) retrieved from /home/airflow/.local/lib/python3.7/site-packages/airflow/example_dags/example_branch_labels.py
[2022-09-02 23:11:07,467] {logging_mixin.py:115} INFO - [2022-09-02 23:11:07,467] {dag.py:2420} INFO - Sync 1 DAGs
[2022-09-02 23:11:07,509] {logging_mixin.py:115} INFO - [2022-09-02 23:11:07,509] {dag.py:2972} INFO - Setting next_dagrun for example_branch_labels to 2022-09-01T00:00:00+00:00, run_after=2022-09-02T00:00:00+00:00
[2022-09-02 23:11:07,529] {processor.py:161} INFO - Processing /home/airflow/.local/lib/python3.7/site-packages/airflow/example_dags/example_branch_labels.py took 0.128 seconds
[2022-09-02 23:11:37,637] {processor.py:153} INFO - Started process (PID=2912) to work on /home/airflow/.local/lib/python3.7/site-packages/airflow/example_dags/example_branch_labels.py
[2022-09-02 23:11:37,638] {processor.py:641} INFO - Processing file /home/airflow/.local/lib/python3.7/site-packages/airflow/example_dags/example_branch_labels.py for tasks to queue
[2022-09-02 23:11:37,640] {logging_mixin.py:115} INFO - [2022-09-02 23:11:37,640] {dagbag.py:508} INFO - Filling up the DagBag from /home/airflow/.local/lib/python3.7/site-packages/airflow/example_dags/example_branch_labels.py
[2022-09-02 23:11:37,649] {processor.py:651} INFO - DAG(s) dict_keys(['example_branch_labels']) retrieved from /home/airflow/.local/lib/python3.7/site-packages/airflow/example_dags/example_branch_labels.py
[2022-09-02 23:11:37,683] {logging_mixin.py:115} INFO - [2022-09-02 23:11:37,683] {dag.py:2420} INFO - Sync 1 DAGs
[2022-09-02 23:11:37,712] {logging_mixin.py:115} INFO - [2022-09-02 23:11:37,712] {dag.py:2972} INFO - Setting next_dagrun for example_branch_labels to 2022-09-01T00:00:00+00:00, run_after=2022-09-02T00:00:00+00:00
[2022-09-02 23:11:37,728] {processor.py:161} INFO - Processing /home/airflow/.local/lib/python3.7/site-packages/airflow/example_dags/example_branch_labels.py took 0.096 seconds
[2022-09-02 23:12:08,187] {processor.py:153} INFO - Started process (PID=2978) to work on /home/airflow/.local/lib/python3.7/site-packages/airflow/example_dags/example_branch_labels.py
[2022-09-02 23:12:08,189] {processor.py:641} INFO - Processing file /home/airflow/.local/lib/python3.7/site-packages/airflow/example_dags/example_branch_labels.py for tasks to queue
[2022-09-02 23:12:08,190] {logging_mixin.py:115} INFO - [2022-09-02 23:12:08,190] {dagbag.py:508} INFO - Filling up the DagBag from /home/airflow/.local/lib/python3.7/site-packages/airflow/example_dags/example_branch_labels.py
[2022-09-02 23:12:08,199] {processor.py:651} INFO - DAG(s) dict_keys(['example_branch_labels']) retrieved from /home/airflow/.local/lib/python3.7/site-packages/airflow/example_dags/example_branch_labels.py
[2022-09-02 23:12:08,246] {logging_mixin.py:115} INFO - [2022-09-02 23:12:08,246] {dag.py:2420} INFO - Sync 1 DAGs
[2022-09-02 23:12:08,289] {logging_mixin.py:115} INFO - [2022-09-02 23:12:08,289] {dag.py:2972} INFO - Setting next_dagrun for example_branch_labels to 2022-09-01T00:00:00+00:00, run_after=2022-09-02T00:00:00+00:00
[2022-09-02 23:12:08,316] {processor.py:161} INFO - Processing /home/airflow/.local/lib/python3.7/site-packages/airflow/example_dags/example_branch_labels.py took 0.133 seconds
[2022-09-02 23:43:04,939] {processor.py:153} INFO - Started process (PID=3053) to work on /home/airflow/.local/lib/python3.7/site-packages/airflow/example_dags/example_branch_labels.py
[2022-09-02 23:43:04,965] {processor.py:641} INFO - Processing file /home/airflow/.local/lib/python3.7/site-packages/airflow/example_dags/example_branch_labels.py for tasks to queue
[2022-09-02 23:43:04,967] {logging_mixin.py:115} INFO - [2022-09-02 23:43:04,967] {dagbag.py:508} INFO - Filling up the DagBag from /home/airflow/.local/lib/python3.7/site-packages/airflow/example_dags/example_branch_labels.py
[2022-09-02 23:43:05,009] {processor.py:651} INFO - DAG(s) dict_keys(['example_branch_labels']) retrieved from /home/airflow/.local/lib/python3.7/site-packages/airflow/example_dags/example_branch_labels.py
[2022-09-02 23:43:05,173] {logging_mixin.py:115} INFO - [2022-09-02 23:43:05,172] {dag.py:2420} INFO - Sync 1 DAGs
[2022-09-02 23:43:05,331] {logging_mixin.py:115} INFO - [2022-09-02 23:43:05,331] {dag.py:2972} INFO - Setting next_dagrun for example_branch_labels to 2022-09-01T00:00:00+00:00, run_after=2022-09-02T00:00:00+00:00
[2022-09-02 23:43:05,495] {processor.py:161} INFO - Processing /home/airflow/.local/lib/python3.7/site-packages/airflow/example_dags/example_branch_labels.py took 0.563 seconds
[2022-09-02 23:56:00,787] {processor.py:153} INFO - Started process (PID=3131) to work on /home/airflow/.local/lib/python3.7/site-packages/airflow/example_dags/example_branch_labels.py
[2022-09-02 23:56:00,790] {processor.py:641} INFO - Processing file /home/airflow/.local/lib/python3.7/site-packages/airflow/example_dags/example_branch_labels.py for tasks to queue
[2022-09-02 23:56:00,791] {logging_mixin.py:115} INFO - [2022-09-02 23:56:00,791] {dagbag.py:508} INFO - Filling up the DagBag from /home/airflow/.local/lib/python3.7/site-packages/airflow/example_dags/example_branch_labels.py
[2022-09-02 23:56:00,808] {processor.py:651} INFO - DAG(s) dict_keys(['example_branch_labels']) retrieved from /home/airflow/.local/lib/python3.7/site-packages/airflow/example_dags/example_branch_labels.py
[2022-09-02 23:56:00,856] {logging_mixin.py:115} INFO - [2022-09-02 23:56:00,855] {dag.py:2420} INFO - Sync 1 DAGs
[2022-09-02 23:56:00,901] {logging_mixin.py:115} INFO - [2022-09-02 23:56:00,901] {dag.py:2972} INFO - Setting next_dagrun for example_branch_labels to 2022-09-01T00:00:00+00:00, run_after=2022-09-02T00:00:00+00:00
[2022-09-02 23:56:00,932] {processor.py:161} INFO - Processing /home/airflow/.local/lib/python3.7/site-packages/airflow/example_dags/example_branch_labels.py took 0.150 seconds
[2022-09-02 23:56:34,703] {processor.py:153} INFO - Started process (PID=3196) to work on /home/airflow/.local/lib/python3.7/site-packages/airflow/example_dags/example_branch_labels.py
[2022-09-02 23:56:34,709] {processor.py:641} INFO - Processing file /home/airflow/.local/lib/python3.7/site-packages/airflow/example_dags/example_branch_labels.py for tasks to queue
[2022-09-02 23:56:34,720] {logging_mixin.py:115} INFO - [2022-09-02 23:56:34,720] {dagbag.py:508} INFO - Filling up the DagBag from /home/airflow/.local/lib/python3.7/site-packages/airflow/example_dags/example_branch_labels.py
[2022-09-02 23:56:34,743] {processor.py:651} INFO - DAG(s) dict_keys(['example_branch_labels']) retrieved from /home/airflow/.local/lib/python3.7/site-packages/airflow/example_dags/example_branch_labels.py
[2022-09-02 23:56:34,863] {logging_mixin.py:115} INFO - [2022-09-02 23:56:34,863] {dag.py:2420} INFO - Sync 1 DAGs
[2022-09-02 23:56:35,000] {logging_mixin.py:115} INFO - [2022-09-02 23:56:34,999] {dag.py:2972} INFO - Setting next_dagrun for example_branch_labels to 2022-09-01T00:00:00+00:00, run_after=2022-09-02T00:00:00+00:00
[2022-09-02 23:56:35,041] {processor.py:161} INFO - Processing /home/airflow/.local/lib/python3.7/site-packages/airflow/example_dags/example_branch_labels.py took 0.357 seconds
