[2022-09-02 21:30:55,563] {processor.py:153} INFO - Started process (PID=69) to work on /home/airflow/.local/lib/python3.7/site-packages/airflow/example_dags/example_nested_branch_dag.py
[2022-09-02 21:30:55,570] {processor.py:641} INFO - Processing file /home/airflow/.local/lib/python3.7/site-packages/airflow/example_dags/example_nested_branch_dag.py for tasks to queue
[2022-09-02 21:30:55,572] {logging_mixin.py:115} INFO - [2022-09-02 21:30:55,572] {dagbag.py:508} INFO - Filling up the DagBag from /home/airflow/.local/lib/python3.7/site-packages/airflow/example_dags/example_nested_branch_dag.py
[2022-09-02 21:30:55,617] {processor.py:651} INFO - DAG(s) dict_keys(['example_nested_branch_dag']) retrieved from /home/airflow/.local/lib/python3.7/site-packages/airflow/example_dags/example_nested_branch_dag.py
[2022-09-02 21:30:55,695] {logging_mixin.py:115} INFO - [2022-09-02 21:30:55,695] {dag.py:2420} INFO - Sync 1 DAGs
[2022-09-02 21:30:56,086] {logging_mixin.py:115} INFO - [2022-09-02 21:30:56,086] {dag.py:2972} INFO - Setting next_dagrun for example_nested_branch_dag to 2022-09-01T00:00:00+00:00, run_after=2022-09-02T00:00:00+00:00
[2022-09-02 21:30:56,139] {processor.py:161} INFO - Processing /home/airflow/.local/lib/python3.7/site-packages/airflow/example_dags/example_nested_branch_dag.py took 0.582 seconds
[2022-09-02 21:31:26,500] {processor.py:153} INFO - Started process (PID=126) to work on /home/airflow/.local/lib/python3.7/site-packages/airflow/example_dags/example_nested_branch_dag.py
[2022-09-02 21:31:26,502] {processor.py:641} INFO - Processing file /home/airflow/.local/lib/python3.7/site-packages/airflow/example_dags/example_nested_branch_dag.py for tasks to queue
[2022-09-02 21:31:26,504] {logging_mixin.py:115} INFO - [2022-09-02 21:31:26,504] {dagbag.py:508} INFO - Filling up the DagBag from /home/airflow/.local/lib/python3.7/site-packages/airflow/example_dags/example_nested_branch_dag.py
[2022-09-02 21:31:26,524] {processor.py:651} INFO - DAG(s) dict_keys(['example_nested_branch_dag']) retrieved from /home/airflow/.local/lib/python3.7/site-packages/airflow/example_dags/example_nested_branch_dag.py
[2022-09-02 21:31:26,578] {logging_mixin.py:115} INFO - [2022-09-02 21:31:26,578] {dag.py:2420} INFO - Sync 1 DAGs
[2022-09-02 21:31:26,865] {logging_mixin.py:115} INFO - [2022-09-02 21:31:26,865] {dag.py:2972} INFO - Setting next_dagrun for example_nested_branch_dag to 2022-09-01T00:00:00+00:00, run_after=2022-09-02T00:00:00+00:00
[2022-09-02 21:31:26,883] {processor.py:161} INFO - Processing /home/airflow/.local/lib/python3.7/site-packages/airflow/example_dags/example_nested_branch_dag.py took 0.389 seconds
[2022-09-02 21:31:57,722] {processor.py:153} INFO - Started process (PID=193) to work on /home/airflow/.local/lib/python3.7/site-packages/airflow/example_dags/example_nested_branch_dag.py
[2022-09-02 21:31:57,725] {processor.py:641} INFO - Processing file /home/airflow/.local/lib/python3.7/site-packages/airflow/example_dags/example_nested_branch_dag.py for tasks to queue
[2022-09-02 21:31:57,728] {logging_mixin.py:115} INFO - [2022-09-02 21:31:57,728] {dagbag.py:508} INFO - Filling up the DagBag from /home/airflow/.local/lib/python3.7/site-packages/airflow/example_dags/example_nested_branch_dag.py
[2022-09-02 21:31:57,754] {processor.py:651} INFO - DAG(s) dict_keys(['example_nested_branch_dag']) retrieved from /home/airflow/.local/lib/python3.7/site-packages/airflow/example_dags/example_nested_branch_dag.py
[2022-09-02 21:31:57,853] {logging_mixin.py:115} INFO - [2022-09-02 21:31:57,852] {dag.py:2420} INFO - Sync 1 DAGs
[2022-09-02 21:31:58,138] {logging_mixin.py:115} INFO - [2022-09-02 21:31:58,138] {dag.py:2972} INFO - Setting next_dagrun for example_nested_branch_dag to 2022-09-01T00:00:00+00:00, run_after=2022-09-02T00:00:00+00:00
[2022-09-02 21:31:58,165] {processor.py:161} INFO - Processing /home/airflow/.local/lib/python3.7/site-packages/airflow/example_dags/example_nested_branch_dag.py took 0.459 seconds
[2022-09-02 21:46:21,684] {processor.py:153} INFO - Started process (PID=61) to work on /home/airflow/.local/lib/python3.7/site-packages/airflow/example_dags/example_nested_branch_dag.py
[2022-09-02 21:46:21,687] {processor.py:641} INFO - Processing file /home/airflow/.local/lib/python3.7/site-packages/airflow/example_dags/example_nested_branch_dag.py for tasks to queue
[2022-09-02 21:46:21,688] {logging_mixin.py:115} INFO - [2022-09-02 21:46:21,688] {dagbag.py:508} INFO - Filling up the DagBag from /home/airflow/.local/lib/python3.7/site-packages/airflow/example_dags/example_nested_branch_dag.py
[2022-09-02 21:46:21,718] {processor.py:651} INFO - DAG(s) dict_keys(['example_nested_branch_dag']) retrieved from /home/airflow/.local/lib/python3.7/site-packages/airflow/example_dags/example_nested_branch_dag.py
[2022-09-02 21:46:21,757] {logging_mixin.py:115} INFO - [2022-09-02 21:46:21,757] {dag.py:2420} INFO - Sync 1 DAGs
[2022-09-02 21:46:21,802] {logging_mixin.py:115} INFO - [2022-09-02 21:46:21,802] {dag.py:2972} INFO - Setting next_dagrun for example_nested_branch_dag to 2022-09-01T00:00:00+00:00, run_after=2022-09-02T00:00:00+00:00
[2022-09-02 21:46:21,824] {processor.py:161} INFO - Processing /home/airflow/.local/lib/python3.7/site-packages/airflow/example_dags/example_nested_branch_dag.py took 0.145 seconds
[2022-09-02 21:46:52,121] {processor.py:153} INFO - Started process (PID=126) to work on /home/airflow/.local/lib/python3.7/site-packages/airflow/example_dags/example_nested_branch_dag.py
[2022-09-02 21:46:52,123] {processor.py:641} INFO - Processing file /home/airflow/.local/lib/python3.7/site-packages/airflow/example_dags/example_nested_branch_dag.py for tasks to queue
[2022-09-02 21:46:52,124] {logging_mixin.py:115} INFO - [2022-09-02 21:46:52,124] {dagbag.py:508} INFO - Filling up the DagBag from /home/airflow/.local/lib/python3.7/site-packages/airflow/example_dags/example_nested_branch_dag.py
[2022-09-02 21:46:52,139] {processor.py:651} INFO - DAG(s) dict_keys(['example_nested_branch_dag']) retrieved from /home/airflow/.local/lib/python3.7/site-packages/airflow/example_dags/example_nested_branch_dag.py
[2022-09-02 21:46:52,172] {logging_mixin.py:115} INFO - [2022-09-02 21:46:52,172] {dag.py:2420} INFO - Sync 1 DAGs
[2022-09-02 21:46:52,204] {logging_mixin.py:115} INFO - [2022-09-02 21:46:52,204] {dag.py:2972} INFO - Setting next_dagrun for example_nested_branch_dag to 2022-09-01T00:00:00+00:00, run_after=2022-09-02T00:00:00+00:00
[2022-09-02 21:46:52,222] {processor.py:161} INFO - Processing /home/airflow/.local/lib/python3.7/site-packages/airflow/example_dags/example_nested_branch_dag.py took 0.105 seconds
[2022-09-02 21:47:22,435] {processor.py:153} INFO - Started process (PID=182) to work on /home/airflow/.local/lib/python3.7/site-packages/airflow/example_dags/example_nested_branch_dag.py
[2022-09-02 21:47:22,437] {processor.py:641} INFO - Processing file /home/airflow/.local/lib/python3.7/site-packages/airflow/example_dags/example_nested_branch_dag.py for tasks to queue
[2022-09-02 21:47:22,438] {logging_mixin.py:115} INFO - [2022-09-02 21:47:22,438] {dagbag.py:508} INFO - Filling up the DagBag from /home/airflow/.local/lib/python3.7/site-packages/airflow/example_dags/example_nested_branch_dag.py
[2022-09-02 21:47:22,458] {processor.py:651} INFO - DAG(s) dict_keys(['example_nested_branch_dag']) retrieved from /home/airflow/.local/lib/python3.7/site-packages/airflow/example_dags/example_nested_branch_dag.py
[2022-09-02 21:47:22,492] {logging_mixin.py:115} INFO - [2022-09-02 21:47:22,492] {dag.py:2420} INFO - Sync 1 DAGs
[2022-09-02 21:47:22,534] {logging_mixin.py:115} INFO - [2022-09-02 21:47:22,534] {dag.py:2972} INFO - Setting next_dagrun for example_nested_branch_dag to 2022-09-01T00:00:00+00:00, run_after=2022-09-02T00:00:00+00:00
[2022-09-02 21:47:22,556] {processor.py:161} INFO - Processing /home/airflow/.local/lib/python3.7/site-packages/airflow/example_dags/example_nested_branch_dag.py took 0.125 seconds
[2022-09-02 21:47:52,734] {processor.py:153} INFO - Started process (PID=246) to work on /home/airflow/.local/lib/python3.7/site-packages/airflow/example_dags/example_nested_branch_dag.py
[2022-09-02 21:47:52,735] {processor.py:641} INFO - Processing file /home/airflow/.local/lib/python3.7/site-packages/airflow/example_dags/example_nested_branch_dag.py for tasks to queue
[2022-09-02 21:47:52,737] {logging_mixin.py:115} INFO - [2022-09-02 21:47:52,736] {dagbag.py:508} INFO - Filling up the DagBag from /home/airflow/.local/lib/python3.7/site-packages/airflow/example_dags/example_nested_branch_dag.py
[2022-09-02 21:47:52,750] {processor.py:651} INFO - DAG(s) dict_keys(['example_nested_branch_dag']) retrieved from /home/airflow/.local/lib/python3.7/site-packages/airflow/example_dags/example_nested_branch_dag.py
[2022-09-02 21:47:52,783] {logging_mixin.py:115} INFO - [2022-09-02 21:47:52,783] {dag.py:2420} INFO - Sync 1 DAGs
[2022-09-02 21:47:52,816] {logging_mixin.py:115} INFO - [2022-09-02 21:47:52,815] {dag.py:2972} INFO - Setting next_dagrun for example_nested_branch_dag to 2022-09-01T00:00:00+00:00, run_after=2022-09-02T00:00:00+00:00
[2022-09-02 21:47:52,834] {processor.py:161} INFO - Processing /home/airflow/.local/lib/python3.7/site-packages/airflow/example_dags/example_nested_branch_dag.py took 0.104 seconds
[2022-09-02 21:48:22,974] {processor.py:153} INFO - Started process (PID=302) to work on /home/airflow/.local/lib/python3.7/site-packages/airflow/example_dags/example_nested_branch_dag.py
[2022-09-02 21:48:22,977] {processor.py:641} INFO - Processing file /home/airflow/.local/lib/python3.7/site-packages/airflow/example_dags/example_nested_branch_dag.py for tasks to queue
[2022-09-02 21:48:22,979] {logging_mixin.py:115} INFO - [2022-09-02 21:48:22,978] {dagbag.py:508} INFO - Filling up the DagBag from /home/airflow/.local/lib/python3.7/site-packages/airflow/example_dags/example_nested_branch_dag.py
[2022-09-02 21:48:22,994] {processor.py:651} INFO - DAG(s) dict_keys(['example_nested_branch_dag']) retrieved from /home/airflow/.local/lib/python3.7/site-packages/airflow/example_dags/example_nested_branch_dag.py
[2022-09-02 21:48:23,040] {logging_mixin.py:115} INFO - [2022-09-02 21:48:23,040] {dag.py:2420} INFO - Sync 1 DAGs
[2022-09-02 21:48:23,088] {logging_mixin.py:115} INFO - [2022-09-02 21:48:23,087] {dag.py:2972} INFO - Setting next_dagrun for example_nested_branch_dag to 2022-09-01T00:00:00+00:00, run_after=2022-09-02T00:00:00+00:00
[2022-09-02 21:48:23,103] {processor.py:161} INFO - Processing /home/airflow/.local/lib/python3.7/site-packages/airflow/example_dags/example_nested_branch_dag.py took 0.142 seconds
[2022-09-02 21:48:53,364] {processor.py:153} INFO - Started process (PID=367) to work on /home/airflow/.local/lib/python3.7/site-packages/airflow/example_dags/example_nested_branch_dag.py
[2022-09-02 21:48:53,366] {processor.py:641} INFO - Processing file /home/airflow/.local/lib/python3.7/site-packages/airflow/example_dags/example_nested_branch_dag.py for tasks to queue
[2022-09-02 21:48:53,367] {logging_mixin.py:115} INFO - [2022-09-02 21:48:53,367] {dagbag.py:508} INFO - Filling up the DagBag from /home/airflow/.local/lib/python3.7/site-packages/airflow/example_dags/example_nested_branch_dag.py
[2022-09-02 21:48:53,389] {processor.py:651} INFO - DAG(s) dict_keys(['example_nested_branch_dag']) retrieved from /home/airflow/.local/lib/python3.7/site-packages/airflow/example_dags/example_nested_branch_dag.py
[2022-09-02 21:48:53,436] {logging_mixin.py:115} INFO - [2022-09-02 21:48:53,436] {dag.py:2420} INFO - Sync 1 DAGs
[2022-09-02 21:48:53,471] {logging_mixin.py:115} INFO - [2022-09-02 21:48:53,471] {dag.py:2972} INFO - Setting next_dagrun for example_nested_branch_dag to 2022-09-01T00:00:00+00:00, run_after=2022-09-02T00:00:00+00:00
[2022-09-02 21:48:53,489] {processor.py:161} INFO - Processing /home/airflow/.local/lib/python3.7/site-packages/airflow/example_dags/example_nested_branch_dag.py took 0.131 seconds
[2022-09-02 21:49:23,695] {processor.py:153} INFO - Started process (PID=433) to work on /home/airflow/.local/lib/python3.7/site-packages/airflow/example_dags/example_nested_branch_dag.py
[2022-09-02 21:49:23,696] {processor.py:641} INFO - Processing file /home/airflow/.local/lib/python3.7/site-packages/airflow/example_dags/example_nested_branch_dag.py for tasks to queue
[2022-09-02 21:49:23,698] {logging_mixin.py:115} INFO - [2022-09-02 21:49:23,698] {dagbag.py:508} INFO - Filling up the DagBag from /home/airflow/.local/lib/python3.7/site-packages/airflow/example_dags/example_nested_branch_dag.py
[2022-09-02 21:49:23,712] {processor.py:651} INFO - DAG(s) dict_keys(['example_nested_branch_dag']) retrieved from /home/airflow/.local/lib/python3.7/site-packages/airflow/example_dags/example_nested_branch_dag.py
[2022-09-02 21:49:23,744] {logging_mixin.py:115} INFO - [2022-09-02 21:49:23,744] {dag.py:2420} INFO - Sync 1 DAGs
[2022-09-02 21:49:23,772] {logging_mixin.py:115} INFO - [2022-09-02 21:49:23,772] {dag.py:2972} INFO - Setting next_dagrun for example_nested_branch_dag to 2022-09-01T00:00:00+00:00, run_after=2022-09-02T00:00:00+00:00
[2022-09-02 21:49:23,786] {processor.py:161} INFO - Processing /home/airflow/.local/lib/python3.7/site-packages/airflow/example_dags/example_nested_branch_dag.py took 0.097 seconds
[2022-09-02 21:49:54,736] {processor.py:153} INFO - Started process (PID=490) to work on /home/airflow/.local/lib/python3.7/site-packages/airflow/example_dags/example_nested_branch_dag.py
[2022-09-02 21:49:54,737] {processor.py:641} INFO - Processing file /home/airflow/.local/lib/python3.7/site-packages/airflow/example_dags/example_nested_branch_dag.py for tasks to queue
[2022-09-02 21:49:54,738] {logging_mixin.py:115} INFO - [2022-09-02 21:49:54,738] {dagbag.py:508} INFO - Filling up the DagBag from /home/airflow/.local/lib/python3.7/site-packages/airflow/example_dags/example_nested_branch_dag.py
[2022-09-02 21:49:54,752] {processor.py:651} INFO - DAG(s) dict_keys(['example_nested_branch_dag']) retrieved from /home/airflow/.local/lib/python3.7/site-packages/airflow/example_dags/example_nested_branch_dag.py
[2022-09-02 21:49:54,787] {logging_mixin.py:115} INFO - [2022-09-02 21:49:54,787] {dag.py:2420} INFO - Sync 1 DAGs
[2022-09-02 21:49:54,816] {logging_mixin.py:115} INFO - [2022-09-02 21:49:54,816] {dag.py:2972} INFO - Setting next_dagrun for example_nested_branch_dag to 2022-09-01T00:00:00+00:00, run_after=2022-09-02T00:00:00+00:00
[2022-09-02 21:49:54,830] {processor.py:161} INFO - Processing /home/airflow/.local/lib/python3.7/site-packages/airflow/example_dags/example_nested_branch_dag.py took 0.098 seconds
[2022-09-02 21:50:25,808] {processor.py:153} INFO - Started process (PID=555) to work on /home/airflow/.local/lib/python3.7/site-packages/airflow/example_dags/example_nested_branch_dag.py
[2022-09-02 21:50:25,809] {processor.py:641} INFO - Processing file /home/airflow/.local/lib/python3.7/site-packages/airflow/example_dags/example_nested_branch_dag.py for tasks to queue
[2022-09-02 21:50:25,810] {logging_mixin.py:115} INFO - [2022-09-02 21:50:25,810] {dagbag.py:508} INFO - Filling up the DagBag from /home/airflow/.local/lib/python3.7/site-packages/airflow/example_dags/example_nested_branch_dag.py
[2022-09-02 21:50:25,824] {processor.py:651} INFO - DAG(s) dict_keys(['example_nested_branch_dag']) retrieved from /home/airflow/.local/lib/python3.7/site-packages/airflow/example_dags/example_nested_branch_dag.py
[2022-09-02 21:50:25,856] {logging_mixin.py:115} INFO - [2022-09-02 21:50:25,856] {dag.py:2420} INFO - Sync 1 DAGs
[2022-09-02 21:50:25,883] {logging_mixin.py:115} INFO - [2022-09-02 21:50:25,883] {dag.py:2972} INFO - Setting next_dagrun for example_nested_branch_dag to 2022-09-01T00:00:00+00:00, run_after=2022-09-02T00:00:00+00:00
[2022-09-02 21:50:25,902] {processor.py:161} INFO - Processing /home/airflow/.local/lib/python3.7/site-packages/airflow/example_dags/example_nested_branch_dag.py took 0.099 seconds
[2022-09-02 21:50:56,165] {processor.py:153} INFO - Started process (PID=619) to work on /home/airflow/.local/lib/python3.7/site-packages/airflow/example_dags/example_nested_branch_dag.py
[2022-09-02 21:50:56,166] {processor.py:641} INFO - Processing file /home/airflow/.local/lib/python3.7/site-packages/airflow/example_dags/example_nested_branch_dag.py for tasks to queue
[2022-09-02 21:50:56,168] {logging_mixin.py:115} INFO - [2022-09-02 21:50:56,168] {dagbag.py:508} INFO - Filling up the DagBag from /home/airflow/.local/lib/python3.7/site-packages/airflow/example_dags/example_nested_branch_dag.py
[2022-09-02 21:50:56,188] {processor.py:651} INFO - DAG(s) dict_keys(['example_nested_branch_dag']) retrieved from /home/airflow/.local/lib/python3.7/site-packages/airflow/example_dags/example_nested_branch_dag.py
[2022-09-02 21:50:56,224] {logging_mixin.py:115} INFO - [2022-09-02 21:50:56,224] {dag.py:2420} INFO - Sync 1 DAGs
[2022-09-02 21:50:56,259] {logging_mixin.py:115} INFO - [2022-09-02 21:50:56,259] {dag.py:2972} INFO - Setting next_dagrun for example_nested_branch_dag to 2022-09-01T00:00:00+00:00, run_after=2022-09-02T00:00:00+00:00
[2022-09-02 21:50:56,278] {processor.py:161} INFO - Processing /home/airflow/.local/lib/python3.7/site-packages/airflow/example_dags/example_nested_branch_dag.py took 0.117 seconds
[2022-09-02 21:51:27,112] {processor.py:153} INFO - Started process (PID=677) to work on /home/airflow/.local/lib/python3.7/site-packages/airflow/example_dags/example_nested_branch_dag.py
[2022-09-02 21:51:27,114] {processor.py:641} INFO - Processing file /home/airflow/.local/lib/python3.7/site-packages/airflow/example_dags/example_nested_branch_dag.py for tasks to queue
[2022-09-02 21:51:27,115] {logging_mixin.py:115} INFO - [2022-09-02 21:51:27,115] {dagbag.py:508} INFO - Filling up the DagBag from /home/airflow/.local/lib/python3.7/site-packages/airflow/example_dags/example_nested_branch_dag.py
[2022-09-02 21:51:27,129] {processor.py:651} INFO - DAG(s) dict_keys(['example_nested_branch_dag']) retrieved from /home/airflow/.local/lib/python3.7/site-packages/airflow/example_dags/example_nested_branch_dag.py
[2022-09-02 21:51:27,164] {logging_mixin.py:115} INFO - [2022-09-02 21:51:27,164] {dag.py:2420} INFO - Sync 1 DAGs
[2022-09-02 21:51:27,193] {logging_mixin.py:115} INFO - [2022-09-02 21:51:27,193] {dag.py:2972} INFO - Setting next_dagrun for example_nested_branch_dag to 2022-09-01T00:00:00+00:00, run_after=2022-09-02T00:00:00+00:00
[2022-09-02 21:51:27,209] {processor.py:161} INFO - Processing /home/airflow/.local/lib/python3.7/site-packages/airflow/example_dags/example_nested_branch_dag.py took 0.101 seconds
[2022-09-02 21:51:57,903] {processor.py:153} INFO - Started process (PID=743) to work on /home/airflow/.local/lib/python3.7/site-packages/airflow/example_dags/example_nested_branch_dag.py
[2022-09-02 21:51:57,904] {processor.py:641} INFO - Processing file /home/airflow/.local/lib/python3.7/site-packages/airflow/example_dags/example_nested_branch_dag.py for tasks to queue
[2022-09-02 21:51:57,905] {logging_mixin.py:115} INFO - [2022-09-02 21:51:57,905] {dagbag.py:508} INFO - Filling up the DagBag from /home/airflow/.local/lib/python3.7/site-packages/airflow/example_dags/example_nested_branch_dag.py
[2022-09-02 21:51:57,919] {processor.py:651} INFO - DAG(s) dict_keys(['example_nested_branch_dag']) retrieved from /home/airflow/.local/lib/python3.7/site-packages/airflow/example_dags/example_nested_branch_dag.py
[2022-09-02 21:51:57,955] {logging_mixin.py:115} INFO - [2022-09-02 21:51:57,955] {dag.py:2420} INFO - Sync 1 DAGs
[2022-09-02 21:51:57,983] {logging_mixin.py:115} INFO - [2022-09-02 21:51:57,983] {dag.py:2972} INFO - Setting next_dagrun for example_nested_branch_dag to 2022-09-01T00:00:00+00:00, run_after=2022-09-02T00:00:00+00:00
[2022-09-02 21:51:58,003] {processor.py:161} INFO - Processing /home/airflow/.local/lib/python3.7/site-packages/airflow/example_dags/example_nested_branch_dag.py took 0.107 seconds
[2022-09-02 21:52:28,850] {processor.py:153} INFO - Started process (PID=809) to work on /home/airflow/.local/lib/python3.7/site-packages/airflow/example_dags/example_nested_branch_dag.py
[2022-09-02 21:52:28,851] {processor.py:641} INFO - Processing file /home/airflow/.local/lib/python3.7/site-packages/airflow/example_dags/example_nested_branch_dag.py for tasks to queue
[2022-09-02 21:52:28,852] {logging_mixin.py:115} INFO - [2022-09-02 21:52:28,852] {dagbag.py:508} INFO - Filling up the DagBag from /home/airflow/.local/lib/python3.7/site-packages/airflow/example_dags/example_nested_branch_dag.py
[2022-09-02 21:52:28,868] {processor.py:651} INFO - DAG(s) dict_keys(['example_nested_branch_dag']) retrieved from /home/airflow/.local/lib/python3.7/site-packages/airflow/example_dags/example_nested_branch_dag.py
[2022-09-02 21:52:28,904] {logging_mixin.py:115} INFO - [2022-09-02 21:52:28,904] {dag.py:2420} INFO - Sync 1 DAGs
[2022-09-02 21:52:28,937] {logging_mixin.py:115} INFO - [2022-09-02 21:52:28,937] {dag.py:2972} INFO - Setting next_dagrun for example_nested_branch_dag to 2022-09-01T00:00:00+00:00, run_after=2022-09-02T00:00:00+00:00
[2022-09-02 21:52:28,954] {processor.py:161} INFO - Processing /home/airflow/.local/lib/python3.7/site-packages/airflow/example_dags/example_nested_branch_dag.py took 0.109 seconds
[2022-09-02 21:52:59,170] {processor.py:153} INFO - Started process (PID=865) to work on /home/airflow/.local/lib/python3.7/site-packages/airflow/example_dags/example_nested_branch_dag.py
[2022-09-02 21:52:59,171] {processor.py:641} INFO - Processing file /home/airflow/.local/lib/python3.7/site-packages/airflow/example_dags/example_nested_branch_dag.py for tasks to queue
[2022-09-02 21:52:59,173] {logging_mixin.py:115} INFO - [2022-09-02 21:52:59,173] {dagbag.py:508} INFO - Filling up the DagBag from /home/airflow/.local/lib/python3.7/site-packages/airflow/example_dags/example_nested_branch_dag.py
[2022-09-02 21:52:59,189] {processor.py:651} INFO - DAG(s) dict_keys(['example_nested_branch_dag']) retrieved from /home/airflow/.local/lib/python3.7/site-packages/airflow/example_dags/example_nested_branch_dag.py
[2022-09-02 21:52:59,226] {logging_mixin.py:115} INFO - [2022-09-02 21:52:59,226] {dag.py:2420} INFO - Sync 1 DAGs
[2022-09-02 21:52:59,260] {logging_mixin.py:115} INFO - [2022-09-02 21:52:59,259] {dag.py:2972} INFO - Setting next_dagrun for example_nested_branch_dag to 2022-09-01T00:00:00+00:00, run_after=2022-09-02T00:00:00+00:00
[2022-09-02 21:52:59,274] {processor.py:161} INFO - Processing /home/airflow/.local/lib/python3.7/site-packages/airflow/example_dags/example_nested_branch_dag.py took 0.109 seconds
[2022-09-02 21:53:30,083] {processor.py:153} INFO - Started process (PID=933) to work on /home/airflow/.local/lib/python3.7/site-packages/airflow/example_dags/example_nested_branch_dag.py
[2022-09-02 21:53:30,085] {processor.py:641} INFO - Processing file /home/airflow/.local/lib/python3.7/site-packages/airflow/example_dags/example_nested_branch_dag.py for tasks to queue
[2022-09-02 21:53:30,086] {logging_mixin.py:115} INFO - [2022-09-02 21:53:30,086] {dagbag.py:508} INFO - Filling up the DagBag from /home/airflow/.local/lib/python3.7/site-packages/airflow/example_dags/example_nested_branch_dag.py
[2022-09-02 21:53:30,100] {processor.py:651} INFO - DAG(s) dict_keys(['example_nested_branch_dag']) retrieved from /home/airflow/.local/lib/python3.7/site-packages/airflow/example_dags/example_nested_branch_dag.py
[2022-09-02 21:53:30,143] {logging_mixin.py:115} INFO - [2022-09-02 21:53:30,143] {dag.py:2420} INFO - Sync 1 DAGs
[2022-09-02 21:53:30,174] {logging_mixin.py:115} INFO - [2022-09-02 21:53:30,173] {dag.py:2972} INFO - Setting next_dagrun for example_nested_branch_dag to 2022-09-01T00:00:00+00:00, run_after=2022-09-02T00:00:00+00:00
[2022-09-02 21:53:30,192] {processor.py:161} INFO - Processing /home/airflow/.local/lib/python3.7/site-packages/airflow/example_dags/example_nested_branch_dag.py took 0.113 seconds
[2022-09-02 21:54:01,161] {processor.py:153} INFO - Started process (PID=992) to work on /home/airflow/.local/lib/python3.7/site-packages/airflow/example_dags/example_nested_branch_dag.py
[2022-09-02 21:54:01,163] {processor.py:641} INFO - Processing file /home/airflow/.local/lib/python3.7/site-packages/airflow/example_dags/example_nested_branch_dag.py for tasks to queue
[2022-09-02 21:54:01,166] {logging_mixin.py:115} INFO - [2022-09-02 21:54:01,166] {dagbag.py:508} INFO - Filling up the DagBag from /home/airflow/.local/lib/python3.7/site-packages/airflow/example_dags/example_nested_branch_dag.py
[2022-09-02 21:54:01,202] {processor.py:651} INFO - DAG(s) dict_keys(['example_nested_branch_dag']) retrieved from /home/airflow/.local/lib/python3.7/site-packages/airflow/example_dags/example_nested_branch_dag.py
[2022-09-02 21:54:01,263] {logging_mixin.py:115} INFO - [2022-09-02 21:54:01,263] {dag.py:2420} INFO - Sync 1 DAGs
[2022-09-02 21:54:01,310] {logging_mixin.py:115} INFO - [2022-09-02 21:54:01,309] {dag.py:2972} INFO - Setting next_dagrun for example_nested_branch_dag to 2022-09-01T00:00:00+00:00, run_after=2022-09-02T00:00:00+00:00
[2022-09-02 21:54:01,326] {processor.py:161} INFO - Processing /home/airflow/.local/lib/python3.7/site-packages/airflow/example_dags/example_nested_branch_dag.py took 0.176 seconds
[2022-09-02 21:54:31,447] {processor.py:153} INFO - Started process (PID=1058) to work on /home/airflow/.local/lib/python3.7/site-packages/airflow/example_dags/example_nested_branch_dag.py
[2022-09-02 21:54:31,449] {processor.py:641} INFO - Processing file /home/airflow/.local/lib/python3.7/site-packages/airflow/example_dags/example_nested_branch_dag.py for tasks to queue
[2022-09-02 21:54:31,451] {logging_mixin.py:115} INFO - [2022-09-02 21:54:31,451] {dagbag.py:508} INFO - Filling up the DagBag from /home/airflow/.local/lib/python3.7/site-packages/airflow/example_dags/example_nested_branch_dag.py
[2022-09-02 21:54:31,465] {processor.py:651} INFO - DAG(s) dict_keys(['example_nested_branch_dag']) retrieved from /home/airflow/.local/lib/python3.7/site-packages/airflow/example_dags/example_nested_branch_dag.py
[2022-09-02 21:54:31,506] {logging_mixin.py:115} INFO - [2022-09-02 21:54:31,506] {dag.py:2420} INFO - Sync 1 DAGs
[2022-09-02 21:54:31,535] {logging_mixin.py:115} INFO - [2022-09-02 21:54:31,535] {dag.py:2972} INFO - Setting next_dagrun for example_nested_branch_dag to 2022-09-01T00:00:00+00:00, run_after=2022-09-02T00:00:00+00:00
[2022-09-02 21:54:31,553] {processor.py:161} INFO - Processing /home/airflow/.local/lib/python3.7/site-packages/airflow/example_dags/example_nested_branch_dag.py took 0.114 seconds
[2022-09-02 21:55:02,272] {processor.py:153} INFO - Started process (PID=1123) to work on /home/airflow/.local/lib/python3.7/site-packages/airflow/example_dags/example_nested_branch_dag.py
[2022-09-02 21:55:02,273] {processor.py:641} INFO - Processing file /home/airflow/.local/lib/python3.7/site-packages/airflow/example_dags/example_nested_branch_dag.py for tasks to queue
[2022-09-02 21:55:02,274] {logging_mixin.py:115} INFO - [2022-09-02 21:55:02,274] {dagbag.py:508} INFO - Filling up the DagBag from /home/airflow/.local/lib/python3.7/site-packages/airflow/example_dags/example_nested_branch_dag.py
[2022-09-02 21:55:02,288] {processor.py:651} INFO - DAG(s) dict_keys(['example_nested_branch_dag']) retrieved from /home/airflow/.local/lib/python3.7/site-packages/airflow/example_dags/example_nested_branch_dag.py
[2022-09-02 21:55:02,321] {logging_mixin.py:115} INFO - [2022-09-02 21:55:02,321] {dag.py:2420} INFO - Sync 1 DAGs
[2022-09-02 21:55:02,352] {logging_mixin.py:115} INFO - [2022-09-02 21:55:02,352] {dag.py:2972} INFO - Setting next_dagrun for example_nested_branch_dag to 2022-09-01T00:00:00+00:00, run_after=2022-09-02T00:00:00+00:00
[2022-09-02 21:55:02,368] {processor.py:161} INFO - Processing /home/airflow/.local/lib/python3.7/site-packages/airflow/example_dags/example_nested_branch_dag.py took 0.107 seconds
[2022-09-02 21:55:32,974] {processor.py:153} INFO - Started process (PID=1179) to work on /home/airflow/.local/lib/python3.7/site-packages/airflow/example_dags/example_nested_branch_dag.py
[2022-09-02 21:55:32,975] {processor.py:641} INFO - Processing file /home/airflow/.local/lib/python3.7/site-packages/airflow/example_dags/example_nested_branch_dag.py for tasks to queue
[2022-09-02 21:55:32,977] {logging_mixin.py:115} INFO - [2022-09-02 21:55:32,977] {dagbag.py:508} INFO - Filling up the DagBag from /home/airflow/.local/lib/python3.7/site-packages/airflow/example_dags/example_nested_branch_dag.py
[2022-09-02 21:55:32,994] {processor.py:651} INFO - DAG(s) dict_keys(['example_nested_branch_dag']) retrieved from /home/airflow/.local/lib/python3.7/site-packages/airflow/example_dags/example_nested_branch_dag.py
[2022-09-02 21:55:33,028] {logging_mixin.py:115} INFO - [2022-09-02 21:55:33,028] {dag.py:2420} INFO - Sync 1 DAGs
[2022-09-02 21:55:33,057] {logging_mixin.py:115} INFO - [2022-09-02 21:55:33,057] {dag.py:2972} INFO - Setting next_dagrun for example_nested_branch_dag to 2022-09-01T00:00:00+00:00, run_after=2022-09-02T00:00:00+00:00
[2022-09-02 21:55:33,071] {processor.py:161} INFO - Processing /home/airflow/.local/lib/python3.7/site-packages/airflow/example_dags/example_nested_branch_dag.py took 0.102 seconds
[2022-09-02 21:56:04,023] {processor.py:153} INFO - Started process (PID=1244) to work on /home/airflow/.local/lib/python3.7/site-packages/airflow/example_dags/example_nested_branch_dag.py
[2022-09-02 21:56:04,025] {processor.py:641} INFO - Processing file /home/airflow/.local/lib/python3.7/site-packages/airflow/example_dags/example_nested_branch_dag.py for tasks to queue
[2022-09-02 21:56:04,026] {logging_mixin.py:115} INFO - [2022-09-02 21:56:04,026] {dagbag.py:508} INFO - Filling up the DagBag from /home/airflow/.local/lib/python3.7/site-packages/airflow/example_dags/example_nested_branch_dag.py
[2022-09-02 21:56:04,040] {processor.py:651} INFO - DAG(s) dict_keys(['example_nested_branch_dag']) retrieved from /home/airflow/.local/lib/python3.7/site-packages/airflow/example_dags/example_nested_branch_dag.py
[2022-09-02 21:56:04,079] {logging_mixin.py:115} INFO - [2022-09-02 21:56:04,079] {dag.py:2420} INFO - Sync 1 DAGs
[2022-09-02 21:56:04,111] {logging_mixin.py:115} INFO - [2022-09-02 21:56:04,110] {dag.py:2972} INFO - Setting next_dagrun for example_nested_branch_dag to 2022-09-01T00:00:00+00:00, run_after=2022-09-02T00:00:00+00:00
[2022-09-02 21:56:04,126] {processor.py:161} INFO - Processing /home/airflow/.local/lib/python3.7/site-packages/airflow/example_dags/example_nested_branch_dag.py took 0.107 seconds
[2022-09-02 21:56:34,373] {processor.py:153} INFO - Started process (PID=1300) to work on /home/airflow/.local/lib/python3.7/site-packages/airflow/example_dags/example_nested_branch_dag.py
[2022-09-02 21:56:34,374] {processor.py:641} INFO - Processing file /home/airflow/.local/lib/python3.7/site-packages/airflow/example_dags/example_nested_branch_dag.py for tasks to queue
[2022-09-02 21:56:34,375] {logging_mixin.py:115} INFO - [2022-09-02 21:56:34,375] {dagbag.py:508} INFO - Filling up the DagBag from /home/airflow/.local/lib/python3.7/site-packages/airflow/example_dags/example_nested_branch_dag.py
[2022-09-02 21:56:34,389] {processor.py:651} INFO - DAG(s) dict_keys(['example_nested_branch_dag']) retrieved from /home/airflow/.local/lib/python3.7/site-packages/airflow/example_dags/example_nested_branch_dag.py
[2022-09-02 21:56:34,428] {logging_mixin.py:115} INFO - [2022-09-02 21:56:34,427] {dag.py:2420} INFO - Sync 1 DAGs
[2022-09-02 21:56:34,463] {logging_mixin.py:115} INFO - [2022-09-02 21:56:34,463] {dag.py:2972} INFO - Setting next_dagrun for example_nested_branch_dag to 2022-09-01T00:00:00+00:00, run_after=2022-09-02T00:00:00+00:00
[2022-09-02 21:56:34,476] {processor.py:161} INFO - Processing /home/airflow/.local/lib/python3.7/site-packages/airflow/example_dags/example_nested_branch_dag.py took 0.108 seconds
[2022-09-02 21:57:04,801] {processor.py:153} INFO - Started process (PID=1365) to work on /home/airflow/.local/lib/python3.7/site-packages/airflow/example_dags/example_nested_branch_dag.py
[2022-09-02 21:57:04,803] {processor.py:641} INFO - Processing file /home/airflow/.local/lib/python3.7/site-packages/airflow/example_dags/example_nested_branch_dag.py for tasks to queue
[2022-09-02 21:57:04,804] {logging_mixin.py:115} INFO - [2022-09-02 21:57:04,804] {dagbag.py:508} INFO - Filling up the DagBag from /home/airflow/.local/lib/python3.7/site-packages/airflow/example_dags/example_nested_branch_dag.py
[2022-09-02 21:57:04,823] {processor.py:651} INFO - DAG(s) dict_keys(['example_nested_branch_dag']) retrieved from /home/airflow/.local/lib/python3.7/site-packages/airflow/example_dags/example_nested_branch_dag.py
[2022-09-02 21:57:04,866] {logging_mixin.py:115} INFO - [2022-09-02 21:57:04,866] {dag.py:2420} INFO - Sync 1 DAGs
[2022-09-02 21:57:04,929] {logging_mixin.py:115} INFO - [2022-09-02 21:57:04,929] {dag.py:2972} INFO - Setting next_dagrun for example_nested_branch_dag to 2022-09-01T00:00:00+00:00, run_after=2022-09-02T00:00:00+00:00
[2022-09-02 21:57:04,956] {processor.py:161} INFO - Processing /home/airflow/.local/lib/python3.7/site-packages/airflow/example_dags/example_nested_branch_dag.py took 0.159 seconds
[2022-09-02 21:57:35,020] {processor.py:153} INFO - Started process (PID=1421) to work on /home/airflow/.local/lib/python3.7/site-packages/airflow/example_dags/example_nested_branch_dag.py
[2022-09-02 21:57:35,021] {processor.py:641} INFO - Processing file /home/airflow/.local/lib/python3.7/site-packages/airflow/example_dags/example_nested_branch_dag.py for tasks to queue
[2022-09-02 21:57:35,023] {logging_mixin.py:115} INFO - [2022-09-02 21:57:35,023] {dagbag.py:508} INFO - Filling up the DagBag from /home/airflow/.local/lib/python3.7/site-packages/airflow/example_dags/example_nested_branch_dag.py
[2022-09-02 21:57:35,037] {processor.py:651} INFO - DAG(s) dict_keys(['example_nested_branch_dag']) retrieved from /home/airflow/.local/lib/python3.7/site-packages/airflow/example_dags/example_nested_branch_dag.py
[2022-09-02 21:57:35,084] {logging_mixin.py:115} INFO - [2022-09-02 21:57:35,084] {dag.py:2420} INFO - Sync 1 DAGs
[2022-09-02 21:57:35,118] {logging_mixin.py:115} INFO - [2022-09-02 21:57:35,118] {dag.py:2972} INFO - Setting next_dagrun for example_nested_branch_dag to 2022-09-01T00:00:00+00:00, run_after=2022-09-02T00:00:00+00:00
[2022-09-02 21:57:35,133] {processor.py:161} INFO - Processing /home/airflow/.local/lib/python3.7/site-packages/airflow/example_dags/example_nested_branch_dag.py took 0.118 seconds
[2022-09-02 21:58:05,364] {processor.py:153} INFO - Started process (PID=1487) to work on /home/airflow/.local/lib/python3.7/site-packages/airflow/example_dags/example_nested_branch_dag.py
[2022-09-02 21:58:05,366] {processor.py:641} INFO - Processing file /home/airflow/.local/lib/python3.7/site-packages/airflow/example_dags/example_nested_branch_dag.py for tasks to queue
[2022-09-02 21:58:05,367] {logging_mixin.py:115} INFO - [2022-09-02 21:58:05,367] {dagbag.py:508} INFO - Filling up the DagBag from /home/airflow/.local/lib/python3.7/site-packages/airflow/example_dags/example_nested_branch_dag.py
[2022-09-02 21:58:05,382] {processor.py:651} INFO - DAG(s) dict_keys(['example_nested_branch_dag']) retrieved from /home/airflow/.local/lib/python3.7/site-packages/airflow/example_dags/example_nested_branch_dag.py
[2022-09-02 21:58:05,416] {logging_mixin.py:115} INFO - [2022-09-02 21:58:05,416] {dag.py:2420} INFO - Sync 1 DAGs
[2022-09-02 21:58:05,446] {logging_mixin.py:115} INFO - [2022-09-02 21:58:05,446] {dag.py:2972} INFO - Setting next_dagrun for example_nested_branch_dag to 2022-09-01T00:00:00+00:00, run_after=2022-09-02T00:00:00+00:00
[2022-09-02 21:58:05,463] {processor.py:161} INFO - Processing /home/airflow/.local/lib/python3.7/site-packages/airflow/example_dags/example_nested_branch_dag.py took 0.103 seconds
[2022-09-02 21:58:35,979] {processor.py:153} INFO - Started process (PID=1552) to work on /home/airflow/.local/lib/python3.7/site-packages/airflow/example_dags/example_nested_branch_dag.py
[2022-09-02 21:58:35,981] {processor.py:641} INFO - Processing file /home/airflow/.local/lib/python3.7/site-packages/airflow/example_dags/example_nested_branch_dag.py for tasks to queue
[2022-09-02 21:58:35,983] {logging_mixin.py:115} INFO - [2022-09-02 21:58:35,983] {dagbag.py:508} INFO - Filling up the DagBag from /home/airflow/.local/lib/python3.7/site-packages/airflow/example_dags/example_nested_branch_dag.py
[2022-09-02 21:58:36,001] {processor.py:651} INFO - DAG(s) dict_keys(['example_nested_branch_dag']) retrieved from /home/airflow/.local/lib/python3.7/site-packages/airflow/example_dags/example_nested_branch_dag.py
[2022-09-02 21:58:36,060] {logging_mixin.py:115} INFO - [2022-09-02 21:58:36,060] {dag.py:2420} INFO - Sync 1 DAGs
[2022-09-02 21:58:36,125] {logging_mixin.py:115} INFO - [2022-09-02 21:58:36,125] {dag.py:2972} INFO - Setting next_dagrun for example_nested_branch_dag to 2022-09-01T00:00:00+00:00, run_after=2022-09-02T00:00:00+00:00
[2022-09-02 21:58:36,143] {processor.py:161} INFO - Processing /home/airflow/.local/lib/python3.7/site-packages/airflow/example_dags/example_nested_branch_dag.py took 0.171 seconds
[2022-09-02 21:59:06,248] {processor.py:153} INFO - Started process (PID=1608) to work on /home/airflow/.local/lib/python3.7/site-packages/airflow/example_dags/example_nested_branch_dag.py
[2022-09-02 21:59:06,250] {processor.py:641} INFO - Processing file /home/airflow/.local/lib/python3.7/site-packages/airflow/example_dags/example_nested_branch_dag.py for tasks to queue
[2022-09-02 21:59:06,251] {logging_mixin.py:115} INFO - [2022-09-02 21:59:06,251] {dagbag.py:508} INFO - Filling up the DagBag from /home/airflow/.local/lib/python3.7/site-packages/airflow/example_dags/example_nested_branch_dag.py
[2022-09-02 21:59:06,274] {processor.py:651} INFO - DAG(s) dict_keys(['example_nested_branch_dag']) retrieved from /home/airflow/.local/lib/python3.7/site-packages/airflow/example_dags/example_nested_branch_dag.py
[2022-09-02 21:59:06,319] {logging_mixin.py:115} INFO - [2022-09-02 21:59:06,319] {dag.py:2420} INFO - Sync 1 DAGs
[2022-09-02 21:59:06,352] {logging_mixin.py:115} INFO - [2022-09-02 21:59:06,352] {dag.py:2972} INFO - Setting next_dagrun for example_nested_branch_dag to 2022-09-01T00:00:00+00:00, run_after=2022-09-02T00:00:00+00:00
[2022-09-02 21:59:06,368] {processor.py:161} INFO - Processing /home/airflow/.local/lib/python3.7/site-packages/airflow/example_dags/example_nested_branch_dag.py took 0.125 seconds
[2022-09-02 21:59:37,222] {processor.py:153} INFO - Started process (PID=1673) to work on /home/airflow/.local/lib/python3.7/site-packages/airflow/example_dags/example_nested_branch_dag.py
[2022-09-02 21:59:37,224] {processor.py:641} INFO - Processing file /home/airflow/.local/lib/python3.7/site-packages/airflow/example_dags/example_nested_branch_dag.py for tasks to queue
[2022-09-02 21:59:37,225] {logging_mixin.py:115} INFO - [2022-09-02 21:59:37,225] {dagbag.py:508} INFO - Filling up the DagBag from /home/airflow/.local/lib/python3.7/site-packages/airflow/example_dags/example_nested_branch_dag.py
[2022-09-02 21:59:37,240] {processor.py:651} INFO - DAG(s) dict_keys(['example_nested_branch_dag']) retrieved from /home/airflow/.local/lib/python3.7/site-packages/airflow/example_dags/example_nested_branch_dag.py
[2022-09-02 21:59:37,275] {logging_mixin.py:115} INFO - [2022-09-02 21:59:37,275] {dag.py:2420} INFO - Sync 1 DAGs
[2022-09-02 21:59:37,306] {logging_mixin.py:115} INFO - [2022-09-02 21:59:37,306] {dag.py:2972} INFO - Setting next_dagrun for example_nested_branch_dag to 2022-09-01T00:00:00+00:00, run_after=2022-09-02T00:00:00+00:00
[2022-09-02 21:59:37,323] {processor.py:161} INFO - Processing /home/airflow/.local/lib/python3.7/site-packages/airflow/example_dags/example_nested_branch_dag.py took 0.104 seconds
[2022-09-02 22:00:08,211] {processor.py:153} INFO - Started process (PID=1736) to work on /home/airflow/.local/lib/python3.7/site-packages/airflow/example_dags/example_nested_branch_dag.py
[2022-09-02 22:00:08,212] {processor.py:641} INFO - Processing file /home/airflow/.local/lib/python3.7/site-packages/airflow/example_dags/example_nested_branch_dag.py for tasks to queue
[2022-09-02 22:00:08,213] {logging_mixin.py:115} INFO - [2022-09-02 22:00:08,213] {dagbag.py:508} INFO - Filling up the DagBag from /home/airflow/.local/lib/python3.7/site-packages/airflow/example_dags/example_nested_branch_dag.py
[2022-09-02 22:00:08,227] {processor.py:651} INFO - DAG(s) dict_keys(['example_nested_branch_dag']) retrieved from /home/airflow/.local/lib/python3.7/site-packages/airflow/example_dags/example_nested_branch_dag.py
[2022-09-02 22:00:08,263] {logging_mixin.py:115} INFO - [2022-09-02 22:00:08,263] {dag.py:2420} INFO - Sync 1 DAGs
[2022-09-02 22:00:08,297] {logging_mixin.py:115} INFO - [2022-09-02 22:00:08,297] {dag.py:2972} INFO - Setting next_dagrun for example_nested_branch_dag to 2022-09-01T00:00:00+00:00, run_after=2022-09-02T00:00:00+00:00
[2022-09-02 22:00:08,339] {processor.py:161} INFO - Processing /home/airflow/.local/lib/python3.7/site-packages/airflow/example_dags/example_nested_branch_dag.py took 0.132 seconds
[2022-09-02 22:28:46,112] {processor.py:153} INFO - Started process (PID=1776) to work on /home/airflow/.local/lib/python3.7/site-packages/airflow/example_dags/example_nested_branch_dag.py
[2022-09-02 22:28:46,115] {processor.py:641} INFO - Processing file /home/airflow/.local/lib/python3.7/site-packages/airflow/example_dags/example_nested_branch_dag.py for tasks to queue
[2022-09-02 22:28:46,120] {logging_mixin.py:115} INFO - [2022-09-02 22:28:46,120] {dagbag.py:508} INFO - Filling up the DagBag from /home/airflow/.local/lib/python3.7/site-packages/airflow/example_dags/example_nested_branch_dag.py
[2022-09-02 22:28:46,159] {processor.py:651} INFO - DAG(s) dict_keys(['example_nested_branch_dag']) retrieved from /home/airflow/.local/lib/python3.7/site-packages/airflow/example_dags/example_nested_branch_dag.py
[2022-09-02 22:28:46,281] {logging_mixin.py:115} INFO - [2022-09-02 22:28:46,281] {dag.py:2420} INFO - Sync 1 DAGs
[2022-09-02 22:28:46,351] {logging_mixin.py:115} INFO - [2022-09-02 22:28:46,351] {dag.py:2972} INFO - Setting next_dagrun for example_nested_branch_dag to 2022-09-01T00:00:00+00:00, run_after=2022-09-02T00:00:00+00:00
[2022-09-02 22:28:46,386] {processor.py:161} INFO - Processing /home/airflow/.local/lib/python3.7/site-packages/airflow/example_dags/example_nested_branch_dag.py took 0.281 seconds
[2022-09-02 22:29:17,286] {processor.py:153} INFO - Started process (PID=1841) to work on /home/airflow/.local/lib/python3.7/site-packages/airflow/example_dags/example_nested_branch_dag.py
[2022-09-02 22:29:17,287] {processor.py:641} INFO - Processing file /home/airflow/.local/lib/python3.7/site-packages/airflow/example_dags/example_nested_branch_dag.py for tasks to queue
[2022-09-02 22:29:17,288] {logging_mixin.py:115} INFO - [2022-09-02 22:29:17,288] {dagbag.py:508} INFO - Filling up the DagBag from /home/airflow/.local/lib/python3.7/site-packages/airflow/example_dags/example_nested_branch_dag.py
[2022-09-02 22:29:17,304] {processor.py:651} INFO - DAG(s) dict_keys(['example_nested_branch_dag']) retrieved from /home/airflow/.local/lib/python3.7/site-packages/airflow/example_dags/example_nested_branch_dag.py
[2022-09-02 22:29:17,339] {logging_mixin.py:115} INFO - [2022-09-02 22:29:17,339] {dag.py:2420} INFO - Sync 1 DAGs
[2022-09-02 22:29:17,373] {logging_mixin.py:115} INFO - [2022-09-02 22:29:17,373] {dag.py:2972} INFO - Setting next_dagrun for example_nested_branch_dag to 2022-09-01T00:00:00+00:00, run_after=2022-09-02T00:00:00+00:00
[2022-09-02 22:29:17,393] {processor.py:161} INFO - Processing /home/airflow/.local/lib/python3.7/site-packages/airflow/example_dags/example_nested_branch_dag.py took 0.113 seconds
[2022-09-02 22:29:47,577] {processor.py:153} INFO - Started process (PID=1904) to work on /home/airflow/.local/lib/python3.7/site-packages/airflow/example_dags/example_nested_branch_dag.py
[2022-09-02 22:29:47,581] {processor.py:641} INFO - Processing file /home/airflow/.local/lib/python3.7/site-packages/airflow/example_dags/example_nested_branch_dag.py for tasks to queue
[2022-09-02 22:29:47,582] {logging_mixin.py:115} INFO - [2022-09-02 22:29:47,582] {dagbag.py:508} INFO - Filling up the DagBag from /home/airflow/.local/lib/python3.7/site-packages/airflow/example_dags/example_nested_branch_dag.py
[2022-09-02 22:29:47,612] {processor.py:651} INFO - DAG(s) dict_keys(['example_nested_branch_dag']) retrieved from /home/airflow/.local/lib/python3.7/site-packages/airflow/example_dags/example_nested_branch_dag.py
[2022-09-02 22:29:47,673] {logging_mixin.py:115} INFO - [2022-09-02 22:29:47,673] {dag.py:2420} INFO - Sync 1 DAGs
[2022-09-02 22:29:47,705] {logging_mixin.py:115} INFO - [2022-09-02 22:29:47,704] {dag.py:2972} INFO - Setting next_dagrun for example_nested_branch_dag to 2022-09-01T00:00:00+00:00, run_after=2022-09-02T00:00:00+00:00
[2022-09-02 22:29:47,722] {processor.py:161} INFO - Processing /home/airflow/.local/lib/python3.7/site-packages/airflow/example_dags/example_nested_branch_dag.py took 0.148 seconds
[2022-09-02 23:00:34,914] {processor.py:153} INFO - Started process (PID=1967) to work on /home/airflow/.local/lib/python3.7/site-packages/airflow/example_dags/example_nested_branch_dag.py
[2022-09-02 23:00:34,934] {processor.py:641} INFO - Processing file /home/airflow/.local/lib/python3.7/site-packages/airflow/example_dags/example_nested_branch_dag.py for tasks to queue
[2022-09-02 23:00:34,955] {logging_mixin.py:115} INFO - [2022-09-02 23:00:34,954] {dagbag.py:508} INFO - Filling up the DagBag from /home/airflow/.local/lib/python3.7/site-packages/airflow/example_dags/example_nested_branch_dag.py
[2022-09-02 23:00:35,398] {processor.py:651} INFO - DAG(s) dict_keys(['example_nested_branch_dag']) retrieved from /home/airflow/.local/lib/python3.7/site-packages/airflow/example_dags/example_nested_branch_dag.py
[2022-09-02 23:00:36,097] {logging_mixin.py:115} INFO - [2022-09-02 23:00:36,090] {dag.py:2420} INFO - Sync 1 DAGs
[2022-09-02 23:00:36,848] {logging_mixin.py:115} INFO - [2022-09-02 23:00:36,830] {dag.py:2972} INFO - Setting next_dagrun for example_nested_branch_dag to 2022-09-01T00:00:00+00:00, run_after=2022-09-02T00:00:00+00:00
[2022-09-02 23:00:37,342] {processor.py:161} INFO - Processing /home/airflow/.local/lib/python3.7/site-packages/airflow/example_dags/example_nested_branch_dag.py took 2.506 seconds
[2022-09-02 23:01:21,239] {processor.py:153} INFO - Started process (PID=2026) to work on /home/airflow/.local/lib/python3.7/site-packages/airflow/example_dags/example_nested_branch_dag.py
[2022-09-02 23:01:21,907] {processor.py:641} INFO - Processing file /home/airflow/.local/lib/python3.7/site-packages/airflow/example_dags/example_nested_branch_dag.py for tasks to queue
[2022-09-02 23:01:21,993] {logging_mixin.py:115} INFO - [2022-09-02 23:01:21,992] {dagbag.py:508} INFO - Filling up the DagBag from /home/airflow/.local/lib/python3.7/site-packages/airflow/example_dags/example_nested_branch_dag.py
[2022-09-02 23:01:23,484] {processor.py:651} INFO - DAG(s) dict_keys(['example_nested_branch_dag']) retrieved from /home/airflow/.local/lib/python3.7/site-packages/airflow/example_dags/example_nested_branch_dag.py
[2022-09-02 23:01:25,587] {logging_mixin.py:115} INFO - [2022-09-02 23:01:25,586] {dag.py:2420} INFO - Sync 1 DAGs
[2022-09-02 23:01:27,457] {logging_mixin.py:115} INFO - [2022-09-02 23:01:27,456] {dag.py:2972} INFO - Setting next_dagrun for example_nested_branch_dag to 2022-09-01T00:00:00+00:00, run_after=2022-09-02T00:00:00+00:00
[2022-09-02 23:01:28,232] {processor.py:161} INFO - Processing /home/airflow/.local/lib/python3.7/site-packages/airflow/example_dags/example_nested_branch_dag.py took 7.370 seconds
[2022-09-02 23:02:13,072] {processor.py:153} INFO - Started process (PID=2083) to work on /home/airflow/.local/lib/python3.7/site-packages/airflow/example_dags/example_nested_branch_dag.py
[2022-09-02 23:02:13,085] {processor.py:641} INFO - Processing file /home/airflow/.local/lib/python3.7/site-packages/airflow/example_dags/example_nested_branch_dag.py for tasks to queue
[2022-09-02 23:02:13,100] {logging_mixin.py:115} INFO - [2022-09-02 23:02:13,100] {dagbag.py:508} INFO - Filling up the DagBag from /home/airflow/.local/lib/python3.7/site-packages/airflow/example_dags/example_nested_branch_dag.py
[2022-09-02 23:02:13,271] {processor.py:651} INFO - DAG(s) dict_keys(['example_nested_branch_dag']) retrieved from /home/airflow/.local/lib/python3.7/site-packages/airflow/example_dags/example_nested_branch_dag.py
[2022-09-02 23:02:13,580] {logging_mixin.py:115} INFO - [2022-09-02 23:02:13,579] {dag.py:2420} INFO - Sync 1 DAGs
[2022-09-02 23:02:13,977] {logging_mixin.py:115} INFO - [2022-09-02 23:02:13,976] {dag.py:2972} INFO - Setting next_dagrun for example_nested_branch_dag to 2022-09-01T00:00:00+00:00, run_after=2022-09-02T00:00:00+00:00
[2022-09-02 23:02:14,211] {processor.py:161} INFO - Processing /home/airflow/.local/lib/python3.7/site-packages/airflow/example_dags/example_nested_branch_dag.py took 1.163 seconds
[2022-09-02 23:02:44,645] {processor.py:153} INFO - Started process (PID=2138) to work on /home/airflow/.local/lib/python3.7/site-packages/airflow/example_dags/example_nested_branch_dag.py
[2022-09-02 23:02:44,651] {processor.py:641} INFO - Processing file /home/airflow/.local/lib/python3.7/site-packages/airflow/example_dags/example_nested_branch_dag.py for tasks to queue
[2022-09-02 23:02:44,657] {logging_mixin.py:115} INFO - [2022-09-02 23:02:44,657] {dagbag.py:508} INFO - Filling up the DagBag from /home/airflow/.local/lib/python3.7/site-packages/airflow/example_dags/example_nested_branch_dag.py
[2022-09-02 23:02:44,795] {processor.py:651} INFO - DAG(s) dict_keys(['example_nested_branch_dag']) retrieved from /home/airflow/.local/lib/python3.7/site-packages/airflow/example_dags/example_nested_branch_dag.py
[2022-09-02 23:02:44,954] {logging_mixin.py:115} INFO - [2022-09-02 23:02:44,954] {dag.py:2420} INFO - Sync 1 DAGs
[2022-09-02 23:02:45,126] {logging_mixin.py:115} INFO - [2022-09-02 23:02:45,126] {dag.py:2972} INFO - Setting next_dagrun for example_nested_branch_dag to 2022-09-01T00:00:00+00:00, run_after=2022-09-02T00:00:00+00:00
[2022-09-02 23:02:45,199] {processor.py:161} INFO - Processing /home/airflow/.local/lib/python3.7/site-packages/airflow/example_dags/example_nested_branch_dag.py took 0.591 seconds
[2022-09-02 23:03:15,759] {processor.py:153} INFO - Started process (PID=2195) to work on /home/airflow/.local/lib/python3.7/site-packages/airflow/example_dags/example_nested_branch_dag.py
[2022-09-02 23:03:15,767] {processor.py:641} INFO - Processing file /home/airflow/.local/lib/python3.7/site-packages/airflow/example_dags/example_nested_branch_dag.py for tasks to queue
[2022-09-02 23:03:15,774] {logging_mixin.py:115} INFO - [2022-09-02 23:03:15,773] {dagbag.py:508} INFO - Filling up the DagBag from /home/airflow/.local/lib/python3.7/site-packages/airflow/example_dags/example_nested_branch_dag.py
[2022-09-02 23:03:15,864] {processor.py:651} INFO - DAG(s) dict_keys(['example_nested_branch_dag']) retrieved from /home/airflow/.local/lib/python3.7/site-packages/airflow/example_dags/example_nested_branch_dag.py
[2022-09-02 23:03:16,056] {logging_mixin.py:115} INFO - [2022-09-02 23:03:16,056] {dag.py:2420} INFO - Sync 1 DAGs
[2022-09-02 23:03:16,205] {logging_mixin.py:115} INFO - [2022-09-02 23:03:16,204] {dag.py:2972} INFO - Setting next_dagrun for example_nested_branch_dag to 2022-09-01T00:00:00+00:00, run_after=2022-09-02T00:00:00+00:00
[2022-09-02 23:03:16,267] {processor.py:161} INFO - Processing /home/airflow/.local/lib/python3.7/site-packages/airflow/example_dags/example_nested_branch_dag.py took 0.531 seconds
[2022-09-02 23:03:47,852] {processor.py:153} INFO - Started process (PID=2242) to work on /home/airflow/.local/lib/python3.7/site-packages/airflow/example_dags/example_nested_branch_dag.py
[2022-09-02 23:03:47,875] {processor.py:641} INFO - Processing file /home/airflow/.local/lib/python3.7/site-packages/airflow/example_dags/example_nested_branch_dag.py for tasks to queue
[2022-09-02 23:03:47,886] {logging_mixin.py:115} INFO - [2022-09-02 23:03:47,886] {dagbag.py:508} INFO - Filling up the DagBag from /home/airflow/.local/lib/python3.7/site-packages/airflow/example_dags/example_nested_branch_dag.py
[2022-09-02 23:03:48,032] {processor.py:651} INFO - DAG(s) dict_keys(['example_nested_branch_dag']) retrieved from /home/airflow/.local/lib/python3.7/site-packages/airflow/example_dags/example_nested_branch_dag.py
[2022-09-02 23:03:48,385] {logging_mixin.py:115} INFO - [2022-09-02 23:03:48,384] {dag.py:2420} INFO - Sync 1 DAGs
[2022-09-02 23:03:48,730] {logging_mixin.py:115} INFO - [2022-09-02 23:03:48,729] {dag.py:2972} INFO - Setting next_dagrun for example_nested_branch_dag to 2022-09-01T00:00:00+00:00, run_after=2022-09-02T00:00:00+00:00
[2022-09-02 23:03:48,813] {processor.py:161} INFO - Processing /home/airflow/.local/lib/python3.7/site-packages/airflow/example_dags/example_nested_branch_dag.py took 1.019 seconds
[2022-09-02 23:04:20,002] {processor.py:153} INFO - Started process (PID=2297) to work on /home/airflow/.local/lib/python3.7/site-packages/airflow/example_dags/example_nested_branch_dag.py
[2022-09-02 23:04:20,008] {processor.py:641} INFO - Processing file /home/airflow/.local/lib/python3.7/site-packages/airflow/example_dags/example_nested_branch_dag.py for tasks to queue
[2022-09-02 23:04:20,015] {logging_mixin.py:115} INFO - [2022-09-02 23:04:20,014] {dagbag.py:508} INFO - Filling up the DagBag from /home/airflow/.local/lib/python3.7/site-packages/airflow/example_dags/example_nested_branch_dag.py
[2022-09-02 23:04:20,117] {processor.py:651} INFO - DAG(s) dict_keys(['example_nested_branch_dag']) retrieved from /home/airflow/.local/lib/python3.7/site-packages/airflow/example_dags/example_nested_branch_dag.py
[2022-09-02 23:04:20,336] {logging_mixin.py:115} INFO - [2022-09-02 23:04:20,335] {dag.py:2420} INFO - Sync 1 DAGs
[2022-09-02 23:04:20,521] {logging_mixin.py:115} INFO - [2022-09-02 23:04:20,520] {dag.py:2972} INFO - Setting next_dagrun for example_nested_branch_dag to 2022-09-01T00:00:00+00:00, run_after=2022-09-02T00:00:00+00:00
[2022-09-02 23:04:20,611] {processor.py:161} INFO - Processing /home/airflow/.local/lib/python3.7/site-packages/airflow/example_dags/example_nested_branch_dag.py took 0.632 seconds
[2022-09-02 23:06:42,945] {processor.py:153} INFO - Started process (PID=2351) to work on /home/airflow/.local/lib/python3.7/site-packages/airflow/example_dags/example_nested_branch_dag.py
[2022-09-02 23:06:42,946] {processor.py:641} INFO - Processing file /home/airflow/.local/lib/python3.7/site-packages/airflow/example_dags/example_nested_branch_dag.py for tasks to queue
[2022-09-02 23:06:42,948] {logging_mixin.py:115} INFO - [2022-09-02 23:06:42,948] {dagbag.py:508} INFO - Filling up the DagBag from /home/airflow/.local/lib/python3.7/site-packages/airflow/example_dags/example_nested_branch_dag.py
[2022-09-02 23:06:42,964] {processor.py:651} INFO - DAG(s) dict_keys(['example_nested_branch_dag']) retrieved from /home/airflow/.local/lib/python3.7/site-packages/airflow/example_dags/example_nested_branch_dag.py
[2022-09-02 23:06:43,010] {logging_mixin.py:115} INFO - [2022-09-02 23:06:43,010] {dag.py:2420} INFO - Sync 1 DAGs
[2022-09-02 23:06:43,058] {logging_mixin.py:115} INFO - [2022-09-02 23:06:43,058] {dag.py:2972} INFO - Setting next_dagrun for example_nested_branch_dag to 2022-09-01T00:00:00+00:00, run_after=2022-09-02T00:00:00+00:00
[2022-09-02 23:06:43,099] {processor.py:161} INFO - Processing /home/airflow/.local/lib/python3.7/site-packages/airflow/example_dags/example_nested_branch_dag.py took 0.159 seconds
[2022-09-02 23:07:13,542] {processor.py:153} INFO - Started process (PID=2417) to work on /home/airflow/.local/lib/python3.7/site-packages/airflow/example_dags/example_nested_branch_dag.py
[2022-09-02 23:07:13,543] {processor.py:641} INFO - Processing file /home/airflow/.local/lib/python3.7/site-packages/airflow/example_dags/example_nested_branch_dag.py for tasks to queue
[2022-09-02 23:07:13,545] {logging_mixin.py:115} INFO - [2022-09-02 23:07:13,544] {dagbag.py:508} INFO - Filling up the DagBag from /home/airflow/.local/lib/python3.7/site-packages/airflow/example_dags/example_nested_branch_dag.py
[2022-09-02 23:07:13,559] {processor.py:651} INFO - DAG(s) dict_keys(['example_nested_branch_dag']) retrieved from /home/airflow/.local/lib/python3.7/site-packages/airflow/example_dags/example_nested_branch_dag.py
[2022-09-02 23:07:13,595] {logging_mixin.py:115} INFO - [2022-09-02 23:07:13,595] {dag.py:2420} INFO - Sync 1 DAGs
[2022-09-02 23:07:13,625] {logging_mixin.py:115} INFO - [2022-09-02 23:07:13,625] {dag.py:2972} INFO - Setting next_dagrun for example_nested_branch_dag to 2022-09-01T00:00:00+00:00, run_after=2022-09-02T00:00:00+00:00
[2022-09-02 23:07:13,643] {processor.py:161} INFO - Processing /home/airflow/.local/lib/python3.7/site-packages/airflow/example_dags/example_nested_branch_dag.py took 0.105 seconds
[2022-09-02 23:07:44,777] {processor.py:153} INFO - Started process (PID=2482) to work on /home/airflow/.local/lib/python3.7/site-packages/airflow/example_dags/example_nested_branch_dag.py
[2022-09-02 23:07:44,779] {processor.py:641} INFO - Processing file /home/airflow/.local/lib/python3.7/site-packages/airflow/example_dags/example_nested_branch_dag.py for tasks to queue
[2022-09-02 23:07:44,780] {logging_mixin.py:115} INFO - [2022-09-02 23:07:44,780] {dagbag.py:508} INFO - Filling up the DagBag from /home/airflow/.local/lib/python3.7/site-packages/airflow/example_dags/example_nested_branch_dag.py
[2022-09-02 23:07:44,794] {processor.py:651} INFO - DAG(s) dict_keys(['example_nested_branch_dag']) retrieved from /home/airflow/.local/lib/python3.7/site-packages/airflow/example_dags/example_nested_branch_dag.py
[2022-09-02 23:07:44,827] {logging_mixin.py:115} INFO - [2022-09-02 23:07:44,827] {dag.py:2420} INFO - Sync 1 DAGs
[2022-09-02 23:07:44,861] {logging_mixin.py:115} INFO - [2022-09-02 23:07:44,861] {dag.py:2972} INFO - Setting next_dagrun for example_nested_branch_dag to 2022-09-01T00:00:00+00:00, run_after=2022-09-02T00:00:00+00:00
[2022-09-02 23:07:44,908] {processor.py:161} INFO - Processing /home/airflow/.local/lib/python3.7/site-packages/airflow/example_dags/example_nested_branch_dag.py took 0.135 seconds
[2022-09-02 23:08:28,063] {processor.py:153} INFO - Started process (PID=2538) to work on /home/airflow/.local/lib/python3.7/site-packages/airflow/example_dags/example_nested_branch_dag.py
[2022-09-02 23:08:28,065] {processor.py:641} INFO - Processing file /home/airflow/.local/lib/python3.7/site-packages/airflow/example_dags/example_nested_branch_dag.py for tasks to queue
[2022-09-02 23:08:28,066] {logging_mixin.py:115} INFO - [2022-09-02 23:08:28,066] {dagbag.py:508} INFO - Filling up the DagBag from /home/airflow/.local/lib/python3.7/site-packages/airflow/example_dags/example_nested_branch_dag.py
[2022-09-02 23:08:28,080] {processor.py:651} INFO - DAG(s) dict_keys(['example_nested_branch_dag']) retrieved from /home/airflow/.local/lib/python3.7/site-packages/airflow/example_dags/example_nested_branch_dag.py
[2022-09-02 23:08:28,114] {logging_mixin.py:115} INFO - [2022-09-02 23:08:28,114] {dag.py:2420} INFO - Sync 1 DAGs
[2022-09-02 23:08:28,143] {logging_mixin.py:115} INFO - [2022-09-02 23:08:28,143] {dag.py:2972} INFO - Setting next_dagrun for example_nested_branch_dag to 2022-09-01T00:00:00+00:00, run_after=2022-09-02T00:00:00+00:00
[2022-09-02 23:08:28,161] {processor.py:161} INFO - Processing /home/airflow/.local/lib/python3.7/site-packages/airflow/example_dags/example_nested_branch_dag.py took 0.103 seconds
[2022-09-02 23:08:59,272] {processor.py:153} INFO - Started process (PID=2604) to work on /home/airflow/.local/lib/python3.7/site-packages/airflow/example_dags/example_nested_branch_dag.py
[2022-09-02 23:08:59,273] {processor.py:641} INFO - Processing file /home/airflow/.local/lib/python3.7/site-packages/airflow/example_dags/example_nested_branch_dag.py for tasks to queue
[2022-09-02 23:08:59,274] {logging_mixin.py:115} INFO - [2022-09-02 23:08:59,274] {dagbag.py:508} INFO - Filling up the DagBag from /home/airflow/.local/lib/python3.7/site-packages/airflow/example_dags/example_nested_branch_dag.py
[2022-09-02 23:08:59,290] {processor.py:651} INFO - DAG(s) dict_keys(['example_nested_branch_dag']) retrieved from /home/airflow/.local/lib/python3.7/site-packages/airflow/example_dags/example_nested_branch_dag.py
[2022-09-02 23:08:59,333] {logging_mixin.py:115} INFO - [2022-09-02 23:08:59,333] {dag.py:2420} INFO - Sync 1 DAGs
[2022-09-02 23:08:59,370] {logging_mixin.py:115} INFO - [2022-09-02 23:08:59,369] {dag.py:2972} INFO - Setting next_dagrun for example_nested_branch_dag to 2022-09-01T00:00:00+00:00, run_after=2022-09-02T00:00:00+00:00
[2022-09-02 23:08:59,389] {processor.py:161} INFO - Processing /home/airflow/.local/lib/python3.7/site-packages/airflow/example_dags/example_nested_branch_dag.py took 0.121 seconds
[2022-09-02 23:09:29,545] {processor.py:153} INFO - Started process (PID=2661) to work on /home/airflow/.local/lib/python3.7/site-packages/airflow/example_dags/example_nested_branch_dag.py
[2022-09-02 23:09:29,547] {processor.py:641} INFO - Processing file /home/airflow/.local/lib/python3.7/site-packages/airflow/example_dags/example_nested_branch_dag.py for tasks to queue
[2022-09-02 23:09:29,548] {logging_mixin.py:115} INFO - [2022-09-02 23:09:29,548] {dagbag.py:508} INFO - Filling up the DagBag from /home/airflow/.local/lib/python3.7/site-packages/airflow/example_dags/example_nested_branch_dag.py
[2022-09-02 23:09:29,562] {processor.py:651} INFO - DAG(s) dict_keys(['example_nested_branch_dag']) retrieved from /home/airflow/.local/lib/python3.7/site-packages/airflow/example_dags/example_nested_branch_dag.py
[2022-09-02 23:09:29,596] {logging_mixin.py:115} INFO - [2022-09-02 23:09:29,595] {dag.py:2420} INFO - Sync 1 DAGs
[2022-09-02 23:09:29,626] {logging_mixin.py:115} INFO - [2022-09-02 23:09:29,626] {dag.py:2972} INFO - Setting next_dagrun for example_nested_branch_dag to 2022-09-01T00:00:00+00:00, run_after=2022-09-02T00:00:00+00:00
[2022-09-02 23:09:29,641] {processor.py:161} INFO - Processing /home/airflow/.local/lib/python3.7/site-packages/airflow/example_dags/example_nested_branch_dag.py took 0.100 seconds
[2022-09-02 23:10:06,198] {processor.py:153} INFO - Started process (PID=2718) to work on /home/airflow/.local/lib/python3.7/site-packages/airflow/example_dags/example_nested_branch_dag.py
[2022-09-02 23:10:06,200] {processor.py:641} INFO - Processing file /home/airflow/.local/lib/python3.7/site-packages/airflow/example_dags/example_nested_branch_dag.py for tasks to queue
[2022-09-02 23:10:06,201] {logging_mixin.py:115} INFO - [2022-09-02 23:10:06,201] {dagbag.py:508} INFO - Filling up the DagBag from /home/airflow/.local/lib/python3.7/site-packages/airflow/example_dags/example_nested_branch_dag.py
[2022-09-02 23:10:06,216] {processor.py:651} INFO - DAG(s) dict_keys(['example_nested_branch_dag']) retrieved from /home/airflow/.local/lib/python3.7/site-packages/airflow/example_dags/example_nested_branch_dag.py
[2022-09-02 23:10:06,249] {logging_mixin.py:115} INFO - [2022-09-02 23:10:06,249] {dag.py:2420} INFO - Sync 1 DAGs
[2022-09-02 23:10:06,279] {logging_mixin.py:115} INFO - [2022-09-02 23:10:06,279] {dag.py:2972} INFO - Setting next_dagrun for example_nested_branch_dag to 2022-09-01T00:00:00+00:00, run_after=2022-09-02T00:00:00+00:00
[2022-09-02 23:10:06,299] {processor.py:161} INFO - Processing /home/airflow/.local/lib/python3.7/site-packages/airflow/example_dags/example_nested_branch_dag.py took 0.106 seconds
[2022-09-02 23:10:36,466] {processor.py:153} INFO - Started process (PID=2783) to work on /home/airflow/.local/lib/python3.7/site-packages/airflow/example_dags/example_nested_branch_dag.py
[2022-09-02 23:10:36,467] {processor.py:641} INFO - Processing file /home/airflow/.local/lib/python3.7/site-packages/airflow/example_dags/example_nested_branch_dag.py for tasks to queue
[2022-09-02 23:10:36,468] {logging_mixin.py:115} INFO - [2022-09-02 23:10:36,468] {dagbag.py:508} INFO - Filling up the DagBag from /home/airflow/.local/lib/python3.7/site-packages/airflow/example_dags/example_nested_branch_dag.py
[2022-09-02 23:10:36,482] {processor.py:651} INFO - DAG(s) dict_keys(['example_nested_branch_dag']) retrieved from /home/airflow/.local/lib/python3.7/site-packages/airflow/example_dags/example_nested_branch_dag.py
[2022-09-02 23:10:36,515] {logging_mixin.py:115} INFO - [2022-09-02 23:10:36,515] {dag.py:2420} INFO - Sync 1 DAGs
[2022-09-02 23:10:36,543] {logging_mixin.py:115} INFO - [2022-09-02 23:10:36,543] {dag.py:2972} INFO - Setting next_dagrun for example_nested_branch_dag to 2022-09-01T00:00:00+00:00, run_after=2022-09-02T00:00:00+00:00
[2022-09-02 23:10:36,572] {processor.py:161} INFO - Processing /home/airflow/.local/lib/python3.7/site-packages/airflow/example_dags/example_nested_branch_dag.py took 0.111 seconds
[2022-09-02 23:11:06,763] {processor.py:153} INFO - Started process (PID=2848) to work on /home/airflow/.local/lib/python3.7/site-packages/airflow/example_dags/example_nested_branch_dag.py
[2022-09-02 23:11:06,766] {processor.py:641} INFO - Processing file /home/airflow/.local/lib/python3.7/site-packages/airflow/example_dags/example_nested_branch_dag.py for tasks to queue
[2022-09-02 23:11:06,767] {logging_mixin.py:115} INFO - [2022-09-02 23:11:06,767] {dagbag.py:508} INFO - Filling up the DagBag from /home/airflow/.local/lib/python3.7/site-packages/airflow/example_dags/example_nested_branch_dag.py
[2022-09-02 23:11:06,785] {processor.py:651} INFO - DAG(s) dict_keys(['example_nested_branch_dag']) retrieved from /home/airflow/.local/lib/python3.7/site-packages/airflow/example_dags/example_nested_branch_dag.py
[2022-09-02 23:11:06,824] {logging_mixin.py:115} INFO - [2022-09-02 23:11:06,824] {dag.py:2420} INFO - Sync 1 DAGs
[2022-09-02 23:11:06,854] {logging_mixin.py:115} INFO - [2022-09-02 23:11:06,854] {dag.py:2972} INFO - Setting next_dagrun for example_nested_branch_dag to 2022-09-01T00:00:00+00:00, run_after=2022-09-02T00:00:00+00:00
[2022-09-02 23:11:06,873] {processor.py:161} INFO - Processing /home/airflow/.local/lib/python3.7/site-packages/airflow/example_dags/example_nested_branch_dag.py took 0.116 seconds
[2022-09-02 23:11:37,039] {processor.py:153} INFO - Started process (PID=2904) to work on /home/airflow/.local/lib/python3.7/site-packages/airflow/example_dags/example_nested_branch_dag.py
[2022-09-02 23:11:37,040] {processor.py:641} INFO - Processing file /home/airflow/.local/lib/python3.7/site-packages/airflow/example_dags/example_nested_branch_dag.py for tasks to queue
[2022-09-02 23:11:37,042] {logging_mixin.py:115} INFO - [2022-09-02 23:11:37,041] {dagbag.py:508} INFO - Filling up the DagBag from /home/airflow/.local/lib/python3.7/site-packages/airflow/example_dags/example_nested_branch_dag.py
[2022-09-02 23:11:37,056] {processor.py:651} INFO - DAG(s) dict_keys(['example_nested_branch_dag']) retrieved from /home/airflow/.local/lib/python3.7/site-packages/airflow/example_dags/example_nested_branch_dag.py
[2022-09-02 23:11:37,098] {logging_mixin.py:115} INFO - [2022-09-02 23:11:37,098] {dag.py:2420} INFO - Sync 1 DAGs
[2022-09-02 23:11:37,136] {logging_mixin.py:115} INFO - [2022-09-02 23:11:37,136] {dag.py:2972} INFO - Setting next_dagrun for example_nested_branch_dag to 2022-09-01T00:00:00+00:00, run_after=2022-09-02T00:00:00+00:00
[2022-09-02 23:11:37,150] {processor.py:161} INFO - Processing /home/airflow/.local/lib/python3.7/site-packages/airflow/example_dags/example_nested_branch_dag.py took 0.116 seconds
[2022-09-02 23:12:07,330] {processor.py:153} INFO - Started process (PID=2970) to work on /home/airflow/.local/lib/python3.7/site-packages/airflow/example_dags/example_nested_branch_dag.py
[2022-09-02 23:12:07,331] {processor.py:641} INFO - Processing file /home/airflow/.local/lib/python3.7/site-packages/airflow/example_dags/example_nested_branch_dag.py for tasks to queue
[2022-09-02 23:12:07,333] {logging_mixin.py:115} INFO - [2022-09-02 23:12:07,333] {dagbag.py:508} INFO - Filling up the DagBag from /home/airflow/.local/lib/python3.7/site-packages/airflow/example_dags/example_nested_branch_dag.py
[2022-09-02 23:12:07,347] {processor.py:651} INFO - DAG(s) dict_keys(['example_nested_branch_dag']) retrieved from /home/airflow/.local/lib/python3.7/site-packages/airflow/example_dags/example_nested_branch_dag.py
[2022-09-02 23:12:07,380] {logging_mixin.py:115} INFO - [2022-09-02 23:12:07,380] {dag.py:2420} INFO - Sync 1 DAGs
[2022-09-02 23:12:07,412] {logging_mixin.py:115} INFO - [2022-09-02 23:12:07,412] {dag.py:2972} INFO - Setting next_dagrun for example_nested_branch_dag to 2022-09-01T00:00:00+00:00, run_after=2022-09-02T00:00:00+00:00
[2022-09-02 23:12:07,427] {processor.py:161} INFO - Processing /home/airflow/.local/lib/python3.7/site-packages/airflow/example_dags/example_nested_branch_dag.py took 0.101 seconds
[2022-09-02 23:42:48,343] {processor.py:153} INFO - Started process (PID=3036) to work on /home/airflow/.local/lib/python3.7/site-packages/airflow/example_dags/example_nested_branch_dag.py
[2022-09-02 23:42:48,364] {processor.py:641} INFO - Processing file /home/airflow/.local/lib/python3.7/site-packages/airflow/example_dags/example_nested_branch_dag.py for tasks to queue
[2022-09-02 23:42:48,403] {logging_mixin.py:115} INFO - [2022-09-02 23:42:48,402] {dagbag.py:508} INFO - Filling up the DagBag from /home/airflow/.local/lib/python3.7/site-packages/airflow/example_dags/example_nested_branch_dag.py
[2022-09-02 23:42:49,426] {processor.py:651} INFO - DAG(s) dict_keys(['example_nested_branch_dag']) retrieved from /home/airflow/.local/lib/python3.7/site-packages/airflow/example_dags/example_nested_branch_dag.py
[2022-09-02 23:42:50,752] {logging_mixin.py:115} INFO - [2022-09-02 23:42:50,751] {dag.py:2420} INFO - Sync 1 DAGs
[2022-09-02 23:42:52,109] {logging_mixin.py:115} INFO - [2022-09-02 23:42:52,108] {dag.py:2972} INFO - Setting next_dagrun for example_nested_branch_dag to 2022-09-01T00:00:00+00:00, run_after=2022-09-02T00:00:00+00:00
[2022-09-02 23:42:52,493] {processor.py:161} INFO - Processing /home/airflow/.local/lib/python3.7/site-packages/airflow/example_dags/example_nested_branch_dag.py took 4.265 seconds
[2022-09-02 23:43:24,453] {processor.py:153} INFO - Started process (PID=3092) to work on /home/airflow/.local/lib/python3.7/site-packages/airflow/example_dags/example_nested_branch_dag.py
[2022-09-02 23:43:24,460] {processor.py:641} INFO - Processing file /home/airflow/.local/lib/python3.7/site-packages/airflow/example_dags/example_nested_branch_dag.py for tasks to queue
[2022-09-02 23:43:24,470] {logging_mixin.py:115} INFO - [2022-09-02 23:43:24,470] {dagbag.py:508} INFO - Filling up the DagBag from /home/airflow/.local/lib/python3.7/site-packages/airflow/example_dags/example_nested_branch_dag.py
[2022-09-02 23:43:24,565] {processor.py:651} INFO - DAG(s) dict_keys(['example_nested_branch_dag']) retrieved from /home/airflow/.local/lib/python3.7/site-packages/airflow/example_dags/example_nested_branch_dag.py
[2022-09-02 23:43:24,760] {logging_mixin.py:115} INFO - [2022-09-02 23:43:24,760] {dag.py:2420} INFO - Sync 1 DAGs
[2022-09-02 23:43:25,065] {logging_mixin.py:115} INFO - [2022-09-02 23:43:25,064] {dag.py:2972} INFO - Setting next_dagrun for example_nested_branch_dag to 2022-09-01T00:00:00+00:00, run_after=2022-09-02T00:00:00+00:00
[2022-09-02 23:43:25,141] {processor.py:161} INFO - Processing /home/airflow/.local/lib/python3.7/site-packages/airflow/example_dags/example_nested_branch_dag.py took 0.732 seconds
[2022-09-02 23:55:59,593] {processor.py:153} INFO - Started process (PID=3123) to work on /home/airflow/.local/lib/python3.7/site-packages/airflow/example_dags/example_nested_branch_dag.py
[2022-09-02 23:55:59,595] {processor.py:641} INFO - Processing file /home/airflow/.local/lib/python3.7/site-packages/airflow/example_dags/example_nested_branch_dag.py for tasks to queue
[2022-09-02 23:55:59,596] {logging_mixin.py:115} INFO - [2022-09-02 23:55:59,596] {dagbag.py:508} INFO - Filling up the DagBag from /home/airflow/.local/lib/python3.7/site-packages/airflow/example_dags/example_nested_branch_dag.py
[2022-09-02 23:55:59,627] {processor.py:651} INFO - DAG(s) dict_keys(['example_nested_branch_dag']) retrieved from /home/airflow/.local/lib/python3.7/site-packages/airflow/example_dags/example_nested_branch_dag.py
[2022-09-02 23:55:59,681] {logging_mixin.py:115} INFO - [2022-09-02 23:55:59,681] {dag.py:2420} INFO - Sync 1 DAGs
[2022-09-02 23:55:59,746] {logging_mixin.py:115} INFO - [2022-09-02 23:55:59,746] {dag.py:2972} INFO - Setting next_dagrun for example_nested_branch_dag to 2022-09-01T00:00:00+00:00, run_after=2022-09-02T00:00:00+00:00
[2022-09-02 23:55:59,772] {processor.py:161} INFO - Processing /home/airflow/.local/lib/python3.7/site-packages/airflow/example_dags/example_nested_branch_dag.py took 0.186 seconds
[2022-09-02 23:56:33,421] {processor.py:153} INFO - Started process (PID=3179) to work on /home/airflow/.local/lib/python3.7/site-packages/airflow/example_dags/example_nested_branch_dag.py
[2022-09-02 23:56:33,424] {processor.py:641} INFO - Processing file /home/airflow/.local/lib/python3.7/site-packages/airflow/example_dags/example_nested_branch_dag.py for tasks to queue
[2022-09-02 23:56:33,428] {logging_mixin.py:115} INFO - [2022-09-02 23:56:33,427] {dagbag.py:508} INFO - Filling up the DagBag from /home/airflow/.local/lib/python3.7/site-packages/airflow/example_dags/example_nested_branch_dag.py
[2022-09-02 23:56:33,471] {processor.py:651} INFO - DAG(s) dict_keys(['example_nested_branch_dag']) retrieved from /home/airflow/.local/lib/python3.7/site-packages/airflow/example_dags/example_nested_branch_dag.py
[2022-09-02 23:56:33,565] {logging_mixin.py:115} INFO - [2022-09-02 23:56:33,565] {dag.py:2420} INFO - Sync 1 DAGs
[2022-09-02 23:56:33,625] {logging_mixin.py:115} INFO - [2022-09-02 23:56:33,624] {dag.py:2972} INFO - Setting next_dagrun for example_nested_branch_dag to 2022-09-01T00:00:00+00:00, run_after=2022-09-02T00:00:00+00:00
[2022-09-02 23:56:33,650] {processor.py:161} INFO - Processing /home/airflow/.local/lib/python3.7/site-packages/airflow/example_dags/example_nested_branch_dag.py took 0.238 seconds
