[2022-09-02 21:30:52,909] {processor.py:153} INFO - Started process (PID=61) to work on /home/airflow/.local/lib/python3.7/site-packages/airflow/example_dags/example_skip_dag.py
[2022-09-02 21:30:52,912] {processor.py:641} INFO - Processing file /home/airflow/.local/lib/python3.7/site-packages/airflow/example_dags/example_skip_dag.py for tasks to queue
[2022-09-02 21:30:52,913] {logging_mixin.py:115} INFO - [2022-09-02 21:30:52,913] {dagbag.py:508} INFO - Filling up the DagBag from /home/airflow/.local/lib/python3.7/site-packages/airflow/example_dags/example_skip_dag.py
[2022-09-02 21:30:52,929] {processor.py:651} INFO - DAG(s) dict_keys(['example_skip_dag']) retrieved from /home/airflow/.local/lib/python3.7/site-packages/airflow/example_dags/example_skip_dag.py
[2022-09-02 21:30:52,993] {logging_mixin.py:115} INFO - [2022-09-02 21:30:52,993] {dag.py:2420} INFO - Sync 1 DAGs
[2022-09-02 21:30:53,262] {logging_mixin.py:115} INFO - [2022-09-02 21:30:53,261] {dag.py:2972} INFO - Setting next_dagrun for example_skip_dag to 2022-09-01T21:30:53.261650+00:00, run_after=2022-09-02T21:30:53.261650+00:00
[2022-09-02 21:30:53,299] {processor.py:161} INFO - Processing /home/airflow/.local/lib/python3.7/site-packages/airflow/example_dags/example_skip_dag.py took 0.411 seconds
[2022-09-02 21:31:23,609] {processor.py:153} INFO - Started process (PID=118) to work on /home/airflow/.local/lib/python3.7/site-packages/airflow/example_dags/example_skip_dag.py
[2022-09-02 21:31:23,611] {processor.py:641} INFO - Processing file /home/airflow/.local/lib/python3.7/site-packages/airflow/example_dags/example_skip_dag.py for tasks to queue
[2022-09-02 21:31:23,612] {logging_mixin.py:115} INFO - [2022-09-02 21:31:23,612] {dagbag.py:508} INFO - Filling up the DagBag from /home/airflow/.local/lib/python3.7/site-packages/airflow/example_dags/example_skip_dag.py
[2022-09-02 21:31:23,621] {processor.py:651} INFO - DAG(s) dict_keys(['example_skip_dag']) retrieved from /home/airflow/.local/lib/python3.7/site-packages/airflow/example_dags/example_skip_dag.py
[2022-09-02 21:31:23,667] {logging_mixin.py:115} INFO - [2022-09-02 21:31:23,667] {dag.py:2420} INFO - Sync 1 DAGs
[2022-09-02 21:31:23,987] {logging_mixin.py:115} INFO - [2022-09-02 21:31:23,987] {dag.py:2972} INFO - Setting next_dagrun for example_skip_dag to 2022-09-01T21:31:23.986995+00:00, run_after=2022-09-02T21:31:23.986995+00:00
[2022-09-02 21:31:24,011] {processor.py:161} INFO - Processing /home/airflow/.local/lib/python3.7/site-packages/airflow/example_dags/example_skip_dag.py took 0.408 seconds
[2022-09-02 21:31:54,827] {processor.py:153} INFO - Started process (PID=176) to work on /home/airflow/.local/lib/python3.7/site-packages/airflow/example_dags/example_skip_dag.py
[2022-09-02 21:31:54,829] {processor.py:641} INFO - Processing file /home/airflow/.local/lib/python3.7/site-packages/airflow/example_dags/example_skip_dag.py for tasks to queue
[2022-09-02 21:31:54,831] {logging_mixin.py:115} INFO - [2022-09-02 21:31:54,831] {dagbag.py:508} INFO - Filling up the DagBag from /home/airflow/.local/lib/python3.7/site-packages/airflow/example_dags/example_skip_dag.py
[2022-09-02 21:31:54,840] {processor.py:651} INFO - DAG(s) dict_keys(['example_skip_dag']) retrieved from /home/airflow/.local/lib/python3.7/site-packages/airflow/example_dags/example_skip_dag.py
[2022-09-02 21:31:54,886] {logging_mixin.py:115} INFO - [2022-09-02 21:31:54,886] {dag.py:2420} INFO - Sync 1 DAGs
[2022-09-02 21:31:55,050] {logging_mixin.py:115} INFO - [2022-09-02 21:31:55,050] {dag.py:2972} INFO - Setting next_dagrun for example_skip_dag to 2022-09-01T21:31:55.050544+00:00, run_after=2022-09-02T21:31:55.050544+00:00
[2022-09-02 21:31:55,065] {processor.py:161} INFO - Processing /home/airflow/.local/lib/python3.7/site-packages/airflow/example_dags/example_skip_dag.py took 0.243 seconds
[2022-09-02 21:46:20,605] {processor.py:153} INFO - Started process (PID=53) to work on /home/airflow/.local/lib/python3.7/site-packages/airflow/example_dags/example_skip_dag.py
[2022-09-02 21:46:20,606] {processor.py:641} INFO - Processing file /home/airflow/.local/lib/python3.7/site-packages/airflow/example_dags/example_skip_dag.py for tasks to queue
[2022-09-02 21:46:20,608] {logging_mixin.py:115} INFO - [2022-09-02 21:46:20,608] {dagbag.py:508} INFO - Filling up the DagBag from /home/airflow/.local/lib/python3.7/site-packages/airflow/example_dags/example_skip_dag.py
[2022-09-02 21:46:20,618] {processor.py:651} INFO - DAG(s) dict_keys(['example_skip_dag']) retrieved from /home/airflow/.local/lib/python3.7/site-packages/airflow/example_dags/example_skip_dag.py
[2022-09-02 21:46:20,663] {logging_mixin.py:115} INFO - [2022-09-02 21:46:20,663] {dag.py:2420} INFO - Sync 1 DAGs
[2022-09-02 21:46:20,710] {logging_mixin.py:115} INFO - [2022-09-02 21:46:20,710] {dag.py:2972} INFO - Setting next_dagrun for example_skip_dag to 2022-09-01T21:46:20.704476+00:00, run_after=2022-09-02T21:46:20.704476+00:00
[2022-09-02 21:46:20,744] {processor.py:161} INFO - Processing /home/airflow/.local/lib/python3.7/site-packages/airflow/example_dags/example_skip_dag.py took 0.145 seconds
[2022-09-02 21:46:51,455] {processor.py:153} INFO - Started process (PID=118) to work on /home/airflow/.local/lib/python3.7/site-packages/airflow/example_dags/example_skip_dag.py
[2022-09-02 21:46:51,456] {processor.py:641} INFO - Processing file /home/airflow/.local/lib/python3.7/site-packages/airflow/example_dags/example_skip_dag.py for tasks to queue
[2022-09-02 21:46:51,457] {logging_mixin.py:115} INFO - [2022-09-02 21:46:51,457] {dagbag.py:508} INFO - Filling up the DagBag from /home/airflow/.local/lib/python3.7/site-packages/airflow/example_dags/example_skip_dag.py
[2022-09-02 21:46:51,465] {processor.py:651} INFO - DAG(s) dict_keys(['example_skip_dag']) retrieved from /home/airflow/.local/lib/python3.7/site-packages/airflow/example_dags/example_skip_dag.py
[2022-09-02 21:46:51,507] {logging_mixin.py:115} INFO - [2022-09-02 21:46:51,507] {dag.py:2420} INFO - Sync 1 DAGs
[2022-09-02 21:46:51,536] {logging_mixin.py:115} INFO - [2022-09-02 21:46:51,536] {dag.py:2972} INFO - Setting next_dagrun for example_skip_dag to 2022-09-01T21:46:51.535928+00:00, run_after=2022-09-02T21:46:51.535928+00:00
[2022-09-02 21:46:51,551] {processor.py:161} INFO - Processing /home/airflow/.local/lib/python3.7/site-packages/airflow/example_dags/example_skip_dag.py took 0.100 seconds
[2022-09-02 21:47:21,671] {processor.py:153} INFO - Started process (PID=174) to work on /home/airflow/.local/lib/python3.7/site-packages/airflow/example_dags/example_skip_dag.py
[2022-09-02 21:47:21,673] {processor.py:641} INFO - Processing file /home/airflow/.local/lib/python3.7/site-packages/airflow/example_dags/example_skip_dag.py for tasks to queue
[2022-09-02 21:47:21,674] {logging_mixin.py:115} INFO - [2022-09-02 21:47:21,674] {dagbag.py:508} INFO - Filling up the DagBag from /home/airflow/.local/lib/python3.7/site-packages/airflow/example_dags/example_skip_dag.py
[2022-09-02 21:47:21,682] {processor.py:651} INFO - DAG(s) dict_keys(['example_skip_dag']) retrieved from /home/airflow/.local/lib/python3.7/site-packages/airflow/example_dags/example_skip_dag.py
[2022-09-02 21:47:21,721] {logging_mixin.py:115} INFO - [2022-09-02 21:47:21,721] {dag.py:2420} INFO - Sync 1 DAGs
[2022-09-02 21:47:21,750] {logging_mixin.py:115} INFO - [2022-09-02 21:47:21,750] {dag.py:2972} INFO - Setting next_dagrun for example_skip_dag to 2022-09-01T21:47:21.749714+00:00, run_after=2022-09-02T21:47:21.749714+00:00
[2022-09-02 21:47:21,764] {processor.py:161} INFO - Processing /home/airflow/.local/lib/python3.7/site-packages/airflow/example_dags/example_skip_dag.py took 0.098 seconds
[2022-09-02 21:47:51,939] {processor.py:153} INFO - Started process (PID=238) to work on /home/airflow/.local/lib/python3.7/site-packages/airflow/example_dags/example_skip_dag.py
[2022-09-02 21:47:51,941] {processor.py:641} INFO - Processing file /home/airflow/.local/lib/python3.7/site-packages/airflow/example_dags/example_skip_dag.py for tasks to queue
[2022-09-02 21:47:51,942] {logging_mixin.py:115} INFO - [2022-09-02 21:47:51,942] {dagbag.py:508} INFO - Filling up the DagBag from /home/airflow/.local/lib/python3.7/site-packages/airflow/example_dags/example_skip_dag.py
[2022-09-02 21:47:51,953] {processor.py:651} INFO - DAG(s) dict_keys(['example_skip_dag']) retrieved from /home/airflow/.local/lib/python3.7/site-packages/airflow/example_dags/example_skip_dag.py
[2022-09-02 21:47:52,002] {logging_mixin.py:115} INFO - [2022-09-02 21:47:52,002] {dag.py:2420} INFO - Sync 1 DAGs
[2022-09-02 21:47:52,031] {logging_mixin.py:115} INFO - [2022-09-02 21:47:52,031] {dag.py:2972} INFO - Setting next_dagrun for example_skip_dag to 2022-09-01T21:47:52.031202+00:00, run_after=2022-09-02T21:47:52.031202+00:00
[2022-09-02 21:47:52,046] {processor.py:161} INFO - Processing /home/airflow/.local/lib/python3.7/site-packages/airflow/example_dags/example_skip_dag.py took 0.114 seconds
[2022-09-02 21:48:22,110] {processor.py:153} INFO - Started process (PID=294) to work on /home/airflow/.local/lib/python3.7/site-packages/airflow/example_dags/example_skip_dag.py
[2022-09-02 21:48:22,112] {processor.py:641} INFO - Processing file /home/airflow/.local/lib/python3.7/site-packages/airflow/example_dags/example_skip_dag.py for tasks to queue
[2022-09-02 21:48:22,113] {logging_mixin.py:115} INFO - [2022-09-02 21:48:22,113] {dagbag.py:508} INFO - Filling up the DagBag from /home/airflow/.local/lib/python3.7/site-packages/airflow/example_dags/example_skip_dag.py
[2022-09-02 21:48:22,120] {processor.py:651} INFO - DAG(s) dict_keys(['example_skip_dag']) retrieved from /home/airflow/.local/lib/python3.7/site-packages/airflow/example_dags/example_skip_dag.py
[2022-09-02 21:48:22,157] {logging_mixin.py:115} INFO - [2022-09-02 21:48:22,157] {dag.py:2420} INFO - Sync 1 DAGs
[2022-09-02 21:48:22,190] {logging_mixin.py:115} INFO - [2022-09-02 21:48:22,190] {dag.py:2972} INFO - Setting next_dagrun for example_skip_dag to 2022-09-01T21:48:22.189756+00:00, run_after=2022-09-02T21:48:22.189756+00:00
[2022-09-02 21:48:22,206] {processor.py:161} INFO - Processing /home/airflow/.local/lib/python3.7/site-packages/airflow/example_dags/example_skip_dag.py took 0.101 seconds
[2022-09-02 21:48:52,749] {processor.py:153} INFO - Started process (PID=359) to work on /home/airflow/.local/lib/python3.7/site-packages/airflow/example_dags/example_skip_dag.py
[2022-09-02 21:48:52,751] {processor.py:641} INFO - Processing file /home/airflow/.local/lib/python3.7/site-packages/airflow/example_dags/example_skip_dag.py for tasks to queue
[2022-09-02 21:48:52,752] {logging_mixin.py:115} INFO - [2022-09-02 21:48:52,752] {dagbag.py:508} INFO - Filling up the DagBag from /home/airflow/.local/lib/python3.7/site-packages/airflow/example_dags/example_skip_dag.py
[2022-09-02 21:48:52,760] {processor.py:651} INFO - DAG(s) dict_keys(['example_skip_dag']) retrieved from /home/airflow/.local/lib/python3.7/site-packages/airflow/example_dags/example_skip_dag.py
[2022-09-02 21:48:52,798] {logging_mixin.py:115} INFO - [2022-09-02 21:48:52,798] {dag.py:2420} INFO - Sync 1 DAGs
[2022-09-02 21:48:52,826] {logging_mixin.py:115} INFO - [2022-09-02 21:48:52,826] {dag.py:2972} INFO - Setting next_dagrun for example_skip_dag to 2022-09-01T21:48:52.825973+00:00, run_after=2022-09-02T21:48:52.825973+00:00
[2022-09-02 21:48:52,844] {processor.py:161} INFO - Processing /home/airflow/.local/lib/python3.7/site-packages/airflow/example_dags/example_skip_dag.py took 0.100 seconds
[2022-09-02 21:49:22,907] {processor.py:153} INFO - Started process (PID=425) to work on /home/airflow/.local/lib/python3.7/site-packages/airflow/example_dags/example_skip_dag.py
[2022-09-02 21:49:22,908] {processor.py:641} INFO - Processing file /home/airflow/.local/lib/python3.7/site-packages/airflow/example_dags/example_skip_dag.py for tasks to queue
[2022-09-02 21:49:22,909] {logging_mixin.py:115} INFO - [2022-09-02 21:49:22,909] {dagbag.py:508} INFO - Filling up the DagBag from /home/airflow/.local/lib/python3.7/site-packages/airflow/example_dags/example_skip_dag.py
[2022-09-02 21:49:22,920] {processor.py:651} INFO - DAG(s) dict_keys(['example_skip_dag']) retrieved from /home/airflow/.local/lib/python3.7/site-packages/airflow/example_dags/example_skip_dag.py
[2022-09-02 21:49:22,959] {logging_mixin.py:115} INFO - [2022-09-02 21:49:22,959] {dag.py:2420} INFO - Sync 1 DAGs
[2022-09-02 21:49:22,997] {logging_mixin.py:115} INFO - [2022-09-02 21:49:22,997] {dag.py:2972} INFO - Setting next_dagrun for example_skip_dag to 2022-09-01T21:49:22.996913+00:00, run_after=2022-09-02T21:49:22.996913+00:00
[2022-09-02 21:49:23,021] {processor.py:161} INFO - Processing /home/airflow/.local/lib/python3.7/site-packages/airflow/example_dags/example_skip_dag.py took 0.119 seconds
[2022-09-02 21:49:53,193] {processor.py:153} INFO - Started process (PID=482) to work on /home/airflow/.local/lib/python3.7/site-packages/airflow/example_dags/example_skip_dag.py
[2022-09-02 21:49:53,194] {processor.py:641} INFO - Processing file /home/airflow/.local/lib/python3.7/site-packages/airflow/example_dags/example_skip_dag.py for tasks to queue
[2022-09-02 21:49:53,195] {logging_mixin.py:115} INFO - [2022-09-02 21:49:53,195] {dagbag.py:508} INFO - Filling up the DagBag from /home/airflow/.local/lib/python3.7/site-packages/airflow/example_dags/example_skip_dag.py
[2022-09-02 21:49:53,202] {processor.py:651} INFO - DAG(s) dict_keys(['example_skip_dag']) retrieved from /home/airflow/.local/lib/python3.7/site-packages/airflow/example_dags/example_skip_dag.py
[2022-09-02 21:49:53,237] {logging_mixin.py:115} INFO - [2022-09-02 21:49:53,237] {dag.py:2420} INFO - Sync 1 DAGs
[2022-09-02 21:49:53,265] {logging_mixin.py:115} INFO - [2022-09-02 21:49:53,265] {dag.py:2972} INFO - Setting next_dagrun for example_skip_dag to 2022-09-01T21:49:53.264999+00:00, run_after=2022-09-02T21:49:53.264999+00:00
[2022-09-02 21:49:53,280] {processor.py:161} INFO - Processing /home/airflow/.local/lib/python3.7/site-packages/airflow/example_dags/example_skip_dag.py took 0.090 seconds
[2022-09-02 21:50:24,215] {processor.py:153} INFO - Started process (PID=547) to work on /home/airflow/.local/lib/python3.7/site-packages/airflow/example_dags/example_skip_dag.py
[2022-09-02 21:50:24,216] {processor.py:641} INFO - Processing file /home/airflow/.local/lib/python3.7/site-packages/airflow/example_dags/example_skip_dag.py for tasks to queue
[2022-09-02 21:50:24,217] {logging_mixin.py:115} INFO - [2022-09-02 21:50:24,217] {dagbag.py:508} INFO - Filling up the DagBag from /home/airflow/.local/lib/python3.7/site-packages/airflow/example_dags/example_skip_dag.py
[2022-09-02 21:50:24,225] {processor.py:651} INFO - DAG(s) dict_keys(['example_skip_dag']) retrieved from /home/airflow/.local/lib/python3.7/site-packages/airflow/example_dags/example_skip_dag.py
[2022-09-02 21:50:24,259] {logging_mixin.py:115} INFO - [2022-09-02 21:50:24,259] {dag.py:2420} INFO - Sync 1 DAGs
[2022-09-02 21:50:24,288] {logging_mixin.py:115} INFO - [2022-09-02 21:50:24,288] {dag.py:2972} INFO - Setting next_dagrun for example_skip_dag to 2022-09-01T21:50:24.288346+00:00, run_after=2022-09-02T21:50:24.288346+00:00
[2022-09-02 21:50:24,306] {processor.py:161} INFO - Processing /home/airflow/.local/lib/python3.7/site-packages/airflow/example_dags/example_skip_dag.py took 0.095 seconds
[2022-09-02 21:50:54,571] {processor.py:153} INFO - Started process (PID=609) to work on /home/airflow/.local/lib/python3.7/site-packages/airflow/example_dags/example_skip_dag.py
[2022-09-02 21:50:54,573] {processor.py:641} INFO - Processing file /home/airflow/.local/lib/python3.7/site-packages/airflow/example_dags/example_skip_dag.py for tasks to queue
[2022-09-02 21:50:54,574] {logging_mixin.py:115} INFO - [2022-09-02 21:50:54,574] {dagbag.py:508} INFO - Filling up the DagBag from /home/airflow/.local/lib/python3.7/site-packages/airflow/example_dags/example_skip_dag.py
[2022-09-02 21:50:54,582] {processor.py:651} INFO - DAG(s) dict_keys(['example_skip_dag']) retrieved from /home/airflow/.local/lib/python3.7/site-packages/airflow/example_dags/example_skip_dag.py
[2022-09-02 21:50:54,618] {logging_mixin.py:115} INFO - [2022-09-02 21:50:54,618] {dag.py:2420} INFO - Sync 1 DAGs
[2022-09-02 21:50:54,652] {logging_mixin.py:115} INFO - [2022-09-02 21:50:54,652] {dag.py:2972} INFO - Setting next_dagrun for example_skip_dag to 2022-09-01T21:50:54.652560+00:00, run_after=2022-09-02T21:50:54.652560+00:00
[2022-09-02 21:50:54,668] {processor.py:161} INFO - Processing /home/airflow/.local/lib/python3.7/site-packages/airflow/example_dags/example_skip_dag.py took 0.102 seconds
[2022-09-02 21:51:25,495] {processor.py:153} INFO - Started process (PID=669) to work on /home/airflow/.local/lib/python3.7/site-packages/airflow/example_dags/example_skip_dag.py
[2022-09-02 21:51:25,496] {processor.py:641} INFO - Processing file /home/airflow/.local/lib/python3.7/site-packages/airflow/example_dags/example_skip_dag.py for tasks to queue
[2022-09-02 21:51:25,498] {logging_mixin.py:115} INFO - [2022-09-02 21:51:25,497] {dagbag.py:508} INFO - Filling up the DagBag from /home/airflow/.local/lib/python3.7/site-packages/airflow/example_dags/example_skip_dag.py
[2022-09-02 21:51:25,504] {processor.py:651} INFO - DAG(s) dict_keys(['example_skip_dag']) retrieved from /home/airflow/.local/lib/python3.7/site-packages/airflow/example_dags/example_skip_dag.py
[2022-09-02 21:51:25,538] {logging_mixin.py:115} INFO - [2022-09-02 21:51:25,538] {dag.py:2420} INFO - Sync 1 DAGs
[2022-09-02 21:51:25,566] {logging_mixin.py:115} INFO - [2022-09-02 21:51:25,565] {dag.py:2972} INFO - Setting next_dagrun for example_skip_dag to 2022-09-01T21:51:25.565651+00:00, run_after=2022-09-02T21:51:25.565651+00:00
[2022-09-02 21:51:25,582] {processor.py:161} INFO - Processing /home/airflow/.local/lib/python3.7/site-packages/airflow/example_dags/example_skip_dag.py took 0.091 seconds
[2022-09-02 21:51:56,380] {processor.py:153} INFO - Started process (PID=735) to work on /home/airflow/.local/lib/python3.7/site-packages/airflow/example_dags/example_skip_dag.py
[2022-09-02 21:51:56,381] {processor.py:641} INFO - Processing file /home/airflow/.local/lib/python3.7/site-packages/airflow/example_dags/example_skip_dag.py for tasks to queue
[2022-09-02 21:51:56,382] {logging_mixin.py:115} INFO - [2022-09-02 21:51:56,382] {dagbag.py:508} INFO - Filling up the DagBag from /home/airflow/.local/lib/python3.7/site-packages/airflow/example_dags/example_skip_dag.py
[2022-09-02 21:51:56,389] {processor.py:651} INFO - DAG(s) dict_keys(['example_skip_dag']) retrieved from /home/airflow/.local/lib/python3.7/site-packages/airflow/example_dags/example_skip_dag.py
[2022-09-02 21:51:56,423] {logging_mixin.py:115} INFO - [2022-09-02 21:51:56,423] {dag.py:2420} INFO - Sync 1 DAGs
[2022-09-02 21:51:56,451] {logging_mixin.py:115} INFO - [2022-09-02 21:51:56,451] {dag.py:2972} INFO - Setting next_dagrun for example_skip_dag to 2022-09-01T21:51:56.451099+00:00, run_after=2022-09-02T21:51:56.451099+00:00
[2022-09-02 21:51:56,467] {processor.py:161} INFO - Processing /home/airflow/.local/lib/python3.7/site-packages/airflow/example_dags/example_skip_dag.py took 0.091 seconds
[2022-09-02 21:52:27,203] {processor.py:153} INFO - Started process (PID=799) to work on /home/airflow/.local/lib/python3.7/site-packages/airflow/example_dags/example_skip_dag.py
[2022-09-02 21:52:27,205] {processor.py:641} INFO - Processing file /home/airflow/.local/lib/python3.7/site-packages/airflow/example_dags/example_skip_dag.py for tasks to queue
[2022-09-02 21:52:27,207] {logging_mixin.py:115} INFO - [2022-09-02 21:52:27,207] {dagbag.py:508} INFO - Filling up the DagBag from /home/airflow/.local/lib/python3.7/site-packages/airflow/example_dags/example_skip_dag.py
[2022-09-02 21:52:27,227] {processor.py:651} INFO - DAG(s) dict_keys(['example_skip_dag']) retrieved from /home/airflow/.local/lib/python3.7/site-packages/airflow/example_dags/example_skip_dag.py
[2022-09-02 21:52:27,289] {logging_mixin.py:115} INFO - [2022-09-02 21:52:27,289] {dag.py:2420} INFO - Sync 1 DAGs
[2022-09-02 21:52:27,329] {logging_mixin.py:115} INFO - [2022-09-02 21:52:27,329] {dag.py:2972} INFO - Setting next_dagrun for example_skip_dag to 2022-09-01T21:52:27.329151+00:00, run_after=2022-09-02T21:52:27.329151+00:00
[2022-09-02 21:52:27,344] {processor.py:161} INFO - Processing /home/airflow/.local/lib/python3.7/site-packages/airflow/example_dags/example_skip_dag.py took 0.149 seconds
[2022-09-02 21:52:57,590] {processor.py:153} INFO - Started process (PID=857) to work on /home/airflow/.local/lib/python3.7/site-packages/airflow/example_dags/example_skip_dag.py
[2022-09-02 21:52:57,591] {processor.py:641} INFO - Processing file /home/airflow/.local/lib/python3.7/site-packages/airflow/example_dags/example_skip_dag.py for tasks to queue
[2022-09-02 21:52:57,592] {logging_mixin.py:115} INFO - [2022-09-02 21:52:57,592] {dagbag.py:508} INFO - Filling up the DagBag from /home/airflow/.local/lib/python3.7/site-packages/airflow/example_dags/example_skip_dag.py
[2022-09-02 21:52:57,602] {processor.py:651} INFO - DAG(s) dict_keys(['example_skip_dag']) retrieved from /home/airflow/.local/lib/python3.7/site-packages/airflow/example_dags/example_skip_dag.py
[2022-09-02 21:52:57,639] {logging_mixin.py:115} INFO - [2022-09-02 21:52:57,639] {dag.py:2420} INFO - Sync 1 DAGs
[2022-09-02 21:52:57,667] {logging_mixin.py:115} INFO - [2022-09-02 21:52:57,667] {dag.py:2972} INFO - Setting next_dagrun for example_skip_dag to 2022-09-01T21:52:57.667621+00:00, run_after=2022-09-02T21:52:57.667621+00:00
[2022-09-02 21:52:57,684] {processor.py:161} INFO - Processing /home/airflow/.local/lib/python3.7/site-packages/airflow/example_dags/example_skip_dag.py took 0.099 seconds
[2022-09-02 21:53:28,510] {processor.py:153} INFO - Started process (PID=925) to work on /home/airflow/.local/lib/python3.7/site-packages/airflow/example_dags/example_skip_dag.py
[2022-09-02 21:53:28,511] {processor.py:641} INFO - Processing file /home/airflow/.local/lib/python3.7/site-packages/airflow/example_dags/example_skip_dag.py for tasks to queue
[2022-09-02 21:53:28,512] {logging_mixin.py:115} INFO - [2022-09-02 21:53:28,512] {dagbag.py:508} INFO - Filling up the DagBag from /home/airflow/.local/lib/python3.7/site-packages/airflow/example_dags/example_skip_dag.py
[2022-09-02 21:53:28,519] {processor.py:651} INFO - DAG(s) dict_keys(['example_skip_dag']) retrieved from /home/airflow/.local/lib/python3.7/site-packages/airflow/example_dags/example_skip_dag.py
[2022-09-02 21:53:28,556] {logging_mixin.py:115} INFO - [2022-09-02 21:53:28,556] {dag.py:2420} INFO - Sync 1 DAGs
[2022-09-02 21:53:28,594] {logging_mixin.py:115} INFO - [2022-09-02 21:53:28,594] {dag.py:2972} INFO - Setting next_dagrun for example_skip_dag to 2022-09-01T21:53:28.594060+00:00, run_after=2022-09-02T21:53:28.594060+00:00
[2022-09-02 21:53:28,614] {processor.py:161} INFO - Processing /home/airflow/.local/lib/python3.7/site-packages/airflow/example_dags/example_skip_dag.py took 0.108 seconds
[2022-09-02 21:53:59,479] {processor.py:153} INFO - Started process (PID=984) to work on /home/airflow/.local/lib/python3.7/site-packages/airflow/example_dags/example_skip_dag.py
[2022-09-02 21:53:59,481] {processor.py:641} INFO - Processing file /home/airflow/.local/lib/python3.7/site-packages/airflow/example_dags/example_skip_dag.py for tasks to queue
[2022-09-02 21:53:59,482] {logging_mixin.py:115} INFO - [2022-09-02 21:53:59,482] {dagbag.py:508} INFO - Filling up the DagBag from /home/airflow/.local/lib/python3.7/site-packages/airflow/example_dags/example_skip_dag.py
[2022-09-02 21:53:59,489] {processor.py:651} INFO - DAG(s) dict_keys(['example_skip_dag']) retrieved from /home/airflow/.local/lib/python3.7/site-packages/airflow/example_dags/example_skip_dag.py
[2022-09-02 21:53:59,524] {logging_mixin.py:115} INFO - [2022-09-02 21:53:59,524] {dag.py:2420} INFO - Sync 1 DAGs
[2022-09-02 21:53:59,553] {logging_mixin.py:115} INFO - [2022-09-02 21:53:59,553] {dag.py:2972} INFO - Setting next_dagrun for example_skip_dag to 2022-09-01T21:53:59.553147+00:00, run_after=2022-09-02T21:53:59.553147+00:00
[2022-09-02 21:53:59,569] {processor.py:161} INFO - Processing /home/airflow/.local/lib/python3.7/site-packages/airflow/example_dags/example_skip_dag.py took 0.094 seconds
[2022-09-02 21:54:29,807] {processor.py:153} INFO - Started process (PID=1050) to work on /home/airflow/.local/lib/python3.7/site-packages/airflow/example_dags/example_skip_dag.py
[2022-09-02 21:54:29,809] {processor.py:641} INFO - Processing file /home/airflow/.local/lib/python3.7/site-packages/airflow/example_dags/example_skip_dag.py for tasks to queue
[2022-09-02 21:54:29,810] {logging_mixin.py:115} INFO - [2022-09-02 21:54:29,810] {dagbag.py:508} INFO - Filling up the DagBag from /home/airflow/.local/lib/python3.7/site-packages/airflow/example_dags/example_skip_dag.py
[2022-09-02 21:54:29,817] {processor.py:651} INFO - DAG(s) dict_keys(['example_skip_dag']) retrieved from /home/airflow/.local/lib/python3.7/site-packages/airflow/example_dags/example_skip_dag.py
[2022-09-02 21:54:29,852] {logging_mixin.py:115} INFO - [2022-09-02 21:54:29,852] {dag.py:2420} INFO - Sync 1 DAGs
[2022-09-02 21:54:29,883] {logging_mixin.py:115} INFO - [2022-09-02 21:54:29,883] {dag.py:2972} INFO - Setting next_dagrun for example_skip_dag to 2022-09-01T21:54:29.883005+00:00, run_after=2022-09-02T21:54:29.883005+00:00
[2022-09-02 21:54:29,899] {processor.py:161} INFO - Processing /home/airflow/.local/lib/python3.7/site-packages/airflow/example_dags/example_skip_dag.py took 0.096 seconds
[2022-09-02 21:55:00,669] {processor.py:153} INFO - Started process (PID=1106) to work on /home/airflow/.local/lib/python3.7/site-packages/airflow/example_dags/example_skip_dag.py
[2022-09-02 21:55:00,670] {processor.py:641} INFO - Processing file /home/airflow/.local/lib/python3.7/site-packages/airflow/example_dags/example_skip_dag.py for tasks to queue
[2022-09-02 21:55:00,672] {logging_mixin.py:115} INFO - [2022-09-02 21:55:00,671] {dagbag.py:508} INFO - Filling up the DagBag from /home/airflow/.local/lib/python3.7/site-packages/airflow/example_dags/example_skip_dag.py
[2022-09-02 21:55:00,678] {processor.py:651} INFO - DAG(s) dict_keys(['example_skip_dag']) retrieved from /home/airflow/.local/lib/python3.7/site-packages/airflow/example_dags/example_skip_dag.py
[2022-09-02 21:55:00,713] {logging_mixin.py:115} INFO - [2022-09-02 21:55:00,713] {dag.py:2420} INFO - Sync 1 DAGs
[2022-09-02 21:55:00,747] {logging_mixin.py:115} INFO - [2022-09-02 21:55:00,747] {dag.py:2972} INFO - Setting next_dagrun for example_skip_dag to 2022-09-01T21:55:00.747322+00:00, run_after=2022-09-02T21:55:00.747322+00:00
[2022-09-02 21:55:00,764] {processor.py:161} INFO - Processing /home/airflow/.local/lib/python3.7/site-packages/airflow/example_dags/example_skip_dag.py took 0.099 seconds
[2022-09-02 21:55:31,376] {processor.py:153} INFO - Started process (PID=1171) to work on /home/airflow/.local/lib/python3.7/site-packages/airflow/example_dags/example_skip_dag.py
[2022-09-02 21:55:31,377] {processor.py:641} INFO - Processing file /home/airflow/.local/lib/python3.7/site-packages/airflow/example_dags/example_skip_dag.py for tasks to queue
[2022-09-02 21:55:31,378] {logging_mixin.py:115} INFO - [2022-09-02 21:55:31,378] {dagbag.py:508} INFO - Filling up the DagBag from /home/airflow/.local/lib/python3.7/site-packages/airflow/example_dags/example_skip_dag.py
[2022-09-02 21:55:31,385] {processor.py:651} INFO - DAG(s) dict_keys(['example_skip_dag']) retrieved from /home/airflow/.local/lib/python3.7/site-packages/airflow/example_dags/example_skip_dag.py
[2022-09-02 21:55:31,419] {logging_mixin.py:115} INFO - [2022-09-02 21:55:31,419] {dag.py:2420} INFO - Sync 1 DAGs
[2022-09-02 21:55:31,449] {logging_mixin.py:115} INFO - [2022-09-02 21:55:31,449] {dag.py:2972} INFO - Setting next_dagrun for example_skip_dag to 2022-09-01T21:55:31.449283+00:00, run_after=2022-09-02T21:55:31.449283+00:00
[2022-09-02 21:55:31,465] {processor.py:161} INFO - Processing /home/airflow/.local/lib/python3.7/site-packages/airflow/example_dags/example_skip_dag.py took 0.094 seconds
[2022-09-02 21:56:02,451] {processor.py:153} INFO - Started process (PID=1236) to work on /home/airflow/.local/lib/python3.7/site-packages/airflow/example_dags/example_skip_dag.py
[2022-09-02 21:56:02,453] {processor.py:641} INFO - Processing file /home/airflow/.local/lib/python3.7/site-packages/airflow/example_dags/example_skip_dag.py for tasks to queue
[2022-09-02 21:56:02,455] {logging_mixin.py:115} INFO - [2022-09-02 21:56:02,455] {dagbag.py:508} INFO - Filling up the DagBag from /home/airflow/.local/lib/python3.7/site-packages/airflow/example_dags/example_skip_dag.py
[2022-09-02 21:56:02,464] {processor.py:651} INFO - DAG(s) dict_keys(['example_skip_dag']) retrieved from /home/airflow/.local/lib/python3.7/site-packages/airflow/example_dags/example_skip_dag.py
[2022-09-02 21:56:02,510] {logging_mixin.py:115} INFO - [2022-09-02 21:56:02,510] {dag.py:2420} INFO - Sync 1 DAGs
[2022-09-02 21:56:02,548] {logging_mixin.py:115} INFO - [2022-09-02 21:56:02,548] {dag.py:2972} INFO - Setting next_dagrun for example_skip_dag to 2022-09-01T21:56:02.547817+00:00, run_after=2022-09-02T21:56:02.547817+00:00
[2022-09-02 21:56:02,563] {processor.py:161} INFO - Processing /home/airflow/.local/lib/python3.7/site-packages/airflow/example_dags/example_skip_dag.py took 0.116 seconds
[2022-09-02 21:56:33,605] {processor.py:153} INFO - Started process (PID=1292) to work on /home/airflow/.local/lib/python3.7/site-packages/airflow/example_dags/example_skip_dag.py
[2022-09-02 21:56:33,606] {processor.py:641} INFO - Processing file /home/airflow/.local/lib/python3.7/site-packages/airflow/example_dags/example_skip_dag.py for tasks to queue
[2022-09-02 21:56:33,609] {logging_mixin.py:115} INFO - [2022-09-02 21:56:33,608] {dagbag.py:508} INFO - Filling up the DagBag from /home/airflow/.local/lib/python3.7/site-packages/airflow/example_dags/example_skip_dag.py
[2022-09-02 21:56:33,625] {processor.py:651} INFO - DAG(s) dict_keys(['example_skip_dag']) retrieved from /home/airflow/.local/lib/python3.7/site-packages/airflow/example_dags/example_skip_dag.py
[2022-09-02 21:56:33,672] {logging_mixin.py:115} INFO - [2022-09-02 21:56:33,672] {dag.py:2420} INFO - Sync 1 DAGs
[2022-09-02 21:56:33,704] {logging_mixin.py:115} INFO - [2022-09-02 21:56:33,704] {dag.py:2972} INFO - Setting next_dagrun for example_skip_dag to 2022-09-01T21:56:33.704005+00:00, run_after=2022-09-02T21:56:33.704005+00:00
[2022-09-02 21:56:33,725] {processor.py:161} INFO - Processing /home/airflow/.local/lib/python3.7/site-packages/airflow/example_dags/example_skip_dag.py took 0.130 seconds
[2022-09-02 21:57:04,018] {processor.py:153} INFO - Started process (PID=1357) to work on /home/airflow/.local/lib/python3.7/site-packages/airflow/example_dags/example_skip_dag.py
[2022-09-02 21:57:04,019] {processor.py:641} INFO - Processing file /home/airflow/.local/lib/python3.7/site-packages/airflow/example_dags/example_skip_dag.py for tasks to queue
[2022-09-02 21:57:04,021] {logging_mixin.py:115} INFO - [2022-09-02 21:57:04,021] {dagbag.py:508} INFO - Filling up the DagBag from /home/airflow/.local/lib/python3.7/site-packages/airflow/example_dags/example_skip_dag.py
[2022-09-02 21:57:04,029] {processor.py:651} INFO - DAG(s) dict_keys(['example_skip_dag']) retrieved from /home/airflow/.local/lib/python3.7/site-packages/airflow/example_dags/example_skip_dag.py
[2022-09-02 21:57:04,069] {logging_mixin.py:115} INFO - [2022-09-02 21:57:04,069] {dag.py:2420} INFO - Sync 1 DAGs
[2022-09-02 21:57:04,101] {logging_mixin.py:115} INFO - [2022-09-02 21:57:04,101] {dag.py:2972} INFO - Setting next_dagrun for example_skip_dag to 2022-09-01T21:57:04.101530+00:00, run_after=2022-09-02T21:57:04.101530+00:00
[2022-09-02 21:57:04,124] {processor.py:161} INFO - Processing /home/airflow/.local/lib/python3.7/site-packages/airflow/example_dags/example_skip_dag.py took 0.112 seconds
[2022-09-02 21:57:34,308] {processor.py:153} INFO - Started process (PID=1413) to work on /home/airflow/.local/lib/python3.7/site-packages/airflow/example_dags/example_skip_dag.py
[2022-09-02 21:57:34,310] {processor.py:641} INFO - Processing file /home/airflow/.local/lib/python3.7/site-packages/airflow/example_dags/example_skip_dag.py for tasks to queue
[2022-09-02 21:57:34,311] {logging_mixin.py:115} INFO - [2022-09-02 21:57:34,311] {dagbag.py:508} INFO - Filling up the DagBag from /home/airflow/.local/lib/python3.7/site-packages/airflow/example_dags/example_skip_dag.py
[2022-09-02 21:57:34,321] {processor.py:651} INFO - DAG(s) dict_keys(['example_skip_dag']) retrieved from /home/airflow/.local/lib/python3.7/site-packages/airflow/example_dags/example_skip_dag.py
[2022-09-02 21:57:34,356] {logging_mixin.py:115} INFO - [2022-09-02 21:57:34,356] {dag.py:2420} INFO - Sync 1 DAGs
[2022-09-02 21:57:34,385] {logging_mixin.py:115} INFO - [2022-09-02 21:57:34,385] {dag.py:2972} INFO - Setting next_dagrun for example_skip_dag to 2022-09-01T21:57:34.385426+00:00, run_after=2022-09-02T21:57:34.385426+00:00
[2022-09-02 21:57:34,401] {processor.py:161} INFO - Processing /home/airflow/.local/lib/python3.7/site-packages/airflow/example_dags/example_skip_dag.py took 0.108 seconds
[2022-09-02 21:58:04,755] {processor.py:153} INFO - Started process (PID=1479) to work on /home/airflow/.local/lib/python3.7/site-packages/airflow/example_dags/example_skip_dag.py
[2022-09-02 21:58:04,756] {processor.py:641} INFO - Processing file /home/airflow/.local/lib/python3.7/site-packages/airflow/example_dags/example_skip_dag.py for tasks to queue
[2022-09-02 21:58:04,758] {logging_mixin.py:115} INFO - [2022-09-02 21:58:04,758] {dagbag.py:508} INFO - Filling up the DagBag from /home/airflow/.local/lib/python3.7/site-packages/airflow/example_dags/example_skip_dag.py
[2022-09-02 21:58:04,765] {processor.py:651} INFO - DAG(s) dict_keys(['example_skip_dag']) retrieved from /home/airflow/.local/lib/python3.7/site-packages/airflow/example_dags/example_skip_dag.py
[2022-09-02 21:58:04,807] {logging_mixin.py:115} INFO - [2022-09-02 21:58:04,807] {dag.py:2420} INFO - Sync 1 DAGs
[2022-09-02 21:58:04,837] {logging_mixin.py:115} INFO - [2022-09-02 21:58:04,836] {dag.py:2972} INFO - Setting next_dagrun for example_skip_dag to 2022-09-01T21:58:04.836705+00:00, run_after=2022-09-02T21:58:04.836705+00:00
[2022-09-02 21:58:04,853] {processor.py:161} INFO - Processing /home/airflow/.local/lib/python3.7/site-packages/airflow/example_dags/example_skip_dag.py took 0.103 seconds
[2022-09-02 21:58:35,058] {processor.py:153} INFO - Started process (PID=1544) to work on /home/airflow/.local/lib/python3.7/site-packages/airflow/example_dags/example_skip_dag.py
[2022-09-02 21:58:35,060] {processor.py:641} INFO - Processing file /home/airflow/.local/lib/python3.7/site-packages/airflow/example_dags/example_skip_dag.py for tasks to queue
[2022-09-02 21:58:35,061] {logging_mixin.py:115} INFO - [2022-09-02 21:58:35,061] {dagbag.py:508} INFO - Filling up the DagBag from /home/airflow/.local/lib/python3.7/site-packages/airflow/example_dags/example_skip_dag.py
[2022-09-02 21:58:35,071] {processor.py:651} INFO - DAG(s) dict_keys(['example_skip_dag']) retrieved from /home/airflow/.local/lib/python3.7/site-packages/airflow/example_dags/example_skip_dag.py
[2022-09-02 21:58:35,113] {logging_mixin.py:115} INFO - [2022-09-02 21:58:35,113] {dag.py:2420} INFO - Sync 1 DAGs
[2022-09-02 21:58:35,144] {logging_mixin.py:115} INFO - [2022-09-02 21:58:35,144] {dag.py:2972} INFO - Setting next_dagrun for example_skip_dag to 2022-09-01T21:58:35.143654+00:00, run_after=2022-09-02T21:58:35.143654+00:00
[2022-09-02 21:58:35,165] {processor.py:161} INFO - Processing /home/airflow/.local/lib/python3.7/site-packages/airflow/example_dags/example_skip_dag.py took 0.112 seconds
[2022-09-02 21:59:05,659] {processor.py:153} INFO - Started process (PID=1600) to work on /home/airflow/.local/lib/python3.7/site-packages/airflow/example_dags/example_skip_dag.py
[2022-09-02 21:59:05,660] {processor.py:641} INFO - Processing file /home/airflow/.local/lib/python3.7/site-packages/airflow/example_dags/example_skip_dag.py for tasks to queue
[2022-09-02 21:59:05,661] {logging_mixin.py:115} INFO - [2022-09-02 21:59:05,661] {dagbag.py:508} INFO - Filling up the DagBag from /home/airflow/.local/lib/python3.7/site-packages/airflow/example_dags/example_skip_dag.py
[2022-09-02 21:59:05,669] {processor.py:651} INFO - DAG(s) dict_keys(['example_skip_dag']) retrieved from /home/airflow/.local/lib/python3.7/site-packages/airflow/example_dags/example_skip_dag.py
[2022-09-02 21:59:05,705] {logging_mixin.py:115} INFO - [2022-09-02 21:59:05,704] {dag.py:2420} INFO - Sync 1 DAGs
[2022-09-02 21:59:05,733] {logging_mixin.py:115} INFO - [2022-09-02 21:59:05,732] {dag.py:2972} INFO - Setting next_dagrun for example_skip_dag to 2022-09-01T21:59:05.732649+00:00, run_after=2022-09-02T21:59:05.732649+00:00
[2022-09-02 21:59:05,749] {processor.py:161} INFO - Processing /home/airflow/.local/lib/python3.7/site-packages/airflow/example_dags/example_skip_dag.py took 0.095 seconds
[2022-09-02 21:59:36,701] {processor.py:153} INFO - Started process (PID=1665) to work on /home/airflow/.local/lib/python3.7/site-packages/airflow/example_dags/example_skip_dag.py
[2022-09-02 21:59:36,702] {processor.py:641} INFO - Processing file /home/airflow/.local/lib/python3.7/site-packages/airflow/example_dags/example_skip_dag.py for tasks to queue
[2022-09-02 21:59:36,703] {logging_mixin.py:115} INFO - [2022-09-02 21:59:36,703] {dagbag.py:508} INFO - Filling up the DagBag from /home/airflow/.local/lib/python3.7/site-packages/airflow/example_dags/example_skip_dag.py
[2022-09-02 21:59:36,710] {processor.py:651} INFO - DAG(s) dict_keys(['example_skip_dag']) retrieved from /home/airflow/.local/lib/python3.7/site-packages/airflow/example_dags/example_skip_dag.py
[2022-09-02 21:59:36,746] {logging_mixin.py:115} INFO - [2022-09-02 21:59:36,745] {dag.py:2420} INFO - Sync 1 DAGs
[2022-09-02 21:59:36,773] {logging_mixin.py:115} INFO - [2022-09-02 21:59:36,773] {dag.py:2972} INFO - Setting next_dagrun for example_skip_dag to 2022-09-01T21:59:36.773495+00:00, run_after=2022-09-02T21:59:36.773495+00:00
[2022-09-02 21:59:36,788] {processor.py:161} INFO - Processing /home/airflow/.local/lib/python3.7/site-packages/airflow/example_dags/example_skip_dag.py took 0.092 seconds
[2022-09-02 22:00:07,332] {processor.py:153} INFO - Started process (PID=1721) to work on /home/airflow/.local/lib/python3.7/site-packages/airflow/example_dags/example_skip_dag.py
[2022-09-02 22:00:07,335] {processor.py:641} INFO - Processing file /home/airflow/.local/lib/python3.7/site-packages/airflow/example_dags/example_skip_dag.py for tasks to queue
[2022-09-02 22:00:07,338] {logging_mixin.py:115} INFO - [2022-09-02 22:00:07,338] {dagbag.py:508} INFO - Filling up the DagBag from /home/airflow/.local/lib/python3.7/site-packages/airflow/example_dags/example_skip_dag.py
[2022-09-02 22:00:07,355] {processor.py:651} INFO - DAG(s) dict_keys(['example_skip_dag']) retrieved from /home/airflow/.local/lib/python3.7/site-packages/airflow/example_dags/example_skip_dag.py
[2022-09-02 22:00:07,414] {logging_mixin.py:115} INFO - [2022-09-02 22:00:07,413] {dag.py:2420} INFO - Sync 1 DAGs
[2022-09-02 22:00:07,445] {logging_mixin.py:115} INFO - [2022-09-02 22:00:07,445] {dag.py:2972} INFO - Setting next_dagrun for example_skip_dag to 2022-09-01T22:00:07.445427+00:00, run_after=2022-09-02T22:00:07.445427+00:00
[2022-09-02 22:00:07,464] {processor.py:161} INFO - Processing /home/airflow/.local/lib/python3.7/site-packages/airflow/example_dags/example_skip_dag.py took 0.139 seconds
[2022-09-02 22:28:45,170] {processor.py:153} INFO - Started process (PID=1768) to work on /home/airflow/.local/lib/python3.7/site-packages/airflow/example_dags/example_skip_dag.py
[2022-09-02 22:28:45,174] {processor.py:641} INFO - Processing file /home/airflow/.local/lib/python3.7/site-packages/airflow/example_dags/example_skip_dag.py for tasks to queue
[2022-09-02 22:28:45,177] {logging_mixin.py:115} INFO - [2022-09-02 22:28:45,177] {dagbag.py:508} INFO - Filling up the DagBag from /home/airflow/.local/lib/python3.7/site-packages/airflow/example_dags/example_skip_dag.py
[2022-09-02 22:28:45,203] {processor.py:651} INFO - DAG(s) dict_keys(['example_skip_dag']) retrieved from /home/airflow/.local/lib/python3.7/site-packages/airflow/example_dags/example_skip_dag.py
[2022-09-02 22:28:45,280] {logging_mixin.py:115} INFO - [2022-09-02 22:28:45,280] {dag.py:2420} INFO - Sync 1 DAGs
[2022-09-02 22:28:45,334] {logging_mixin.py:115} INFO - [2022-09-02 22:28:45,334] {dag.py:2972} INFO - Setting next_dagrun for example_skip_dag to 2022-09-01T22:28:45.334253+00:00, run_after=2022-09-02T22:28:45.334253+00:00
[2022-09-02 22:28:45,365] {processor.py:161} INFO - Processing /home/airflow/.local/lib/python3.7/site-packages/airflow/example_dags/example_skip_dag.py took 0.201 seconds
[2022-09-02 22:29:15,619] {processor.py:153} INFO - Started process (PID=1833) to work on /home/airflow/.local/lib/python3.7/site-packages/airflow/example_dags/example_skip_dag.py
[2022-09-02 22:29:15,621] {processor.py:641} INFO - Processing file /home/airflow/.local/lib/python3.7/site-packages/airflow/example_dags/example_skip_dag.py for tasks to queue
[2022-09-02 22:29:15,622] {logging_mixin.py:115} INFO - [2022-09-02 22:29:15,622] {dagbag.py:508} INFO - Filling up the DagBag from /home/airflow/.local/lib/python3.7/site-packages/airflow/example_dags/example_skip_dag.py
[2022-09-02 22:29:15,629] {processor.py:651} INFO - DAG(s) dict_keys(['example_skip_dag']) retrieved from /home/airflow/.local/lib/python3.7/site-packages/airflow/example_dags/example_skip_dag.py
[2022-09-02 22:29:15,666] {logging_mixin.py:115} INFO - [2022-09-02 22:29:15,666] {dag.py:2420} INFO - Sync 1 DAGs
[2022-09-02 22:29:15,692] {logging_mixin.py:115} INFO - [2022-09-02 22:29:15,692] {dag.py:2972} INFO - Setting next_dagrun for example_skip_dag to 2022-09-01T22:29:15.692092+00:00, run_after=2022-09-02T22:29:15.692092+00:00
[2022-09-02 22:29:15,709] {processor.py:161} INFO - Processing /home/airflow/.local/lib/python3.7/site-packages/airflow/example_dags/example_skip_dag.py took 0.094 seconds
[2022-09-02 22:29:45,830] {processor.py:153} INFO - Started process (PID=1889) to work on /home/airflow/.local/lib/python3.7/site-packages/airflow/example_dags/example_skip_dag.py
[2022-09-02 22:29:45,831] {processor.py:641} INFO - Processing file /home/airflow/.local/lib/python3.7/site-packages/airflow/example_dags/example_skip_dag.py for tasks to queue
[2022-09-02 22:29:45,832] {logging_mixin.py:115} INFO - [2022-09-02 22:29:45,832] {dagbag.py:508} INFO - Filling up the DagBag from /home/airflow/.local/lib/python3.7/site-packages/airflow/example_dags/example_skip_dag.py
[2022-09-02 22:29:45,839] {processor.py:651} INFO - DAG(s) dict_keys(['example_skip_dag']) retrieved from /home/airflow/.local/lib/python3.7/site-packages/airflow/example_dags/example_skip_dag.py
[2022-09-02 22:29:45,879] {logging_mixin.py:115} INFO - [2022-09-02 22:29:45,879] {dag.py:2420} INFO - Sync 1 DAGs
[2022-09-02 22:29:45,906] {logging_mixin.py:115} INFO - [2022-09-02 22:29:45,906] {dag.py:2972} INFO - Setting next_dagrun for example_skip_dag to 2022-09-01T22:29:45.906240+00:00, run_after=2022-09-02T22:29:45.906240+00:00
[2022-09-02 22:29:45,924] {processor.py:161} INFO - Processing /home/airflow/.local/lib/python3.7/site-packages/airflow/example_dags/example_skip_dag.py took 0.099 seconds
[2022-09-02 23:00:23,647] {processor.py:153} INFO - Started process (PID=1953) to work on /home/airflow/.local/lib/python3.7/site-packages/airflow/example_dags/example_skip_dag.py
[2022-09-02 23:00:23,668] {processor.py:641} INFO - Processing file /home/airflow/.local/lib/python3.7/site-packages/airflow/example_dags/example_skip_dag.py for tasks to queue
[2022-09-02 23:00:23,713] {logging_mixin.py:115} INFO - [2022-09-02 23:00:23,712] {dagbag.py:508} INFO - Filling up the DagBag from /home/airflow/.local/lib/python3.7/site-packages/airflow/example_dags/example_skip_dag.py
[2022-09-02 23:00:23,936] {processor.py:651} INFO - DAG(s) dict_keys(['example_skip_dag']) retrieved from /home/airflow/.local/lib/python3.7/site-packages/airflow/example_dags/example_skip_dag.py
[2022-09-02 23:00:24,954] {logging_mixin.py:115} INFO - [2022-09-02 23:00:24,939] {dag.py:2420} INFO - Sync 1 DAGs
[2022-09-02 23:00:25,355] {logging_mixin.py:115} INFO - [2022-09-02 23:00:25,354] {dag.py:2972} INFO - Setting next_dagrun for example_skip_dag to 2022-09-01T23:00:25.341949+00:00, run_after=2022-09-02T23:00:25.341949+00:00
[2022-09-02 23:00:25,537] {processor.py:161} INFO - Processing /home/airflow/.local/lib/python3.7/site-packages/airflow/example_dags/example_skip_dag.py took 2.030 seconds
[2022-09-02 23:01:12,955] {processor.py:153} INFO - Started process (PID=2009) to work on /home/airflow/.local/lib/python3.7/site-packages/airflow/example_dags/example_skip_dag.py
[2022-09-02 23:01:12,978] {processor.py:641} INFO - Processing file /home/airflow/.local/lib/python3.7/site-packages/airflow/example_dags/example_skip_dag.py for tasks to queue
[2022-09-02 23:01:12,999] {logging_mixin.py:115} INFO - [2022-09-02 23:01:12,998] {dagbag.py:508} INFO - Filling up the DagBag from /home/airflow/.local/lib/python3.7/site-packages/airflow/example_dags/example_skip_dag.py
[2022-09-02 23:01:13,206] {processor.py:651} INFO - DAG(s) dict_keys(['example_skip_dag']) retrieved from /home/airflow/.local/lib/python3.7/site-packages/airflow/example_dags/example_skip_dag.py
[2022-09-02 23:01:13,444] {logging_mixin.py:115} INFO - [2022-09-02 23:01:13,438] {dag.py:2420} INFO - Sync 1 DAGs
[2022-09-02 23:01:14,197] {logging_mixin.py:115} INFO - [2022-09-02 23:01:14,196] {dag.py:2972} INFO - Setting next_dagrun for example_skip_dag to 2022-09-01T23:01:14.193975+00:00, run_after=2022-09-02T23:01:14.193975+00:00
[2022-09-02 23:01:14,481] {processor.py:161} INFO - Processing /home/airflow/.local/lib/python3.7/site-packages/airflow/example_dags/example_skip_dag.py took 1.647 seconds
[2022-09-02 23:02:05,756] {processor.py:153} INFO - Started process (PID=2074) to work on /home/airflow/.local/lib/python3.7/site-packages/airflow/example_dags/example_skip_dag.py
[2022-09-02 23:02:05,783] {processor.py:641} INFO - Processing file /home/airflow/.local/lib/python3.7/site-packages/airflow/example_dags/example_skip_dag.py for tasks to queue
[2022-09-02 23:02:05,810] {logging_mixin.py:115} INFO - [2022-09-02 23:02:05,809] {dagbag.py:508} INFO - Filling up the DagBag from /home/airflow/.local/lib/python3.7/site-packages/airflow/example_dags/example_skip_dag.py
[2022-09-02 23:02:05,899] {processor.py:651} INFO - DAG(s) dict_keys(['example_skip_dag']) retrieved from /home/airflow/.local/lib/python3.7/site-packages/airflow/example_dags/example_skip_dag.py
[2022-09-02 23:02:06,679] {logging_mixin.py:115} INFO - [2022-09-02 23:02:06,678] {dag.py:2420} INFO - Sync 1 DAGs
[2022-09-02 23:02:07,133] {logging_mixin.py:115} INFO - [2022-09-02 23:02:07,126] {dag.py:2972} INFO - Setting next_dagrun for example_skip_dag to 2022-09-01T23:02:07.109123+00:00, run_after=2022-09-02T23:02:07.109123+00:00
[2022-09-02 23:02:07,275] {processor.py:161} INFO - Processing /home/airflow/.local/lib/python3.7/site-packages/airflow/example_dags/example_skip_dag.py took 1.588 seconds
[2022-09-02 23:02:38,288] {processor.py:153} INFO - Started process (PID=2129) to work on /home/airflow/.local/lib/python3.7/site-packages/airflow/example_dags/example_skip_dag.py
[2022-09-02 23:02:38,299] {processor.py:641} INFO - Processing file /home/airflow/.local/lib/python3.7/site-packages/airflow/example_dags/example_skip_dag.py for tasks to queue
[2022-09-02 23:02:38,312] {logging_mixin.py:115} INFO - [2022-09-02 23:02:38,310] {dagbag.py:508} INFO - Filling up the DagBag from /home/airflow/.local/lib/python3.7/site-packages/airflow/example_dags/example_skip_dag.py
[2022-09-02 23:02:38,360] {processor.py:651} INFO - DAG(s) dict_keys(['example_skip_dag']) retrieved from /home/airflow/.local/lib/python3.7/site-packages/airflow/example_dags/example_skip_dag.py
[2022-09-02 23:02:38,531] {logging_mixin.py:115} INFO - [2022-09-02 23:02:38,531] {dag.py:2420} INFO - Sync 1 DAGs
[2022-09-02 23:02:38,678] {logging_mixin.py:115} INFO - [2022-09-02 23:02:38,677] {dag.py:2972} INFO - Setting next_dagrun for example_skip_dag to 2022-09-01T23:02:38.676268+00:00, run_after=2022-09-02T23:02:38.676268+00:00
[2022-09-02 23:02:38,743] {processor.py:161} INFO - Processing /home/airflow/.local/lib/python3.7/site-packages/airflow/example_dags/example_skip_dag.py took 0.480 seconds
[2022-09-02 23:03:09,771] {processor.py:153} INFO - Started process (PID=2177) to work on /home/airflow/.local/lib/python3.7/site-packages/airflow/example_dags/example_skip_dag.py
[2022-09-02 23:03:09,782] {processor.py:641} INFO - Processing file /home/airflow/.local/lib/python3.7/site-packages/airflow/example_dags/example_skip_dag.py for tasks to queue
[2022-09-02 23:03:09,804] {logging_mixin.py:115} INFO - [2022-09-02 23:03:09,803] {dagbag.py:508} INFO - Filling up the DagBag from /home/airflow/.local/lib/python3.7/site-packages/airflow/example_dags/example_skip_dag.py
[2022-09-02 23:03:09,854] {processor.py:651} INFO - DAG(s) dict_keys(['example_skip_dag']) retrieved from /home/airflow/.local/lib/python3.7/site-packages/airflow/example_dags/example_skip_dag.py
[2022-09-02 23:03:10,080] {logging_mixin.py:115} INFO - [2022-09-02 23:03:10,076] {dag.py:2420} INFO - Sync 1 DAGs
[2022-09-02 23:03:10,246] {logging_mixin.py:115} INFO - [2022-09-02 23:03:10,246] {dag.py:2972} INFO - Setting next_dagrun for example_skip_dag to 2022-09-01T23:03:10.244363+00:00, run_after=2022-09-02T23:03:10.244363+00:00
[2022-09-02 23:03:10,378] {processor.py:161} INFO - Processing /home/airflow/.local/lib/python3.7/site-packages/airflow/example_dags/example_skip_dag.py took 0.683 seconds
[2022-09-02 23:03:40,697] {processor.py:153} INFO - Started process (PID=2233) to work on /home/airflow/.local/lib/python3.7/site-packages/airflow/example_dags/example_skip_dag.py
[2022-09-02 23:03:40,709] {processor.py:641} INFO - Processing file /home/airflow/.local/lib/python3.7/site-packages/airflow/example_dags/example_skip_dag.py for tasks to queue
[2022-09-02 23:03:40,715] {logging_mixin.py:115} INFO - [2022-09-02 23:03:40,715] {dagbag.py:508} INFO - Filling up the DagBag from /home/airflow/.local/lib/python3.7/site-packages/airflow/example_dags/example_skip_dag.py
[2022-09-02 23:03:40,800] {processor.py:651} INFO - DAG(s) dict_keys(['example_skip_dag']) retrieved from /home/airflow/.local/lib/python3.7/site-packages/airflow/example_dags/example_skip_dag.py
[2022-09-02 23:03:41,014] {logging_mixin.py:115} INFO - [2022-09-02 23:03:41,014] {dag.py:2420} INFO - Sync 1 DAGs
[2022-09-02 23:03:41,184] {logging_mixin.py:115} INFO - [2022-09-02 23:03:41,183] {dag.py:2972} INFO - Setting next_dagrun for example_skip_dag to 2022-09-01T23:03:41.182432+00:00, run_after=2022-09-02T23:03:41.182432+00:00
[2022-09-02 23:03:41,279] {processor.py:161} INFO - Processing /home/airflow/.local/lib/python3.7/site-packages/airflow/example_dags/example_skip_dag.py took 0.645 seconds
[2022-09-02 23:04:11,987] {processor.py:153} INFO - Started process (PID=2279) to work on /home/airflow/.local/lib/python3.7/site-packages/airflow/example_dags/example_skip_dag.py
[2022-09-02 23:04:11,999] {processor.py:641} INFO - Processing file /home/airflow/.local/lib/python3.7/site-packages/airflow/example_dags/example_skip_dag.py for tasks to queue
[2022-09-02 23:04:12,007] {logging_mixin.py:115} INFO - [2022-09-02 23:04:12,006] {dagbag.py:508} INFO - Filling up the DagBag from /home/airflow/.local/lib/python3.7/site-packages/airflow/example_dags/example_skip_dag.py
[2022-09-02 23:04:12,081] {processor.py:651} INFO - DAG(s) dict_keys(['example_skip_dag']) retrieved from /home/airflow/.local/lib/python3.7/site-packages/airflow/example_dags/example_skip_dag.py
[2022-09-02 23:04:12,350] {logging_mixin.py:115} INFO - [2022-09-02 23:04:12,350] {dag.py:2420} INFO - Sync 1 DAGs
[2022-09-02 23:04:12,543] {logging_mixin.py:115} INFO - [2022-09-02 23:04:12,542] {dag.py:2972} INFO - Setting next_dagrun for example_skip_dag to 2022-09-01T23:04:12.540949+00:00, run_after=2022-09-02T23:04:12.540949+00:00
[2022-09-02 23:04:12,643] {processor.py:161} INFO - Processing /home/airflow/.local/lib/python3.7/site-packages/airflow/example_dags/example_skip_dag.py took 0.701 seconds
[2022-09-02 23:06:42,200] {processor.py:153} INFO - Started process (PID=2343) to work on /home/airflow/.local/lib/python3.7/site-packages/airflow/example_dags/example_skip_dag.py
[2022-09-02 23:06:42,203] {processor.py:641} INFO - Processing file /home/airflow/.local/lib/python3.7/site-packages/airflow/example_dags/example_skip_dag.py for tasks to queue
[2022-09-02 23:06:42,205] {logging_mixin.py:115} INFO - [2022-09-02 23:06:42,205] {dagbag.py:508} INFO - Filling up the DagBag from /home/airflow/.local/lib/python3.7/site-packages/airflow/example_dags/example_skip_dag.py
[2022-09-02 23:06:42,221] {processor.py:651} INFO - DAG(s) dict_keys(['example_skip_dag']) retrieved from /home/airflow/.local/lib/python3.7/site-packages/airflow/example_dags/example_skip_dag.py
[2022-09-02 23:06:42,262] {logging_mixin.py:115} INFO - [2022-09-02 23:06:42,261] {dag.py:2420} INFO - Sync 1 DAGs
[2022-09-02 23:06:42,288] {logging_mixin.py:115} INFO - [2022-09-02 23:06:42,288] {dag.py:2972} INFO - Setting next_dagrun for example_skip_dag to 2022-09-01T23:06:42.288319+00:00, run_after=2022-09-02T23:06:42.288319+00:00
[2022-09-02 23:06:42,301] {processor.py:161} INFO - Processing /home/airflow/.local/lib/python3.7/site-packages/airflow/example_dags/example_skip_dag.py took 0.108 seconds
[2022-09-02 23:07:12,977] {processor.py:153} INFO - Started process (PID=2409) to work on /home/airflow/.local/lib/python3.7/site-packages/airflow/example_dags/example_skip_dag.py
[2022-09-02 23:07:12,979] {processor.py:641} INFO - Processing file /home/airflow/.local/lib/python3.7/site-packages/airflow/example_dags/example_skip_dag.py for tasks to queue
[2022-09-02 23:07:12,980] {logging_mixin.py:115} INFO - [2022-09-02 23:07:12,980] {dagbag.py:508} INFO - Filling up the DagBag from /home/airflow/.local/lib/python3.7/site-packages/airflow/example_dags/example_skip_dag.py
[2022-09-02 23:07:12,987] {processor.py:651} INFO - DAG(s) dict_keys(['example_skip_dag']) retrieved from /home/airflow/.local/lib/python3.7/site-packages/airflow/example_dags/example_skip_dag.py
[2022-09-02 23:07:13,024] {logging_mixin.py:115} INFO - [2022-09-02 23:07:13,024] {dag.py:2420} INFO - Sync 1 DAGs
[2022-09-02 23:07:13,051] {logging_mixin.py:115} INFO - [2022-09-02 23:07:13,051] {dag.py:2972} INFO - Setting next_dagrun for example_skip_dag to 2022-09-01T23:07:13.050850+00:00, run_after=2022-09-02T23:07:13.050850+00:00
[2022-09-02 23:07:13,065] {processor.py:161} INFO - Processing /home/airflow/.local/lib/python3.7/site-packages/airflow/example_dags/example_skip_dag.py took 0.092 seconds
[2022-09-02 23:07:44,101] {processor.py:153} INFO - Started process (PID=2474) to work on /home/airflow/.local/lib/python3.7/site-packages/airflow/example_dags/example_skip_dag.py
[2022-09-02 23:07:44,102] {processor.py:641} INFO - Processing file /home/airflow/.local/lib/python3.7/site-packages/airflow/example_dags/example_skip_dag.py for tasks to queue
[2022-09-02 23:07:44,103] {logging_mixin.py:115} INFO - [2022-09-02 23:07:44,103] {dagbag.py:508} INFO - Filling up the DagBag from /home/airflow/.local/lib/python3.7/site-packages/airflow/example_dags/example_skip_dag.py
[2022-09-02 23:07:44,111] {processor.py:651} INFO - DAG(s) dict_keys(['example_skip_dag']) retrieved from /home/airflow/.local/lib/python3.7/site-packages/airflow/example_dags/example_skip_dag.py
[2022-09-02 23:07:44,156] {logging_mixin.py:115} INFO - [2022-09-02 23:07:44,156] {dag.py:2420} INFO - Sync 1 DAGs
[2022-09-02 23:07:44,193] {logging_mixin.py:115} INFO - [2022-09-02 23:07:44,193] {dag.py:2972} INFO - Setting next_dagrun for example_skip_dag to 2022-09-01T23:07:44.193652+00:00, run_after=2022-09-02T23:07:44.193652+00:00
[2022-09-02 23:07:44,207] {processor.py:161} INFO - Processing /home/airflow/.local/lib/python3.7/site-packages/airflow/example_dags/example_skip_dag.py took 0.110 seconds
[2022-09-02 23:08:27,351] {processor.py:153} INFO - Started process (PID=2530) to work on /home/airflow/.local/lib/python3.7/site-packages/airflow/example_dags/example_skip_dag.py
[2022-09-02 23:08:27,353] {processor.py:641} INFO - Processing file /home/airflow/.local/lib/python3.7/site-packages/airflow/example_dags/example_skip_dag.py for tasks to queue
[2022-09-02 23:08:27,354] {logging_mixin.py:115} INFO - [2022-09-02 23:08:27,353] {dagbag.py:508} INFO - Filling up the DagBag from /home/airflow/.local/lib/python3.7/site-packages/airflow/example_dags/example_skip_dag.py
[2022-09-02 23:08:27,361] {processor.py:651} INFO - DAG(s) dict_keys(['example_skip_dag']) retrieved from /home/airflow/.local/lib/python3.7/site-packages/airflow/example_dags/example_skip_dag.py
[2022-09-02 23:08:27,396] {logging_mixin.py:115} INFO - [2022-09-02 23:08:27,396] {dag.py:2420} INFO - Sync 1 DAGs
[2022-09-02 23:08:27,425] {logging_mixin.py:115} INFO - [2022-09-02 23:08:27,424] {dag.py:2972} INFO - Setting next_dagrun for example_skip_dag to 2022-09-01T23:08:27.424591+00:00, run_after=2022-09-02T23:08:27.424591+00:00
[2022-09-02 23:08:27,439] {processor.py:161} INFO - Processing /home/airflow/.local/lib/python3.7/site-packages/airflow/example_dags/example_skip_dag.py took 0.093 seconds
[2022-09-02 23:08:58,605] {processor.py:153} INFO - Started process (PID=2596) to work on /home/airflow/.local/lib/python3.7/site-packages/airflow/example_dags/example_skip_dag.py
[2022-09-02 23:08:58,607] {processor.py:641} INFO - Processing file /home/airflow/.local/lib/python3.7/site-packages/airflow/example_dags/example_skip_dag.py for tasks to queue
[2022-09-02 23:08:58,608] {logging_mixin.py:115} INFO - [2022-09-02 23:08:58,608] {dagbag.py:508} INFO - Filling up the DagBag from /home/airflow/.local/lib/python3.7/site-packages/airflow/example_dags/example_skip_dag.py
[2022-09-02 23:08:58,618] {processor.py:651} INFO - DAG(s) dict_keys(['example_skip_dag']) retrieved from /home/airflow/.local/lib/python3.7/site-packages/airflow/example_dags/example_skip_dag.py
[2022-09-02 23:08:58,658] {logging_mixin.py:115} INFO - [2022-09-02 23:08:58,658] {dag.py:2420} INFO - Sync 1 DAGs
[2022-09-02 23:08:58,688] {logging_mixin.py:115} INFO - [2022-09-02 23:08:58,688] {dag.py:2972} INFO - Setting next_dagrun for example_skip_dag to 2022-09-01T23:08:58.687608+00:00, run_after=2022-09-02T23:08:58.687608+00:00
[2022-09-02 23:08:58,706] {processor.py:161} INFO - Processing /home/airflow/.local/lib/python3.7/site-packages/airflow/example_dags/example_skip_dag.py took 0.110 seconds
[2022-09-02 23:09:28,811] {processor.py:153} INFO - Started process (PID=2653) to work on /home/airflow/.local/lib/python3.7/site-packages/airflow/example_dags/example_skip_dag.py
[2022-09-02 23:09:28,813] {processor.py:641} INFO - Processing file /home/airflow/.local/lib/python3.7/site-packages/airflow/example_dags/example_skip_dag.py for tasks to queue
[2022-09-02 23:09:28,814] {logging_mixin.py:115} INFO - [2022-09-02 23:09:28,814] {dagbag.py:508} INFO - Filling up the DagBag from /home/airflow/.local/lib/python3.7/site-packages/airflow/example_dags/example_skip_dag.py
[2022-09-02 23:09:28,824] {processor.py:651} INFO - DAG(s) dict_keys(['example_skip_dag']) retrieved from /home/airflow/.local/lib/python3.7/site-packages/airflow/example_dags/example_skip_dag.py
[2022-09-02 23:09:28,861] {logging_mixin.py:115} INFO - [2022-09-02 23:09:28,861] {dag.py:2420} INFO - Sync 1 DAGs
[2022-09-02 23:09:28,889] {logging_mixin.py:115} INFO - [2022-09-02 23:09:28,889] {dag.py:2972} INFO - Setting next_dagrun for example_skip_dag to 2022-09-01T23:09:28.889527+00:00, run_after=2022-09-02T23:09:28.889527+00:00
[2022-09-02 23:09:28,905] {processor.py:161} INFO - Processing /home/airflow/.local/lib/python3.7/site-packages/airflow/example_dags/example_skip_dag.py took 0.100 seconds
[2022-09-02 23:10:05,439] {processor.py:153} INFO - Started process (PID=2710) to work on /home/airflow/.local/lib/python3.7/site-packages/airflow/example_dags/example_skip_dag.py
[2022-09-02 23:10:05,440] {processor.py:641} INFO - Processing file /home/airflow/.local/lib/python3.7/site-packages/airflow/example_dags/example_skip_dag.py for tasks to queue
[2022-09-02 23:10:05,442] {logging_mixin.py:115} INFO - [2022-09-02 23:10:05,442] {dagbag.py:508} INFO - Filling up the DagBag from /home/airflow/.local/lib/python3.7/site-packages/airflow/example_dags/example_skip_dag.py
[2022-09-02 23:10:05,448] {processor.py:651} INFO - DAG(s) dict_keys(['example_skip_dag']) retrieved from /home/airflow/.local/lib/python3.7/site-packages/airflow/example_dags/example_skip_dag.py
[2022-09-02 23:10:05,484] {logging_mixin.py:115} INFO - [2022-09-02 23:10:05,484] {dag.py:2420} INFO - Sync 1 DAGs
[2022-09-02 23:10:05,513] {logging_mixin.py:115} INFO - [2022-09-02 23:10:05,513] {dag.py:2972} INFO - Setting next_dagrun for example_skip_dag to 2022-09-01T23:10:05.512708+00:00, run_after=2022-09-02T23:10:05.512708+00:00
[2022-09-02 23:10:05,528] {processor.py:161} INFO - Processing /home/airflow/.local/lib/python3.7/site-packages/airflow/example_dags/example_skip_dag.py took 0.094 seconds
[2022-09-02 23:10:35,758] {processor.py:153} INFO - Started process (PID=2775) to work on /home/airflow/.local/lib/python3.7/site-packages/airflow/example_dags/example_skip_dag.py
[2022-09-02 23:10:35,761] {processor.py:641} INFO - Processing file /home/airflow/.local/lib/python3.7/site-packages/airflow/example_dags/example_skip_dag.py for tasks to queue
[2022-09-02 23:10:35,766] {logging_mixin.py:115} INFO - [2022-09-02 23:10:35,766] {dagbag.py:508} INFO - Filling up the DagBag from /home/airflow/.local/lib/python3.7/site-packages/airflow/example_dags/example_skip_dag.py
[2022-09-02 23:10:35,773] {processor.py:651} INFO - DAG(s) dict_keys(['example_skip_dag']) retrieved from /home/airflow/.local/lib/python3.7/site-packages/airflow/example_dags/example_skip_dag.py
[2022-09-02 23:10:35,812] {logging_mixin.py:115} INFO - [2022-09-02 23:10:35,812] {dag.py:2420} INFO - Sync 1 DAGs
[2022-09-02 23:10:35,844] {logging_mixin.py:115} INFO - [2022-09-02 23:10:35,844] {dag.py:2972} INFO - Setting next_dagrun for example_skip_dag to 2022-09-01T23:10:35.843735+00:00, run_after=2022-09-02T23:10:35.843735+00:00
[2022-09-02 23:10:35,860] {processor.py:161} INFO - Processing /home/airflow/.local/lib/python3.7/site-packages/airflow/example_dags/example_skip_dag.py took 0.111 seconds
[2022-09-02 23:11:06,108] {processor.py:153} INFO - Started process (PID=2840) to work on /home/airflow/.local/lib/python3.7/site-packages/airflow/example_dags/example_skip_dag.py
[2022-09-02 23:11:06,109] {processor.py:641} INFO - Processing file /home/airflow/.local/lib/python3.7/site-packages/airflow/example_dags/example_skip_dag.py for tasks to queue
[2022-09-02 23:11:06,111] {logging_mixin.py:115} INFO - [2022-09-02 23:11:06,110] {dagbag.py:508} INFO - Filling up the DagBag from /home/airflow/.local/lib/python3.7/site-packages/airflow/example_dags/example_skip_dag.py
[2022-09-02 23:11:06,119] {processor.py:651} INFO - DAG(s) dict_keys(['example_skip_dag']) retrieved from /home/airflow/.local/lib/python3.7/site-packages/airflow/example_dags/example_skip_dag.py
[2022-09-02 23:11:06,162] {logging_mixin.py:115} INFO - [2022-09-02 23:11:06,161] {dag.py:2420} INFO - Sync 1 DAGs
[2022-09-02 23:11:06,196] {logging_mixin.py:115} INFO - [2022-09-02 23:11:06,196] {dag.py:2972} INFO - Setting next_dagrun for example_skip_dag to 2022-09-01T23:11:06.196147+00:00, run_after=2022-09-02T23:11:06.196147+00:00
[2022-09-02 23:11:06,213] {processor.py:161} INFO - Processing /home/airflow/.local/lib/python3.7/site-packages/airflow/example_dags/example_skip_dag.py took 0.111 seconds
[2022-09-02 23:11:36,288] {processor.py:153} INFO - Started process (PID=2896) to work on /home/airflow/.local/lib/python3.7/site-packages/airflow/example_dags/example_skip_dag.py
[2022-09-02 23:11:36,289] {processor.py:641} INFO - Processing file /home/airflow/.local/lib/python3.7/site-packages/airflow/example_dags/example_skip_dag.py for tasks to queue
[2022-09-02 23:11:36,290] {logging_mixin.py:115} INFO - [2022-09-02 23:11:36,290] {dagbag.py:508} INFO - Filling up the DagBag from /home/airflow/.local/lib/python3.7/site-packages/airflow/example_dags/example_skip_dag.py
[2022-09-02 23:11:36,299] {processor.py:651} INFO - DAG(s) dict_keys(['example_skip_dag']) retrieved from /home/airflow/.local/lib/python3.7/site-packages/airflow/example_dags/example_skip_dag.py
[2022-09-02 23:11:36,333] {logging_mixin.py:115} INFO - [2022-09-02 23:11:36,333] {dag.py:2420} INFO - Sync 1 DAGs
[2022-09-02 23:11:36,366] {logging_mixin.py:115} INFO - [2022-09-02 23:11:36,366] {dag.py:2972} INFO - Setting next_dagrun for example_skip_dag to 2022-09-01T23:11:36.365770+00:00, run_after=2022-09-02T23:11:36.365770+00:00
[2022-09-02 23:11:36,384] {processor.py:161} INFO - Processing /home/airflow/.local/lib/python3.7/site-packages/airflow/example_dags/example_skip_dag.py took 0.101 seconds
[2022-09-02 23:12:06,574] {processor.py:153} INFO - Started process (PID=2962) to work on /home/airflow/.local/lib/python3.7/site-packages/airflow/example_dags/example_skip_dag.py
[2022-09-02 23:12:06,575] {processor.py:641} INFO - Processing file /home/airflow/.local/lib/python3.7/site-packages/airflow/example_dags/example_skip_dag.py for tasks to queue
[2022-09-02 23:12:06,576] {logging_mixin.py:115} INFO - [2022-09-02 23:12:06,576] {dagbag.py:508} INFO - Filling up the DagBag from /home/airflow/.local/lib/python3.7/site-packages/airflow/example_dags/example_skip_dag.py
[2022-09-02 23:12:06,584] {processor.py:651} INFO - DAG(s) dict_keys(['example_skip_dag']) retrieved from /home/airflow/.local/lib/python3.7/site-packages/airflow/example_dags/example_skip_dag.py
[2022-09-02 23:12:06,622] {logging_mixin.py:115} INFO - [2022-09-02 23:12:06,621] {dag.py:2420} INFO - Sync 1 DAGs
[2022-09-02 23:12:06,650] {logging_mixin.py:115} INFO - [2022-09-02 23:12:06,650] {dag.py:2972} INFO - Setting next_dagrun for example_skip_dag to 2022-09-01T23:12:06.649975+00:00, run_after=2022-09-02T23:12:06.649975+00:00
[2022-09-02 23:12:06,666] {processor.py:161} INFO - Processing /home/airflow/.local/lib/python3.7/site-packages/airflow/example_dags/example_skip_dag.py took 0.096 seconds
[2022-09-02 23:42:38,676] {processor.py:153} INFO - Started process (PID=3018) to work on /home/airflow/.local/lib/python3.7/site-packages/airflow/example_dags/example_skip_dag.py
[2022-09-02 23:42:38,698] {processor.py:641} INFO - Processing file /home/airflow/.local/lib/python3.7/site-packages/airflow/example_dags/example_skip_dag.py for tasks to queue
[2022-09-02 23:42:38,714] {logging_mixin.py:115} INFO - [2022-09-02 23:42:38,713] {dagbag.py:508} INFO - Filling up the DagBag from /home/airflow/.local/lib/python3.7/site-packages/airflow/example_dags/example_skip_dag.py
[2022-09-02 23:42:38,855] {processor.py:651} INFO - DAG(s) dict_keys(['example_skip_dag']) retrieved from /home/airflow/.local/lib/python3.7/site-packages/airflow/example_dags/example_skip_dag.py
[2022-09-02 23:42:39,326] {logging_mixin.py:115} INFO - [2022-09-02 23:42:39,325] {dag.py:2420} INFO - Sync 1 DAGs
[2022-09-02 23:42:39,817] {logging_mixin.py:115} INFO - [2022-09-02 23:42:39,816] {dag.py:2972} INFO - Setting next_dagrun for example_skip_dag to 2022-09-01T23:42:39.815560+00:00, run_after=2022-09-02T23:42:39.815560+00:00
[2022-09-02 23:42:40,009] {processor.py:161} INFO - Processing /home/airflow/.local/lib/python3.7/site-packages/airflow/example_dags/example_skip_dag.py took 1.396 seconds
[2022-09-02 23:43:11,653] {processor.py:153} INFO - Started process (PID=3075) to work on /home/airflow/.local/lib/python3.7/site-packages/airflow/example_dags/example_skip_dag.py
[2022-09-02 23:43:11,665] {processor.py:641} INFO - Processing file /home/airflow/.local/lib/python3.7/site-packages/airflow/example_dags/example_skip_dag.py for tasks to queue
[2022-09-02 23:43:11,672] {logging_mixin.py:115} INFO - [2022-09-02 23:43:11,671] {dagbag.py:508} INFO - Filling up the DagBag from /home/airflow/.local/lib/python3.7/site-packages/airflow/example_dags/example_skip_dag.py
[2022-09-02 23:43:11,681] {processor.py:651} INFO - DAG(s) dict_keys(['example_skip_dag']) retrieved from /home/airflow/.local/lib/python3.7/site-packages/airflow/example_dags/example_skip_dag.py
[2022-09-02 23:43:11,757] {logging_mixin.py:115} INFO - [2022-09-02 23:43:11,757] {dag.py:2420} INFO - Sync 1 DAGs
[2022-09-02 23:43:11,808] {logging_mixin.py:115} INFO - [2022-09-02 23:43:11,807] {dag.py:2972} INFO - Setting next_dagrun for example_skip_dag to 2022-09-01T23:43:11.807197+00:00, run_after=2022-09-02T23:43:11.807197+00:00
[2022-09-02 23:43:11,836] {processor.py:161} INFO - Processing /home/airflow/.local/lib/python3.7/site-packages/airflow/example_dags/example_skip_dag.py took 0.198 seconds
[2022-09-02 23:55:58,456] {processor.py:153} INFO - Started process (PID=3115) to work on /home/airflow/.local/lib/python3.7/site-packages/airflow/example_dags/example_skip_dag.py
[2022-09-02 23:55:58,458] {processor.py:641} INFO - Processing file /home/airflow/.local/lib/python3.7/site-packages/airflow/example_dags/example_skip_dag.py for tasks to queue
[2022-09-02 23:55:58,460] {logging_mixin.py:115} INFO - [2022-09-02 23:55:58,460] {dagbag.py:508} INFO - Filling up the DagBag from /home/airflow/.local/lib/python3.7/site-packages/airflow/example_dags/example_skip_dag.py
[2022-09-02 23:55:58,475] {processor.py:651} INFO - DAG(s) dict_keys(['example_skip_dag']) retrieved from /home/airflow/.local/lib/python3.7/site-packages/airflow/example_dags/example_skip_dag.py
[2022-09-02 23:55:58,540] {logging_mixin.py:115} INFO - [2022-09-02 23:55:58,540] {dag.py:2420} INFO - Sync 1 DAGs
[2022-09-02 23:55:58,588] {logging_mixin.py:115} INFO - [2022-09-02 23:55:58,588] {dag.py:2972} INFO - Setting next_dagrun for example_skip_dag to 2022-09-01T23:55:58.587737+00:00, run_after=2022-09-02T23:55:58.587737+00:00
[2022-09-02 23:55:58,613] {processor.py:161} INFO - Processing /home/airflow/.local/lib/python3.7/site-packages/airflow/example_dags/example_skip_dag.py took 0.173 seconds
[2022-09-02 23:56:32,185] {processor.py:153} INFO - Started process (PID=3171) to work on /home/airflow/.local/lib/python3.7/site-packages/airflow/example_dags/example_skip_dag.py
[2022-09-02 23:56:32,187] {processor.py:641} INFO - Processing file /home/airflow/.local/lib/python3.7/site-packages/airflow/example_dags/example_skip_dag.py for tasks to queue
[2022-09-02 23:56:32,188] {logging_mixin.py:115} INFO - [2022-09-02 23:56:32,188] {dagbag.py:508} INFO - Filling up the DagBag from /home/airflow/.local/lib/python3.7/site-packages/airflow/example_dags/example_skip_dag.py
[2022-09-02 23:56:32,200] {processor.py:651} INFO - DAG(s) dict_keys(['example_skip_dag']) retrieved from /home/airflow/.local/lib/python3.7/site-packages/airflow/example_dags/example_skip_dag.py
[2022-09-02 23:56:32,280] {logging_mixin.py:115} INFO - [2022-09-02 23:56:32,279] {dag.py:2420} INFO - Sync 1 DAGs
[2022-09-02 23:56:32,322] {logging_mixin.py:115} INFO - [2022-09-02 23:56:32,322] {dag.py:2972} INFO - Setting next_dagrun for example_skip_dag to 2022-09-01T23:56:32.322399+00:00, run_after=2022-09-02T23:56:32.322399+00:00
[2022-09-02 23:56:32,340] {processor.py:161} INFO - Processing /home/airflow/.local/lib/python3.7/site-packages/airflow/example_dags/example_skip_dag.py took 0.161 seconds
