[2022-09-02 21:30:50,350] {processor.py:153} INFO - Started process (PID=53) to work on /home/airflow/.local/lib/python3.7/site-packages/airflow/example_dags/example_task_group.py
[2022-09-02 21:30:50,368] {processor.py:641} INFO - Processing file /home/airflow/.local/lib/python3.7/site-packages/airflow/example_dags/example_task_group.py for tasks to queue
[2022-09-02 21:30:50,373] {logging_mixin.py:115} INFO - [2022-09-02 21:30:50,373] {dagbag.py:508} INFO - Filling up the DagBag from /home/airflow/.local/lib/python3.7/site-packages/airflow/example_dags/example_task_group.py
[2022-09-02 21:30:50,485] {processor.py:651} INFO - DAG(s) dict_keys(['example_task_group']) retrieved from /home/airflow/.local/lib/python3.7/site-packages/airflow/example_dags/example_task_group.py
[2022-09-02 21:30:50,720] {logging_mixin.py:115} INFO - [2022-09-02 21:30:50,720] {dag.py:2420} INFO - Sync 1 DAGs
[2022-09-02 21:30:51,403] {logging_mixin.py:115} INFO - [2022-09-02 21:30:51,402] {dag.py:2972} INFO - Setting next_dagrun for example_task_group to 2022-09-01T21:30:51.402343+00:00, run_after=2022-09-02T21:30:51.402343+00:00
[2022-09-02 21:30:51,434] {processor.py:161} INFO - Processing /home/airflow/.local/lib/python3.7/site-packages/airflow/example_dags/example_task_group.py took 1.092 seconds
[2022-09-02 21:31:21,779] {processor.py:153} INFO - Started process (PID=113) to work on /home/airflow/.local/lib/python3.7/site-packages/airflow/example_dags/example_task_group.py
[2022-09-02 21:31:21,780] {processor.py:641} INFO - Processing file /home/airflow/.local/lib/python3.7/site-packages/airflow/example_dags/example_task_group.py for tasks to queue
[2022-09-02 21:31:21,782] {logging_mixin.py:115} INFO - [2022-09-02 21:31:21,782] {dagbag.py:508} INFO - Filling up the DagBag from /home/airflow/.local/lib/python3.7/site-packages/airflow/example_dags/example_task_group.py
[2022-09-02 21:31:21,792] {processor.py:651} INFO - DAG(s) dict_keys(['example_task_group']) retrieved from /home/airflow/.local/lib/python3.7/site-packages/airflow/example_dags/example_task_group.py
[2022-09-02 21:31:21,835] {logging_mixin.py:115} INFO - [2022-09-02 21:31:21,834] {dag.py:2420} INFO - Sync 1 DAGs
[2022-09-02 21:31:22,009] {logging_mixin.py:115} INFO - [2022-09-02 21:31:22,009] {dag.py:2972} INFO - Setting next_dagrun for example_task_group to 2022-09-01T21:31:22.009438+00:00, run_after=2022-09-02T21:31:22.009438+00:00
[2022-09-02 21:31:22,028] {processor.py:161} INFO - Processing /home/airflow/.local/lib/python3.7/site-packages/airflow/example_dags/example_task_group.py took 0.253 seconds
[2022-09-02 21:31:52,597] {processor.py:153} INFO - Started process (PID=170) to work on /home/airflow/.local/lib/python3.7/site-packages/airflow/example_dags/example_task_group.py
[2022-09-02 21:31:52,599] {processor.py:641} INFO - Processing file /home/airflow/.local/lib/python3.7/site-packages/airflow/example_dags/example_task_group.py for tasks to queue
[2022-09-02 21:31:52,609] {logging_mixin.py:115} INFO - [2022-09-02 21:31:52,609] {dagbag.py:508} INFO - Filling up the DagBag from /home/airflow/.local/lib/python3.7/site-packages/airflow/example_dags/example_task_group.py
[2022-09-02 21:31:52,643] {processor.py:651} INFO - DAG(s) dict_keys(['example_task_group']) retrieved from /home/airflow/.local/lib/python3.7/site-packages/airflow/example_dags/example_task_group.py
[2022-09-02 21:31:52,704] {logging_mixin.py:115} INFO - [2022-09-02 21:31:52,704] {dag.py:2420} INFO - Sync 1 DAGs
[2022-09-02 21:31:52,988] {logging_mixin.py:115} INFO - [2022-09-02 21:31:52,988] {dag.py:2972} INFO - Setting next_dagrun for example_task_group to 2022-09-01T21:31:52.988082+00:00, run_after=2022-09-02T21:31:52.988082+00:00
[2022-09-02 21:31:53,013] {processor.py:161} INFO - Processing /home/airflow/.local/lib/python3.7/site-packages/airflow/example_dags/example_task_group.py took 0.430 seconds
[2022-09-02 21:46:19,848] {processor.py:153} INFO - Started process (PID=47) to work on /home/airflow/.local/lib/python3.7/site-packages/airflow/example_dags/example_task_group.py
[2022-09-02 21:46:19,849] {processor.py:641} INFO - Processing file /home/airflow/.local/lib/python3.7/site-packages/airflow/example_dags/example_task_group.py for tasks to queue
[2022-09-02 21:46:19,851] {logging_mixin.py:115} INFO - [2022-09-02 21:46:19,851] {dagbag.py:508} INFO - Filling up the DagBag from /home/airflow/.local/lib/python3.7/site-packages/airflow/example_dags/example_task_group.py
[2022-09-02 21:46:19,863] {processor.py:651} INFO - DAG(s) dict_keys(['example_task_group']) retrieved from /home/airflow/.local/lib/python3.7/site-packages/airflow/example_dags/example_task_group.py
[2022-09-02 21:46:19,912] {logging_mixin.py:115} INFO - [2022-09-02 21:46:19,912] {dag.py:2420} INFO - Sync 1 DAGs
[2022-09-02 21:46:19,953] {logging_mixin.py:115} INFO - [2022-09-02 21:46:19,952] {dag.py:2972} INFO - Setting next_dagrun for example_task_group to 2022-09-01T21:46:19.952448+00:00, run_after=2022-09-02T21:46:19.952448+00:00
[2022-09-02 21:46:19,972] {processor.py:161} INFO - Processing /home/airflow/.local/lib/python3.7/site-packages/airflow/example_dags/example_task_group.py took 0.130 seconds
[2022-09-02 21:46:50,836] {processor.py:153} INFO - Started process (PID=112) to work on /home/airflow/.local/lib/python3.7/site-packages/airflow/example_dags/example_task_group.py
[2022-09-02 21:46:50,837] {processor.py:641} INFO - Processing file /home/airflow/.local/lib/python3.7/site-packages/airflow/example_dags/example_task_group.py for tasks to queue
[2022-09-02 21:46:50,839] {logging_mixin.py:115} INFO - [2022-09-02 21:46:50,839] {dagbag.py:508} INFO - Filling up the DagBag from /home/airflow/.local/lib/python3.7/site-packages/airflow/example_dags/example_task_group.py
[2022-09-02 21:46:50,848] {processor.py:651} INFO - DAG(s) dict_keys(['example_task_group']) retrieved from /home/airflow/.local/lib/python3.7/site-packages/airflow/example_dags/example_task_group.py
[2022-09-02 21:46:50,882] {logging_mixin.py:115} INFO - [2022-09-02 21:46:50,882] {dag.py:2420} INFO - Sync 1 DAGs
[2022-09-02 21:46:50,910] {logging_mixin.py:115} INFO - [2022-09-02 21:46:50,910] {dag.py:2972} INFO - Setting next_dagrun for example_task_group to 2022-09-01T21:46:50.909796+00:00, run_after=2022-09-02T21:46:50.909796+00:00
[2022-09-02 21:46:50,931] {processor.py:161} INFO - Processing /home/airflow/.local/lib/python3.7/site-packages/airflow/example_dags/example_task_group.py took 0.104 seconds
[2022-09-02 21:47:21,148] {processor.py:153} INFO - Started process (PID=168) to work on /home/airflow/.local/lib/python3.7/site-packages/airflow/example_dags/example_task_group.py
[2022-09-02 21:47:21,149] {processor.py:641} INFO - Processing file /home/airflow/.local/lib/python3.7/site-packages/airflow/example_dags/example_task_group.py for tasks to queue
[2022-09-02 21:47:21,150] {logging_mixin.py:115} INFO - [2022-09-02 21:47:21,150] {dagbag.py:508} INFO - Filling up the DagBag from /home/airflow/.local/lib/python3.7/site-packages/airflow/example_dags/example_task_group.py
[2022-09-02 21:47:21,159] {processor.py:651} INFO - DAG(s) dict_keys(['example_task_group']) retrieved from /home/airflow/.local/lib/python3.7/site-packages/airflow/example_dags/example_task_group.py
[2022-09-02 21:47:21,193] {logging_mixin.py:115} INFO - [2022-09-02 21:47:21,193] {dag.py:2420} INFO - Sync 1 DAGs
[2022-09-02 21:47:21,221] {logging_mixin.py:115} INFO - [2022-09-02 21:47:21,221] {dag.py:2972} INFO - Setting next_dagrun for example_task_group to 2022-09-01T21:47:21.220647+00:00, run_after=2022-09-02T21:47:21.220647+00:00
[2022-09-02 21:47:21,236] {processor.py:161} INFO - Processing /home/airflow/.local/lib/python3.7/site-packages/airflow/example_dags/example_task_group.py took 0.092 seconds
[2022-09-02 21:47:51,403] {processor.py:153} INFO - Started process (PID=232) to work on /home/airflow/.local/lib/python3.7/site-packages/airflow/example_dags/example_task_group.py
[2022-09-02 21:47:51,404] {processor.py:641} INFO - Processing file /home/airflow/.local/lib/python3.7/site-packages/airflow/example_dags/example_task_group.py for tasks to queue
[2022-09-02 21:47:51,406] {logging_mixin.py:115} INFO - [2022-09-02 21:47:51,406] {dagbag.py:508} INFO - Filling up the DagBag from /home/airflow/.local/lib/python3.7/site-packages/airflow/example_dags/example_task_group.py
[2022-09-02 21:47:51,416] {processor.py:651} INFO - DAG(s) dict_keys(['example_task_group']) retrieved from /home/airflow/.local/lib/python3.7/site-packages/airflow/example_dags/example_task_group.py
[2022-09-02 21:47:51,450] {logging_mixin.py:115} INFO - [2022-09-02 21:47:51,450] {dag.py:2420} INFO - Sync 1 DAGs
[2022-09-02 21:47:51,478] {logging_mixin.py:115} INFO - [2022-09-02 21:47:51,478] {dag.py:2972} INFO - Setting next_dagrun for example_task_group to 2022-09-01T21:47:51.478016+00:00, run_after=2022-09-02T21:47:51.478016+00:00
[2022-09-02 21:47:51,495] {processor.py:161} INFO - Processing /home/airflow/.local/lib/python3.7/site-packages/airflow/example_dags/example_task_group.py took 0.097 seconds
[2022-09-02 21:48:21,580] {processor.py:153} INFO - Started process (PID=288) to work on /home/airflow/.local/lib/python3.7/site-packages/airflow/example_dags/example_task_group.py
[2022-09-02 21:48:21,582] {processor.py:641} INFO - Processing file /home/airflow/.local/lib/python3.7/site-packages/airflow/example_dags/example_task_group.py for tasks to queue
[2022-09-02 21:48:21,583] {logging_mixin.py:115} INFO - [2022-09-02 21:48:21,583] {dagbag.py:508} INFO - Filling up the DagBag from /home/airflow/.local/lib/python3.7/site-packages/airflow/example_dags/example_task_group.py
[2022-09-02 21:48:21,593] {processor.py:651} INFO - DAG(s) dict_keys(['example_task_group']) retrieved from /home/airflow/.local/lib/python3.7/site-packages/airflow/example_dags/example_task_group.py
[2022-09-02 21:48:21,628] {logging_mixin.py:115} INFO - [2022-09-02 21:48:21,627] {dag.py:2420} INFO - Sync 1 DAGs
[2022-09-02 21:48:21,659] {logging_mixin.py:115} INFO - [2022-09-02 21:48:21,659] {dag.py:2972} INFO - Setting next_dagrun for example_task_group to 2022-09-01T21:48:21.658602+00:00, run_after=2022-09-02T21:48:21.658602+00:00
[2022-09-02 21:48:21,675] {processor.py:161} INFO - Processing /home/airflow/.local/lib/python3.7/site-packages/airflow/example_dags/example_task_group.py took 0.099 seconds
[2022-09-02 21:48:52,033] {processor.py:153} INFO - Started process (PID=353) to work on /home/airflow/.local/lib/python3.7/site-packages/airflow/example_dags/example_task_group.py
[2022-09-02 21:48:52,034] {processor.py:641} INFO - Processing file /home/airflow/.local/lib/python3.7/site-packages/airflow/example_dags/example_task_group.py for tasks to queue
[2022-09-02 21:48:52,035] {logging_mixin.py:115} INFO - [2022-09-02 21:48:52,035] {dagbag.py:508} INFO - Filling up the DagBag from /home/airflow/.local/lib/python3.7/site-packages/airflow/example_dags/example_task_group.py
[2022-09-02 21:48:52,050] {processor.py:651} INFO - DAG(s) dict_keys(['example_task_group']) retrieved from /home/airflow/.local/lib/python3.7/site-packages/airflow/example_dags/example_task_group.py
[2022-09-02 21:48:52,090] {logging_mixin.py:115} INFO - [2022-09-02 21:48:52,090] {dag.py:2420} INFO - Sync 1 DAGs
[2022-09-02 21:48:52,118] {logging_mixin.py:115} INFO - [2022-09-02 21:48:52,117] {dag.py:2972} INFO - Setting next_dagrun for example_task_group to 2022-09-01T21:48:52.117517+00:00, run_after=2022-09-02T21:48:52.117517+00:00
[2022-09-02 21:48:52,146] {processor.py:161} INFO - Processing /home/airflow/.local/lib/python3.7/site-packages/airflow/example_dags/example_task_group.py took 0.118 seconds
[2022-09-02 21:49:22,272] {processor.py:153} INFO - Started process (PID=419) to work on /home/airflow/.local/lib/python3.7/site-packages/airflow/example_dags/example_task_group.py
[2022-09-02 21:49:22,274] {processor.py:641} INFO - Processing file /home/airflow/.local/lib/python3.7/site-packages/airflow/example_dags/example_task_group.py for tasks to queue
[2022-09-02 21:49:22,280] {logging_mixin.py:115} INFO - [2022-09-02 21:49:22,280] {dagbag.py:508} INFO - Filling up the DagBag from /home/airflow/.local/lib/python3.7/site-packages/airflow/example_dags/example_task_group.py
[2022-09-02 21:49:22,293] {processor.py:651} INFO - DAG(s) dict_keys(['example_task_group']) retrieved from /home/airflow/.local/lib/python3.7/site-packages/airflow/example_dags/example_task_group.py
[2022-09-02 21:49:22,333] {logging_mixin.py:115} INFO - [2022-09-02 21:49:22,332] {dag.py:2420} INFO - Sync 1 DAGs
[2022-09-02 21:49:22,364] {logging_mixin.py:115} INFO - [2022-09-02 21:49:22,364] {dag.py:2972} INFO - Setting next_dagrun for example_task_group to 2022-09-01T21:49:22.363984+00:00, run_after=2022-09-02T21:49:22.363984+00:00
[2022-09-02 21:49:22,391] {processor.py:161} INFO - Processing /home/airflow/.local/lib/python3.7/site-packages/airflow/example_dags/example_task_group.py took 0.125 seconds
[2022-09-02 21:49:52,734] {processor.py:153} INFO - Started process (PID=476) to work on /home/airflow/.local/lib/python3.7/site-packages/airflow/example_dags/example_task_group.py
[2022-09-02 21:49:52,735] {processor.py:641} INFO - Processing file /home/airflow/.local/lib/python3.7/site-packages/airflow/example_dags/example_task_group.py for tasks to queue
[2022-09-02 21:49:52,736] {logging_mixin.py:115} INFO - [2022-09-02 21:49:52,736] {dagbag.py:508} INFO - Filling up the DagBag from /home/airflow/.local/lib/python3.7/site-packages/airflow/example_dags/example_task_group.py
[2022-09-02 21:49:52,745] {processor.py:651} INFO - DAG(s) dict_keys(['example_task_group']) retrieved from /home/airflow/.local/lib/python3.7/site-packages/airflow/example_dags/example_task_group.py
[2022-09-02 21:49:52,787] {logging_mixin.py:115} INFO - [2022-09-02 21:49:52,787] {dag.py:2420} INFO - Sync 1 DAGs
[2022-09-02 21:49:52,815] {logging_mixin.py:115} INFO - [2022-09-02 21:49:52,815] {dag.py:2972} INFO - Setting next_dagrun for example_task_group to 2022-09-01T21:49:52.815237+00:00, run_after=2022-09-02T21:49:52.815237+00:00
[2022-09-02 21:49:52,832] {processor.py:161} INFO - Processing /home/airflow/.local/lib/python3.7/site-packages/airflow/example_dags/example_task_group.py took 0.102 seconds
[2022-09-02 21:50:23,804] {processor.py:153} INFO - Started process (PID=541) to work on /home/airflow/.local/lib/python3.7/site-packages/airflow/example_dags/example_task_group.py
[2022-09-02 21:50:23,805] {processor.py:641} INFO - Processing file /home/airflow/.local/lib/python3.7/site-packages/airflow/example_dags/example_task_group.py for tasks to queue
[2022-09-02 21:50:23,806] {logging_mixin.py:115} INFO - [2022-09-02 21:50:23,806] {dagbag.py:508} INFO - Filling up the DagBag from /home/airflow/.local/lib/python3.7/site-packages/airflow/example_dags/example_task_group.py
[2022-09-02 21:50:23,815] {processor.py:651} INFO - DAG(s) dict_keys(['example_task_group']) retrieved from /home/airflow/.local/lib/python3.7/site-packages/airflow/example_dags/example_task_group.py
[2022-09-02 21:50:23,849] {logging_mixin.py:115} INFO - [2022-09-02 21:50:23,849] {dag.py:2420} INFO - Sync 1 DAGs
[2022-09-02 21:50:23,878] {logging_mixin.py:115} INFO - [2022-09-02 21:50:23,877] {dag.py:2972} INFO - Setting next_dagrun for example_task_group to 2022-09-01T21:50:23.877651+00:00, run_after=2022-09-02T21:50:23.877651+00:00
[2022-09-02 21:50:23,892] {processor.py:161} INFO - Processing /home/airflow/.local/lib/python3.7/site-packages/airflow/example_dags/example_task_group.py took 0.093 seconds
[2022-09-02 21:50:54,034] {processor.py:153} INFO - Started process (PID=597) to work on /home/airflow/.local/lib/python3.7/site-packages/airflow/example_dags/example_task_group.py
[2022-09-02 21:50:54,036] {processor.py:641} INFO - Processing file /home/airflow/.local/lib/python3.7/site-packages/airflow/example_dags/example_task_group.py for tasks to queue
[2022-09-02 21:50:54,037] {logging_mixin.py:115} INFO - [2022-09-02 21:50:54,037] {dagbag.py:508} INFO - Filling up the DagBag from /home/airflow/.local/lib/python3.7/site-packages/airflow/example_dags/example_task_group.py
[2022-09-02 21:50:54,047] {processor.py:651} INFO - DAG(s) dict_keys(['example_task_group']) retrieved from /home/airflow/.local/lib/python3.7/site-packages/airflow/example_dags/example_task_group.py
[2022-09-02 21:50:54,085] {logging_mixin.py:115} INFO - [2022-09-02 21:50:54,085] {dag.py:2420} INFO - Sync 1 DAGs
[2022-09-02 21:50:54,113] {logging_mixin.py:115} INFO - [2022-09-02 21:50:54,113] {dag.py:2972} INFO - Setting next_dagrun for example_task_group to 2022-09-01T21:50:54.113439+00:00, run_after=2022-09-02T21:50:54.113439+00:00
[2022-09-02 21:50:54,130] {processor.py:161} INFO - Processing /home/airflow/.local/lib/python3.7/site-packages/airflow/example_dags/example_task_group.py took 0.100 seconds
[2022-09-02 21:51:24,179] {processor.py:153} INFO - Started process (PID=663) to work on /home/airflow/.local/lib/python3.7/site-packages/airflow/example_dags/example_task_group.py
[2022-09-02 21:51:24,180] {processor.py:641} INFO - Processing file /home/airflow/.local/lib/python3.7/site-packages/airflow/example_dags/example_task_group.py for tasks to queue
[2022-09-02 21:51:24,181] {logging_mixin.py:115} INFO - [2022-09-02 21:51:24,181] {dagbag.py:508} INFO - Filling up the DagBag from /home/airflow/.local/lib/python3.7/site-packages/airflow/example_dags/example_task_group.py
[2022-09-02 21:51:24,190] {processor.py:651} INFO - DAG(s) dict_keys(['example_task_group']) retrieved from /home/airflow/.local/lib/python3.7/site-packages/airflow/example_dags/example_task_group.py
[2022-09-02 21:51:24,227] {logging_mixin.py:115} INFO - [2022-09-02 21:51:24,227] {dag.py:2420} INFO - Sync 1 DAGs
[2022-09-02 21:51:24,259] {logging_mixin.py:115} INFO - [2022-09-02 21:51:24,259] {dag.py:2972} INFO - Setting next_dagrun for example_task_group to 2022-09-01T21:51:24.259295+00:00, run_after=2022-09-02T21:51:24.259295+00:00
[2022-09-02 21:51:24,275] {processor.py:161} INFO - Processing /home/airflow/.local/lib/python3.7/site-packages/airflow/example_dags/example_task_group.py took 0.101 seconds
[2022-09-02 21:51:54,954] {processor.py:153} INFO - Started process (PID=729) to work on /home/airflow/.local/lib/python3.7/site-packages/airflow/example_dags/example_task_group.py
[2022-09-02 21:51:54,956] {processor.py:641} INFO - Processing file /home/airflow/.local/lib/python3.7/site-packages/airflow/example_dags/example_task_group.py for tasks to queue
[2022-09-02 21:51:54,957] {logging_mixin.py:115} INFO - [2022-09-02 21:51:54,957] {dagbag.py:508} INFO - Filling up the DagBag from /home/airflow/.local/lib/python3.7/site-packages/airflow/example_dags/example_task_group.py
[2022-09-02 21:51:54,968] {processor.py:651} INFO - DAG(s) dict_keys(['example_task_group']) retrieved from /home/airflow/.local/lib/python3.7/site-packages/airflow/example_dags/example_task_group.py
[2022-09-02 21:51:55,003] {logging_mixin.py:115} INFO - [2022-09-02 21:51:55,003] {dag.py:2420} INFO - Sync 1 DAGs
[2022-09-02 21:51:55,030] {logging_mixin.py:115} INFO - [2022-09-02 21:51:55,030] {dag.py:2972} INFO - Setting next_dagrun for example_task_group to 2022-09-01T21:51:55.030489+00:00, run_after=2022-09-02T21:51:55.030489+00:00
[2022-09-02 21:51:55,048] {processor.py:161} INFO - Processing /home/airflow/.local/lib/python3.7/site-packages/airflow/example_dags/example_task_group.py took 0.098 seconds
[2022-09-02 21:52:25,682] {processor.py:153} INFO - Started process (PID=786) to work on /home/airflow/.local/lib/python3.7/site-packages/airflow/example_dags/example_task_group.py
[2022-09-02 21:52:25,683] {processor.py:641} INFO - Processing file /home/airflow/.local/lib/python3.7/site-packages/airflow/example_dags/example_task_group.py for tasks to queue
[2022-09-02 21:52:25,685] {logging_mixin.py:115} INFO - [2022-09-02 21:52:25,685] {dagbag.py:508} INFO - Filling up the DagBag from /home/airflow/.local/lib/python3.7/site-packages/airflow/example_dags/example_task_group.py
[2022-09-02 21:52:25,697] {processor.py:651} INFO - DAG(s) dict_keys(['example_task_group']) retrieved from /home/airflow/.local/lib/python3.7/site-packages/airflow/example_dags/example_task_group.py
[2022-09-02 21:52:25,731] {logging_mixin.py:115} INFO - [2022-09-02 21:52:25,730] {dag.py:2420} INFO - Sync 1 DAGs
[2022-09-02 21:52:25,759] {logging_mixin.py:115} INFO - [2022-09-02 21:52:25,758] {dag.py:2972} INFO - Setting next_dagrun for example_task_group to 2022-09-01T21:52:25.758581+00:00, run_after=2022-09-02T21:52:25.758581+00:00
[2022-09-02 21:52:25,776] {processor.py:161} INFO - Processing /home/airflow/.local/lib/python3.7/site-packages/airflow/example_dags/example_task_group.py took 0.100 seconds
[2022-09-02 21:52:56,820] {processor.py:153} INFO - Started process (PID=851) to work on /home/airflow/.local/lib/python3.7/site-packages/airflow/example_dags/example_task_group.py
[2022-09-02 21:52:56,821] {processor.py:641} INFO - Processing file /home/airflow/.local/lib/python3.7/site-packages/airflow/example_dags/example_task_group.py for tasks to queue
[2022-09-02 21:52:56,823] {logging_mixin.py:115} INFO - [2022-09-02 21:52:56,823] {dagbag.py:508} INFO - Filling up the DagBag from /home/airflow/.local/lib/python3.7/site-packages/airflow/example_dags/example_task_group.py
[2022-09-02 21:52:56,832] {processor.py:651} INFO - DAG(s) dict_keys(['example_task_group']) retrieved from /home/airflow/.local/lib/python3.7/site-packages/airflow/example_dags/example_task_group.py
[2022-09-02 21:52:56,872] {logging_mixin.py:115} INFO - [2022-09-02 21:52:56,872] {dag.py:2420} INFO - Sync 1 DAGs
[2022-09-02 21:52:56,903] {logging_mixin.py:115} INFO - [2022-09-02 21:52:56,903] {dag.py:2972} INFO - Setting next_dagrun for example_task_group to 2022-09-01T21:52:56.902856+00:00, run_after=2022-09-02T21:52:56.902856+00:00
[2022-09-02 21:52:56,923] {processor.py:161} INFO - Processing /home/airflow/.local/lib/python3.7/site-packages/airflow/example_dags/example_task_group.py took 0.108 seconds
[2022-09-02 21:53:27,934] {processor.py:153} INFO - Started process (PID=919) to work on /home/airflow/.local/lib/python3.7/site-packages/airflow/example_dags/example_task_group.py
[2022-09-02 21:53:27,936] {processor.py:641} INFO - Processing file /home/airflow/.local/lib/python3.7/site-packages/airflow/example_dags/example_task_group.py for tasks to queue
[2022-09-02 21:53:27,937] {logging_mixin.py:115} INFO - [2022-09-02 21:53:27,937] {dagbag.py:508} INFO - Filling up the DagBag from /home/airflow/.local/lib/python3.7/site-packages/airflow/example_dags/example_task_group.py
[2022-09-02 21:53:27,946] {processor.py:651} INFO - DAG(s) dict_keys(['example_task_group']) retrieved from /home/airflow/.local/lib/python3.7/site-packages/airflow/example_dags/example_task_group.py
[2022-09-02 21:53:27,990] {logging_mixin.py:115} INFO - [2022-09-02 21:53:27,990] {dag.py:2420} INFO - Sync 1 DAGs
[2022-09-02 21:53:28,016] {logging_mixin.py:115} INFO - [2022-09-02 21:53:28,016] {dag.py:2972} INFO - Setting next_dagrun for example_task_group to 2022-09-01T21:53:28.015906+00:00, run_after=2022-09-02T21:53:28.015906+00:00
[2022-09-02 21:53:28,031] {processor.py:161} INFO - Processing /home/airflow/.local/lib/python3.7/site-packages/airflow/example_dags/example_task_group.py took 0.101 seconds
[2022-09-02 21:53:59,063] {processor.py:153} INFO - Started process (PID=978) to work on /home/airflow/.local/lib/python3.7/site-packages/airflow/example_dags/example_task_group.py
[2022-09-02 21:53:59,064] {processor.py:641} INFO - Processing file /home/airflow/.local/lib/python3.7/site-packages/airflow/example_dags/example_task_group.py for tasks to queue
[2022-09-02 21:53:59,065] {logging_mixin.py:115} INFO - [2022-09-02 21:53:59,065] {dagbag.py:508} INFO - Filling up the DagBag from /home/airflow/.local/lib/python3.7/site-packages/airflow/example_dags/example_task_group.py
[2022-09-02 21:53:59,075] {processor.py:651} INFO - DAG(s) dict_keys(['example_task_group']) retrieved from /home/airflow/.local/lib/python3.7/site-packages/airflow/example_dags/example_task_group.py
[2022-09-02 21:53:59,109] {logging_mixin.py:115} INFO - [2022-09-02 21:53:59,109] {dag.py:2420} INFO - Sync 1 DAGs
[2022-09-02 21:53:59,136] {logging_mixin.py:115} INFO - [2022-09-02 21:53:59,136] {dag.py:2972} INFO - Setting next_dagrun for example_task_group to 2022-09-01T21:53:59.136281+00:00, run_after=2022-09-02T21:53:59.136281+00:00
[2022-09-02 21:53:59,153] {processor.py:161} INFO - Processing /home/airflow/.local/lib/python3.7/site-packages/airflow/example_dags/example_task_group.py took 0.096 seconds
[2022-09-02 21:54:29,287] {processor.py:153} INFO - Started process (PID=1044) to work on /home/airflow/.local/lib/python3.7/site-packages/airflow/example_dags/example_task_group.py
[2022-09-02 21:54:29,288] {processor.py:641} INFO - Processing file /home/airflow/.local/lib/python3.7/site-packages/airflow/example_dags/example_task_group.py for tasks to queue
[2022-09-02 21:54:29,289] {logging_mixin.py:115} INFO - [2022-09-02 21:54:29,289] {dagbag.py:508} INFO - Filling up the DagBag from /home/airflow/.local/lib/python3.7/site-packages/airflow/example_dags/example_task_group.py
[2022-09-02 21:54:29,299] {processor.py:651} INFO - DAG(s) dict_keys(['example_task_group']) retrieved from /home/airflow/.local/lib/python3.7/site-packages/airflow/example_dags/example_task_group.py
[2022-09-02 21:54:29,337] {logging_mixin.py:115} INFO - [2022-09-02 21:54:29,337] {dag.py:2420} INFO - Sync 1 DAGs
[2022-09-02 21:54:29,365] {logging_mixin.py:115} INFO - [2022-09-02 21:54:29,365] {dag.py:2972} INFO - Setting next_dagrun for example_task_group to 2022-09-01T21:54:29.365186+00:00, run_after=2022-09-02T21:54:29.365186+00:00
[2022-09-02 21:54:29,380] {processor.py:161} INFO - Processing /home/airflow/.local/lib/python3.7/site-packages/airflow/example_dags/example_task_group.py took 0.098 seconds
[2022-09-02 21:55:00,237] {processor.py:153} INFO - Started process (PID=1100) to work on /home/airflow/.local/lib/python3.7/site-packages/airflow/example_dags/example_task_group.py
[2022-09-02 21:55:00,238] {processor.py:641} INFO - Processing file /home/airflow/.local/lib/python3.7/site-packages/airflow/example_dags/example_task_group.py for tasks to queue
[2022-09-02 21:55:00,240] {logging_mixin.py:115} INFO - [2022-09-02 21:55:00,239] {dagbag.py:508} INFO - Filling up the DagBag from /home/airflow/.local/lib/python3.7/site-packages/airflow/example_dags/example_task_group.py
[2022-09-02 21:55:00,252] {processor.py:651} INFO - DAG(s) dict_keys(['example_task_group']) retrieved from /home/airflow/.local/lib/python3.7/site-packages/airflow/example_dags/example_task_group.py
[2022-09-02 21:55:00,291] {logging_mixin.py:115} INFO - [2022-09-02 21:55:00,291] {dag.py:2420} INFO - Sync 1 DAGs
[2022-09-02 21:55:00,317] {logging_mixin.py:115} INFO - [2022-09-02 21:55:00,317] {dag.py:2972} INFO - Setting next_dagrun for example_task_group to 2022-09-01T21:55:00.316866+00:00, run_after=2022-09-02T21:55:00.316866+00:00
[2022-09-02 21:55:00,331] {processor.py:161} INFO - Processing /home/airflow/.local/lib/python3.7/site-packages/airflow/example_dags/example_task_group.py took 0.099 seconds
[2022-09-02 21:55:30,966] {processor.py:153} INFO - Started process (PID=1165) to work on /home/airflow/.local/lib/python3.7/site-packages/airflow/example_dags/example_task_group.py
[2022-09-02 21:55:30,967] {processor.py:641} INFO - Processing file /home/airflow/.local/lib/python3.7/site-packages/airflow/example_dags/example_task_group.py for tasks to queue
[2022-09-02 21:55:30,968] {logging_mixin.py:115} INFO - [2022-09-02 21:55:30,968] {dagbag.py:508} INFO - Filling up the DagBag from /home/airflow/.local/lib/python3.7/site-packages/airflow/example_dags/example_task_group.py
[2022-09-02 21:55:30,978] {processor.py:651} INFO - DAG(s) dict_keys(['example_task_group']) retrieved from /home/airflow/.local/lib/python3.7/site-packages/airflow/example_dags/example_task_group.py
[2022-09-02 21:55:31,011] {logging_mixin.py:115} INFO - [2022-09-02 21:55:31,011] {dag.py:2420} INFO - Sync 1 DAGs
[2022-09-02 21:55:31,038] {logging_mixin.py:115} INFO - [2022-09-02 21:55:31,038] {dag.py:2972} INFO - Setting next_dagrun for example_task_group to 2022-09-01T21:55:31.038481+00:00, run_after=2022-09-02T21:55:31.038481+00:00
[2022-09-02 21:55:31,054] {processor.py:161} INFO - Processing /home/airflow/.local/lib/python3.7/site-packages/airflow/example_dags/example_task_group.py took 0.092 seconds
[2022-09-02 21:56:01,737] {processor.py:153} INFO - Started process (PID=1230) to work on /home/airflow/.local/lib/python3.7/site-packages/airflow/example_dags/example_task_group.py
[2022-09-02 21:56:01,740] {processor.py:641} INFO - Processing file /home/airflow/.local/lib/python3.7/site-packages/airflow/example_dags/example_task_group.py for tasks to queue
[2022-09-02 21:56:01,741] {logging_mixin.py:115} INFO - [2022-09-02 21:56:01,741] {dagbag.py:508} INFO - Filling up the DagBag from /home/airflow/.local/lib/python3.7/site-packages/airflow/example_dags/example_task_group.py
[2022-09-02 21:56:01,753] {processor.py:651} INFO - DAG(s) dict_keys(['example_task_group']) retrieved from /home/airflow/.local/lib/python3.7/site-packages/airflow/example_dags/example_task_group.py
[2022-09-02 21:56:01,790] {logging_mixin.py:115} INFO - [2022-09-02 21:56:01,789] {dag.py:2420} INFO - Sync 1 DAGs
[2022-09-02 21:56:01,821] {logging_mixin.py:115} INFO - [2022-09-02 21:56:01,821] {dag.py:2972} INFO - Setting next_dagrun for example_task_group to 2022-09-01T21:56:01.821428+00:00, run_after=2022-09-02T21:56:01.821428+00:00
[2022-09-02 21:56:01,841] {processor.py:161} INFO - Processing /home/airflow/.local/lib/python3.7/site-packages/airflow/example_dags/example_task_group.py took 0.110 seconds
[2022-09-02 21:56:32,118] {processor.py:153} INFO - Started process (PID=1286) to work on /home/airflow/.local/lib/python3.7/site-packages/airflow/example_dags/example_task_group.py
[2022-09-02 21:56:32,120] {processor.py:641} INFO - Processing file /home/airflow/.local/lib/python3.7/site-packages/airflow/example_dags/example_task_group.py for tasks to queue
[2022-09-02 21:56:32,120] {logging_mixin.py:115} INFO - [2022-09-02 21:56:32,120] {dagbag.py:508} INFO - Filling up the DagBag from /home/airflow/.local/lib/python3.7/site-packages/airflow/example_dags/example_task_group.py
[2022-09-02 21:56:32,130] {processor.py:651} INFO - DAG(s) dict_keys(['example_task_group']) retrieved from /home/airflow/.local/lib/python3.7/site-packages/airflow/example_dags/example_task_group.py
[2022-09-02 21:56:32,164] {logging_mixin.py:115} INFO - [2022-09-02 21:56:32,164] {dag.py:2420} INFO - Sync 1 DAGs
[2022-09-02 21:56:32,191] {logging_mixin.py:115} INFO - [2022-09-02 21:56:32,191] {dag.py:2972} INFO - Setting next_dagrun for example_task_group to 2022-09-01T21:56:32.191509+00:00, run_after=2022-09-02T21:56:32.191509+00:00
[2022-09-02 21:56:32,207] {processor.py:161} INFO - Processing /home/airflow/.local/lib/python3.7/site-packages/airflow/example_dags/example_task_group.py took 0.094 seconds
[2022-09-02 21:57:02,475] {processor.py:153} INFO - Started process (PID=1351) to work on /home/airflow/.local/lib/python3.7/site-packages/airflow/example_dags/example_task_group.py
[2022-09-02 21:57:02,476] {processor.py:641} INFO - Processing file /home/airflow/.local/lib/python3.7/site-packages/airflow/example_dags/example_task_group.py for tasks to queue
[2022-09-02 21:57:02,478] {logging_mixin.py:115} INFO - [2022-09-02 21:57:02,478] {dagbag.py:508} INFO - Filling up the DagBag from /home/airflow/.local/lib/python3.7/site-packages/airflow/example_dags/example_task_group.py
[2022-09-02 21:57:02,489] {processor.py:651} INFO - DAG(s) dict_keys(['example_task_group']) retrieved from /home/airflow/.local/lib/python3.7/site-packages/airflow/example_dags/example_task_group.py
[2022-09-02 21:57:02,531] {logging_mixin.py:115} INFO - [2022-09-02 21:57:02,531] {dag.py:2420} INFO - Sync 1 DAGs
[2022-09-02 21:57:02,573] {logging_mixin.py:115} INFO - [2022-09-02 21:57:02,572] {dag.py:2972} INFO - Setting next_dagrun for example_task_group to 2022-09-01T21:57:02.572622+00:00, run_after=2022-09-02T21:57:02.572622+00:00
[2022-09-02 21:57:02,588] {processor.py:161} INFO - Processing /home/airflow/.local/lib/python3.7/site-packages/airflow/example_dags/example_task_group.py took 0.119 seconds
[2022-09-02 21:57:32,703] {processor.py:153} INFO - Started process (PID=1407) to work on /home/airflow/.local/lib/python3.7/site-packages/airflow/example_dags/example_task_group.py
[2022-09-02 21:57:32,706] {processor.py:641} INFO - Processing file /home/airflow/.local/lib/python3.7/site-packages/airflow/example_dags/example_task_group.py for tasks to queue
[2022-09-02 21:57:32,708] {logging_mixin.py:115} INFO - [2022-09-02 21:57:32,708] {dagbag.py:508} INFO - Filling up the DagBag from /home/airflow/.local/lib/python3.7/site-packages/airflow/example_dags/example_task_group.py
[2022-09-02 21:57:32,721] {processor.py:651} INFO - DAG(s) dict_keys(['example_task_group']) retrieved from /home/airflow/.local/lib/python3.7/site-packages/airflow/example_dags/example_task_group.py
[2022-09-02 21:57:32,756] {logging_mixin.py:115} INFO - [2022-09-02 21:57:32,756] {dag.py:2420} INFO - Sync 1 DAGs
[2022-09-02 21:57:32,784] {logging_mixin.py:115} INFO - [2022-09-02 21:57:32,784] {dag.py:2972} INFO - Setting next_dagrun for example_task_group to 2022-09-01T21:57:32.784208+00:00, run_after=2022-09-02T21:57:32.784208+00:00
[2022-09-02 21:57:32,800] {processor.py:161} INFO - Processing /home/airflow/.local/lib/python3.7/site-packages/airflow/example_dags/example_task_group.py took 0.103 seconds
[2022-09-02 21:58:03,220] {processor.py:153} INFO - Started process (PID=1473) to work on /home/airflow/.local/lib/python3.7/site-packages/airflow/example_dags/example_task_group.py
[2022-09-02 21:58:03,222] {processor.py:641} INFO - Processing file /home/airflow/.local/lib/python3.7/site-packages/airflow/example_dags/example_task_group.py for tasks to queue
[2022-09-02 21:58:03,223] {logging_mixin.py:115} INFO - [2022-09-02 21:58:03,223] {dagbag.py:508} INFO - Filling up the DagBag from /home/airflow/.local/lib/python3.7/site-packages/airflow/example_dags/example_task_group.py
[2022-09-02 21:58:03,235] {processor.py:651} INFO - DAG(s) dict_keys(['example_task_group']) retrieved from /home/airflow/.local/lib/python3.7/site-packages/airflow/example_dags/example_task_group.py
[2022-09-02 21:58:03,272] {logging_mixin.py:115} INFO - [2022-09-02 21:58:03,271] {dag.py:2420} INFO - Sync 1 DAGs
[2022-09-02 21:58:03,302] {logging_mixin.py:115} INFO - [2022-09-02 21:58:03,302] {dag.py:2972} INFO - Setting next_dagrun for example_task_group to 2022-09-01T21:58:03.301884+00:00, run_after=2022-09-02T21:58:03.301884+00:00
[2022-09-02 21:58:03,317] {processor.py:161} INFO - Processing /home/airflow/.local/lib/python3.7/site-packages/airflow/example_dags/example_task_group.py took 0.101 seconds
[2022-09-02 21:58:33,488] {processor.py:153} INFO - Started process (PID=1529) to work on /home/airflow/.local/lib/python3.7/site-packages/airflow/example_dags/example_task_group.py
[2022-09-02 21:58:33,490] {processor.py:641} INFO - Processing file /home/airflow/.local/lib/python3.7/site-packages/airflow/example_dags/example_task_group.py for tasks to queue
[2022-09-02 21:58:33,491] {logging_mixin.py:115} INFO - [2022-09-02 21:58:33,491] {dagbag.py:508} INFO - Filling up the DagBag from /home/airflow/.local/lib/python3.7/site-packages/airflow/example_dags/example_task_group.py
[2022-09-02 21:58:33,501] {processor.py:651} INFO - DAG(s) dict_keys(['example_task_group']) retrieved from /home/airflow/.local/lib/python3.7/site-packages/airflow/example_dags/example_task_group.py
[2022-09-02 21:58:33,541] {logging_mixin.py:115} INFO - [2022-09-02 21:58:33,541] {dag.py:2420} INFO - Sync 1 DAGs
[2022-09-02 21:58:33,571] {logging_mixin.py:115} INFO - [2022-09-02 21:58:33,571] {dag.py:2972} INFO - Setting next_dagrun for example_task_group to 2022-09-01T21:58:33.571052+00:00, run_after=2022-09-02T21:58:33.571052+00:00
[2022-09-02 21:58:33,586] {processor.py:161} INFO - Processing /home/airflow/.local/lib/python3.7/site-packages/airflow/example_dags/example_task_group.py took 0.104 seconds
[2022-09-02 21:59:04,226] {processor.py:153} INFO - Started process (PID=1594) to work on /home/airflow/.local/lib/python3.7/site-packages/airflow/example_dags/example_task_group.py
[2022-09-02 21:59:04,228] {processor.py:641} INFO - Processing file /home/airflow/.local/lib/python3.7/site-packages/airflow/example_dags/example_task_group.py for tasks to queue
[2022-09-02 21:59:04,230] {logging_mixin.py:115} INFO - [2022-09-02 21:59:04,229] {dagbag.py:508} INFO - Filling up the DagBag from /home/airflow/.local/lib/python3.7/site-packages/airflow/example_dags/example_task_group.py
[2022-09-02 21:59:04,244] {processor.py:651} INFO - DAG(s) dict_keys(['example_task_group']) retrieved from /home/airflow/.local/lib/python3.7/site-packages/airflow/example_dags/example_task_group.py
[2022-09-02 21:59:04,287] {logging_mixin.py:115} INFO - [2022-09-02 21:59:04,287] {dag.py:2420} INFO - Sync 1 DAGs
[2022-09-02 21:59:04,326] {logging_mixin.py:115} INFO - [2022-09-02 21:59:04,326] {dag.py:2972} INFO - Setting next_dagrun for example_task_group to 2022-09-01T21:59:04.325981+00:00, run_after=2022-09-02T21:59:04.325981+00:00
[2022-09-02 21:59:04,346] {processor.py:161} INFO - Processing /home/airflow/.local/lib/python3.7/site-packages/airflow/example_dags/example_task_group.py took 0.129 seconds
[2022-09-02 21:59:35,279] {processor.py:153} INFO - Started process (PID=1659) to work on /home/airflow/.local/lib/python3.7/site-packages/airflow/example_dags/example_task_group.py
[2022-09-02 21:59:35,281] {processor.py:641} INFO - Processing file /home/airflow/.local/lib/python3.7/site-packages/airflow/example_dags/example_task_group.py for tasks to queue
[2022-09-02 21:59:35,282] {logging_mixin.py:115} INFO - [2022-09-02 21:59:35,282] {dagbag.py:508} INFO - Filling up the DagBag from /home/airflow/.local/lib/python3.7/site-packages/airflow/example_dags/example_task_group.py
[2022-09-02 21:59:35,293] {processor.py:651} INFO - DAG(s) dict_keys(['example_task_group']) retrieved from /home/airflow/.local/lib/python3.7/site-packages/airflow/example_dags/example_task_group.py
[2022-09-02 21:59:35,327] {logging_mixin.py:115} INFO - [2022-09-02 21:59:35,327] {dag.py:2420} INFO - Sync 1 DAGs
[2022-09-02 21:59:35,355] {logging_mixin.py:115} INFO - [2022-09-02 21:59:35,355] {dag.py:2972} INFO - Setting next_dagrun for example_task_group to 2022-09-01T21:59:35.355046+00:00, run_after=2022-09-02T21:59:35.355046+00:00
[2022-09-02 21:59:35,371] {processor.py:161} INFO - Processing /home/airflow/.local/lib/python3.7/site-packages/airflow/example_dags/example_task_group.py took 0.096 seconds
[2022-09-02 22:00:05,942] {processor.py:153} INFO - Started process (PID=1715) to work on /home/airflow/.local/lib/python3.7/site-packages/airflow/example_dags/example_task_group.py
[2022-09-02 22:00:05,945] {processor.py:641} INFO - Processing file /home/airflow/.local/lib/python3.7/site-packages/airflow/example_dags/example_task_group.py for tasks to queue
[2022-09-02 22:00:05,946] {logging_mixin.py:115} INFO - [2022-09-02 22:00:05,946] {dagbag.py:508} INFO - Filling up the DagBag from /home/airflow/.local/lib/python3.7/site-packages/airflow/example_dags/example_task_group.py
[2022-09-02 22:00:05,961] {processor.py:651} INFO - DAG(s) dict_keys(['example_task_group']) retrieved from /home/airflow/.local/lib/python3.7/site-packages/airflow/example_dags/example_task_group.py
[2022-09-02 22:00:06,032] {logging_mixin.py:115} INFO - [2022-09-02 22:00:06,032] {dag.py:2420} INFO - Sync 1 DAGs
[2022-09-02 22:00:06,063] {logging_mixin.py:115} INFO - [2022-09-02 22:00:06,063] {dag.py:2972} INFO - Setting next_dagrun for example_task_group to 2022-09-01T22:00:06.062388+00:00, run_after=2022-09-02T22:00:06.062388+00:00
[2022-09-02 22:00:06,080] {processor.py:161} INFO - Processing /home/airflow/.local/lib/python3.7/site-packages/airflow/example_dags/example_task_group.py took 0.144 seconds
[2022-09-02 22:28:44,574] {processor.py:153} INFO - Started process (PID=1762) to work on /home/airflow/.local/lib/python3.7/site-packages/airflow/example_dags/example_task_group.py
[2022-09-02 22:28:44,576] {processor.py:641} INFO - Processing file /home/airflow/.local/lib/python3.7/site-packages/airflow/example_dags/example_task_group.py for tasks to queue
[2022-09-02 22:28:44,577] {logging_mixin.py:115} INFO - [2022-09-02 22:28:44,577] {dagbag.py:508} INFO - Filling up the DagBag from /home/airflow/.local/lib/python3.7/site-packages/airflow/example_dags/example_task_group.py
[2022-09-02 22:28:44,590] {processor.py:651} INFO - DAG(s) dict_keys(['example_task_group']) retrieved from /home/airflow/.local/lib/python3.7/site-packages/airflow/example_dags/example_task_group.py
[2022-09-02 22:28:44,639] {logging_mixin.py:115} INFO - [2022-09-02 22:28:44,638] {dag.py:2420} INFO - Sync 1 DAGs
[2022-09-02 22:28:44,672] {logging_mixin.py:115} INFO - [2022-09-02 22:28:44,672] {dag.py:2972} INFO - Setting next_dagrun for example_task_group to 2022-09-01T22:28:44.672187+00:00, run_after=2022-09-02T22:28:44.672187+00:00
[2022-09-02 22:28:44,687] {processor.py:161} INFO - Processing /home/airflow/.local/lib/python3.7/site-packages/airflow/example_dags/example_task_group.py took 0.120 seconds
[2022-09-02 22:29:15,222] {processor.py:153} INFO - Started process (PID=1827) to work on /home/airflow/.local/lib/python3.7/site-packages/airflow/example_dags/example_task_group.py
[2022-09-02 22:29:15,223] {processor.py:641} INFO - Processing file /home/airflow/.local/lib/python3.7/site-packages/airflow/example_dags/example_task_group.py for tasks to queue
[2022-09-02 22:29:15,224] {logging_mixin.py:115} INFO - [2022-09-02 22:29:15,224] {dagbag.py:508} INFO - Filling up the DagBag from /home/airflow/.local/lib/python3.7/site-packages/airflow/example_dags/example_task_group.py
[2022-09-02 22:29:15,234] {processor.py:651} INFO - DAG(s) dict_keys(['example_task_group']) retrieved from /home/airflow/.local/lib/python3.7/site-packages/airflow/example_dags/example_task_group.py
[2022-09-02 22:29:15,267] {logging_mixin.py:115} INFO - [2022-09-02 22:29:15,267] {dag.py:2420} INFO - Sync 1 DAGs
[2022-09-02 22:29:15,293] {logging_mixin.py:115} INFO - [2022-09-02 22:29:15,293] {dag.py:2972} INFO - Setting next_dagrun for example_task_group to 2022-09-01T22:29:15.292891+00:00, run_after=2022-09-02T22:29:15.292891+00:00
[2022-09-02 22:29:15,311] {processor.py:161} INFO - Processing /home/airflow/.local/lib/python3.7/site-packages/airflow/example_dags/example_task_group.py took 0.093 seconds
[2022-09-02 22:29:45,395] {processor.py:153} INFO - Started process (PID=1883) to work on /home/airflow/.local/lib/python3.7/site-packages/airflow/example_dags/example_task_group.py
[2022-09-02 22:29:45,397] {processor.py:641} INFO - Processing file /home/airflow/.local/lib/python3.7/site-packages/airflow/example_dags/example_task_group.py for tasks to queue
[2022-09-02 22:29:45,398] {logging_mixin.py:115} INFO - [2022-09-02 22:29:45,398] {dagbag.py:508} INFO - Filling up the DagBag from /home/airflow/.local/lib/python3.7/site-packages/airflow/example_dags/example_task_group.py
[2022-09-02 22:29:45,410] {processor.py:651} INFO - DAG(s) dict_keys(['example_task_group']) retrieved from /home/airflow/.local/lib/python3.7/site-packages/airflow/example_dags/example_task_group.py
[2022-09-02 22:29:45,445] {logging_mixin.py:115} INFO - [2022-09-02 22:29:45,445] {dag.py:2420} INFO - Sync 1 DAGs
[2022-09-02 22:29:45,487] {logging_mixin.py:115} INFO - [2022-09-02 22:29:45,487] {dag.py:2972} INFO - Setting next_dagrun for example_task_group to 2022-09-01T22:29:45.486721+00:00, run_after=2022-09-02T22:29:45.486721+00:00
[2022-09-02 22:29:45,501] {processor.py:161} INFO - Processing /home/airflow/.local/lib/python3.7/site-packages/airflow/example_dags/example_task_group.py took 0.110 seconds
[2022-09-02 23:00:15,981] {processor.py:153} INFO - Started process (PID=1945) to work on /home/airflow/.local/lib/python3.7/site-packages/airflow/example_dags/example_task_group.py
[2022-09-02 23:00:16,000] {processor.py:641} INFO - Processing file /home/airflow/.local/lib/python3.7/site-packages/airflow/example_dags/example_task_group.py for tasks to queue
[2022-09-02 23:00:16,010] {logging_mixin.py:115} INFO - [2022-09-02 23:00:16,009] {dagbag.py:508} INFO - Filling up the DagBag from /home/airflow/.local/lib/python3.7/site-packages/airflow/example_dags/example_task_group.py
[2022-09-02 23:00:16,172] {processor.py:651} INFO - DAG(s) dict_keys(['example_task_group']) retrieved from /home/airflow/.local/lib/python3.7/site-packages/airflow/example_dags/example_task_group.py
[2022-09-02 23:00:16,482] {logging_mixin.py:115} INFO - [2022-09-02 23:00:16,481] {dag.py:2420} INFO - Sync 1 DAGs
[2022-09-02 23:00:17,108] {logging_mixin.py:115} INFO - [2022-09-02 23:00:17,107] {dag.py:2972} INFO - Setting next_dagrun for example_task_group to 2022-09-01T23:00:17.098461+00:00, run_after=2022-09-02T23:00:17.098461+00:00
[2022-09-02 23:00:17,490] {processor.py:161} INFO - Processing /home/airflow/.local/lib/python3.7/site-packages/airflow/example_dags/example_task_group.py took 1.576 seconds
[2022-09-02 23:01:06,535] {processor.py:153} INFO - Started process (PID=2003) to work on /home/airflow/.local/lib/python3.7/site-packages/airflow/example_dags/example_task_group.py
[2022-09-02 23:01:06,547] {processor.py:641} INFO - Processing file /home/airflow/.local/lib/python3.7/site-packages/airflow/example_dags/example_task_group.py for tasks to queue
[2022-09-02 23:01:06,562] {logging_mixin.py:115} INFO - [2022-09-02 23:01:06,560] {dagbag.py:508} INFO - Filling up the DagBag from /home/airflow/.local/lib/python3.7/site-packages/airflow/example_dags/example_task_group.py
[2022-09-02 23:01:06,660] {processor.py:651} INFO - DAG(s) dict_keys(['example_task_group']) retrieved from /home/airflow/.local/lib/python3.7/site-packages/airflow/example_dags/example_task_group.py
[2022-09-02 23:01:06,949] {logging_mixin.py:115} INFO - [2022-09-02 23:01:06,948] {dag.py:2420} INFO - Sync 1 DAGs
[2022-09-02 23:01:07,182] {logging_mixin.py:115} INFO - [2022-09-02 23:01:07,182] {dag.py:2972} INFO - Setting next_dagrun for example_task_group to 2022-09-01T23:01:07.180296+00:00, run_after=2022-09-02T23:01:07.180296+00:00
[2022-09-02 23:01:07,338] {processor.py:161} INFO - Processing /home/airflow/.local/lib/python3.7/site-packages/airflow/example_dags/example_task_group.py took 0.842 seconds
[2022-09-02 23:01:59,137] {processor.py:153} INFO - Started process (PID=2066) to work on /home/airflow/.local/lib/python3.7/site-packages/airflow/example_dags/example_task_group.py
[2022-09-02 23:01:59,146] {processor.py:641} INFO - Processing file /home/airflow/.local/lib/python3.7/site-packages/airflow/example_dags/example_task_group.py for tasks to queue
[2022-09-02 23:01:59,159] {logging_mixin.py:115} INFO - [2022-09-02 23:01:59,156] {dagbag.py:508} INFO - Filling up the DagBag from /home/airflow/.local/lib/python3.7/site-packages/airflow/example_dags/example_task_group.py
[2022-09-02 23:01:59,346] {processor.py:651} INFO - DAG(s) dict_keys(['example_task_group']) retrieved from /home/airflow/.local/lib/python3.7/site-packages/airflow/example_dags/example_task_group.py
[2022-09-02 23:02:00,115] {logging_mixin.py:115} INFO - [2022-09-02 23:02:00,115] {dag.py:2420} INFO - Sync 1 DAGs
[2022-09-02 23:02:01,083] {logging_mixin.py:115} INFO - [2022-09-02 23:02:01,078] {dag.py:2972} INFO - Setting next_dagrun for example_task_group to 2022-09-01T23:02:01.064336+00:00, run_after=2022-09-02T23:02:01.064336+00:00
[2022-09-02 23:02:01,341] {processor.py:161} INFO - Processing /home/airflow/.local/lib/python3.7/site-packages/airflow/example_dags/example_task_group.py took 2.349 seconds
[2022-09-02 23:02:32,534] {processor.py:153} INFO - Started process (PID=2115) to work on /home/airflow/.local/lib/python3.7/site-packages/airflow/example_dags/example_task_group.py
[2022-09-02 23:02:32,540] {processor.py:641} INFO - Processing file /home/airflow/.local/lib/python3.7/site-packages/airflow/example_dags/example_task_group.py for tasks to queue
[2022-09-02 23:02:32,547] {logging_mixin.py:115} INFO - [2022-09-02 23:02:32,546] {dagbag.py:508} INFO - Filling up the DagBag from /home/airflow/.local/lib/python3.7/site-packages/airflow/example_dags/example_task_group.py
[2022-09-02 23:02:32,605] {processor.py:651} INFO - DAG(s) dict_keys(['example_task_group']) retrieved from /home/airflow/.local/lib/python3.7/site-packages/airflow/example_dags/example_task_group.py
[2022-09-02 23:02:32,766] {logging_mixin.py:115} INFO - [2022-09-02 23:02:32,766] {dag.py:2420} INFO - Sync 1 DAGs
[2022-09-02 23:02:33,006] {logging_mixin.py:115} INFO - [2022-09-02 23:02:33,006] {dag.py:2972} INFO - Setting next_dagrun for example_task_group to 2022-09-01T23:02:33.004465+00:00, run_after=2022-09-02T23:02:33.004465+00:00
[2022-09-02 23:02:33,086] {processor.py:161} INFO - Processing /home/airflow/.local/lib/python3.7/site-packages/airflow/example_dags/example_task_group.py took 0.613 seconds
[2022-09-02 23:03:03,835] {processor.py:153} INFO - Started process (PID=2171) to work on /home/airflow/.local/lib/python3.7/site-packages/airflow/example_dags/example_task_group.py
[2022-09-02 23:03:03,846] {processor.py:641} INFO - Processing file /home/airflow/.local/lib/python3.7/site-packages/airflow/example_dags/example_task_group.py for tasks to queue
[2022-09-02 23:03:03,855] {logging_mixin.py:115} INFO - [2022-09-02 23:03:03,854] {dagbag.py:508} INFO - Filling up the DagBag from /home/airflow/.local/lib/python3.7/site-packages/airflow/example_dags/example_task_group.py
[2022-09-02 23:03:03,918] {processor.py:651} INFO - DAG(s) dict_keys(['example_task_group']) retrieved from /home/airflow/.local/lib/python3.7/site-packages/airflow/example_dags/example_task_group.py
[2022-09-02 23:03:04,110] {logging_mixin.py:115} INFO - [2022-09-02 23:03:04,109] {dag.py:2420} INFO - Sync 1 DAGs
[2022-09-02 23:03:04,374] {logging_mixin.py:115} INFO - [2022-09-02 23:03:04,373] {dag.py:2972} INFO - Setting next_dagrun for example_task_group to 2022-09-01T23:03:04.372120+00:00, run_after=2022-09-02T23:03:04.372120+00:00
[2022-09-02 23:03:04,484] {processor.py:161} INFO - Processing /home/airflow/.local/lib/python3.7/site-packages/airflow/example_dags/example_task_group.py took 0.675 seconds
[2022-09-02 23:03:35,204] {processor.py:153} INFO - Started process (PID=2227) to work on /home/airflow/.local/lib/python3.7/site-packages/airflow/example_dags/example_task_group.py
[2022-09-02 23:03:35,225] {processor.py:641} INFO - Processing file /home/airflow/.local/lib/python3.7/site-packages/airflow/example_dags/example_task_group.py for tasks to queue
[2022-09-02 23:03:35,239] {logging_mixin.py:115} INFO - [2022-09-02 23:03:35,237] {dagbag.py:508} INFO - Filling up the DagBag from /home/airflow/.local/lib/python3.7/site-packages/airflow/example_dags/example_task_group.py
[2022-09-02 23:03:35,299] {processor.py:651} INFO - DAG(s) dict_keys(['example_task_group']) retrieved from /home/airflow/.local/lib/python3.7/site-packages/airflow/example_dags/example_task_group.py
[2022-09-02 23:03:35,585] {logging_mixin.py:115} INFO - [2022-09-02 23:03:35,585] {dag.py:2420} INFO - Sync 1 DAGs
[2022-09-02 23:03:35,949] {logging_mixin.py:115} INFO - [2022-09-02 23:03:35,949] {dag.py:2972} INFO - Setting next_dagrun for example_task_group to 2022-09-01T23:03:35.947782+00:00, run_after=2022-09-02T23:03:35.947782+00:00
[2022-09-02 23:03:36,035] {processor.py:161} INFO - Processing /home/airflow/.local/lib/python3.7/site-packages/airflow/example_dags/example_task_group.py took 0.885 seconds
[2022-09-02 23:04:06,430] {processor.py:153} INFO - Started process (PID=2273) to work on /home/airflow/.local/lib/python3.7/site-packages/airflow/example_dags/example_task_group.py
[2022-09-02 23:04:06,435] {processor.py:641} INFO - Processing file /home/airflow/.local/lib/python3.7/site-packages/airflow/example_dags/example_task_group.py for tasks to queue
[2022-09-02 23:04:06,441] {logging_mixin.py:115} INFO - [2022-09-02 23:04:06,441] {dagbag.py:508} INFO - Filling up the DagBag from /home/airflow/.local/lib/python3.7/site-packages/airflow/example_dags/example_task_group.py
[2022-09-02 23:04:06,496] {processor.py:651} INFO - DAG(s) dict_keys(['example_task_group']) retrieved from /home/airflow/.local/lib/python3.7/site-packages/airflow/example_dags/example_task_group.py
[2022-09-02 23:04:06,665] {logging_mixin.py:115} INFO - [2022-09-02 23:04:06,664] {dag.py:2420} INFO - Sync 1 DAGs
[2022-09-02 23:04:06,806] {logging_mixin.py:115} INFO - [2022-09-02 23:04:06,805] {dag.py:2972} INFO - Setting next_dagrun for example_task_group to 2022-09-01T23:04:06.803585+00:00, run_after=2022-09-02T23:04:06.803585+00:00
[2022-09-02 23:04:06,886] {processor.py:161} INFO - Processing /home/airflow/.local/lib/python3.7/site-packages/airflow/example_dags/example_task_group.py took 0.479 seconds
[2022-09-02 23:04:37,795] {processor.py:153} INFO - Started process (PID=2330) to work on /home/airflow/.local/lib/python3.7/site-packages/airflow/example_dags/example_task_group.py
[2022-09-02 23:04:37,797] {processor.py:641} INFO - Processing file /home/airflow/.local/lib/python3.7/site-packages/airflow/example_dags/example_task_group.py for tasks to queue
[2022-09-02 23:04:37,799] {logging_mixin.py:115} INFO - [2022-09-02 23:04:37,799] {dagbag.py:508} INFO - Filling up the DagBag from /home/airflow/.local/lib/python3.7/site-packages/airflow/example_dags/example_task_group.py
[2022-09-02 23:04:37,814] {processor.py:651} INFO - DAG(s) dict_keys(['example_task_group']) retrieved from /home/airflow/.local/lib/python3.7/site-packages/airflow/example_dags/example_task_group.py
[2022-09-02 23:04:37,898] {logging_mixin.py:115} INFO - [2022-09-02 23:04:37,898] {dag.py:2420} INFO - Sync 1 DAGs
[2022-09-02 23:04:37,973] {logging_mixin.py:115} INFO - [2022-09-02 23:04:37,973] {dag.py:2972} INFO - Setting next_dagrun for example_task_group to 2022-09-01T23:04:37.972988+00:00, run_after=2022-09-02T23:04:37.972988+00:00
[2022-09-02 23:04:37,997] {processor.py:161} INFO - Processing /home/airflow/.local/lib/python3.7/site-packages/airflow/example_dags/example_task_group.py took 0.210 seconds
[2022-09-02 23:06:41,554] {processor.py:153} INFO - Started process (PID=2337) to work on /home/airflow/.local/lib/python3.7/site-packages/airflow/example_dags/example_task_group.py
[2022-09-02 23:06:41,556] {processor.py:641} INFO - Processing file /home/airflow/.local/lib/python3.7/site-packages/airflow/example_dags/example_task_group.py for tasks to queue
[2022-09-02 23:06:41,559] {logging_mixin.py:115} INFO - [2022-09-02 23:06:41,559] {dagbag.py:508} INFO - Filling up the DagBag from /home/airflow/.local/lib/python3.7/site-packages/airflow/example_dags/example_task_group.py
[2022-09-02 23:06:41,570] {processor.py:651} INFO - DAG(s) dict_keys(['example_task_group']) retrieved from /home/airflow/.local/lib/python3.7/site-packages/airflow/example_dags/example_task_group.py
[2022-09-02 23:06:41,634] {logging_mixin.py:115} INFO - [2022-09-02 23:06:41,634] {dag.py:2420} INFO - Sync 1 DAGs
[2022-09-02 23:06:41,670] {logging_mixin.py:115} INFO - [2022-09-02 23:06:41,670] {dag.py:2972} INFO - Setting next_dagrun for example_task_group to 2022-09-01T23:06:41.670040+00:00, run_after=2022-09-02T23:06:41.670040+00:00
[2022-09-02 23:06:41,692] {processor.py:161} INFO - Processing /home/airflow/.local/lib/python3.7/site-packages/airflow/example_dags/example_task_group.py took 0.143 seconds
[2022-09-02 23:07:12,456] {processor.py:153} INFO - Started process (PID=2403) to work on /home/airflow/.local/lib/python3.7/site-packages/airflow/example_dags/example_task_group.py
[2022-09-02 23:07:12,458] {processor.py:641} INFO - Processing file /home/airflow/.local/lib/python3.7/site-packages/airflow/example_dags/example_task_group.py for tasks to queue
[2022-09-02 23:07:12,459] {logging_mixin.py:115} INFO - [2022-09-02 23:07:12,459] {dagbag.py:508} INFO - Filling up the DagBag from /home/airflow/.local/lib/python3.7/site-packages/airflow/example_dags/example_task_group.py
[2022-09-02 23:07:12,468] {processor.py:651} INFO - DAG(s) dict_keys(['example_task_group']) retrieved from /home/airflow/.local/lib/python3.7/site-packages/airflow/example_dags/example_task_group.py
[2022-09-02 23:07:12,503] {logging_mixin.py:115} INFO - [2022-09-02 23:07:12,502] {dag.py:2420} INFO - Sync 1 DAGs
[2022-09-02 23:07:12,531] {logging_mixin.py:115} INFO - [2022-09-02 23:07:12,531] {dag.py:2972} INFO - Setting next_dagrun for example_task_group to 2022-09-01T23:07:12.531004+00:00, run_after=2022-09-02T23:07:12.531004+00:00
[2022-09-02 23:07:12,549] {processor.py:161} INFO - Processing /home/airflow/.local/lib/python3.7/site-packages/airflow/example_dags/example_task_group.py took 0.098 seconds
[2022-09-02 23:07:43,593] {processor.py:153} INFO - Started process (PID=2466) to work on /home/airflow/.local/lib/python3.7/site-packages/airflow/example_dags/example_task_group.py
[2022-09-02 23:07:43,595] {processor.py:641} INFO - Processing file /home/airflow/.local/lib/python3.7/site-packages/airflow/example_dags/example_task_group.py for tasks to queue
[2022-09-02 23:07:43,596] {logging_mixin.py:115} INFO - [2022-09-02 23:07:43,596] {dagbag.py:508} INFO - Filling up the DagBag from /home/airflow/.local/lib/python3.7/site-packages/airflow/example_dags/example_task_group.py
[2022-09-02 23:07:43,605] {processor.py:651} INFO - DAG(s) dict_keys(['example_task_group']) retrieved from /home/airflow/.local/lib/python3.7/site-packages/airflow/example_dags/example_task_group.py
[2022-09-02 23:07:43,637] {logging_mixin.py:115} INFO - [2022-09-02 23:07:43,637] {dag.py:2420} INFO - Sync 1 DAGs
[2022-09-02 23:07:43,663] {logging_mixin.py:115} INFO - [2022-09-02 23:07:43,663] {dag.py:2972} INFO - Setting next_dagrun for example_task_group to 2022-09-01T23:07:43.663063+00:00, run_after=2022-09-02T23:07:43.663063+00:00
[2022-09-02 23:07:43,678] {processor.py:161} INFO - Processing /home/airflow/.local/lib/python3.7/site-packages/airflow/example_dags/example_task_group.py took 0.089 seconds
[2022-09-02 23:08:26,899] {processor.py:153} INFO - Started process (PID=2524) to work on /home/airflow/.local/lib/python3.7/site-packages/airflow/example_dags/example_task_group.py
[2022-09-02 23:08:26,904] {processor.py:641} INFO - Processing file /home/airflow/.local/lib/python3.7/site-packages/airflow/example_dags/example_task_group.py for tasks to queue
[2022-09-02 23:08:26,908] {logging_mixin.py:115} INFO - [2022-09-02 23:08:26,908] {dagbag.py:508} INFO - Filling up the DagBag from /home/airflow/.local/lib/python3.7/site-packages/airflow/example_dags/example_task_group.py
[2022-09-02 23:08:26,923] {processor.py:651} INFO - DAG(s) dict_keys(['example_task_group']) retrieved from /home/airflow/.local/lib/python3.7/site-packages/airflow/example_dags/example_task_group.py
[2022-09-02 23:08:26,958] {logging_mixin.py:115} INFO - [2022-09-02 23:08:26,958] {dag.py:2420} INFO - Sync 1 DAGs
[2022-09-02 23:08:26,994] {logging_mixin.py:115} INFO - [2022-09-02 23:08:26,994] {dag.py:2972} INFO - Setting next_dagrun for example_task_group to 2022-09-01T23:08:26.993843+00:00, run_after=2022-09-02T23:08:26.993843+00:00
[2022-09-02 23:08:27,013] {processor.py:161} INFO - Processing /home/airflow/.local/lib/python3.7/site-packages/airflow/example_dags/example_task_group.py took 0.120 seconds
[2022-09-02 23:08:58,010] {processor.py:153} INFO - Started process (PID=2580) to work on /home/airflow/.local/lib/python3.7/site-packages/airflow/example_dags/example_task_group.py
[2022-09-02 23:08:58,012] {processor.py:641} INFO - Processing file /home/airflow/.local/lib/python3.7/site-packages/airflow/example_dags/example_task_group.py for tasks to queue
[2022-09-02 23:08:58,014] {logging_mixin.py:115} INFO - [2022-09-02 23:08:58,014] {dagbag.py:508} INFO - Filling up the DagBag from /home/airflow/.local/lib/python3.7/site-packages/airflow/example_dags/example_task_group.py
[2022-09-02 23:08:58,024] {processor.py:651} INFO - DAG(s) dict_keys(['example_task_group']) retrieved from /home/airflow/.local/lib/python3.7/site-packages/airflow/example_dags/example_task_group.py
[2022-09-02 23:08:58,067] {logging_mixin.py:115} INFO - [2022-09-02 23:08:58,067] {dag.py:2420} INFO - Sync 1 DAGs
[2022-09-02 23:08:58,107] {logging_mixin.py:115} INFO - [2022-09-02 23:08:58,107] {dag.py:2972} INFO - Setting next_dagrun for example_task_group to 2022-09-01T23:08:58.106913+00:00, run_after=2022-09-02T23:08:58.106913+00:00
[2022-09-02 23:08:58,122] {processor.py:161} INFO - Processing /home/airflow/.local/lib/python3.7/site-packages/airflow/example_dags/example_task_group.py took 0.121 seconds
[2022-09-02 23:09:28,363] {processor.py:153} INFO - Started process (PID=2647) to work on /home/airflow/.local/lib/python3.7/site-packages/airflow/example_dags/example_task_group.py
[2022-09-02 23:09:28,364] {processor.py:641} INFO - Processing file /home/airflow/.local/lib/python3.7/site-packages/airflow/example_dags/example_task_group.py for tasks to queue
[2022-09-02 23:09:28,366] {logging_mixin.py:115} INFO - [2022-09-02 23:09:28,365] {dagbag.py:508} INFO - Filling up the DagBag from /home/airflow/.local/lib/python3.7/site-packages/airflow/example_dags/example_task_group.py
[2022-09-02 23:09:28,375] {processor.py:651} INFO - DAG(s) dict_keys(['example_task_group']) retrieved from /home/airflow/.local/lib/python3.7/site-packages/airflow/example_dags/example_task_group.py
[2022-09-02 23:09:28,410] {logging_mixin.py:115} INFO - [2022-09-02 23:09:28,410] {dag.py:2420} INFO - Sync 1 DAGs
[2022-09-02 23:09:28,437] {logging_mixin.py:115} INFO - [2022-09-02 23:09:28,437] {dag.py:2972} INFO - Setting next_dagrun for example_task_group to 2022-09-01T23:09:28.437295+00:00, run_after=2022-09-02T23:09:28.437295+00:00
[2022-09-02 23:09:28,453] {processor.py:161} INFO - Processing /home/airflow/.local/lib/python3.7/site-packages/airflow/example_dags/example_task_group.py took 0.094 seconds
[2022-09-02 23:10:04,964] {processor.py:153} INFO - Started process (PID=2704) to work on /home/airflow/.local/lib/python3.7/site-packages/airflow/example_dags/example_task_group.py
[2022-09-02 23:10:04,965] {processor.py:641} INFO - Processing file /home/airflow/.local/lib/python3.7/site-packages/airflow/example_dags/example_task_group.py for tasks to queue
[2022-09-02 23:10:04,967] {logging_mixin.py:115} INFO - [2022-09-02 23:10:04,967] {dagbag.py:508} INFO - Filling up the DagBag from /home/airflow/.local/lib/python3.7/site-packages/airflow/example_dags/example_task_group.py
[2022-09-02 23:10:04,979] {processor.py:651} INFO - DAG(s) dict_keys(['example_task_group']) retrieved from /home/airflow/.local/lib/python3.7/site-packages/airflow/example_dags/example_task_group.py
[2022-09-02 23:10:05,020] {logging_mixin.py:115} INFO - [2022-09-02 23:10:05,019] {dag.py:2420} INFO - Sync 1 DAGs
[2022-09-02 23:10:05,050] {logging_mixin.py:115} INFO - [2022-09-02 23:10:05,050] {dag.py:2972} INFO - Setting next_dagrun for example_task_group to 2022-09-01T23:10:05.050276+00:00, run_after=2022-09-02T23:10:05.050276+00:00
[2022-09-02 23:10:05,068] {processor.py:161} INFO - Processing /home/airflow/.local/lib/python3.7/site-packages/airflow/example_dags/example_task_group.py took 0.109 seconds
[2022-09-02 23:10:35,321] {processor.py:153} INFO - Started process (PID=2769) to work on /home/airflow/.local/lib/python3.7/site-packages/airflow/example_dags/example_task_group.py
[2022-09-02 23:10:35,323] {processor.py:641} INFO - Processing file /home/airflow/.local/lib/python3.7/site-packages/airflow/example_dags/example_task_group.py for tasks to queue
[2022-09-02 23:10:35,324] {logging_mixin.py:115} INFO - [2022-09-02 23:10:35,324] {dagbag.py:508} INFO - Filling up the DagBag from /home/airflow/.local/lib/python3.7/site-packages/airflow/example_dags/example_task_group.py
[2022-09-02 23:10:35,339] {processor.py:651} INFO - DAG(s) dict_keys(['example_task_group']) retrieved from /home/airflow/.local/lib/python3.7/site-packages/airflow/example_dags/example_task_group.py
[2022-09-02 23:10:35,376] {logging_mixin.py:115} INFO - [2022-09-02 23:10:35,376] {dag.py:2420} INFO - Sync 1 DAGs
[2022-09-02 23:10:35,406] {logging_mixin.py:115} INFO - [2022-09-02 23:10:35,406] {dag.py:2972} INFO - Setting next_dagrun for example_task_group to 2022-09-01T23:10:35.405767+00:00, run_after=2022-09-02T23:10:35.405767+00:00
[2022-09-02 23:10:35,421] {processor.py:161} INFO - Processing /home/airflow/.local/lib/python3.7/site-packages/airflow/example_dags/example_task_group.py took 0.107 seconds
[2022-09-02 23:11:05,519] {processor.py:153} INFO - Started process (PID=2834) to work on /home/airflow/.local/lib/python3.7/site-packages/airflow/example_dags/example_task_group.py
[2022-09-02 23:11:05,520] {processor.py:641} INFO - Processing file /home/airflow/.local/lib/python3.7/site-packages/airflow/example_dags/example_task_group.py for tasks to queue
[2022-09-02 23:11:05,521] {logging_mixin.py:115} INFO - [2022-09-02 23:11:05,521] {dagbag.py:508} INFO - Filling up the DagBag from /home/airflow/.local/lib/python3.7/site-packages/airflow/example_dags/example_task_group.py
[2022-09-02 23:11:05,531] {processor.py:651} INFO - DAG(s) dict_keys(['example_task_group']) retrieved from /home/airflow/.local/lib/python3.7/site-packages/airflow/example_dags/example_task_group.py
[2022-09-02 23:11:05,579] {logging_mixin.py:115} INFO - [2022-09-02 23:11:05,579] {dag.py:2420} INFO - Sync 1 DAGs
[2022-09-02 23:11:05,608] {logging_mixin.py:115} INFO - [2022-09-02 23:11:05,608] {dag.py:2972} INFO - Setting next_dagrun for example_task_group to 2022-09-01T23:11:05.608551+00:00, run_after=2022-09-02T23:11:05.608551+00:00
[2022-09-02 23:11:05,625] {processor.py:161} INFO - Processing /home/airflow/.local/lib/python3.7/site-packages/airflow/example_dags/example_task_group.py took 0.110 seconds
[2022-09-02 23:11:35,803] {processor.py:153} INFO - Started process (PID=2890) to work on /home/airflow/.local/lib/python3.7/site-packages/airflow/example_dags/example_task_group.py
[2022-09-02 23:11:35,804] {processor.py:641} INFO - Processing file /home/airflow/.local/lib/python3.7/site-packages/airflow/example_dags/example_task_group.py for tasks to queue
[2022-09-02 23:11:35,805] {logging_mixin.py:115} INFO - [2022-09-02 23:11:35,805] {dagbag.py:508} INFO - Filling up the DagBag from /home/airflow/.local/lib/python3.7/site-packages/airflow/example_dags/example_task_group.py
[2022-09-02 23:11:35,816] {processor.py:651} INFO - DAG(s) dict_keys(['example_task_group']) retrieved from /home/airflow/.local/lib/python3.7/site-packages/airflow/example_dags/example_task_group.py
[2022-09-02 23:11:35,850] {logging_mixin.py:115} INFO - [2022-09-02 23:11:35,850] {dag.py:2420} INFO - Sync 1 DAGs
[2022-09-02 23:11:35,878] {logging_mixin.py:115} INFO - [2022-09-02 23:11:35,878] {dag.py:2972} INFO - Setting next_dagrun for example_task_group to 2022-09-01T23:11:35.878344+00:00, run_after=2022-09-02T23:11:35.878344+00:00
[2022-09-02 23:11:35,894] {processor.py:161} INFO - Processing /home/airflow/.local/lib/python3.7/site-packages/airflow/example_dags/example_task_group.py took 0.095 seconds
[2022-09-02 23:12:05,995] {processor.py:153} INFO - Started process (PID=2956) to work on /home/airflow/.local/lib/python3.7/site-packages/airflow/example_dags/example_task_group.py
[2022-09-02 23:12:05,996] {processor.py:641} INFO - Processing file /home/airflow/.local/lib/python3.7/site-packages/airflow/example_dags/example_task_group.py for tasks to queue
[2022-09-02 23:12:05,998] {logging_mixin.py:115} INFO - [2022-09-02 23:12:05,997] {dagbag.py:508} INFO - Filling up the DagBag from /home/airflow/.local/lib/python3.7/site-packages/airflow/example_dags/example_task_group.py
[2022-09-02 23:12:06,008] {processor.py:651} INFO - DAG(s) dict_keys(['example_task_group']) retrieved from /home/airflow/.local/lib/python3.7/site-packages/airflow/example_dags/example_task_group.py
[2022-09-02 23:12:06,042] {logging_mixin.py:115} INFO - [2022-09-02 23:12:06,041] {dag.py:2420} INFO - Sync 1 DAGs
[2022-09-02 23:12:06,068] {logging_mixin.py:115} INFO - [2022-09-02 23:12:06,068] {dag.py:2972} INFO - Setting next_dagrun for example_task_group to 2022-09-01T23:12:06.068276+00:00, run_after=2022-09-02T23:12:06.068276+00:00
[2022-09-02 23:12:06,084] {processor.py:161} INFO - Processing /home/airflow/.local/lib/python3.7/site-packages/airflow/example_dags/example_task_group.py took 0.094 seconds
[2022-09-02 23:42:34,624] {processor.py:153} INFO - Started process (PID=3012) to work on /home/airflow/.local/lib/python3.7/site-packages/airflow/example_dags/example_task_group.py
[2022-09-02 23:42:34,635] {processor.py:641} INFO - Processing file /home/airflow/.local/lib/python3.7/site-packages/airflow/example_dags/example_task_group.py for tasks to queue
[2022-09-02 23:42:34,649] {logging_mixin.py:115} INFO - [2022-09-02 23:42:34,649] {dagbag.py:508} INFO - Filling up the DagBag from /home/airflow/.local/lib/python3.7/site-packages/airflow/example_dags/example_task_group.py
[2022-09-02 23:42:34,713] {processor.py:651} INFO - DAG(s) dict_keys(['example_task_group']) retrieved from /home/airflow/.local/lib/python3.7/site-packages/airflow/example_dags/example_task_group.py
[2022-09-02 23:42:35,068] {logging_mixin.py:115} INFO - [2022-09-02 23:42:35,067] {dag.py:2420} INFO - Sync 1 DAGs
[2022-09-02 23:42:35,489] {logging_mixin.py:115} INFO - [2022-09-02 23:42:35,488] {dag.py:2972} INFO - Setting next_dagrun for example_task_group to 2022-09-01T23:42:35.486602+00:00, run_after=2022-09-02T23:42:35.486602+00:00
[2022-09-02 23:42:35,676] {processor.py:161} INFO - Processing /home/airflow/.local/lib/python3.7/site-packages/airflow/example_dags/example_task_group.py took 1.114 seconds
[2022-09-02 23:43:10,753] {processor.py:153} INFO - Started process (PID=3069) to work on /home/airflow/.local/lib/python3.7/site-packages/airflow/example_dags/example_task_group.py
[2022-09-02 23:43:10,757] {processor.py:641} INFO - Processing file /home/airflow/.local/lib/python3.7/site-packages/airflow/example_dags/example_task_group.py for tasks to queue
[2022-09-02 23:43:10,762] {logging_mixin.py:115} INFO - [2022-09-02 23:43:10,762] {dagbag.py:508} INFO - Filling up the DagBag from /home/airflow/.local/lib/python3.7/site-packages/airflow/example_dags/example_task_group.py
[2022-09-02 23:43:10,792] {processor.py:651} INFO - DAG(s) dict_keys(['example_task_group']) retrieved from /home/airflow/.local/lib/python3.7/site-packages/airflow/example_dags/example_task_group.py
[2022-09-02 23:43:10,912] {logging_mixin.py:115} INFO - [2022-09-02 23:43:10,912] {dag.py:2420} INFO - Sync 1 DAGs
[2022-09-02 23:43:10,978] {logging_mixin.py:115} INFO - [2022-09-02 23:43:10,976] {dag.py:2972} INFO - Setting next_dagrun for example_task_group to 2022-09-01T23:43:10.976345+00:00, run_after=2022-09-02T23:43:10.976345+00:00
[2022-09-02 23:43:11,008] {processor.py:161} INFO - Processing /home/airflow/.local/lib/python3.7/site-packages/airflow/example_dags/example_task_group.py took 0.262 seconds
[2022-09-02 23:55:57,767] {processor.py:153} INFO - Started process (PID=3101) to work on /home/airflow/.local/lib/python3.7/site-packages/airflow/example_dags/example_task_group.py
[2022-09-02 23:55:57,768] {processor.py:641} INFO - Processing file /home/airflow/.local/lib/python3.7/site-packages/airflow/example_dags/example_task_group.py for tasks to queue
[2022-09-02 23:55:57,769] {logging_mixin.py:115} INFO - [2022-09-02 23:55:57,769] {dagbag.py:508} INFO - Filling up the DagBag from /home/airflow/.local/lib/python3.7/site-packages/airflow/example_dags/example_task_group.py
[2022-09-02 23:55:57,779] {processor.py:651} INFO - DAG(s) dict_keys(['example_task_group']) retrieved from /home/airflow/.local/lib/python3.7/site-packages/airflow/example_dags/example_task_group.py
[2022-09-02 23:55:57,825] {logging_mixin.py:115} INFO - [2022-09-02 23:55:57,825] {dag.py:2420} INFO - Sync 1 DAGs
[2022-09-02 23:55:57,862] {logging_mixin.py:115} INFO - [2022-09-02 23:55:57,862] {dag.py:2972} INFO - Setting next_dagrun for example_task_group to 2022-09-01T23:55:57.862244+00:00, run_after=2022-09-02T23:55:57.862244+00:00
[2022-09-02 23:55:57,885] {processor.py:161} INFO - Processing /home/airflow/.local/lib/python3.7/site-packages/airflow/example_dags/example_task_group.py took 0.123 seconds
[2022-09-02 23:56:28,648] {processor.py:153} INFO - Started process (PID=3165) to work on /home/airflow/.local/lib/python3.7/site-packages/airflow/example_dags/example_task_group.py
[2022-09-02 23:56:28,654] {processor.py:641} INFO - Processing file /home/airflow/.local/lib/python3.7/site-packages/airflow/example_dags/example_task_group.py for tasks to queue
[2022-09-02 23:56:28,656] {logging_mixin.py:115} INFO - [2022-09-02 23:56:28,655] {dagbag.py:508} INFO - Filling up the DagBag from /home/airflow/.local/lib/python3.7/site-packages/airflow/example_dags/example_task_group.py
[2022-09-02 23:56:28,680] {processor.py:651} INFO - DAG(s) dict_keys(['example_task_group']) retrieved from /home/airflow/.local/lib/python3.7/site-packages/airflow/example_dags/example_task_group.py
[2022-09-02 23:56:28,733] {logging_mixin.py:115} INFO - [2022-09-02 23:56:28,733] {dag.py:2420} INFO - Sync 1 DAGs
[2022-09-02 23:56:29,221] {logging_mixin.py:115} INFO - [2022-09-02 23:56:29,221] {dag.py:2972} INFO - Setting next_dagrun for example_task_group to 2022-09-01T23:56:29.220731+00:00, run_after=2022-09-02T23:56:29.220731+00:00
[2022-09-02 23:56:29,265] {processor.py:161} INFO - Processing /home/airflow/.local/lib/python3.7/site-packages/airflow/example_dags/example_task_group.py took 0.625 seconds
