[2022-09-02 21:30:57,830] {processor.py:153} INFO - Started process (PID=76) to work on /home/airflow/.local/lib/python3.7/site-packages/airflow/example_dags/example_sla_dag.py
[2022-09-02 21:30:57,835] {processor.py:641} INFO - Processing file /home/airflow/.local/lib/python3.7/site-packages/airflow/example_dags/example_sla_dag.py for tasks to queue
[2022-09-02 21:30:57,842] {logging_mixin.py:115} INFO - [2022-09-02 21:30:57,842] {dagbag.py:508} INFO - Filling up the DagBag from /home/airflow/.local/lib/python3.7/site-packages/airflow/example_dags/example_sla_dag.py
[2022-09-02 21:30:57,923] {processor.py:651} INFO - DAG(s) dict_keys(['example_sla_dag']) retrieved from /home/airflow/.local/lib/python3.7/site-packages/airflow/example_dags/example_sla_dag.py
[2022-09-02 21:30:58,256] {logging_mixin.py:115} INFO - [2022-09-02 21:30:58,256] {dag.py:2420} INFO - Sync 1 DAGs
[2022-09-02 21:30:58,362] {logging_mixin.py:115} INFO - [2022-09-02 21:30:58,362] {dag.py:2972} INFO - Setting next_dagrun for example_sla_dag to 2022-09-02T21:28:00+00:00, run_after=2022-09-02T21:30:00+00:00
[2022-09-02 21:30:58,401] {processor.py:161} INFO - Processing /home/airflow/.local/lib/python3.7/site-packages/airflow/example_dags/example_sla_dag.py took 0.576 seconds
[2022-09-02 21:31:28,987] {processor.py:153} INFO - Started process (PID=133) to work on /home/airflow/.local/lib/python3.7/site-packages/airflow/example_dags/example_sla_dag.py
[2022-09-02 21:31:28,989] {processor.py:641} INFO - Processing file /home/airflow/.local/lib/python3.7/site-packages/airflow/example_dags/example_sla_dag.py for tasks to queue
[2022-09-02 21:31:28,991] {logging_mixin.py:115} INFO - [2022-09-02 21:31:28,991] {dagbag.py:508} INFO - Filling up the DagBag from /home/airflow/.local/lib/python3.7/site-packages/airflow/example_dags/example_sla_dag.py
[2022-09-02 21:31:29,038] {processor.py:651} INFO - DAG(s) dict_keys(['example_sla_dag']) retrieved from /home/airflow/.local/lib/python3.7/site-packages/airflow/example_dags/example_sla_dag.py
[2022-09-02 21:31:29,273] {logging_mixin.py:115} INFO - [2022-09-02 21:31:29,273] {dag.py:2420} INFO - Sync 1 DAGs
[2022-09-02 21:31:29,337] {logging_mixin.py:115} INFO - [2022-09-02 21:31:29,337] {dag.py:2972} INFO - Setting next_dagrun for example_sla_dag to 2022-09-02T21:28:00+00:00, run_after=2022-09-02T21:30:00+00:00
[2022-09-02 21:31:29,354] {processor.py:161} INFO - Processing /home/airflow/.local/lib/python3.7/site-packages/airflow/example_dags/example_sla_dag.py took 0.374 seconds
[2022-09-02 21:31:59,449] {processor.py:153} INFO - Started process (PID=200) to work on /home/airflow/.local/lib/python3.7/site-packages/airflow/example_dags/example_sla_dag.py
[2022-09-02 21:31:59,450] {processor.py:641} INFO - Processing file /home/airflow/.local/lib/python3.7/site-packages/airflow/example_dags/example_sla_dag.py for tasks to queue
[2022-09-02 21:31:59,452] {logging_mixin.py:115} INFO - [2022-09-02 21:31:59,452] {dagbag.py:508} INFO - Filling up the DagBag from /home/airflow/.local/lib/python3.7/site-packages/airflow/example_dags/example_sla_dag.py
[2022-09-02 21:31:59,481] {processor.py:651} INFO - DAG(s) dict_keys(['example_sla_dag']) retrieved from /home/airflow/.local/lib/python3.7/site-packages/airflow/example_dags/example_sla_dag.py
[2022-09-02 21:31:59,642] {logging_mixin.py:115} INFO - [2022-09-02 21:31:59,641] {dag.py:2420} INFO - Sync 1 DAGs
[2022-09-02 21:31:59,673] {logging_mixin.py:115} INFO - [2022-09-02 21:31:59,673] {dag.py:2972} INFO - Setting next_dagrun for example_sla_dag to 2022-09-02T21:28:00+00:00, run_after=2022-09-02T21:30:00+00:00
[2022-09-02 21:31:59,686] {processor.py:161} INFO - Processing /home/airflow/.local/lib/python3.7/site-packages/airflow/example_dags/example_sla_dag.py took 0.244 seconds
[2022-09-02 21:46:22,822] {processor.py:153} INFO - Started process (PID=68) to work on /home/airflow/.local/lib/python3.7/site-packages/airflow/example_dags/example_sla_dag.py
[2022-09-02 21:46:22,827] {processor.py:641} INFO - Processing file /home/airflow/.local/lib/python3.7/site-packages/airflow/example_dags/example_sla_dag.py for tasks to queue
[2022-09-02 21:46:22,829] {logging_mixin.py:115} INFO - [2022-09-02 21:46:22,829] {dagbag.py:508} INFO - Filling up the DagBag from /home/airflow/.local/lib/python3.7/site-packages/airflow/example_dags/example_sla_dag.py
[2022-09-02 21:46:22,873] {processor.py:651} INFO - DAG(s) dict_keys(['example_sla_dag']) retrieved from /home/airflow/.local/lib/python3.7/site-packages/airflow/example_dags/example_sla_dag.py
[2022-09-02 21:46:22,926] {logging_mixin.py:115} INFO - [2022-09-02 21:46:22,926] {dag.py:2420} INFO - Sync 1 DAGs
[2022-09-02 21:46:23,005] {logging_mixin.py:115} INFO - [2022-09-02 21:46:23,005] {dag.py:2972} INFO - Setting next_dagrun for example_sla_dag to 2022-09-02T21:44:00+00:00, run_after=2022-09-02T21:46:00+00:00
[2022-09-02 21:46:23,029] {processor.py:161} INFO - Processing /home/airflow/.local/lib/python3.7/site-packages/airflow/example_dags/example_sla_dag.py took 0.213 seconds
[2022-09-02 21:46:53,784] {processor.py:153} INFO - Started process (PID=133) to work on /home/airflow/.local/lib/python3.7/site-packages/airflow/example_dags/example_sla_dag.py
[2022-09-02 21:46:53,785] {processor.py:641} INFO - Processing file /home/airflow/.local/lib/python3.7/site-packages/airflow/example_dags/example_sla_dag.py for tasks to queue
[2022-09-02 21:46:53,786] {logging_mixin.py:115} INFO - [2022-09-02 21:46:53,786] {dagbag.py:508} INFO - Filling up the DagBag from /home/airflow/.local/lib/python3.7/site-packages/airflow/example_dags/example_sla_dag.py
[2022-09-02 21:46:53,814] {processor.py:651} INFO - DAG(s) dict_keys(['example_sla_dag']) retrieved from /home/airflow/.local/lib/python3.7/site-packages/airflow/example_dags/example_sla_dag.py
[2022-09-02 21:46:53,854] {logging_mixin.py:115} INFO - [2022-09-02 21:46:53,854] {dag.py:2420} INFO - Sync 1 DAGs
[2022-09-02 21:46:53,888] {logging_mixin.py:115} INFO - [2022-09-02 21:46:53,888] {dag.py:2972} INFO - Setting next_dagrun for example_sla_dag to 2022-09-02T21:44:00+00:00, run_after=2022-09-02T21:46:00+00:00
[2022-09-02 21:46:53,902] {processor.py:161} INFO - Processing /home/airflow/.local/lib/python3.7/site-packages/airflow/example_dags/example_sla_dag.py took 0.123 seconds
[2022-09-02 21:47:24,021] {processor.py:153} INFO - Started process (PID=189) to work on /home/airflow/.local/lib/python3.7/site-packages/airflow/example_dags/example_sla_dag.py
[2022-09-02 21:47:24,023] {processor.py:641} INFO - Processing file /home/airflow/.local/lib/python3.7/site-packages/airflow/example_dags/example_sla_dag.py for tasks to queue
[2022-09-02 21:47:24,024] {logging_mixin.py:115} INFO - [2022-09-02 21:47:24,024] {dagbag.py:508} INFO - Filling up the DagBag from /home/airflow/.local/lib/python3.7/site-packages/airflow/example_dags/example_sla_dag.py
[2022-09-02 21:47:24,051] {processor.py:651} INFO - DAG(s) dict_keys(['example_sla_dag']) retrieved from /home/airflow/.local/lib/python3.7/site-packages/airflow/example_dags/example_sla_dag.py
[2022-09-02 21:47:24,099] {logging_mixin.py:115} INFO - [2022-09-02 21:47:24,099] {dag.py:2420} INFO - Sync 1 DAGs
[2022-09-02 21:47:24,138] {logging_mixin.py:115} INFO - [2022-09-02 21:47:24,137] {dag.py:2972} INFO - Setting next_dagrun for example_sla_dag to 2022-09-02T21:44:00+00:00, run_after=2022-09-02T21:46:00+00:00
[2022-09-02 21:47:24,151] {processor.py:161} INFO - Processing /home/airflow/.local/lib/python3.7/site-packages/airflow/example_dags/example_sla_dag.py took 0.135 seconds
[2022-09-02 21:47:54,368] {processor.py:153} INFO - Started process (PID=253) to work on /home/airflow/.local/lib/python3.7/site-packages/airflow/example_dags/example_sla_dag.py
[2022-09-02 21:47:54,369] {processor.py:641} INFO - Processing file /home/airflow/.local/lib/python3.7/site-packages/airflow/example_dags/example_sla_dag.py for tasks to queue
[2022-09-02 21:47:54,371] {logging_mixin.py:115} INFO - [2022-09-02 21:47:54,371] {dagbag.py:508} INFO - Filling up the DagBag from /home/airflow/.local/lib/python3.7/site-packages/airflow/example_dags/example_sla_dag.py
[2022-09-02 21:47:54,393] {processor.py:651} INFO - DAG(s) dict_keys(['example_sla_dag']) retrieved from /home/airflow/.local/lib/python3.7/site-packages/airflow/example_dags/example_sla_dag.py
[2022-09-02 21:47:54,436] {logging_mixin.py:115} INFO - [2022-09-02 21:47:54,436] {dag.py:2420} INFO - Sync 1 DAGs
[2022-09-02 21:47:54,468] {logging_mixin.py:115} INFO - [2022-09-02 21:47:54,468] {dag.py:2972} INFO - Setting next_dagrun for example_sla_dag to 2022-09-02T21:44:00+00:00, run_after=2022-09-02T21:46:00+00:00
[2022-09-02 21:47:54,486] {processor.py:161} INFO - Processing /home/airflow/.local/lib/python3.7/site-packages/airflow/example_dags/example_sla_dag.py took 0.122 seconds
[2022-09-02 21:48:24,635] {processor.py:153} INFO - Started process (PID=318) to work on /home/airflow/.local/lib/python3.7/site-packages/airflow/example_dags/example_sla_dag.py
[2022-09-02 21:48:24,639] {processor.py:641} INFO - Processing file /home/airflow/.local/lib/python3.7/site-packages/airflow/example_dags/example_sla_dag.py for tasks to queue
[2022-09-02 21:48:24,641] {logging_mixin.py:115} INFO - [2022-09-02 21:48:24,640] {dagbag.py:508} INFO - Filling up the DagBag from /home/airflow/.local/lib/python3.7/site-packages/airflow/example_dags/example_sla_dag.py
[2022-09-02 21:48:24,673] {processor.py:651} INFO - DAG(s) dict_keys(['example_sla_dag']) retrieved from /home/airflow/.local/lib/python3.7/site-packages/airflow/example_dags/example_sla_dag.py
[2022-09-02 21:48:24,711] {logging_mixin.py:115} INFO - [2022-09-02 21:48:24,710] {dag.py:2420} INFO - Sync 1 DAGs
[2022-09-02 21:48:24,744] {logging_mixin.py:115} INFO - [2022-09-02 21:48:24,744] {dag.py:2972} INFO - Setting next_dagrun for example_sla_dag to 2022-09-02T21:46:00+00:00, run_after=2022-09-02T21:48:00+00:00
[2022-09-02 21:48:24,758] {processor.py:161} INFO - Processing /home/airflow/.local/lib/python3.7/site-packages/airflow/example_dags/example_sla_dag.py took 0.129 seconds
[2022-09-02 21:48:54,888] {processor.py:153} INFO - Started process (PID=374) to work on /home/airflow/.local/lib/python3.7/site-packages/airflow/example_dags/example_sla_dag.py
[2022-09-02 21:48:54,891] {processor.py:641} INFO - Processing file /home/airflow/.local/lib/python3.7/site-packages/airflow/example_dags/example_sla_dag.py for tasks to queue
[2022-09-02 21:48:54,892] {logging_mixin.py:115} INFO - [2022-09-02 21:48:54,892] {dagbag.py:508} INFO - Filling up the DagBag from /home/airflow/.local/lib/python3.7/site-packages/airflow/example_dags/example_sla_dag.py
[2022-09-02 21:48:54,921] {processor.py:651} INFO - DAG(s) dict_keys(['example_sla_dag']) retrieved from /home/airflow/.local/lib/python3.7/site-packages/airflow/example_dags/example_sla_dag.py
[2022-09-02 21:48:54,954] {logging_mixin.py:115} INFO - [2022-09-02 21:48:54,953] {dag.py:2420} INFO - Sync 1 DAGs
[2022-09-02 21:48:54,996] {logging_mixin.py:115} INFO - [2022-09-02 21:48:54,996] {dag.py:2972} INFO - Setting next_dagrun for example_sla_dag to 2022-09-02T21:46:00+00:00, run_after=2022-09-02T21:48:00+00:00
[2022-09-02 21:48:55,009] {processor.py:161} INFO - Processing /home/airflow/.local/lib/python3.7/site-packages/airflow/example_dags/example_sla_dag.py took 0.127 seconds
[2022-09-02 21:49:25,288] {processor.py:153} INFO - Started process (PID=440) to work on /home/airflow/.local/lib/python3.7/site-packages/airflow/example_dags/example_sla_dag.py
[2022-09-02 21:49:25,290] {processor.py:641} INFO - Processing file /home/airflow/.local/lib/python3.7/site-packages/airflow/example_dags/example_sla_dag.py for tasks to queue
[2022-09-02 21:49:25,291] {logging_mixin.py:115} INFO - [2022-09-02 21:49:25,291] {dagbag.py:508} INFO - Filling up the DagBag from /home/airflow/.local/lib/python3.7/site-packages/airflow/example_dags/example_sla_dag.py
[2022-09-02 21:49:25,313] {processor.py:651} INFO - DAG(s) dict_keys(['example_sla_dag']) retrieved from /home/airflow/.local/lib/python3.7/site-packages/airflow/example_dags/example_sla_dag.py
[2022-09-02 21:49:25,347] {logging_mixin.py:115} INFO - [2022-09-02 21:49:25,347] {dag.py:2420} INFO - Sync 1 DAGs
[2022-09-02 21:49:25,384] {logging_mixin.py:115} INFO - [2022-09-02 21:49:25,384] {dag.py:2972} INFO - Setting next_dagrun for example_sla_dag to 2022-09-02T21:46:00+00:00, run_after=2022-09-02T21:48:00+00:00
[2022-09-02 21:49:25,398] {processor.py:161} INFO - Processing /home/airflow/.local/lib/python3.7/site-packages/airflow/example_dags/example_sla_dag.py took 0.114 seconds
[2022-09-02 21:49:56,239] {processor.py:153} INFO - Started process (PID=497) to work on /home/airflow/.local/lib/python3.7/site-packages/airflow/example_dags/example_sla_dag.py
[2022-09-02 21:49:56,240] {processor.py:641} INFO - Processing file /home/airflow/.local/lib/python3.7/site-packages/airflow/example_dags/example_sla_dag.py for tasks to queue
[2022-09-02 21:49:56,241] {logging_mixin.py:115} INFO - [2022-09-02 21:49:56,241] {dagbag.py:508} INFO - Filling up the DagBag from /home/airflow/.local/lib/python3.7/site-packages/airflow/example_dags/example_sla_dag.py
[2022-09-02 21:49:56,265] {processor.py:651} INFO - DAG(s) dict_keys(['example_sla_dag']) retrieved from /home/airflow/.local/lib/python3.7/site-packages/airflow/example_dags/example_sla_dag.py
[2022-09-02 21:49:56,301] {logging_mixin.py:115} INFO - [2022-09-02 21:49:56,300] {dag.py:2420} INFO - Sync 1 DAGs
[2022-09-02 21:49:56,335] {logging_mixin.py:115} INFO - [2022-09-02 21:49:56,335] {dag.py:2972} INFO - Setting next_dagrun for example_sla_dag to 2022-09-02T21:46:00+00:00, run_after=2022-09-02T21:48:00+00:00
[2022-09-02 21:49:56,350] {processor.py:161} INFO - Processing /home/airflow/.local/lib/python3.7/site-packages/airflow/example_dags/example_sla_dag.py took 0.116 seconds
[2022-09-02 21:50:26,498] {processor.py:153} INFO - Started process (PID=562) to work on /home/airflow/.local/lib/python3.7/site-packages/airflow/example_dags/example_sla_dag.py
[2022-09-02 21:50:26,500] {processor.py:641} INFO - Processing file /home/airflow/.local/lib/python3.7/site-packages/airflow/example_dags/example_sla_dag.py for tasks to queue
[2022-09-02 21:50:26,502] {logging_mixin.py:115} INFO - [2022-09-02 21:50:26,501] {dagbag.py:508} INFO - Filling up the DagBag from /home/airflow/.local/lib/python3.7/site-packages/airflow/example_dags/example_sla_dag.py
[2022-09-02 21:50:26,537] {processor.py:651} INFO - DAG(s) dict_keys(['example_sla_dag']) retrieved from /home/airflow/.local/lib/python3.7/site-packages/airflow/example_dags/example_sla_dag.py
[2022-09-02 21:50:26,570] {logging_mixin.py:115} INFO - [2022-09-02 21:50:26,570] {dag.py:2420} INFO - Sync 1 DAGs
[2022-09-02 21:50:26,605] {logging_mixin.py:115} INFO - [2022-09-02 21:50:26,605] {dag.py:2972} INFO - Setting next_dagrun for example_sla_dag to 2022-09-02T21:48:00+00:00, run_after=2022-09-02T21:50:00+00:00
[2022-09-02 21:50:26,621] {processor.py:161} INFO - Processing /home/airflow/.local/lib/python3.7/site-packages/airflow/example_dags/example_sla_dag.py took 0.130 seconds
[2022-09-02 21:50:56,797] {processor.py:153} INFO - Started process (PID=626) to work on /home/airflow/.local/lib/python3.7/site-packages/airflow/example_dags/example_sla_dag.py
[2022-09-02 21:50:56,798] {processor.py:641} INFO - Processing file /home/airflow/.local/lib/python3.7/site-packages/airflow/example_dags/example_sla_dag.py for tasks to queue
[2022-09-02 21:50:56,800] {logging_mixin.py:115} INFO - [2022-09-02 21:50:56,800] {dagbag.py:508} INFO - Filling up the DagBag from /home/airflow/.local/lib/python3.7/site-packages/airflow/example_dags/example_sla_dag.py
[2022-09-02 21:50:56,822] {processor.py:651} INFO - DAG(s) dict_keys(['example_sla_dag']) retrieved from /home/airflow/.local/lib/python3.7/site-packages/airflow/example_dags/example_sla_dag.py
[2022-09-02 21:50:56,861] {logging_mixin.py:115} INFO - [2022-09-02 21:50:56,861] {dag.py:2420} INFO - Sync 1 DAGs
[2022-09-02 21:50:56,897] {logging_mixin.py:115} INFO - [2022-09-02 21:50:56,897] {dag.py:2972} INFO - Setting next_dagrun for example_sla_dag to 2022-09-02T21:48:00+00:00, run_after=2022-09-02T21:50:00+00:00
[2022-09-02 21:50:56,911] {processor.py:161} INFO - Processing /home/airflow/.local/lib/python3.7/site-packages/airflow/example_dags/example_sla_dag.py took 0.118 seconds
[2022-09-02 21:51:27,690] {processor.py:153} INFO - Started process (PID=684) to work on /home/airflow/.local/lib/python3.7/site-packages/airflow/example_dags/example_sla_dag.py
[2022-09-02 21:51:27,691] {processor.py:641} INFO - Processing file /home/airflow/.local/lib/python3.7/site-packages/airflow/example_dags/example_sla_dag.py for tasks to queue
[2022-09-02 21:51:27,692] {logging_mixin.py:115} INFO - [2022-09-02 21:51:27,692] {dagbag.py:508} INFO - Filling up the DagBag from /home/airflow/.local/lib/python3.7/site-packages/airflow/example_dags/example_sla_dag.py
[2022-09-02 21:51:27,715] {processor.py:651} INFO - DAG(s) dict_keys(['example_sla_dag']) retrieved from /home/airflow/.local/lib/python3.7/site-packages/airflow/example_dags/example_sla_dag.py
[2022-09-02 21:51:27,754] {logging_mixin.py:115} INFO - [2022-09-02 21:51:27,754] {dag.py:2420} INFO - Sync 1 DAGs
[2022-09-02 21:51:27,793] {logging_mixin.py:115} INFO - [2022-09-02 21:51:27,793] {dag.py:2972} INFO - Setting next_dagrun for example_sla_dag to 2022-09-02T21:48:00+00:00, run_after=2022-09-02T21:50:00+00:00
[2022-09-02 21:51:27,813] {processor.py:161} INFO - Processing /home/airflow/.local/lib/python3.7/site-packages/airflow/example_dags/example_sla_dag.py took 0.128 seconds
[2022-09-02 21:51:58,440] {processor.py:153} INFO - Started process (PID=750) to work on /home/airflow/.local/lib/python3.7/site-packages/airflow/example_dags/example_sla_dag.py
[2022-09-02 21:51:58,445] {processor.py:641} INFO - Processing file /home/airflow/.local/lib/python3.7/site-packages/airflow/example_dags/example_sla_dag.py for tasks to queue
[2022-09-02 21:51:58,448] {logging_mixin.py:115} INFO - [2022-09-02 21:51:58,448] {dagbag.py:508} INFO - Filling up the DagBag from /home/airflow/.local/lib/python3.7/site-packages/airflow/example_dags/example_sla_dag.py
[2022-09-02 21:51:58,487] {processor.py:651} INFO - DAG(s) dict_keys(['example_sla_dag']) retrieved from /home/airflow/.local/lib/python3.7/site-packages/airflow/example_dags/example_sla_dag.py
[2022-09-02 21:51:58,532] {logging_mixin.py:115} INFO - [2022-09-02 21:51:58,532] {dag.py:2420} INFO - Sync 1 DAGs
[2022-09-02 21:51:58,565] {logging_mixin.py:115} INFO - [2022-09-02 21:51:58,565] {dag.py:2972} INFO - Setting next_dagrun for example_sla_dag to 2022-09-02T21:48:00+00:00, run_after=2022-09-02T21:50:00+00:00
[2022-09-02 21:51:58,582] {processor.py:161} INFO - Processing /home/airflow/.local/lib/python3.7/site-packages/airflow/example_dags/example_sla_dag.py took 0.150 seconds
[2022-09-02 21:52:29,325] {processor.py:153} INFO - Started process (PID=816) to work on /home/airflow/.local/lib/python3.7/site-packages/airflow/example_dags/example_sla_dag.py
[2022-09-02 21:52:29,327] {processor.py:641} INFO - Processing file /home/airflow/.local/lib/python3.7/site-packages/airflow/example_dags/example_sla_dag.py for tasks to queue
[2022-09-02 21:52:29,328] {logging_mixin.py:115} INFO - [2022-09-02 21:52:29,328] {dagbag.py:508} INFO - Filling up the DagBag from /home/airflow/.local/lib/python3.7/site-packages/airflow/example_dags/example_sla_dag.py
[2022-09-02 21:52:29,352] {processor.py:651} INFO - DAG(s) dict_keys(['example_sla_dag']) retrieved from /home/airflow/.local/lib/python3.7/site-packages/airflow/example_dags/example_sla_dag.py
[2022-09-02 21:52:29,389] {logging_mixin.py:115} INFO - [2022-09-02 21:52:29,389] {dag.py:2420} INFO - Sync 1 DAGs
[2022-09-02 21:52:29,425] {logging_mixin.py:115} INFO - [2022-09-02 21:52:29,425] {dag.py:2972} INFO - Setting next_dagrun for example_sla_dag to 2022-09-02T21:50:00+00:00, run_after=2022-09-02T21:52:00+00:00
[2022-09-02 21:52:29,442] {processor.py:161} INFO - Processing /home/airflow/.local/lib/python3.7/site-packages/airflow/example_dags/example_sla_dag.py took 0.121 seconds
[2022-09-02 21:53:00,306] {processor.py:153} INFO - Started process (PID=872) to work on /home/airflow/.local/lib/python3.7/site-packages/airflow/example_dags/example_sla_dag.py
[2022-09-02 21:53:00,308] {processor.py:641} INFO - Processing file /home/airflow/.local/lib/python3.7/site-packages/airflow/example_dags/example_sla_dag.py for tasks to queue
[2022-09-02 21:53:00,311] {logging_mixin.py:115} INFO - [2022-09-02 21:53:00,310] {dagbag.py:508} INFO - Filling up the DagBag from /home/airflow/.local/lib/python3.7/site-packages/airflow/example_dags/example_sla_dag.py
[2022-09-02 21:53:00,344] {processor.py:651} INFO - DAG(s) dict_keys(['example_sla_dag']) retrieved from /home/airflow/.local/lib/python3.7/site-packages/airflow/example_dags/example_sla_dag.py
[2022-09-02 21:53:00,387] {logging_mixin.py:115} INFO - [2022-09-02 21:53:00,387] {dag.py:2420} INFO - Sync 1 DAGs
[2022-09-02 21:53:00,455] {logging_mixin.py:115} INFO - [2022-09-02 21:53:00,455] {dag.py:2972} INFO - Setting next_dagrun for example_sla_dag to 2022-09-02T21:50:00+00:00, run_after=2022-09-02T21:52:00+00:00
[2022-09-02 21:53:00,474] {processor.py:161} INFO - Processing /home/airflow/.local/lib/python3.7/site-packages/airflow/example_dags/example_sla_dag.py took 0.176 seconds
[2022-09-02 21:53:30,721] {processor.py:153} INFO - Started process (PID=940) to work on /home/airflow/.local/lib/python3.7/site-packages/airflow/example_dags/example_sla_dag.py
[2022-09-02 21:53:30,723] {processor.py:641} INFO - Processing file /home/airflow/.local/lib/python3.7/site-packages/airflow/example_dags/example_sla_dag.py for tasks to queue
[2022-09-02 21:53:30,725] {logging_mixin.py:115} INFO - [2022-09-02 21:53:30,725] {dagbag.py:508} INFO - Filling up the DagBag from /home/airflow/.local/lib/python3.7/site-packages/airflow/example_dags/example_sla_dag.py
[2022-09-02 21:53:30,751] {processor.py:651} INFO - DAG(s) dict_keys(['example_sla_dag']) retrieved from /home/airflow/.local/lib/python3.7/site-packages/airflow/example_dags/example_sla_dag.py
[2022-09-02 21:53:30,792] {logging_mixin.py:115} INFO - [2022-09-02 21:53:30,792] {dag.py:2420} INFO - Sync 1 DAGs
[2022-09-02 21:53:30,826] {logging_mixin.py:115} INFO - [2022-09-02 21:53:30,826] {dag.py:2972} INFO - Setting next_dagrun for example_sla_dag to 2022-09-02T21:50:00+00:00, run_after=2022-09-02T21:52:00+00:00
[2022-09-02 21:53:30,847] {processor.py:161} INFO - Processing /home/airflow/.local/lib/python3.7/site-packages/airflow/example_dags/example_sla_dag.py took 0.136 seconds
[2022-09-02 21:54:02,126] {processor.py:153} INFO - Started process (PID=1006) to work on /home/airflow/.local/lib/python3.7/site-packages/airflow/example_dags/example_sla_dag.py
[2022-09-02 21:54:02,127] {processor.py:641} INFO - Processing file /home/airflow/.local/lib/python3.7/site-packages/airflow/example_dags/example_sla_dag.py for tasks to queue
[2022-09-02 21:54:02,129] {logging_mixin.py:115} INFO - [2022-09-02 21:54:02,129] {dagbag.py:508} INFO - Filling up the DagBag from /home/airflow/.local/lib/python3.7/site-packages/airflow/example_dags/example_sla_dag.py
[2022-09-02 21:54:02,198] {processor.py:651} INFO - DAG(s) dict_keys(['example_sla_dag']) retrieved from /home/airflow/.local/lib/python3.7/site-packages/airflow/example_dags/example_sla_dag.py
[2022-09-02 21:54:02,251] {logging_mixin.py:115} INFO - [2022-09-02 21:54:02,251] {dag.py:2420} INFO - Sync 1 DAGs
[2022-09-02 21:54:02,291] {logging_mixin.py:115} INFO - [2022-09-02 21:54:02,291] {dag.py:2972} INFO - Setting next_dagrun for example_sla_dag to 2022-09-02T21:52:00+00:00, run_after=2022-09-02T21:54:00+00:00
[2022-09-02 21:54:02,325] {processor.py:161} INFO - Processing /home/airflow/.local/lib/python3.7/site-packages/airflow/example_dags/example_sla_dag.py took 0.209 seconds
[2022-09-02 21:54:33,008] {processor.py:153} INFO - Started process (PID=1065) to work on /home/airflow/.local/lib/python3.7/site-packages/airflow/example_dags/example_sla_dag.py
[2022-09-02 21:54:33,010] {processor.py:641} INFO - Processing file /home/airflow/.local/lib/python3.7/site-packages/airflow/example_dags/example_sla_dag.py for tasks to queue
[2022-09-02 21:54:33,011] {logging_mixin.py:115} INFO - [2022-09-02 21:54:33,011] {dagbag.py:508} INFO - Filling up the DagBag from /home/airflow/.local/lib/python3.7/site-packages/airflow/example_dags/example_sla_dag.py
[2022-09-02 21:54:33,038] {processor.py:651} INFO - DAG(s) dict_keys(['example_sla_dag']) retrieved from /home/airflow/.local/lib/python3.7/site-packages/airflow/example_dags/example_sla_dag.py
[2022-09-02 21:54:33,072] {logging_mixin.py:115} INFO - [2022-09-02 21:54:33,071] {dag.py:2420} INFO - Sync 1 DAGs
[2022-09-02 21:54:33,119] {logging_mixin.py:115} INFO - [2022-09-02 21:54:33,119] {dag.py:2972} INFO - Setting next_dagrun for example_sla_dag to 2022-09-02T21:52:00+00:00, run_after=2022-09-02T21:54:00+00:00
[2022-09-02 21:54:33,137] {processor.py:161} INFO - Processing /home/airflow/.local/lib/python3.7/site-packages/airflow/example_dags/example_sla_dag.py took 0.135 seconds
[2022-09-02 21:55:03,794] {processor.py:153} INFO - Started process (PID=1130) to work on /home/airflow/.local/lib/python3.7/site-packages/airflow/example_dags/example_sla_dag.py
[2022-09-02 21:55:03,795] {processor.py:641} INFO - Processing file /home/airflow/.local/lib/python3.7/site-packages/airflow/example_dags/example_sla_dag.py for tasks to queue
[2022-09-02 21:55:03,797] {logging_mixin.py:115} INFO - [2022-09-02 21:55:03,796] {dagbag.py:508} INFO - Filling up the DagBag from /home/airflow/.local/lib/python3.7/site-packages/airflow/example_dags/example_sla_dag.py
[2022-09-02 21:55:03,819] {processor.py:651} INFO - DAG(s) dict_keys(['example_sla_dag']) retrieved from /home/airflow/.local/lib/python3.7/site-packages/airflow/example_dags/example_sla_dag.py
[2022-09-02 21:55:03,853] {logging_mixin.py:115} INFO - [2022-09-02 21:55:03,853] {dag.py:2420} INFO - Sync 1 DAGs
[2022-09-02 21:55:03,887] {logging_mixin.py:115} INFO - [2022-09-02 21:55:03,887] {dag.py:2972} INFO - Setting next_dagrun for example_sla_dag to 2022-09-02T21:52:00+00:00, run_after=2022-09-02T21:54:00+00:00
[2022-09-02 21:55:03,902] {processor.py:161} INFO - Processing /home/airflow/.local/lib/python3.7/site-packages/airflow/example_dags/example_sla_dag.py took 0.112 seconds
[2022-09-02 21:55:34,432] {processor.py:153} INFO - Started process (PID=1186) to work on /home/airflow/.local/lib/python3.7/site-packages/airflow/example_dags/example_sla_dag.py
[2022-09-02 21:55:34,433] {processor.py:641} INFO - Processing file /home/airflow/.local/lib/python3.7/site-packages/airflow/example_dags/example_sla_dag.py for tasks to queue
[2022-09-02 21:55:34,434] {logging_mixin.py:115} INFO - [2022-09-02 21:55:34,434] {dagbag.py:508} INFO - Filling up the DagBag from /home/airflow/.local/lib/python3.7/site-packages/airflow/example_dags/example_sla_dag.py
[2022-09-02 21:55:34,459] {processor.py:651} INFO - DAG(s) dict_keys(['example_sla_dag']) retrieved from /home/airflow/.local/lib/python3.7/site-packages/airflow/example_dags/example_sla_dag.py
[2022-09-02 21:55:34,491] {logging_mixin.py:115} INFO - [2022-09-02 21:55:34,491] {dag.py:2420} INFO - Sync 1 DAGs
[2022-09-02 21:55:34,523] {logging_mixin.py:115} INFO - [2022-09-02 21:55:34,523] {dag.py:2972} INFO - Setting next_dagrun for example_sla_dag to 2022-09-02T21:52:00+00:00, run_after=2022-09-02T21:54:00+00:00
[2022-09-02 21:55:34,537] {processor.py:161} INFO - Processing /home/airflow/.local/lib/python3.7/site-packages/airflow/example_dags/example_sla_dag.py took 0.109 seconds
[2022-09-02 21:56:04,721] {processor.py:153} INFO - Started process (PID=1251) to work on /home/airflow/.local/lib/python3.7/site-packages/airflow/example_dags/example_sla_dag.py
[2022-09-02 21:56:04,722] {processor.py:641} INFO - Processing file /home/airflow/.local/lib/python3.7/site-packages/airflow/example_dags/example_sla_dag.py for tasks to queue
[2022-09-02 21:56:04,723] {logging_mixin.py:115} INFO - [2022-09-02 21:56:04,723] {dagbag.py:508} INFO - Filling up the DagBag from /home/airflow/.local/lib/python3.7/site-packages/airflow/example_dags/example_sla_dag.py
[2022-09-02 21:56:04,747] {processor.py:651} INFO - DAG(s) dict_keys(['example_sla_dag']) retrieved from /home/airflow/.local/lib/python3.7/site-packages/airflow/example_dags/example_sla_dag.py
[2022-09-02 21:56:04,780] {logging_mixin.py:115} INFO - [2022-09-02 21:56:04,780] {dag.py:2420} INFO - Sync 1 DAGs
[2022-09-02 21:56:04,816] {logging_mixin.py:115} INFO - [2022-09-02 21:56:04,816] {dag.py:2972} INFO - Setting next_dagrun for example_sla_dag to 2022-09-02T21:54:00+00:00, run_after=2022-09-02T21:56:00+00:00
[2022-09-02 21:56:04,836] {processor.py:161} INFO - Processing /home/airflow/.local/lib/python3.7/site-packages/airflow/example_dags/example_sla_dag.py took 0.119 seconds
[2022-09-02 21:56:35,029] {processor.py:153} INFO - Started process (PID=1307) to work on /home/airflow/.local/lib/python3.7/site-packages/airflow/example_dags/example_sla_dag.py
[2022-09-02 21:56:35,030] {processor.py:641} INFO - Processing file /home/airflow/.local/lib/python3.7/site-packages/airflow/example_dags/example_sla_dag.py for tasks to queue
[2022-09-02 21:56:35,032] {logging_mixin.py:115} INFO - [2022-09-02 21:56:35,032] {dagbag.py:508} INFO - Filling up the DagBag from /home/airflow/.local/lib/python3.7/site-packages/airflow/example_dags/example_sla_dag.py
[2022-09-02 21:56:35,068] {processor.py:651} INFO - DAG(s) dict_keys(['example_sla_dag']) retrieved from /home/airflow/.local/lib/python3.7/site-packages/airflow/example_dags/example_sla_dag.py
[2022-09-02 21:56:35,101] {logging_mixin.py:115} INFO - [2022-09-02 21:56:35,101] {dag.py:2420} INFO - Sync 1 DAGs
[2022-09-02 21:56:35,133] {logging_mixin.py:115} INFO - [2022-09-02 21:56:35,132] {dag.py:2972} INFO - Setting next_dagrun for example_sla_dag to 2022-09-02T21:54:00+00:00, run_after=2022-09-02T21:56:00+00:00
[2022-09-02 21:56:35,147] {processor.py:161} INFO - Processing /home/airflow/.local/lib/python3.7/site-packages/airflow/example_dags/example_sla_dag.py took 0.124 seconds
[2022-09-02 21:57:05,410] {processor.py:153} INFO - Started process (PID=1372) to work on /home/airflow/.local/lib/python3.7/site-packages/airflow/example_dags/example_sla_dag.py
[2022-09-02 21:57:05,411] {processor.py:641} INFO - Processing file /home/airflow/.local/lib/python3.7/site-packages/airflow/example_dags/example_sla_dag.py for tasks to queue
[2022-09-02 21:57:05,413] {logging_mixin.py:115} INFO - [2022-09-02 21:57:05,413] {dagbag.py:508} INFO - Filling up the DagBag from /home/airflow/.local/lib/python3.7/site-packages/airflow/example_dags/example_sla_dag.py
[2022-09-02 21:57:05,448] {processor.py:651} INFO - DAG(s) dict_keys(['example_sla_dag']) retrieved from /home/airflow/.local/lib/python3.7/site-packages/airflow/example_dags/example_sla_dag.py
[2022-09-02 21:57:05,495] {logging_mixin.py:115} INFO - [2022-09-02 21:57:05,495] {dag.py:2420} INFO - Sync 1 DAGs
[2022-09-02 21:57:05,541] {logging_mixin.py:115} INFO - [2022-09-02 21:57:05,541] {dag.py:2972} INFO - Setting next_dagrun for example_sla_dag to 2022-09-02T21:54:00+00:00, run_after=2022-09-02T21:56:00+00:00
[2022-09-02 21:57:05,564] {processor.py:161} INFO - Processing /home/airflow/.local/lib/python3.7/site-packages/airflow/example_dags/example_sla_dag.py took 0.160 seconds
[2022-09-02 21:57:35,613] {processor.py:153} INFO - Started process (PID=1428) to work on /home/airflow/.local/lib/python3.7/site-packages/airflow/example_dags/example_sla_dag.py
[2022-09-02 21:57:35,615] {processor.py:641} INFO - Processing file /home/airflow/.local/lib/python3.7/site-packages/airflow/example_dags/example_sla_dag.py for tasks to queue
[2022-09-02 21:57:35,616] {logging_mixin.py:115} INFO - [2022-09-02 21:57:35,616] {dagbag.py:508} INFO - Filling up the DagBag from /home/airflow/.local/lib/python3.7/site-packages/airflow/example_dags/example_sla_dag.py
[2022-09-02 21:57:35,639] {processor.py:651} INFO - DAG(s) dict_keys(['example_sla_dag']) retrieved from /home/airflow/.local/lib/python3.7/site-packages/airflow/example_dags/example_sla_dag.py
[2022-09-02 21:57:35,670] {logging_mixin.py:115} INFO - [2022-09-02 21:57:35,670] {dag.py:2420} INFO - Sync 1 DAGs
[2022-09-02 21:57:35,702] {logging_mixin.py:115} INFO - [2022-09-02 21:57:35,702] {dag.py:2972} INFO - Setting next_dagrun for example_sla_dag to 2022-09-02T21:54:00+00:00, run_after=2022-09-02T21:56:00+00:00
[2022-09-02 21:57:35,717] {processor.py:161} INFO - Processing /home/airflow/.local/lib/python3.7/site-packages/airflow/example_dags/example_sla_dag.py took 0.109 seconds
[2022-09-02 21:58:06,026] {processor.py:153} INFO - Started process (PID=1494) to work on /home/airflow/.local/lib/python3.7/site-packages/airflow/example_dags/example_sla_dag.py
[2022-09-02 21:58:06,027] {processor.py:641} INFO - Processing file /home/airflow/.local/lib/python3.7/site-packages/airflow/example_dags/example_sla_dag.py for tasks to queue
[2022-09-02 21:58:06,029] {logging_mixin.py:115} INFO - [2022-09-02 21:58:06,028] {dagbag.py:508} INFO - Filling up the DagBag from /home/airflow/.local/lib/python3.7/site-packages/airflow/example_dags/example_sla_dag.py
[2022-09-02 21:58:06,052] {processor.py:651} INFO - DAG(s) dict_keys(['example_sla_dag']) retrieved from /home/airflow/.local/lib/python3.7/site-packages/airflow/example_dags/example_sla_dag.py
[2022-09-02 21:58:06,088] {logging_mixin.py:115} INFO - [2022-09-02 21:58:06,088] {dag.py:2420} INFO - Sync 1 DAGs
[2022-09-02 21:58:06,123] {logging_mixin.py:115} INFO - [2022-09-02 21:58:06,123] {dag.py:2972} INFO - Setting next_dagrun for example_sla_dag to 2022-09-02T21:56:00+00:00, run_after=2022-09-02T21:58:00+00:00
[2022-09-02 21:58:06,139] {processor.py:161} INFO - Processing /home/airflow/.local/lib/python3.7/site-packages/airflow/example_dags/example_sla_dag.py took 0.119 seconds
[2022-09-02 21:58:36,695] {processor.py:153} INFO - Started process (PID=1559) to work on /home/airflow/.local/lib/python3.7/site-packages/airflow/example_dags/example_sla_dag.py
[2022-09-02 21:58:36,697] {processor.py:641} INFO - Processing file /home/airflow/.local/lib/python3.7/site-packages/airflow/example_dags/example_sla_dag.py for tasks to queue
[2022-09-02 21:58:36,698] {logging_mixin.py:115} INFO - [2022-09-02 21:58:36,698] {dagbag.py:508} INFO - Filling up the DagBag from /home/airflow/.local/lib/python3.7/site-packages/airflow/example_dags/example_sla_dag.py
[2022-09-02 21:58:36,722] {processor.py:651} INFO - DAG(s) dict_keys(['example_sla_dag']) retrieved from /home/airflow/.local/lib/python3.7/site-packages/airflow/example_dags/example_sla_dag.py
[2022-09-02 21:58:36,757] {logging_mixin.py:115} INFO - [2022-09-02 21:58:36,757] {dag.py:2420} INFO - Sync 1 DAGs
[2022-09-02 21:58:36,794] {logging_mixin.py:115} INFO - [2022-09-02 21:58:36,793] {dag.py:2972} INFO - Setting next_dagrun for example_sla_dag to 2022-09-02T21:56:00+00:00, run_after=2022-09-02T21:58:00+00:00
[2022-09-02 21:58:36,810] {processor.py:161} INFO - Processing /home/airflow/.local/lib/python3.7/site-packages/airflow/example_dags/example_sla_dag.py took 0.119 seconds
[2022-09-02 21:59:07,037] {processor.py:153} INFO - Started process (PID=1615) to work on /home/airflow/.local/lib/python3.7/site-packages/airflow/example_dags/example_sla_dag.py
[2022-09-02 21:59:07,039] {processor.py:641} INFO - Processing file /home/airflow/.local/lib/python3.7/site-packages/airflow/example_dags/example_sla_dag.py for tasks to queue
[2022-09-02 21:59:07,040] {logging_mixin.py:115} INFO - [2022-09-02 21:59:07,040] {dagbag.py:508} INFO - Filling up the DagBag from /home/airflow/.local/lib/python3.7/site-packages/airflow/example_dags/example_sla_dag.py
[2022-09-02 21:59:07,062] {processor.py:651} INFO - DAG(s) dict_keys(['example_sla_dag']) retrieved from /home/airflow/.local/lib/python3.7/site-packages/airflow/example_dags/example_sla_dag.py
[2022-09-02 21:59:07,092] {logging_mixin.py:115} INFO - [2022-09-02 21:59:07,092] {dag.py:2420} INFO - Sync 1 DAGs
[2022-09-02 21:59:07,122] {logging_mixin.py:115} INFO - [2022-09-02 21:59:07,122] {dag.py:2972} INFO - Setting next_dagrun for example_sla_dag to 2022-09-02T21:56:00+00:00, run_after=2022-09-02T21:58:00+00:00
[2022-09-02 21:59:07,142] {processor.py:161} INFO - Processing /home/airflow/.local/lib/python3.7/site-packages/airflow/example_dags/example_sla_dag.py took 0.109 seconds
[2022-09-02 21:59:37,716] {processor.py:153} INFO - Started process (PID=1680) to work on /home/airflow/.local/lib/python3.7/site-packages/airflow/example_dags/example_sla_dag.py
[2022-09-02 21:59:37,717] {processor.py:641} INFO - Processing file /home/airflow/.local/lib/python3.7/site-packages/airflow/example_dags/example_sla_dag.py for tasks to queue
[2022-09-02 21:59:37,719] {logging_mixin.py:115} INFO - [2022-09-02 21:59:37,719] {dagbag.py:508} INFO - Filling up the DagBag from /home/airflow/.local/lib/python3.7/site-packages/airflow/example_dags/example_sla_dag.py
[2022-09-02 21:59:37,740] {processor.py:651} INFO - DAG(s) dict_keys(['example_sla_dag']) retrieved from /home/airflow/.local/lib/python3.7/site-packages/airflow/example_dags/example_sla_dag.py
[2022-09-02 21:59:37,772] {logging_mixin.py:115} INFO - [2022-09-02 21:59:37,772] {dag.py:2420} INFO - Sync 1 DAGs
[2022-09-02 21:59:37,805] {logging_mixin.py:115} INFO - [2022-09-02 21:59:37,805] {dag.py:2972} INFO - Setting next_dagrun for example_sla_dag to 2022-09-02T21:56:00+00:00, run_after=2022-09-02T21:58:00+00:00
[2022-09-02 21:59:37,819] {processor.py:161} INFO - Processing /home/airflow/.local/lib/python3.7/site-packages/airflow/example_dags/example_sla_dag.py took 0.107 seconds
[2022-09-02 22:00:08,916] {processor.py:153} INFO - Started process (PID=1745) to work on /home/airflow/.local/lib/python3.7/site-packages/airflow/example_dags/example_sla_dag.py
[2022-09-02 22:00:08,917] {processor.py:641} INFO - Processing file /home/airflow/.local/lib/python3.7/site-packages/airflow/example_dags/example_sla_dag.py for tasks to queue
[2022-09-02 22:00:08,919] {logging_mixin.py:115} INFO - [2022-09-02 22:00:08,919] {dagbag.py:508} INFO - Filling up the DagBag from /home/airflow/.local/lib/python3.7/site-packages/airflow/example_dags/example_sla_dag.py
[2022-09-02 22:00:08,947] {processor.py:651} INFO - DAG(s) dict_keys(['example_sla_dag']) retrieved from /home/airflow/.local/lib/python3.7/site-packages/airflow/example_dags/example_sla_dag.py
[2022-09-02 22:00:08,995] {logging_mixin.py:115} INFO - [2022-09-02 22:00:08,995] {dag.py:2420} INFO - Sync 1 DAGs
[2022-09-02 22:00:09,060] {logging_mixin.py:115} INFO - [2022-09-02 22:00:09,060] {dag.py:2972} INFO - Setting next_dagrun for example_sla_dag to 2022-09-02T21:58:00+00:00, run_after=2022-09-02T22:00:00+00:00
[2022-09-02 22:00:09,078] {processor.py:161} INFO - Processing /home/airflow/.local/lib/python3.7/site-packages/airflow/example_dags/example_sla_dag.py took 0.167 seconds
[2022-09-02 22:28:47,346] {processor.py:153} INFO - Started process (PID=1783) to work on /home/airflow/.local/lib/python3.7/site-packages/airflow/example_dags/example_sla_dag.py
[2022-09-02 22:28:47,348] {processor.py:641} INFO - Processing file /home/airflow/.local/lib/python3.7/site-packages/airflow/example_dags/example_sla_dag.py for tasks to queue
[2022-09-02 22:28:47,352] {logging_mixin.py:115} INFO - [2022-09-02 22:28:47,351] {dagbag.py:508} INFO - Filling up the DagBag from /home/airflow/.local/lib/python3.7/site-packages/airflow/example_dags/example_sla_dag.py
[2022-09-02 22:28:47,426] {processor.py:651} INFO - DAG(s) dict_keys(['example_sla_dag']) retrieved from /home/airflow/.local/lib/python3.7/site-packages/airflow/example_dags/example_sla_dag.py
[2022-09-02 22:28:47,512] {logging_mixin.py:115} INFO - [2022-09-02 22:28:47,512] {dag.py:2420} INFO - Sync 1 DAGs
[2022-09-02 22:28:47,598] {logging_mixin.py:115} INFO - [2022-09-02 22:28:47,598] {dag.py:2972} INFO - Setting next_dagrun for example_sla_dag to 2022-09-02T22:26:00+00:00, run_after=2022-09-02T22:28:00+00:00
[2022-09-02 22:28:47,635] {processor.py:161} INFO - Processing /home/airflow/.local/lib/python3.7/site-packages/airflow/example_dags/example_sla_dag.py took 0.301 seconds
[2022-09-02 22:29:17,841] {processor.py:153} INFO - Started process (PID=1849) to work on /home/airflow/.local/lib/python3.7/site-packages/airflow/example_dags/example_sla_dag.py
[2022-09-02 22:29:17,843] {processor.py:641} INFO - Processing file /home/airflow/.local/lib/python3.7/site-packages/airflow/example_dags/example_sla_dag.py for tasks to queue
[2022-09-02 22:29:17,844] {logging_mixin.py:115} INFO - [2022-09-02 22:29:17,844] {dagbag.py:508} INFO - Filling up the DagBag from /home/airflow/.local/lib/python3.7/site-packages/airflow/example_dags/example_sla_dag.py
[2022-09-02 22:29:17,866] {processor.py:651} INFO - DAG(s) dict_keys(['example_sla_dag']) retrieved from /home/airflow/.local/lib/python3.7/site-packages/airflow/example_dags/example_sla_dag.py
[2022-09-02 22:29:17,898] {logging_mixin.py:115} INFO - [2022-09-02 22:29:17,898] {dag.py:2420} INFO - Sync 1 DAGs
[2022-09-02 22:29:17,928] {logging_mixin.py:115} INFO - [2022-09-02 22:29:17,928] {dag.py:2972} INFO - Setting next_dagrun for example_sla_dag to 2022-09-02T22:26:00+00:00, run_after=2022-09-02T22:28:00+00:00
[2022-09-02 22:29:17,945] {processor.py:161} INFO - Processing /home/airflow/.local/lib/python3.7/site-packages/airflow/example_dags/example_sla_dag.py took 0.108 seconds
[2022-09-02 22:29:48,232] {processor.py:153} INFO - Started process (PID=1914) to work on /home/airflow/.local/lib/python3.7/site-packages/airflow/example_dags/example_sla_dag.py
[2022-09-02 22:29:48,233] {processor.py:641} INFO - Processing file /home/airflow/.local/lib/python3.7/site-packages/airflow/example_dags/example_sla_dag.py for tasks to queue
[2022-09-02 22:29:48,234] {logging_mixin.py:115} INFO - [2022-09-02 22:29:48,234] {dagbag.py:508} INFO - Filling up the DagBag from /home/airflow/.local/lib/python3.7/site-packages/airflow/example_dags/example_sla_dag.py
[2022-09-02 22:29:48,257] {processor.py:651} INFO - DAG(s) dict_keys(['example_sla_dag']) retrieved from /home/airflow/.local/lib/python3.7/site-packages/airflow/example_dags/example_sla_dag.py
[2022-09-02 22:29:48,289] {logging_mixin.py:115} INFO - [2022-09-02 22:29:48,289] {dag.py:2420} INFO - Sync 1 DAGs
[2022-09-02 22:29:48,320] {logging_mixin.py:115} INFO - [2022-09-02 22:29:48,320] {dag.py:2972} INFO - Setting next_dagrun for example_sla_dag to 2022-09-02T22:26:00+00:00, run_after=2022-09-02T22:28:00+00:00
[2022-09-02 22:29:48,338] {processor.py:161} INFO - Processing /home/airflow/.local/lib/python3.7/site-packages/airflow/example_dags/example_sla_dag.py took 0.110 seconds
[2022-09-02 23:00:46,455] {processor.py:153} INFO - Started process (PID=1977) to work on /home/airflow/.local/lib/python3.7/site-packages/airflow/example_dags/example_sla_dag.py
[2022-09-02 23:00:46,483] {processor.py:641} INFO - Processing file /home/airflow/.local/lib/python3.7/site-packages/airflow/example_dags/example_sla_dag.py for tasks to queue
[2022-09-02 23:00:46,497] {logging_mixin.py:115} INFO - [2022-09-02 23:00:46,497] {dagbag.py:508} INFO - Filling up the DagBag from /home/airflow/.local/lib/python3.7/site-packages/airflow/example_dags/example_sla_dag.py
[2022-09-02 23:00:47,107] {processor.py:651} INFO - DAG(s) dict_keys(['example_sla_dag']) retrieved from /home/airflow/.local/lib/python3.7/site-packages/airflow/example_dags/example_sla_dag.py
[2022-09-02 23:00:48,058] {logging_mixin.py:115} INFO - [2022-09-02 23:00:48,057] {dag.py:2420} INFO - Sync 1 DAGs
[2022-09-02 23:00:49,150] {logging_mixin.py:115} INFO - [2022-09-02 23:00:49,149] {dag.py:2972} INFO - Setting next_dagrun for example_sla_dag to 2022-09-02T22:58:00+00:00, run_after=2022-09-02T23:00:00+00:00
[2022-09-02 23:00:49,494] {processor.py:161} INFO - Processing /home/airflow/.local/lib/python3.7/site-packages/airflow/example_dags/example_sla_dag.py took 3.094 seconds
[2022-09-02 23:01:35,694] {processor.py:153} INFO - Started process (PID=2041) to work on /home/airflow/.local/lib/python3.7/site-packages/airflow/example_dags/example_sla_dag.py
[2022-09-02 23:01:35,708] {processor.py:641} INFO - Processing file /home/airflow/.local/lib/python3.7/site-packages/airflow/example_dags/example_sla_dag.py for tasks to queue
[2022-09-02 23:01:35,717] {logging_mixin.py:115} INFO - [2022-09-02 23:01:35,716] {dagbag.py:508} INFO - Filling up the DagBag from /home/airflow/.local/lib/python3.7/site-packages/airflow/example_dags/example_sla_dag.py
[2022-09-02 23:01:36,143] {processor.py:651} INFO - DAG(s) dict_keys(['example_sla_dag']) retrieved from /home/airflow/.local/lib/python3.7/site-packages/airflow/example_dags/example_sla_dag.py
[2022-09-02 23:01:36,841] {logging_mixin.py:115} INFO - [2022-09-02 23:01:36,838] {dag.py:2420} INFO - Sync 1 DAGs
[2022-09-02 23:01:37,735] {logging_mixin.py:115} INFO - [2022-09-02 23:01:37,734] {dag.py:2972} INFO - Setting next_dagrun for example_sla_dag to 2022-09-02T22:58:00+00:00, run_after=2022-09-02T23:00:00+00:00
[2022-09-02 23:01:38,215] {processor.py:161} INFO - Processing /home/airflow/.local/lib/python3.7/site-packages/airflow/example_dags/example_sla_dag.py took 2.566 seconds
[2022-09-02 23:02:19,461] {processor.py:153} INFO - Started process (PID=2099) to work on /home/airflow/.local/lib/python3.7/site-packages/airflow/example_dags/example_sla_dag.py
[2022-09-02 23:02:19,471] {processor.py:641} INFO - Processing file /home/airflow/.local/lib/python3.7/site-packages/airflow/example_dags/example_sla_dag.py for tasks to queue
[2022-09-02 23:02:19,481] {logging_mixin.py:115} INFO - [2022-09-02 23:02:19,481] {dagbag.py:508} INFO - Filling up the DagBag from /home/airflow/.local/lib/python3.7/site-packages/airflow/example_dags/example_sla_dag.py
[2022-09-02 23:02:19,694] {processor.py:651} INFO - DAG(s) dict_keys(['example_sla_dag']) retrieved from /home/airflow/.local/lib/python3.7/site-packages/airflow/example_dags/example_sla_dag.py
[2022-09-02 23:02:20,044] {logging_mixin.py:115} INFO - [2022-09-02 23:02:20,043] {dag.py:2420} INFO - Sync 1 DAGs
[2022-09-02 23:02:20,354] {logging_mixin.py:115} INFO - [2022-09-02 23:02:20,353] {dag.py:2972} INFO - Setting next_dagrun for example_sla_dag to 2022-09-02T23:00:00+00:00, run_after=2022-09-02T23:02:00+00:00
[2022-09-02 23:02:20,480] {processor.py:161} INFO - Processing /home/airflow/.local/lib/python3.7/site-packages/airflow/example_dags/example_sla_dag.py took 1.057 seconds
[2022-09-02 23:02:51,353] {processor.py:153} INFO - Started process (PID=2145) to work on /home/airflow/.local/lib/python3.7/site-packages/airflow/example_dags/example_sla_dag.py
[2022-09-02 23:02:51,362] {processor.py:641} INFO - Processing file /home/airflow/.local/lib/python3.7/site-packages/airflow/example_dags/example_sla_dag.py for tasks to queue
[2022-09-02 23:02:51,382] {logging_mixin.py:115} INFO - [2022-09-02 23:02:51,380] {dagbag.py:508} INFO - Filling up the DagBag from /home/airflow/.local/lib/python3.7/site-packages/airflow/example_dags/example_sla_dag.py
[2022-09-02 23:02:51,535] {processor.py:651} INFO - DAG(s) dict_keys(['example_sla_dag']) retrieved from /home/airflow/.local/lib/python3.7/site-packages/airflow/example_dags/example_sla_dag.py
[2022-09-02 23:02:51,711] {logging_mixin.py:115} INFO - [2022-09-02 23:02:51,711] {dag.py:2420} INFO - Sync 1 DAGs
[2022-09-02 23:02:51,957] {logging_mixin.py:115} INFO - [2022-09-02 23:02:51,956] {dag.py:2972} INFO - Setting next_dagrun for example_sla_dag to 2022-09-02T23:00:00+00:00, run_after=2022-09-02T23:02:00+00:00
[2022-09-02 23:02:52,066] {processor.py:161} INFO - Processing /home/airflow/.local/lib/python3.7/site-packages/airflow/example_dags/example_sla_dag.py took 0.754 seconds
[2022-09-02 23:03:23,051] {processor.py:153} INFO - Started process (PID=2203) to work on /home/airflow/.local/lib/python3.7/site-packages/airflow/example_dags/example_sla_dag.py
[2022-09-02 23:03:23,061] {processor.py:641} INFO - Processing file /home/airflow/.local/lib/python3.7/site-packages/airflow/example_dags/example_sla_dag.py for tasks to queue
[2022-09-02 23:03:23,069] {logging_mixin.py:115} INFO - [2022-09-02 23:03:23,069] {dagbag.py:508} INFO - Filling up the DagBag from /home/airflow/.local/lib/python3.7/site-packages/airflow/example_dags/example_sla_dag.py
[2022-09-02 23:03:23,178] {processor.py:651} INFO - DAG(s) dict_keys(['example_sla_dag']) retrieved from /home/airflow/.local/lib/python3.7/site-packages/airflow/example_dags/example_sla_dag.py
[2022-09-02 23:03:23,323] {logging_mixin.py:115} INFO - [2022-09-02 23:03:23,323] {dag.py:2420} INFO - Sync 1 DAGs
[2022-09-02 23:03:23,477] {logging_mixin.py:115} INFO - [2022-09-02 23:03:23,476] {dag.py:2972} INFO - Setting next_dagrun for example_sla_dag to 2022-09-02T23:00:00+00:00, run_after=2022-09-02T23:02:00+00:00
[2022-09-02 23:03:23,536] {processor.py:161} INFO - Processing /home/airflow/.local/lib/python3.7/site-packages/airflow/example_dags/example_sla_dag.py took 0.510 seconds
[2022-09-02 23:03:54,276] {processor.py:153} INFO - Started process (PID=2258) to work on /home/airflow/.local/lib/python3.7/site-packages/airflow/example_dags/example_sla_dag.py
[2022-09-02 23:03:54,297] {processor.py:641} INFO - Processing file /home/airflow/.local/lib/python3.7/site-packages/airflow/example_dags/example_sla_dag.py for tasks to queue
[2022-09-02 23:03:54,318] {logging_mixin.py:115} INFO - [2022-09-02 23:03:54,314] {dagbag.py:508} INFO - Filling up the DagBag from /home/airflow/.local/lib/python3.7/site-packages/airflow/example_dags/example_sla_dag.py
[2022-09-02 23:03:54,564] {processor.py:651} INFO - DAG(s) dict_keys(['example_sla_dag']) retrieved from /home/airflow/.local/lib/python3.7/site-packages/airflow/example_dags/example_sla_dag.py
[2022-09-02 23:03:54,877] {logging_mixin.py:115} INFO - [2022-09-02 23:03:54,877] {dag.py:2420} INFO - Sync 1 DAGs
[2022-09-02 23:03:55,048] {logging_mixin.py:115} INFO - [2022-09-02 23:03:55,048] {dag.py:2972} INFO - Setting next_dagrun for example_sla_dag to 2022-09-02T23:00:00+00:00, run_after=2022-09-02T23:02:00+00:00
[2022-09-02 23:03:55,165] {processor.py:161} INFO - Processing /home/airflow/.local/lib/python3.7/site-packages/airflow/example_dags/example_sla_dag.py took 0.929 seconds
[2022-09-02 23:04:25,506] {processor.py:153} INFO - Started process (PID=2305) to work on /home/airflow/.local/lib/python3.7/site-packages/airflow/example_dags/example_sla_dag.py
[2022-09-02 23:04:25,515] {processor.py:641} INFO - Processing file /home/airflow/.local/lib/python3.7/site-packages/airflow/example_dags/example_sla_dag.py for tasks to queue
[2022-09-02 23:04:25,522] {logging_mixin.py:115} INFO - [2022-09-02 23:04:25,522] {dagbag.py:508} INFO - Filling up the DagBag from /home/airflow/.local/lib/python3.7/site-packages/airflow/example_dags/example_sla_dag.py
[2022-09-02 23:04:25,664] {processor.py:651} INFO - DAG(s) dict_keys(['example_sla_dag']) retrieved from /home/airflow/.local/lib/python3.7/site-packages/airflow/example_dags/example_sla_dag.py
[2022-09-02 23:04:25,825] {logging_mixin.py:115} INFO - [2022-09-02 23:04:25,824] {dag.py:2420} INFO - Sync 1 DAGs
[2022-09-02 23:04:26,010] {logging_mixin.py:115} INFO - [2022-09-02 23:04:26,009] {dag.py:2972} INFO - Setting next_dagrun for example_sla_dag to 2022-09-02T23:02:00+00:00, run_after=2022-09-02T23:04:00+00:00
[2022-09-02 23:04:26,085] {processor.py:161} INFO - Processing /home/airflow/.local/lib/python3.7/site-packages/airflow/example_dags/example_sla_dag.py took 0.599 seconds
[2022-09-02 23:06:43,722] {processor.py:153} INFO - Started process (PID=2358) to work on /home/airflow/.local/lib/python3.7/site-packages/airflow/example_dags/example_sla_dag.py
[2022-09-02 23:06:43,729] {processor.py:641} INFO - Processing file /home/airflow/.local/lib/python3.7/site-packages/airflow/example_dags/example_sla_dag.py for tasks to queue
[2022-09-02 23:06:43,731] {logging_mixin.py:115} INFO - [2022-09-02 23:06:43,731] {dagbag.py:508} INFO - Filling up the DagBag from /home/airflow/.local/lib/python3.7/site-packages/airflow/example_dags/example_sla_dag.py
[2022-09-02 23:06:43,779] {processor.py:651} INFO - DAG(s) dict_keys(['example_sla_dag']) retrieved from /home/airflow/.local/lib/python3.7/site-packages/airflow/example_dags/example_sla_dag.py
[2022-09-02 23:06:43,830] {logging_mixin.py:115} INFO - [2022-09-02 23:06:43,830] {dag.py:2420} INFO - Sync 1 DAGs
[2022-09-02 23:06:43,871] {logging_mixin.py:115} INFO - [2022-09-02 23:06:43,871] {dag.py:2972} INFO - Setting next_dagrun for example_sla_dag to 2022-09-02T23:04:00+00:00, run_after=2022-09-02T23:06:00+00:00
[2022-09-02 23:06:43,884] {processor.py:161} INFO - Processing /home/airflow/.local/lib/python3.7/site-packages/airflow/example_dags/example_sla_dag.py took 0.171 seconds
[2022-09-02 23:07:14,065] {processor.py:153} INFO - Started process (PID=2424) to work on /home/airflow/.local/lib/python3.7/site-packages/airflow/example_dags/example_sla_dag.py
[2022-09-02 23:07:14,067] {processor.py:641} INFO - Processing file /home/airflow/.local/lib/python3.7/site-packages/airflow/example_dags/example_sla_dag.py for tasks to queue
[2022-09-02 23:07:14,068] {logging_mixin.py:115} INFO - [2022-09-02 23:07:14,068] {dagbag.py:508} INFO - Filling up the DagBag from /home/airflow/.local/lib/python3.7/site-packages/airflow/example_dags/example_sla_dag.py
[2022-09-02 23:07:14,090] {processor.py:651} INFO - DAG(s) dict_keys(['example_sla_dag']) retrieved from /home/airflow/.local/lib/python3.7/site-packages/airflow/example_dags/example_sla_dag.py
[2022-09-02 23:07:14,126] {logging_mixin.py:115} INFO - [2022-09-02 23:07:14,126] {dag.py:2420} INFO - Sync 1 DAGs
[2022-09-02 23:07:14,162] {logging_mixin.py:115} INFO - [2022-09-02 23:07:14,161] {dag.py:2972} INFO - Setting next_dagrun for example_sla_dag to 2022-09-02T23:04:00+00:00, run_after=2022-09-02T23:06:00+00:00
[2022-09-02 23:07:14,178] {processor.py:161} INFO - Processing /home/airflow/.local/lib/python3.7/site-packages/airflow/example_dags/example_sla_dag.py took 0.118 seconds
[2022-09-02 23:07:45,429] {processor.py:153} INFO - Started process (PID=2489) to work on /home/airflow/.local/lib/python3.7/site-packages/airflow/example_dags/example_sla_dag.py
[2022-09-02 23:07:45,430] {processor.py:641} INFO - Processing file /home/airflow/.local/lib/python3.7/site-packages/airflow/example_dags/example_sla_dag.py for tasks to queue
[2022-09-02 23:07:45,431] {logging_mixin.py:115} INFO - [2022-09-02 23:07:45,431] {dagbag.py:508} INFO - Filling up the DagBag from /home/airflow/.local/lib/python3.7/site-packages/airflow/example_dags/example_sla_dag.py
[2022-09-02 23:07:45,461] {processor.py:651} INFO - DAG(s) dict_keys(['example_sla_dag']) retrieved from /home/airflow/.local/lib/python3.7/site-packages/airflow/example_dags/example_sla_dag.py
[2022-09-02 23:07:45,495] {logging_mixin.py:115} INFO - [2022-09-02 23:07:45,495] {dag.py:2420} INFO - Sync 1 DAGs
[2022-09-02 23:07:45,534] {logging_mixin.py:115} INFO - [2022-09-02 23:07:45,534] {dag.py:2972} INFO - Setting next_dagrun for example_sla_dag to 2022-09-02T23:04:00+00:00, run_after=2022-09-02T23:06:00+00:00
[2022-09-02 23:07:45,552] {processor.py:161} INFO - Processing /home/airflow/.local/lib/python3.7/site-packages/airflow/example_dags/example_sla_dag.py took 0.127 seconds
[2022-09-02 23:08:28,669] {processor.py:153} INFO - Started process (PID=2545) to work on /home/airflow/.local/lib/python3.7/site-packages/airflow/example_dags/example_sla_dag.py
[2022-09-02 23:08:28,671] {processor.py:641} INFO - Processing file /home/airflow/.local/lib/python3.7/site-packages/airflow/example_dags/example_sla_dag.py for tasks to queue
[2022-09-02 23:08:28,672] {logging_mixin.py:115} INFO - [2022-09-02 23:08:28,672] {dagbag.py:508} INFO - Filling up the DagBag from /home/airflow/.local/lib/python3.7/site-packages/airflow/example_dags/example_sla_dag.py
[2022-09-02 23:08:28,700] {processor.py:651} INFO - DAG(s) dict_keys(['example_sla_dag']) retrieved from /home/airflow/.local/lib/python3.7/site-packages/airflow/example_dags/example_sla_dag.py
[2022-09-02 23:08:28,740] {logging_mixin.py:115} INFO - [2022-09-02 23:08:28,740] {dag.py:2420} INFO - Sync 1 DAGs
[2022-09-02 23:08:28,775] {logging_mixin.py:115} INFO - [2022-09-02 23:08:28,775] {dag.py:2972} INFO - Setting next_dagrun for example_sla_dag to 2022-09-02T23:06:00+00:00, run_after=2022-09-02T23:08:00+00:00
[2022-09-02 23:08:28,790] {processor.py:161} INFO - Processing /home/airflow/.local/lib/python3.7/site-packages/airflow/example_dags/example_sla_dag.py took 0.126 seconds
[2022-09-02 23:08:59,869] {processor.py:153} INFO - Started process (PID=2611) to work on /home/airflow/.local/lib/python3.7/site-packages/airflow/example_dags/example_sla_dag.py
[2022-09-02 23:08:59,871] {processor.py:641} INFO - Processing file /home/airflow/.local/lib/python3.7/site-packages/airflow/example_dags/example_sla_dag.py for tasks to queue
[2022-09-02 23:08:59,872] {logging_mixin.py:115} INFO - [2022-09-02 23:08:59,872] {dagbag.py:508} INFO - Filling up the DagBag from /home/airflow/.local/lib/python3.7/site-packages/airflow/example_dags/example_sla_dag.py
[2022-09-02 23:08:59,895] {processor.py:651} INFO - DAG(s) dict_keys(['example_sla_dag']) retrieved from /home/airflow/.local/lib/python3.7/site-packages/airflow/example_dags/example_sla_dag.py
[2022-09-02 23:08:59,937] {logging_mixin.py:115} INFO - [2022-09-02 23:08:59,937] {dag.py:2420} INFO - Sync 1 DAGs
[2022-09-02 23:08:59,973] {logging_mixin.py:115} INFO - [2022-09-02 23:08:59,973] {dag.py:2972} INFO - Setting next_dagrun for example_sla_dag to 2022-09-02T23:06:00+00:00, run_after=2022-09-02T23:08:00+00:00
[2022-09-02 23:08:59,988] {processor.py:161} INFO - Processing /home/airflow/.local/lib/python3.7/site-packages/airflow/example_dags/example_sla_dag.py took 0.123 seconds
[2022-09-02 23:09:30,083] {processor.py:153} INFO - Started process (PID=2668) to work on /home/airflow/.local/lib/python3.7/site-packages/airflow/example_dags/example_sla_dag.py
[2022-09-02 23:09:30,084] {processor.py:641} INFO - Processing file /home/airflow/.local/lib/python3.7/site-packages/airflow/example_dags/example_sla_dag.py for tasks to queue
[2022-09-02 23:09:30,086] {logging_mixin.py:115} INFO - [2022-09-02 23:09:30,086] {dagbag.py:508} INFO - Filling up the DagBag from /home/airflow/.local/lib/python3.7/site-packages/airflow/example_dags/example_sla_dag.py
[2022-09-02 23:09:30,108] {processor.py:651} INFO - DAG(s) dict_keys(['example_sla_dag']) retrieved from /home/airflow/.local/lib/python3.7/site-packages/airflow/example_dags/example_sla_dag.py
[2022-09-02 23:09:30,139] {logging_mixin.py:115} INFO - [2022-09-02 23:09:30,138] {dag.py:2420} INFO - Sync 1 DAGs
[2022-09-02 23:09:30,172] {logging_mixin.py:115} INFO - [2022-09-02 23:09:30,172] {dag.py:2972} INFO - Setting next_dagrun for example_sla_dag to 2022-09-02T23:06:00+00:00, run_after=2022-09-02T23:08:00+00:00
[2022-09-02 23:09:30,186] {processor.py:161} INFO - Processing /home/airflow/.local/lib/python3.7/site-packages/airflow/example_dags/example_sla_dag.py took 0.108 seconds
[2022-09-02 23:10:06,879] {processor.py:153} INFO - Started process (PID=2733) to work on /home/airflow/.local/lib/python3.7/site-packages/airflow/example_dags/example_sla_dag.py
[2022-09-02 23:10:06,880] {processor.py:641} INFO - Processing file /home/airflow/.local/lib/python3.7/site-packages/airflow/example_dags/example_sla_dag.py for tasks to queue
[2022-09-02 23:10:06,881] {logging_mixin.py:115} INFO - [2022-09-02 23:10:06,881] {dagbag.py:508} INFO - Filling up the DagBag from /home/airflow/.local/lib/python3.7/site-packages/airflow/example_dags/example_sla_dag.py
[2022-09-02 23:10:06,913] {processor.py:651} INFO - DAG(s) dict_keys(['example_sla_dag']) retrieved from /home/airflow/.local/lib/python3.7/site-packages/airflow/example_dags/example_sla_dag.py
[2022-09-02 23:10:06,947] {logging_mixin.py:115} INFO - [2022-09-02 23:10:06,947] {dag.py:2420} INFO - Sync 1 DAGs
[2022-09-02 23:10:06,983] {logging_mixin.py:115} INFO - [2022-09-02 23:10:06,983] {dag.py:2972} INFO - Setting next_dagrun for example_sla_dag to 2022-09-02T23:08:00+00:00, run_after=2022-09-02T23:10:00+00:00
[2022-09-02 23:10:07,003] {processor.py:161} INFO - Processing /home/airflow/.local/lib/python3.7/site-packages/airflow/example_dags/example_sla_dag.py took 0.130 seconds
[2022-09-02 23:10:37,135] {processor.py:153} INFO - Started process (PID=2790) to work on /home/airflow/.local/lib/python3.7/site-packages/airflow/example_dags/example_sla_dag.py
[2022-09-02 23:10:37,136] {processor.py:641} INFO - Processing file /home/airflow/.local/lib/python3.7/site-packages/airflow/example_dags/example_sla_dag.py for tasks to queue
[2022-09-02 23:10:37,137] {logging_mixin.py:115} INFO - [2022-09-02 23:10:37,137] {dagbag.py:508} INFO - Filling up the DagBag from /home/airflow/.local/lib/python3.7/site-packages/airflow/example_dags/example_sla_dag.py
[2022-09-02 23:10:37,161] {processor.py:651} INFO - DAG(s) dict_keys(['example_sla_dag']) retrieved from /home/airflow/.local/lib/python3.7/site-packages/airflow/example_dags/example_sla_dag.py
[2022-09-02 23:10:37,192] {logging_mixin.py:115} INFO - [2022-09-02 23:10:37,192] {dag.py:2420} INFO - Sync 1 DAGs
[2022-09-02 23:10:37,225] {logging_mixin.py:115} INFO - [2022-09-02 23:10:37,225] {dag.py:2972} INFO - Setting next_dagrun for example_sla_dag to 2022-09-02T23:08:00+00:00, run_after=2022-09-02T23:10:00+00:00
[2022-09-02 23:10:37,238] {processor.py:161} INFO - Processing /home/airflow/.local/lib/python3.7/site-packages/airflow/example_dags/example_sla_dag.py took 0.108 seconds
[2022-09-02 23:11:07,314] {processor.py:153} INFO - Started process (PID=2855) to work on /home/airflow/.local/lib/python3.7/site-packages/airflow/example_dags/example_sla_dag.py
[2022-09-02 23:11:07,315] {processor.py:641} INFO - Processing file /home/airflow/.local/lib/python3.7/site-packages/airflow/example_dags/example_sla_dag.py for tasks to queue
[2022-09-02 23:11:07,316] {logging_mixin.py:115} INFO - [2022-09-02 23:11:07,316] {dagbag.py:508} INFO - Filling up the DagBag from /home/airflow/.local/lib/python3.7/site-packages/airflow/example_dags/example_sla_dag.py
[2022-09-02 23:11:07,345] {processor.py:651} INFO - DAG(s) dict_keys(['example_sla_dag']) retrieved from /home/airflow/.local/lib/python3.7/site-packages/airflow/example_dags/example_sla_dag.py
[2022-09-02 23:11:07,397] {logging_mixin.py:115} INFO - [2022-09-02 23:11:07,397] {dag.py:2420} INFO - Sync 1 DAGs
[2022-09-02 23:11:07,453] {logging_mixin.py:115} INFO - [2022-09-02 23:11:07,453] {dag.py:2972} INFO - Setting next_dagrun for example_sla_dag to 2022-09-02T23:08:00+00:00, run_after=2022-09-02T23:10:00+00:00
[2022-09-02 23:11:07,475] {processor.py:161} INFO - Processing /home/airflow/.local/lib/python3.7/site-packages/airflow/example_dags/example_sla_dag.py took 0.165 seconds
[2022-09-02 23:11:37,547] {processor.py:153} INFO - Started process (PID=2911) to work on /home/airflow/.local/lib/python3.7/site-packages/airflow/example_dags/example_sla_dag.py
[2022-09-02 23:11:37,549] {processor.py:641} INFO - Processing file /home/airflow/.local/lib/python3.7/site-packages/airflow/example_dags/example_sla_dag.py for tasks to queue
[2022-09-02 23:11:37,550] {logging_mixin.py:115} INFO - [2022-09-02 23:11:37,550] {dagbag.py:508} INFO - Filling up the DagBag from /home/airflow/.local/lib/python3.7/site-packages/airflow/example_dags/example_sla_dag.py
[2022-09-02 23:11:37,571] {processor.py:651} INFO - DAG(s) dict_keys(['example_sla_dag']) retrieved from /home/airflow/.local/lib/python3.7/site-packages/airflow/example_dags/example_sla_dag.py
[2022-09-02 23:11:37,603] {logging_mixin.py:115} INFO - [2022-09-02 23:11:37,603] {dag.py:2420} INFO - Sync 1 DAGs
[2022-09-02 23:11:37,636] {logging_mixin.py:115} INFO - [2022-09-02 23:11:37,636] {dag.py:2972} INFO - Setting next_dagrun for example_sla_dag to 2022-09-02T23:08:00+00:00, run_after=2022-09-02T23:10:00+00:00
[2022-09-02 23:11:37,650] {processor.py:161} INFO - Processing /home/airflow/.local/lib/python3.7/site-packages/airflow/example_dags/example_sla_dag.py took 0.106 seconds
[2022-09-02 23:12:08,051] {processor.py:153} INFO - Started process (PID=2977) to work on /home/airflow/.local/lib/python3.7/site-packages/airflow/example_dags/example_sla_dag.py
[2022-09-02 23:12:08,052] {processor.py:641} INFO - Processing file /home/airflow/.local/lib/python3.7/site-packages/airflow/example_dags/example_sla_dag.py for tasks to queue
[2022-09-02 23:12:08,053] {logging_mixin.py:115} INFO - [2022-09-02 23:12:08,053] {dagbag.py:508} INFO - Filling up the DagBag from /home/airflow/.local/lib/python3.7/site-packages/airflow/example_dags/example_sla_dag.py
[2022-09-02 23:12:08,082] {processor.py:651} INFO - DAG(s) dict_keys(['example_sla_dag']) retrieved from /home/airflow/.local/lib/python3.7/site-packages/airflow/example_dags/example_sla_dag.py
[2022-09-02 23:12:08,115] {logging_mixin.py:115} INFO - [2022-09-02 23:12:08,114] {dag.py:2420} INFO - Sync 1 DAGs
[2022-09-02 23:12:08,145] {logging_mixin.py:115} INFO - [2022-09-02 23:12:08,145] {dag.py:2972} INFO - Setting next_dagrun for example_sla_dag to 2022-09-02T23:10:00+00:00, run_after=2022-09-02T23:12:00+00:00
[2022-09-02 23:12:08,161] {processor.py:161} INFO - Processing /home/airflow/.local/lib/python3.7/site-packages/airflow/example_dags/example_sla_dag.py took 0.115 seconds
[2022-09-02 23:43:00,132] {processor.py:153} INFO - Started process (PID=3049) to work on /home/airflow/.local/lib/python3.7/site-packages/airflow/example_dags/example_sla_dag.py
[2022-09-02 23:43:00,171] {processor.py:641} INFO - Processing file /home/airflow/.local/lib/python3.7/site-packages/airflow/example_dags/example_sla_dag.py for tasks to queue
[2022-09-02 23:43:00,226] {logging_mixin.py:115} INFO - [2022-09-02 23:43:00,225] {dagbag.py:508} INFO - Filling up the DagBag from /home/airflow/.local/lib/python3.7/site-packages/airflow/example_dags/example_sla_dag.py
[2022-09-02 23:43:00,946] {processor.py:651} INFO - DAG(s) dict_keys(['example_sla_dag']) retrieved from /home/airflow/.local/lib/python3.7/site-packages/airflow/example_dags/example_sla_dag.py
[2022-09-02 23:43:01,649] {logging_mixin.py:115} INFO - [2022-09-02 23:43:01,648] {dag.py:2420} INFO - Sync 1 DAGs
[2022-09-02 23:43:03,501] {logging_mixin.py:115} INFO - [2022-09-02 23:43:03,501] {dag.py:2972} INFO - Setting next_dagrun for example_sla_dag to 2022-09-02T23:40:00+00:00, run_after=2022-09-02T23:42:00+00:00
[2022-09-02 23:43:04,682] {processor.py:161} INFO - Processing /home/airflow/.local/lib/python3.7/site-packages/airflow/example_dags/example_sla_dag.py took 4.745 seconds
[2022-09-02 23:56:00,581] {processor.py:153} INFO - Started process (PID=3130) to work on /home/airflow/.local/lib/python3.7/site-packages/airflow/example_dags/example_sla_dag.py
[2022-09-02 23:56:00,588] {processor.py:641} INFO - Processing file /home/airflow/.local/lib/python3.7/site-packages/airflow/example_dags/example_sla_dag.py for tasks to queue
[2022-09-02 23:56:00,590] {logging_mixin.py:115} INFO - [2022-09-02 23:56:00,589] {dagbag.py:508} INFO - Filling up the DagBag from /home/airflow/.local/lib/python3.7/site-packages/airflow/example_dags/example_sla_dag.py
[2022-09-02 23:56:00,635] {processor.py:651} INFO - DAG(s) dict_keys(['example_sla_dag']) retrieved from /home/airflow/.local/lib/python3.7/site-packages/airflow/example_dags/example_sla_dag.py
[2022-09-02 23:56:00,681] {logging_mixin.py:115} INFO - [2022-09-02 23:56:00,681] {dag.py:2420} INFO - Sync 1 DAGs
[2022-09-02 23:56:00,737] {logging_mixin.py:115} INFO - [2022-09-02 23:56:00,737] {dag.py:2972} INFO - Setting next_dagrun for example_sla_dag to 2022-09-02T23:54:00+00:00, run_after=2022-09-02T23:56:00+00:00
[2022-09-02 23:56:00,755] {processor.py:161} INFO - Processing /home/airflow/.local/lib/python3.7/site-packages/airflow/example_dags/example_sla_dag.py took 0.189 seconds
[2022-09-02 23:56:34,687] {processor.py:153} INFO - Started process (PID=3195) to work on /home/airflow/.local/lib/python3.7/site-packages/airflow/example_dags/example_sla_dag.py
[2022-09-02 23:56:34,691] {processor.py:641} INFO - Processing file /home/airflow/.local/lib/python3.7/site-packages/airflow/example_dags/example_sla_dag.py for tasks to queue
[2022-09-02 23:56:34,697] {logging_mixin.py:115} INFO - [2022-09-02 23:56:34,696] {dagbag.py:508} INFO - Filling up the DagBag from /home/airflow/.local/lib/python3.7/site-packages/airflow/example_dags/example_sla_dag.py
[2022-09-02 23:56:34,791] {processor.py:651} INFO - DAG(s) dict_keys(['example_sla_dag']) retrieved from /home/airflow/.local/lib/python3.7/site-packages/airflow/example_dags/example_sla_dag.py
[2022-09-02 23:56:34,883] {logging_mixin.py:115} INFO - [2022-09-02 23:56:34,883] {dag.py:2420} INFO - Sync 1 DAGs
[2022-09-02 23:56:34,972] {logging_mixin.py:115} INFO - [2022-09-02 23:56:34,968] {dag.py:2972} INFO - Setting next_dagrun for example_sla_dag to 2022-09-02T23:54:00+00:00, run_after=2022-09-02T23:56:00+00:00
[2022-09-02 23:56:35,019] {processor.py:161} INFO - Processing /home/airflow/.local/lib/python3.7/site-packages/airflow/example_dags/example_sla_dag.py took 0.361 seconds
