[2022-08-24 19:21:38,339] {taskinstance.py:1179} INFO - Dependencies all met for <TaskInstance: dynamically_branching1.bash_task scheduled__2022-04-07T00:00:00+00:00 [queued]>
[2022-08-24 19:21:38,353] {taskinstance.py:1179} INFO - Dependencies all met for <TaskInstance: dynamically_branching1.bash_task scheduled__2022-04-07T00:00:00+00:00 [queued]>
[2022-08-24 19:21:38,354] {taskinstance.py:1376} INFO - 
--------------------------------------------------------------------------------
[2022-08-24 19:21:38,355] {taskinstance.py:1377} INFO - Starting attempt 1 of 1
[2022-08-24 19:21:38,356] {taskinstance.py:1378} INFO - 
--------------------------------------------------------------------------------
[2022-08-24 19:21:38,375] {taskinstance.py:1397} INFO - Executing <Task(BashOperator): bash_task> on 2022-04-07 00:00:00+00:00
[2022-08-24 19:21:38,382] {standard_task_runner.py:52} INFO - Started process 10958 to run task
[2022-08-24 19:21:38,393] {standard_task_runner.py:79} INFO - Running: ['***', 'tasks', 'run', 'dynamically_branching1', 'bash_task', 'scheduled__2022-04-07T00:00:00+00:00', '--job-id', '2978', '--raw', '--subdir', 'DAGS_FOLDER/jobs_dag.py', '--cfg-path', '/tmp/tmpbldv89l_', '--error-file', '/tmp/tmplklx0428']
[2022-08-24 19:21:38,394] {standard_task_runner.py:80} INFO - Job 2978: Subtask bash_task
[2022-08-24 19:21:38,543] {task_command.py:371} INFO - Running <TaskInstance: dynamically_branching1.bash_task scheduled__2022-04-07T00:00:00+00:00 [running]> on host 9d5d2a77e6ba
[2022-08-24 19:21:38,753] {taskinstance.py:1591} INFO - Exporting the following env vars:
AIRFLOW_CTX_DAG_OWNER=***
AIRFLOW_CTX_DAG_ID=dynamically_branching1
AIRFLOW_CTX_TASK_ID=bash_task
AIRFLOW_CTX_EXECUTION_DATE=2022-04-07T00:00:00+00:00
AIRFLOW_CTX_TRY_NUMBER=1
AIRFLOW_CTX_DAG_RUN_ID=scheduled__2022-04-07T00:00:00+00:00
[2022-08-24 19:21:38,756] {subprocess.py:62} INFO - Tmp dir root location: 
 /tmp
[2022-08-24 19:21:38,758] {subprocess.py:74} INFO - Running command: ['bash', '-c', 'echo $(whoami)']
[2022-08-24 19:21:38,798] {subprocess.py:85} INFO - Output:
[2022-08-24 19:21:38,817] {subprocess.py:92} INFO - default
[2022-08-24 19:21:38,818] {subprocess.py:96} INFO - Command exited with return code 0
[2022-08-24 19:21:38,863] {taskinstance.py:1420} INFO - Marking task as SUCCESS. dag_id=dynamically_branching1, task_id=bash_task, execution_date=20220407T000000, start_date=20220824T192138, end_date=20220824T192138
[2022-08-24 19:21:38,908] {local_task_job.py:156} INFO - Task exited with return code 0
[2022-08-24 19:21:39,067] {local_task_job.py:273} INFO - 0 downstream tasks scheduled from follow-on schedule check
