[2022-09-01 16:16:47,500] {taskinstance.py:1179} INFO - Dependencies all met for <TaskInstance: dynamically_branching1.query_table manual__2022-09-01T16:16:43.737860+00:00 [queued]>
[2022-09-01 16:16:47,514] {taskinstance.py:1179} INFO - Dependencies all met for <TaskInstance: dynamically_branching1.query_table manual__2022-09-01T16:16:43.737860+00:00 [queued]>
[2022-09-01 16:16:47,515] {taskinstance.py:1376} INFO - 
--------------------------------------------------------------------------------
[2022-09-01 16:16:47,515] {taskinstance.py:1377} INFO - Starting attempt 1 of 1
[2022-09-01 16:16:47,516] {taskinstance.py:1378} INFO - 
--------------------------------------------------------------------------------
[2022-09-01 16:16:47,543] {taskinstance.py:1397} INFO - Executing <Task(PythonOperator): query_table> on 2022-09-01 16:16:43.737860+00:00
[2022-09-01 16:16:47,552] {standard_task_runner.py:52} INFO - Started process 85366 to run task
[2022-09-01 16:16:47,556] {standard_task_runner.py:79} INFO - Running: ['***', 'tasks', 'run', 'dynamically_branching1', 'query_table', 'manual__2022-09-01T16:16:43.737860+00:00', '--job-id', '3449', '--raw', '--subdir', 'DAGS_FOLDER/jobs_dag.py', '--cfg-path', '/tmp/tmprbnehad3', '--error-file', '/tmp/tmp4mf6hixe']
[2022-09-01 16:16:47,557] {standard_task_runner.py:80} INFO - Job 3449: Subtask query_table
[2022-09-01 16:16:47,655] {task_command.py:371} INFO - Running <TaskInstance: dynamically_branching1.query_table manual__2022-09-01T16:16:43.737860+00:00 [running]> on host 9d5d2a77e6ba
[2022-09-01 16:16:47,763] {taskinstance.py:1591} INFO - Exporting the following env vars:
AIRFLOW_CTX_DAG_OWNER=***
AIRFLOW_CTX_DAG_ID=dynamically_branching1
AIRFLOW_CTX_TASK_ID=query_table
AIRFLOW_CTX_EXECUTION_DATE=2022-09-01T16:16:43.737860+00:00
AIRFLOW_CTX_TRY_NUMBER=1
AIRFLOW_CTX_DAG_RUN_ID=manual__2022-09-01T16:16:43.737860+00:00
[2022-09-01 16:16:47,769] {warnings.py:110} WARNING - /home/***/.local/lib/python3.7/site-packages/***/utils/context.py:290: AirflowContextDeprecationWarning: Accessing 'execution_date' from the template is deprecated and will be removed in a future version. Please use 'data_interval_start' or 'logical_date' instead.
  warnings.warn(_create_deprecation_warning(k, replacements))

[2022-09-01 16:16:47,770] {warnings.py:110} WARNING - /home/***/.local/lib/python3.7/site-packages/***/utils/context.py:290: AirflowContextDeprecationWarning: Accessing 'next_ds' from the template is deprecated and will be removed in a future version. Please use '{{ data_interval_end | ds }}' instead.
  warnings.warn(_create_deprecation_warning(k, replacements))

[2022-09-01 16:16:47,771] {secrets_masker.py:228} WARNING - Unable to redact <Proxy at 0x7fded6c910f0 wrapping '2022-09-01' at 0x7fdeeb4fc830 with factory functools.partial(<function lazy_mapping_from_context.<locals>._deprecated_proxy_factory at 0x7fded6ce3f80>, 'next_ds', '2022-09-01')>, please report this via <https://github.com/apache/***/issues>. Error was: TypeError: expected string or bytes-like object
[2022-09-01 16:16:47,771] {warnings.py:110} WARNING - /home/***/.local/lib/python3.7/site-packages/***/utils/context.py:290: AirflowContextDeprecationWarning: Accessing 'next_ds_nodash' from the template is deprecated and will be removed in a future version. Please use '{{ data_interval_end | ds_nodash }}' instead.
  warnings.warn(_create_deprecation_warning(k, replacements))

[2022-09-01 16:16:47,772] {secrets_masker.py:228} WARNING - Unable to redact <Proxy at 0x7fded6c91140 wrapping '20220901' at 0x7fded6d1bd30 with factory functools.partial(<function lazy_mapping_from_context.<locals>._deprecated_proxy_factory at 0x7fded6ce3f80>, 'next_ds_nodash', '20220901')>, please report this via <https://github.com/apache/***/issues>. Error was: TypeError: expected string or bytes-like object
[2022-09-01 16:16:47,773] {warnings.py:110} WARNING - /home/***/.local/lib/python3.7/site-packages/***/utils/context.py:290: AirflowContextDeprecationWarning: Accessing 'next_execution_date' from the template is deprecated and will be removed in a future version. Please use 'data_interval_end' instead.
  warnings.warn(_create_deprecation_warning(k, replacements))

[2022-09-01 16:16:47,774] {warnings.py:110} WARNING - /home/***/.local/lib/python3.7/site-packages/***/utils/context.py:290: AirflowContextDeprecationWarning: Accessing 'prev_ds' from the template is deprecated and will be removed in a future version.
  warnings.warn(_create_deprecation_warning(k, replacements))

[2022-09-01 16:16:47,775] {secrets_masker.py:228} WARNING - Unable to redact <Proxy at 0x7fded6c911e0 wrapping '2022-09-01' at 0x7fded6d2ddb0 with factory functools.partial(<function lazy_mapping_from_context.<locals>._deprecated_proxy_factory at 0x7fded6ce3f80>, 'prev_ds', '2022-09-01')>, please report this via <https://github.com/apache/***/issues>. Error was: TypeError: expected string or bytes-like object
[2022-09-01 16:16:47,776] {warnings.py:110} WARNING - /home/***/.local/lib/python3.7/site-packages/***/utils/context.py:290: AirflowContextDeprecationWarning: Accessing 'prev_ds_nodash' from the template is deprecated and will be removed in a future version.
  warnings.warn(_create_deprecation_warning(k, replacements))

[2022-09-01 16:16:47,776] {secrets_masker.py:228} WARNING - Unable to redact <Proxy at 0x7fded6c91230 wrapping '20220901' at 0x7fded6d06370 with factory functools.partial(<function lazy_mapping_from_context.<locals>._deprecated_proxy_factory at 0x7fded6ce3f80>, 'prev_ds_nodash', '20220901')>, please report this via <https://github.com/apache/***/issues>. Error was: TypeError: expected string or bytes-like object
[2022-09-01 16:16:47,777] {warnings.py:110} WARNING - /home/***/.local/lib/python3.7/site-packages/***/utils/context.py:290: AirflowContextDeprecationWarning: Accessing 'prev_execution_date' from the template is deprecated and will be removed in a future version.
  warnings.warn(_create_deprecation_warning(k, replacements))

[2022-09-01 16:16:47,778] {warnings.py:110} WARNING - /home/***/.local/lib/python3.7/site-packages/***/utils/context.py:290: AirflowContextDeprecationWarning: Accessing 'prev_execution_date_success' from the template is deprecated and will be removed in a future version. Please use 'prev_data_interval_start_success' instead.
  warnings.warn(_create_deprecation_warning(k, replacements))

[2022-09-01 16:16:47,779] {warnings.py:110} WARNING - /home/***/.local/lib/python3.7/site-packages/***/utils/context.py:290: AirflowContextDeprecationWarning: Accessing 'tomorrow_ds' from the template is deprecated and will be removed in a future version.
  warnings.warn(_create_deprecation_warning(k, replacements))

[2022-09-01 16:16:47,780] {secrets_masker.py:228} WARNING - Unable to redact <Proxy at 0x7fded6c91320 wrapping '2022-09-02' at 0x7fded6d1baf0 with factory functools.partial(<function lazy_mapping_from_context.<locals>._deprecated_proxy_factory at 0x7fded6ce3f80>, 'tomorrow_ds', '2022-09-02')>, please report this via <https://github.com/apache/***/issues>. Error was: TypeError: expected string or bytes-like object
[2022-09-01 16:16:47,780] {warnings.py:110} WARNING - /home/***/.local/lib/python3.7/site-packages/***/utils/context.py:290: AirflowContextDeprecationWarning: Accessing 'tomorrow_ds_nodash' from the template is deprecated and will be removed in a future version.
  warnings.warn(_create_deprecation_warning(k, replacements))

[2022-09-01 16:16:47,781] {secrets_masker.py:228} WARNING - Unable to redact <Proxy at 0x7fded6c91370 wrapping '20220902' at 0x7fded6d06bb0 with factory functools.partial(<function lazy_mapping_from_context.<locals>._deprecated_proxy_factory at 0x7fded6ce3f80>, 'tomorrow_ds_nodash', '20220902')>, please report this via <https://github.com/apache/***/issues>. Error was: TypeError: expected string or bytes-like object
[2022-09-01 16:16:47,782] {warnings.py:110} WARNING - /home/***/.local/lib/python3.7/site-packages/***/utils/context.py:290: AirflowContextDeprecationWarning: Accessing 'yesterday_ds' from the template is deprecated and will be removed in a future version.
  warnings.warn(_create_deprecation_warning(k, replacements))

[2022-09-01 16:16:47,783] {secrets_masker.py:228} WARNING - Unable to redact <Proxy at 0x7fded6c913c0 wrapping '2022-08-31' at 0x7fded6d2edb0 with factory functools.partial(<function lazy_mapping_from_context.<locals>._deprecated_proxy_factory at 0x7fded6ce3f80>, 'yesterday_ds', '2022-08-31')>, please report this via <https://github.com/apache/***/issues>. Error was: TypeError: expected string or bytes-like object
[2022-09-01 16:16:47,783] {warnings.py:110} WARNING - /home/***/.local/lib/python3.7/site-packages/***/utils/context.py:290: AirflowContextDeprecationWarning: Accessing 'yesterday_ds_nodash' from the template is deprecated and will be removed in a future version.
  warnings.warn(_create_deprecation_warning(k, replacements))

[2022-09-01 16:16:47,784] {secrets_masker.py:228} WARNING - Unable to redact <Proxy at 0x7fded6c91410 wrapping '20220831' at 0x7fded6d1bc30 with factory functools.partial(<function lazy_mapping_from_context.<locals>._deprecated_proxy_factory at 0x7fded6ce3f80>, 'yesterday_ds_nodash', '20220831')>, please report this via <https://github.com/apache/***/issues>. Error was: TypeError: expected string or bytes-like object
[2022-09-01 16:16:47,768] {jobs_dag.py:40} INFO - {'conf': <airflow.configuration.AirflowConfigParser object at 0x7fdeeb4a87d0>, 'dag': <DAG: dynamically_branching1>, 'dag_run': <DagRun dynamically_branching1 @ 2022-09-01 16:16:43.737860+00:00: manual__2022-09-01T16:16:43.737860+00:00, externally triggered: True>, 'data_interval_end': DateTime(2022, 9, 1, 0, 0, 0, tzinfo=Timezone('UTC')), 'data_interval_start': DateTime(2022, 8, 31, 0, 0, 0, tzinfo=Timezone('UTC')), 'ds': '2022-09-01', 'ds_nodash': '20220901', 'execution_date': <Proxy at 0x7fded6c910a0 wrapping DateTime(2022, 9, 1, 16, 16, 43, 737860, tzinfo=Timezone('UTC')) at 0x7fded6d043b0 with factory functools.partial(<function lazy_mapping_from_context.<locals>._deprecated_proxy_factory at 0x7fded6ce3f80>, 'execution_date', DateTime(2022, 9, 1, 16, 16, 43, 737860, tzinfo=Timezone('UTC')))>, 'inlets': [], 'logical_date': DateTime(2022, 9, 1, 16, 16, 43, 737860, tzinfo=Timezone('UTC')), 'macros': <module 'airflow.macros' from '/home/airflow/.local/lib/python3.7/site-packages/airflow/macros/__init__.py'>, 'next_ds': <Proxy at 0x7fded6c910f0 wrapping '2022-09-01' at 0x7fdeeb4fc830 with factory functools.partial(<function lazy_mapping_from_context.<locals>._deprecated_proxy_factory at 0x7fded6ce3f80>, 'next_ds', '2022-09-01')>, 'next_ds_nodash': <Proxy at 0x7fded6c91140 wrapping '20220901' at 0x7fded6d1bd30 with factory functools.partial(<function lazy_mapping_from_context.<locals>._deprecated_proxy_factory at 0x7fded6ce3f80>, 'next_ds_nodash', '20220901')>, 'next_execution_date': <Proxy at 0x7fded6c91190 wrapping DateTime(2022, 9, 1, 16, 16, 43, 737860, tzinfo=Timezone('UTC')) at 0x7fded6d043b0 with factory functools.partial(<function lazy_mapping_from_context.<locals>._deprecated_proxy_factory at 0x7fded6ce3f80>, 'next_execution_date', DateTime(2022, 9, 1, 16, 16, 43, 737860, tzinfo=Timezone('UTC')))>, 'outlets': [], 'params': {}, 'prev_data_interval_start_success': DateTime(2022, 8, 31, 0, 0, 0, tzinfo=Timezone('UTC')), 'prev_data_interval_end_success': DateTime(2022, 9, 1, 0, 0, 0, tzinfo=Timezone('UTC')), 'prev_ds': <Proxy at 0x7fded6c911e0 wrapping '2022-09-01' at 0x7fded6d2ddb0 with factory functools.partial(<function lazy_mapping_from_context.<locals>._deprecated_proxy_factory at 0x7fded6ce3f80>, 'prev_ds', '2022-09-01')>, 'prev_ds_nodash': <Proxy at 0x7fded6c91230 wrapping '20220901' at 0x7fded6d06370 with factory functools.partial(<function lazy_mapping_from_context.<locals>._deprecated_proxy_factory at 0x7fded6ce3f80>, 'prev_ds_nodash', '20220901')>, 'prev_execution_date': <Proxy at 0x7fded6c91280 wrapping DateTime(2022, 9, 1, 16, 16, 43, 737860, tzinfo=Timezone('UTC')) at 0x7fded6d043b0 with factory functools.partial(<function lazy_mapping_from_context.<locals>._deprecated_proxy_factory at 0x7fded6ce3f80>, 'prev_execution_date', DateTime(2022, 9, 1, 16, 16, 43, 737860, tzinfo=Timezone('UTC')))>, 'prev_execution_date_success': <Proxy at 0x7fded6c912d0 wrapping DateTime(2022, 9, 1, 16, 15, 22, 102447, tzinfo=Timezone('UTC')) at 0x7fded6d30110 with factory functools.partial(<function lazy_mapping_from_context.<locals>._deprecated_proxy_factory at 0x7fded6ce3f80>, 'prev_execution_date_success', DateTime(2022, 9, 1, 16, 15, 22, 102447, tzinfo=Timezone('UTC')))>, 'prev_start_date_success': DateTime(2022, 9, 1, 16, 15, 22, 599753, tzinfo=Timezone('UTC')), 'run_id': 'manual__2022-09-01T16:16:43.737860+00:00', 'task': <Task(PythonOperator): query_table>, 'task_instance': <TaskInstance: dynamically_branching1.query_table manual__2022-09-01T16:16:43.737860+00:00 [running]>, 'task_instance_key_str': 'dynamically_branching1__query_table__20220901', 'test_mode': False, 'ti': <TaskInstance: dynamically_branching1.query_table manual__2022-09-01T16:16:43.737860+00:00 [running]>, 'tomorrow_ds': <Proxy at 0x7fded6c91320 wrapping '2022-09-02' at 0x7fded6d1baf0 with factory functools.partial(<function lazy_mapping_from_context.<locals>._deprecated_proxy_factory at 0x7fded6ce3f80>, 'tomorrow_ds', '2022-09-02')>, 'tomorrow_ds_nodash': <Proxy at 0x7fded6c91370 wrapping '20220902' at 0x7fded6d06bb0 with factory functools.partial(<function lazy_mapping_from_context.<locals>._deprecated_proxy_factory at 0x7fded6ce3f80>, 'tomorrow_ds_nodash', '20220902')>, 'ts': '2022-09-01T16:16:43.737860+00:00', 'ts_nodash': '20220901T161643', 'ts_nodash_with_tz': '20220901T161643.737860+0000', 'var': {'json': None, 'value': None}, 'conn': None, 'yesterday_ds': <Proxy at 0x7fded6c913c0 wrapping '2022-08-31' at 0x7fded6d2edb0 with factory functools.partial(<function lazy_mapping_from_context.<locals>._deprecated_proxy_factory at 0x7fded6ce3f80>, 'yesterday_ds', '2022-08-31')>, 'yesterday_ds_nodash': <Proxy at 0x7fded6c91410 wrapping '20220831' at 0x7fded6d1bc30 with factory functools.partial(<function lazy_mapping_from_context.<locals>._deprecated_proxy_factory at 0x7fded6ce3f80>, 'yesterday_ds_nodash', '20220831')>, 'templates_dict': None}
[2022-09-01 16:16:47,786] {jobs_dag.py:41} INFO - 2022-09-01
[2022-09-01 16:16:47,787] {python.py:173} INFO - Done. Returned value was: None
[2022-09-01 16:16:47,808] {taskinstance.py:1420} INFO - Marking task as SUCCESS. dag_id=dynamically_branching1, task_id=query_table, execution_date=20220901T161643, start_date=20220901T161647, end_date=20220901T161647
[2022-09-01 16:16:47,853] {local_task_job.py:156} INFO - Task exited with return code 0
[2022-09-01 16:16:47,902] {local_task_job.py:273} INFO - 0 downstream tasks scheduled from follow-on schedule check
