[2022-08-24 18:43:03,437] {taskinstance.py:1179} INFO - Dependencies all met for <TaskInstance: dynamically_branching1.query_table manual__2022-08-24T18:42:54.184303+00:00 [queued]>
[2022-08-24 18:43:03,467] {taskinstance.py:1179} INFO - Dependencies all met for <TaskInstance: dynamically_branching1.query_table manual__2022-08-24T18:42:54.184303+00:00 [queued]>
[2022-08-24 18:43:03,469] {taskinstance.py:1376} INFO - 
--------------------------------------------------------------------------------
[2022-08-24 18:43:03,470] {taskinstance.py:1377} INFO - Starting attempt 1 of 1
[2022-08-24 18:43:03,471] {taskinstance.py:1378} INFO - 
--------------------------------------------------------------------------------
[2022-08-24 18:43:03,525] {taskinstance.py:1397} INFO - Executing <Task(PythonOperator): query_table> on 2022-08-24 18:42:54.184303+00:00
[2022-08-24 18:43:03,532] {standard_task_runner.py:52} INFO - Started process 3918 to run task
[2022-08-24 18:43:03,548] {standard_task_runner.py:79} INFO - Running: ['***', 'tasks', 'run', 'dynamically_branching1', 'query_table', 'manual__2022-08-24T18:42:54.184303+00:00', '--job-id', '889', '--raw', '--subdir', 'DAGS_FOLDER/jobs_dag.py', '--cfg-path', '/tmp/tmp2mbncxz0', '--error-file', '/tmp/tmpvqqmv2au']
[2022-08-24 18:43:03,549] {standard_task_runner.py:80} INFO - Job 889: Subtask query_table
[2022-08-24 18:43:03,647] {task_command.py:371} INFO - Running <TaskInstance: dynamically_branching1.query_table manual__2022-08-24T18:42:54.184303+00:00 [running]> on host 9d5d2a77e6ba
[2022-08-24 18:43:03,745] {taskinstance.py:1591} INFO - Exporting the following env vars:
AIRFLOW_CTX_DAG_OWNER=***
AIRFLOW_CTX_DAG_ID=dynamically_branching1
AIRFLOW_CTX_TASK_ID=query_table
AIRFLOW_CTX_EXECUTION_DATE=2022-08-24T18:42:54.184303+00:00
AIRFLOW_CTX_TRY_NUMBER=1
AIRFLOW_CTX_DAG_RUN_ID=manual__2022-08-24T18:42:54.184303+00:00
[2022-08-24 18:43:03,748] {python.py:173} INFO - Done. Returned value was: finish
[2022-08-24 18:43:03,795] {taskinstance.py:1420} INFO - Marking task as SUCCESS. dag_id=dynamically_branching1, task_id=query_table, execution_date=20220824T184254, start_date=20220824T184303, end_date=20220824T184303
[2022-08-24 18:43:03,840] {local_task_job.py:156} INFO - Task exited with return code 0
[2022-08-24 18:43:03,885] {local_task_job.py:273} INFO - 0 downstream tasks scheduled from follow-on schedule check
