[2022-08-19 20:53:06,999] {taskinstance.py:1179} INFO - Dependencies all met for <TaskInstance: loop_hello_world_1.hello_world scheduled__2021-12-14T00:00:00+00:00 [queued]>
[2022-08-19 20:53:07,059] {taskinstance.py:1179} INFO - Dependencies all met for <TaskInstance: loop_hello_world_1.hello_world scheduled__2021-12-14T00:00:00+00:00 [queued]>
[2022-08-19 20:53:07,061] {taskinstance.py:1376} INFO - 
--------------------------------------------------------------------------------
[2022-08-19 20:53:07,062] {taskinstance.py:1377} INFO - Starting attempt 1 of 1
[2022-08-19 20:53:07,063] {taskinstance.py:1378} INFO - 
--------------------------------------------------------------------------------
[2022-08-19 20:53:07,141] {taskinstance.py:1397} INFO - Executing <Task(PythonOperator): hello_world> on 2021-12-14 00:00:00+00:00
[2022-08-19 20:53:07,178] {standard_task_runner.py:52} INFO - Started process 16584 to run task
[2022-08-19 20:53:07,192] {standard_task_runner.py:79} INFO - Running: ['***', 'tasks', 'run', 'loop_hello_world_1', 'hello_world', 'scheduled__2021-12-14T00:00:00+00:00', '--job-id', '432', '--raw', '--subdir', 'DAGS_FOLDER/practiceDag1.py', '--cfg-path', '/tmp/tmpmdmu7okh', '--error-file', '/tmp/tmpfbe0n2km']
[2022-08-19 20:53:07,193] {standard_task_runner.py:80} INFO - Job 432: Subtask hello_world
[2022-08-19 20:53:07,394] {task_command.py:371} INFO - Running <TaskInstance: loop_hello_world_1.hello_world scheduled__2021-12-14T00:00:00+00:00 [running]> on host 9d5d2a77e6ba
[2022-08-19 20:53:07,808] {taskinstance.py:1591} INFO - Exporting the following env vars:
AIRFLOW_CTX_DAG_OWNER=***
AIRFLOW_CTX_DAG_ID=loop_hello_world_1
AIRFLOW_CTX_TASK_ID=hello_world
AIRFLOW_CTX_EXECUTION_DATE=2021-12-14T00:00:00+00:00
AIRFLOW_CTX_TRY_NUMBER=1
AIRFLOW_CTX_DAG_RUN_ID=scheduled__2021-12-14T00:00:00+00:00
[2022-08-19 20:53:07,816] {logging_mixin.py:115} INFO - Hello World
[2022-08-19 20:53:07,827] {logging_mixin.py:115} INFO - This is DAG: 1
[2022-08-19 20:53:07,828] {python.py:173} INFO - Done. Returned value was: None
[2022-08-19 20:53:07,930] {taskinstance.py:1420} INFO - Marking task as SUCCESS. dag_id=loop_hello_world_1, task_id=hello_world, execution_date=20211214T000000, start_date=20220819T205307, end_date=20220819T205307
[2022-08-19 20:53:08,063] {local_task_job.py:156} INFO - Task exited with return code 0
[2022-08-19 20:53:08,190] {local_task_job.py:273} INFO - 0 downstream tasks scheduled from follow-on schedule check
