[2022-08-24 19:24:05,448] {taskinstance.py:1179} INFO - Dependencies all met for <TaskInstance: dynamically_branching1.bash_task scheduled__2022-08-20T00:00:00+00:00 [queued]>
[2022-08-24 19:24:05,516] {taskinstance.py:1179} INFO - Dependencies all met for <TaskInstance: dynamically_branching1.bash_task scheduled__2022-08-20T00:00:00+00:00 [queued]>
[2022-08-24 19:24:05,518] {taskinstance.py:1376} INFO - 
--------------------------------------------------------------------------------
[2022-08-24 19:24:05,519] {taskinstance.py:1377} INFO - Starting attempt 1 of 1
[2022-08-24 19:24:05,519] {taskinstance.py:1378} INFO - 
--------------------------------------------------------------------------------
[2022-08-24 19:24:05,604] {taskinstance.py:1397} INFO - Executing <Task(BashOperator): bash_task> on 2022-08-20 00:00:00+00:00
[2022-08-24 19:24:05,634] {standard_task_runner.py:52} INFO - Started process 11833 to run task
[2022-08-24 19:24:05,691] {standard_task_runner.py:79} INFO - Running: ['***', 'tasks', 'run', 'dynamically_branching1', 'bash_task', 'scheduled__2022-08-20T00:00:00+00:00', '--job-id', '3243', '--raw', '--subdir', 'DAGS_FOLDER/jobs_dag.py', '--cfg-path', '/tmp/tmpkdfll161', '--error-file', '/tmp/tmpksbmbfhc']
[2022-08-24 19:24:05,704] {standard_task_runner.py:80} INFO - Job 3243: Subtask bash_task
[2022-08-24 19:24:06,180] {task_command.py:371} INFO - Running <TaskInstance: dynamically_branching1.bash_task scheduled__2022-08-20T00:00:00+00:00 [running]> on host 9d5d2a77e6ba
[2022-08-24 19:24:06,582] {taskinstance.py:1591} INFO - Exporting the following env vars:
AIRFLOW_CTX_DAG_OWNER=***
AIRFLOW_CTX_DAG_ID=dynamically_branching1
AIRFLOW_CTX_TASK_ID=bash_task
AIRFLOW_CTX_EXECUTION_DATE=2022-08-20T00:00:00+00:00
AIRFLOW_CTX_TRY_NUMBER=1
AIRFLOW_CTX_DAG_RUN_ID=scheduled__2022-08-20T00:00:00+00:00
[2022-08-24 19:24:06,584] {subprocess.py:62} INFO - Tmp dir root location: 
 /tmp
[2022-08-24 19:24:06,586] {subprocess.py:74} INFO - Running command: ['bash', '-c', 'echo $(whoami)']
[2022-08-24 19:24:06,618] {subprocess.py:85} INFO - Output:
[2022-08-24 19:24:06,644] {subprocess.py:92} INFO - default
[2022-08-24 19:24:06,650] {subprocess.py:96} INFO - Command exited with return code 0
[2022-08-24 19:24:06,756] {taskinstance.py:1420} INFO - Marking task as SUCCESS. dag_id=dynamically_branching1, task_id=bash_task, execution_date=20220820T000000, start_date=20220824T192405, end_date=20220824T192406
[2022-08-24 19:24:06,892] {local_task_job.py:156} INFO - Task exited with return code 0
[2022-08-24 19:24:07,004] {local_task_job.py:273} INFO - 1 downstream tasks scheduled from follow-on schedule check
