[2022-08-19 20:49:32,994] {taskinstance.py:1179} INFO - Dependencies all met for <TaskInstance: loop_hello_world_1.hello_world scheduled__2021-02-27T00:00:00+00:00 [queued]>
[2022-08-19 20:49:33,187] {taskinstance.py:1179} INFO - Dependencies all met for <TaskInstance: loop_hello_world_1.hello_world scheduled__2021-02-27T00:00:00+00:00 [queued]>
[2022-08-19 20:49:33,190] {taskinstance.py:1376} INFO - 
--------------------------------------------------------------------------------
[2022-08-19 20:49:33,191] {taskinstance.py:1377} INFO - Starting attempt 1 of 1
[2022-08-19 20:49:33,192] {taskinstance.py:1378} INFO - 
--------------------------------------------------------------------------------
[2022-08-19 20:49:33,570] {taskinstance.py:1397} INFO - Executing <Task(PythonOperator): hello_world> on 2021-02-27 00:00:00+00:00
[2022-08-19 20:49:33,650] {standard_task_runner.py:52} INFO - Started process 15901 to run task
[2022-08-19 20:49:33,740] {standard_task_runner.py:79} INFO - Running: ['***', 'tasks', 'run', 'loop_hello_world_1', 'hello_world', 'scheduled__2021-02-27T00:00:00+00:00', '--job-id', '143', '--raw', '--subdir', 'DAGS_FOLDER/practiceDag1.py', '--cfg-path', '/tmp/tmpdg9re4xp', '--error-file', '/tmp/tmp13zn1xcj']
[2022-08-19 20:49:33,745] {standard_task_runner.py:80} INFO - Job 143: Subtask hello_world
[2022-08-19 20:49:34,804] {task_command.py:371} INFO - Running <TaskInstance: loop_hello_world_1.hello_world scheduled__2021-02-27T00:00:00+00:00 [running]> on host 9d5d2a77e6ba
[2022-08-19 20:49:35,349] {taskinstance.py:1591} INFO - Exporting the following env vars:
AIRFLOW_CTX_DAG_OWNER=***
AIRFLOW_CTX_DAG_ID=loop_hello_world_1
AIRFLOW_CTX_TASK_ID=hello_world
AIRFLOW_CTX_EXECUTION_DATE=2021-02-27T00:00:00+00:00
AIRFLOW_CTX_TRY_NUMBER=1
AIRFLOW_CTX_DAG_RUN_ID=scheduled__2021-02-27T00:00:00+00:00
[2022-08-19 20:49:35,354] {logging_mixin.py:115} INFO - Hello World
[2022-08-19 20:49:35,367] {logging_mixin.py:115} INFO - This is DAG: 1
[2022-08-19 20:49:35,370] {python.py:173} INFO - Done. Returned value was: None
[2022-08-19 20:49:35,499] {taskinstance.py:1420} INFO - Marking task as SUCCESS. dag_id=loop_hello_world_1, task_id=hello_world, execution_date=20210227T000000, start_date=20220819T204932, end_date=20220819T204935
[2022-08-19 20:49:35,771] {local_task_job.py:156} INFO - Task exited with return code 0
[2022-08-19 20:49:36,058] {local_task_job.py:273} INFO - 0 downstream tasks scheduled from follow-on schedule check
