[2022-08-24 19:18:13,667] {taskinstance.py:1179} INFO - Dependencies all met for <TaskInstance: dynamically_branching1.check_table_exist scheduled__2021-10-15T00:00:00+00:00 [queued]>
[2022-08-24 19:18:13,766] {taskinstance.py:1179} INFO - Dependencies all met for <TaskInstance: dynamically_branching1.check_table_exist scheduled__2021-10-15T00:00:00+00:00 [queued]>
[2022-08-24 19:18:13,767] {taskinstance.py:1376} INFO - 
--------------------------------------------------------------------------------
[2022-08-24 19:18:13,768] {taskinstance.py:1377} INFO - Starting attempt 1 of 1
[2022-08-24 19:18:13,769] {taskinstance.py:1378} INFO - 
--------------------------------------------------------------------------------
[2022-08-24 19:18:13,968] {taskinstance.py:1397} INFO - Executing <Task(BranchPythonOperator): check_table_exist> on 2021-10-15 00:00:00+00:00
[2022-08-24 19:18:13,975] {standard_task_runner.py:52} INFO - Started process 9853 to run task
[2022-08-24 19:18:14,058] {standard_task_runner.py:79} INFO - Running: ['***', 'tasks', 'run', 'dynamically_branching1', 'check_table_exist', 'scheduled__2021-10-15T00:00:00+00:00', '--job-id', '2637', '--raw', '--subdir', 'DAGS_FOLDER/jobs_dag.py', '--cfg-path', '/tmp/tmp2n6k_74q', '--error-file', '/tmp/tmppjeybc32']
[2022-08-24 19:18:14,066] {standard_task_runner.py:80} INFO - Job 2637: Subtask check_table_exist
[2022-08-24 19:18:14,428] {task_command.py:371} INFO - Running <TaskInstance: dynamically_branching1.check_table_exist scheduled__2021-10-15T00:00:00+00:00 [running]> on host 9d5d2a77e6ba
[2022-08-24 19:18:15,177] {taskinstance.py:1591} INFO - Exporting the following env vars:
AIRFLOW_CTX_DAG_OWNER=***
AIRFLOW_CTX_DAG_ID=dynamically_branching1
AIRFLOW_CTX_TASK_ID=check_table_exist
AIRFLOW_CTX_EXECUTION_DATE=2021-10-15T00:00:00+00:00
AIRFLOW_CTX_TRY_NUMBER=1
AIRFLOW_CTX_DAG_RUN_ID=scheduled__2021-10-15T00:00:00+00:00
[2022-08-24 19:18:15,179] {python.py:173} INFO - Done. Returned value was: insert_row
[2022-08-24 19:18:15,192] {skipmixin.py:140} INFO - Following branch insert_row
[2022-08-24 19:18:15,193] {skipmixin.py:175} INFO - Skipping tasks ['create_table']
[2022-08-24 19:18:15,620] {taskinstance.py:1420} INFO - Marking task as SUCCESS. dag_id=dynamically_branching1, task_id=check_table_exist, execution_date=20211015T000000, start_date=20220824T191813, end_date=20220824T191815
[2022-08-24 19:18:15,860] {local_task_job.py:156} INFO - Task exited with return code 0
[2022-08-24 19:18:16,101] {local_task_job.py:273} INFO - 1 downstream tasks scheduled from follow-on schedule check
