[2022-08-19 20:51:54,185] {taskinstance.py:1179} INFO - Dependencies all met for <TaskInstance: loop_hello_world_1.hello_world scheduled__2021-09-05T00:00:00+00:00 [queued]>
[2022-08-19 20:51:54,247] {taskinstance.py:1179} INFO - Dependencies all met for <TaskInstance: loop_hello_world_1.hello_world scheduled__2021-09-05T00:00:00+00:00 [queued]>
[2022-08-19 20:51:54,252] {taskinstance.py:1376} INFO - 
--------------------------------------------------------------------------------
[2022-08-19 20:51:54,255] {taskinstance.py:1377} INFO - Starting attempt 1 of 1
[2022-08-19 20:51:54,258] {taskinstance.py:1378} INFO - 
--------------------------------------------------------------------------------
[2022-08-19 20:51:54,382] {taskinstance.py:1397} INFO - Executing <Task(PythonOperator): hello_world> on 2021-09-05 00:00:00+00:00
[2022-08-19 20:51:54,432] {standard_task_runner.py:52} INFO - Started process 16341 to run task
[2022-08-19 20:51:54,461] {standard_task_runner.py:79} INFO - Running: ['***', 'tasks', 'run', 'loop_hello_world_1', 'hello_world', 'scheduled__2021-09-05T00:00:00+00:00', '--job-id', '332', '--raw', '--subdir', 'DAGS_FOLDER/practiceDag1.py', '--cfg-path', '/tmp/tmpxjjr3nob', '--error-file', '/tmp/tmpvj2av6pw']
[2022-08-19 20:51:54,478] {standard_task_runner.py:80} INFO - Job 332: Subtask hello_world
[2022-08-19 20:51:54,795] {task_command.py:371} INFO - Running <TaskInstance: loop_hello_world_1.hello_world scheduled__2021-09-05T00:00:00+00:00 [running]> on host 9d5d2a77e6ba
[2022-08-19 20:51:55,092] {taskinstance.py:1591} INFO - Exporting the following env vars:
AIRFLOW_CTX_DAG_OWNER=***
AIRFLOW_CTX_DAG_ID=loop_hello_world_1
AIRFLOW_CTX_TASK_ID=hello_world
AIRFLOW_CTX_EXECUTION_DATE=2021-09-05T00:00:00+00:00
AIRFLOW_CTX_TRY_NUMBER=1
AIRFLOW_CTX_DAG_RUN_ID=scheduled__2021-09-05T00:00:00+00:00
[2022-08-19 20:51:55,096] {logging_mixin.py:115} INFO - Hello World
[2022-08-19 20:51:55,097] {logging_mixin.py:115} INFO - This is DAG: 1
[2022-08-19 20:51:55,098] {python.py:173} INFO - Done. Returned value was: None
[2022-08-19 20:51:55,140] {taskinstance.py:1420} INFO - Marking task as SUCCESS. dag_id=loop_hello_world_1, task_id=hello_world, execution_date=20210905T000000, start_date=20220819T205154, end_date=20220819T205155
[2022-08-19 20:51:55,222] {local_task_job.py:156} INFO - Task exited with return code 0
[2022-08-19 20:51:55,522] {local_task_job.py:273} INFO - 0 downstream tasks scheduled from follow-on schedule check
