[2022-08-24 19:10:33,358] {taskinstance.py:1179} INFO - Dependencies all met for <TaskInstance: dynamically_branching1.bash_task scheduled__2020-09-30T00:00:00+00:00 [queued]>
[2022-08-24 19:10:33,430] {taskinstance.py:1179} INFO - Dependencies all met for <TaskInstance: dynamically_branching1.bash_task scheduled__2020-09-30T00:00:00+00:00 [queued]>
[2022-08-24 19:10:33,432] {taskinstance.py:1376} INFO - 
--------------------------------------------------------------------------------
[2022-08-24 19:10:33,438] {taskinstance.py:1377} INFO - Starting attempt 1 of 1
[2022-08-24 19:10:33,439] {taskinstance.py:1378} INFO - 
--------------------------------------------------------------------------------
[2022-08-24 19:10:33,552] {taskinstance.py:1397} INFO - Executing <Task(BashOperator): bash_task> on 2020-09-30 00:00:00+00:00
[2022-08-24 19:10:33,603] {standard_task_runner.py:52} INFO - Started process 7309 to run task
[2022-08-24 19:10:33,629] {standard_task_runner.py:79} INFO - Running: ['***', 'tasks', 'run', 'dynamically_branching1', 'bash_task', 'scheduled__2020-09-30T00:00:00+00:00', '--job-id', '1863', '--raw', '--subdir', 'DAGS_FOLDER/jobs_dag.py', '--cfg-path', '/tmp/tmpj93w7u5f', '--error-file', '/tmp/tmppiy5mcje']
[2022-08-24 19:10:33,631] {standard_task_runner.py:80} INFO - Job 1863: Subtask bash_task
[2022-08-24 19:10:34,062] {task_command.py:371} INFO - Running <TaskInstance: dynamically_branching1.bash_task scheduled__2020-09-30T00:00:00+00:00 [running]> on host 9d5d2a77e6ba
[2022-08-24 19:10:34,532] {taskinstance.py:1591} INFO - Exporting the following env vars:
AIRFLOW_CTX_DAG_OWNER=***
AIRFLOW_CTX_DAG_ID=dynamically_branching1
AIRFLOW_CTX_TASK_ID=bash_task
AIRFLOW_CTX_EXECUTION_DATE=2020-09-30T00:00:00+00:00
AIRFLOW_CTX_TRY_NUMBER=1
AIRFLOW_CTX_DAG_RUN_ID=scheduled__2020-09-30T00:00:00+00:00
[2022-08-24 19:10:34,536] {subprocess.py:62} INFO - Tmp dir root location: 
 /tmp
[2022-08-24 19:10:34,540] {subprocess.py:74} INFO - Running command: ['bash', '-c', 'echo $(whoami)']
[2022-08-24 19:10:34,616] {subprocess.py:85} INFO - Output:
[2022-08-24 19:10:34,653] {subprocess.py:92} INFO - default
[2022-08-24 19:10:34,654] {subprocess.py:96} INFO - Command exited with return code 0
[2022-08-24 19:10:35,022] {taskinstance.py:1420} INFO - Marking task as SUCCESS. dag_id=dynamically_branching1, task_id=bash_task, execution_date=20200930T000000, start_date=20220824T191033, end_date=20220824T191035
[2022-08-24 19:10:35,192] {local_task_job.py:156} INFO - Task exited with return code 0
[2022-08-24 19:10:35,546] {local_task_job.py:273} INFO - 1 downstream tasks scheduled from follow-on schedule check
