[2022-08-22 20:00:47,794] {taskinstance.py:1179} INFO - Dependencies all met for <TaskInstance: dynamically_branching1.Process_Start scheduled__2018-10-11T00:00:00+00:00 [queued]>
[2022-08-22 20:00:47,842] {taskinstance.py:1179} INFO - Dependencies all met for <TaskInstance: dynamically_branching1.Process_Start scheduled__2018-10-11T00:00:00+00:00 [queued]>
[2022-08-22 20:00:47,847] {taskinstance.py:1376} INFO - 
--------------------------------------------------------------------------------
[2022-08-22 20:00:47,848] {taskinstance.py:1377} INFO - Starting attempt 1 of 1
[2022-08-22 20:00:47,850] {taskinstance.py:1378} INFO - 
--------------------------------------------------------------------------------
[2022-08-22 20:00:47,951] {taskinstance.py:1397} INFO - Executing <Task(PythonOperator): Process_Start> on 2018-10-11 00:00:00+00:00
[2022-08-22 20:00:47,970] {standard_task_runner.py:52} INFO - Started process 34475 to run task
[2022-08-22 20:00:48,007] {standard_task_runner.py:79} INFO - Running: ['***', 'tasks', 'run', 'dynamically_branching1', 'Process_Start', 'scheduled__2018-10-11T00:00:00+00:00', '--job-id', '684', '--raw', '--subdir', 'DAGS_FOLDER/jobs_dag.py', '--cfg-path', '/tmp/tmpt07rdig1', '--error-file', '/tmp/tmpm5qvgg77']
[2022-08-22 20:00:48,011] {standard_task_runner.py:80} INFO - Job 684: Subtask Process_Start
[2022-08-22 20:00:48,359] {task_command.py:371} INFO - Running <TaskInstance: dynamically_branching1.Process_Start scheduled__2018-10-11T00:00:00+00:00 [running]> on host 9d5d2a77e6ba
[2022-08-22 20:00:48,882] {taskinstance.py:1591} INFO - Exporting the following env vars:
AIRFLOW_CTX_DAG_OWNER=***
AIRFLOW_CTX_DAG_ID=dynamically_branching1
AIRFLOW_CTX_TASK_ID=Process_Start
AIRFLOW_CTX_EXECUTION_DATE=2018-10-11T00:00:00+00:00
AIRFLOW_CTX_TRY_NUMBER=1
AIRFLOW_CTX_DAG_RUN_ID=scheduled__2018-10-11T00:00:00+00:00
[2022-08-22 20:00:48,885] {jobs_dag.py:30} INFO - Process Start!
[2022-08-22 20:00:48,888] {logging_mixin.py:115} INFO - This is DAG: 1
[2022-08-22 20:00:48,891] {python.py:173} INFO - Done. Returned value was: None
[2022-08-22 20:00:48,994] {taskinstance.py:1420} INFO - Marking task as SUCCESS. dag_id=dynamically_branching1, task_id=Process_Start, execution_date=20181011T000000, start_date=20220822T200047, end_date=20220822T200048
[2022-08-22 20:00:49,221] {local_task_job.py:156} INFO - Task exited with return code 0
[2022-08-22 20:00:50,234] {local_task_job.py:273} INFO - 1 downstream tasks scheduled from follow-on schedule check
