[2022-09-01 21:50:38,717] {taskinstance.py:1179} INFO - Dependencies all met for <TaskInstance: trigger_sensor.process_results.print_result manual__2022-09-01T21:50:22.873789+00:00 [queued]>
[2022-09-01 21:50:38,732] {taskinstance.py:1179} INFO - Dependencies all met for <TaskInstance: trigger_sensor.process_results.print_result manual__2022-09-01T21:50:22.873789+00:00 [queued]>
[2022-09-01 21:50:38,733] {taskinstance.py:1376} INFO - 
--------------------------------------------------------------------------------
[2022-09-01 21:50:38,734] {taskinstance.py:1377} INFO - Starting attempt 1 of 1
[2022-09-01 21:50:38,735] {taskinstance.py:1378} INFO - 
--------------------------------------------------------------------------------
[2022-09-01 21:50:38,754] {taskinstance.py:1397} INFO - Executing <Task(PythonOperator): process_results.print_result> on 2022-09-01 21:50:22.873789+00:00
[2022-09-01 21:50:38,761] {standard_task_runner.py:52} INFO - Started process 93493 to run task
[2022-09-01 21:50:38,766] {standard_task_runner.py:79} INFO - Running: ['***', 'tasks', 'run', 'trigger_sensor', 'process_results.print_result', 'manual__2022-09-01T21:50:22.873789+00:00', '--job-id', '3671', '--raw', '--subdir', 'DAGS_FOLDER/trigger_dag.py', '--cfg-path', '/tmp/tmp2tl2uki4', '--error-file', '/tmp/tmpl48ugird']
[2022-09-01 21:50:38,767] {standard_task_runner.py:80} INFO - Job 3671: Subtask process_results.print_result
[2022-09-01 21:50:38,855] {task_command.py:371} INFO - Running <TaskInstance: trigger_sensor.process_results.print_result manual__2022-09-01T21:50:22.873789+00:00 [running]> on host 9d5d2a77e6ba
[2022-09-01 21:50:38,971] {taskinstance.py:1591} INFO - Exporting the following env vars:
AIRFLOW_CTX_DAG_OWNER=***
AIRFLOW_CTX_DAG_ID=trigger_sensor
AIRFLOW_CTX_TASK_ID=process_results.print_result
AIRFLOW_CTX_EXECUTION_DATE=2022-09-01T21:50:22.873789+00:00
AIRFLOW_CTX_TRY_NUMBER=1
AIRFLOW_CTX_DAG_RUN_ID=manual__2022-09-01T21:50:22.873789+00:00
[2022-09-01 21:50:38,972] {trigger_dag.py:41} INFO - Aqui es donde deberia salir el resultado:
[2022-09-01 21:50:38,989] {trigger_dag.py:42} INFO - None
[2022-09-01 21:50:38,989] {python.py:173} INFO - Done. Returned value was: None
[2022-09-01 21:50:39,007] {taskinstance.py:1420} INFO - Marking task as SUCCESS. dag_id=trigger_sensor, task_id=process_results.print_result, execution_date=20220901T215022, start_date=20220901T215038, end_date=20220901T215039
[2022-09-01 21:50:39,059] {local_task_job.py:156} INFO - Task exited with return code 0
[2022-09-01 21:50:39,137] {local_task_job.py:273} INFO - 1 downstream tasks scheduled from follow-on schedule check
