[2022-08-24 19:06:12,386] {taskinstance.py:1179} INFO - Dependencies all met for <TaskInstance: dynamically_branching1.check_table_exist scheduled__2020-03-29T00:00:00+00:00 [queued]>
[2022-08-24 19:06:12,429] {taskinstance.py:1179} INFO - Dependencies all met for <TaskInstance: dynamically_branching1.check_table_exist scheduled__2020-03-29T00:00:00+00:00 [queued]>
[2022-08-24 19:06:12,430] {taskinstance.py:1376} INFO - 
--------------------------------------------------------------------------------
[2022-08-24 19:06:12,432] {taskinstance.py:1377} INFO - Starting attempt 1 of 1
[2022-08-24 19:06:12,434] {taskinstance.py:1378} INFO - 
--------------------------------------------------------------------------------
[2022-08-24 19:06:12,508] {taskinstance.py:1397} INFO - Executing <Task(BranchPythonOperator): check_table_exist> on 2020-03-29 00:00:00+00:00
[2022-08-24 19:06:12,534] {standard_task_runner.py:52} INFO - Started process 6203 to run task
[2022-08-24 19:06:12,571] {standard_task_runner.py:79} INFO - Running: ['***', 'tasks', 'run', 'dynamically_branching1', 'check_table_exist', 'scheduled__2020-03-29T00:00:00+00:00', '--job-id', '1507', '--raw', '--subdir', 'DAGS_FOLDER/jobs_dag.py', '--cfg-path', '/tmp/tmpb37r2lze', '--error-file', '/tmp/tmpg9dqye09']
[2022-08-24 19:06:12,572] {standard_task_runner.py:80} INFO - Job 1507: Subtask check_table_exist
[2022-08-24 19:06:13,031] {task_command.py:371} INFO - Running <TaskInstance: dynamically_branching1.check_table_exist scheduled__2020-03-29T00:00:00+00:00 [running]> on host 9d5d2a77e6ba
[2022-08-24 19:06:13,463] {taskinstance.py:1591} INFO - Exporting the following env vars:
AIRFLOW_CTX_DAG_OWNER=***
AIRFLOW_CTX_DAG_ID=dynamically_branching1
AIRFLOW_CTX_TASK_ID=check_table_exist
AIRFLOW_CTX_EXECUTION_DATE=2020-03-29T00:00:00+00:00
AIRFLOW_CTX_TRY_NUMBER=1
AIRFLOW_CTX_DAG_RUN_ID=scheduled__2020-03-29T00:00:00+00:00
[2022-08-24 19:06:13,469] {python.py:173} INFO - Done. Returned value was: insert_row
[2022-08-24 19:06:13,472] {skipmixin.py:140} INFO - Following branch insert_row
[2022-08-24 19:06:13,473] {skipmixin.py:175} INFO - Skipping tasks ['create_table']
[2022-08-24 19:06:13,627] {taskinstance.py:1420} INFO - Marking task as SUCCESS. dag_id=dynamically_branching1, task_id=check_table_exist, execution_date=20200329T000000, start_date=20220824T190612, end_date=20220824T190613
[2022-08-24 19:06:13,716] {local_task_job.py:156} INFO - Task exited with return code 0
[2022-08-24 19:06:13,945] {local_task_job.py:273} INFO - 0 downstream tasks scheduled from follow-on schedule check
