[2022-08-24 19:14:48,461] {taskinstance.py:1179} INFO - Dependencies all met for <TaskInstance: dynamically_branching1.check_table_exist scheduled__2021-04-22T00:00:00+00:00 [queued]>
[2022-08-24 19:14:48,557] {taskinstance.py:1179} INFO - Dependencies all met for <TaskInstance: dynamically_branching1.check_table_exist scheduled__2021-04-22T00:00:00+00:00 [queued]>
[2022-08-24 19:14:48,560] {taskinstance.py:1376} INFO - 
--------------------------------------------------------------------------------
[2022-08-24 19:14:48,561] {taskinstance.py:1377} INFO - Starting attempt 1 of 1
[2022-08-24 19:14:48,563] {taskinstance.py:1378} INFO - 
--------------------------------------------------------------------------------
[2022-08-24 19:14:48,638] {taskinstance.py:1397} INFO - Executing <Task(BranchPythonOperator): check_table_exist> on 2021-04-22 00:00:00+00:00
[2022-08-24 19:14:48,672] {standard_task_runner.py:52} INFO - Started process 8695 to run task
[2022-08-24 19:14:48,688] {standard_task_runner.py:79} INFO - Running: ['***', 'tasks', 'run', 'dynamically_branching1', 'check_table_exist', 'scheduled__2021-04-22T00:00:00+00:00', '--job-id', '2284', '--raw', '--subdir', 'DAGS_FOLDER/jobs_dag.py', '--cfg-path', '/tmp/tmpn45517yy', '--error-file', '/tmp/tmp1206w8x7']
[2022-08-24 19:14:48,696] {standard_task_runner.py:80} INFO - Job 2284: Subtask check_table_exist
[2022-08-24 19:14:49,273] {task_command.py:371} INFO - Running <TaskInstance: dynamically_branching1.check_table_exist scheduled__2021-04-22T00:00:00+00:00 [running]> on host 9d5d2a77e6ba
[2022-08-24 19:14:49,641] {taskinstance.py:1591} INFO - Exporting the following env vars:
AIRFLOW_CTX_DAG_OWNER=***
AIRFLOW_CTX_DAG_ID=dynamically_branching1
AIRFLOW_CTX_TASK_ID=check_table_exist
AIRFLOW_CTX_EXECUTION_DATE=2021-04-22T00:00:00+00:00
AIRFLOW_CTX_TRY_NUMBER=1
AIRFLOW_CTX_DAG_RUN_ID=scheduled__2021-04-22T00:00:00+00:00
[2022-08-24 19:14:49,646] {python.py:173} INFO - Done. Returned value was: insert_row
[2022-08-24 19:14:49,647] {skipmixin.py:140} INFO - Following branch insert_row
[2022-08-24 19:14:49,650] {skipmixin.py:175} INFO - Skipping tasks ['create_table']
[2022-08-24 19:14:49,969] {taskinstance.py:1420} INFO - Marking task as SUCCESS. dag_id=dynamically_branching1, task_id=check_table_exist, execution_date=20210422T000000, start_date=20220824T191448, end_date=20220824T191449
[2022-08-24 19:14:50,084] {local_task_job.py:156} INFO - Task exited with return code 0
[2022-08-24 19:14:50,420] {local_task_job.py:273} INFO - 0 downstream tasks scheduled from follow-on schedule check
