[2022-08-24 18:43:48,529] {taskinstance.py:1179} INFO - Dependencies all met for <TaskInstance: dynamically_branching1.check_table_exist scheduled__2019-01-28T00:00:00+00:00 [queued]>
[2022-08-24 18:43:48,575] {taskinstance.py:1179} INFO - Dependencies all met for <TaskInstance: dynamically_branching1.check_table_exist scheduled__2019-01-28T00:00:00+00:00 [queued]>
[2022-08-24 18:43:48,581] {taskinstance.py:1376} INFO - 
--------------------------------------------------------------------------------
[2022-08-24 18:43:48,603] {taskinstance.py:1377} INFO - Starting attempt 1 of 1
[2022-08-24 18:43:48,617] {taskinstance.py:1378} INFO - 
--------------------------------------------------------------------------------
[2022-08-24 18:43:48,920] {taskinstance.py:1397} INFO - Executing <Task(BranchPythonOperator): check_table_exist> on 2019-01-28 00:00:00+00:00
[2022-08-24 18:43:48,954] {standard_task_runner.py:52} INFO - Started process 4094 to run task
[2022-08-24 18:43:48,972] {standard_task_runner.py:79} INFO - Running: ['***', 'tasks', 'run', 'dynamically_branching1', 'check_table_exist', 'scheduled__2019-01-28T00:00:00+00:00', '--job-id', '963', '--raw', '--subdir', 'DAGS_FOLDER/jobs_dag.py', '--cfg-path', '/tmp/tmpw3bwzc2c', '--error-file', '/tmp/tmp92v5ll7v']
[2022-08-24 18:43:48,974] {standard_task_runner.py:80} INFO - Job 963: Subtask check_table_exist
[2022-08-24 18:43:49,228] {task_command.py:371} INFO - Running <TaskInstance: dynamically_branching1.check_table_exist scheduled__2019-01-28T00:00:00+00:00 [running]> on host 9d5d2a77e6ba
[2022-08-24 18:43:49,398] {taskinstance.py:1591} INFO - Exporting the following env vars:
AIRFLOW_CTX_DAG_OWNER=***
AIRFLOW_CTX_DAG_ID=dynamically_branching1
AIRFLOW_CTX_TASK_ID=check_table_exist
AIRFLOW_CTX_EXECUTION_DATE=2019-01-28T00:00:00+00:00
AIRFLOW_CTX_TRY_NUMBER=1
AIRFLOW_CTX_DAG_RUN_ID=scheduled__2019-01-28T00:00:00+00:00
[2022-08-24 18:43:49,405] {python.py:173} INFO - Done. Returned value was: create_table
[2022-08-24 18:43:49,406] {skipmixin.py:140} INFO - Following branch create_table
[2022-08-24 18:43:49,407] {skipmixin.py:175} INFO - Skipping tasks []
[2022-08-24 18:43:49,520] {taskinstance.py:1420} INFO - Marking task as SUCCESS. dag_id=dynamically_branching1, task_id=check_table_exist, execution_date=20190128T000000, start_date=20220824T184348, end_date=20220824T184349
[2022-08-24 18:43:49,570] {local_task_job.py:156} INFO - Task exited with return code 0
[2022-08-24 18:43:49,689] {local_task_job.py:273} INFO - 1 downstream tasks scheduled from follow-on schedule check
