[2022-08-24 19:18:50,891] {taskinstance.py:1179} INFO - Dependencies all met for <TaskInstance: dynamically_branching1.check_table_exist scheduled__2021-11-14T00:00:00+00:00 [queued]>
[2022-08-24 19:18:50,960] {taskinstance.py:1179} INFO - Dependencies all met for <TaskInstance: dynamically_branching1.check_table_exist scheduled__2021-11-14T00:00:00+00:00 [queued]>
[2022-08-24 19:18:50,965] {taskinstance.py:1376} INFO - 
--------------------------------------------------------------------------------
[2022-08-24 19:18:50,966] {taskinstance.py:1377} INFO - Starting attempt 1 of 1
[2022-08-24 19:18:50,967] {taskinstance.py:1378} INFO - 
--------------------------------------------------------------------------------
[2022-08-24 19:18:51,001] {taskinstance.py:1397} INFO - Executing <Task(BranchPythonOperator): check_table_exist> on 2021-11-14 00:00:00+00:00
[2022-08-24 19:18:51,034] {standard_task_runner.py:52} INFO - Started process 10051 to run task
[2022-08-24 19:18:51,075] {standard_task_runner.py:79} INFO - Running: ['***', 'tasks', 'run', 'dynamically_branching1', 'check_table_exist', 'scheduled__2021-11-14T00:00:00+00:00', '--job-id', '2697', '--raw', '--subdir', 'DAGS_FOLDER/jobs_dag.py', '--cfg-path', '/tmp/tmp0vhviwjc', '--error-file', '/tmp/tmp69s0m0c0']
[2022-08-24 19:18:51,082] {standard_task_runner.py:80} INFO - Job 2697: Subtask check_table_exist
[2022-08-24 19:18:51,856] {task_command.py:371} INFO - Running <TaskInstance: dynamically_branching1.check_table_exist scheduled__2021-11-14T00:00:00+00:00 [running]> on host 9d5d2a77e6ba
[2022-08-24 19:18:52,782] {taskinstance.py:1591} INFO - Exporting the following env vars:
AIRFLOW_CTX_DAG_OWNER=***
AIRFLOW_CTX_DAG_ID=dynamically_branching1
AIRFLOW_CTX_TASK_ID=check_table_exist
AIRFLOW_CTX_EXECUTION_DATE=2021-11-14T00:00:00+00:00
AIRFLOW_CTX_TRY_NUMBER=1
AIRFLOW_CTX_DAG_RUN_ID=scheduled__2021-11-14T00:00:00+00:00
[2022-08-24 19:18:52,784] {python.py:173} INFO - Done. Returned value was: insert_row
[2022-08-24 19:18:52,785] {skipmixin.py:140} INFO - Following branch insert_row
[2022-08-24 19:18:52,786] {skipmixin.py:175} INFO - Skipping tasks ['create_table']
[2022-08-24 19:18:53,110] {taskinstance.py:1420} INFO - Marking task as SUCCESS. dag_id=dynamically_branching1, task_id=check_table_exist, execution_date=20211114T000000, start_date=20220824T191850, end_date=20220824T191853
[2022-08-24 19:18:53,265] {local_task_job.py:156} INFO - Task exited with return code 0
[2022-08-24 19:18:53,557] {local_task_job.py:273} INFO - 1 downstream tasks scheduled from follow-on schedule check
