[2022-09-02 21:53:49,731] {taskinstance.py:1179} INFO - Dependencies all met for <TaskInstance: trigger_sensor.process_results.print_result manual__2022-09-02T21:53:03.149821+00:00 [queued]>
[2022-09-02 21:53:49,748] {taskinstance.py:1179} INFO - Dependencies all met for <TaskInstance: trigger_sensor.process_results.print_result manual__2022-09-02T21:53:03.149821+00:00 [queued]>
[2022-09-02 21:53:49,749] {taskinstance.py:1376} INFO - 
--------------------------------------------------------------------------------
[2022-09-02 21:53:49,750] {taskinstance.py:1377} INFO - Starting attempt 1 of 1
[2022-09-02 21:53:49,751] {taskinstance.py:1378} INFO - 
--------------------------------------------------------------------------------
[2022-09-02 21:53:49,773] {taskinstance.py:1397} INFO - Executing <Task(PythonOperator): process_results.print_result> on 2022-09-02 21:53:03.149821+00:00
[2022-09-02 21:53:49,782] {standard_task_runner.py:52} INFO - Started process 442 to run task
[2022-09-02 21:53:49,785] {standard_task_runner.py:79} INFO - Running: ['***', 'tasks', 'run', 'trigger_sensor', 'process_results.print_result', 'manual__2022-09-02T21:53:03.149821+00:00', '--job-id', '3787', '--raw', '--subdir', 'DAGS_FOLDER/trigger_dag.py', '--cfg-path', '/tmp/tmpch1fnqy3', '--error-file', '/tmp/tmpqeg_4t0d']
[2022-09-02 21:53:49,787] {standard_task_runner.py:80} INFO - Job 3787: Subtask process_results.print_result
[2022-09-02 21:53:49,887] {task_command.py:371} INFO - Running <TaskInstance: trigger_sensor.process_results.print_result manual__2022-09-02T21:53:03.149821+00:00 [running]> on host 643b3d669374
[2022-09-02 21:53:50,019] {taskinstance.py:1591} INFO - Exporting the following env vars:
AIRFLOW_CTX_DAG_OWNER=***
AIRFLOW_CTX_DAG_ID=trigger_sensor
AIRFLOW_CTX_TASK_ID=process_results.print_result
AIRFLOW_CTX_EXECUTION_DATE=2022-09-02T21:53:03.149821+00:00
AIRFLOW_CTX_TRY_NUMBER=1
AIRFLOW_CTX_DAG_RUN_ID=manual__2022-09-02T21:53:03.149821+00:00
[2022-09-02 21:53:50,022] {trigger_dag.py:41} INFO - Aqui es donde deberia salir el resultado:
[2022-09-02 21:53:50,047] {trigger_dag.py:42} INFO - manual__2022-09-01T22:23:05.343458+00:00 ended
[2022-09-02 21:53:50,050] {python.py:173} INFO - Done. Returned value was: None
[2022-09-02 21:53:50,077] {taskinstance.py:1420} INFO - Marking task as SUCCESS. dag_id=trigger_sensor, task_id=process_results.print_result, execution_date=20220902T215303, start_date=20220902T215349, end_date=20220902T215350
[2022-09-02 21:53:50,128] {local_task_job.py:156} INFO - Task exited with return code 0
[2022-09-02 21:53:50,198] {local_task_job.py:273} INFO - 1 downstream tasks scheduled from follow-on schedule check
