[2022-08-24 18:42:40,511] {taskinstance.py:1179} INFO - Dependencies all met for <TaskInstance: dynamically_branching1.query_table scheduled__2018-12-12T00:00:00+00:00 [queued]>
[2022-08-24 18:42:40,667] {taskinstance.py:1179} INFO - Dependencies all met for <TaskInstance: dynamically_branching1.query_table scheduled__2018-12-12T00:00:00+00:00 [queued]>
[2022-08-24 18:42:40,670] {taskinstance.py:1376} INFO - 
--------------------------------------------------------------------------------
[2022-08-24 18:42:40,671] {taskinstance.py:1377} INFO - Starting attempt 1 of 1
[2022-08-24 18:42:40,673] {taskinstance.py:1378} INFO - 
--------------------------------------------------------------------------------
[2022-08-24 18:42:40,813] {taskinstance.py:1397} INFO - Executing <Task(PythonOperator): query_table> on 2018-12-12 00:00:00+00:00
[2022-08-24 18:42:40,829] {standard_task_runner.py:52} INFO - Started process 3841 to run task
[2022-08-24 18:42:40,841] {standard_task_runner.py:79} INFO - Running: ['***', 'tasks', 'run', 'dynamically_branching1', 'query_table', 'scheduled__2018-12-12T00:00:00+00:00', '--job-id', '853', '--raw', '--subdir', 'DAGS_FOLDER/jobs_dag.py', '--cfg-path', '/tmp/tmpugero8ao', '--error-file', '/tmp/tmp08dzci6f']
[2022-08-24 18:42:40,848] {standard_task_runner.py:80} INFO - Job 853: Subtask query_table
[2022-08-24 18:42:41,250] {task_command.py:371} INFO - Running <TaskInstance: dynamically_branching1.query_table scheduled__2018-12-12T00:00:00+00:00 [running]> on host 9d5d2a77e6ba
[2022-08-24 18:42:41,706] {taskinstance.py:1591} INFO - Exporting the following env vars:
AIRFLOW_CTX_DAG_OWNER=***
AIRFLOW_CTX_DAG_ID=dynamically_branching1
AIRFLOW_CTX_TASK_ID=query_table
AIRFLOW_CTX_EXECUTION_DATE=2018-12-12T00:00:00+00:00
AIRFLOW_CTX_TRY_NUMBER=1
AIRFLOW_CTX_DAG_RUN_ID=scheduled__2018-12-12T00:00:00+00:00
[2022-08-24 18:42:41,722] {python.py:173} INFO - Done. Returned value was: finish
[2022-08-24 18:42:42,204] {taskinstance.py:1420} INFO - Marking task as SUCCESS. dag_id=dynamically_branching1, task_id=query_table, execution_date=20181212T000000, start_date=20220824T184240, end_date=20220824T184242
[2022-08-24 18:42:42,396] {local_task_job.py:156} INFO - Task exited with return code 0
[2022-08-24 18:42:42,717] {local_task_job.py:273} INFO - 0 downstream tasks scheduled from follow-on schedule check
