[2022-08-24 19:06:49,492] {taskinstance.py:1179} INFO - Dependencies all met for <TaskInstance: dynamically_branching1.check_table_exist scheduled__2020-04-25T00:00:00+00:00 [queued]>
[2022-08-24 19:06:49,533] {taskinstance.py:1179} INFO - Dependencies all met for <TaskInstance: dynamically_branching1.check_table_exist scheduled__2020-04-25T00:00:00+00:00 [queued]>
[2022-08-24 19:06:49,534] {taskinstance.py:1376} INFO - 
--------------------------------------------------------------------------------
[2022-08-24 19:06:49,536] {taskinstance.py:1377} INFO - Starting attempt 1 of 1
[2022-08-24 19:06:49,537] {taskinstance.py:1378} INFO - 
--------------------------------------------------------------------------------
[2022-08-24 19:06:49,588] {taskinstance.py:1397} INFO - Executing <Task(BranchPythonOperator): check_table_exist> on 2020-04-25 00:00:00+00:00
[2022-08-24 19:06:49,607] {standard_task_runner.py:52} INFO - Started process 6346 to run task
[2022-08-24 19:06:49,625] {standard_task_runner.py:79} INFO - Running: ['***', 'tasks', 'run', 'dynamically_branching1', 'check_table_exist', 'scheduled__2020-04-25T00:00:00+00:00', '--job-id', '1558', '--raw', '--subdir', 'DAGS_FOLDER/jobs_dag.py', '--cfg-path', '/tmp/tmpyoe39i44', '--error-file', '/tmp/tmp0_44lqs_']
[2022-08-24 19:06:49,628] {standard_task_runner.py:80} INFO - Job 1558: Subtask check_table_exist
[2022-08-24 19:06:49,812] {task_command.py:371} INFO - Running <TaskInstance: dynamically_branching1.check_table_exist scheduled__2020-04-25T00:00:00+00:00 [running]> on host 9d5d2a77e6ba
[2022-08-24 19:06:50,109] {taskinstance.py:1591} INFO - Exporting the following env vars:
AIRFLOW_CTX_DAG_OWNER=***
AIRFLOW_CTX_DAG_ID=dynamically_branching1
AIRFLOW_CTX_TASK_ID=check_table_exist
AIRFLOW_CTX_EXECUTION_DATE=2020-04-25T00:00:00+00:00
AIRFLOW_CTX_TRY_NUMBER=1
AIRFLOW_CTX_DAG_RUN_ID=scheduled__2020-04-25T00:00:00+00:00
[2022-08-24 19:06:50,116] {python.py:173} INFO - Done. Returned value was: insert_row
[2022-08-24 19:06:50,119] {skipmixin.py:140} INFO - Following branch insert_row
[2022-08-24 19:06:50,121] {skipmixin.py:175} INFO - Skipping tasks ['create_table']
[2022-08-24 19:06:50,535] {taskinstance.py:1420} INFO - Marking task as SUCCESS. dag_id=dynamically_branching1, task_id=check_table_exist, execution_date=20200425T000000, start_date=20220824T190649, end_date=20220824T190650
[2022-08-24 19:06:50,656] {local_task_job.py:156} INFO - Task exited with return code 0
[2022-08-24 19:06:51,043] {local_task_job.py:273} INFO - 0 downstream tasks scheduled from follow-on schedule check
