[2022-08-19 20:51:36,783] {taskinstance.py:1179} INFO - Dependencies all met for <TaskInstance: loop_hello_world_1.hello_world scheduled__2021-08-05T00:00:00+00:00 [queued]>
[2022-08-19 20:51:37,048] {taskinstance.py:1179} INFO - Dependencies all met for <TaskInstance: loop_hello_world_1.hello_world scheduled__2021-08-05T00:00:00+00:00 [queued]>
[2022-08-19 20:51:37,049] {taskinstance.py:1376} INFO - 
--------------------------------------------------------------------------------
[2022-08-19 20:51:37,061] {taskinstance.py:1377} INFO - Starting attempt 1 of 1
[2022-08-19 20:51:37,063] {taskinstance.py:1378} INFO - 
--------------------------------------------------------------------------------
[2022-08-19 20:51:37,368] {taskinstance.py:1397} INFO - Executing <Task(PythonOperator): hello_world> on 2021-08-05 00:00:00+00:00
[2022-08-19 20:51:37,395] {standard_task_runner.py:52} INFO - Started process 16287 to run task
[2022-08-19 20:51:37,430] {standard_task_runner.py:79} INFO - Running: ['***', 'tasks', 'run', 'loop_hello_world_1', 'hello_world', 'scheduled__2021-08-05T00:00:00+00:00', '--job-id', '302', '--raw', '--subdir', 'DAGS_FOLDER/practiceDag1.py', '--cfg-path', '/tmp/tmp9aplasvt', '--error-file', '/tmp/tmphda_uc8i']
[2022-08-19 20:51:37,438] {standard_task_runner.py:80} INFO - Job 302: Subtask hello_world
[2022-08-19 20:51:38,680] {task_command.py:371} INFO - Running <TaskInstance: loop_hello_world_1.hello_world scheduled__2021-08-05T00:00:00+00:00 [running]> on host 9d5d2a77e6ba
[2022-08-19 20:51:39,880] {taskinstance.py:1591} INFO - Exporting the following env vars:
AIRFLOW_CTX_DAG_OWNER=***
AIRFLOW_CTX_DAG_ID=loop_hello_world_1
AIRFLOW_CTX_TASK_ID=hello_world
AIRFLOW_CTX_EXECUTION_DATE=2021-08-05T00:00:00+00:00
AIRFLOW_CTX_TRY_NUMBER=1
AIRFLOW_CTX_DAG_RUN_ID=scheduled__2021-08-05T00:00:00+00:00
[2022-08-19 20:51:39,889] {logging_mixin.py:115} INFO - Hello World
[2022-08-19 20:51:39,905] {logging_mixin.py:115} INFO - This is DAG: 1
[2022-08-19 20:51:39,907] {python.py:173} INFO - Done. Returned value was: None
[2022-08-19 20:51:40,198] {taskinstance.py:1420} INFO - Marking task as SUCCESS. dag_id=loop_hello_world_1, task_id=hello_world, execution_date=20210805T000000, start_date=20220819T205136, end_date=20220819T205140
[2022-08-19 20:51:40,544] {local_task_job.py:156} INFO - Task exited with return code 0
[2022-08-19 20:51:40,686] {local_task_job.py:273} INFO - 0 downstream tasks scheduled from follow-on schedule check
