[2022-08-24 19:09:47,703] {taskinstance.py:1179} INFO - Dependencies all met for <TaskInstance: dynamically_branching1.bash_task scheduled__2020-08-25T00:00:00+00:00 [queued]>
[2022-08-24 19:09:47,856] {taskinstance.py:1179} INFO - Dependencies all met for <TaskInstance: dynamically_branching1.bash_task scheduled__2020-08-25T00:00:00+00:00 [queued]>
[2022-08-24 19:09:47,858] {taskinstance.py:1376} INFO - 
--------------------------------------------------------------------------------
[2022-08-24 19:09:47,859] {taskinstance.py:1377} INFO - Starting attempt 1 of 1
[2022-08-24 19:09:47,868] {taskinstance.py:1378} INFO - 
--------------------------------------------------------------------------------
[2022-08-24 19:09:48,021] {taskinstance.py:1397} INFO - Executing <Task(BashOperator): bash_task> on 2020-08-25 00:00:00+00:00
[2022-08-24 19:09:48,059] {standard_task_runner.py:52} INFO - Started process 7074 to run task
[2022-08-24 19:09:48,123] {standard_task_runner.py:79} INFO - Running: ['***', 'tasks', 'run', 'dynamically_branching1', 'bash_task', 'scheduled__2020-08-25T00:00:00+00:00', '--job-id', '1796', '--raw', '--subdir', 'DAGS_FOLDER/jobs_dag.py', '--cfg-path', '/tmp/tmpjcrh8cpy', '--error-file', '/tmp/tmpk31vudb_']
[2022-08-24 19:09:48,126] {standard_task_runner.py:80} INFO - Job 1796: Subtask bash_task
[2022-08-24 19:09:48,530] {task_command.py:371} INFO - Running <TaskInstance: dynamically_branching1.bash_task scheduled__2020-08-25T00:00:00+00:00 [running]> on host 9d5d2a77e6ba
[2022-08-24 19:09:48,889] {taskinstance.py:1591} INFO - Exporting the following env vars:
AIRFLOW_CTX_DAG_OWNER=***
AIRFLOW_CTX_DAG_ID=dynamically_branching1
AIRFLOW_CTX_TASK_ID=bash_task
AIRFLOW_CTX_EXECUTION_DATE=2020-08-25T00:00:00+00:00
AIRFLOW_CTX_TRY_NUMBER=1
AIRFLOW_CTX_DAG_RUN_ID=scheduled__2020-08-25T00:00:00+00:00
[2022-08-24 19:09:48,893] {subprocess.py:62} INFO - Tmp dir root location: 
 /tmp
[2022-08-24 19:09:48,894] {subprocess.py:74} INFO - Running command: ['bash', '-c', 'echo $(whoami)']
[2022-08-24 19:09:48,946] {subprocess.py:85} INFO - Output:
[2022-08-24 19:09:48,994] {subprocess.py:92} INFO - default
[2022-08-24 19:09:48,995] {subprocess.py:96} INFO - Command exited with return code 0
[2022-08-24 19:09:49,116] {taskinstance.py:1420} INFO - Marking task as SUCCESS. dag_id=dynamically_branching1, task_id=bash_task, execution_date=20200825T000000, start_date=20220824T190947, end_date=20220824T190949
[2022-08-24 19:09:49,250] {local_task_job.py:156} INFO - Task exited with return code 0
[2022-08-24 19:09:49,602] {local_task_job.py:273} INFO - 0 downstream tasks scheduled from follow-on schedule check
