[2022-08-24 19:16:38,565] {taskinstance.py:1179} INFO - Dependencies all met for <TaskInstance: dynamically_branching1.bash_task scheduled__2021-07-31T00:00:00+00:00 [queued]>
[2022-08-24 19:16:38,632] {taskinstance.py:1179} INFO - Dependencies all met for <TaskInstance: dynamically_branching1.bash_task scheduled__2021-07-31T00:00:00+00:00 [queued]>
[2022-08-24 19:16:38,634] {taskinstance.py:1376} INFO - 
--------------------------------------------------------------------------------
[2022-08-24 19:16:38,638] {taskinstance.py:1377} INFO - Starting attempt 1 of 1
[2022-08-24 19:16:38,642] {taskinstance.py:1378} INFO - 
--------------------------------------------------------------------------------
[2022-08-24 19:16:38,730] {taskinstance.py:1397} INFO - Executing <Task(BashOperator): bash_task> on 2021-07-31 00:00:00+00:00
[2022-08-24 19:16:38,757] {standard_task_runner.py:52} INFO - Started process 9303 to run task
[2022-08-24 19:16:38,787] {standard_task_runner.py:79} INFO - Running: ['***', 'tasks', 'run', 'dynamically_branching1', 'bash_task', 'scheduled__2021-07-31T00:00:00+00:00', '--job-id', '2471', '--raw', '--subdir', 'DAGS_FOLDER/jobs_dag.py', '--cfg-path', '/tmp/tmptffisnui', '--error-file', '/tmp/tmpd49i7fov']
[2022-08-24 19:16:38,789] {standard_task_runner.py:80} INFO - Job 2471: Subtask bash_task
[2022-08-24 19:16:39,106] {task_command.py:371} INFO - Running <TaskInstance: dynamically_branching1.bash_task scheduled__2021-07-31T00:00:00+00:00 [running]> on host 9d5d2a77e6ba
[2022-08-24 19:16:39,768] {taskinstance.py:1591} INFO - Exporting the following env vars:
AIRFLOW_CTX_DAG_OWNER=***
AIRFLOW_CTX_DAG_ID=dynamically_branching1
AIRFLOW_CTX_TASK_ID=bash_task
AIRFLOW_CTX_EXECUTION_DATE=2021-07-31T00:00:00+00:00
AIRFLOW_CTX_TRY_NUMBER=1
AIRFLOW_CTX_DAG_RUN_ID=scheduled__2021-07-31T00:00:00+00:00
[2022-08-24 19:16:39,772] {subprocess.py:62} INFO - Tmp dir root location: 
 /tmp
[2022-08-24 19:16:39,789] {subprocess.py:74} INFO - Running command: ['bash', '-c', 'echo $(whoami)']
[2022-08-24 19:16:39,925] {subprocess.py:85} INFO - Output:
[2022-08-24 19:16:39,976] {subprocess.py:92} INFO - default
[2022-08-24 19:16:39,981] {subprocess.py:96} INFO - Command exited with return code 0
[2022-08-24 19:16:40,205] {taskinstance.py:1420} INFO - Marking task as SUCCESS. dag_id=dynamically_branching1, task_id=bash_task, execution_date=20210731T000000, start_date=20220824T191638, end_date=20220824T191640
[2022-08-24 19:16:40,352] {local_task_job.py:156} INFO - Task exited with return code 0
[2022-08-24 19:16:40,784] {local_task_job.py:273} INFO - 0 downstream tasks scheduled from follow-on schedule check
