[2022-08-24 19:16:17,907] {taskinstance.py:1179} INFO - Dependencies all met for <TaskInstance: dynamically_branching1.bash_task scheduled__2021-07-11T00:00:00+00:00 [queued]>
[2022-08-24 19:16:17,951] {taskinstance.py:1179} INFO - Dependencies all met for <TaskInstance: dynamically_branching1.bash_task scheduled__2021-07-11T00:00:00+00:00 [queued]>
[2022-08-24 19:16:17,952] {taskinstance.py:1376} INFO - 
--------------------------------------------------------------------------------
[2022-08-24 19:16:17,954] {taskinstance.py:1377} INFO - Starting attempt 1 of 1
[2022-08-24 19:16:17,957] {taskinstance.py:1378} INFO - 
--------------------------------------------------------------------------------
[2022-08-24 19:16:17,994] {taskinstance.py:1397} INFO - Executing <Task(BashOperator): bash_task> on 2021-07-11 00:00:00+00:00
[2022-08-24 19:16:18,001] {standard_task_runner.py:52} INFO - Started process 9186 to run task
[2022-08-24 19:16:18,028] {standard_task_runner.py:79} INFO - Running: ['***', 'tasks', 'run', 'dynamically_branching1', 'bash_task', 'scheduled__2021-07-11T00:00:00+00:00', '--job-id', '2436', '--raw', '--subdir', 'DAGS_FOLDER/jobs_dag.py', '--cfg-path', '/tmp/tmplpd_pi9h', '--error-file', '/tmp/tmpwr0xiunj']
[2022-08-24 19:16:18,032] {standard_task_runner.py:80} INFO - Job 2436: Subtask bash_task
[2022-08-24 19:16:18,214] {task_command.py:371} INFO - Running <TaskInstance: dynamically_branching1.bash_task scheduled__2021-07-11T00:00:00+00:00 [running]> on host 9d5d2a77e6ba
[2022-08-24 19:16:18,456] {taskinstance.py:1591} INFO - Exporting the following env vars:
AIRFLOW_CTX_DAG_OWNER=***
AIRFLOW_CTX_DAG_ID=dynamically_branching1
AIRFLOW_CTX_TASK_ID=bash_task
AIRFLOW_CTX_EXECUTION_DATE=2021-07-11T00:00:00+00:00
AIRFLOW_CTX_TRY_NUMBER=1
AIRFLOW_CTX_DAG_RUN_ID=scheduled__2021-07-11T00:00:00+00:00
[2022-08-24 19:16:18,459] {subprocess.py:62} INFO - Tmp dir root location: 
 /tmp
[2022-08-24 19:16:18,467] {subprocess.py:74} INFO - Running command: ['bash', '-c', 'echo $(whoami)']
[2022-08-24 19:16:18,524] {subprocess.py:85} INFO - Output:
[2022-08-24 19:16:18,548] {subprocess.py:92} INFO - default
[2022-08-24 19:16:18,550] {subprocess.py:96} INFO - Command exited with return code 0
[2022-08-24 19:16:18,784] {taskinstance.py:1420} INFO - Marking task as SUCCESS. dag_id=dynamically_branching1, task_id=bash_task, execution_date=20210711T000000, start_date=20220824T191617, end_date=20220824T191618
[2022-08-24 19:16:18,877] {local_task_job.py:156} INFO - Task exited with return code 0
[2022-08-24 19:16:19,060] {local_task_job.py:273} INFO - 1 downstream tasks scheduled from follow-on schedule check
