[2022-08-24 19:16:07,650] {taskinstance.py:1179} INFO - Dependencies all met for <TaskInstance: dynamically_branching1.check_table_exist scheduled__2021-07-01T00:00:00+00:00 [queued]>
[2022-08-24 19:16:07,672] {taskinstance.py:1179} INFO - Dependencies all met for <TaskInstance: dynamically_branching1.check_table_exist scheduled__2021-07-01T00:00:00+00:00 [queued]>
[2022-08-24 19:16:07,673] {taskinstance.py:1376} INFO - 
--------------------------------------------------------------------------------
[2022-08-24 19:16:07,674] {taskinstance.py:1377} INFO - Starting attempt 1 of 1
[2022-08-24 19:16:07,675] {taskinstance.py:1378} INFO - 
--------------------------------------------------------------------------------
[2022-08-24 19:16:07,734] {taskinstance.py:1397} INFO - Executing <Task(BranchPythonOperator): check_table_exist> on 2021-07-01 00:00:00+00:00
[2022-08-24 19:16:07,752] {standard_task_runner.py:52} INFO - Started process 9155 to run task
[2022-08-24 19:16:07,779] {standard_task_runner.py:79} INFO - Running: ['***', 'tasks', 'run', 'dynamically_branching1', 'check_table_exist', 'scheduled__2021-07-01T00:00:00+00:00', '--job-id', '2426', '--raw', '--subdir', 'DAGS_FOLDER/jobs_dag.py', '--cfg-path', '/tmp/tmp0gnp6lqn', '--error-file', '/tmp/tmprz1d8kgg']
[2022-08-24 19:16:07,781] {standard_task_runner.py:80} INFO - Job 2426: Subtask check_table_exist
[2022-08-24 19:16:07,975] {task_command.py:371} INFO - Running <TaskInstance: dynamically_branching1.check_table_exist scheduled__2021-07-01T00:00:00+00:00 [running]> on host 9d5d2a77e6ba
[2022-08-24 19:16:08,319] {taskinstance.py:1591} INFO - Exporting the following env vars:
AIRFLOW_CTX_DAG_OWNER=***
AIRFLOW_CTX_DAG_ID=dynamically_branching1
AIRFLOW_CTX_TASK_ID=check_table_exist
AIRFLOW_CTX_EXECUTION_DATE=2021-07-01T00:00:00+00:00
AIRFLOW_CTX_TRY_NUMBER=1
AIRFLOW_CTX_DAG_RUN_ID=scheduled__2021-07-01T00:00:00+00:00
[2022-08-24 19:16:08,323] {python.py:173} INFO - Done. Returned value was: insert_row
[2022-08-24 19:16:08,327] {skipmixin.py:140} INFO - Following branch insert_row
[2022-08-24 19:16:08,329] {skipmixin.py:175} INFO - Skipping tasks ['create_table']
[2022-08-24 19:16:08,628] {taskinstance.py:1420} INFO - Marking task as SUCCESS. dag_id=dynamically_branching1, task_id=check_table_exist, execution_date=20210701T000000, start_date=20220824T191607, end_date=20220824T191608
[2022-08-24 19:16:08,727] {local_task_job.py:156} INFO - Task exited with return code 0
[2022-08-24 19:16:08,989] {local_task_job.py:273} INFO - 0 downstream tasks scheduled from follow-on schedule check
