[2022-08-24 19:07:04,336] {taskinstance.py:1179} INFO - Dependencies all met for <TaskInstance: dynamically_branching1.check_table_exist scheduled__2020-05-03T00:00:00+00:00 [queued]>
[2022-08-24 19:07:04,500] {taskinstance.py:1179} INFO - Dependencies all met for <TaskInstance: dynamically_branching1.check_table_exist scheduled__2020-05-03T00:00:00+00:00 [queued]>
[2022-08-24 19:07:04,507] {taskinstance.py:1376} INFO - 
--------------------------------------------------------------------------------
[2022-08-24 19:07:04,510] {taskinstance.py:1377} INFO - Starting attempt 1 of 1
[2022-08-24 19:07:04,511] {taskinstance.py:1378} INFO - 
--------------------------------------------------------------------------------
[2022-08-24 19:07:04,685] {taskinstance.py:1397} INFO - Executing <Task(BranchPythonOperator): check_table_exist> on 2020-05-03 00:00:00+00:00
[2022-08-24 19:07:04,752] {standard_task_runner.py:52} INFO - Started process 6408 to run task
[2022-08-24 19:07:04,815] {standard_task_runner.py:79} INFO - Running: ['***', 'tasks', 'run', 'dynamically_branching1', 'check_table_exist', 'scheduled__2020-05-03T00:00:00+00:00', '--job-id', '1577', '--raw', '--subdir', 'DAGS_FOLDER/jobs_dag.py', '--cfg-path', '/tmp/tmpqgqxy0l_', '--error-file', '/tmp/tmpfkeecw1d']
[2022-08-24 19:07:04,827] {standard_task_runner.py:80} INFO - Job 1577: Subtask check_table_exist
[2022-08-24 19:07:05,466] {task_command.py:371} INFO - Running <TaskInstance: dynamically_branching1.check_table_exist scheduled__2020-05-03T00:00:00+00:00 [running]> on host 9d5d2a77e6ba
[2022-08-24 19:07:06,395] {taskinstance.py:1591} INFO - Exporting the following env vars:
AIRFLOW_CTX_DAG_OWNER=***
AIRFLOW_CTX_DAG_ID=dynamically_branching1
AIRFLOW_CTX_TASK_ID=check_table_exist
AIRFLOW_CTX_EXECUTION_DATE=2020-05-03T00:00:00+00:00
AIRFLOW_CTX_TRY_NUMBER=1
AIRFLOW_CTX_DAG_RUN_ID=scheduled__2020-05-03T00:00:00+00:00
[2022-08-24 19:07:06,411] {python.py:173} INFO - Done. Returned value was: insert_row
[2022-08-24 19:07:06,412] {skipmixin.py:140} INFO - Following branch insert_row
[2022-08-24 19:07:06,413] {skipmixin.py:175} INFO - Skipping tasks ['create_table']
[2022-08-24 19:07:06,954] {taskinstance.py:1420} INFO - Marking task as SUCCESS. dag_id=dynamically_branching1, task_id=check_table_exist, execution_date=20200503T000000, start_date=20220824T190704, end_date=20220824T190706
[2022-08-24 19:07:07,307] {local_task_job.py:156} INFO - Task exited with return code 0
[2022-08-24 19:07:08,373] {local_task_job.py:273} INFO - 1 downstream tasks scheduled from follow-on schedule check
