[2022-08-24 19:21:22,935] {taskinstance.py:1179} INFO - Dependencies all met for <TaskInstance: dynamically_branching1.bash_task scheduled__2022-03-27T00:00:00+00:00 [queued]>
[2022-08-24 19:21:22,960] {taskinstance.py:1179} INFO - Dependencies all met for <TaskInstance: dynamically_branching1.bash_task scheduled__2022-03-27T00:00:00+00:00 [queued]>
[2022-08-24 19:21:22,961] {taskinstance.py:1376} INFO - 
--------------------------------------------------------------------------------
[2022-08-24 19:21:22,962] {taskinstance.py:1377} INFO - Starting attempt 1 of 1
[2022-08-24 19:21:22,963] {taskinstance.py:1378} INFO - 
--------------------------------------------------------------------------------
[2022-08-24 19:21:23,090] {taskinstance.py:1397} INFO - Executing <Task(BashOperator): bash_task> on 2022-03-27 00:00:00+00:00
[2022-08-24 19:21:23,160] {standard_task_runner.py:52} INFO - Started process 10886 to run task
[2022-08-24 19:21:23,211] {standard_task_runner.py:79} INFO - Running: ['***', 'tasks', 'run', 'dynamically_branching1', 'bash_task', 'scheduled__2022-03-27T00:00:00+00:00', '--job-id', '2951', '--raw', '--subdir', 'DAGS_FOLDER/jobs_dag.py', '--cfg-path', '/tmp/tmp_6ofrabl', '--error-file', '/tmp/tmpv_88rzhw']
[2022-08-24 19:21:23,217] {standard_task_runner.py:80} INFO - Job 2951: Subtask bash_task
[2022-08-24 19:21:23,674] {task_command.py:371} INFO - Running <TaskInstance: dynamically_branching1.bash_task scheduled__2022-03-27T00:00:00+00:00 [running]> on host 9d5d2a77e6ba
[2022-08-24 19:21:24,157] {taskinstance.py:1591} INFO - Exporting the following env vars:
AIRFLOW_CTX_DAG_OWNER=***
AIRFLOW_CTX_DAG_ID=dynamically_branching1
AIRFLOW_CTX_TASK_ID=bash_task
AIRFLOW_CTX_EXECUTION_DATE=2022-03-27T00:00:00+00:00
AIRFLOW_CTX_TRY_NUMBER=1
AIRFLOW_CTX_DAG_RUN_ID=scheduled__2022-03-27T00:00:00+00:00
[2022-08-24 19:21:24,160] {subprocess.py:62} INFO - Tmp dir root location: 
 /tmp
[2022-08-24 19:21:24,168] {subprocess.py:74} INFO - Running command: ['bash', '-c', 'echo $(whoami)']
[2022-08-24 19:21:24,293] {subprocess.py:85} INFO - Output:
[2022-08-24 19:21:24,342] {subprocess.py:92} INFO - default
[2022-08-24 19:21:24,344] {subprocess.py:96} INFO - Command exited with return code 0
[2022-08-24 19:21:24,521] {taskinstance.py:1420} INFO - Marking task as SUCCESS. dag_id=dynamically_branching1, task_id=bash_task, execution_date=20220327T000000, start_date=20220824T192122, end_date=20220824T192124
[2022-08-24 19:21:24,631] {local_task_job.py:156} INFO - Task exited with return code 0
[2022-08-24 19:21:24,845] {local_task_job.py:273} INFO - 1 downstream tasks scheduled from follow-on schedule check
