[2022-08-24 19:18:08,108] {taskinstance.py:1179} INFO - Dependencies all met for <TaskInstance: dynamically_branching1.bash_task scheduled__2021-10-15T00:00:00+00:00 [queued]>
[2022-08-24 19:18:08,167] {taskinstance.py:1179} INFO - Dependencies all met for <TaskInstance: dynamically_branching1.bash_task scheduled__2021-10-15T00:00:00+00:00 [queued]>
[2022-08-24 19:18:08,171] {taskinstance.py:1376} INFO - 
--------------------------------------------------------------------------------
[2022-08-24 19:18:08,175] {taskinstance.py:1377} INFO - Starting attempt 1 of 1
[2022-08-24 19:18:08,178] {taskinstance.py:1378} INFO - 
--------------------------------------------------------------------------------
[2022-08-24 19:18:08,300] {taskinstance.py:1397} INFO - Executing <Task(BashOperator): bash_task> on 2021-10-15 00:00:00+00:00
[2022-08-24 19:18:08,328] {standard_task_runner.py:52} INFO - Started process 9810 to run task
[2022-08-24 19:18:08,355] {standard_task_runner.py:79} INFO - Running: ['***', 'tasks', 'run', 'dynamically_branching1', 'bash_task', 'scheduled__2021-10-15T00:00:00+00:00', '--job-id', '2625', '--raw', '--subdir', 'DAGS_FOLDER/jobs_dag.py', '--cfg-path', '/tmp/tmp29hqk6ms', '--error-file', '/tmp/tmpon8n2o4t']
[2022-08-24 19:18:08,364] {standard_task_runner.py:80} INFO - Job 2625: Subtask bash_task
[2022-08-24 19:18:09,008] {task_command.py:371} INFO - Running <TaskInstance: dynamically_branching1.bash_task scheduled__2021-10-15T00:00:00+00:00 [running]> on host 9d5d2a77e6ba
[2022-08-24 19:18:09,636] {taskinstance.py:1591} INFO - Exporting the following env vars:
AIRFLOW_CTX_DAG_OWNER=***
AIRFLOW_CTX_DAG_ID=dynamically_branching1
AIRFLOW_CTX_TASK_ID=bash_task
AIRFLOW_CTX_EXECUTION_DATE=2021-10-15T00:00:00+00:00
AIRFLOW_CTX_TRY_NUMBER=1
AIRFLOW_CTX_DAG_RUN_ID=scheduled__2021-10-15T00:00:00+00:00
[2022-08-24 19:18:09,646] {subprocess.py:62} INFO - Tmp dir root location: 
 /tmp
[2022-08-24 19:18:09,652] {subprocess.py:74} INFO - Running command: ['bash', '-c', 'echo $(whoami)']
[2022-08-24 19:18:09,827] {subprocess.py:85} INFO - Output:
[2022-08-24 19:18:09,873] {subprocess.py:92} INFO - default
[2022-08-24 19:18:09,875] {subprocess.py:96} INFO - Command exited with return code 0
[2022-08-24 19:18:10,128] {taskinstance.py:1420} INFO - Marking task as SUCCESS. dag_id=dynamically_branching1, task_id=bash_task, execution_date=20211015T000000, start_date=20220824T191808, end_date=20220824T191810
[2022-08-24 19:18:10,292] {local_task_job.py:156} INFO - Task exited with return code 0
[2022-08-24 19:18:10,810] {local_task_job.py:273} INFO - 0 downstream tasks scheduled from follow-on schedule check
