[2022-09-06 21:04:27,438] {taskinstance.py:1179} INFO - Dependencies all met for <TaskInstance: tables_name_1.check_table_exist manual__2022-09-06T21:04:24.017762+00:00 [queued]>
[2022-09-06 21:04:27,451] {taskinstance.py:1179} INFO - Dependencies all met for <TaskInstance: tables_name_1.check_table_exist manual__2022-09-06T21:04:24.017762+00:00 [queued]>
[2022-09-06 21:04:27,452] {taskinstance.py:1376} INFO - 
--------------------------------------------------------------------------------
[2022-09-06 21:04:27,453] {taskinstance.py:1377} INFO - Starting attempt 1 of 1
[2022-09-06 21:04:27,454] {taskinstance.py:1378} INFO - 
--------------------------------------------------------------------------------
[2022-09-06 21:04:27,472] {taskinstance.py:1397} INFO - Executing <Task(BranchPythonOperator): check_table_exist> on 2022-09-06 21:04:24.017762+00:00
[2022-09-06 21:04:27,482] {standard_task_runner.py:52} INFO - Started process 11234 to run task
[2022-09-06 21:04:27,491] {standard_task_runner.py:79} INFO - Running: ['***', 'tasks', 'run', 'tables_name_1', 'check_table_exist', 'manual__2022-09-06T21:04:24.017762+00:00', '--job-id', '3906', '--raw', '--subdir', 'DAGS_FOLDER/jobs_dag.py', '--cfg-path', '/tmp/tmpmmik2n6y', '--error-file', '/tmp/tmp28x6rzbj']
[2022-09-06 21:04:27,493] {standard_task_runner.py:80} INFO - Job 3906: Subtask check_table_exist
[2022-09-06 21:04:27,613] {task_command.py:371} INFO - Running <TaskInstance: tables_name_1.check_table_exist manual__2022-09-06T21:04:24.017762+00:00 [running]> on host eba23da77ca5
[2022-09-06 21:04:27,739] {taskinstance.py:1591} INFO - Exporting the following env vars:
AIRFLOW_CTX_DAG_OWNER=***
AIRFLOW_CTX_DAG_ID=tables_name_1
AIRFLOW_CTX_TASK_ID=check_table_exist
AIRFLOW_CTX_EXECUTION_DATE=2022-09-06T21:04:24.017762+00:00
AIRFLOW_CTX_TRY_NUMBER=1
AIRFLOW_CTX_DAG_RUN_ID=manual__2022-09-06T21:04:24.017762+00:00
[2022-09-06 21:04:27,756] {base.py:68} INFO - Using connection ID 'postgres_default' for task execution.
[2022-09-06 21:04:27,768] {taskinstance.py:1909} ERROR - Task failed with exception
Traceback (most recent call last):
  File "/home/airflow/.local/lib/python3.7/site-packages/airflow/operators/python.py", line 207, in execute
    branch = super().execute(context)
  File "/home/airflow/.local/lib/python3.7/site-packages/airflow/operators/python.py", line 171, in execute
    return_value = self.execute_callable()
  File "/home/airflow/.local/lib/python3.7/site-packages/airflow/operators/python.py", line 189, in execute_callable
    return self.python_callable(*self.op_args, **self.op_kwargs)
  File "/opt/airflow/dags/jobs_dag.py", line 40, in check_table_exist
    query = hook.get_records(sql=sql_to_get_schema)
  File "/home/airflow/.local/lib/python3.7/site-packages/airflow/hooks/dbapi.py", line 162, in get_records
    cur.execute(sql)
psycopg2.errors.UndefinedTable: relation "pg_catalog" does not exist
LINE 1: select * from pg_catalog;
                      ^

[2022-09-06 21:04:27,783] {taskinstance.py:1420} INFO - Marking task as FAILED. dag_id=tables_name_1, task_id=check_table_exist, execution_date=20220906T210424, start_date=20220906T210427, end_date=20220906T210427
[2022-09-06 21:04:27,801] {standard_task_runner.py:97} ERROR - Failed to execute job 3906 for task check_table_exist (relation "pg_catalog" does not exist
LINE 1: select * from pg_catalog;
                      ^
; 11234)
[2022-09-06 21:04:27,821] {local_task_job.py:156} INFO - Task exited with return code 1
[2022-09-06 21:04:27,888] {local_task_job.py:273} INFO - 0 downstream tasks scheduled from follow-on schedule check
