[2022-08-24 19:19:21,598] {taskinstance.py:1179} INFO - Dependencies all met for <TaskInstance: dynamically_branching1.bash_task scheduled__2021-12-12T00:00:00+00:00 [queued]>
[2022-08-24 19:19:21,626] {taskinstance.py:1179} INFO - Dependencies all met for <TaskInstance: dynamically_branching1.bash_task scheduled__2021-12-12T00:00:00+00:00 [queued]>
[2022-08-24 19:19:21,627] {taskinstance.py:1376} INFO - 
--------------------------------------------------------------------------------
[2022-08-24 19:19:21,628] {taskinstance.py:1377} INFO - Starting attempt 1 of 1
[2022-08-24 19:19:21,629] {taskinstance.py:1378} INFO - 
--------------------------------------------------------------------------------
[2022-08-24 19:19:21,680] {taskinstance.py:1397} INFO - Executing <Task(BashOperator): bash_task> on 2021-12-12 00:00:00+00:00
[2022-08-24 19:19:21,690] {standard_task_runner.py:52} INFO - Started process 10204 to run task
[2022-08-24 19:19:21,700] {standard_task_runner.py:79} INFO - Running: ['***', 'tasks', 'run', 'dynamically_branching1', 'bash_task', 'scheduled__2021-12-12T00:00:00+00:00', '--job-id', '2747', '--raw', '--subdir', 'DAGS_FOLDER/jobs_dag.py', '--cfg-path', '/tmp/tmpt_b4n1fh', '--error-file', '/tmp/tmpvxpkrz5u']
[2022-08-24 19:19:21,701] {standard_task_runner.py:80} INFO - Job 2747: Subtask bash_task
[2022-08-24 19:19:21,849] {task_command.py:371} INFO - Running <TaskInstance: dynamically_branching1.bash_task scheduled__2021-12-12T00:00:00+00:00 [running]> on host 9d5d2a77e6ba
[2022-08-24 19:19:22,056] {taskinstance.py:1591} INFO - Exporting the following env vars:
AIRFLOW_CTX_DAG_OWNER=***
AIRFLOW_CTX_DAG_ID=dynamically_branching1
AIRFLOW_CTX_TASK_ID=bash_task
AIRFLOW_CTX_EXECUTION_DATE=2021-12-12T00:00:00+00:00
AIRFLOW_CTX_TRY_NUMBER=1
AIRFLOW_CTX_DAG_RUN_ID=scheduled__2021-12-12T00:00:00+00:00
[2022-08-24 19:19:22,058] {subprocess.py:62} INFO - Tmp dir root location: 
 /tmp
[2022-08-24 19:19:22,059] {subprocess.py:74} INFO - Running command: ['bash', '-c', 'echo $(whoami)']
[2022-08-24 19:19:22,075] {subprocess.py:85} INFO - Output:
[2022-08-24 19:19:22,082] {subprocess.py:92} INFO - default
[2022-08-24 19:19:22,083] {subprocess.py:96} INFO - Command exited with return code 0
[2022-08-24 19:19:22,146] {taskinstance.py:1420} INFO - Marking task as SUCCESS. dag_id=dynamically_branching1, task_id=bash_task, execution_date=20211212T000000, start_date=20220824T191921, end_date=20220824T191922
[2022-08-24 19:19:22,234] {local_task_job.py:156} INFO - Task exited with return code 0
[2022-08-24 19:19:22,384] {local_task_job.py:273} INFO - 0 downstream tasks scheduled from follow-on schedule check
