[2022-08-30 18:20:54,502] {taskinstance.py:1179} INFO - Dependencies all met for <TaskInstance: dynamically_branching1.bash_task manual__2022-08-26T19:22:13.086413+00:00 [queued]>
[2022-08-30 18:20:54,628] {taskinstance.py:1179} INFO - Dependencies all met for <TaskInstance: dynamically_branching1.bash_task manual__2022-08-26T19:22:13.086413+00:00 [queued]>
[2022-08-30 18:20:54,635] {taskinstance.py:1376} INFO - 
--------------------------------------------------------------------------------
[2022-08-30 18:20:54,636] {taskinstance.py:1377} INFO - Starting attempt 1 of 1
[2022-08-30 18:20:54,636] {taskinstance.py:1378} INFO - 
--------------------------------------------------------------------------------
[2022-08-30 18:20:54,898] {taskinstance.py:1397} INFO - Executing <Task(BashOperator): bash_task> on 2022-08-26 19:22:13.086413+00:00
[2022-08-30 18:20:54,978] {standard_task_runner.py:52} INFO - Started process 75653 to run task
[2022-08-30 18:20:55,086] {standard_task_runner.py:79} INFO - Running: ['***', 'tasks', 'run', 'dynamically_branching1', 'bash_task', 'manual__2022-08-26T19:22:13.086413+00:00', '--job-id', '3323', '--raw', '--subdir', 'DAGS_FOLDER/jobs_dag.py', '--cfg-path', '/tmp/tmp_ppd06fm', '--error-file', '/tmp/tmpr2p5vlnu']
[2022-08-30 18:20:55,093] {standard_task_runner.py:80} INFO - Job 3323: Subtask bash_task
[2022-08-30 18:20:56,112] {task_command.py:371} INFO - Running <TaskInstance: dynamically_branching1.bash_task manual__2022-08-26T19:22:13.086413+00:00 [running]> on host 9d5d2a77e6ba
[2022-08-30 18:20:57,543] {taskinstance.py:1591} INFO - Exporting the following env vars:
AIRFLOW_CTX_DAG_OWNER=***
AIRFLOW_CTX_DAG_ID=dynamically_branching1
AIRFLOW_CTX_TASK_ID=bash_task
AIRFLOW_CTX_EXECUTION_DATE=2022-08-26T19:22:13.086413+00:00
AIRFLOW_CTX_TRY_NUMBER=1
AIRFLOW_CTX_DAG_RUN_ID=manual__2022-08-26T19:22:13.086413+00:00
[2022-08-30 18:20:57,550] {subprocess.py:62} INFO - Tmp dir root location: 
 /tmp
[2022-08-30 18:20:57,555] {subprocess.py:74} INFO - Running command: ['bash', '-c', 'echo $(whoami)']
[2022-08-30 18:20:57,658] {subprocess.py:85} INFO - Output:
[2022-08-30 18:20:57,765] {subprocess.py:92} INFO - default
[2022-08-30 18:20:57,774] {subprocess.py:96} INFO - Command exited with return code 0
[2022-08-30 18:20:58,064] {taskinstance.py:1420} INFO - Marking task as SUCCESS. dag_id=dynamically_branching1, task_id=bash_task, execution_date=20220826T192213, start_date=20220830T182054, end_date=20220830T182058
[2022-08-30 18:20:58,503] {local_task_job.py:156} INFO - Task exited with return code 0
[2022-08-30 18:20:58,910] {local_task_job.py:273} INFO - 1 downstream tasks scheduled from follow-on schedule check
