[2022-08-24 19:10:18,747] {taskinstance.py:1179} INFO - Dependencies all met for <TaskInstance: dynamically_branching1.check_table_exist scheduled__2020-09-12T00:00:00+00:00 [queued]>
[2022-08-24 19:10:18,805] {taskinstance.py:1179} INFO - Dependencies all met for <TaskInstance: dynamically_branching1.check_table_exist scheduled__2020-09-12T00:00:00+00:00 [queued]>
[2022-08-24 19:10:18,807] {taskinstance.py:1376} INFO - 
--------------------------------------------------------------------------------
[2022-08-24 19:10:18,814] {taskinstance.py:1377} INFO - Starting attempt 1 of 1
[2022-08-24 19:10:18,816] {taskinstance.py:1378} INFO - 
--------------------------------------------------------------------------------
[2022-08-24 19:10:18,946] {taskinstance.py:1397} INFO - Executing <Task(BranchPythonOperator): check_table_exist> on 2020-09-12 00:00:00+00:00
[2022-08-24 19:10:18,998] {standard_task_runner.py:52} INFO - Started process 7233 to run task
[2022-08-24 19:10:19,058] {standard_task_runner.py:79} INFO - Running: ['***', 'tasks', 'run', 'dynamically_branching1', 'check_table_exist', 'scheduled__2020-09-12T00:00:00+00:00', '--job-id', '1844', '--raw', '--subdir', 'DAGS_FOLDER/jobs_dag.py', '--cfg-path', '/tmp/tmpdvfux0kl', '--error-file', '/tmp/tmp4d1rj0r9']
[2022-08-24 19:10:19,059] {standard_task_runner.py:80} INFO - Job 1844: Subtask check_table_exist
[2022-08-24 19:10:19,624] {task_command.py:371} INFO - Running <TaskInstance: dynamically_branching1.check_table_exist scheduled__2020-09-12T00:00:00+00:00 [running]> on host 9d5d2a77e6ba
[2022-08-24 19:10:20,300] {taskinstance.py:1591} INFO - Exporting the following env vars:
AIRFLOW_CTX_DAG_OWNER=***
AIRFLOW_CTX_DAG_ID=dynamically_branching1
AIRFLOW_CTX_TASK_ID=check_table_exist
AIRFLOW_CTX_EXECUTION_DATE=2020-09-12T00:00:00+00:00
AIRFLOW_CTX_TRY_NUMBER=1
AIRFLOW_CTX_DAG_RUN_ID=scheduled__2020-09-12T00:00:00+00:00
[2022-08-24 19:10:20,302] {python.py:173} INFO - Done. Returned value was: insert_row
[2022-08-24 19:10:20,304] {skipmixin.py:140} INFO - Following branch insert_row
[2022-08-24 19:10:20,305] {skipmixin.py:175} INFO - Skipping tasks ['create_table']
[2022-08-24 19:10:20,653] {taskinstance.py:1420} INFO - Marking task as SUCCESS. dag_id=dynamically_branching1, task_id=check_table_exist, execution_date=20200912T000000, start_date=20220824T191018, end_date=20220824T191020
[2022-08-24 19:10:20,889] {local_task_job.py:156} INFO - Task exited with return code 0
[2022-08-24 19:10:21,385] {local_task_job.py:273} INFO - 1 downstream tasks scheduled from follow-on schedule check
