[2022-08-19 20:50:49,947] {taskinstance.py:1179} INFO - Dependencies all met for <TaskInstance: loop_hello_world_1.hello_world scheduled__2021-06-16T00:00:00+00:00 [queued]>
[2022-08-19 20:50:50,000] {taskinstance.py:1179} INFO - Dependencies all met for <TaskInstance: loop_hello_world_1.hello_world scheduled__2021-06-16T00:00:00+00:00 [queued]>
[2022-08-19 20:50:50,001] {taskinstance.py:1376} INFO - 
--------------------------------------------------------------------------------
[2022-08-19 20:50:50,001] {taskinstance.py:1377} INFO - Starting attempt 1 of 1
[2022-08-19 20:50:50,002] {taskinstance.py:1378} INFO - 
--------------------------------------------------------------------------------
[2022-08-19 20:50:50,062] {taskinstance.py:1397} INFO - Executing <Task(PythonOperator): hello_world> on 2021-06-16 00:00:00+00:00
[2022-08-19 20:50:50,087] {standard_task_runner.py:52} INFO - Started process 16154 to run task
[2022-08-19 20:50:50,096] {standard_task_runner.py:79} INFO - Running: ['***', 'tasks', 'run', 'loop_hello_world_1', 'hello_world', 'scheduled__2021-06-16T00:00:00+00:00', '--job-id', '251', '--raw', '--subdir', 'DAGS_FOLDER/practiceDag1.py', '--cfg-path', '/tmp/tmplfr62jq0', '--error-file', '/tmp/tmpou2009dy']
[2022-08-19 20:50:50,098] {standard_task_runner.py:80} INFO - Job 251: Subtask hello_world
[2022-08-19 20:50:50,306] {task_command.py:371} INFO - Running <TaskInstance: loop_hello_world_1.hello_world scheduled__2021-06-16T00:00:00+00:00 [running]> on host 9d5d2a77e6ba
[2022-08-19 20:50:50,712] {taskinstance.py:1591} INFO - Exporting the following env vars:
AIRFLOW_CTX_DAG_OWNER=***
AIRFLOW_CTX_DAG_ID=loop_hello_world_1
AIRFLOW_CTX_TASK_ID=hello_world
AIRFLOW_CTX_EXECUTION_DATE=2021-06-16T00:00:00+00:00
AIRFLOW_CTX_TRY_NUMBER=1
AIRFLOW_CTX_DAG_RUN_ID=scheduled__2021-06-16T00:00:00+00:00
[2022-08-19 20:50:50,724] {logging_mixin.py:115} INFO - Hello World
[2022-08-19 20:50:50,725] {logging_mixin.py:115} INFO - This is DAG: 1
[2022-08-19 20:50:50,726] {python.py:173} INFO - Done. Returned value was: None
[2022-08-19 20:50:50,804] {taskinstance.py:1420} INFO - Marking task as SUCCESS. dag_id=loop_hello_world_1, task_id=hello_world, execution_date=20210616T000000, start_date=20220819T205049, end_date=20220819T205050
[2022-08-19 20:50:50,892] {local_task_job.py:156} INFO - Task exited with return code 0
[2022-08-19 20:50:51,085] {local_task_job.py:273} INFO - 0 downstream tasks scheduled from follow-on schedule check
