[2022-09-01 19:36:40,436] {taskinstance.py:1179} INFO - Dependencies all met for <TaskInstance: dynamically_branching1.bash_task manual__2022-09-01T18:09:56.743458+00:00 [queued]>
[2022-09-01 19:36:40,762] {taskinstance.py:1179} INFO - Dependencies all met for <TaskInstance: dynamically_branching1.bash_task manual__2022-09-01T18:09:56.743458+00:00 [queued]>
[2022-09-01 19:36:40,768] {taskinstance.py:1376} INFO - 
--------------------------------------------------------------------------------
[2022-09-01 19:36:40,772] {taskinstance.py:1377} INFO - Starting attempt 1 of 1
[2022-09-01 19:36:40,774] {taskinstance.py:1378} INFO - 
--------------------------------------------------------------------------------
[2022-09-01 19:36:41,213] {taskinstance.py:1397} INFO - Executing <Task(BashOperator): bash_task> on 2022-09-01 18:09:56.743458+00:00
[2022-09-01 19:36:41,328] {standard_task_runner.py:52} INFO - Started process 90953 to run task
[2022-09-01 19:36:41,416] {standard_task_runner.py:79} INFO - Running: ['***', 'tasks', 'run', 'dynamically_branching1', 'bash_task', 'manual__2022-09-01T18:09:56.743458+00:00', '--job-id', '3545', '--raw', '--subdir', 'DAGS_FOLDER/jobs_dag.py', '--cfg-path', '/tmp/tmpbln8a75b', '--error-file', '/tmp/tmp7ajhy1f4']
[2022-09-01 19:36:41,428] {standard_task_runner.py:80} INFO - Job 3545: Subtask bash_task
[2022-09-01 19:36:42,659] {task_command.py:371} INFO - Running <TaskInstance: dynamically_branching1.bash_task manual__2022-09-01T18:09:56.743458+00:00 [running]> on host 9d5d2a77e6ba
[2022-09-01 19:36:44,054] {taskinstance.py:1591} INFO - Exporting the following env vars:
AIRFLOW_CTX_DAG_OWNER=***
AIRFLOW_CTX_DAG_ID=dynamically_branching1
AIRFLOW_CTX_TASK_ID=bash_task
AIRFLOW_CTX_EXECUTION_DATE=2022-09-01T18:09:56.743458+00:00
AIRFLOW_CTX_TRY_NUMBER=1
AIRFLOW_CTX_DAG_RUN_ID=manual__2022-09-01T18:09:56.743458+00:00
[2022-09-01 19:36:44,064] {subprocess.py:62} INFO - Tmp dir root location: 
 /tmp
[2022-09-01 19:36:44,074] {subprocess.py:74} INFO - Running command: ['bash', '-c', 'echo $(whoami)']
[2022-09-01 19:36:44,217] {subprocess.py:85} INFO - Output:
[2022-09-01 19:36:44,255] {subprocess.py:92} INFO - default
[2022-09-01 19:36:44,257] {subprocess.py:96} INFO - Command exited with return code 0
[2022-09-01 19:36:44,611] {taskinstance.py:1420} INFO - Marking task as SUCCESS. dag_id=dynamically_branching1, task_id=bash_task, execution_date=20220901T180956, start_date=20220901T193640, end_date=20220901T193644
[2022-09-01 19:36:45,262] {local_task_job.py:156} INFO - Task exited with return code 0
[2022-09-01 19:36:46,382] {local_task_job.py:273} INFO - 0 downstream tasks scheduled from follow-on schedule check
