[2022-08-24 19:12:58,649] {taskinstance.py:1179} INFO - Dependencies all met for <TaskInstance: dynamically_branching1.check_table_exist scheduled__2021-01-19T00:00:00+00:00 [queued]>
[2022-08-24 19:12:58,661] {taskinstance.py:1179} INFO - Dependencies all met for <TaskInstance: dynamically_branching1.check_table_exist scheduled__2021-01-19T00:00:00+00:00 [queued]>
[2022-08-24 19:12:58,663] {taskinstance.py:1376} INFO - 
--------------------------------------------------------------------------------
[2022-08-24 19:12:58,664] {taskinstance.py:1377} INFO - Starting attempt 1 of 1
[2022-08-24 19:12:58,665] {taskinstance.py:1378} INFO - 
--------------------------------------------------------------------------------
[2022-08-24 19:12:58,686] {taskinstance.py:1397} INFO - Executing <Task(BranchPythonOperator): check_table_exist> on 2021-01-19 00:00:00+00:00
[2022-08-24 19:12:58,695] {standard_task_runner.py:52} INFO - Started process 8064 to run task
[2022-08-24 19:12:58,700] {standard_task_runner.py:79} INFO - Running: ['***', 'tasks', 'run', 'dynamically_branching1', 'check_table_exist', 'scheduled__2021-01-19T00:00:00+00:00', '--job-id', '2096', '--raw', '--subdir', 'DAGS_FOLDER/jobs_dag.py', '--cfg-path', '/tmp/tmphdyqlris', '--error-file', '/tmp/tmphtf3rw56']
[2022-08-24 19:12:58,704] {standard_task_runner.py:80} INFO - Job 2096: Subtask check_table_exist
[2022-08-24 19:12:58,809] {task_command.py:371} INFO - Running <TaskInstance: dynamically_branching1.check_table_exist scheduled__2021-01-19T00:00:00+00:00 [running]> on host 9d5d2a77e6ba
[2022-08-24 19:12:58,980] {taskinstance.py:1591} INFO - Exporting the following env vars:
AIRFLOW_CTX_DAG_OWNER=***
AIRFLOW_CTX_DAG_ID=dynamically_branching1
AIRFLOW_CTX_TASK_ID=check_table_exist
AIRFLOW_CTX_EXECUTION_DATE=2021-01-19T00:00:00+00:00
AIRFLOW_CTX_TRY_NUMBER=1
AIRFLOW_CTX_DAG_RUN_ID=scheduled__2021-01-19T00:00:00+00:00
[2022-08-24 19:12:58,985] {python.py:173} INFO - Done. Returned value was: insert_row
[2022-08-24 19:12:58,993] {skipmixin.py:140} INFO - Following branch insert_row
[2022-08-24 19:12:58,996] {skipmixin.py:175} INFO - Skipping tasks ['create_table']
[2022-08-24 19:12:59,142] {taskinstance.py:1420} INFO - Marking task as SUCCESS. dag_id=dynamically_branching1, task_id=check_table_exist, execution_date=20210119T000000, start_date=20220824T191258, end_date=20220824T191259
[2022-08-24 19:12:59,206] {local_task_job.py:156} INFO - Task exited with return code 0
[2022-08-24 19:12:59,375] {local_task_job.py:273} INFO - 0 downstream tasks scheduled from follow-on schedule check
