[2022-08-24 19:10:23,522] {taskinstance.py:1179} INFO - Dependencies all met for <TaskInstance: dynamically_branching1.check_table_exist scheduled__2020-09-19T00:00:00+00:00 [queued]>
[2022-08-24 19:10:23,545] {taskinstance.py:1179} INFO - Dependencies all met for <TaskInstance: dynamically_branching1.check_table_exist scheduled__2020-09-19T00:00:00+00:00 [queued]>
[2022-08-24 19:10:23,546] {taskinstance.py:1376} INFO - 
--------------------------------------------------------------------------------
[2022-08-24 19:10:23,547] {taskinstance.py:1377} INFO - Starting attempt 1 of 1
[2022-08-24 19:10:23,548] {taskinstance.py:1378} INFO - 
--------------------------------------------------------------------------------
[2022-08-24 19:10:23,565] {taskinstance.py:1397} INFO - Executing <Task(BranchPythonOperator): check_table_exist> on 2020-09-19 00:00:00+00:00
[2022-08-24 19:10:23,576] {standard_task_runner.py:52} INFO - Started process 7257 to run task
[2022-08-24 19:10:23,584] {standard_task_runner.py:79} INFO - Running: ['***', 'tasks', 'run', 'dynamically_branching1', 'check_table_exist', 'scheduled__2020-09-19T00:00:00+00:00', '--job-id', '1853', '--raw', '--subdir', 'DAGS_FOLDER/jobs_dag.py', '--cfg-path', '/tmp/tmpehkg0r8a', '--error-file', '/tmp/tmp09h0zcf2']
[2022-08-24 19:10:23,586] {standard_task_runner.py:80} INFO - Job 1853: Subtask check_table_exist
[2022-08-24 19:10:23,726] {task_command.py:371} INFO - Running <TaskInstance: dynamically_branching1.check_table_exist scheduled__2020-09-19T00:00:00+00:00 [running]> on host 9d5d2a77e6ba
[2022-08-24 19:10:23,991] {taskinstance.py:1591} INFO - Exporting the following env vars:
AIRFLOW_CTX_DAG_OWNER=***
AIRFLOW_CTX_DAG_ID=dynamically_branching1
AIRFLOW_CTX_TASK_ID=check_table_exist
AIRFLOW_CTX_EXECUTION_DATE=2020-09-19T00:00:00+00:00
AIRFLOW_CTX_TRY_NUMBER=1
AIRFLOW_CTX_DAG_RUN_ID=scheduled__2020-09-19T00:00:00+00:00
[2022-08-24 19:10:23,996] {python.py:173} INFO - Done. Returned value was: insert_row
[2022-08-24 19:10:24,000] {skipmixin.py:140} INFO - Following branch insert_row
[2022-08-24 19:10:24,001] {skipmixin.py:175} INFO - Skipping tasks ['create_table']
[2022-08-24 19:10:24,146] {taskinstance.py:1420} INFO - Marking task as SUCCESS. dag_id=dynamically_branching1, task_id=check_table_exist, execution_date=20200919T000000, start_date=20220824T191023, end_date=20220824T191024
[2022-08-24 19:10:24,207] {local_task_job.py:156} INFO - Task exited with return code 0
[2022-08-24 19:10:24,366] {local_task_job.py:273} INFO - 1 downstream tasks scheduled from follow-on schedule check
