[2022-08-24 19:19:06,774] {taskinstance.py:1179} INFO - Dependencies all met for <TaskInstance: dynamically_branching1.bash_task scheduled__2021-12-03T00:00:00+00:00 [queued]>
[2022-08-24 19:19:06,898] {taskinstance.py:1179} INFO - Dependencies all met for <TaskInstance: dynamically_branching1.bash_task scheduled__2021-12-03T00:00:00+00:00 [queued]>
[2022-08-24 19:19:06,903] {taskinstance.py:1376} INFO - 
--------------------------------------------------------------------------------
[2022-08-24 19:19:06,904] {taskinstance.py:1377} INFO - Starting attempt 1 of 1
[2022-08-24 19:19:06,905] {taskinstance.py:1378} INFO - 
--------------------------------------------------------------------------------
[2022-08-24 19:19:07,057] {taskinstance.py:1397} INFO - Executing <Task(BashOperator): bash_task> on 2021-12-03 00:00:00+00:00
[2022-08-24 19:19:07,107] {standard_task_runner.py:52} INFO - Started process 10134 to run task
[2022-08-24 19:19:07,146] {standard_task_runner.py:79} INFO - Running: ['***', 'tasks', 'run', 'dynamically_branching1', 'bash_task', 'scheduled__2021-12-03T00:00:00+00:00', '--job-id', '2724', '--raw', '--subdir', 'DAGS_FOLDER/jobs_dag.py', '--cfg-path', '/tmp/tmpcwc6obvw', '--error-file', '/tmp/tmp0n8am09w']
[2022-08-24 19:19:07,168] {standard_task_runner.py:80} INFO - Job 2724: Subtask bash_task
[2022-08-24 19:19:07,548] {task_command.py:371} INFO - Running <TaskInstance: dynamically_branching1.bash_task scheduled__2021-12-03T00:00:00+00:00 [running]> on host 9d5d2a77e6ba
[2022-08-24 19:19:08,211] {taskinstance.py:1591} INFO - Exporting the following env vars:
AIRFLOW_CTX_DAG_OWNER=***
AIRFLOW_CTX_DAG_ID=dynamically_branching1
AIRFLOW_CTX_TASK_ID=bash_task
AIRFLOW_CTX_EXECUTION_DATE=2021-12-03T00:00:00+00:00
AIRFLOW_CTX_TRY_NUMBER=1
AIRFLOW_CTX_DAG_RUN_ID=scheduled__2021-12-03T00:00:00+00:00
[2022-08-24 19:19:08,219] {subprocess.py:62} INFO - Tmp dir root location: 
 /tmp
[2022-08-24 19:19:08,221] {subprocess.py:74} INFO - Running command: ['bash', '-c', 'echo $(whoami)']
[2022-08-24 19:19:08,251] {subprocess.py:85} INFO - Output:
[2022-08-24 19:19:08,259] {subprocess.py:92} INFO - default
[2022-08-24 19:19:08,263] {subprocess.py:96} INFO - Command exited with return code 0
[2022-08-24 19:19:08,392] {taskinstance.py:1420} INFO - Marking task as SUCCESS. dag_id=dynamically_branching1, task_id=bash_task, execution_date=20211203T000000, start_date=20220824T191906, end_date=20220824T191908
[2022-08-24 19:19:08,642] {local_task_job.py:156} INFO - Task exited with return code 0
[2022-08-24 19:19:08,966] {local_task_job.py:273} INFO - 0 downstream tasks scheduled from follow-on schedule check
