[2022-08-24 18:42:43,732] {taskinstance.py:1179} INFO - Dependencies all met for <TaskInstance: dynamically_branching1.query_table scheduled__2018-12-13T00:00:00+00:00 [queued]>
[2022-08-24 18:42:43,780] {taskinstance.py:1179} INFO - Dependencies all met for <TaskInstance: dynamically_branching1.query_table scheduled__2018-12-13T00:00:00+00:00 [queued]>
[2022-08-24 18:42:43,781] {taskinstance.py:1376} INFO - 
--------------------------------------------------------------------------------
[2022-08-24 18:42:43,782] {taskinstance.py:1377} INFO - Starting attempt 1 of 1
[2022-08-24 18:42:43,783] {taskinstance.py:1378} INFO - 
--------------------------------------------------------------------------------
[2022-08-24 18:42:43,849] {taskinstance.py:1397} INFO - Executing <Task(PythonOperator): query_table> on 2018-12-13 00:00:00+00:00
[2022-08-24 18:42:43,871] {standard_task_runner.py:52} INFO - Started process 3846 to run task
[2022-08-24 18:42:43,904] {standard_task_runner.py:79} INFO - Running: ['***', 'tasks', 'run', 'dynamically_branching1', 'query_table', 'scheduled__2018-12-13T00:00:00+00:00', '--job-id', '856', '--raw', '--subdir', 'DAGS_FOLDER/jobs_dag.py', '--cfg-path', '/tmp/tmpmuse4b44', '--error-file', '/tmp/tmp0bsyipc7']
[2022-08-24 18:42:43,907] {standard_task_runner.py:80} INFO - Job 856: Subtask query_table
[2022-08-24 18:42:44,187] {task_command.py:371} INFO - Running <TaskInstance: dynamically_branching1.query_table scheduled__2018-12-13T00:00:00+00:00 [running]> on host 9d5d2a77e6ba
[2022-08-24 18:42:44,463] {taskinstance.py:1591} INFO - Exporting the following env vars:
AIRFLOW_CTX_DAG_OWNER=***
AIRFLOW_CTX_DAG_ID=dynamically_branching1
AIRFLOW_CTX_TASK_ID=query_table
AIRFLOW_CTX_EXECUTION_DATE=2018-12-13T00:00:00+00:00
AIRFLOW_CTX_TRY_NUMBER=1
AIRFLOW_CTX_DAG_RUN_ID=scheduled__2018-12-13T00:00:00+00:00
[2022-08-24 18:42:44,469] {python.py:173} INFO - Done. Returned value was: finish
[2022-08-24 18:42:44,556] {taskinstance.py:1420} INFO - Marking task as SUCCESS. dag_id=dynamically_branching1, task_id=query_table, execution_date=20181213T000000, start_date=20220824T184243, end_date=20220824T184244
[2022-08-24 18:42:44,606] {local_task_job.py:156} INFO - Task exited with return code 0
[2022-08-24 18:42:44,711] {local_task_job.py:273} INFO - 0 downstream tasks scheduled from follow-on schedule check
