[2022-08-24 19:07:03,360] {taskinstance.py:1179} INFO - Dependencies all met for <TaskInstance: dynamically_branching1.bash_task scheduled__2020-05-08T00:00:00+00:00 [queued]>
[2022-08-24 19:07:03,445] {taskinstance.py:1179} INFO - Dependencies all met for <TaskInstance: dynamically_branching1.bash_task scheduled__2020-05-08T00:00:00+00:00 [queued]>
[2022-08-24 19:07:03,446] {taskinstance.py:1376} INFO - 
--------------------------------------------------------------------------------
[2022-08-24 19:07:03,451] {taskinstance.py:1377} INFO - Starting attempt 1 of 1
[2022-08-24 19:07:03,452] {taskinstance.py:1378} INFO - 
--------------------------------------------------------------------------------
[2022-08-24 19:07:03,619] {taskinstance.py:1397} INFO - Executing <Task(BashOperator): bash_task> on 2020-05-08 00:00:00+00:00
[2022-08-24 19:07:03,694] {standard_task_runner.py:52} INFO - Started process 6403 to run task
[2022-08-24 19:07:03,729] {standard_task_runner.py:79} INFO - Running: ['***', 'tasks', 'run', 'dynamically_branching1', 'bash_task', 'scheduled__2020-05-08T00:00:00+00:00', '--job-id', '1574', '--raw', '--subdir', 'DAGS_FOLDER/jobs_dag.py', '--cfg-path', '/tmp/tmpsae9sa91', '--error-file', '/tmp/tmptf01sx52']
[2022-08-24 19:07:03,742] {standard_task_runner.py:80} INFO - Job 1574: Subtask bash_task
[2022-08-24 19:07:04,505] {task_command.py:371} INFO - Running <TaskInstance: dynamically_branching1.bash_task scheduled__2020-05-08T00:00:00+00:00 [running]> on host 9d5d2a77e6ba
[2022-08-24 19:07:05,369] {taskinstance.py:1591} INFO - Exporting the following env vars:
AIRFLOW_CTX_DAG_OWNER=***
AIRFLOW_CTX_DAG_ID=dynamically_branching1
AIRFLOW_CTX_TASK_ID=bash_task
AIRFLOW_CTX_EXECUTION_DATE=2020-05-08T00:00:00+00:00
AIRFLOW_CTX_TRY_NUMBER=1
AIRFLOW_CTX_DAG_RUN_ID=scheduled__2020-05-08T00:00:00+00:00
[2022-08-24 19:07:05,379] {subprocess.py:62} INFO - Tmp dir root location: 
 /tmp
[2022-08-24 19:07:05,395] {subprocess.py:74} INFO - Running command: ['bash', '-c', 'whoami']
[2022-08-24 19:07:05,594] {subprocess.py:85} INFO - Output:
[2022-08-24 19:07:05,617] {subprocess.py:92} INFO - default
[2022-08-24 19:07:05,631] {subprocess.py:96} INFO - Command exited with return code 0
[2022-08-24 19:07:05,951] {taskinstance.py:1420} INFO - Marking task as SUCCESS. dag_id=dynamically_branching1, task_id=bash_task, execution_date=20200508T000000, start_date=20220824T190703, end_date=20220824T190705
[2022-08-24 19:07:06,213] {local_task_job.py:156} INFO - Task exited with return code 0
[2022-08-24 19:07:06,587] {local_task_job.py:273} INFO - 1 downstream tasks scheduled from follow-on schedule check
