[2022-08-24 19:14:55,193] {taskinstance.py:1179} INFO - Dependencies all met for <TaskInstance: dynamically_branching1.check_table_exist scheduled__2021-04-30T00:00:00+00:00 [queued]>
[2022-08-24 19:14:55,260] {taskinstance.py:1179} INFO - Dependencies all met for <TaskInstance: dynamically_branching1.check_table_exist scheduled__2021-04-30T00:00:00+00:00 [queued]>
[2022-08-24 19:14:55,262] {taskinstance.py:1376} INFO - 
--------------------------------------------------------------------------------
[2022-08-24 19:14:55,263] {taskinstance.py:1377} INFO - Starting attempt 1 of 1
[2022-08-24 19:14:55,264] {taskinstance.py:1378} INFO - 
--------------------------------------------------------------------------------
[2022-08-24 19:14:55,358] {taskinstance.py:1397} INFO - Executing <Task(BranchPythonOperator): check_table_exist> on 2021-04-30 00:00:00+00:00
[2022-08-24 19:14:55,383] {standard_task_runner.py:52} INFO - Started process 8742 to run task
[2022-08-24 19:14:55,414] {standard_task_runner.py:79} INFO - Running: ['***', 'tasks', 'run', 'dynamically_branching1', 'check_table_exist', 'scheduled__2021-04-30T00:00:00+00:00', '--job-id', '2300', '--raw', '--subdir', 'DAGS_FOLDER/jobs_dag.py', '--cfg-path', '/tmp/tmpv3kzf8ke', '--error-file', '/tmp/tmp1vjm_i70']
[2022-08-24 19:14:55,422] {standard_task_runner.py:80} INFO - Job 2300: Subtask check_table_exist
[2022-08-24 19:14:55,680] {task_command.py:371} INFO - Running <TaskInstance: dynamically_branching1.check_table_exist scheduled__2021-04-30T00:00:00+00:00 [running]> on host 9d5d2a77e6ba
[2022-08-24 19:14:56,000] {taskinstance.py:1591} INFO - Exporting the following env vars:
AIRFLOW_CTX_DAG_OWNER=***
AIRFLOW_CTX_DAG_ID=dynamically_branching1
AIRFLOW_CTX_TASK_ID=check_table_exist
AIRFLOW_CTX_EXECUTION_DATE=2021-04-30T00:00:00+00:00
AIRFLOW_CTX_TRY_NUMBER=1
AIRFLOW_CTX_DAG_RUN_ID=scheduled__2021-04-30T00:00:00+00:00
[2022-08-24 19:14:56,002] {python.py:173} INFO - Done. Returned value was: insert_row
[2022-08-24 19:14:56,003] {skipmixin.py:140} INFO - Following branch insert_row
[2022-08-24 19:14:56,004] {skipmixin.py:175} INFO - Skipping tasks ['create_table']
[2022-08-24 19:14:56,172] {taskinstance.py:1420} INFO - Marking task as SUCCESS. dag_id=dynamically_branching1, task_id=check_table_exist, execution_date=20210430T000000, start_date=20220824T191455, end_date=20220824T191456
[2022-08-24 19:14:56,278] {local_task_job.py:156} INFO - Task exited with return code 0
[2022-08-24 19:14:56,435] {local_task_job.py:273} INFO - 1 downstream tasks scheduled from follow-on schedule check
