[2022-08-24 19:06:35,859] {taskinstance.py:1179} INFO - Dependencies all met for <TaskInstance: dynamically_branching1.bash_task scheduled__2020-04-20T00:00:00+00:00 [queued]>
[2022-08-24 19:06:35,911] {taskinstance.py:1179} INFO - Dependencies all met for <TaskInstance: dynamically_branching1.bash_task scheduled__2020-04-20T00:00:00+00:00 [queued]>
[2022-08-24 19:06:35,912] {taskinstance.py:1376} INFO - 
--------------------------------------------------------------------------------
[2022-08-24 19:06:35,916] {taskinstance.py:1377} INFO - Starting attempt 1 of 1
[2022-08-24 19:06:35,917] {taskinstance.py:1378} INFO - 
--------------------------------------------------------------------------------
[2022-08-24 19:06:35,970] {taskinstance.py:1397} INFO - Executing <Task(BashOperator): bash_task> on 2020-04-20 00:00:00+00:00
[2022-08-24 19:06:35,991] {standard_task_runner.py:52} INFO - Started process 6294 to run task
[2022-08-24 19:06:36,023] {standard_task_runner.py:79} INFO - Running: ['***', 'tasks', 'run', 'dynamically_branching1', 'bash_task', 'scheduled__2020-04-20T00:00:00+00:00', '--job-id', '1538', '--raw', '--subdir', 'DAGS_FOLDER/jobs_dag.py', '--cfg-path', '/tmp/tmpo2ghytmu', '--error-file', '/tmp/tmpvmcxlwsg']
[2022-08-24 19:06:36,027] {standard_task_runner.py:80} INFO - Job 1538: Subtask bash_task
[2022-08-24 19:06:36,214] {task_command.py:371} INFO - Running <TaskInstance: dynamically_branching1.bash_task scheduled__2020-04-20T00:00:00+00:00 [running]> on host 9d5d2a77e6ba
[2022-08-24 19:06:36,629] {taskinstance.py:1591} INFO - Exporting the following env vars:
AIRFLOW_CTX_DAG_OWNER=***
AIRFLOW_CTX_DAG_ID=dynamically_branching1
AIRFLOW_CTX_TASK_ID=bash_task
AIRFLOW_CTX_EXECUTION_DATE=2020-04-20T00:00:00+00:00
AIRFLOW_CTX_TRY_NUMBER=1
AIRFLOW_CTX_DAG_RUN_ID=scheduled__2020-04-20T00:00:00+00:00
[2022-08-24 19:06:36,634] {subprocess.py:62} INFO - Tmp dir root location: 
 /tmp
[2022-08-24 19:06:36,636] {subprocess.py:74} INFO - Running command: ['bash', '-c', 'whoami']
[2022-08-24 19:06:36,703] {subprocess.py:85} INFO - Output:
[2022-08-24 19:06:36,739] {subprocess.py:92} INFO - default
[2022-08-24 19:06:36,740] {subprocess.py:96} INFO - Command exited with return code 0
[2022-08-24 19:06:36,849] {taskinstance.py:1420} INFO - Marking task as SUCCESS. dag_id=dynamically_branching1, task_id=bash_task, execution_date=20200420T000000, start_date=20220824T190635, end_date=20220824T190636
[2022-08-24 19:06:36,973] {local_task_job.py:156} INFO - Task exited with return code 0
[2022-08-24 19:06:37,330] {local_task_job.py:273} INFO - 1 downstream tasks scheduled from follow-on schedule check
