[2022-08-24 19:21:49,739] {taskinstance.py:1179} INFO - Dependencies all met for <TaskInstance: dynamically_branching1.check_table_exist scheduled__2022-04-18T00:00:00+00:00 [queued]>
[2022-08-24 19:21:49,815] {taskinstance.py:1179} INFO - Dependencies all met for <TaskInstance: dynamically_branching1.check_table_exist scheduled__2022-04-18T00:00:00+00:00 [queued]>
[2022-08-24 19:21:49,816] {taskinstance.py:1376} INFO - 
--------------------------------------------------------------------------------
[2022-08-24 19:21:49,816] {taskinstance.py:1377} INFO - Starting attempt 1 of 1
[2022-08-24 19:21:49,817] {taskinstance.py:1378} INFO - 
--------------------------------------------------------------------------------
[2022-08-24 19:21:49,876] {taskinstance.py:1397} INFO - Executing <Task(BranchPythonOperator): check_table_exist> on 2022-04-18 00:00:00+00:00
[2022-08-24 19:21:49,891] {standard_task_runner.py:52} INFO - Started process 11049 to run task
[2022-08-24 19:21:49,899] {standard_task_runner.py:79} INFO - Running: ['***', 'tasks', 'run', 'dynamically_branching1', 'check_table_exist', 'scheduled__2022-04-18T00:00:00+00:00', '--job-id', '3002', '--raw', '--subdir', 'DAGS_FOLDER/jobs_dag.py', '--cfg-path', '/tmp/tmpdiz1q8bk', '--error-file', '/tmp/tmpykc3k7gg']
[2022-08-24 19:21:49,901] {standard_task_runner.py:80} INFO - Job 3002: Subtask check_table_exist
[2022-08-24 19:21:50,176] {task_command.py:371} INFO - Running <TaskInstance: dynamically_branching1.check_table_exist scheduled__2022-04-18T00:00:00+00:00 [running]> on host 9d5d2a77e6ba
[2022-08-24 19:21:50,482] {taskinstance.py:1591} INFO - Exporting the following env vars:
AIRFLOW_CTX_DAG_OWNER=***
AIRFLOW_CTX_DAG_ID=dynamically_branching1
AIRFLOW_CTX_TASK_ID=check_table_exist
AIRFLOW_CTX_EXECUTION_DATE=2022-04-18T00:00:00+00:00
AIRFLOW_CTX_TRY_NUMBER=1
AIRFLOW_CTX_DAG_RUN_ID=scheduled__2022-04-18T00:00:00+00:00
[2022-08-24 19:21:50,484] {python.py:173} INFO - Done. Returned value was: insert_row
[2022-08-24 19:21:50,485] {skipmixin.py:140} INFO - Following branch insert_row
[2022-08-24 19:21:50,487] {skipmixin.py:175} INFO - Skipping tasks ['create_table']
[2022-08-24 19:21:50,666] {taskinstance.py:1420} INFO - Marking task as SUCCESS. dag_id=dynamically_branching1, task_id=check_table_exist, execution_date=20220418T000000, start_date=20220824T192149, end_date=20220824T192150
[2022-08-24 19:21:50,738] {local_task_job.py:156} INFO - Task exited with return code 0
[2022-08-24 19:21:50,914] {local_task_job.py:273} INFO - 1 downstream tasks scheduled from follow-on schedule check
