[2022-08-24 19:15:32,255] {taskinstance.py:1179} INFO - Dependencies all met for <TaskInstance: dynamically_branching1.check_table_exist scheduled__2021-05-31T00:00:00+00:00 [queued]>
[2022-08-24 19:15:32,340] {taskinstance.py:1179} INFO - Dependencies all met for <TaskInstance: dynamically_branching1.check_table_exist scheduled__2021-05-31T00:00:00+00:00 [queued]>
[2022-08-24 19:15:32,341] {taskinstance.py:1376} INFO - 
--------------------------------------------------------------------------------
[2022-08-24 19:15:32,346] {taskinstance.py:1377} INFO - Starting attempt 1 of 1
[2022-08-24 19:15:32,348] {taskinstance.py:1378} INFO - 
--------------------------------------------------------------------------------
[2022-08-24 19:15:32,437] {taskinstance.py:1397} INFO - Executing <Task(BranchPythonOperator): check_table_exist> on 2021-05-31 00:00:00+00:00
[2022-08-24 19:15:32,463] {standard_task_runner.py:52} INFO - Started process 8952 to run task
[2022-08-24 19:15:32,578] {standard_task_runner.py:79} INFO - Running: ['***', 'tasks', 'run', 'dynamically_branching1', 'check_table_exist', 'scheduled__2021-05-31T00:00:00+00:00', '--job-id', '2364', '--raw', '--subdir', 'DAGS_FOLDER/jobs_dag.py', '--cfg-path', '/tmp/tmpljmrw8he', '--error-file', '/tmp/tmpe6jvraj5']
[2022-08-24 19:15:32,581] {standard_task_runner.py:80} INFO - Job 2364: Subtask check_table_exist
[2022-08-24 19:15:32,996] {task_command.py:371} INFO - Running <TaskInstance: dynamically_branching1.check_table_exist scheduled__2021-05-31T00:00:00+00:00 [running]> on host 9d5d2a77e6ba
[2022-08-24 19:15:33,651] {taskinstance.py:1591} INFO - Exporting the following env vars:
AIRFLOW_CTX_DAG_OWNER=***
AIRFLOW_CTX_DAG_ID=dynamically_branching1
AIRFLOW_CTX_TASK_ID=check_table_exist
AIRFLOW_CTX_EXECUTION_DATE=2021-05-31T00:00:00+00:00
AIRFLOW_CTX_TRY_NUMBER=1
AIRFLOW_CTX_DAG_RUN_ID=scheduled__2021-05-31T00:00:00+00:00
[2022-08-24 19:15:33,662] {python.py:173} INFO - Done. Returned value was: insert_row
[2022-08-24 19:15:33,669] {skipmixin.py:140} INFO - Following branch insert_row
[2022-08-24 19:15:33,672] {skipmixin.py:175} INFO - Skipping tasks ['create_table']
[2022-08-24 19:15:33,881] {taskinstance.py:1420} INFO - Marking task as SUCCESS. dag_id=dynamically_branching1, task_id=check_table_exist, execution_date=20210531T000000, start_date=20220824T191532, end_date=20220824T191533
[2022-08-24 19:15:34,010] {local_task_job.py:156} INFO - Task exited with return code 0
[2022-08-24 19:15:34,326] {local_task_job.py:273} INFO - 1 downstream tasks scheduled from follow-on schedule check
