[2022-09-05 06:04:02,150] {taskinstance.py:1179} INFO - Dependencies all met for <TaskInstance: tables_name_1.check_table_exist scheduled__2018-10-11T00:00:00+00:00 [queued]>
[2022-09-05 06:04:02,162] {taskinstance.py:1179} INFO - Dependencies all met for <TaskInstance: tables_name_1.check_table_exist scheduled__2018-10-11T00:00:00+00:00 [queued]>
[2022-09-05 06:04:02,163] {taskinstance.py:1376} INFO - 
--------------------------------------------------------------------------------
[2022-09-05 06:04:02,164] {taskinstance.py:1377} INFO - Starting attempt 1 of 1
[2022-09-05 06:04:02,165] {taskinstance.py:1378} INFO - 
--------------------------------------------------------------------------------
[2022-09-05 06:04:02,181] {taskinstance.py:1397} INFO - Executing <Task(BranchPythonOperator): check_table_exist> on 2018-10-11 00:00:00+00:00
[2022-09-05 06:04:02,186] {standard_task_runner.py:52} INFO - Started process 6509 to run task
[2022-09-05 06:04:02,190] {standard_task_runner.py:79} INFO - Running: ['***', 'tasks', 'run', 'tables_name_1', 'check_table_exist', 'scheduled__2018-10-11T00:00:00+00:00', '--job-id', '3802', '--raw', '--subdir', 'DAGS_FOLDER/jobs_dag.py', '--cfg-path', '/tmp/tmp5mp95y_c', '--error-file', '/tmp/tmpc_x3c30_']
[2022-09-05 06:04:02,191] {standard_task_runner.py:80} INFO - Job 3802: Subtask check_table_exist
[2022-09-05 06:04:02,272] {task_command.py:371} INFO - Running <TaskInstance: tables_name_1.check_table_exist scheduled__2018-10-11T00:00:00+00:00 [running]> on host 643b3d669374
[2022-09-05 06:04:02,358] {taskinstance.py:1591} INFO - Exporting the following env vars:
AIRFLOW_CTX_DAG_OWNER=***
AIRFLOW_CTX_DAG_ID=tables_name_1
AIRFLOW_CTX_TASK_ID=check_table_exist
AIRFLOW_CTX_EXECUTION_DATE=2018-10-11T00:00:00+00:00
AIRFLOW_CTX_TRY_NUMBER=1
AIRFLOW_CTX_DAG_RUN_ID=scheduled__2018-10-11T00:00:00+00:00
[2022-09-05 06:04:02,362] {python.py:173} INFO - Done. Returned value was: insert_row
[2022-09-05 06:04:02,364] {skipmixin.py:140} INFO - Following branch insert_row
[2022-09-05 06:04:02,365] {skipmixin.py:175} INFO - Skipping tasks ['create_table']
[2022-09-05 06:04:02,426] {taskinstance.py:1420} INFO - Marking task as SUCCESS. dag_id=tables_name_1, task_id=check_table_exist, execution_date=20181011T000000, start_date=20220905T060402, end_date=20220905T060402
[2022-09-05 06:04:02,484] {local_task_job.py:156} INFO - Task exited with return code 0
[2022-09-05 06:04:02,552] {local_task_job.py:273} INFO - 1 downstream tasks scheduled from follow-on schedule check
