[2022-08-24 18:44:18,965] {taskinstance.py:1179} INFO - Dependencies all met for <TaskInstance: dynamically_branching1.query_table scheduled__2019-02-04T00:00:00+00:00 [queued]>
[2022-08-24 18:44:19,016] {taskinstance.py:1179} INFO - Dependencies all met for <TaskInstance: dynamically_branching1.query_table scheduled__2019-02-04T00:00:00+00:00 [queued]>
[2022-08-24 18:44:19,023] {taskinstance.py:1376} INFO - 
--------------------------------------------------------------------------------
[2022-08-24 18:44:19,025] {taskinstance.py:1377} INFO - Starting attempt 1 of 1
[2022-08-24 18:44:19,026] {taskinstance.py:1378} INFO - 
--------------------------------------------------------------------------------
[2022-08-24 18:44:19,072] {taskinstance.py:1397} INFO - Executing <Task(PythonOperator): query_table> on 2019-02-04 00:00:00+00:00
[2022-08-24 18:44:19,099] {standard_task_runner.py:52} INFO - Started process 4193 to run task
[2022-08-24 18:44:19,136] {standard_task_runner.py:79} INFO - Running: ['***', 'tasks', 'run', 'dynamically_branching1', 'query_table', 'scheduled__2019-02-04T00:00:00+00:00', '--job-id', '1004', '--raw', '--subdir', 'DAGS_FOLDER/jobs_dag.py', '--cfg-path', '/tmp/tmpw7s4ctd3', '--error-file', '/tmp/tmp57y307vs']
[2022-08-24 18:44:19,142] {standard_task_runner.py:80} INFO - Job 1004: Subtask query_table
[2022-08-24 18:44:19,491] {task_command.py:371} INFO - Running <TaskInstance: dynamically_branching1.query_table scheduled__2019-02-04T00:00:00+00:00 [running]> on host 9d5d2a77e6ba
[2022-08-24 18:44:19,933] {taskinstance.py:1591} INFO - Exporting the following env vars:
AIRFLOW_CTX_DAG_OWNER=***
AIRFLOW_CTX_DAG_ID=dynamically_branching1
AIRFLOW_CTX_TASK_ID=query_table
AIRFLOW_CTX_EXECUTION_DATE=2019-02-04T00:00:00+00:00
AIRFLOW_CTX_TRY_NUMBER=1
AIRFLOW_CTX_DAG_RUN_ID=scheduled__2019-02-04T00:00:00+00:00
[2022-08-24 18:44:19,936] {python.py:173} INFO - Done. Returned value was: finish
[2022-08-24 18:44:20,018] {taskinstance.py:1420} INFO - Marking task as SUCCESS. dag_id=dynamically_branching1, task_id=query_table, execution_date=20190204T000000, start_date=20220824T184418, end_date=20220824T184420
[2022-08-24 18:44:20,118] {local_task_job.py:156} INFO - Task exited with return code 0
[2022-08-24 18:44:20,221] {local_task_job.py:273} INFO - 0 downstream tasks scheduled from follow-on schedule check
