[2022-08-24 19:03:19,661] {taskinstance.py:1179} INFO - Dependencies all met for <TaskInstance: dynamically_branching1.check_table_exist scheduled__2019-11-05T00:00:00+00:00 [queued]>
[2022-08-24 19:03:19,688] {taskinstance.py:1179} INFO - Dependencies all met for <TaskInstance: dynamically_branching1.check_table_exist scheduled__2019-11-05T00:00:00+00:00 [queued]>
[2022-08-24 19:03:19,691] {taskinstance.py:1376} INFO - 
--------------------------------------------------------------------------------
[2022-08-24 19:03:19,692] {taskinstance.py:1377} INFO - Starting attempt 1 of 1
[2022-08-24 19:03:19,694] {taskinstance.py:1378} INFO - 
--------------------------------------------------------------------------------
[2022-08-24 19:03:19,741] {taskinstance.py:1397} INFO - Executing <Task(BranchPythonOperator): check_table_exist> on 2019-11-05 00:00:00+00:00
[2022-08-24 19:03:19,770] {standard_task_runner.py:52} INFO - Started process 5659 to run task
[2022-08-24 19:03:19,794] {standard_task_runner.py:79} INFO - Running: ['***', 'tasks', 'run', 'dynamically_branching1', 'check_table_exist', 'scheduled__2019-11-05T00:00:00+00:00', '--job-id', '1308', '--raw', '--subdir', 'DAGS_FOLDER/jobs_dag.py', '--cfg-path', '/tmp/tmp5lbwvs4h', '--error-file', '/tmp/tmpq832qjpq']
[2022-08-24 19:03:19,797] {standard_task_runner.py:80} INFO - Job 1308: Subtask check_table_exist
[2022-08-24 19:03:19,978] {task_command.py:371} INFO - Running <TaskInstance: dynamically_branching1.check_table_exist scheduled__2019-11-05T00:00:00+00:00 [running]> on host 9d5d2a77e6ba
[2022-08-24 19:03:20,238] {taskinstance.py:1591} INFO - Exporting the following env vars:
AIRFLOW_CTX_DAG_OWNER=***
AIRFLOW_CTX_DAG_ID=dynamically_branching1
AIRFLOW_CTX_TASK_ID=check_table_exist
AIRFLOW_CTX_EXECUTION_DATE=2019-11-05T00:00:00+00:00
AIRFLOW_CTX_TRY_NUMBER=1
AIRFLOW_CTX_DAG_RUN_ID=scheduled__2019-11-05T00:00:00+00:00
[2022-08-24 19:03:20,242] {python.py:173} INFO - Done. Returned value was: insert_row
[2022-08-24 19:03:20,243] {skipmixin.py:140} INFO - Following branch insert_row
[2022-08-24 19:03:20,244] {skipmixin.py:175} INFO - Skipping tasks ['create_table']
[2022-08-24 19:03:20,350] {taskinstance.py:1420} INFO - Marking task as SUCCESS. dag_id=dynamically_branching1, task_id=check_table_exist, execution_date=20191105T000000, start_date=20220824T190319, end_date=20220824T190320
[2022-08-24 19:03:20,456] {local_task_job.py:156} INFO - Task exited with return code 0
[2022-08-24 19:03:20,624] {local_task_job.py:273} INFO - 0 downstream tasks scheduled from follow-on schedule check
