[2022-08-24 19:15:23,294] {taskinstance.py:1179} INFO - Dependencies all met for <TaskInstance: dynamically_branching1.bash_task scheduled__2021-05-23T00:00:00+00:00 [queued]>
[2022-08-24 19:15:23,307] {taskinstance.py:1179} INFO - Dependencies all met for <TaskInstance: dynamically_branching1.bash_task scheduled__2021-05-23T00:00:00+00:00 [queued]>
[2022-08-24 19:15:23,308] {taskinstance.py:1376} INFO - 
--------------------------------------------------------------------------------
[2022-08-24 19:15:23,308] {taskinstance.py:1377} INFO - Starting attempt 1 of 1
[2022-08-24 19:15:23,309] {taskinstance.py:1378} INFO - 
--------------------------------------------------------------------------------
[2022-08-24 19:15:23,333] {taskinstance.py:1397} INFO - Executing <Task(BashOperator): bash_task> on 2021-05-23 00:00:00+00:00
[2022-08-24 19:15:23,340] {standard_task_runner.py:52} INFO - Started process 8869 to run task
[2022-08-24 19:15:23,354] {standard_task_runner.py:79} INFO - Running: ['***', 'tasks', 'run', 'dynamically_branching1', 'bash_task', 'scheduled__2021-05-23T00:00:00+00:00', '--job-id', '2341', '--raw', '--subdir', 'DAGS_FOLDER/jobs_dag.py', '--cfg-path', '/tmp/tmp80jtn7t7', '--error-file', '/tmp/tmp_ssr1glc']
[2022-08-24 19:15:23,355] {standard_task_runner.py:80} INFO - Job 2341: Subtask bash_task
[2022-08-24 19:15:23,458] {task_command.py:371} INFO - Running <TaskInstance: dynamically_branching1.bash_task scheduled__2021-05-23T00:00:00+00:00 [running]> on host 9d5d2a77e6ba
[2022-08-24 19:15:23,640] {taskinstance.py:1591} INFO - Exporting the following env vars:
AIRFLOW_CTX_DAG_OWNER=***
AIRFLOW_CTX_DAG_ID=dynamically_branching1
AIRFLOW_CTX_TASK_ID=bash_task
AIRFLOW_CTX_EXECUTION_DATE=2021-05-23T00:00:00+00:00
AIRFLOW_CTX_TRY_NUMBER=1
AIRFLOW_CTX_DAG_RUN_ID=scheduled__2021-05-23T00:00:00+00:00
[2022-08-24 19:15:23,642] {subprocess.py:62} INFO - Tmp dir root location: 
 /tmp
[2022-08-24 19:15:23,643] {subprocess.py:74} INFO - Running command: ['bash', '-c', 'echo $(whoami)']
[2022-08-24 19:15:23,682] {subprocess.py:85} INFO - Output:
[2022-08-24 19:15:23,697] {subprocess.py:92} INFO - default
[2022-08-24 19:15:23,706] {subprocess.py:96} INFO - Command exited with return code 0
[2022-08-24 19:15:23,961] {taskinstance.py:1420} INFO - Marking task as SUCCESS. dag_id=dynamically_branching1, task_id=bash_task, execution_date=20210523T000000, start_date=20220824T191523, end_date=20220824T191523
[2022-08-24 19:15:24,056] {local_task_job.py:156} INFO - Task exited with return code 0
[2022-08-24 19:15:24,198] {local_task_job.py:273} INFO - 1 downstream tasks scheduled from follow-on schedule check
