[2022-09-02 21:53:38,820] {taskinstance.py:1179} INFO - Dependencies all met for <TaskInstance: dynamically_branching1.bash_task manual__2022-09-02T21:53:37.401514+00:00 [queued]>
[2022-09-02 21:53:38,837] {taskinstance.py:1179} INFO - Dependencies all met for <TaskInstance: dynamically_branching1.bash_task manual__2022-09-02T21:53:37.401514+00:00 [queued]>
[2022-09-02 21:53:38,839] {taskinstance.py:1376} INFO - 
--------------------------------------------------------------------------------
[2022-09-02 21:53:38,840] {taskinstance.py:1377} INFO - Starting attempt 1 of 1
[2022-09-02 21:53:38,841] {taskinstance.py:1378} INFO - 
--------------------------------------------------------------------------------
[2022-09-02 21:53:38,867] {taskinstance.py:1397} INFO - Executing <Task(BashOperator): bash_task> on 2022-09-02 21:53:37.401514+00:00
[2022-09-02 21:53:38,876] {standard_task_runner.py:52} INFO - Started process 417 to run task
[2022-09-02 21:53:38,887] {standard_task_runner.py:79} INFO - Running: ['***', 'tasks', 'run', 'dynamically_branching1', 'bash_task', 'manual__2022-09-02T21:53:37.401514+00:00', '--job-id', '3781', '--raw', '--subdir', 'DAGS_FOLDER/jobs_dag.py', '--cfg-path', '/tmp/tmpwkvzjgqm', '--error-file', '/tmp/tmp4towq8jn']
[2022-09-02 21:53:38,889] {standard_task_runner.py:80} INFO - Job 3781: Subtask bash_task
[2022-09-02 21:53:39,018] {task_command.py:371} INFO - Running <TaskInstance: dynamically_branching1.bash_task manual__2022-09-02T21:53:37.401514+00:00 [running]> on host 643b3d669374
[2022-09-02 21:53:39,119] {taskinstance.py:1591} INFO - Exporting the following env vars:
AIRFLOW_CTX_DAG_OWNER=***
AIRFLOW_CTX_DAG_ID=dynamically_branching1
AIRFLOW_CTX_TASK_ID=bash_task
AIRFLOW_CTX_EXECUTION_DATE=2022-09-02T21:53:37.401514+00:00
AIRFLOW_CTX_TRY_NUMBER=1
AIRFLOW_CTX_DAG_RUN_ID=manual__2022-09-02T21:53:37.401514+00:00
[2022-09-02 21:53:39,129] {subprocess.py:62} INFO - Tmp dir root location: 
 /tmp
[2022-09-02 21:53:39,130] {subprocess.py:74} INFO - Running command: ['bash', '-c', 'echo $(whoami)']
[2022-09-02 21:53:39,144] {subprocess.py:85} INFO - Output:
[2022-09-02 21:53:39,149] {subprocess.py:92} INFO - default
[2022-09-02 21:53:39,150] {subprocess.py:96} INFO - Command exited with return code 0
[2022-09-02 21:53:39,190] {taskinstance.py:1420} INFO - Marking task as SUCCESS. dag_id=dynamically_branching1, task_id=bash_task, execution_date=20220902T215337, start_date=20220902T215338, end_date=20220902T215339
[2022-09-02 21:53:39,215] {local_task_job.py:156} INFO - Task exited with return code 0
[2022-09-02 21:53:39,270] {local_task_job.py:273} INFO - 1 downstream tasks scheduled from follow-on schedule check
