[2022-08-30 18:22:50,569] {taskinstance.py:1179} INFO - Dependencies all met for <TaskInstance: dynamically_branching1.bash_task manual__2022-08-30T18:22:48.674003+00:00 [queued]>
[2022-08-30 18:22:50,580] {taskinstance.py:1179} INFO - Dependencies all met for <TaskInstance: dynamically_branching1.bash_task manual__2022-08-30T18:22:48.674003+00:00 [queued]>
[2022-08-30 18:22:50,581] {taskinstance.py:1376} INFO - 
--------------------------------------------------------------------------------
[2022-08-30 18:22:50,582] {taskinstance.py:1377} INFO - Starting attempt 1 of 1
[2022-08-30 18:22:50,582] {taskinstance.py:1378} INFO - 
--------------------------------------------------------------------------------
[2022-08-30 18:22:50,600] {taskinstance.py:1397} INFO - Executing <Task(BashOperator): bash_task> on 2022-08-30 18:22:48.674003+00:00
[2022-08-30 18:22:50,607] {standard_task_runner.py:52} INFO - Started process 75857 to run task
[2022-08-30 18:22:50,612] {standard_task_runner.py:79} INFO - Running: ['***', 'tasks', 'run', 'dynamically_branching1', 'bash_task', 'manual__2022-08-30T18:22:48.674003+00:00', '--job-id', '3376', '--raw', '--subdir', 'DAGS_FOLDER/jobs_dag.py', '--cfg-path', '/tmp/tmp6co6byd1', '--error-file', '/tmp/tmpes2y1au4']
[2022-08-30 18:22:50,613] {standard_task_runner.py:80} INFO - Job 3376: Subtask bash_task
[2022-08-30 18:22:50,702] {task_command.py:371} INFO - Running <TaskInstance: dynamically_branching1.bash_task manual__2022-08-30T18:22:48.674003+00:00 [running]> on host 9d5d2a77e6ba
[2022-08-30 18:22:50,796] {taskinstance.py:1591} INFO - Exporting the following env vars:
AIRFLOW_CTX_DAG_OWNER=***
AIRFLOW_CTX_DAG_ID=dynamically_branching1
AIRFLOW_CTX_TASK_ID=bash_task
AIRFLOW_CTX_EXECUTION_DATE=2022-08-30T18:22:48.674003+00:00
AIRFLOW_CTX_TRY_NUMBER=1
AIRFLOW_CTX_DAG_RUN_ID=manual__2022-08-30T18:22:48.674003+00:00
[2022-08-30 18:22:50,800] {subprocess.py:62} INFO - Tmp dir root location: 
 /tmp
[2022-08-30 18:22:50,802] {subprocess.py:74} INFO - Running command: ['bash', '-c', 'echo $(whoami)']
[2022-08-30 18:22:50,817] {subprocess.py:85} INFO - Output:
[2022-08-30 18:22:50,822] {subprocess.py:92} INFO - default
[2022-08-30 18:22:50,823] {subprocess.py:96} INFO - Command exited with return code 0
[2022-08-30 18:22:50,864] {taskinstance.py:1420} INFO - Marking task as SUCCESS. dag_id=dynamically_branching1, task_id=bash_task, execution_date=20220830T182248, start_date=20220830T182250, end_date=20220830T182250
[2022-08-30 18:22:50,905] {local_task_job.py:156} INFO - Task exited with return code 0
[2022-08-30 18:22:50,964] {local_task_job.py:273} INFO - 1 downstream tasks scheduled from follow-on schedule check
