[2022-09-06 16:37:26,636] {taskinstance.py:1179} INFO - Dependencies all met for <TaskInstance: tables_name_1.bash_task manual__2022-09-06T16:37:24.491922+00:00 [queued]>
[2022-09-06 16:37:26,649] {taskinstance.py:1179} INFO - Dependencies all met for <TaskInstance: tables_name_1.bash_task manual__2022-09-06T16:37:24.491922+00:00 [queued]>
[2022-09-06 16:37:26,650] {taskinstance.py:1376} INFO - 
--------------------------------------------------------------------------------
[2022-09-06 16:37:26,651] {taskinstance.py:1377} INFO - Starting attempt 1 of 1
[2022-09-06 16:37:26,652] {taskinstance.py:1378} INFO - 
--------------------------------------------------------------------------------
[2022-09-06 16:37:26,672] {taskinstance.py:1397} INFO - Executing <Task(BashOperator): bash_task> on 2022-09-06 16:37:24.491922+00:00
[2022-09-06 16:37:26,678] {standard_task_runner.py:52} INFO - Started process 7297 to run task
[2022-09-06 16:37:26,683] {standard_task_runner.py:79} INFO - Running: ['***', 'tasks', 'run', 'tables_name_1', 'bash_task', 'manual__2022-09-06T16:37:24.491922+00:00', '--job-id', '3861', '--raw', '--subdir', 'DAGS_FOLDER/jobs_dag.py', '--cfg-path', '/tmp/tmpguw_n4hw', '--error-file', '/tmp/tmpxlq3v0k6']
[2022-09-06 16:37:26,684] {standard_task_runner.py:80} INFO - Job 3861: Subtask bash_task
[2022-09-06 16:37:26,772] {task_command.py:371} INFO - Running <TaskInstance: tables_name_1.bash_task manual__2022-09-06T16:37:24.491922+00:00 [running]> on host eba23da77ca5
[2022-09-06 16:37:26,865] {taskinstance.py:1591} INFO - Exporting the following env vars:
AIRFLOW_CTX_DAG_OWNER=***
AIRFLOW_CTX_DAG_ID=tables_name_1
AIRFLOW_CTX_TASK_ID=bash_task
AIRFLOW_CTX_EXECUTION_DATE=2022-09-06T16:37:24.491922+00:00
AIRFLOW_CTX_TRY_NUMBER=1
AIRFLOW_CTX_DAG_RUN_ID=manual__2022-09-06T16:37:24.491922+00:00
[2022-09-06 16:37:26,867] {subprocess.py:62} INFO - Tmp dir root location: 
 /tmp
[2022-09-06 16:37:26,869] {subprocess.py:74} INFO - Running command: ['bash', '-c', 'whoami']
[2022-09-06 16:37:26,883] {subprocess.py:85} INFO - Output:
[2022-09-06 16:37:26,889] {subprocess.py:92} INFO - default
[2022-09-06 16:37:26,890] {subprocess.py:96} INFO - Command exited with return code 0
[2022-09-06 16:37:26,930] {taskinstance.py:1420} INFO - Marking task as SUCCESS. dag_id=tables_name_1, task_id=bash_task, execution_date=20220906T163724, start_date=20220906T163726, end_date=20220906T163726
[2022-09-06 16:37:26,976] {local_task_job.py:156} INFO - Task exited with return code 0
[2022-09-06 16:37:27,031] {local_task_job.py:273} INFO - 1 downstream tasks scheduled from follow-on schedule check
