[2022-09-01 18:03:11,757] {taskinstance.py:1179} INFO - Dependencies all met for <TaskInstance: dynamically_branching1.check_table_exist manual__2022-09-01T17:57:19.786407+00:00 [queued]>
[2022-09-01 18:03:11,775] {taskinstance.py:1179} INFO - Dependencies all met for <TaskInstance: dynamically_branching1.check_table_exist manual__2022-09-01T17:57:19.786407+00:00 [queued]>
[2022-09-01 18:03:11,777] {taskinstance.py:1376} INFO - 
--------------------------------------------------------------------------------
[2022-09-01 18:03:11,778] {taskinstance.py:1377} INFO - Starting attempt 1 of 1
[2022-09-01 18:03:11,779] {taskinstance.py:1378} INFO - 
--------------------------------------------------------------------------------
[2022-09-01 18:03:11,799] {taskinstance.py:1397} INFO - Executing <Task(BranchPythonOperator): check_table_exist> on 2022-09-01 17:57:19.786407+00:00
[2022-09-01 18:03:11,805] {standard_task_runner.py:52} INFO - Started process 88589 to run task
[2022-09-01 18:03:11,812] {standard_task_runner.py:79} INFO - Running: ['***', 'tasks', 'run', 'dynamically_branching1', 'check_table_exist', 'manual__2022-09-01T17:57:19.786407+00:00', '--job-id', '3463', '--raw', '--subdir', 'DAGS_FOLDER/jobs_dag.py', '--cfg-path', '/tmp/tmp0jzoqrhe', '--error-file', '/tmp/tmpsii6757r']
[2022-09-01 18:03:11,814] {standard_task_runner.py:80} INFO - Job 3463: Subtask check_table_exist
[2022-09-01 18:03:11,960] {task_command.py:371} INFO - Running <TaskInstance: dynamically_branching1.check_table_exist manual__2022-09-01T17:57:19.786407+00:00 [running]> on host 9d5d2a77e6ba
[2022-09-01 18:03:12,090] {taskinstance.py:1591} INFO - Exporting the following env vars:
AIRFLOW_CTX_DAG_OWNER=***
AIRFLOW_CTX_DAG_ID=dynamically_branching1
AIRFLOW_CTX_TASK_ID=check_table_exist
AIRFLOW_CTX_EXECUTION_DATE=2022-09-01T17:57:19.786407+00:00
AIRFLOW_CTX_TRY_NUMBER=1
AIRFLOW_CTX_DAG_RUN_ID=manual__2022-09-01T17:57:19.786407+00:00
[2022-09-01 18:03:12,095] {python.py:173} INFO - Done. Returned value was: insert_row
[2022-09-01 18:03:12,096] {skipmixin.py:140} INFO - Following branch insert_row
[2022-09-01 18:03:12,097] {skipmixin.py:175} INFO - Skipping tasks ['create_table']
[2022-09-01 18:03:12,182] {taskinstance.py:1420} INFO - Marking task as SUCCESS. dag_id=dynamically_branching1, task_id=check_table_exist, execution_date=20220901T175719, start_date=20220901T180311, end_date=20220901T180312
[2022-09-01 18:03:12,224] {local_task_job.py:156} INFO - Task exited with return code 0
[2022-09-01 18:03:12,321] {local_task_job.py:273} INFO - 1 downstream tasks scheduled from follow-on schedule check
