[2022-08-24 19:19:22,024] {taskinstance.py:1179} INFO - Dependencies all met for <TaskInstance: dynamically_branching1.bash_task scheduled__2021-12-14T00:00:00+00:00 [queued]>
[2022-08-24 19:19:22,051] {taskinstance.py:1179} INFO - Dependencies all met for <TaskInstance: dynamically_branching1.bash_task scheduled__2021-12-14T00:00:00+00:00 [queued]>
[2022-08-24 19:19:22,052] {taskinstance.py:1376} INFO - 
--------------------------------------------------------------------------------
[2022-08-24 19:19:22,053] {taskinstance.py:1377} INFO - Starting attempt 1 of 1
[2022-08-24 19:19:22,053] {taskinstance.py:1378} INFO - 
--------------------------------------------------------------------------------
[2022-08-24 19:19:22,091] {taskinstance.py:1397} INFO - Executing <Task(BashOperator): bash_task> on 2021-12-14 00:00:00+00:00
[2022-08-24 19:19:22,098] {standard_task_runner.py:52} INFO - Started process 10209 to run task
[2022-08-24 19:19:22,116] {standard_task_runner.py:79} INFO - Running: ['***', 'tasks', 'run', 'dynamically_branching1', 'bash_task', 'scheduled__2021-12-14T00:00:00+00:00', '--job-id', '2749', '--raw', '--subdir', 'DAGS_FOLDER/jobs_dag.py', '--cfg-path', '/tmp/tmp7kdfwz6o', '--error-file', '/tmp/tmp5_v1jx76']
[2022-08-24 19:19:22,118] {standard_task_runner.py:80} INFO - Job 2749: Subtask bash_task
[2022-08-24 19:19:22,347] {task_command.py:371} INFO - Running <TaskInstance: dynamically_branching1.bash_task scheduled__2021-12-14T00:00:00+00:00 [running]> on host 9d5d2a77e6ba
[2022-08-24 19:19:22,599] {taskinstance.py:1591} INFO - Exporting the following env vars:
AIRFLOW_CTX_DAG_OWNER=***
AIRFLOW_CTX_DAG_ID=dynamically_branching1
AIRFLOW_CTX_TASK_ID=bash_task
AIRFLOW_CTX_EXECUTION_DATE=2021-12-14T00:00:00+00:00
AIRFLOW_CTX_TRY_NUMBER=1
AIRFLOW_CTX_DAG_RUN_ID=scheduled__2021-12-14T00:00:00+00:00
[2022-08-24 19:19:22,603] {subprocess.py:62} INFO - Tmp dir root location: 
 /tmp
[2022-08-24 19:19:22,606] {subprocess.py:74} INFO - Running command: ['bash', '-c', 'echo $(whoami)']
[2022-08-24 19:19:22,650] {subprocess.py:85} INFO - Output:
[2022-08-24 19:19:22,694] {subprocess.py:92} INFO - default
[2022-08-24 19:19:22,700] {subprocess.py:96} INFO - Command exited with return code 0
[2022-08-24 19:19:22,768] {taskinstance.py:1420} INFO - Marking task as SUCCESS. dag_id=dynamically_branching1, task_id=bash_task, execution_date=20211214T000000, start_date=20220824T191922, end_date=20220824T191922
[2022-08-24 19:19:22,851] {local_task_job.py:156} INFO - Task exited with return code 0
[2022-08-24 19:19:22,999] {local_task_job.py:273} INFO - 1 downstream tasks scheduled from follow-on schedule check
