[2022-09-01 18:15:47,530] {taskinstance.py:1179} INFO - Dependencies all met for <TaskInstance: trigger_sensor.trigger_task manual__2022-09-01T18:15:45.297865+00:00 [queued]>
[2022-09-01 18:15:47,546] {taskinstance.py:1179} INFO - Dependencies all met for <TaskInstance: trigger_sensor.trigger_task manual__2022-09-01T18:15:45.297865+00:00 [queued]>
[2022-09-01 18:15:47,547] {taskinstance.py:1376} INFO - 
--------------------------------------------------------------------------------
[2022-09-01 18:15:47,548] {taskinstance.py:1377} INFO - Starting attempt 1 of 1
[2022-09-01 18:15:47,549] {taskinstance.py:1378} INFO - 
--------------------------------------------------------------------------------
[2022-09-01 18:15:47,569] {taskinstance.py:1397} INFO - Executing <Task(TriggerDagRunOperator): trigger_task> on 2022-09-01 18:15:45.297865+00:00
[2022-09-01 18:15:47,576] {standard_task_runner.py:52} INFO - Started process 89219 to run task
[2022-09-01 18:15:47,580] {standard_task_runner.py:79} INFO - Running: ['***', 'tasks', 'run', 'trigger_sensor', 'trigger_task', 'manual__2022-09-01T18:15:45.297865+00:00', '--job-id', '3491', '--raw', '--subdir', 'DAGS_FOLDER/trigger_dag.py', '--cfg-path', '/tmp/tmp90ys1o9a', '--error-file', '/tmp/tmpm83h6ekh']
[2022-09-01 18:15:47,581] {standard_task_runner.py:80} INFO - Job 3491: Subtask trigger_task
[2022-09-01 18:15:47,665] {task_command.py:371} INFO - Running <TaskInstance: trigger_sensor.trigger_task manual__2022-09-01T18:15:45.297865+00:00 [running]> on host 9d5d2a77e6ba
[2022-09-01 18:15:47,769] {taskinstance.py:1591} INFO - Exporting the following env vars:
AIRFLOW_CTX_DAG_OWNER=***
AIRFLOW_CTX_DAG_ID=trigger_sensor
AIRFLOW_CTX_TASK_ID=trigger_task
AIRFLOW_CTX_EXECUTION_DATE=2022-09-01T18:15:45.297865+00:00
AIRFLOW_CTX_TRY_NUMBER=1
AIRFLOW_CTX_DAG_RUN_ID=manual__2022-09-01T18:15:45.297865+00:00
[2022-09-01 18:15:47,895] {taskinstance.py:1420} INFO - Marking task as SUCCESS. dag_id=trigger_sensor, task_id=trigger_task, execution_date=20220901T181545, start_date=20220901T181547, end_date=20220901T181547
[2022-09-01 18:15:47,955] {local_task_job.py:156} INFO - Task exited with return code 0
[2022-09-01 18:15:48,017] {local_task_job.py:273} INFO - 1 downstream tasks scheduled from follow-on schedule check
