[2022-09-06 17:05:54,273] {taskinstance.py:1179} INFO - Dependencies all met for <TaskInstance: tables_name_1.query_table manual__2022-09-06T17:05:48.537244+00:00 [queued]>
[2022-09-06 17:05:54,285] {taskinstance.py:1179} INFO - Dependencies all met for <TaskInstance: tables_name_1.query_table manual__2022-09-06T17:05:48.537244+00:00 [queued]>
[2022-09-06 17:05:54,287] {taskinstance.py:1376} INFO - 
--------------------------------------------------------------------------------
[2022-09-06 17:05:54,288] {taskinstance.py:1377} INFO - Starting attempt 1 of 1
[2022-09-06 17:05:54,289] {taskinstance.py:1378} INFO - 
--------------------------------------------------------------------------------
[2022-09-06 17:05:54,308] {taskinstance.py:1397} INFO - Executing <Task(PythonOperator): query_table> on 2022-09-06 17:05:48.537244+00:00
[2022-09-06 17:05:54,315] {standard_task_runner.py:52} INFO - Started process 8603 to run task
[2022-09-06 17:05:54,319] {standard_task_runner.py:79} INFO - Running: ['***', 'tasks', 'run', 'tables_name_1', 'query_table', 'manual__2022-09-06T17:05:48.537244+00:00', '--job-id', '3872', '--raw', '--subdir', 'DAGS_FOLDER/jobs_dag.py', '--cfg-path', '/tmp/tmp6a_swns6', '--error-file', '/tmp/tmpv3q726dg']
[2022-09-06 17:05:54,320] {standard_task_runner.py:80} INFO - Job 3872: Subtask query_table
[2022-09-06 17:05:54,402] {task_command.py:371} INFO - Running <TaskInstance: tables_name_1.query_table manual__2022-09-06T17:05:48.537244+00:00 [running]> on host eba23da77ca5
[2022-09-06 17:05:54,493] {taskinstance.py:1591} INFO - Exporting the following env vars:
AIRFLOW_CTX_DAG_OWNER=***
AIRFLOW_CTX_DAG_ID=tables_name_1
AIRFLOW_CTX_TASK_ID=query_table
AIRFLOW_CTX_EXECUTION_DATE=2022-09-06T17:05:48.537244+00:00
AIRFLOW_CTX_TRY_NUMBER=1
AIRFLOW_CTX_DAG_RUN_ID=manual__2022-09-06T17:05:48.537244+00:00
[2022-09-06 17:05:54,515] {python.py:173} INFO - Done. Returned value was: None
[2022-09-06 17:05:54,533] {taskinstance.py:1420} INFO - Marking task as SUCCESS. dag_id=tables_name_1, task_id=query_table, execution_date=20220906T170548, start_date=20220906T170554, end_date=20220906T170554
[2022-09-06 17:05:54,573] {local_task_job.py:156} INFO - Task exited with return code 0
[2022-09-06 17:05:54,614] {local_task_job.py:273} INFO - 0 downstream tasks scheduled from follow-on schedule check
