[2022-09-01 22:02:40,667] {taskinstance.py:1179} INFO - Dependencies all met for <TaskInstance: trigger_sensor.process_results.bash_create_timestamp_file manual__2022-09-01T22:02:13.715549+00:00 [queued]>
[2022-09-01 22:02:40,680] {taskinstance.py:1179} INFO - Dependencies all met for <TaskInstance: trigger_sensor.process_results.bash_create_timestamp_file manual__2022-09-01T22:02:13.715549+00:00 [queued]>
[2022-09-01 22:02:40,681] {taskinstance.py:1376} INFO - 
--------------------------------------------------------------------------------
[2022-09-01 22:02:40,682] {taskinstance.py:1377} INFO - Starting attempt 1 of 1
[2022-09-01 22:02:40,683] {taskinstance.py:1378} INFO - 
--------------------------------------------------------------------------------
[2022-09-01 22:02:40,700] {taskinstance.py:1397} INFO - Executing <Task(BashOperator): process_results.bash_create_timestamp_file> on 2022-09-01 22:02:13.715549+00:00
[2022-09-01 22:02:40,707] {standard_task_runner.py:52} INFO - Started process 94101 to run task
[2022-09-01 22:02:40,712] {standard_task_runner.py:79} INFO - Running: ['***', 'tasks', 'run', 'trigger_sensor', 'process_results.bash_create_timestamp_file', 'manual__2022-09-01T22:02:13.715549+00:00', '--job-id', '3700', '--raw', '--subdir', 'DAGS_FOLDER/trigger_dag.py', '--cfg-path', '/tmp/tmp0rg2lv9v', '--error-file', '/tmp/tmp8yjoce3r']
[2022-09-01 22:02:40,713] {standard_task_runner.py:80} INFO - Job 3700: Subtask process_results.bash_create_timestamp_file
[2022-09-01 22:02:40,804] {task_command.py:371} INFO - Running <TaskInstance: trigger_sensor.process_results.bash_create_timestamp_file manual__2022-09-01T22:02:13.715549+00:00 [running]> on host 9d5d2a77e6ba
[2022-09-01 22:02:40,897] {taskinstance.py:1591} INFO - Exporting the following env vars:
AIRFLOW_CTX_DAG_OWNER=***
AIRFLOW_CTX_DAG_ID=trigger_sensor
AIRFLOW_CTX_TASK_ID=process_results.bash_create_timestamp_file
AIRFLOW_CTX_EXECUTION_DATE=2022-09-01T22:02:13.715549+00:00
AIRFLOW_CTX_TRY_NUMBER=1
AIRFLOW_CTX_DAG_RUN_ID=manual__2022-09-01T22:02:13.715549+00:00
[2022-09-01 22:02:40,900] {subprocess.py:62} INFO - Tmp dir root location: 
 /tmp
[2022-09-01 22:02:40,900] {subprocess.py:74} INFO - Running command: ['bash', '-c', 'echo finished_#{ ts_nodash }']
[2022-09-01 22:02:40,916] {subprocess.py:85} INFO - Output:
[2022-09-01 22:02:40,919] {subprocess.py:92} INFO - finished_#{ ts_nodash }
[2022-09-01 22:02:40,920] {subprocess.py:96} INFO - Command exited with return code 0
[2022-09-01 22:02:40,971] {taskinstance.py:1420} INFO - Marking task as SUCCESS. dag_id=trigger_sensor, task_id=process_results.bash_create_timestamp_file, execution_date=20220901T220213, start_date=20220901T220240, end_date=20220901T220240
[2022-09-01 22:02:41,005] {local_task_job.py:156} INFO - Task exited with return code 0
[2022-09-01 22:02:41,079] {local_task_job.py:273} INFO - 0 downstream tasks scheduled from follow-on schedule check
