[2022-08-24 18:43:26,416] {taskinstance.py:1179} INFO - Dependencies all met for <TaskInstance: dynamically_branching1.query_table scheduled__2019-01-02T00:00:00+00:00 [queued]>
[2022-08-24 18:43:26,458] {taskinstance.py:1179} INFO - Dependencies all met for <TaskInstance: dynamically_branching1.query_table scheduled__2019-01-02T00:00:00+00:00 [queued]>
[2022-08-24 18:43:26,462] {taskinstance.py:1376} INFO - 
--------------------------------------------------------------------------------
[2022-08-24 18:43:26,463] {taskinstance.py:1377} INFO - Starting attempt 1 of 1
[2022-08-24 18:43:26,464] {taskinstance.py:1378} INFO - 
--------------------------------------------------------------------------------
[2022-08-24 18:43:26,495] {taskinstance.py:1397} INFO - Executing <Task(PythonOperator): query_table> on 2019-01-02 00:00:00+00:00
[2022-08-24 18:43:26,506] {standard_task_runner.py:52} INFO - Started process 4000 to run task
[2022-08-24 18:43:26,515] {standard_task_runner.py:79} INFO - Running: ['***', 'tasks', 'run', 'dynamically_branching1', 'query_table', 'scheduled__2019-01-02T00:00:00+00:00', '--job-id', '920', '--raw', '--subdir', 'DAGS_FOLDER/jobs_dag.py', '--cfg-path', '/tmp/tmptn83l4ty', '--error-file', '/tmp/tmpj89owr1s']
[2022-08-24 18:43:26,519] {standard_task_runner.py:80} INFO - Job 920: Subtask query_table
[2022-08-24 18:43:26,680] {task_command.py:371} INFO - Running <TaskInstance: dynamically_branching1.query_table scheduled__2019-01-02T00:00:00+00:00 [running]> on host 9d5d2a77e6ba
[2022-08-24 18:43:26,999] {taskinstance.py:1591} INFO - Exporting the following env vars:
AIRFLOW_CTX_DAG_OWNER=***
AIRFLOW_CTX_DAG_ID=dynamically_branching1
AIRFLOW_CTX_TASK_ID=query_table
AIRFLOW_CTX_EXECUTION_DATE=2019-01-02T00:00:00+00:00
AIRFLOW_CTX_TRY_NUMBER=1
AIRFLOW_CTX_DAG_RUN_ID=scheduled__2019-01-02T00:00:00+00:00
[2022-08-24 18:43:27,002] {python.py:173} INFO - Done. Returned value was: finish
[2022-08-24 18:43:27,067] {taskinstance.py:1420} INFO - Marking task as SUCCESS. dag_id=dynamically_branching1, task_id=query_table, execution_date=20190102T000000, start_date=20220824T184326, end_date=20220824T184327
[2022-08-24 18:43:27,161] {local_task_job.py:156} INFO - Task exited with return code 0
[2022-08-24 18:43:27,404] {local_task_job.py:273} INFO - 0 downstream tasks scheduled from follow-on schedule check
