[2022-08-24 19:13:10,587] {taskinstance.py:1179} INFO - Dependencies all met for <TaskInstance: dynamically_branching1.bash_task scheduled__2021-01-29T00:00:00+00:00 [queued]>
[2022-08-24 19:13:10,628] {taskinstance.py:1179} INFO - Dependencies all met for <TaskInstance: dynamically_branching1.bash_task scheduled__2021-01-29T00:00:00+00:00 [queued]>
[2022-08-24 19:13:10,629] {taskinstance.py:1376} INFO - 
--------------------------------------------------------------------------------
[2022-08-24 19:13:10,632] {taskinstance.py:1377} INFO - Starting attempt 1 of 1
[2022-08-24 19:13:10,633] {taskinstance.py:1378} INFO - 
--------------------------------------------------------------------------------
[2022-08-24 19:13:10,675] {taskinstance.py:1397} INFO - Executing <Task(BashOperator): bash_task> on 2021-01-29 00:00:00+00:00
[2022-08-24 19:13:10,681] {standard_task_runner.py:52} INFO - Started process 8119 to run task
[2022-08-24 19:13:10,700] {standard_task_runner.py:79} INFO - Running: ['***', 'tasks', 'run', 'dynamically_branching1', 'bash_task', 'scheduled__2021-01-29T00:00:00+00:00', '--job-id', '2110', '--raw', '--subdir', 'DAGS_FOLDER/jobs_dag.py', '--cfg-path', '/tmp/tmphwx5z7p8', '--error-file', '/tmp/tmpmrwr32x5']
[2022-08-24 19:13:10,702] {standard_task_runner.py:80} INFO - Job 2110: Subtask bash_task
[2022-08-24 19:13:11,001] {task_command.py:371} INFO - Running <TaskInstance: dynamically_branching1.bash_task scheduled__2021-01-29T00:00:00+00:00 [running]> on host 9d5d2a77e6ba
[2022-08-24 19:13:11,279] {taskinstance.py:1591} INFO - Exporting the following env vars:
AIRFLOW_CTX_DAG_OWNER=***
AIRFLOW_CTX_DAG_ID=dynamically_branching1
AIRFLOW_CTX_TASK_ID=bash_task
AIRFLOW_CTX_EXECUTION_DATE=2021-01-29T00:00:00+00:00
AIRFLOW_CTX_TRY_NUMBER=1
AIRFLOW_CTX_DAG_RUN_ID=scheduled__2021-01-29T00:00:00+00:00
[2022-08-24 19:13:11,286] {subprocess.py:62} INFO - Tmp dir root location: 
 /tmp
[2022-08-24 19:13:11,288] {subprocess.py:74} INFO - Running command: ['bash', '-c', 'echo $(whoami)']
[2022-08-24 19:13:11,360] {subprocess.py:85} INFO - Output:
[2022-08-24 19:13:11,390] {subprocess.py:92} INFO - default
[2022-08-24 19:13:11,391] {subprocess.py:96} INFO - Command exited with return code 0
[2022-08-24 19:13:11,468] {taskinstance.py:1420} INFO - Marking task as SUCCESS. dag_id=dynamically_branching1, task_id=bash_task, execution_date=20210129T000000, start_date=20220824T191310, end_date=20220824T191311
[2022-08-24 19:13:11,561] {local_task_job.py:156} INFO - Task exited with return code 0
[2022-08-24 19:13:11,855] {local_task_job.py:273} INFO - 0 downstream tasks scheduled from follow-on schedule check
