[2022-08-24 19:07:46,542] {taskinstance.py:1179} INFO - Dependencies all met for <TaskInstance: dynamically_branching1.bash_task scheduled__2020-06-11T00:00:00+00:00 [queued]>
[2022-08-24 19:07:46,690] {taskinstance.py:1179} INFO - Dependencies all met for <TaskInstance: dynamically_branching1.bash_task scheduled__2020-06-11T00:00:00+00:00 [queued]>
[2022-08-24 19:07:46,691] {taskinstance.py:1376} INFO - 
--------------------------------------------------------------------------------
[2022-08-24 19:07:46,692] {taskinstance.py:1377} INFO - Starting attempt 1 of 1
[2022-08-24 19:07:46,693] {taskinstance.py:1378} INFO - 
--------------------------------------------------------------------------------
[2022-08-24 19:07:46,976] {taskinstance.py:1397} INFO - Executing <Task(BashOperator): bash_task> on 2020-06-11 00:00:00+00:00
[2022-08-24 19:07:47,062] {standard_task_runner.py:52} INFO - Started process 6588 to run task
[2022-08-24 19:07:47,174] {standard_task_runner.py:79} INFO - Running: ['***', 'tasks', 'run', 'dynamically_branching1', 'bash_task', 'scheduled__2020-06-11T00:00:00+00:00', '--job-id', '1641', '--raw', '--subdir', 'DAGS_FOLDER/jobs_dag.py', '--cfg-path', '/tmp/tmpxprhdy6z', '--error-file', '/tmp/tmpa59vft0l']
[2022-08-24 19:07:47,182] {standard_task_runner.py:80} INFO - Job 1641: Subtask bash_task
[2022-08-24 19:07:48,753] {task_command.py:371} INFO - Running <TaskInstance: dynamically_branching1.bash_task scheduled__2020-06-11T00:00:00+00:00 [running]> on host 9d5d2a77e6ba
[2022-08-24 19:07:50,874] {taskinstance.py:1591} INFO - Exporting the following env vars:
AIRFLOW_CTX_DAG_OWNER=***
AIRFLOW_CTX_DAG_ID=dynamically_branching1
AIRFLOW_CTX_TASK_ID=bash_task
AIRFLOW_CTX_EXECUTION_DATE=2020-06-11T00:00:00+00:00
AIRFLOW_CTX_TRY_NUMBER=1
AIRFLOW_CTX_DAG_RUN_ID=scheduled__2020-06-11T00:00:00+00:00
[2022-08-24 19:07:50,885] {subprocess.py:62} INFO - Tmp dir root location: 
 /tmp
[2022-08-24 19:07:50,898] {subprocess.py:74} INFO - Running command: ['bash', '-c', 'whoami']
[2022-08-24 19:07:51,112] {subprocess.py:85} INFO - Output:
[2022-08-24 19:07:51,150] {subprocess.py:92} INFO - default
[2022-08-24 19:07:51,153] {subprocess.py:96} INFO - Command exited with return code 0
[2022-08-24 19:07:51,489] {taskinstance.py:1420} INFO - Marking task as SUCCESS. dag_id=dynamically_branching1, task_id=bash_task, execution_date=20200611T000000, start_date=20220824T190746, end_date=20220824T190751
[2022-08-24 19:07:51,872] {local_task_job.py:156} INFO - Task exited with return code 0
[2022-08-24 19:07:52,287] {local_task_job.py:273} INFO - 0 downstream tasks scheduled from follow-on schedule check
