[2022-08-24 19:24:03,406] {taskinstance.py:1179} INFO - Dependencies all met for <TaskInstance: dynamically_branching1.bash_task scheduled__2022-08-17T00:00:00+00:00 [queued]>
[2022-08-24 19:24:03,470] {taskinstance.py:1179} INFO - Dependencies all met for <TaskInstance: dynamically_branching1.bash_task scheduled__2022-08-17T00:00:00+00:00 [queued]>
[2022-08-24 19:24:03,472] {taskinstance.py:1376} INFO - 
--------------------------------------------------------------------------------
[2022-08-24 19:24:03,473] {taskinstance.py:1377} INFO - Starting attempt 1 of 1
[2022-08-24 19:24:03,474] {taskinstance.py:1378} INFO - 
--------------------------------------------------------------------------------
[2022-08-24 19:24:03,537] {taskinstance.py:1397} INFO - Executing <Task(BashOperator): bash_task> on 2022-08-17 00:00:00+00:00
[2022-08-24 19:24:03,554] {standard_task_runner.py:52} INFO - Started process 11814 to run task
[2022-08-24 19:24:03,570] {standard_task_runner.py:79} INFO - Running: ['***', 'tasks', 'run', 'dynamically_branching1', 'bash_task', 'scheduled__2022-08-17T00:00:00+00:00', '--job-id', '3238', '--raw', '--subdir', 'DAGS_FOLDER/jobs_dag.py', '--cfg-path', '/tmp/tmpe8di3mug', '--error-file', '/tmp/tmpz1mc8ot_']
[2022-08-24 19:24:03,573] {standard_task_runner.py:80} INFO - Job 3238: Subtask bash_task
[2022-08-24 19:24:03,879] {task_command.py:371} INFO - Running <TaskInstance: dynamically_branching1.bash_task scheduled__2022-08-17T00:00:00+00:00 [running]> on host 9d5d2a77e6ba
[2022-08-24 19:24:04,216] {taskinstance.py:1591} INFO - Exporting the following env vars:
AIRFLOW_CTX_DAG_OWNER=***
AIRFLOW_CTX_DAG_ID=dynamically_branching1
AIRFLOW_CTX_TASK_ID=bash_task
AIRFLOW_CTX_EXECUTION_DATE=2022-08-17T00:00:00+00:00
AIRFLOW_CTX_TRY_NUMBER=1
AIRFLOW_CTX_DAG_RUN_ID=scheduled__2022-08-17T00:00:00+00:00
[2022-08-24 19:24:04,231] {subprocess.py:62} INFO - Tmp dir root location: 
 /tmp
[2022-08-24 19:24:04,238] {subprocess.py:74} INFO - Running command: ['bash', '-c', 'echo $(whoami)']
[2022-08-24 19:24:04,304] {subprocess.py:85} INFO - Output:
[2022-08-24 19:24:04,306] {subprocess.py:92} INFO - default
[2022-08-24 19:24:04,313] {subprocess.py:96} INFO - Command exited with return code 0
[2022-08-24 19:24:04,479] {taskinstance.py:1420} INFO - Marking task as SUCCESS. dag_id=dynamically_branching1, task_id=bash_task, execution_date=20220817T000000, start_date=20220824T192403, end_date=20220824T192404
[2022-08-24 19:24:04,585] {local_task_job.py:156} INFO - Task exited with return code 0
[2022-08-24 19:24:04,862] {local_task_job.py:273} INFO - 0 downstream tasks scheduled from follow-on schedule check
