[2022-08-24 19:11:41,360] {taskinstance.py:1179} INFO - Dependencies all met for <TaskInstance: dynamically_branching1.bash_task scheduled__2020-11-13T00:00:00+00:00 [queued]>
[2022-08-24 19:11:41,384] {taskinstance.py:1179} INFO - Dependencies all met for <TaskInstance: dynamically_branching1.bash_task scheduled__2020-11-13T00:00:00+00:00 [queued]>
[2022-08-24 19:11:41,391] {taskinstance.py:1376} INFO - 
--------------------------------------------------------------------------------
[2022-08-24 19:11:41,392] {taskinstance.py:1377} INFO - Starting attempt 1 of 1
[2022-08-24 19:11:41,392] {taskinstance.py:1378} INFO - 
--------------------------------------------------------------------------------
[2022-08-24 19:11:41,461] {taskinstance.py:1397} INFO - Executing <Task(BashOperator): bash_task> on 2020-11-13 00:00:00+00:00
[2022-08-24 19:11:41,480] {standard_task_runner.py:52} INFO - Started process 7615 to run task
[2022-08-24 19:11:41,510] {standard_task_runner.py:79} INFO - Running: ['***', 'tasks', 'run', 'dynamically_branching1', 'bash_task', 'scheduled__2020-11-13T00:00:00+00:00', '--job-id', '1958', '--raw', '--subdir', 'DAGS_FOLDER/jobs_dag.py', '--cfg-path', '/tmp/tmpo1llqx6u', '--error-file', '/tmp/tmpk21bmdww']
[2022-08-24 19:11:41,511] {standard_task_runner.py:80} INFO - Job 1958: Subtask bash_task
[2022-08-24 19:11:41,705] {task_command.py:371} INFO - Running <TaskInstance: dynamically_branching1.bash_task scheduled__2020-11-13T00:00:00+00:00 [running]> on host 9d5d2a77e6ba
[2022-08-24 19:11:41,939] {taskinstance.py:1591} INFO - Exporting the following env vars:
AIRFLOW_CTX_DAG_OWNER=***
AIRFLOW_CTX_DAG_ID=dynamically_branching1
AIRFLOW_CTX_TASK_ID=bash_task
AIRFLOW_CTX_EXECUTION_DATE=2020-11-13T00:00:00+00:00
AIRFLOW_CTX_TRY_NUMBER=1
AIRFLOW_CTX_DAG_RUN_ID=scheduled__2020-11-13T00:00:00+00:00
[2022-08-24 19:11:41,942] {subprocess.py:62} INFO - Tmp dir root location: 
 /tmp
[2022-08-24 19:11:41,944] {subprocess.py:74} INFO - Running command: ['bash', '-c', 'echo $(whoami)']
[2022-08-24 19:11:42,038] {subprocess.py:85} INFO - Output:
[2022-08-24 19:11:42,054] {subprocess.py:92} INFO - default
[2022-08-24 19:11:42,055] {subprocess.py:96} INFO - Command exited with return code 0
[2022-08-24 19:11:42,148] {taskinstance.py:1420} INFO - Marking task as SUCCESS. dag_id=dynamically_branching1, task_id=bash_task, execution_date=20201113T000000, start_date=20220824T191141, end_date=20220824T191142
[2022-08-24 19:11:42,251] {local_task_job.py:156} INFO - Task exited with return code 0
[2022-08-24 19:11:42,496] {local_task_job.py:273} INFO - 0 downstream tasks scheduled from follow-on schedule check
