[2022-08-24 19:23:28,779] {taskinstance.py:1179} INFO - Dependencies all met for <TaskInstance: dynamically_branching1.bash_task scheduled__2022-07-18T00:00:00+00:00 [queued]>
[2022-08-24 19:23:28,898] {taskinstance.py:1179} INFO - Dependencies all met for <TaskInstance: dynamically_branching1.bash_task scheduled__2022-07-18T00:00:00+00:00 [queued]>
[2022-08-24 19:23:28,899] {taskinstance.py:1376} INFO - 
--------------------------------------------------------------------------------
[2022-08-24 19:23:28,906] {taskinstance.py:1377} INFO - Starting attempt 1 of 1
[2022-08-24 19:23:28,907] {taskinstance.py:1378} INFO - 
--------------------------------------------------------------------------------
[2022-08-24 19:23:29,054] {taskinstance.py:1397} INFO - Executing <Task(BashOperator): bash_task> on 2022-07-18 00:00:00+00:00
[2022-08-24 19:23:29,097] {standard_task_runner.py:52} INFO - Started process 11617 to run task
[2022-08-24 19:23:29,164] {standard_task_runner.py:79} INFO - Running: ['***', 'tasks', 'run', 'dynamically_branching1', 'bash_task', 'scheduled__2022-07-18T00:00:00+00:00', '--job-id', '3177', '--raw', '--subdir', 'DAGS_FOLDER/jobs_dag.py', '--cfg-path', '/tmp/tmpd3p86ev3', '--error-file', '/tmp/tmpk80wdqex']
[2022-08-24 19:23:29,178] {standard_task_runner.py:80} INFO - Job 3177: Subtask bash_task
[2022-08-24 19:23:29,640] {task_command.py:371} INFO - Running <TaskInstance: dynamically_branching1.bash_task scheduled__2022-07-18T00:00:00+00:00 [running]> on host 9d5d2a77e6ba
[2022-08-24 19:23:30,394] {taskinstance.py:1591} INFO - Exporting the following env vars:
AIRFLOW_CTX_DAG_OWNER=***
AIRFLOW_CTX_DAG_ID=dynamically_branching1
AIRFLOW_CTX_TASK_ID=bash_task
AIRFLOW_CTX_EXECUTION_DATE=2022-07-18T00:00:00+00:00
AIRFLOW_CTX_TRY_NUMBER=1
AIRFLOW_CTX_DAG_RUN_ID=scheduled__2022-07-18T00:00:00+00:00
[2022-08-24 19:23:30,401] {subprocess.py:62} INFO - Tmp dir root location: 
 /tmp
[2022-08-24 19:23:30,402] {subprocess.py:74} INFO - Running command: ['bash', '-c', 'echo $(whoami)']
[2022-08-24 19:23:30,525] {subprocess.py:85} INFO - Output:
[2022-08-24 19:23:30,588] {subprocess.py:92} INFO - default
[2022-08-24 19:23:30,590] {subprocess.py:96} INFO - Command exited with return code 0
[2022-08-24 19:23:30,829] {taskinstance.py:1420} INFO - Marking task as SUCCESS. dag_id=dynamically_branching1, task_id=bash_task, execution_date=20220718T000000, start_date=20220824T192328, end_date=20220824T192330
[2022-08-24 19:23:31,155] {local_task_job.py:156} INFO - Task exited with return code 0
[2022-08-24 19:23:31,397] {local_task_job.py:273} INFO - 0 downstream tasks scheduled from follow-on schedule check
