[2022-08-24 19:11:49,586] {taskinstance.py:1179} INFO - Dependencies all met for <TaskInstance: dynamically_branching1.bash_task scheduled__2020-11-25T00:00:00+00:00 [queued]>
[2022-08-24 19:11:49,687] {taskinstance.py:1179} INFO - Dependencies all met for <TaskInstance: dynamically_branching1.bash_task scheduled__2020-11-25T00:00:00+00:00 [queued]>
[2022-08-24 19:11:49,689] {taskinstance.py:1376} INFO - 
--------------------------------------------------------------------------------
[2022-08-24 19:11:49,690] {taskinstance.py:1377} INFO - Starting attempt 1 of 1
[2022-08-24 19:11:49,691] {taskinstance.py:1378} INFO - 
--------------------------------------------------------------------------------
[2022-08-24 19:11:49,829] {taskinstance.py:1397} INFO - Executing <Task(BashOperator): bash_task> on 2020-11-25 00:00:00+00:00
[2022-08-24 19:11:49,868] {standard_task_runner.py:52} INFO - Started process 7689 to run task
[2022-08-24 19:11:49,906] {standard_task_runner.py:79} INFO - Running: ['***', 'tasks', 'run', 'dynamically_branching1', 'bash_task', 'scheduled__2020-11-25T00:00:00+00:00', '--job-id', '1978', '--raw', '--subdir', 'DAGS_FOLDER/jobs_dag.py', '--cfg-path', '/tmp/tmpagqfff3f', '--error-file', '/tmp/tmpu_x11dx0']
[2022-08-24 19:11:49,912] {standard_task_runner.py:80} INFO - Job 1978: Subtask bash_task
[2022-08-24 19:11:50,265] {task_command.py:371} INFO - Running <TaskInstance: dynamically_branching1.bash_task scheduled__2020-11-25T00:00:00+00:00 [running]> on host 9d5d2a77e6ba
[2022-08-24 19:11:50,543] {taskinstance.py:1591} INFO - Exporting the following env vars:
AIRFLOW_CTX_DAG_OWNER=***
AIRFLOW_CTX_DAG_ID=dynamically_branching1
AIRFLOW_CTX_TASK_ID=bash_task
AIRFLOW_CTX_EXECUTION_DATE=2020-11-25T00:00:00+00:00
AIRFLOW_CTX_TRY_NUMBER=1
AIRFLOW_CTX_DAG_RUN_ID=scheduled__2020-11-25T00:00:00+00:00
[2022-08-24 19:11:50,552] {subprocess.py:62} INFO - Tmp dir root location: 
 /tmp
[2022-08-24 19:11:50,554] {subprocess.py:74} INFO - Running command: ['bash', '-c', 'echo $(whoami)']
[2022-08-24 19:11:50,591] {subprocess.py:85} INFO - Output:
[2022-08-24 19:11:50,624] {subprocess.py:92} INFO - default
[2022-08-24 19:11:50,626] {subprocess.py:96} INFO - Command exited with return code 0
[2022-08-24 19:11:50,720] {taskinstance.py:1420} INFO - Marking task as SUCCESS. dag_id=dynamically_branching1, task_id=bash_task, execution_date=20201125T000000, start_date=20220824T191149, end_date=20220824T191150
[2022-08-24 19:11:50,782] {local_task_job.py:156} INFO - Task exited with return code 0
[2022-08-24 19:11:50,972] {local_task_job.py:273} INFO - 1 downstream tasks scheduled from follow-on schedule check
