[2022-08-24 18:42:40,333] {taskinstance.py:1179} INFO - Dependencies all met for <TaskInstance: dynamically_branching1.check_table_exist scheduled__2018-12-17T00:00:00+00:00 [queued]>
[2022-08-24 18:42:40,379] {taskinstance.py:1179} INFO - Dependencies all met for <TaskInstance: dynamically_branching1.check_table_exist scheduled__2018-12-17T00:00:00+00:00 [queued]>
[2022-08-24 18:42:40,381] {taskinstance.py:1376} INFO - 
--------------------------------------------------------------------------------
[2022-08-24 18:42:40,383] {taskinstance.py:1377} INFO - Starting attempt 1 of 1
[2022-08-24 18:42:40,384] {taskinstance.py:1378} INFO - 
--------------------------------------------------------------------------------
[2022-08-24 18:42:40,478] {taskinstance.py:1397} INFO - Executing <Task(BranchPythonOperator): check_table_exist> on 2018-12-17 00:00:00+00:00
[2022-08-24 18:42:40,532] {standard_task_runner.py:52} INFO - Started process 3838 to run task
[2022-08-24 18:42:40,577] {standard_task_runner.py:79} INFO - Running: ['***', 'tasks', 'run', 'dynamically_branching1', 'check_table_exist', 'scheduled__2018-12-17T00:00:00+00:00', '--job-id', '854', '--raw', '--subdir', 'DAGS_FOLDER/jobs_dag.py', '--cfg-path', '/tmp/tmpn1z8amgk', '--error-file', '/tmp/tmpp84f_tb9']
[2022-08-24 18:42:40,580] {standard_task_runner.py:80} INFO - Job 854: Subtask check_table_exist
[2022-08-24 18:42:41,252] {task_command.py:371} INFO - Running <TaskInstance: dynamically_branching1.check_table_exist scheduled__2018-12-17T00:00:00+00:00 [running]> on host 9d5d2a77e6ba
[2022-08-24 18:42:41,853] {taskinstance.py:1591} INFO - Exporting the following env vars:
AIRFLOW_CTX_DAG_OWNER=***
AIRFLOW_CTX_DAG_ID=dynamically_branching1
AIRFLOW_CTX_TASK_ID=check_table_exist
AIRFLOW_CTX_EXECUTION_DATE=2018-12-17T00:00:00+00:00
AIRFLOW_CTX_TRY_NUMBER=1
AIRFLOW_CTX_DAG_RUN_ID=scheduled__2018-12-17T00:00:00+00:00
[2022-08-24 18:42:41,861] {python.py:173} INFO - Done. Returned value was: create_table
[2022-08-24 18:42:41,869] {skipmixin.py:140} INFO - Following branch create_table
[2022-08-24 18:42:41,874] {skipmixin.py:175} INFO - Skipping tasks []
[2022-08-24 18:42:42,207] {taskinstance.py:1420} INFO - Marking task as SUCCESS. dag_id=dynamically_branching1, task_id=check_table_exist, execution_date=20181217T000000, start_date=20220824T184240, end_date=20220824T184242
[2022-08-24 18:42:42,376] {local_task_job.py:156} INFO - Task exited with return code 0
[2022-08-24 18:42:42,971] {local_task_job.py:273} INFO - 1 downstream tasks scheduled from follow-on schedule check
