[2022-08-24 19:09:36,402] {taskinstance.py:1179} INFO - Dependencies all met for <TaskInstance: dynamically_branching1.check_table_exist scheduled__2020-08-19T00:00:00+00:00 [queued]>
[2022-08-24 19:09:36,430] {taskinstance.py:1179} INFO - Dependencies all met for <TaskInstance: dynamically_branching1.check_table_exist scheduled__2020-08-19T00:00:00+00:00 [queued]>
[2022-08-24 19:09:36,431] {taskinstance.py:1376} INFO - 
--------------------------------------------------------------------------------
[2022-08-24 19:09:36,432] {taskinstance.py:1377} INFO - Starting attempt 1 of 1
[2022-08-24 19:09:36,433] {taskinstance.py:1378} INFO - 
--------------------------------------------------------------------------------
[2022-08-24 19:09:36,471] {taskinstance.py:1397} INFO - Executing <Task(BranchPythonOperator): check_table_exist> on 2020-08-19 00:00:00+00:00
[2022-08-24 19:09:36,488] {standard_task_runner.py:52} INFO - Started process 7053 to run task
[2022-08-24 19:09:36,506] {standard_task_runner.py:79} INFO - Running: ['***', 'tasks', 'run', 'dynamically_branching1', 'check_table_exist', 'scheduled__2020-08-19T00:00:00+00:00', '--job-id', '1790', '--raw', '--subdir', 'DAGS_FOLDER/jobs_dag.py', '--cfg-path', '/tmp/tmpbdiblbz4', '--error-file', '/tmp/tmpdxcsv3zd']
[2022-08-24 19:09:36,508] {standard_task_runner.py:80} INFO - Job 1790: Subtask check_table_exist
[2022-08-24 19:09:36,717] {task_command.py:371} INFO - Running <TaskInstance: dynamically_branching1.check_table_exist scheduled__2020-08-19T00:00:00+00:00 [running]> on host 9d5d2a77e6ba
[2022-08-24 19:09:36,919] {taskinstance.py:1591} INFO - Exporting the following env vars:
AIRFLOW_CTX_DAG_OWNER=***
AIRFLOW_CTX_DAG_ID=dynamically_branching1
AIRFLOW_CTX_TASK_ID=check_table_exist
AIRFLOW_CTX_EXECUTION_DATE=2020-08-19T00:00:00+00:00
AIRFLOW_CTX_TRY_NUMBER=1
AIRFLOW_CTX_DAG_RUN_ID=scheduled__2020-08-19T00:00:00+00:00
[2022-08-24 19:09:36,922] {python.py:173} INFO - Done. Returned value was: insert_row
[2022-08-24 19:09:36,923] {skipmixin.py:140} INFO - Following branch insert_row
[2022-08-24 19:09:36,931] {skipmixin.py:175} INFO - Skipping tasks ['create_table']
[2022-08-24 19:09:37,048] {taskinstance.py:1420} INFO - Marking task as SUCCESS. dag_id=dynamically_branching1, task_id=check_table_exist, execution_date=20200819T000000, start_date=20220824T190936, end_date=20220824T190937
[2022-08-24 19:09:37,121] {local_task_job.py:156} INFO - Task exited with return code 0
[2022-08-24 19:09:37,245] {local_task_job.py:273} INFO - 1 downstream tasks scheduled from follow-on schedule check
