[2022-08-24 19:10:54,700] {taskinstance.py:1179} INFO - Dependencies all met for <TaskInstance: dynamically_branching1.bash_task scheduled__2020-10-14T00:00:00+00:00 [queued]>
[2022-08-24 19:10:54,724] {taskinstance.py:1179} INFO - Dependencies all met for <TaskInstance: dynamically_branching1.bash_task scheduled__2020-10-14T00:00:00+00:00 [queued]>
[2022-08-24 19:10:54,725] {taskinstance.py:1376} INFO - 
--------------------------------------------------------------------------------
[2022-08-24 19:10:54,726] {taskinstance.py:1377} INFO - Starting attempt 1 of 1
[2022-08-24 19:10:54,727] {taskinstance.py:1378} INFO - 
--------------------------------------------------------------------------------
[2022-08-24 19:10:54,762] {taskinstance.py:1397} INFO - Executing <Task(BashOperator): bash_task> on 2020-10-14 00:00:00+00:00
[2022-08-24 19:10:54,777] {standard_task_runner.py:79} INFO - Running: ['***', 'tasks', 'run', 'dynamically_branching1', 'bash_task', 'scheduled__2020-10-14T00:00:00+00:00', '--job-id', '1897', '--raw', '--subdir', 'DAGS_FOLDER/jobs_dag.py', '--cfg-path', '/tmp/tmp0i66swnh', '--error-file', '/tmp/tmpov_y79zl']
[2022-08-24 19:10:54,778] {standard_task_runner.py:52} INFO - Started process 7405 to run task
[2022-08-24 19:10:54,779] {standard_task_runner.py:80} INFO - Job 1897: Subtask bash_task
[2022-08-24 19:10:54,949] {task_command.py:371} INFO - Running <TaskInstance: dynamically_branching1.bash_task scheduled__2020-10-14T00:00:00+00:00 [running]> on host 9d5d2a77e6ba
[2022-08-24 19:10:55,072] {taskinstance.py:1591} INFO - Exporting the following env vars:
AIRFLOW_CTX_DAG_OWNER=***
AIRFLOW_CTX_DAG_ID=dynamically_branching1
AIRFLOW_CTX_TASK_ID=bash_task
AIRFLOW_CTX_EXECUTION_DATE=2020-10-14T00:00:00+00:00
AIRFLOW_CTX_TRY_NUMBER=1
AIRFLOW_CTX_DAG_RUN_ID=scheduled__2020-10-14T00:00:00+00:00
[2022-08-24 19:10:55,076] {subprocess.py:62} INFO - Tmp dir root location: 
 /tmp
[2022-08-24 19:10:55,078] {subprocess.py:74} INFO - Running command: ['bash', '-c', 'echo $(whoami)']
[2022-08-24 19:10:55,095] {subprocess.py:85} INFO - Output:
[2022-08-24 19:10:55,102] {subprocess.py:92} INFO - default
[2022-08-24 19:10:55,103] {subprocess.py:96} INFO - Command exited with return code 0
[2022-08-24 19:10:55,145] {taskinstance.py:1420} INFO - Marking task as SUCCESS. dag_id=dynamically_branching1, task_id=bash_task, execution_date=20201014T000000, start_date=20220824T191054, end_date=20220824T191055
[2022-08-24 19:10:55,206] {local_task_job.py:156} INFO - Task exited with return code 0
[2022-08-24 19:10:55,272] {local_task_job.py:273} INFO - 0 downstream tasks scheduled from follow-on schedule check
