[2022-09-01 19:03:46,997] {taskinstance.py:1179} INFO - Dependencies all met for <TaskInstance: trigger_sensor.process_results.sensor_triggered_dag manual__2022-09-01T19:03:42.540573+00:00 [queued]>
[2022-09-01 19:03:47,009] {taskinstance.py:1179} INFO - Dependencies all met for <TaskInstance: trigger_sensor.process_results.sensor_triggered_dag manual__2022-09-01T19:03:42.540573+00:00 [queued]>
[2022-09-01 19:03:47,010] {taskinstance.py:1376} INFO - 
--------------------------------------------------------------------------------
[2022-09-01 19:03:47,011] {taskinstance.py:1377} INFO - Starting attempt 1 of 1
[2022-09-01 19:03:47,011] {taskinstance.py:1378} INFO - 
--------------------------------------------------------------------------------
[2022-09-01 19:03:47,027] {taskinstance.py:1397} INFO - Executing <Task(ExternalTaskSensor): process_results.sensor_triggered_dag> on 2022-09-01 19:03:42.540573+00:00
[2022-09-01 19:03:47,034] {standard_task_runner.py:52} INFO - Started process 89451 to run task
[2022-09-01 19:03:47,038] {standard_task_runner.py:79} INFO - Running: ['***', 'tasks', 'run', 'trigger_sensor', 'process_results.sensor_triggered_dag', 'manual__2022-09-01T19:03:42.540573+00:00', '--job-id', '3501', '--raw', '--subdir', 'DAGS_FOLDER/trigger_dag.py', '--cfg-path', '/tmp/tmpqq8v_m7y', '--error-file', '/tmp/tmpgl20vuzd']
[2022-09-01 19:03:47,039] {standard_task_runner.py:80} INFO - Job 3501: Subtask process_results.sensor_triggered_dag
[2022-09-01 19:03:47,128] {task_command.py:371} INFO - Running <TaskInstance: trigger_sensor.process_results.sensor_triggered_dag manual__2022-09-01T19:03:42.540573+00:00 [running]> on host 9d5d2a77e6ba
[2022-09-01 19:03:47,224] {taskinstance.py:1591} INFO - Exporting the following env vars:
AIRFLOW_CTX_DAG_OWNER=***
AIRFLOW_CTX_DAG_ID=trigger_sensor
AIRFLOW_CTX_TASK_ID=process_results.sensor_triggered_dag
AIRFLOW_CTX_EXECUTION_DATE=2022-09-01T19:03:42.540573+00:00
AIRFLOW_CTX_TRY_NUMBER=1
AIRFLOW_CTX_DAG_RUN_ID=manual__2022-09-01T19:03:42.540573+00:00
[2022-09-01 19:03:47,226] {external_task.py:188} INFO - Poking for tasks None in dag dynamically_branching1 on 2022-09-01T19:03:42.540573+00:00 ... 
[2022-09-01 19:04:47,189] {external_task.py:188} INFO - Poking for tasks None in dag dynamically_branching1 on 2022-09-01T19:03:42.540573+00:00 ... 
[2022-09-01 19:05:47,212] {external_task.py:188} INFO - Poking for tasks None in dag dynamically_branching1 on 2022-09-01T19:03:42.540573+00:00 ... 
[2022-09-01 19:06:47,213] {external_task.py:188} INFO - Poking for tasks None in dag dynamically_branching1 on 2022-09-01T19:03:42.540573+00:00 ... 
[2022-09-01 19:06:47,225] {taskinstance.py:1909} ERROR - Task failed with exception
Traceback (most recent call last):
  File "/home/airflow/.local/lib/python3.7/site-packages/airflow/sensors/base.py", line 288, in execute
    raise AirflowSensorTimeout(f"Snap. Time is OUT. DAG id: {log_dag_id}")
airflow.exceptions.AirflowSensorTimeout: Snap. Time is OUT. DAG id: trigger_sensor
[2022-09-01 19:06:47,241] {taskinstance.py:1420} INFO - Immediate failure requested. Marking task as FAILED. dag_id=trigger_sensor, task_id=process_results.sensor_triggered_dag, execution_date=20220901T190342, start_date=20220901T190346, end_date=20220901T190647
[2022-09-01 19:06:47,260] {standard_task_runner.py:97} ERROR - Failed to execute job 3501 for task process_results.sensor_triggered_dag (Snap. Time is OUT. DAG id: trigger_sensor; 89451)
[2022-09-01 19:06:47,294] {local_task_job.py:156} INFO - Task exited with return code 1
[2022-09-01 19:06:47,349] {local_task_job.py:273} INFO - 0 downstream tasks scheduled from follow-on schedule check
