[2022-08-24 19:05:37,773] {taskinstance.py:1179} INFO - Dependencies all met for <TaskInstance: dynamically_branching1.bash_task scheduled__2020-03-12T00:00:00+00:00 [queued]>
[2022-08-24 19:05:37,857] {taskinstance.py:1179} INFO - Dependencies all met for <TaskInstance: dynamically_branching1.bash_task scheduled__2020-03-12T00:00:00+00:00 [queued]>
[2022-08-24 19:05:37,888] {taskinstance.py:1376} INFO - 
--------------------------------------------------------------------------------
[2022-08-24 19:05:37,891] {taskinstance.py:1377} INFO - Starting attempt 1 of 1
[2022-08-24 19:05:37,892] {taskinstance.py:1378} INFO - 
--------------------------------------------------------------------------------
[2022-08-24 19:05:37,975] {taskinstance.py:1397} INFO - Executing <Task(BashOperator): bash_task> on 2020-03-12 00:00:00+00:00
[2022-08-24 19:05:38,004] {standard_task_runner.py:52} INFO - Started process 6076 to run task
[2022-08-24 19:05:38,041] {standard_task_runner.py:79} INFO - Running: ['***', 'tasks', 'run', 'dynamically_branching1', 'bash_task', 'scheduled__2020-03-12T00:00:00+00:00', '--job-id', '1463', '--raw', '--subdir', 'DAGS_FOLDER/jobs_dag.py', '--cfg-path', '/tmp/tmpvjcjrt5e', '--error-file', '/tmp/tmphiwpfscm']
[2022-08-24 19:05:38,043] {standard_task_runner.py:80} INFO - Job 1463: Subtask bash_task
[2022-08-24 19:05:38,389] {task_command.py:371} INFO - Running <TaskInstance: dynamically_branching1.bash_task scheduled__2020-03-12T00:00:00+00:00 [running]> on host 9d5d2a77e6ba
[2022-08-24 19:05:38,718] {taskinstance.py:1591} INFO - Exporting the following env vars:
AIRFLOW_CTX_DAG_OWNER=***
AIRFLOW_CTX_DAG_ID=dynamically_branching1
AIRFLOW_CTX_TASK_ID=bash_task
AIRFLOW_CTX_EXECUTION_DATE=2020-03-12T00:00:00+00:00
AIRFLOW_CTX_TRY_NUMBER=1
AIRFLOW_CTX_DAG_RUN_ID=scheduled__2020-03-12T00:00:00+00:00
[2022-08-24 19:05:38,723] {subprocess.py:62} INFO - Tmp dir root location: 
 /tmp
[2022-08-24 19:05:38,731] {subprocess.py:74} INFO - Running command: ['bash', '-c', "echo 'command executed from BashOperator'"]
[2022-08-24 19:05:38,788] {subprocess.py:85} INFO - Output:
[2022-08-24 19:05:38,810] {subprocess.py:92} INFO - command executed from BashOperator
[2022-08-24 19:05:38,812] {subprocess.py:96} INFO - Command exited with return code 0
[2022-08-24 19:05:38,984] {taskinstance.py:1420} INFO - Marking task as SUCCESS. dag_id=dynamically_branching1, task_id=bash_task, execution_date=20200312T000000, start_date=20220824T190537, end_date=20220824T190538
[2022-08-24 19:05:39,187] {local_task_job.py:156} INFO - Task exited with return code 0
[2022-08-24 19:05:39,366] {local_task_job.py:273} INFO - 0 downstream tasks scheduled from follow-on schedule check
