[2022-09-01 21:50:30,310] {taskinstance.py:1179} INFO - Dependencies all met for <TaskInstance: dynamically_branching1.query_table manual__2022-09-01T21:50:26.314499+00:00 [queued]>
[2022-09-01 21:50:30,324] {taskinstance.py:1179} INFO - Dependencies all met for <TaskInstance: dynamically_branching1.query_table manual__2022-09-01T21:50:26.314499+00:00 [queued]>
[2022-09-01 21:50:30,325] {taskinstance.py:1376} INFO - 
--------------------------------------------------------------------------------
[2022-09-01 21:50:30,326] {taskinstance.py:1377} INFO - Starting attempt 1 of 1
[2022-09-01 21:50:30,327] {taskinstance.py:1378} INFO - 
--------------------------------------------------------------------------------
[2022-09-01 21:50:30,343] {taskinstance.py:1397} INFO - Executing <Task(PythonOperator): query_table> on 2022-09-01 21:50:26.314499+00:00
[2022-09-01 21:50:30,352] {standard_task_runner.py:52} INFO - Started process 93482 to run task
[2022-09-01 21:50:30,365] {standard_task_runner.py:79} INFO - Running: ['***', 'tasks', 'run', 'dynamically_branching1', 'query_table', 'manual__2022-09-01T21:50:26.314499+00:00', '--job-id', '3670', '--raw', '--subdir', 'DAGS_FOLDER/jobs_dag.py', '--cfg-path', '/tmp/tmpqksh1lx7', '--error-file', '/tmp/tmpjbqgl1t8']
[2022-09-01 21:50:30,367] {standard_task_runner.py:80} INFO - Job 3670: Subtask query_table
[2022-09-01 21:50:30,457] {task_command.py:371} INFO - Running <TaskInstance: dynamically_branching1.query_table manual__2022-09-01T21:50:26.314499+00:00 [running]> on host 9d5d2a77e6ba
[2022-09-01 21:50:30,551] {taskinstance.py:1591} INFO - Exporting the following env vars:
AIRFLOW_CTX_DAG_OWNER=***
AIRFLOW_CTX_DAG_ID=dynamically_branching1
AIRFLOW_CTX_TASK_ID=query_table
AIRFLOW_CTX_EXECUTION_DATE=2022-09-01T21:50:26.314499+00:00
AIRFLOW_CTX_TRY_NUMBER=1
AIRFLOW_CTX_DAG_RUN_ID=manual__2022-09-01T21:50:26.314499+00:00
[2022-09-01 21:50:30,571] {python.py:173} INFO - Done. Returned value was: None
[2022-09-01 21:50:30,592] {taskinstance.py:1420} INFO - Marking task as SUCCESS. dag_id=dynamically_branching1, task_id=query_table, execution_date=20220901T215026, start_date=20220901T215030, end_date=20220901T215030
[2022-09-01 21:50:30,658] {local_task_job.py:156} INFO - Task exited with return code 0
[2022-09-01 21:50:30,702] {local_task_job.py:273} INFO - 0 downstream tasks scheduled from follow-on schedule check
