[2022-08-24 19:08:49,964] {taskinstance.py:1179} INFO - Dependencies all met for <TaskInstance: dynamically_branching1.check_table_exist scheduled__2020-07-13T00:00:00+00:00 [queued]>
[2022-08-24 19:08:50,077] {taskinstance.py:1179} INFO - Dependencies all met for <TaskInstance: dynamically_branching1.check_table_exist scheduled__2020-07-13T00:00:00+00:00 [queued]>
[2022-08-24 19:08:50,080] {taskinstance.py:1376} INFO - 
--------------------------------------------------------------------------------
[2022-08-24 19:08:50,082] {taskinstance.py:1377} INFO - Starting attempt 1 of 1
[2022-08-24 19:08:50,083] {taskinstance.py:1378} INFO - 
--------------------------------------------------------------------------------
[2022-08-24 19:08:50,162] {taskinstance.py:1397} INFO - Executing <Task(BranchPythonOperator): check_table_exist> on 2020-07-13 00:00:00+00:00
[2022-08-24 19:08:50,183] {standard_task_runner.py:52} INFO - Started process 6816 to run task
[2022-08-24 19:08:50,221] {standard_task_runner.py:79} INFO - Running: ['***', 'tasks', 'run', 'dynamically_branching1', 'check_table_exist', 'scheduled__2020-07-13T00:00:00+00:00', '--job-id', '1718', '--raw', '--subdir', 'DAGS_FOLDER/jobs_dag.py', '--cfg-path', '/tmp/tmpns9af3ne', '--error-file', '/tmp/tmpp9u030tk']
[2022-08-24 19:08:50,230] {standard_task_runner.py:80} INFO - Job 1718: Subtask check_table_exist
[2022-08-24 19:08:50,616] {task_command.py:371} INFO - Running <TaskInstance: dynamically_branching1.check_table_exist scheduled__2020-07-13T00:00:00+00:00 [running]> on host 9d5d2a77e6ba
[2022-08-24 19:08:51,304] {taskinstance.py:1591} INFO - Exporting the following env vars:
AIRFLOW_CTX_DAG_OWNER=***
AIRFLOW_CTX_DAG_ID=dynamically_branching1
AIRFLOW_CTX_TASK_ID=check_table_exist
AIRFLOW_CTX_EXECUTION_DATE=2020-07-13T00:00:00+00:00
AIRFLOW_CTX_TRY_NUMBER=1
AIRFLOW_CTX_DAG_RUN_ID=scheduled__2020-07-13T00:00:00+00:00
[2022-08-24 19:08:51,306] {python.py:173} INFO - Done. Returned value was: insert_row
[2022-08-24 19:08:51,309] {skipmixin.py:140} INFO - Following branch insert_row
[2022-08-24 19:08:51,310] {skipmixin.py:175} INFO - Skipping tasks ['create_table']
[2022-08-24 19:08:51,555] {taskinstance.py:1420} INFO - Marking task as SUCCESS. dag_id=dynamically_branching1, task_id=check_table_exist, execution_date=20200713T000000, start_date=20220824T190849, end_date=20220824T190851
[2022-08-24 19:08:51,739] {local_task_job.py:156} INFO - Task exited with return code 0
[2022-08-24 19:08:52,203] {local_task_job.py:273} INFO - 1 downstream tasks scheduled from follow-on schedule check
