[2022-08-24 19:10:07,093] {taskinstance.py:1179} INFO - Dependencies all met for <TaskInstance: dynamically_branching1.bash_task scheduled__2020-09-06T00:00:00+00:00 [queued]>
[2022-08-24 19:10:07,115] {taskinstance.py:1179} INFO - Dependencies all met for <TaskInstance: dynamically_branching1.bash_task scheduled__2020-09-06T00:00:00+00:00 [queued]>
[2022-08-24 19:10:07,116] {taskinstance.py:1376} INFO - 
--------------------------------------------------------------------------------
[2022-08-24 19:10:07,117] {taskinstance.py:1377} INFO - Starting attempt 1 of 1
[2022-08-24 19:10:07,118] {taskinstance.py:1378} INFO - 
--------------------------------------------------------------------------------
[2022-08-24 19:10:07,148] {taskinstance.py:1397} INFO - Executing <Task(BashOperator): bash_task> on 2020-09-06 00:00:00+00:00
[2022-08-24 19:10:07,158] {standard_task_runner.py:52} INFO - Started process 7155 to run task
[2022-08-24 19:10:07,164] {standard_task_runner.py:79} INFO - Running: ['***', 'tasks', 'run', 'dynamically_branching1', 'bash_task', 'scheduled__2020-09-06T00:00:00+00:00', '--job-id', '1822', '--raw', '--subdir', 'DAGS_FOLDER/jobs_dag.py', '--cfg-path', '/tmp/tmp60smr3m4', '--error-file', '/tmp/tmpncvli__h']
[2022-08-24 19:10:07,166] {standard_task_runner.py:80} INFO - Job 1822: Subtask bash_task
[2022-08-24 19:10:07,445] {task_command.py:371} INFO - Running <TaskInstance: dynamically_branching1.bash_task scheduled__2020-09-06T00:00:00+00:00 [running]> on host 9d5d2a77e6ba
[2022-08-24 19:10:07,685] {taskinstance.py:1591} INFO - Exporting the following env vars:
AIRFLOW_CTX_DAG_OWNER=***
AIRFLOW_CTX_DAG_ID=dynamically_branching1
AIRFLOW_CTX_TASK_ID=bash_task
AIRFLOW_CTX_EXECUTION_DATE=2020-09-06T00:00:00+00:00
AIRFLOW_CTX_TRY_NUMBER=1
AIRFLOW_CTX_DAG_RUN_ID=scheduled__2020-09-06T00:00:00+00:00
[2022-08-24 19:10:07,691] {subprocess.py:62} INFO - Tmp dir root location: 
 /tmp
[2022-08-24 19:10:07,693] {subprocess.py:74} INFO - Running command: ['bash', '-c', 'echo $(whoami)']
[2022-08-24 19:10:07,731] {subprocess.py:85} INFO - Output:
[2022-08-24 19:10:07,745] {subprocess.py:92} INFO - default
[2022-08-24 19:10:07,753] {subprocess.py:96} INFO - Command exited with return code 0
[2022-08-24 19:10:07,859] {taskinstance.py:1420} INFO - Marking task as SUCCESS. dag_id=dynamically_branching1, task_id=bash_task, execution_date=20200906T000000, start_date=20220824T191007, end_date=20220824T191007
[2022-08-24 19:10:07,955] {local_task_job.py:156} INFO - Task exited with return code 0
[2022-08-24 19:10:08,212] {local_task_job.py:273} INFO - 0 downstream tasks scheduled from follow-on schedule check
