[2022-08-24 19:20:41,959] {taskinstance.py:1179} INFO - Dependencies all met for <TaskInstance: dynamically_branching1.bash_task scheduled__2022-02-22T00:00:00+00:00 [queued]>
[2022-08-24 19:20:42,013] {taskinstance.py:1179} INFO - Dependencies all met for <TaskInstance: dynamically_branching1.bash_task scheduled__2022-02-22T00:00:00+00:00 [queued]>
[2022-08-24 19:20:42,014] {taskinstance.py:1376} INFO - 
--------------------------------------------------------------------------------
[2022-08-24 19:20:42,014] {taskinstance.py:1377} INFO - Starting attempt 1 of 1
[2022-08-24 19:20:42,016] {taskinstance.py:1378} INFO - 
--------------------------------------------------------------------------------
[2022-08-24 19:20:42,071] {taskinstance.py:1397} INFO - Executing <Task(BashOperator): bash_task> on 2022-02-22 00:00:00+00:00
[2022-08-24 19:20:42,090] {standard_task_runner.py:52} INFO - Started process 10660 to run task
[2022-08-24 19:20:42,173] {standard_task_runner.py:79} INFO - Running: ['***', 'tasks', 'run', 'dynamically_branching1', 'bash_task', 'scheduled__2022-02-22T00:00:00+00:00', '--job-id', '2886', '--raw', '--subdir', 'DAGS_FOLDER/jobs_dag.py', '--cfg-path', '/tmp/tmp2k79lv8y', '--error-file', '/tmp/tmpazf85jjg']
[2022-08-24 19:20:42,177] {standard_task_runner.py:80} INFO - Job 2886: Subtask bash_task
[2022-08-24 19:20:42,564] {task_command.py:371} INFO - Running <TaskInstance: dynamically_branching1.bash_task scheduled__2022-02-22T00:00:00+00:00 [running]> on host 9d5d2a77e6ba
[2022-08-24 19:20:43,026] {taskinstance.py:1591} INFO - Exporting the following env vars:
AIRFLOW_CTX_DAG_OWNER=***
AIRFLOW_CTX_DAG_ID=dynamically_branching1
AIRFLOW_CTX_TASK_ID=bash_task
AIRFLOW_CTX_EXECUTION_DATE=2022-02-22T00:00:00+00:00
AIRFLOW_CTX_TRY_NUMBER=1
AIRFLOW_CTX_DAG_RUN_ID=scheduled__2022-02-22T00:00:00+00:00
[2022-08-24 19:20:43,030] {subprocess.py:62} INFO - Tmp dir root location: 
 /tmp
[2022-08-24 19:20:43,033] {subprocess.py:74} INFO - Running command: ['bash', '-c', 'echo $(whoami)']
[2022-08-24 19:20:43,070] {subprocess.py:85} INFO - Output:
[2022-08-24 19:20:43,106] {subprocess.py:92} INFO - default
[2022-08-24 19:20:43,109] {subprocess.py:96} INFO - Command exited with return code 0
[2022-08-24 19:20:43,265] {taskinstance.py:1420} INFO - Marking task as SUCCESS. dag_id=dynamically_branching1, task_id=bash_task, execution_date=20220222T000000, start_date=20220824T192041, end_date=20220824T192043
[2022-08-24 19:20:43,431] {local_task_job.py:156} INFO - Task exited with return code 0
[2022-08-24 19:20:43,719] {local_task_job.py:273} INFO - 1 downstream tasks scheduled from follow-on schedule check
