[2022-08-24 19:07:05,116] {taskinstance.py:1179} INFO - Dependencies all met for <TaskInstance: dynamically_branching1.bash_task scheduled__2020-05-11T00:00:00+00:00 [queued]>
[2022-08-24 19:07:05,217] {taskinstance.py:1179} INFO - Dependencies all met for <TaskInstance: dynamically_branching1.bash_task scheduled__2020-05-11T00:00:00+00:00 [queued]>
[2022-08-24 19:07:05,219] {taskinstance.py:1376} INFO - 
--------------------------------------------------------------------------------
[2022-08-24 19:07:05,222] {taskinstance.py:1377} INFO - Starting attempt 1 of 1
[2022-08-24 19:07:05,226] {taskinstance.py:1378} INFO - 
--------------------------------------------------------------------------------
[2022-08-24 19:07:05,343] {taskinstance.py:1397} INFO - Executing <Task(BashOperator): bash_task> on 2020-05-11 00:00:00+00:00
[2022-08-24 19:07:05,392] {standard_task_runner.py:52} INFO - Started process 6411 to run task
[2022-08-24 19:07:05,436] {standard_task_runner.py:79} INFO - Running: ['***', 'tasks', 'run', 'dynamically_branching1', 'bash_task', 'scheduled__2020-05-11T00:00:00+00:00', '--job-id', '1578', '--raw', '--subdir', 'DAGS_FOLDER/jobs_dag.py', '--cfg-path', '/tmp/tmpu1kzq_mh', '--error-file', '/tmp/tmpoiojr73e']
[2022-08-24 19:07:05,445] {standard_task_runner.py:80} INFO - Job 1578: Subtask bash_task
[2022-08-24 19:07:06,245] {task_command.py:371} INFO - Running <TaskInstance: dynamically_branching1.bash_task scheduled__2020-05-11T00:00:00+00:00 [running]> on host 9d5d2a77e6ba
[2022-08-24 19:07:07,167] {taskinstance.py:1591} INFO - Exporting the following env vars:
AIRFLOW_CTX_DAG_OWNER=***
AIRFLOW_CTX_DAG_ID=dynamically_branching1
AIRFLOW_CTX_TASK_ID=bash_task
AIRFLOW_CTX_EXECUTION_DATE=2020-05-11T00:00:00+00:00
AIRFLOW_CTX_TRY_NUMBER=1
AIRFLOW_CTX_DAG_RUN_ID=scheduled__2020-05-11T00:00:00+00:00
[2022-08-24 19:07:07,182] {subprocess.py:62} INFO - Tmp dir root location: 
 /tmp
[2022-08-24 19:07:07,208] {subprocess.py:74} INFO - Running command: ['bash', '-c', 'whoami']
[2022-08-24 19:07:07,450] {subprocess.py:85} INFO - Output:
[2022-08-24 19:07:07,518] {subprocess.py:92} INFO - default
[2022-08-24 19:07:07,536] {subprocess.py:96} INFO - Command exited with return code 0
[2022-08-24 19:07:08,114] {taskinstance.py:1420} INFO - Marking task as SUCCESS. dag_id=dynamically_branching1, task_id=bash_task, execution_date=20200511T000000, start_date=20220824T190705, end_date=20220824T190708
[2022-08-24 19:07:08,678] {local_task_job.py:156} INFO - Task exited with return code 0
[2022-08-24 19:07:09,596] {local_task_job.py:273} INFO - 0 downstream tasks scheduled from follow-on schedule check
