[2022-08-24 18:44:05,125] {taskinstance.py:1179} INFO - Dependencies all met for <TaskInstance: dynamically_branching1.Process_Start scheduled__2019-02-07T00:00:00+00:00 [queued]>
[2022-08-24 18:44:05,225] {taskinstance.py:1179} INFO - Dependencies all met for <TaskInstance: dynamically_branching1.Process_Start scheduled__2019-02-07T00:00:00+00:00 [queued]>
[2022-08-24 18:44:05,228] {taskinstance.py:1376} INFO - 
--------------------------------------------------------------------------------
[2022-08-24 18:44:05,231] {taskinstance.py:1377} INFO - Starting attempt 1 of 1
[2022-08-24 18:44:05,235] {taskinstance.py:1378} INFO - 
--------------------------------------------------------------------------------
[2022-08-24 18:44:05,403] {taskinstance.py:1397} INFO - Executing <Task(PythonOperator): Process_Start> on 2019-02-07 00:00:00+00:00
[2022-08-24 18:44:05,437] {standard_task_runner.py:79} INFO - Running: ['***', 'tasks', 'run', 'dynamically_branching1', 'Process_Start', 'scheduled__2019-02-07T00:00:00+00:00', '--job-id', '980', '--raw', '--subdir', 'DAGS_FOLDER/jobs_dag.py', '--cfg-path', '/tmp/tmpeczrfqii', '--error-file', '/tmp/tmpererp2ru']
[2022-08-24 18:44:05,440] {standard_task_runner.py:80} INFO - Job 980: Subtask Process_Start
[2022-08-24 18:44:05,439] {standard_task_runner.py:52} INFO - Started process 4144 to run task
[2022-08-24 18:44:06,229] {task_command.py:371} INFO - Running <TaskInstance: dynamically_branching1.Process_Start scheduled__2019-02-07T00:00:00+00:00 [running]> on host 9d5d2a77e6ba
[2022-08-24 18:44:06,844] {taskinstance.py:1591} INFO - Exporting the following env vars:
AIRFLOW_CTX_DAG_OWNER=***
AIRFLOW_CTX_DAG_ID=dynamically_branching1
AIRFLOW_CTX_TASK_ID=Process_Start
AIRFLOW_CTX_EXECUTION_DATE=2019-02-07T00:00:00+00:00
AIRFLOW_CTX_TRY_NUMBER=1
AIRFLOW_CTX_DAG_RUN_ID=scheduled__2019-02-07T00:00:00+00:00
[2022-08-24 18:44:06,856] {jobs_dag.py:30} INFO - Process Start!
[2022-08-24 18:44:06,857] {logging_mixin.py:115} INFO - This is DAG: 1
[2022-08-24 18:44:06,858] {python.py:173} INFO - Done. Returned value was: None
[2022-08-24 18:44:07,082] {taskinstance.py:1420} INFO - Marking task as SUCCESS. dag_id=dynamically_branching1, task_id=Process_Start, execution_date=20190207T000000, start_date=20220824T184405, end_date=20220824T184407
[2022-08-24 18:44:07,313] {local_task_job.py:156} INFO - Task exited with return code 0
[2022-08-24 18:44:07,705] {local_task_job.py:273} INFO - 0 downstream tasks scheduled from follow-on schedule check
