[2022-08-24 19:06:23,119] {taskinstance.py:1179} INFO - Dependencies all met for <TaskInstance: dynamically_branching1.bash_task scheduled__2020-04-09T00:00:00+00:00 [queued]>
[2022-08-24 19:06:23,165] {taskinstance.py:1179} INFO - Dependencies all met for <TaskInstance: dynamically_branching1.bash_task scheduled__2020-04-09T00:00:00+00:00 [queued]>
[2022-08-24 19:06:23,166] {taskinstance.py:1376} INFO - 
--------------------------------------------------------------------------------
[2022-08-24 19:06:23,171] {taskinstance.py:1377} INFO - Starting attempt 1 of 1
[2022-08-24 19:06:23,173] {taskinstance.py:1378} INFO - 
--------------------------------------------------------------------------------
[2022-08-24 19:06:23,253] {taskinstance.py:1397} INFO - Executing <Task(BashOperator): bash_task> on 2020-04-09 00:00:00+00:00
[2022-08-24 19:06:23,271] {standard_task_runner.py:52} INFO - Started process 6232 to run task
[2022-08-24 19:06:23,292] {standard_task_runner.py:79} INFO - Running: ['***', 'tasks', 'run', 'dynamically_branching1', 'bash_task', 'scheduled__2020-04-09T00:00:00+00:00', '--job-id', '1519', '--raw', '--subdir', 'DAGS_FOLDER/jobs_dag.py', '--cfg-path', '/tmp/tmp8axzqxt8', '--error-file', '/tmp/tmpdgpc_irh']
[2022-08-24 19:06:23,296] {standard_task_runner.py:80} INFO - Job 1519: Subtask bash_task
[2022-08-24 19:06:23,656] {task_command.py:371} INFO - Running <TaskInstance: dynamically_branching1.bash_task scheduled__2020-04-09T00:00:00+00:00 [running]> on host 9d5d2a77e6ba
[2022-08-24 19:06:23,907] {taskinstance.py:1591} INFO - Exporting the following env vars:
AIRFLOW_CTX_DAG_OWNER=***
AIRFLOW_CTX_DAG_ID=dynamically_branching1
AIRFLOW_CTX_TASK_ID=bash_task
AIRFLOW_CTX_EXECUTION_DATE=2020-04-09T00:00:00+00:00
AIRFLOW_CTX_TRY_NUMBER=1
AIRFLOW_CTX_DAG_RUN_ID=scheduled__2020-04-09T00:00:00+00:00
[2022-08-24 19:06:23,910] {subprocess.py:62} INFO - Tmp dir root location: 
 /tmp
[2022-08-24 19:06:23,911] {subprocess.py:74} INFO - Running command: ['bash', '-c', 'whoami']
[2022-08-24 19:06:23,981] {subprocess.py:85} INFO - Output:
[2022-08-24 19:06:24,000] {subprocess.py:92} INFO - default
[2022-08-24 19:06:24,008] {subprocess.py:96} INFO - Command exited with return code 0
[2022-08-24 19:06:24,117] {taskinstance.py:1420} INFO - Marking task as SUCCESS. dag_id=dynamically_branching1, task_id=bash_task, execution_date=20200409T000000, start_date=20220824T190623, end_date=20220824T190624
[2022-08-24 19:06:24,189] {local_task_job.py:156} INFO - Task exited with return code 0
[2022-08-24 19:06:24,369] {local_task_job.py:273} INFO - 1 downstream tasks scheduled from follow-on schedule check
