[2022-08-24 19:09:00,300] {taskinstance.py:1179} INFO - Dependencies all met for <TaskInstance: dynamically_branching1.bash_task manual__2022-08-24T19:08:58.289211+00:00 [queued]>
[2022-08-24 19:09:00,311] {taskinstance.py:1179} INFO - Dependencies all met for <TaskInstance: dynamically_branching1.bash_task manual__2022-08-24T19:08:58.289211+00:00 [queued]>
[2022-08-24 19:09:00,312] {taskinstance.py:1376} INFO - 
--------------------------------------------------------------------------------
[2022-08-24 19:09:00,313] {taskinstance.py:1377} INFO - Starting attempt 1 of 1
[2022-08-24 19:09:00,314] {taskinstance.py:1378} INFO - 
--------------------------------------------------------------------------------
[2022-08-24 19:09:00,334] {taskinstance.py:1397} INFO - Executing <Task(BashOperator): bash_task> on 2022-08-24 19:08:58.289211+00:00
[2022-08-24 19:09:00,343] {standard_task_runner.py:52} INFO - Started process 6829 to run task
[2022-08-24 19:09:00,350] {standard_task_runner.py:79} INFO - Running: ['***', 'tasks', 'run', 'dynamically_branching1', 'bash_task', 'manual__2022-08-24T19:08:58.289211+00:00', '--job-id', '1725', '--raw', '--subdir', 'DAGS_FOLDER/jobs_dag.py', '--cfg-path', '/tmp/tmpb_u6vqm6', '--error-file', '/tmp/tmp0b_zhmtn']
[2022-08-24 19:09:00,351] {standard_task_runner.py:80} INFO - Job 1725: Subtask bash_task
[2022-08-24 19:09:00,506] {task_command.py:371} INFO - Running <TaskInstance: dynamically_branching1.bash_task manual__2022-08-24T19:08:58.289211+00:00 [running]> on host 9d5d2a77e6ba
[2022-08-24 19:09:00,741] {taskinstance.py:1591} INFO - Exporting the following env vars:
AIRFLOW_CTX_DAG_OWNER=***
AIRFLOW_CTX_DAG_ID=dynamically_branching1
AIRFLOW_CTX_TASK_ID=bash_task
AIRFLOW_CTX_EXECUTION_DATE=2022-08-24T19:08:58.289211+00:00
AIRFLOW_CTX_TRY_NUMBER=1
AIRFLOW_CTX_DAG_RUN_ID=manual__2022-08-24T19:08:58.289211+00:00
[2022-08-24 19:09:00,746] {subprocess.py:62} INFO - Tmp dir root location: 
 /tmp
[2022-08-24 19:09:00,749] {subprocess.py:74} INFO - Running command: ['bash', '-c', 'echo $(whoami)']
[2022-08-24 19:09:00,794] {subprocess.py:85} INFO - Output:
[2022-08-24 19:09:00,817] {subprocess.py:92} INFO - default
[2022-08-24 19:09:00,820] {subprocess.py:96} INFO - Command exited with return code 0
[2022-08-24 19:09:01,012] {taskinstance.py:1420} INFO - Marking task as SUCCESS. dag_id=dynamically_branching1, task_id=bash_task, execution_date=20220824T190858, start_date=20220824T190900, end_date=20220824T190901
[2022-08-24 19:09:01,102] {local_task_job.py:156} INFO - Task exited with return code 0
[2022-08-24 19:09:01,380] {local_task_job.py:273} INFO - 1 downstream tasks scheduled from follow-on schedule check
