[2022-08-24 18:44:10,633] {taskinstance.py:1179} INFO - Dependencies all met for <TaskInstance: dynamically_branching1.query_table scheduled__2019-01-31T00:00:00+00:00 [queued]>
[2022-08-24 18:44:10,741] {taskinstance.py:1179} INFO - Dependencies all met for <TaskInstance: dynamically_branching1.query_table scheduled__2019-01-31T00:00:00+00:00 [queued]>
[2022-08-24 18:44:10,742] {taskinstance.py:1376} INFO - 
--------------------------------------------------------------------------------
[2022-08-24 18:44:10,743] {taskinstance.py:1377} INFO - Starting attempt 1 of 1
[2022-08-24 18:44:10,744] {taskinstance.py:1378} INFO - 
--------------------------------------------------------------------------------
[2022-08-24 18:44:10,852] {taskinstance.py:1397} INFO - Executing <Task(PythonOperator): query_table> on 2019-01-31 00:00:00+00:00
[2022-08-24 18:44:10,917] {standard_task_runner.py:52} INFO - Started process 4168 to run task
[2022-08-24 18:44:10,964] {standard_task_runner.py:79} INFO - Running: ['***', 'tasks', 'run', 'dynamically_branching1', 'query_table', 'scheduled__2019-01-31T00:00:00+00:00', '--job-id', '992', '--raw', '--subdir', 'DAGS_FOLDER/jobs_dag.py', '--cfg-path', '/tmp/tmp_dt78k3d', '--error-file', '/tmp/tmpza8n_3ny']
[2022-08-24 18:44:10,972] {standard_task_runner.py:80} INFO - Job 992: Subtask query_table
[2022-08-24 18:44:11,768] {task_command.py:371} INFO - Running <TaskInstance: dynamically_branching1.query_table scheduled__2019-01-31T00:00:00+00:00 [running]> on host 9d5d2a77e6ba
[2022-08-24 18:44:12,852] {taskinstance.py:1591} INFO - Exporting the following env vars:
AIRFLOW_CTX_DAG_OWNER=***
AIRFLOW_CTX_DAG_ID=dynamically_branching1
AIRFLOW_CTX_TASK_ID=query_table
AIRFLOW_CTX_EXECUTION_DATE=2019-01-31T00:00:00+00:00
AIRFLOW_CTX_TRY_NUMBER=1
AIRFLOW_CTX_DAG_RUN_ID=scheduled__2019-01-31T00:00:00+00:00
[2022-08-24 18:44:12,881] {python.py:173} INFO - Done. Returned value was: finish
[2022-08-24 18:44:13,154] {taskinstance.py:1420} INFO - Marking task as SUCCESS. dag_id=dynamically_branching1, task_id=query_table, execution_date=20190131T000000, start_date=20220824T184410, end_date=20220824T184413
[2022-08-24 18:44:13,349] {local_task_job.py:156} INFO - Task exited with return code 0
[2022-08-24 18:44:13,636] {local_task_job.py:273} INFO - 0 downstream tasks scheduled from follow-on schedule check
