[2022-09-06 15:44:22,337] {taskinstance.py:1179} INFO - Dependencies all met for <TaskInstance: tables_name_1.query_table manual__2022-09-06T15:44:17.612151+00:00 [queued]>
[2022-09-06 15:44:22,349] {taskinstance.py:1179} INFO - Dependencies all met for <TaskInstance: tables_name_1.query_table manual__2022-09-06T15:44:17.612151+00:00 [queued]>
[2022-09-06 15:44:22,350] {taskinstance.py:1376} INFO - 
--------------------------------------------------------------------------------
[2022-09-06 15:44:22,351] {taskinstance.py:1377} INFO - Starting attempt 1 of 1
[2022-09-06 15:44:22,352] {taskinstance.py:1378} INFO - 
--------------------------------------------------------------------------------
[2022-09-06 15:44:22,369] {taskinstance.py:1397} INFO - Executing <Task(PythonOperator): query_table> on 2022-09-06 15:44:17.612151+00:00
[2022-09-06 15:44:22,378] {standard_task_runner.py:52} INFO - Started process 6025 to run task
[2022-09-06 15:44:22,383] {standard_task_runner.py:79} INFO - Running: ['***', 'tasks', 'run', 'tables_name_1', 'query_table', 'manual__2022-09-06T15:44:17.612151+00:00', '--job-id', '3842', '--raw', '--subdir', 'DAGS_FOLDER/jobs_dag.py', '--cfg-path', '/tmp/tmpeox30hje', '--error-file', '/tmp/tmpv_s6zvri']
[2022-09-06 15:44:22,383] {standard_task_runner.py:80} INFO - Job 3842: Subtask query_table
[2022-09-06 15:44:22,466] {task_command.py:371} INFO - Running <TaskInstance: tables_name_1.query_table manual__2022-09-06T15:44:17.612151+00:00 [running]> on host eba23da77ca5
[2022-09-06 15:44:22,553] {taskinstance.py:1591} INFO - Exporting the following env vars:
AIRFLOW_CTX_DAG_OWNER=***
AIRFLOW_CTX_DAG_ID=tables_name_1
AIRFLOW_CTX_TASK_ID=query_table
AIRFLOW_CTX_EXECUTION_DATE=2022-09-06T15:44:17.612151+00:00
AIRFLOW_CTX_TRY_NUMBER=1
AIRFLOW_CTX_DAG_RUN_ID=manual__2022-09-06T15:44:17.612151+00:00
[2022-09-06 15:44:22,575] {python.py:173} INFO - Done. Returned value was: None
[2022-09-06 15:44:22,599] {taskinstance.py:1420} INFO - Marking task as SUCCESS. dag_id=tables_name_1, task_id=query_table, execution_date=20220906T154417, start_date=20220906T154422, end_date=20220906T154422
[2022-09-06 15:44:22,637] {local_task_job.py:156} INFO - Task exited with return code 0
[2022-09-06 15:44:22,681] {local_task_job.py:273} INFO - 0 downstream tasks scheduled from follow-on schedule check
