[2022-08-24 19:22:34,077] {taskinstance.py:1179} INFO - Dependencies all met for <TaskInstance: dynamically_branching1.bash_task scheduled__2022-05-26T00:00:00+00:00 [queued]>
[2022-08-24 19:22:34,116] {taskinstance.py:1179} INFO - Dependencies all met for <TaskInstance: dynamically_branching1.bash_task scheduled__2022-05-26T00:00:00+00:00 [queued]>
[2022-08-24 19:22:34,118] {taskinstance.py:1376} INFO - 
--------------------------------------------------------------------------------
[2022-08-24 19:22:34,119] {taskinstance.py:1377} INFO - Starting attempt 1 of 1
[2022-08-24 19:22:34,120] {taskinstance.py:1378} INFO - 
--------------------------------------------------------------------------------
[2022-08-24 19:22:34,180] {taskinstance.py:1397} INFO - Executing <Task(BashOperator): bash_task> on 2022-05-26 00:00:00+00:00
[2022-08-24 19:22:34,196] {standard_task_runner.py:52} INFO - Started process 11280 to run task
[2022-08-24 19:22:34,230] {standard_task_runner.py:79} INFO - Running: ['***', 'tasks', 'run', 'dynamically_branching1', 'bash_task', 'scheduled__2022-05-26T00:00:00+00:00', '--job-id', '3075', '--raw', '--subdir', 'DAGS_FOLDER/jobs_dag.py', '--cfg-path', '/tmp/tmptn5w6e3a', '--error-file', '/tmp/tmpnxa22luj']
[2022-08-24 19:22:34,242] {standard_task_runner.py:80} INFO - Job 3075: Subtask bash_task
[2022-08-24 19:22:34,701] {task_command.py:371} INFO - Running <TaskInstance: dynamically_branching1.bash_task scheduled__2022-05-26T00:00:00+00:00 [running]> on host 9d5d2a77e6ba
[2022-08-24 19:22:35,047] {taskinstance.py:1591} INFO - Exporting the following env vars:
AIRFLOW_CTX_DAG_OWNER=***
AIRFLOW_CTX_DAG_ID=dynamically_branching1
AIRFLOW_CTX_TASK_ID=bash_task
AIRFLOW_CTX_EXECUTION_DATE=2022-05-26T00:00:00+00:00
AIRFLOW_CTX_TRY_NUMBER=1
AIRFLOW_CTX_DAG_RUN_ID=scheduled__2022-05-26T00:00:00+00:00
[2022-08-24 19:22:35,051] {subprocess.py:62} INFO - Tmp dir root location: 
 /tmp
[2022-08-24 19:22:35,054] {subprocess.py:74} INFO - Running command: ['bash', '-c', 'echo $(whoami)']
[2022-08-24 19:22:35,150] {subprocess.py:85} INFO - Output:
[2022-08-24 19:22:35,156] {subprocess.py:92} INFO - default
[2022-08-24 19:22:35,159] {subprocess.py:96} INFO - Command exited with return code 0
[2022-08-24 19:22:35,326] {taskinstance.py:1420} INFO - Marking task as SUCCESS. dag_id=dynamically_branching1, task_id=bash_task, execution_date=20220526T000000, start_date=20220824T192234, end_date=20220824T192235
[2022-08-24 19:22:35,445] {local_task_job.py:156} INFO - Task exited with return code 0
[2022-08-24 19:22:35,804] {local_task_job.py:273} INFO - 0 downstream tasks scheduled from follow-on schedule check
