[2022-08-24 19:14:43,270] {taskinstance.py:1179} INFO - Dependencies all met for <TaskInstance: dynamically_branching1.bash_task scheduled__2021-04-20T00:00:00+00:00 [queued]>
[2022-08-24 19:14:43,301] {taskinstance.py:1179} INFO - Dependencies all met for <TaskInstance: dynamically_branching1.bash_task scheduled__2021-04-20T00:00:00+00:00 [queued]>
[2022-08-24 19:14:43,308] {taskinstance.py:1376} INFO - 
--------------------------------------------------------------------------------
[2022-08-24 19:14:43,311] {taskinstance.py:1377} INFO - Starting attempt 1 of 1
[2022-08-24 19:14:43,313] {taskinstance.py:1378} INFO - 
--------------------------------------------------------------------------------
[2022-08-24 19:14:43,374] {taskinstance.py:1397} INFO - Executing <Task(BashOperator): bash_task> on 2021-04-20 00:00:00+00:00
[2022-08-24 19:14:43,400] {standard_task_runner.py:52} INFO - Started process 8650 to run task
[2022-08-24 19:14:43,422] {standard_task_runner.py:79} INFO - Running: ['***', 'tasks', 'run', 'dynamically_branching1', 'bash_task', 'scheduled__2021-04-20T00:00:00+00:00', '--job-id', '2272', '--raw', '--subdir', 'DAGS_FOLDER/jobs_dag.py', '--cfg-path', '/tmp/tmpvr4qf_i5', '--error-file', '/tmp/tmp6e10gkkj']
[2022-08-24 19:14:43,423] {standard_task_runner.py:80} INFO - Job 2272: Subtask bash_task
[2022-08-24 19:14:43,676] {task_command.py:371} INFO - Running <TaskInstance: dynamically_branching1.bash_task scheduled__2021-04-20T00:00:00+00:00 [running]> on host 9d5d2a77e6ba
[2022-08-24 19:14:43,940] {taskinstance.py:1591} INFO - Exporting the following env vars:
AIRFLOW_CTX_DAG_OWNER=***
AIRFLOW_CTX_DAG_ID=dynamically_branching1
AIRFLOW_CTX_TASK_ID=bash_task
AIRFLOW_CTX_EXECUTION_DATE=2021-04-20T00:00:00+00:00
AIRFLOW_CTX_TRY_NUMBER=1
AIRFLOW_CTX_DAG_RUN_ID=scheduled__2021-04-20T00:00:00+00:00
[2022-08-24 19:14:43,942] {subprocess.py:62} INFO - Tmp dir root location: 
 /tmp
[2022-08-24 19:14:43,943] {subprocess.py:74} INFO - Running command: ['bash', '-c', 'echo $(whoami)']
[2022-08-24 19:14:43,983] {subprocess.py:85} INFO - Output:
[2022-08-24 19:14:44,016] {subprocess.py:92} INFO - default
[2022-08-24 19:14:44,017] {subprocess.py:96} INFO - Command exited with return code 0
[2022-08-24 19:14:44,098] {taskinstance.py:1420} INFO - Marking task as SUCCESS. dag_id=dynamically_branching1, task_id=bash_task, execution_date=20210420T000000, start_date=20220824T191443, end_date=20220824T191444
[2022-08-24 19:14:44,166] {local_task_job.py:156} INFO - Task exited with return code 0
[2022-08-24 19:14:44,285] {local_task_job.py:273} INFO - 1 downstream tasks scheduled from follow-on schedule check
