[2022-08-24 19:01:48,826] {taskinstance.py:1179} INFO - Dependencies all met for <TaskInstance: dynamically_branching1.check_table_exist scheduled__2019-07-28T00:00:00+00:00 [queued]>
[2022-08-24 19:01:48,841] {taskinstance.py:1179} INFO - Dependencies all met for <TaskInstance: dynamically_branching1.check_table_exist scheduled__2019-07-28T00:00:00+00:00 [queued]>
[2022-08-24 19:01:48,842] {taskinstance.py:1376} INFO - 
--------------------------------------------------------------------------------
[2022-08-24 19:01:48,843] {taskinstance.py:1377} INFO - Starting attempt 1 of 1
[2022-08-24 19:01:48,844] {taskinstance.py:1378} INFO - 
--------------------------------------------------------------------------------
[2022-08-24 19:01:48,866] {taskinstance.py:1397} INFO - Executing <Task(BranchPythonOperator): check_table_exist> on 2019-07-28 00:00:00+00:00
[2022-08-24 19:01:48,876] {standard_task_runner.py:52} INFO - Started process 5382 to run task
[2022-08-24 19:01:48,886] {standard_task_runner.py:79} INFO - Running: ['***', 'tasks', 'run', 'dynamically_branching1', 'check_table_exist', 'scheduled__2019-07-28T00:00:00+00:00', '--job-id', '1208', '--raw', '--subdir', 'DAGS_FOLDER/jobs_dag.py', '--cfg-path', '/tmp/tmpbx_97wcl', '--error-file', '/tmp/tmpd35vjkqs']
[2022-08-24 19:01:48,887] {standard_task_runner.py:80} INFO - Job 1208: Subtask check_table_exist
[2022-08-24 19:01:49,013] {task_command.py:371} INFO - Running <TaskInstance: dynamically_branching1.check_table_exist scheduled__2019-07-28T00:00:00+00:00 [running]> on host 9d5d2a77e6ba
[2022-08-24 19:01:49,134] {taskinstance.py:1591} INFO - Exporting the following env vars:
AIRFLOW_CTX_DAG_OWNER=***
AIRFLOW_CTX_DAG_ID=dynamically_branching1
AIRFLOW_CTX_TASK_ID=check_table_exist
AIRFLOW_CTX_EXECUTION_DATE=2019-07-28T00:00:00+00:00
AIRFLOW_CTX_TRY_NUMBER=1
AIRFLOW_CTX_DAG_RUN_ID=scheduled__2019-07-28T00:00:00+00:00
[2022-08-24 19:01:49,139] {python.py:173} INFO - Done. Returned value was: insert_row
[2022-08-24 19:01:49,141] {skipmixin.py:140} INFO - Following branch insert_row
[2022-08-24 19:01:49,142] {skipmixin.py:175} INFO - Skipping tasks ['create_table']
[2022-08-24 19:01:49,203] {taskinstance.py:1420} INFO - Marking task as SUCCESS. dag_id=dynamically_branching1, task_id=check_table_exist, execution_date=20190728T000000, start_date=20220824T190148, end_date=20220824T190149
[2022-08-24 19:01:49,227] {local_task_job.py:156} INFO - Task exited with return code 0
[2022-08-24 19:01:49,289] {local_task_job.py:273} INFO - 1 downstream tasks scheduled from follow-on schedule check
