[2022-08-24 18:42:59,340] {taskinstance.py:1179} INFO - Dependencies all met for <TaskInstance: dynamically_branching1.check_table_exist scheduled__2018-12-27T00:00:00+00:00 [queued]>
[2022-08-24 18:42:59,413] {taskinstance.py:1179} INFO - Dependencies all met for <TaskInstance: dynamically_branching1.check_table_exist scheduled__2018-12-27T00:00:00+00:00 [queued]>
[2022-08-24 18:42:59,415] {taskinstance.py:1376} INFO - 
--------------------------------------------------------------------------------
[2022-08-24 18:42:59,416] {taskinstance.py:1377} INFO - Starting attempt 1 of 1
[2022-08-24 18:42:59,417] {taskinstance.py:1378} INFO - 
--------------------------------------------------------------------------------
[2022-08-24 18:42:59,517] {taskinstance.py:1397} INFO - Executing <Task(BranchPythonOperator): check_table_exist> on 2018-12-27 00:00:00+00:00
[2022-08-24 18:42:59,538] {standard_task_runner.py:52} INFO - Started process 3901 to run task
[2022-08-24 18:42:59,570] {standard_task_runner.py:79} INFO - Running: ['***', 'tasks', 'run', 'dynamically_branching1', 'check_table_exist', 'scheduled__2018-12-27T00:00:00+00:00', '--job-id', '878', '--raw', '--subdir', 'DAGS_FOLDER/jobs_dag.py', '--cfg-path', '/tmp/tmprnyj_r_n', '--error-file', '/tmp/tmpdclztr7j']
[2022-08-24 18:42:59,587] {standard_task_runner.py:80} INFO - Job 878: Subtask check_table_exist
[2022-08-24 18:42:59,901] {task_command.py:371} INFO - Running <TaskInstance: dynamically_branching1.check_table_exist scheduled__2018-12-27T00:00:00+00:00 [running]> on host 9d5d2a77e6ba
[2022-08-24 18:43:00,240] {taskinstance.py:1591} INFO - Exporting the following env vars:
AIRFLOW_CTX_DAG_OWNER=***
AIRFLOW_CTX_DAG_ID=dynamically_branching1
AIRFLOW_CTX_TASK_ID=check_table_exist
AIRFLOW_CTX_EXECUTION_DATE=2018-12-27T00:00:00+00:00
AIRFLOW_CTX_TRY_NUMBER=1
AIRFLOW_CTX_DAG_RUN_ID=scheduled__2018-12-27T00:00:00+00:00
[2022-08-24 18:43:00,244] {python.py:173} INFO - Done. Returned value was: create_table
[2022-08-24 18:43:00,245] {skipmixin.py:140} INFO - Following branch create_table
[2022-08-24 18:43:00,247] {skipmixin.py:175} INFO - Skipping tasks []
[2022-08-24 18:43:00,360] {taskinstance.py:1420} INFO - Marking task as SUCCESS. dag_id=dynamically_branching1, task_id=check_table_exist, execution_date=20181227T000000, start_date=20220824T184259, end_date=20220824T184300
[2022-08-24 18:43:00,406] {local_task_job.py:156} INFO - Task exited with return code 0
[2022-08-24 18:43:00,525] {local_task_job.py:273} INFO - 1 downstream tasks scheduled from follow-on schedule check
