[2022-09-01 20:15:24,176] {taskinstance.py:1179} INFO - Dependencies all met for <TaskInstance: dynamically_branching1.check_table_exist manual__2022-09-01T20:15:20.144045+00:00 [queued]>
[2022-09-01 20:15:24,188] {taskinstance.py:1179} INFO - Dependencies all met for <TaskInstance: dynamically_branching1.check_table_exist manual__2022-09-01T20:15:20.144045+00:00 [queued]>
[2022-09-01 20:15:24,190] {taskinstance.py:1376} INFO - 
--------------------------------------------------------------------------------
[2022-09-01 20:15:24,191] {taskinstance.py:1377} INFO - Starting attempt 1 of 1
[2022-09-01 20:15:24,192] {taskinstance.py:1378} INFO - 
--------------------------------------------------------------------------------
[2022-09-01 20:15:24,238] {taskinstance.py:1397} INFO - Executing <Task(BranchPythonOperator): check_table_exist> on 2022-09-01 20:15:20.144045+00:00
[2022-09-01 20:15:24,267] {standard_task_runner.py:52} INFO - Started process 92310 to run task
[2022-09-01 20:15:24,275] {standard_task_runner.py:79} INFO - Running: ['***', 'tasks', 'run', 'dynamically_branching1', 'check_table_exist', 'manual__2022-09-01T20:15:20.144045+00:00', '--job-id', '3638', '--raw', '--subdir', 'DAGS_FOLDER/jobs_dag.py', '--cfg-path', '/tmp/tmp7gwre0at', '--error-file', '/tmp/tmpn4il3vsz']
[2022-09-01 20:15:24,276] {standard_task_runner.py:80} INFO - Job 3638: Subtask check_table_exist
[2022-09-01 20:15:24,440] {task_command.py:371} INFO - Running <TaskInstance: dynamically_branching1.check_table_exist manual__2022-09-01T20:15:20.144045+00:00 [running]> on host 9d5d2a77e6ba
[2022-09-01 20:15:24,582] {taskinstance.py:1591} INFO - Exporting the following env vars:
AIRFLOW_CTX_DAG_OWNER=***
AIRFLOW_CTX_DAG_ID=dynamically_branching1
AIRFLOW_CTX_TASK_ID=check_table_exist
AIRFLOW_CTX_EXECUTION_DATE=2022-09-01T20:15:20.144045+00:00
AIRFLOW_CTX_TRY_NUMBER=1
AIRFLOW_CTX_DAG_RUN_ID=manual__2022-09-01T20:15:20.144045+00:00
[2022-09-01 20:15:24,587] {python.py:173} INFO - Done. Returned value was: insert_row
[2022-09-01 20:15:24,589] {skipmixin.py:140} INFO - Following branch insert_row
[2022-09-01 20:15:24,590] {skipmixin.py:175} INFO - Skipping tasks ['create_table']
[2022-09-01 20:15:24,699] {taskinstance.py:1420} INFO - Marking task as SUCCESS. dag_id=dynamically_branching1, task_id=check_table_exist, execution_date=20220901T201520, start_date=20220901T201524, end_date=20220901T201524
[2022-09-01 20:15:24,752] {local_task_job.py:156} INFO - Task exited with return code 0
[2022-09-01 20:15:24,858] {local_task_job.py:273} INFO - 1 downstream tasks scheduled from follow-on schedule check
