[2022-08-17 15:30:54,819] {taskinstance.py:1179} INFO - Dependencies all met for <TaskInstance: my_dag.training_model_C manual__2022-08-17T15:30:53.369419+00:00 [queued]>
[2022-08-17 15:30:54,834] {taskinstance.py:1179} INFO - Dependencies all met for <TaskInstance: my_dag.training_model_C manual__2022-08-17T15:30:53.369419+00:00 [queued]>
[2022-08-17 15:30:54,835] {taskinstance.py:1376} INFO - 
--------------------------------------------------------------------------------
[2022-08-17 15:30:54,836] {taskinstance.py:1377} INFO - Starting attempt 1 of 1
[2022-08-17 15:30:54,837] {taskinstance.py:1378} INFO - 
--------------------------------------------------------------------------------
[2022-08-17 15:30:54,857] {taskinstance.py:1397} INFO - Executing <Task(PythonOperator): training_model_C> on 2022-08-17 15:30:53.369419+00:00
[2022-08-17 15:30:54,865] {standard_task_runner.py:52} INFO - Started process 2284 to run task
[2022-08-17 15:30:54,871] {standard_task_runner.py:79} INFO - Running: ['***', 'tasks', 'run', 'my_dag', 'training_model_C', 'manual__2022-08-17T15:30:53.369419+00:00', '--job-id', '61', '--raw', '--subdir', 'DAGS_FOLDER/my_dag.py', '--cfg-path', '/tmp/tmpiq0fratd', '--error-file', '/tmp/tmpp7dkka9b']
[2022-08-17 15:30:54,873] {standard_task_runner.py:80} INFO - Job 61: Subtask training_model_C
[2022-08-17 15:30:55,074] {task_command.py:371} INFO - Running <TaskInstance: my_dag.training_model_C manual__2022-08-17T15:30:53.369419+00:00 [running]> on host 9d5d2a77e6ba
[2022-08-17 15:30:55,242] {taskinstance.py:1591} INFO - Exporting the following env vars:
AIRFLOW_CTX_DAG_OWNER=***
AIRFLOW_CTX_DAG_ID=my_dag
AIRFLOW_CTX_TASK_ID=training_model_C
AIRFLOW_CTX_EXECUTION_DATE=2022-08-17T15:30:53.369419+00:00
AIRFLOW_CTX_TRY_NUMBER=1
AIRFLOW_CTX_DAG_RUN_ID=manual__2022-08-17T15:30:53.369419+00:00
[2022-08-17 15:30:55,245] {python.py:173} INFO - Done. Returned value was: 8
[2022-08-17 15:30:55,327] {taskinstance.py:1420} INFO - Marking task as SUCCESS. dag_id=my_dag, task_id=training_model_C, execution_date=20220817T153053, start_date=20220817T153054, end_date=20220817T153055
[2022-08-17 15:30:55,368] {local_task_job.py:156} INFO - Task exited with return code 0
[2022-08-17 15:30:55,441] {local_task_job.py:273} INFO - 1 downstream tasks scheduled from follow-on schedule check
