[2022-09-01 19:23:56,961] {taskinstance.py:1179} INFO - Dependencies all met for <TaskInstance: trigger_sensor.waiting_for_run_file manual__2022-09-01T19:23:56.244170+00:00 [queued]>
[2022-09-01 19:23:56,973] {taskinstance.py:1179} INFO - Dependencies all met for <TaskInstance: trigger_sensor.waiting_for_run_file manual__2022-09-01T19:23:56.244170+00:00 [queued]>
[2022-09-01 19:23:56,974] {taskinstance.py:1376} INFO - 
--------------------------------------------------------------------------------
[2022-09-01 19:23:56,975] {taskinstance.py:1377} INFO - Starting attempt 1 of 1
[2022-09-01 19:23:56,976] {taskinstance.py:1378} INFO - 
--------------------------------------------------------------------------------
[2022-09-01 19:23:56,992] {taskinstance.py:1397} INFO - Executing <Task(FileSensor): waiting_for_run_file> on 2022-09-01 19:23:56.244170+00:00
[2022-09-01 19:23:56,998] {standard_task_runner.py:52} INFO - Started process 90340 to run task
[2022-09-01 19:23:57,003] {standard_task_runner.py:79} INFO - Running: ['***', 'tasks', 'run', 'trigger_sensor', 'waiting_for_run_file', 'manual__2022-09-01T19:23:56.244170+00:00', '--job-id', '3523', '--raw', '--subdir', 'DAGS_FOLDER/trigger_dag.py', '--cfg-path', '/tmp/tmpa5wmn6wm', '--error-file', '/tmp/tmpgxsjxad6']
[2022-09-01 19:23:57,004] {standard_task_runner.py:80} INFO - Job 3523: Subtask waiting_for_run_file
[2022-09-01 19:23:57,101] {task_command.py:371} INFO - Running <TaskInstance: trigger_sensor.waiting_for_run_file manual__2022-09-01T19:23:56.244170+00:00 [running]> on host 9d5d2a77e6ba
[2022-09-01 19:23:57,202] {taskinstance.py:1591} INFO - Exporting the following env vars:
AIRFLOW_CTX_DAG_OWNER=***
AIRFLOW_CTX_DAG_ID=trigger_sensor
AIRFLOW_CTX_TASK_ID=waiting_for_run_file
AIRFLOW_CTX_EXECUTION_DATE=2022-09-01T19:23:56.244170+00:00
AIRFLOW_CTX_TRY_NUMBER=1
AIRFLOW_CTX_DAG_RUN_ID=manual__2022-09-01T19:23:56.244170+00:00
[2022-09-01 19:23:57,217] {base.py:68} INFO - Using connection ID 'my_file_system_practice' for task execution.
[2022-09-01 19:23:57,218] {filesystem.py:58} INFO - Poking for file /opt/***/dags/test.txt
[2022-09-01 19:23:57,219] {filesystem.py:63} INFO - Found File /opt/***/dags/test.txt last modified: 20220901175709
[2022-09-01 19:23:57,220] {base.py:301} INFO - Success criteria met. Exiting.
[2022-09-01 19:23:57,239] {taskinstance.py:1420} INFO - Marking task as SUCCESS. dag_id=trigger_sensor, task_id=waiting_for_run_file, execution_date=20220901T192356, start_date=20220901T192356, end_date=20220901T192357
[2022-09-01 19:23:57,296] {local_task_job.py:156} INFO - Task exited with return code 0
[2022-09-01 19:23:57,371] {local_task_job.py:273} INFO - 1 downstream tasks scheduled from follow-on schedule check
