[2022-08-24 18:42:53,192] {taskinstance.py:1179} INFO - Dependencies all met for <TaskInstance: dynamically_branching1.query_table scheduled__2018-12-20T00:00:00+00:00 [queued]>
[2022-08-24 18:42:53,225] {taskinstance.py:1179} INFO - Dependencies all met for <TaskInstance: dynamically_branching1.query_table scheduled__2018-12-20T00:00:00+00:00 [queued]>
[2022-08-24 18:42:53,226] {taskinstance.py:1376} INFO - 
--------------------------------------------------------------------------------
[2022-08-24 18:42:53,227] {taskinstance.py:1377} INFO - Starting attempt 1 of 1
[2022-08-24 18:42:53,227] {taskinstance.py:1378} INFO - 
--------------------------------------------------------------------------------
[2022-08-24 18:42:53,249] {taskinstance.py:1397} INFO - Executing <Task(PythonOperator): query_table> on 2018-12-20 00:00:00+00:00
[2022-08-24 18:42:53,258] {standard_task_runner.py:52} INFO - Started process 3873 to run task
[2022-08-24 18:42:53,270] {standard_task_runner.py:79} INFO - Running: ['***', 'tasks', 'run', 'dynamically_branching1', 'query_table', 'scheduled__2018-12-20T00:00:00+00:00', '--job-id', '865', '--raw', '--subdir', 'DAGS_FOLDER/jobs_dag.py', '--cfg-path', '/tmp/tmpmc0grnur', '--error-file', '/tmp/tmpi040dswh']
[2022-08-24 18:42:53,271] {standard_task_runner.py:80} INFO - Job 865: Subtask query_table
[2022-08-24 18:42:53,435] {task_command.py:371} INFO - Running <TaskInstance: dynamically_branching1.query_table scheduled__2018-12-20T00:00:00+00:00 [running]> on host 9d5d2a77e6ba
[2022-08-24 18:42:53,624] {taskinstance.py:1591} INFO - Exporting the following env vars:
AIRFLOW_CTX_DAG_OWNER=***
AIRFLOW_CTX_DAG_ID=dynamically_branching1
AIRFLOW_CTX_TASK_ID=query_table
AIRFLOW_CTX_EXECUTION_DATE=2018-12-20T00:00:00+00:00
AIRFLOW_CTX_TRY_NUMBER=1
AIRFLOW_CTX_DAG_RUN_ID=scheduled__2018-12-20T00:00:00+00:00
[2022-08-24 18:42:53,626] {python.py:173} INFO - Done. Returned value was: finish
[2022-08-24 18:42:53,800] {taskinstance.py:1420} INFO - Marking task as SUCCESS. dag_id=dynamically_branching1, task_id=query_table, execution_date=20181220T000000, start_date=20220824T184253, end_date=20220824T184253
[2022-08-24 18:42:53,895] {local_task_job.py:156} INFO - Task exited with return code 0
[2022-08-24 18:42:54,016] {local_task_job.py:273} INFO - 0 downstream tasks scheduled from follow-on schedule check
