[2022-08-24 19:18:33,496] {taskinstance.py:1179} INFO - Dependencies all met for <TaskInstance: dynamically_branching1.bash_task scheduled__2021-11-07T00:00:00+00:00 [queued]>
[2022-08-24 19:18:33,573] {taskinstance.py:1179} INFO - Dependencies all met for <TaskInstance: dynamically_branching1.bash_task scheduled__2021-11-07T00:00:00+00:00 [queued]>
[2022-08-24 19:18:33,574] {taskinstance.py:1376} INFO - 
--------------------------------------------------------------------------------
[2022-08-24 19:18:33,575] {taskinstance.py:1377} INFO - Starting attempt 1 of 1
[2022-08-24 19:18:33,577] {taskinstance.py:1378} INFO - 
--------------------------------------------------------------------------------
[2022-08-24 19:18:33,685] {taskinstance.py:1397} INFO - Executing <Task(BashOperator): bash_task> on 2021-11-07 00:00:00+00:00
[2022-08-24 19:18:33,739] {standard_task_runner.py:52} INFO - Started process 9963 to run task
[2022-08-24 19:18:33,782] {standard_task_runner.py:79} INFO - Running: ['***', 'tasks', 'run', 'dynamically_branching1', 'bash_task', 'scheduled__2021-11-07T00:00:00+00:00', '--job-id', '2670', '--raw', '--subdir', 'DAGS_FOLDER/jobs_dag.py', '--cfg-path', '/tmp/tmpjn2l1cym', '--error-file', '/tmp/tmpuyfd4_d9']
[2022-08-24 19:18:33,787] {standard_task_runner.py:80} INFO - Job 2670: Subtask bash_task
[2022-08-24 19:18:34,550] {task_command.py:371} INFO - Running <TaskInstance: dynamically_branching1.bash_task scheduled__2021-11-07T00:00:00+00:00 [running]> on host 9d5d2a77e6ba
[2022-08-24 19:18:35,421] {taskinstance.py:1591} INFO - Exporting the following env vars:
AIRFLOW_CTX_DAG_OWNER=***
AIRFLOW_CTX_DAG_ID=dynamically_branching1
AIRFLOW_CTX_TASK_ID=bash_task
AIRFLOW_CTX_EXECUTION_DATE=2021-11-07T00:00:00+00:00
AIRFLOW_CTX_TRY_NUMBER=1
AIRFLOW_CTX_DAG_RUN_ID=scheduled__2021-11-07T00:00:00+00:00
[2022-08-24 19:18:35,428] {subprocess.py:62} INFO - Tmp dir root location: 
 /tmp
[2022-08-24 19:18:35,430] {subprocess.py:74} INFO - Running command: ['bash', '-c', 'echo $(whoami)']
[2022-08-24 19:18:35,564] {subprocess.py:85} INFO - Output:
[2022-08-24 19:18:35,592] {subprocess.py:92} INFO - default
[2022-08-24 19:18:35,601] {subprocess.py:96} INFO - Command exited with return code 0
[2022-08-24 19:18:35,906] {taskinstance.py:1420} INFO - Marking task as SUCCESS. dag_id=dynamically_branching1, task_id=bash_task, execution_date=20211107T000000, start_date=20220824T191833, end_date=20220824T191835
[2022-08-24 19:18:36,128] {local_task_job.py:156} INFO - Task exited with return code 0
[2022-08-24 19:18:36,513] {local_task_job.py:273} INFO - 1 downstream tasks scheduled from follow-on schedule check
