[2022-08-24 18:42:13,635] {taskinstance.py:1179} INFO - Dependencies all met for <TaskInstance: dynamically_branching1.query_table scheduled__2018-11-17T00:00:00+00:00 [queued]>
[2022-08-24 18:42:13,695] {taskinstance.py:1179} INFO - Dependencies all met for <TaskInstance: dynamically_branching1.query_table scheduled__2018-11-17T00:00:00+00:00 [queued]>
[2022-08-24 18:42:13,701] {taskinstance.py:1376} INFO - 
--------------------------------------------------------------------------------
[2022-08-24 18:42:13,705] {taskinstance.py:1377} INFO - Starting attempt 1 of 1
[2022-08-24 18:42:13,708] {taskinstance.py:1378} INFO - 
--------------------------------------------------------------------------------
[2022-08-24 18:42:13,758] {taskinstance.py:1397} INFO - Executing <Task(PythonOperator): query_table> on 2018-11-17 00:00:00+00:00
[2022-08-24 18:42:13,779] {standard_task_runner.py:52} INFO - Started process 3726 to run task
[2022-08-24 18:42:13,795] {standard_task_runner.py:79} INFO - Running: ['***', 'tasks', 'run', 'dynamically_branching1', 'query_table', 'scheduled__2018-11-17T00:00:00+00:00', '--job-id', '805', '--raw', '--subdir', 'DAGS_FOLDER/jobs_dag.py', '--cfg-path', '/tmp/tmp8bmu0efh', '--error-file', '/tmp/tmppri3_rw8']
[2022-08-24 18:42:13,796] {standard_task_runner.py:80} INFO - Job 805: Subtask query_table
[2022-08-24 18:42:14,091] {task_command.py:371} INFO - Running <TaskInstance: dynamically_branching1.query_table scheduled__2018-11-17T00:00:00+00:00 [running]> on host 9d5d2a77e6ba
[2022-08-24 18:42:14,374] {taskinstance.py:1591} INFO - Exporting the following env vars:
AIRFLOW_CTX_DAG_OWNER=***
AIRFLOW_CTX_DAG_ID=dynamically_branching1
AIRFLOW_CTX_TASK_ID=query_table
AIRFLOW_CTX_EXECUTION_DATE=2018-11-17T00:00:00+00:00
AIRFLOW_CTX_TRY_NUMBER=1
AIRFLOW_CTX_DAG_RUN_ID=scheduled__2018-11-17T00:00:00+00:00
[2022-08-24 18:42:14,381] {python.py:173} INFO - Done. Returned value was: finish
[2022-08-24 18:42:14,542] {taskinstance.py:1420} INFO - Marking task as SUCCESS. dag_id=dynamically_branching1, task_id=query_table, execution_date=20181117T000000, start_date=20220824T184213, end_date=20220824T184214
[2022-08-24 18:42:14,811] {local_task_job.py:156} INFO - Task exited with return code 0
[2022-08-24 18:42:15,011] {local_task_job.py:273} INFO - 0 downstream tasks scheduled from follow-on schedule check
