[2022-09-01 16:15:26,547] {taskinstance.py:1179} INFO - Dependencies all met for <TaskInstance: dynamically_branching1.query_table manual__2022-09-01T16:15:22.102447+00:00 [queued]>
[2022-09-01 16:15:26,561] {taskinstance.py:1179} INFO - Dependencies all met for <TaskInstance: dynamically_branching1.query_table manual__2022-09-01T16:15:22.102447+00:00 [queued]>
[2022-09-01 16:15:26,562] {taskinstance.py:1376} INFO - 
--------------------------------------------------------------------------------
[2022-09-01 16:15:26,563] {taskinstance.py:1377} INFO - Starting attempt 1 of 1
[2022-09-01 16:15:26,564] {taskinstance.py:1378} INFO - 
--------------------------------------------------------------------------------
[2022-09-01 16:15:26,583] {taskinstance.py:1397} INFO - Executing <Task(PythonOperator): query_table> on 2022-09-01 16:15:22.102447+00:00
[2022-09-01 16:15:26,590] {standard_task_runner.py:52} INFO - Started process 85304 to run task
[2022-09-01 16:15:26,595] {standard_task_runner.py:79} INFO - Running: ['***', 'tasks', 'run', 'dynamically_branching1', 'query_table', 'manual__2022-09-01T16:15:22.102447+00:00', '--job-id', '3446', '--raw', '--subdir', 'DAGS_FOLDER/jobs_dag.py', '--cfg-path', '/tmp/tmp80k376au', '--error-file', '/tmp/tmpz8jpsumo']
[2022-09-01 16:15:26,596] {standard_task_runner.py:80} INFO - Job 3446: Subtask query_table
[2022-09-01 16:15:26,694] {task_command.py:371} INFO - Running <TaskInstance: dynamically_branching1.query_table manual__2022-09-01T16:15:22.102447+00:00 [running]> on host 9d5d2a77e6ba
[2022-09-01 16:15:26,797] {taskinstance.py:1591} INFO - Exporting the following env vars:
AIRFLOW_CTX_DAG_OWNER=***
AIRFLOW_CTX_DAG_ID=dynamically_branching1
AIRFLOW_CTX_TASK_ID=query_table
AIRFLOW_CTX_EXECUTION_DATE=2022-09-01T16:15:22.102447+00:00
AIRFLOW_CTX_TRY_NUMBER=1
AIRFLOW_CTX_DAG_RUN_ID=manual__2022-09-01T16:15:22.102447+00:00
[2022-09-01 16:15:26,801] {warnings.py:110} WARNING - /home/***/.local/lib/python3.7/site-packages/***/utils/context.py:290: AirflowContextDeprecationWarning: Accessing 'execution_date' from the template is deprecated and will be removed in a future version. Please use 'data_interval_start' or 'logical_date' instead.
  warnings.warn(_create_deprecation_warning(k, replacements))

[2022-09-01 16:15:26,802] {warnings.py:110} WARNING - /home/***/.local/lib/python3.7/site-packages/***/utils/context.py:290: AirflowContextDeprecationWarning: Accessing 'next_ds' from the template is deprecated and will be removed in a future version. Please use '{{ data_interval_end | ds }}' instead.
  warnings.warn(_create_deprecation_warning(k, replacements))

[2022-09-01 16:15:26,803] {secrets_masker.py:228} WARNING - Unable to redact <Proxy at 0x7fded6c8f780 wrapping '2022-09-01' at 0x7fded6d214f0 with factory functools.partial(<function lazy_mapping_from_context.<locals>._deprecated_proxy_factory at 0x7fded6ce1f80>, 'next_ds', '2022-09-01')>, please report this via <https://github.com/apache/***/issues>. Error was: TypeError: expected string or bytes-like object
[2022-09-01 16:15:26,804] {warnings.py:110} WARNING - /home/***/.local/lib/python3.7/site-packages/***/utils/context.py:290: AirflowContextDeprecationWarning: Accessing 'next_ds_nodash' from the template is deprecated and will be removed in a future version. Please use '{{ data_interval_end | ds_nodash }}' instead.
  warnings.warn(_create_deprecation_warning(k, replacements))

[2022-09-01 16:15:26,805] {secrets_masker.py:228} WARNING - Unable to redact <Proxy at 0x7fded6c8f7d0 wrapping '20220901' at 0x7fded6d0d1b0 with factory functools.partial(<function lazy_mapping_from_context.<locals>._deprecated_proxy_factory at 0x7fded6ce1f80>, 'next_ds_nodash', '20220901')>, please report this via <https://github.com/apache/***/issues>. Error was: TypeError: expected string or bytes-like object
[2022-09-01 16:15:26,805] {warnings.py:110} WARNING - /home/***/.local/lib/python3.7/site-packages/***/utils/context.py:290: AirflowContextDeprecationWarning: Accessing 'next_execution_date' from the template is deprecated and will be removed in a future version. Please use 'data_interval_end' instead.
  warnings.warn(_create_deprecation_warning(k, replacements))

[2022-09-01 16:15:26,806] {warnings.py:110} WARNING - /home/***/.local/lib/python3.7/site-packages/***/utils/context.py:290: AirflowContextDeprecationWarning: Accessing 'prev_ds' from the template is deprecated and will be removed in a future version.
  warnings.warn(_create_deprecation_warning(k, replacements))

[2022-09-01 16:15:26,807] {secrets_masker.py:228} WARNING - Unable to redact <Proxy at 0x7fded6c8f870 wrapping '2022-09-01' at 0x7fded6d21130 with factory functools.partial(<function lazy_mapping_from_context.<locals>._deprecated_proxy_factory at 0x7fded6ce1f80>, 'prev_ds', '2022-09-01')>, please report this via <https://github.com/apache/***/issues>. Error was: TypeError: expected string or bytes-like object
[2022-09-01 16:15:26,808] {warnings.py:110} WARNING - /home/***/.local/lib/python3.7/site-packages/***/utils/context.py:290: AirflowContextDeprecationWarning: Accessing 'prev_ds_nodash' from the template is deprecated and will be removed in a future version.
  warnings.warn(_create_deprecation_warning(k, replacements))

[2022-09-01 16:15:26,808] {secrets_masker.py:228} WARNING - Unable to redact <Proxy at 0x7fded6c8f8c0 wrapping '20220901' at 0x7fded6d21370 with factory functools.partial(<function lazy_mapping_from_context.<locals>._deprecated_proxy_factory at 0x7fded6ce1f80>, 'prev_ds_nodash', '20220901')>, please report this via <https://github.com/apache/***/issues>. Error was: TypeError: expected string or bytes-like object
[2022-09-01 16:15:26,809] {warnings.py:110} WARNING - /home/***/.local/lib/python3.7/site-packages/***/utils/context.py:290: AirflowContextDeprecationWarning: Accessing 'prev_execution_date' from the template is deprecated and will be removed in a future version.
  warnings.warn(_create_deprecation_warning(k, replacements))

[2022-09-01 16:15:26,809] {warnings.py:110} WARNING - /home/***/.local/lib/python3.7/site-packages/***/utils/context.py:290: AirflowContextDeprecationWarning: Accessing 'prev_execution_date_success' from the template is deprecated and will be removed in a future version. Please use 'prev_data_interval_start_success' instead.
  warnings.warn(_create_deprecation_warning(k, replacements))

[2022-09-01 16:15:26,810] {warnings.py:110} WARNING - /home/***/.local/lib/python3.7/site-packages/***/utils/context.py:290: AirflowContextDeprecationWarning: Accessing 'tomorrow_ds' from the template is deprecated and will be removed in a future version.
  warnings.warn(_create_deprecation_warning(k, replacements))

[2022-09-01 16:15:26,811] {secrets_masker.py:228} WARNING - Unable to redact <Proxy at 0x7fded6c8f9b0 wrapping '2022-09-02' at 0x7fded6d15c30 with factory functools.partial(<function lazy_mapping_from_context.<locals>._deprecated_proxy_factory at 0x7fded6ce1f80>, 'tomorrow_ds', '2022-09-02')>, please report this via <https://github.com/apache/***/issues>. Error was: TypeError: expected string or bytes-like object
[2022-09-01 16:15:26,811] {warnings.py:110} WARNING - /home/***/.local/lib/python3.7/site-packages/***/utils/context.py:290: AirflowContextDeprecationWarning: Accessing 'tomorrow_ds_nodash' from the template is deprecated and will be removed in a future version.
  warnings.warn(_create_deprecation_warning(k, replacements))

[2022-09-01 16:15:26,812] {secrets_masker.py:228} WARNING - Unable to redact <Proxy at 0x7fded6c8fa00 wrapping '20220902' at 0x7fded6d213f0 with factory functools.partial(<function lazy_mapping_from_context.<locals>._deprecated_proxy_factory at 0x7fded6ce1f80>, 'tomorrow_ds_nodash', '20220902')>, please report this via <https://github.com/apache/***/issues>. Error was: TypeError: expected string or bytes-like object
[2022-09-01 16:15:26,812] {warnings.py:110} WARNING - /home/***/.local/lib/python3.7/site-packages/***/utils/context.py:290: AirflowContextDeprecationWarning: Accessing 'yesterday_ds' from the template is deprecated and will be removed in a future version.
  warnings.warn(_create_deprecation_warning(k, replacements))

[2022-09-01 16:15:26,813] {secrets_masker.py:228} WARNING - Unable to redact <Proxy at 0x7fded6c8fa50 wrapping '2022-08-31' at 0x7fded6d2ae30 with factory functools.partial(<function lazy_mapping_from_context.<locals>._deprecated_proxy_factory at 0x7fded6ce1f80>, 'yesterday_ds', '2022-08-31')>, please report this via <https://github.com/apache/***/issues>. Error was: TypeError: expected string or bytes-like object
[2022-09-01 16:15:26,814] {warnings.py:110} WARNING - /home/***/.local/lib/python3.7/site-packages/***/utils/context.py:290: AirflowContextDeprecationWarning: Accessing 'yesterday_ds_nodash' from the template is deprecated and will be removed in a future version.
  warnings.warn(_create_deprecation_warning(k, replacements))

[2022-09-01 16:15:26,814] {secrets_masker.py:228} WARNING - Unable to redact <Proxy at 0x7fded6c8faa0 wrapping '20220831' at 0x7fded6d15ef0 with factory functools.partial(<function lazy_mapping_from_context.<locals>._deprecated_proxy_factory at 0x7fded6ce1f80>, 'yesterday_ds_nodash', '20220831')>, please report this via <https://github.com/apache/***/issues>. Error was: TypeError: expected string or bytes-like object
[2022-09-01 16:15:26,800] {jobs_dag.py:40} INFO - {'conf': <airflow.configuration.AirflowConfigParser object at 0x7fdeeb4a87d0>, 'dag': <DAG: dynamically_branching1>, 'dag_run': <DagRun dynamically_branching1 @ 2022-09-01 16:15:22.102447+00:00: manual__2022-09-01T16:15:22.102447+00:00, externally triggered: True>, 'data_interval_end': DateTime(2022, 9, 1, 0, 0, 0, tzinfo=Timezone('UTC')), 'data_interval_start': DateTime(2022, 8, 31, 0, 0, 0, tzinfo=Timezone('UTC')), 'ds': '2022-09-01', 'ds_nodash': '20220901', 'execution_date': <Proxy at 0x7fded6c8f730 wrapping DateTime(2022, 9, 1, 16, 15, 22, 102447, tzinfo=Timezone('UTC')) at 0x7fded6cfd590 with factory functools.partial(<function lazy_mapping_from_context.<locals>._deprecated_proxy_factory at 0x7fded6ce1f80>, 'execution_date', DateTime(2022, 9, 1, 16, 15, 22, 102447, tzinfo=Timezone('UTC')))>, 'inlets': [], 'logical_date': DateTime(2022, 9, 1, 16, 15, 22, 102447, tzinfo=Timezone('UTC')), 'macros': <module 'airflow.macros' from '/home/airflow/.local/lib/python3.7/site-packages/airflow/macros/__init__.py'>, 'next_ds': <Proxy at 0x7fded6c8f780 wrapping '2022-09-01' at 0x7fded6d214f0 with factory functools.partial(<function lazy_mapping_from_context.<locals>._deprecated_proxy_factory at 0x7fded6ce1f80>, 'next_ds', '2022-09-01')>, 'next_ds_nodash': <Proxy at 0x7fded6c8f7d0 wrapping '20220901' at 0x7fded6d0d1b0 with factory functools.partial(<function lazy_mapping_from_context.<locals>._deprecated_proxy_factory at 0x7fded6ce1f80>, 'next_ds_nodash', '20220901')>, 'next_execution_date': <Proxy at 0x7fded6c8f820 wrapping DateTime(2022, 9, 1, 16, 15, 22, 102447, tzinfo=Timezone('UTC')) at 0x7fded6cfd590 with factory functools.partial(<function lazy_mapping_from_context.<locals>._deprecated_proxy_factory at 0x7fded6ce1f80>, 'next_execution_date', DateTime(2022, 9, 1, 16, 15, 22, 102447, tzinfo=Timezone('UTC')))>, 'outlets': [], 'params': {}, 'prev_data_interval_start_success': DateTime(2022, 8, 31, 0, 0, 0, tzinfo=Timezone('UTC')), 'prev_data_interval_end_success': DateTime(2022, 9, 1, 0, 0, 0, tzinfo=Timezone('UTC')), 'prev_ds': <Proxy at 0x7fded6c8f870 wrapping '2022-09-01' at 0x7fded6d21130 with factory functools.partial(<function lazy_mapping_from_context.<locals>._deprecated_proxy_factory at 0x7fded6ce1f80>, 'prev_ds', '2022-09-01')>, 'prev_ds_nodash': <Proxy at 0x7fded6c8f8c0 wrapping '20220901' at 0x7fded6d21370 with factory functools.partial(<function lazy_mapping_from_context.<locals>._deprecated_proxy_factory at 0x7fded6ce1f80>, 'prev_ds_nodash', '20220901')>, 'prev_execution_date': <Proxy at 0x7fded6c8f910 wrapping DateTime(2022, 9, 1, 16, 15, 22, 102447, tzinfo=Timezone('UTC')) at 0x7fded6cfd590 with factory functools.partial(<function lazy_mapping_from_context.<locals>._deprecated_proxy_factory at 0x7fded6ce1f80>, 'prev_execution_date', DateTime(2022, 9, 1, 16, 15, 22, 102447, tzinfo=Timezone('UTC')))>, 'prev_execution_date_success': <Proxy at 0x7fded6c8f960 wrapping DateTime(2022, 9, 1, 16, 10, 1, 278027, tzinfo=Timezone('UTC')) at 0x7fded6d2f050 with factory functools.partial(<function lazy_mapping_from_context.<locals>._deprecated_proxy_factory at 0x7fded6ce1f80>, 'prev_execution_date_success', DateTime(2022, 9, 1, 16, 10, 1, 278027, tzinfo=Timezone('UTC')))>, 'prev_start_date_success': DateTime(2022, 9, 1, 16, 10, 1, 333286, tzinfo=Timezone('UTC')), 'run_id': 'manual__2022-09-01T16:15:22.102447+00:00', 'task': <Task(PythonOperator): query_table>, 'task_instance': <TaskInstance: dynamically_branching1.query_table manual__2022-09-01T16:15:22.102447+00:00 [running]>, 'task_instance_key_str': 'dynamically_branching1__query_table__20220901', 'test_mode': False, 'ti': <TaskInstance: dynamically_branching1.query_table manual__2022-09-01T16:15:22.102447+00:00 [running]>, 'tomorrow_ds': <Proxy at 0x7fded6c8f9b0 wrapping '2022-09-02' at 0x7fded6d15c30 with factory functools.partial(<function lazy_mapping_from_context.<locals>._deprecated_proxy_factory at 0x7fded6ce1f80>, 'tomorrow_ds', '2022-09-02')>, 'tomorrow_ds_nodash': <Proxy at 0x7fded6c8fa00 wrapping '20220902' at 0x7fded6d213f0 with factory functools.partial(<function lazy_mapping_from_context.<locals>._deprecated_proxy_factory at 0x7fded6ce1f80>, 'tomorrow_ds_nodash', '20220902')>, 'ts': '2022-09-01T16:15:22.102447+00:00', 'ts_nodash': '20220901T161522', 'ts_nodash_with_tz': '20220901T161522.102447+0000', 'var': {'json': None, 'value': None}, 'conn': None, 'yesterday_ds': <Proxy at 0x7fded6c8fa50 wrapping '2022-08-31' at 0x7fded6d2ae30 with factory functools.partial(<function lazy_mapping_from_context.<locals>._deprecated_proxy_factory at 0x7fded6ce1f80>, 'yesterday_ds', '2022-08-31')>, 'yesterday_ds_nodash': <Proxy at 0x7fded6c8faa0 wrapping '20220831' at 0x7fded6d15ef0 with factory functools.partial(<function lazy_mapping_from_context.<locals>._deprecated_proxy_factory at 0x7fded6ce1f80>, 'yesterday_ds_nodash', '20220831')>, 'templates_dict': None}
[2022-09-01 16:15:26,820] {jobs_dag.py:41} INFO - <TaskInstance: dynamically_branching1.query_table manual__2022-09-01T16:15:22.102447+00:00 [running]>
[2022-09-01 16:15:26,820] {python.py:173} INFO - Done. Returned value was: None
[2022-09-01 16:15:26,844] {taskinstance.py:1420} INFO - Marking task as SUCCESS. dag_id=dynamically_branching1, task_id=query_table, execution_date=20220901T161522, start_date=20220901T161526, end_date=20220901T161526
[2022-09-01 16:15:26,889] {local_task_job.py:156} INFO - Task exited with return code 0
[2022-09-01 16:15:26,935] {local_task_job.py:273} INFO - 0 downstream tasks scheduled from follow-on schedule check
