[2022-08-24 19:17:23,155] {taskinstance.py:1179} INFO - Dependencies all met for <TaskInstance: dynamically_branching1.check_table_exist scheduled__2021-09-03T00:00:00+00:00 [queued]>
[2022-08-24 19:17:23,192] {taskinstance.py:1179} INFO - Dependencies all met for <TaskInstance: dynamically_branching1.check_table_exist scheduled__2021-09-03T00:00:00+00:00 [queued]>
[2022-08-24 19:17:23,193] {taskinstance.py:1376} INFO - 
--------------------------------------------------------------------------------
[2022-08-24 19:17:23,194] {taskinstance.py:1377} INFO - Starting attempt 1 of 1
[2022-08-24 19:17:23,195] {taskinstance.py:1378} INFO - 
--------------------------------------------------------------------------------
[2022-08-24 19:17:23,286] {taskinstance.py:1397} INFO - Executing <Task(BranchPythonOperator): check_table_exist> on 2021-09-03 00:00:00+00:00
[2022-08-24 19:17:23,318] {standard_task_runner.py:52} INFO - Started process 9577 to run task
[2022-08-24 19:17:23,344] {standard_task_runner.py:79} INFO - Running: ['***', 'tasks', 'run', 'dynamically_branching1', 'check_table_exist', 'scheduled__2021-09-03T00:00:00+00:00', '--job-id', '2553', '--raw', '--subdir', 'DAGS_FOLDER/jobs_dag.py', '--cfg-path', '/tmp/tmpeepv36b_', '--error-file', '/tmp/tmpsxeihq_k']
[2022-08-24 19:17:23,356] {standard_task_runner.py:80} INFO - Job 2553: Subtask check_table_exist
[2022-08-24 19:17:23,653] {task_command.py:371} INFO - Running <TaskInstance: dynamically_branching1.check_table_exist scheduled__2021-09-03T00:00:00+00:00 [running]> on host 9d5d2a77e6ba
[2022-08-24 19:17:23,885] {taskinstance.py:1591} INFO - Exporting the following env vars:
AIRFLOW_CTX_DAG_OWNER=***
AIRFLOW_CTX_DAG_ID=dynamically_branching1
AIRFLOW_CTX_TASK_ID=check_table_exist
AIRFLOW_CTX_EXECUTION_DATE=2021-09-03T00:00:00+00:00
AIRFLOW_CTX_TRY_NUMBER=1
AIRFLOW_CTX_DAG_RUN_ID=scheduled__2021-09-03T00:00:00+00:00
[2022-08-24 19:17:23,893] {python.py:173} INFO - Done. Returned value was: insert_row
[2022-08-24 19:17:23,896] {skipmixin.py:140} INFO - Following branch insert_row
[2022-08-24 19:17:23,897] {skipmixin.py:175} INFO - Skipping tasks ['create_table']
[2022-08-24 19:17:24,085] {taskinstance.py:1420} INFO - Marking task as SUCCESS. dag_id=dynamically_branching1, task_id=check_table_exist, execution_date=20210903T000000, start_date=20220824T191723, end_date=20220824T191724
[2022-08-24 19:17:24,211] {local_task_job.py:156} INFO - Task exited with return code 0
[2022-08-24 19:17:24,603] {local_task_job.py:273} INFO - 1 downstream tasks scheduled from follow-on schedule check
