[2022-09-02 21:30:48,092] {processor.py:153} INFO - Started process (PID=43) to work on /opt/airflow/dags/jobs_dag.py
[2022-09-02 21:30:48,097] {processor.py:641} INFO - Processing file /opt/airflow/dags/jobs_dag.py for tasks to queue
[2022-09-02 21:30:48,098] {logging_mixin.py:115} INFO - [2022-09-02 21:30:48,098] {dagbag.py:508} INFO - Filling up the DagBag from /opt/airflow/dags/jobs_dag.py
[2022-09-02 21:30:48,168] {logging_mixin.py:115} WARNING - /home/airflow/.local/lib/python3.7/site-packages/airflow/models/baseoperator.py:390 DeprecationWarning: provide_context is deprecated as of 2.0 and is no longer required
[2022-09-02 21:30:48,185] {processor.py:651} INFO - DAG(s) dict_keys(['dynamically_branching1', 'dynamically_branching2', 'dynamically_branching3']) retrieved from /opt/airflow/dags/jobs_dag.py
[2022-09-02 21:30:48,959] {logging_mixin.py:115} INFO - [2022-09-02 21:30:48,959] {dag.py:2420} INFO - Sync 3 DAGs
[2022-09-02 21:30:49,051] {logging_mixin.py:115} INFO - [2022-09-02 21:30:49,051] {dag.py:2972} INFO - Setting next_dagrun for dynamically_branching1 to None, run_after=None
[2022-09-02 21:30:49,053] {logging_mixin.py:115} INFO - [2022-09-02 21:30:49,053] {dag.py:2972} INFO - Setting next_dagrun for dynamically_branching2 to 2018-11-11T00:00:00+00:00, run_after=2018-11-11T00:00:00+00:00
[2022-09-02 21:30:49,062] {logging_mixin.py:115} INFO - [2022-09-02 21:30:49,062] {dag.py:2972} INFO - Setting next_dagrun for dynamically_branching3 to 2018-01-11T00:00:00+00:00, run_after=2018-01-11T00:00:00+00:00
[2022-09-02 21:30:49,093] {processor.py:161} INFO - Processing /opt/airflow/dags/jobs_dag.py took 1.006 seconds
[2022-09-02 21:31:19,470] {processor.py:153} INFO - Started process (PID=109) to work on /opt/airflow/dags/jobs_dag.py
[2022-09-02 21:31:19,482] {processor.py:641} INFO - Processing file /opt/airflow/dags/jobs_dag.py for tasks to queue
[2022-09-02 21:31:19,485] {logging_mixin.py:115} INFO - [2022-09-02 21:31:19,485] {dagbag.py:508} INFO - Filling up the DagBag from /opt/airflow/dags/jobs_dag.py
[2022-09-02 21:31:19,646] {logging_mixin.py:115} WARNING - /home/airflow/.local/lib/python3.7/site-packages/airflow/models/baseoperator.py:390 DeprecationWarning: provide_context is deprecated as of 2.0 and is no longer required
[2022-09-02 21:31:19,666] {processor.py:651} INFO - DAG(s) dict_keys(['dynamically_branching1', 'dynamically_branching2', 'dynamically_branching3']) retrieved from /opt/airflow/dags/jobs_dag.py
[2022-09-02 21:31:20,060] {logging_mixin.py:115} INFO - [2022-09-02 21:31:20,060] {dag.py:2420} INFO - Sync 3 DAGs
[2022-09-02 21:31:20,099] {logging_mixin.py:115} INFO - [2022-09-02 21:31:20,099] {dag.py:2972} INFO - Setting next_dagrun for dynamically_branching1 to None, run_after=None
[2022-09-02 21:31:20,101] {logging_mixin.py:115} INFO - [2022-09-02 21:31:20,100] {dag.py:2972} INFO - Setting next_dagrun for dynamically_branching2 to 2018-11-11T00:00:00+00:00, run_after=2018-11-11T00:00:00+00:00
[2022-09-02 21:31:20,102] {logging_mixin.py:115} INFO - [2022-09-02 21:31:20,102] {dag.py:2972} INFO - Setting next_dagrun for dynamically_branching3 to 2018-01-11T00:00:00+00:00, run_after=2018-01-11T00:00:00+00:00
[2022-09-02 21:31:20,123] {processor.py:161} INFO - Processing /opt/airflow/dags/jobs_dag.py took 0.669 seconds
[2022-09-02 21:31:50,767] {processor.py:153} INFO - Started process (PID=167) to work on /opt/airflow/dags/jobs_dag.py
[2022-09-02 21:31:50,769] {processor.py:641} INFO - Processing file /opt/airflow/dags/jobs_dag.py for tasks to queue
[2022-09-02 21:31:50,770] {logging_mixin.py:115} INFO - [2022-09-02 21:31:50,770] {dagbag.py:508} INFO - Filling up the DagBag from /opt/airflow/dags/jobs_dag.py
[2022-09-02 21:31:50,798] {logging_mixin.py:115} WARNING - /home/airflow/.local/lib/python3.7/site-packages/airflow/models/baseoperator.py:390 DeprecationWarning: provide_context is deprecated as of 2.0 and is no longer required
[2022-09-02 21:31:50,808] {processor.py:651} INFO - DAG(s) dict_keys(['dynamically_branching1', 'dynamically_branching2', 'dynamically_branching3']) retrieved from /opt/airflow/dags/jobs_dag.py
[2022-09-02 21:31:51,025] {logging_mixin.py:115} INFO - [2022-09-02 21:31:51,025] {dag.py:2420} INFO - Sync 3 DAGs
[2022-09-02 21:31:51,068] {logging_mixin.py:115} INFO - [2022-09-02 21:31:51,068] {dag.py:2972} INFO - Setting next_dagrun for dynamically_branching1 to None, run_after=None
[2022-09-02 21:31:51,071] {logging_mixin.py:115} INFO - [2022-09-02 21:31:51,071] {dag.py:2972} INFO - Setting next_dagrun for dynamically_branching2 to 2018-11-11T00:00:00+00:00, run_after=2018-11-11T00:00:00+00:00
[2022-09-02 21:31:51,074] {logging_mixin.py:115} INFO - [2022-09-02 21:31:51,074] {dag.py:2972} INFO - Setting next_dagrun for dynamically_branching3 to 2018-01-11T00:00:00+00:00, run_after=2018-01-11T00:00:00+00:00
[2022-09-02 21:31:51,088] {processor.py:161} INFO - Processing /opt/airflow/dags/jobs_dag.py took 0.325 seconds
[2022-09-02 21:46:19,359] {processor.py:153} INFO - Started process (PID=44) to work on /opt/airflow/dags/jobs_dag.py
[2022-09-02 21:46:19,364] {processor.py:641} INFO - Processing file /opt/airflow/dags/jobs_dag.py for tasks to queue
[2022-09-02 21:46:19,370] {logging_mixin.py:115} INFO - [2022-09-02 21:46:19,369] {dagbag.py:508} INFO - Filling up the DagBag from /opt/airflow/dags/jobs_dag.py
[2022-09-02 21:46:19,402] {logging_mixin.py:115} WARNING - /home/airflow/.local/lib/python3.7/site-packages/airflow/models/baseoperator.py:390 DeprecationWarning: provide_context is deprecated as of 2.0 and is no longer required
[2022-09-02 21:46:19,412] {processor.py:651} INFO - DAG(s) dict_keys(['dynamically_branching1', 'dynamically_branching2', 'dynamically_branching3']) retrieved from /opt/airflow/dags/jobs_dag.py
[2022-09-02 21:46:19,484] {logging_mixin.py:115} INFO - [2022-09-02 21:46:19,483] {dag.py:2420} INFO - Sync 3 DAGs
[2022-09-02 21:46:19,531] {logging_mixin.py:115} INFO - [2022-09-02 21:46:19,531] {dag.py:2972} INFO - Setting next_dagrun for dynamically_branching1 to None, run_after=None
[2022-09-02 21:46:19,533] {logging_mixin.py:115} INFO - [2022-09-02 21:46:19,532] {dag.py:2972} INFO - Setting next_dagrun for dynamically_branching2 to 2018-11-11T00:00:00+00:00, run_after=2018-11-11T00:00:00+00:00
[2022-09-02 21:46:19,534] {logging_mixin.py:115} INFO - [2022-09-02 21:46:19,534] {dag.py:2972} INFO - Setting next_dagrun for dynamically_branching3 to 2018-01-11T00:00:00+00:00, run_after=2018-01-11T00:00:00+00:00
[2022-09-02 21:46:19,549] {processor.py:161} INFO - Processing /opt/airflow/dags/jobs_dag.py took 0.197 seconds
[2022-09-02 21:46:50,485] {processor.py:153} INFO - Started process (PID=109) to work on /opt/airflow/dags/jobs_dag.py
[2022-09-02 21:46:50,487] {processor.py:641} INFO - Processing file /opt/airflow/dags/jobs_dag.py for tasks to queue
[2022-09-02 21:46:50,488] {logging_mixin.py:115} INFO - [2022-09-02 21:46:50,488] {dagbag.py:508} INFO - Filling up the DagBag from /opt/airflow/dags/jobs_dag.py
[2022-09-02 21:46:50,508] {logging_mixin.py:115} WARNING - /home/airflow/.local/lib/python3.7/site-packages/airflow/models/baseoperator.py:390 DeprecationWarning: provide_context is deprecated as of 2.0 and is no longer required
[2022-09-02 21:46:50,515] {processor.py:651} INFO - DAG(s) dict_keys(['dynamically_branching1', 'dynamically_branching2', 'dynamically_branching3']) retrieved from /opt/airflow/dags/jobs_dag.py
[2022-09-02 21:46:50,560] {logging_mixin.py:115} INFO - [2022-09-02 21:46:50,559] {dag.py:2420} INFO - Sync 3 DAGs
[2022-09-02 21:46:50,608] {logging_mixin.py:115} INFO - [2022-09-02 21:46:50,608] {dag.py:2972} INFO - Setting next_dagrun for dynamically_branching1 to None, run_after=None
[2022-09-02 21:46:50,610] {logging_mixin.py:115} INFO - [2022-09-02 21:46:50,610] {dag.py:2972} INFO - Setting next_dagrun for dynamically_branching2 to 2018-11-11T00:00:00+00:00, run_after=2018-11-11T00:00:00+00:00
[2022-09-02 21:46:50,611] {logging_mixin.py:115} INFO - [2022-09-02 21:46:50,611] {dag.py:2972} INFO - Setting next_dagrun for dynamically_branching3 to 2018-01-11T00:00:00+00:00, run_after=2018-01-11T00:00:00+00:00
[2022-09-02 21:46:50,637] {processor.py:161} INFO - Processing /opt/airflow/dags/jobs_dag.py took 0.159 seconds
[2022-09-02 21:47:20,858] {processor.py:153} INFO - Started process (PID=165) to work on /opt/airflow/dags/jobs_dag.py
[2022-09-02 21:47:20,859] {processor.py:641} INFO - Processing file /opt/airflow/dags/jobs_dag.py for tasks to queue
[2022-09-02 21:47:20,861] {logging_mixin.py:115} INFO - [2022-09-02 21:47:20,860] {dagbag.py:508} INFO - Filling up the DagBag from /opt/airflow/dags/jobs_dag.py
[2022-09-02 21:47:20,884] {logging_mixin.py:115} WARNING - /home/airflow/.local/lib/python3.7/site-packages/airflow/models/baseoperator.py:390 DeprecationWarning: provide_context is deprecated as of 2.0 and is no longer required
[2022-09-02 21:47:20,899] {processor.py:651} INFO - DAG(s) dict_keys(['dynamically_branching1', 'dynamically_branching2', 'dynamically_branching3']) retrieved from /opt/airflow/dags/jobs_dag.py
[2022-09-02 21:47:20,941] {logging_mixin.py:115} INFO - [2022-09-02 21:47:20,941] {dag.py:2420} INFO - Sync 3 DAGs
[2022-09-02 21:47:20,970] {logging_mixin.py:115} INFO - [2022-09-02 21:47:20,970] {dag.py:2972} INFO - Setting next_dagrun for dynamically_branching1 to None, run_after=None
[2022-09-02 21:47:20,971] {logging_mixin.py:115} INFO - [2022-09-02 21:47:20,971] {dag.py:2972} INFO - Setting next_dagrun for dynamically_branching2 to 2018-11-11T00:00:00+00:00, run_after=2018-11-11T00:00:00+00:00
[2022-09-02 21:47:20,972] {logging_mixin.py:115} INFO - [2022-09-02 21:47:20,972] {dag.py:2972} INFO - Setting next_dagrun for dynamically_branching3 to 2018-01-11T00:00:00+00:00, run_after=2018-01-11T00:00:00+00:00
[2022-09-02 21:47:20,988] {processor.py:161} INFO - Processing /opt/airflow/dags/jobs_dag.py took 0.140 seconds
[2022-09-02 21:47:51,098] {processor.py:153} INFO - Started process (PID=229) to work on /opt/airflow/dags/jobs_dag.py
[2022-09-02 21:47:51,100] {processor.py:641} INFO - Processing file /opt/airflow/dags/jobs_dag.py for tasks to queue
[2022-09-02 21:47:51,101] {logging_mixin.py:115} INFO - [2022-09-02 21:47:51,101] {dagbag.py:508} INFO - Filling up the DagBag from /opt/airflow/dags/jobs_dag.py
[2022-09-02 21:47:51,124] {logging_mixin.py:115} WARNING - /home/airflow/.local/lib/python3.7/site-packages/airflow/models/baseoperator.py:390 DeprecationWarning: provide_context is deprecated as of 2.0 and is no longer required
[2022-09-02 21:47:51,131] {processor.py:651} INFO - DAG(s) dict_keys(['dynamically_branching1', 'dynamically_branching2', 'dynamically_branching3']) retrieved from /opt/airflow/dags/jobs_dag.py
[2022-09-02 21:47:51,172] {logging_mixin.py:115} INFO - [2022-09-02 21:47:51,172] {dag.py:2420} INFO - Sync 3 DAGs
[2022-09-02 21:47:51,200] {logging_mixin.py:115} INFO - [2022-09-02 21:47:51,200] {dag.py:2972} INFO - Setting next_dagrun for dynamically_branching1 to None, run_after=None
[2022-09-02 21:47:51,201] {logging_mixin.py:115} INFO - [2022-09-02 21:47:51,201] {dag.py:2972} INFO - Setting next_dagrun for dynamically_branching2 to 2018-11-11T00:00:00+00:00, run_after=2018-11-11T00:00:00+00:00
[2022-09-02 21:47:51,202] {logging_mixin.py:115} INFO - [2022-09-02 21:47:51,202] {dag.py:2972} INFO - Setting next_dagrun for dynamically_branching3 to 2018-01-11T00:00:00+00:00, run_after=2018-01-11T00:00:00+00:00
[2022-09-02 21:47:51,216] {processor.py:161} INFO - Processing /opt/airflow/dags/jobs_dag.py took 0.122 seconds
[2022-09-02 21:48:21,292] {processor.py:153} INFO - Started process (PID=285) to work on /opt/airflow/dags/jobs_dag.py
[2022-09-02 21:48:21,293] {processor.py:641} INFO - Processing file /opt/airflow/dags/jobs_dag.py for tasks to queue
[2022-09-02 21:48:21,294] {logging_mixin.py:115} INFO - [2022-09-02 21:48:21,294] {dagbag.py:508} INFO - Filling up the DagBag from /opt/airflow/dags/jobs_dag.py
[2022-09-02 21:48:21,317] {logging_mixin.py:115} WARNING - /home/airflow/.local/lib/python3.7/site-packages/airflow/models/baseoperator.py:390 DeprecationWarning: provide_context is deprecated as of 2.0 and is no longer required
[2022-09-02 21:48:21,327] {processor.py:651} INFO - DAG(s) dict_keys(['dynamically_branching1', 'dynamically_branching2', 'dynamically_branching3']) retrieved from /opt/airflow/dags/jobs_dag.py
[2022-09-02 21:48:21,376] {logging_mixin.py:115} INFO - [2022-09-02 21:48:21,376] {dag.py:2420} INFO - Sync 3 DAGs
[2022-09-02 21:48:21,407] {logging_mixin.py:115} INFO - [2022-09-02 21:48:21,407] {dag.py:2972} INFO - Setting next_dagrun for dynamically_branching1 to None, run_after=None
[2022-09-02 21:48:21,408] {logging_mixin.py:115} INFO - [2022-09-02 21:48:21,408] {dag.py:2972} INFO - Setting next_dagrun for dynamically_branching2 to 2018-11-11T00:00:00+00:00, run_after=2018-11-11T00:00:00+00:00
[2022-09-02 21:48:21,409] {logging_mixin.py:115} INFO - [2022-09-02 21:48:21,409] {dag.py:2972} INFO - Setting next_dagrun for dynamically_branching3 to 2018-01-11T00:00:00+00:00, run_after=2018-01-11T00:00:00+00:00
[2022-09-02 21:48:21,425] {processor.py:161} INFO - Processing /opt/airflow/dags/jobs_dag.py took 0.138 seconds
[2022-09-02 21:48:51,728] {processor.py:153} INFO - Started process (PID=350) to work on /opt/airflow/dags/jobs_dag.py
[2022-09-02 21:48:51,729] {processor.py:641} INFO - Processing file /opt/airflow/dags/jobs_dag.py for tasks to queue
[2022-09-02 21:48:51,730] {logging_mixin.py:115} INFO - [2022-09-02 21:48:51,730] {dagbag.py:508} INFO - Filling up the DagBag from /opt/airflow/dags/jobs_dag.py
[2022-09-02 21:48:51,750] {logging_mixin.py:115} WARNING - /home/airflow/.local/lib/python3.7/site-packages/airflow/models/baseoperator.py:390 DeprecationWarning: provide_context is deprecated as of 2.0 and is no longer required
[2022-09-02 21:48:51,756] {processor.py:651} INFO - DAG(s) dict_keys(['dynamically_branching1', 'dynamically_branching2', 'dynamically_branching3']) retrieved from /opt/airflow/dags/jobs_dag.py
[2022-09-02 21:48:51,803] {logging_mixin.py:115} INFO - [2022-09-02 21:48:51,803] {dag.py:2420} INFO - Sync 3 DAGs
[2022-09-02 21:48:51,834] {logging_mixin.py:115} INFO - [2022-09-02 21:48:51,834] {dag.py:2972} INFO - Setting next_dagrun for dynamically_branching1 to None, run_after=None
[2022-09-02 21:48:51,835] {logging_mixin.py:115} INFO - [2022-09-02 21:48:51,835] {dag.py:2972} INFO - Setting next_dagrun for dynamically_branching2 to 2018-11-11T00:00:00+00:00, run_after=2018-11-11T00:00:00+00:00
[2022-09-02 21:48:51,836] {logging_mixin.py:115} INFO - [2022-09-02 21:48:51,836] {dag.py:2972} INFO - Setting next_dagrun for dynamically_branching3 to 2018-01-11T00:00:00+00:00, run_after=2018-01-11T00:00:00+00:00
[2022-09-02 21:48:51,864] {processor.py:161} INFO - Processing /opt/airflow/dags/jobs_dag.py took 0.143 seconds
[2022-09-02 21:49:21,936] {processor.py:153} INFO - Started process (PID=416) to work on /opt/airflow/dags/jobs_dag.py
[2022-09-02 21:49:21,937] {processor.py:641} INFO - Processing file /opt/airflow/dags/jobs_dag.py for tasks to queue
[2022-09-02 21:49:21,938] {logging_mixin.py:115} INFO - [2022-09-02 21:49:21,938] {dagbag.py:508} INFO - Filling up the DagBag from /opt/airflow/dags/jobs_dag.py
[2022-09-02 21:49:21,959] {logging_mixin.py:115} WARNING - /home/airflow/.local/lib/python3.7/site-packages/airflow/models/baseoperator.py:390 DeprecationWarning: provide_context is deprecated as of 2.0 and is no longer required
[2022-09-02 21:49:21,968] {processor.py:651} INFO - DAG(s) dict_keys(['dynamically_branching1', 'dynamically_branching2', 'dynamically_branching3']) retrieved from /opt/airflow/dags/jobs_dag.py
[2022-09-02 21:49:22,012] {logging_mixin.py:115} INFO - [2022-09-02 21:49:22,012] {dag.py:2420} INFO - Sync 3 DAGs
[2022-09-02 21:49:22,048] {logging_mixin.py:115} INFO - [2022-09-02 21:49:22,048] {dag.py:2972} INFO - Setting next_dagrun for dynamically_branching1 to None, run_after=None
[2022-09-02 21:49:22,050] {logging_mixin.py:115} INFO - [2022-09-02 21:49:22,050] {dag.py:2972} INFO - Setting next_dagrun for dynamically_branching2 to 2018-11-11T00:00:00+00:00, run_after=2018-11-11T00:00:00+00:00
[2022-09-02 21:49:22,051] {logging_mixin.py:115} INFO - [2022-09-02 21:49:22,051] {dag.py:2972} INFO - Setting next_dagrun for dynamically_branching3 to 2018-01-11T00:00:00+00:00, run_after=2018-01-11T00:00:00+00:00
[2022-09-02 21:49:22,069] {processor.py:161} INFO - Processing /opt/airflow/dags/jobs_dag.py took 0.140 seconds
[2022-09-02 21:49:52,421] {processor.py:153} INFO - Started process (PID=473) to work on /opt/airflow/dags/jobs_dag.py
[2022-09-02 21:49:52,422] {processor.py:641} INFO - Processing file /opt/airflow/dags/jobs_dag.py for tasks to queue
[2022-09-02 21:49:52,424] {logging_mixin.py:115} INFO - [2022-09-02 21:49:52,424] {dagbag.py:508} INFO - Filling up the DagBag from /opt/airflow/dags/jobs_dag.py
[2022-09-02 21:49:52,445] {logging_mixin.py:115} WARNING - /home/airflow/.local/lib/python3.7/site-packages/airflow/models/baseoperator.py:390 DeprecationWarning: provide_context is deprecated as of 2.0 and is no longer required
[2022-09-02 21:49:52,451] {processor.py:651} INFO - DAG(s) dict_keys(['dynamically_branching1', 'dynamically_branching2', 'dynamically_branching3']) retrieved from /opt/airflow/dags/jobs_dag.py
[2022-09-02 21:49:52,494] {logging_mixin.py:115} INFO - [2022-09-02 21:49:52,494] {dag.py:2420} INFO - Sync 3 DAGs
[2022-09-02 21:49:52,521] {logging_mixin.py:115} INFO - [2022-09-02 21:49:52,521] {dag.py:2972} INFO - Setting next_dagrun for dynamically_branching1 to None, run_after=None
[2022-09-02 21:49:52,522] {logging_mixin.py:115} INFO - [2022-09-02 21:49:52,522] {dag.py:2972} INFO - Setting next_dagrun for dynamically_branching2 to 2018-11-11T00:00:00+00:00, run_after=2018-11-11T00:00:00+00:00
[2022-09-02 21:49:52,523] {logging_mixin.py:115} INFO - [2022-09-02 21:49:52,523] {dag.py:2972} INFO - Setting next_dagrun for dynamically_branching3 to 2018-01-11T00:00:00+00:00, run_after=2018-01-11T00:00:00+00:00
[2022-09-02 21:49:52,548] {processor.py:161} INFO - Processing /opt/airflow/dags/jobs_dag.py took 0.131 seconds
[2022-09-02 21:50:23,526] {processor.py:153} INFO - Started process (PID=538) to work on /opt/airflow/dags/jobs_dag.py
[2022-09-02 21:50:23,527] {processor.py:641} INFO - Processing file /opt/airflow/dags/jobs_dag.py for tasks to queue
[2022-09-02 21:50:23,529] {logging_mixin.py:115} INFO - [2022-09-02 21:50:23,529] {dagbag.py:508} INFO - Filling up the DagBag from /opt/airflow/dags/jobs_dag.py
[2022-09-02 21:50:23,548] {logging_mixin.py:115} WARNING - /home/airflow/.local/lib/python3.7/site-packages/airflow/models/baseoperator.py:390 DeprecationWarning: provide_context is deprecated as of 2.0 and is no longer required
[2022-09-02 21:50:23,555] {processor.py:651} INFO - DAG(s) dict_keys(['dynamically_branching1', 'dynamically_branching2', 'dynamically_branching3']) retrieved from /opt/airflow/dags/jobs_dag.py
[2022-09-02 21:50:23,596] {logging_mixin.py:115} INFO - [2022-09-02 21:50:23,596] {dag.py:2420} INFO - Sync 3 DAGs
[2022-09-02 21:50:23,624] {logging_mixin.py:115} INFO - [2022-09-02 21:50:23,624] {dag.py:2972} INFO - Setting next_dagrun for dynamically_branching1 to None, run_after=None
[2022-09-02 21:50:23,625] {logging_mixin.py:115} INFO - [2022-09-02 21:50:23,625] {dag.py:2972} INFO - Setting next_dagrun for dynamically_branching2 to 2018-11-11T00:00:00+00:00, run_after=2018-11-11T00:00:00+00:00
[2022-09-02 21:50:23,626] {logging_mixin.py:115} INFO - [2022-09-02 21:50:23,626] {dag.py:2972} INFO - Setting next_dagrun for dynamically_branching3 to 2018-01-11T00:00:00+00:00, run_after=2018-01-11T00:00:00+00:00
[2022-09-02 21:50:23,643] {processor.py:161} INFO - Processing /opt/airflow/dags/jobs_dag.py took 0.121 seconds
[2022-09-02 21:50:53,724] {processor.py:153} INFO - Started process (PID=594) to work on /opt/airflow/dags/jobs_dag.py
[2022-09-02 21:50:53,727] {processor.py:641} INFO - Processing file /opt/airflow/dags/jobs_dag.py for tasks to queue
[2022-09-02 21:50:53,728] {logging_mixin.py:115} INFO - [2022-09-02 21:50:53,728] {dagbag.py:508} INFO - Filling up the DagBag from /opt/airflow/dags/jobs_dag.py
[2022-09-02 21:50:53,748] {logging_mixin.py:115} WARNING - /home/airflow/.local/lib/python3.7/site-packages/airflow/models/baseoperator.py:390 DeprecationWarning: provide_context is deprecated as of 2.0 and is no longer required
[2022-09-02 21:50:53,755] {processor.py:651} INFO - DAG(s) dict_keys(['dynamically_branching1', 'dynamically_branching2', 'dynamically_branching3']) retrieved from /opt/airflow/dags/jobs_dag.py
[2022-09-02 21:50:53,794] {logging_mixin.py:115} INFO - [2022-09-02 21:50:53,794] {dag.py:2420} INFO - Sync 3 DAGs
[2022-09-02 21:50:53,822] {logging_mixin.py:115} INFO - [2022-09-02 21:50:53,822] {dag.py:2972} INFO - Setting next_dagrun for dynamically_branching1 to None, run_after=None
[2022-09-02 21:50:53,823] {logging_mixin.py:115} INFO - [2022-09-02 21:50:53,823] {dag.py:2972} INFO - Setting next_dagrun for dynamically_branching2 to 2018-11-11T00:00:00+00:00, run_after=2018-11-11T00:00:00+00:00
[2022-09-02 21:50:53,824] {logging_mixin.py:115} INFO - [2022-09-02 21:50:53,824] {dag.py:2972} INFO - Setting next_dagrun for dynamically_branching3 to 2018-01-11T00:00:00+00:00, run_after=2018-01-11T00:00:00+00:00
[2022-09-02 21:50:53,842] {processor.py:161} INFO - Processing /opt/airflow/dags/jobs_dag.py took 0.121 seconds
[2022-09-02 21:51:23,896] {processor.py:153} INFO - Started process (PID=659) to work on /opt/airflow/dags/jobs_dag.py
[2022-09-02 21:51:23,897] {processor.py:641} INFO - Processing file /opt/airflow/dags/jobs_dag.py for tasks to queue
[2022-09-02 21:51:23,899] {logging_mixin.py:115} INFO - [2022-09-02 21:51:23,898] {dagbag.py:508} INFO - Filling up the DagBag from /opt/airflow/dags/jobs_dag.py
[2022-09-02 21:51:23,920] {logging_mixin.py:115} WARNING - /home/airflow/.local/lib/python3.7/site-packages/airflow/models/baseoperator.py:390 DeprecationWarning: provide_context is deprecated as of 2.0 and is no longer required
[2022-09-02 21:51:23,926] {processor.py:651} INFO - DAG(s) dict_keys(['dynamically_branching1', 'dynamically_branching2', 'dynamically_branching3']) retrieved from /opt/airflow/dags/jobs_dag.py
[2022-09-02 21:51:23,967] {logging_mixin.py:115} INFO - [2022-09-02 21:51:23,967] {dag.py:2420} INFO - Sync 3 DAGs
[2022-09-02 21:51:23,995] {logging_mixin.py:115} INFO - [2022-09-02 21:51:23,995] {dag.py:2972} INFO - Setting next_dagrun for dynamically_branching1 to None, run_after=None
[2022-09-02 21:51:23,996] {logging_mixin.py:115} INFO - [2022-09-02 21:51:23,996] {dag.py:2972} INFO - Setting next_dagrun for dynamically_branching2 to 2018-11-11T00:00:00+00:00, run_after=2018-11-11T00:00:00+00:00
[2022-09-02 21:51:23,997] {logging_mixin.py:115} INFO - [2022-09-02 21:51:23,997] {dag.py:2972} INFO - Setting next_dagrun for dynamically_branching3 to 2018-01-11T00:00:00+00:00, run_after=2018-01-11T00:00:00+00:00
[2022-09-02 21:51:24,011] {processor.py:161} INFO - Processing /opt/airflow/dags/jobs_dag.py took 0.119 seconds
[2022-09-02 21:51:54,649] {processor.py:153} INFO - Started process (PID=726) to work on /opt/airflow/dags/jobs_dag.py
[2022-09-02 21:51:54,651] {processor.py:641} INFO - Processing file /opt/airflow/dags/jobs_dag.py for tasks to queue
[2022-09-02 21:51:54,653] {logging_mixin.py:115} INFO - [2022-09-02 21:51:54,653] {dagbag.py:508} INFO - Filling up the DagBag from /opt/airflow/dags/jobs_dag.py
[2022-09-02 21:51:54,686] {logging_mixin.py:115} WARNING - /home/airflow/.local/lib/python3.7/site-packages/airflow/models/baseoperator.py:390 DeprecationWarning: provide_context is deprecated as of 2.0 and is no longer required
[2022-09-02 21:51:54,693] {processor.py:651} INFO - DAG(s) dict_keys(['dynamically_branching1', 'dynamically_branching2', 'dynamically_branching3']) retrieved from /opt/airflow/dags/jobs_dag.py
[2022-09-02 21:51:54,743] {logging_mixin.py:115} INFO - [2022-09-02 21:51:54,743] {dag.py:2420} INFO - Sync 3 DAGs
[2022-09-02 21:51:54,771] {logging_mixin.py:115} INFO - [2022-09-02 21:51:54,770] {dag.py:2972} INFO - Setting next_dagrun for dynamically_branching1 to None, run_after=None
[2022-09-02 21:51:54,772] {logging_mixin.py:115} INFO - [2022-09-02 21:51:54,772] {dag.py:2972} INFO - Setting next_dagrun for dynamically_branching2 to 2018-11-11T00:00:00+00:00, run_after=2018-11-11T00:00:00+00:00
[2022-09-02 21:51:54,773] {logging_mixin.py:115} INFO - [2022-09-02 21:51:54,773] {dag.py:2972} INFO - Setting next_dagrun for dynamically_branching3 to 2018-01-11T00:00:00+00:00, run_after=2018-01-11T00:00:00+00:00
[2022-09-02 21:51:54,791] {processor.py:161} INFO - Processing /opt/airflow/dags/jobs_dag.py took 0.147 seconds
[2022-09-02 21:52:25,371] {processor.py:153} INFO - Started process (PID=783) to work on /opt/airflow/dags/jobs_dag.py
[2022-09-02 21:52:25,373] {processor.py:641} INFO - Processing file /opt/airflow/dags/jobs_dag.py for tasks to queue
[2022-09-02 21:52:25,374] {logging_mixin.py:115} INFO - [2022-09-02 21:52:25,374] {dagbag.py:508} INFO - Filling up the DagBag from /opt/airflow/dags/jobs_dag.py
[2022-09-02 21:52:25,396] {logging_mixin.py:115} WARNING - /home/airflow/.local/lib/python3.7/site-packages/airflow/models/baseoperator.py:390 DeprecationWarning: provide_context is deprecated as of 2.0 and is no longer required
[2022-09-02 21:52:25,404] {processor.py:651} INFO - DAG(s) dict_keys(['dynamically_branching1', 'dynamically_branching2', 'dynamically_branching3']) retrieved from /opt/airflow/dags/jobs_dag.py
[2022-09-02 21:52:25,450] {logging_mixin.py:115} INFO - [2022-09-02 21:52:25,450] {dag.py:2420} INFO - Sync 3 DAGs
[2022-09-02 21:52:25,483] {logging_mixin.py:115} INFO - [2022-09-02 21:52:25,483] {dag.py:2972} INFO - Setting next_dagrun for dynamically_branching1 to None, run_after=None
[2022-09-02 21:52:25,484] {logging_mixin.py:115} INFO - [2022-09-02 21:52:25,484] {dag.py:2972} INFO - Setting next_dagrun for dynamically_branching2 to 2018-11-11T00:00:00+00:00, run_after=2018-11-11T00:00:00+00:00
[2022-09-02 21:52:25,485] {logging_mixin.py:115} INFO - [2022-09-02 21:52:25,485] {dag.py:2972} INFO - Setting next_dagrun for dynamically_branching3 to 2018-01-11T00:00:00+00:00, run_after=2018-01-11T00:00:00+00:00
[2022-09-02 21:52:25,501] {processor.py:161} INFO - Processing /opt/airflow/dags/jobs_dag.py took 0.133 seconds
[2022-09-02 21:52:56,377] {processor.py:153} INFO - Started process (PID=848) to work on /opt/airflow/dags/jobs_dag.py
[2022-09-02 21:52:56,379] {processor.py:641} INFO - Processing file /opt/airflow/dags/jobs_dag.py for tasks to queue
[2022-09-02 21:52:56,382] {logging_mixin.py:115} INFO - [2022-09-02 21:52:56,382] {dagbag.py:508} INFO - Filling up the DagBag from /opt/airflow/dags/jobs_dag.py
[2022-09-02 21:52:56,428] {logging_mixin.py:115} WARNING - /home/airflow/.local/lib/python3.7/site-packages/airflow/models/baseoperator.py:390 DeprecationWarning: provide_context is deprecated as of 2.0 and is no longer required
[2022-09-02 21:52:56,446] {processor.py:651} INFO - DAG(s) dict_keys(['dynamically_branching1', 'dynamically_branching2', 'dynamically_branching3']) retrieved from /opt/airflow/dags/jobs_dag.py
[2022-09-02 21:52:56,520] {logging_mixin.py:115} INFO - [2022-09-02 21:52:56,520] {dag.py:2420} INFO - Sync 3 DAGs
[2022-09-02 21:52:56,561] {logging_mixin.py:115} INFO - [2022-09-02 21:52:56,561] {dag.py:2972} INFO - Setting next_dagrun for dynamically_branching1 to None, run_after=None
[2022-09-02 21:52:56,563] {logging_mixin.py:115} INFO - [2022-09-02 21:52:56,563] {dag.py:2972} INFO - Setting next_dagrun for dynamically_branching2 to 2018-11-11T00:00:00+00:00, run_after=2018-11-11T00:00:00+00:00
[2022-09-02 21:52:56,565] {logging_mixin.py:115} INFO - [2022-09-02 21:52:56,564] {dag.py:2972} INFO - Setting next_dagrun for dynamically_branching3 to 2018-01-11T00:00:00+00:00, run_after=2018-01-11T00:00:00+00:00
[2022-09-02 21:52:56,585] {processor.py:161} INFO - Processing /opt/airflow/dags/jobs_dag.py took 0.215 seconds
[2022-09-02 21:53:27,600] {processor.py:153} INFO - Started process (PID=916) to work on /opt/airflow/dags/jobs_dag.py
[2022-09-02 21:53:27,601] {processor.py:641} INFO - Processing file /opt/airflow/dags/jobs_dag.py for tasks to queue
[2022-09-02 21:53:27,603] {logging_mixin.py:115} INFO - [2022-09-02 21:53:27,603] {dagbag.py:508} INFO - Filling up the DagBag from /opt/airflow/dags/jobs_dag.py
[2022-09-02 21:53:27,621] {logging_mixin.py:115} WARNING - /home/airflow/.local/lib/python3.7/site-packages/airflow/models/baseoperator.py:390 DeprecationWarning: provide_context is deprecated as of 2.0 and is no longer required
[2022-09-02 21:53:27,629] {processor.py:651} INFO - DAG(s) dict_keys(['dynamically_branching1', 'dynamically_branching2', 'dynamically_branching3']) retrieved from /opt/airflow/dags/jobs_dag.py
[2022-09-02 21:53:27,685] {logging_mixin.py:115} INFO - [2022-09-02 21:53:27,685] {dag.py:2420} INFO - Sync 3 DAGs
[2022-09-02 21:53:27,723] {logging_mixin.py:115} INFO - [2022-09-02 21:53:27,723] {dag.py:2972} INFO - Setting next_dagrun for dynamically_branching1 to None, run_after=None
[2022-09-02 21:53:27,724] {logging_mixin.py:115} INFO - [2022-09-02 21:53:27,724] {dag.py:2972} INFO - Setting next_dagrun for dynamically_branching2 to 2018-11-11T00:00:00+00:00, run_after=2018-11-11T00:00:00+00:00
[2022-09-02 21:53:27,726] {logging_mixin.py:115} INFO - [2022-09-02 21:53:27,726] {dag.py:2972} INFO - Setting next_dagrun for dynamically_branching3 to 2018-01-11T00:00:00+00:00, run_after=2018-01-11T00:00:00+00:00
[2022-09-02 21:53:27,742] {processor.py:161} INFO - Processing /opt/airflow/dags/jobs_dag.py took 0.148 seconds
[2022-09-02 21:53:58,751] {processor.py:153} INFO - Started process (PID=975) to work on /opt/airflow/dags/jobs_dag.py
[2022-09-02 21:53:58,752] {processor.py:641} INFO - Processing file /opt/airflow/dags/jobs_dag.py for tasks to queue
[2022-09-02 21:53:58,754] {logging_mixin.py:115} INFO - [2022-09-02 21:53:58,753] {dagbag.py:508} INFO - Filling up the DagBag from /opt/airflow/dags/jobs_dag.py
[2022-09-02 21:53:58,777] {logging_mixin.py:115} WARNING - /home/airflow/.local/lib/python3.7/site-packages/airflow/models/baseoperator.py:390 DeprecationWarning: provide_context is deprecated as of 2.0 and is no longer required
[2022-09-02 21:53:58,784] {processor.py:651} INFO - DAG(s) dict_keys(['dynamically_branching1', 'dynamically_branching2', 'dynamically_branching3']) retrieved from /opt/airflow/dags/jobs_dag.py
[2022-09-02 21:53:58,827] {logging_mixin.py:115} INFO - [2022-09-02 21:53:58,827] {dag.py:2420} INFO - Sync 3 DAGs
[2022-09-02 21:53:58,858] {logging_mixin.py:115} INFO - [2022-09-02 21:53:58,858] {dag.py:2972} INFO - Setting next_dagrun for dynamically_branching1 to None, run_after=None
[2022-09-02 21:53:58,860] {logging_mixin.py:115} INFO - [2022-09-02 21:53:58,860] {dag.py:2972} INFO - Setting next_dagrun for dynamically_branching2 to 2018-11-11T00:00:00+00:00, run_after=2018-11-11T00:00:00+00:00
[2022-09-02 21:53:58,863] {logging_mixin.py:115} INFO - [2022-09-02 21:53:58,863] {dag.py:2972} INFO - Setting next_dagrun for dynamically_branching3 to 2018-01-11T00:00:00+00:00, run_after=2018-01-11T00:00:00+00:00
[2022-09-02 21:53:58,885] {processor.py:161} INFO - Processing /opt/airflow/dags/jobs_dag.py took 0.138 seconds
[2022-09-02 21:54:28,995] {processor.py:153} INFO - Started process (PID=1041) to work on /opt/airflow/dags/jobs_dag.py
[2022-09-02 21:54:28,996] {processor.py:641} INFO - Processing file /opt/airflow/dags/jobs_dag.py for tasks to queue
[2022-09-02 21:54:28,997] {logging_mixin.py:115} INFO - [2022-09-02 21:54:28,997] {dagbag.py:508} INFO - Filling up the DagBag from /opt/airflow/dags/jobs_dag.py
[2022-09-02 21:54:29,016] {logging_mixin.py:115} WARNING - /home/airflow/.local/lib/python3.7/site-packages/airflow/models/baseoperator.py:390 DeprecationWarning: provide_context is deprecated as of 2.0 and is no longer required
[2022-09-02 21:54:29,024] {processor.py:651} INFO - DAG(s) dict_keys(['dynamically_branching1', 'dynamically_branching2', 'dynamically_branching3']) retrieved from /opt/airflow/dags/jobs_dag.py
[2022-09-02 21:54:29,066] {logging_mixin.py:115} INFO - [2022-09-02 21:54:29,066] {dag.py:2420} INFO - Sync 3 DAGs
[2022-09-02 21:54:29,096] {logging_mixin.py:115} INFO - [2022-09-02 21:54:29,096] {dag.py:2972} INFO - Setting next_dagrun for dynamically_branching1 to None, run_after=None
[2022-09-02 21:54:29,098] {logging_mixin.py:115} INFO - [2022-09-02 21:54:29,098] {dag.py:2972} INFO - Setting next_dagrun for dynamically_branching2 to 2018-11-11T00:00:00+00:00, run_after=2018-11-11T00:00:00+00:00
[2022-09-02 21:54:29,099] {logging_mixin.py:115} INFO - [2022-09-02 21:54:29,099] {dag.py:2972} INFO - Setting next_dagrun for dynamically_branching3 to 2018-01-11T00:00:00+00:00, run_after=2018-01-11T00:00:00+00:00
[2022-09-02 21:54:29,116] {processor.py:161} INFO - Processing /opt/airflow/dags/jobs_dag.py took 0.126 seconds
[2022-09-02 21:54:59,924] {processor.py:153} INFO - Started process (PID=1097) to work on /opt/airflow/dags/jobs_dag.py
[2022-09-02 21:54:59,925] {processor.py:641} INFO - Processing file /opt/airflow/dags/jobs_dag.py for tasks to queue
[2022-09-02 21:54:59,926] {logging_mixin.py:115} INFO - [2022-09-02 21:54:59,926] {dagbag.py:508} INFO - Filling up the DagBag from /opt/airflow/dags/jobs_dag.py
[2022-09-02 21:54:59,946] {logging_mixin.py:115} WARNING - /home/airflow/.local/lib/python3.7/site-packages/airflow/models/baseoperator.py:390 DeprecationWarning: provide_context is deprecated as of 2.0 and is no longer required
[2022-09-02 21:54:59,953] {processor.py:651} INFO - DAG(s) dict_keys(['dynamically_branching1', 'dynamically_branching2', 'dynamically_branching3']) retrieved from /opt/airflow/dags/jobs_dag.py
[2022-09-02 21:54:59,999] {logging_mixin.py:115} INFO - [2022-09-02 21:54:59,999] {dag.py:2420} INFO - Sync 3 DAGs
[2022-09-02 21:55:00,034] {logging_mixin.py:115} INFO - [2022-09-02 21:55:00,034] {dag.py:2972} INFO - Setting next_dagrun for dynamically_branching1 to None, run_after=None
[2022-09-02 21:55:00,035] {logging_mixin.py:115} INFO - [2022-09-02 21:55:00,035] {dag.py:2972} INFO - Setting next_dagrun for dynamically_branching2 to 2018-11-11T00:00:00+00:00, run_after=2018-11-11T00:00:00+00:00
[2022-09-02 21:55:00,037] {logging_mixin.py:115} INFO - [2022-09-02 21:55:00,037] {dag.py:2972} INFO - Setting next_dagrun for dynamically_branching3 to 2018-01-11T00:00:00+00:00, run_after=2018-01-11T00:00:00+00:00
[2022-09-02 21:55:00,052] {processor.py:161} INFO - Processing /opt/airflow/dags/jobs_dag.py took 0.134 seconds
[2022-09-02 21:55:30,696] {processor.py:153} INFO - Started process (PID=1162) to work on /opt/airflow/dags/jobs_dag.py
[2022-09-02 21:55:30,697] {processor.py:641} INFO - Processing file /opt/airflow/dags/jobs_dag.py for tasks to queue
[2022-09-02 21:55:30,698] {logging_mixin.py:115} INFO - [2022-09-02 21:55:30,698] {dagbag.py:508} INFO - Filling up the DagBag from /opt/airflow/dags/jobs_dag.py
[2022-09-02 21:55:30,718] {logging_mixin.py:115} WARNING - /home/airflow/.local/lib/python3.7/site-packages/airflow/models/baseoperator.py:390 DeprecationWarning: provide_context is deprecated as of 2.0 and is no longer required
[2022-09-02 21:55:30,725] {processor.py:651} INFO - DAG(s) dict_keys(['dynamically_branching1', 'dynamically_branching2', 'dynamically_branching3']) retrieved from /opt/airflow/dags/jobs_dag.py
[2022-09-02 21:55:30,766] {logging_mixin.py:115} INFO - [2022-09-02 21:55:30,766] {dag.py:2420} INFO - Sync 3 DAGs
[2022-09-02 21:55:30,793] {logging_mixin.py:115} INFO - [2022-09-02 21:55:30,793] {dag.py:2972} INFO - Setting next_dagrun for dynamically_branching1 to None, run_after=None
[2022-09-02 21:55:30,794] {logging_mixin.py:115} INFO - [2022-09-02 21:55:30,794] {dag.py:2972} INFO - Setting next_dagrun for dynamically_branching2 to 2018-11-11T00:00:00+00:00, run_after=2018-11-11T00:00:00+00:00
[2022-09-02 21:55:30,796] {logging_mixin.py:115} INFO - [2022-09-02 21:55:30,795] {dag.py:2972} INFO - Setting next_dagrun for dynamically_branching3 to 2018-01-11T00:00:00+00:00, run_after=2018-01-11T00:00:00+00:00
[2022-09-02 21:55:30,811] {processor.py:161} INFO - Processing /opt/airflow/dags/jobs_dag.py took 0.118 seconds
[2022-09-02 21:56:01,387] {processor.py:153} INFO - Started process (PID=1227) to work on /opt/airflow/dags/jobs_dag.py
[2022-09-02 21:56:01,388] {processor.py:641} INFO - Processing file /opt/airflow/dags/jobs_dag.py for tasks to queue
[2022-09-02 21:56:01,390] {logging_mixin.py:115} INFO - [2022-09-02 21:56:01,390] {dagbag.py:508} INFO - Filling up the DagBag from /opt/airflow/dags/jobs_dag.py
[2022-09-02 21:56:01,413] {logging_mixin.py:115} WARNING - /home/airflow/.local/lib/python3.7/site-packages/airflow/models/baseoperator.py:390 DeprecationWarning: provide_context is deprecated as of 2.0 and is no longer required
[2022-09-02 21:56:01,421] {processor.py:651} INFO - DAG(s) dict_keys(['dynamically_branching1', 'dynamically_branching2', 'dynamically_branching3']) retrieved from /opt/airflow/dags/jobs_dag.py
[2022-09-02 21:56:01,462] {logging_mixin.py:115} INFO - [2022-09-02 21:56:01,462] {dag.py:2420} INFO - Sync 3 DAGs
[2022-09-02 21:56:01,493] {logging_mixin.py:115} INFO - [2022-09-02 21:56:01,493] {dag.py:2972} INFO - Setting next_dagrun for dynamically_branching1 to None, run_after=None
[2022-09-02 21:56:01,494] {logging_mixin.py:115} INFO - [2022-09-02 21:56:01,494] {dag.py:2972} INFO - Setting next_dagrun for dynamically_branching2 to 2018-11-11T00:00:00+00:00, run_after=2018-11-11T00:00:00+00:00
[2022-09-02 21:56:01,495] {logging_mixin.py:115} INFO - [2022-09-02 21:56:01,495] {dag.py:2972} INFO - Setting next_dagrun for dynamically_branching3 to 2018-01-11T00:00:00+00:00, run_after=2018-01-11T00:00:00+00:00
[2022-09-02 21:56:01,513] {processor.py:161} INFO - Processing /opt/airflow/dags/jobs_dag.py took 0.133 seconds
[2022-09-02 21:56:31,705] {processor.py:153} INFO - Started process (PID=1283) to work on /opt/airflow/dags/jobs_dag.py
[2022-09-02 21:56:31,707] {processor.py:641} INFO - Processing file /opt/airflow/dags/jobs_dag.py for tasks to queue
[2022-09-02 21:56:31,709] {logging_mixin.py:115} INFO - [2022-09-02 21:56:31,709] {dagbag.py:508} INFO - Filling up the DagBag from /opt/airflow/dags/jobs_dag.py
[2022-09-02 21:56:31,731] {logging_mixin.py:115} WARNING - /home/airflow/.local/lib/python3.7/site-packages/airflow/models/baseoperator.py:390 DeprecationWarning: provide_context is deprecated as of 2.0 and is no longer required
[2022-09-02 21:56:31,737] {processor.py:651} INFO - DAG(s) dict_keys(['dynamically_branching1', 'dynamically_branching2', 'dynamically_branching3']) retrieved from /opt/airflow/dags/jobs_dag.py
[2022-09-02 21:56:31,781] {logging_mixin.py:115} INFO - [2022-09-02 21:56:31,781] {dag.py:2420} INFO - Sync 3 DAGs
[2022-09-02 21:56:31,811] {logging_mixin.py:115} INFO - [2022-09-02 21:56:31,811] {dag.py:2972} INFO - Setting next_dagrun for dynamically_branching1 to None, run_after=None
[2022-09-02 21:56:31,813] {logging_mixin.py:115} INFO - [2022-09-02 21:56:31,813] {dag.py:2972} INFO - Setting next_dagrun for dynamically_branching2 to 2018-11-11T00:00:00+00:00, run_after=2018-11-11T00:00:00+00:00
[2022-09-02 21:56:31,814] {logging_mixin.py:115} INFO - [2022-09-02 21:56:31,814] {dag.py:2972} INFO - Setting next_dagrun for dynamically_branching3 to 2018-01-11T00:00:00+00:00, run_after=2018-01-11T00:00:00+00:00
[2022-09-02 21:56:31,829] {processor.py:161} INFO - Processing /opt/airflow/dags/jobs_dag.py took 0.129 seconds
[2022-09-02 21:57:01,951] {processor.py:153} INFO - Started process (PID=1348) to work on /opt/airflow/dags/jobs_dag.py
[2022-09-02 21:57:01,953] {processor.py:641} INFO - Processing file /opt/airflow/dags/jobs_dag.py for tasks to queue
[2022-09-02 21:57:01,955] {logging_mixin.py:115} INFO - [2022-09-02 21:57:01,955] {dagbag.py:508} INFO - Filling up the DagBag from /opt/airflow/dags/jobs_dag.py
[2022-09-02 21:57:01,985] {logging_mixin.py:115} WARNING - /home/airflow/.local/lib/python3.7/site-packages/airflow/models/baseoperator.py:390 DeprecationWarning: provide_context is deprecated as of 2.0 and is no longer required
[2022-09-02 21:57:01,995] {processor.py:651} INFO - DAG(s) dict_keys(['dynamically_branching1', 'dynamically_branching2', 'dynamically_branching3']) retrieved from /opt/airflow/dags/jobs_dag.py
[2022-09-02 21:57:02,056] {logging_mixin.py:115} INFO - [2022-09-02 21:57:02,056] {dag.py:2420} INFO - Sync 3 DAGs
[2022-09-02 21:57:02,108] {logging_mixin.py:115} INFO - [2022-09-02 21:57:02,107] {dag.py:2972} INFO - Setting next_dagrun for dynamically_branching1 to None, run_after=None
[2022-09-02 21:57:02,109] {logging_mixin.py:115} INFO - [2022-09-02 21:57:02,109] {dag.py:2972} INFO - Setting next_dagrun for dynamically_branching2 to 2018-11-11T00:00:00+00:00, run_after=2018-11-11T00:00:00+00:00
[2022-09-02 21:57:02,112] {logging_mixin.py:115} INFO - [2022-09-02 21:57:02,112] {dag.py:2972} INFO - Setting next_dagrun for dynamically_branching3 to 2018-01-11T00:00:00+00:00, run_after=2018-01-11T00:00:00+00:00
[2022-09-02 21:57:02,136] {processor.py:161} INFO - Processing /opt/airflow/dags/jobs_dag.py took 0.189 seconds
[2022-09-02 21:57:32,255] {processor.py:153} INFO - Started process (PID=1404) to work on /opt/airflow/dags/jobs_dag.py
[2022-09-02 21:57:32,257] {processor.py:641} INFO - Processing file /opt/airflow/dags/jobs_dag.py for tasks to queue
[2022-09-02 21:57:32,258] {logging_mixin.py:115} INFO - [2022-09-02 21:57:32,258] {dagbag.py:508} INFO - Filling up the DagBag from /opt/airflow/dags/jobs_dag.py
[2022-09-02 21:57:32,288] {logging_mixin.py:115} WARNING - /home/airflow/.local/lib/python3.7/site-packages/airflow/models/baseoperator.py:390 DeprecationWarning: provide_context is deprecated as of 2.0 and is no longer required
[2022-09-02 21:57:32,297] {processor.py:651} INFO - DAG(s) dict_keys(['dynamically_branching1', 'dynamically_branching2', 'dynamically_branching3']) retrieved from /opt/airflow/dags/jobs_dag.py
[2022-09-02 21:57:32,356] {logging_mixin.py:115} INFO - [2022-09-02 21:57:32,356] {dag.py:2420} INFO - Sync 3 DAGs
[2022-09-02 21:57:32,393] {logging_mixin.py:115} INFO - [2022-09-02 21:57:32,393] {dag.py:2972} INFO - Setting next_dagrun for dynamically_branching1 to None, run_after=None
[2022-09-02 21:57:32,394] {logging_mixin.py:115} INFO - [2022-09-02 21:57:32,394] {dag.py:2972} INFO - Setting next_dagrun for dynamically_branching2 to 2018-11-11T00:00:00+00:00, run_after=2018-11-11T00:00:00+00:00
[2022-09-02 21:57:32,396] {logging_mixin.py:115} INFO - [2022-09-02 21:57:32,395] {dag.py:2972} INFO - Setting next_dagrun for dynamically_branching3 to 2018-01-11T00:00:00+00:00, run_after=2018-01-11T00:00:00+00:00
[2022-09-02 21:57:32,412] {processor.py:161} INFO - Processing /opt/airflow/dags/jobs_dag.py took 0.162 seconds
[2022-09-02 21:58:02,887] {processor.py:153} INFO - Started process (PID=1470) to work on /opt/airflow/dags/jobs_dag.py
[2022-09-02 21:58:02,889] {processor.py:641} INFO - Processing file /opt/airflow/dags/jobs_dag.py for tasks to queue
[2022-09-02 21:58:02,891] {logging_mixin.py:115} INFO - [2022-09-02 21:58:02,891] {dagbag.py:508} INFO - Filling up the DagBag from /opt/airflow/dags/jobs_dag.py
[2022-09-02 21:58:02,914] {logging_mixin.py:115} WARNING - /home/airflow/.local/lib/python3.7/site-packages/airflow/models/baseoperator.py:390 DeprecationWarning: provide_context is deprecated as of 2.0 and is no longer required
[2022-09-02 21:58:02,920] {processor.py:651} INFO - DAG(s) dict_keys(['dynamically_branching1', 'dynamically_branching2', 'dynamically_branching3']) retrieved from /opt/airflow/dags/jobs_dag.py
[2022-09-02 21:58:02,969] {logging_mixin.py:115} INFO - [2022-09-02 21:58:02,969] {dag.py:2420} INFO - Sync 3 DAGs
[2022-09-02 21:58:03,000] {logging_mixin.py:115} INFO - [2022-09-02 21:58:03,000] {dag.py:2972} INFO - Setting next_dagrun for dynamically_branching1 to None, run_after=None
[2022-09-02 21:58:03,002] {logging_mixin.py:115} INFO - [2022-09-02 21:58:03,002] {dag.py:2972} INFO - Setting next_dagrun for dynamically_branching2 to 2018-11-11T00:00:00+00:00, run_after=2018-11-11T00:00:00+00:00
[2022-09-02 21:58:03,003] {logging_mixin.py:115} INFO - [2022-09-02 21:58:03,003] {dag.py:2972} INFO - Setting next_dagrun for dynamically_branching3 to 2018-01-11T00:00:00+00:00, run_after=2018-01-11T00:00:00+00:00
[2022-09-02 21:58:03,020] {processor.py:161} INFO - Processing /opt/airflow/dags/jobs_dag.py took 0.137 seconds
[2022-09-02 21:58:33,172] {processor.py:153} INFO - Started process (PID=1526) to work on /opt/airflow/dags/jobs_dag.py
[2022-09-02 21:58:33,173] {processor.py:641} INFO - Processing file /opt/airflow/dags/jobs_dag.py for tasks to queue
[2022-09-02 21:58:33,174] {logging_mixin.py:115} INFO - [2022-09-02 21:58:33,174] {dagbag.py:508} INFO - Filling up the DagBag from /opt/airflow/dags/jobs_dag.py
[2022-09-02 21:58:33,197] {logging_mixin.py:115} WARNING - /home/airflow/.local/lib/python3.7/site-packages/airflow/models/baseoperator.py:390 DeprecationWarning: provide_context is deprecated as of 2.0 and is no longer required
[2022-09-02 21:58:33,204] {processor.py:651} INFO - DAG(s) dict_keys(['dynamically_branching1', 'dynamically_branching2', 'dynamically_branching3']) retrieved from /opt/airflow/dags/jobs_dag.py
[2022-09-02 21:58:33,250] {logging_mixin.py:115} INFO - [2022-09-02 21:58:33,250] {dag.py:2420} INFO - Sync 3 DAGs
[2022-09-02 21:58:33,281] {logging_mixin.py:115} INFO - [2022-09-02 21:58:33,281] {dag.py:2972} INFO - Setting next_dagrun for dynamically_branching1 to None, run_after=None
[2022-09-02 21:58:33,282] {logging_mixin.py:115} INFO - [2022-09-02 21:58:33,282] {dag.py:2972} INFO - Setting next_dagrun for dynamically_branching2 to 2018-11-11T00:00:00+00:00, run_after=2018-11-11T00:00:00+00:00
[2022-09-02 21:58:33,283] {logging_mixin.py:115} INFO - [2022-09-02 21:58:33,283] {dag.py:2972} INFO - Setting next_dagrun for dynamically_branching3 to 2018-01-11T00:00:00+00:00, run_after=2018-01-11T00:00:00+00:00
[2022-09-02 21:58:33,299] {processor.py:161} INFO - Processing /opt/airflow/dags/jobs_dag.py took 0.131 seconds
[2022-09-02 21:59:03,918] {processor.py:153} INFO - Started process (PID=1591) to work on /opt/airflow/dags/jobs_dag.py
[2022-09-02 21:59:03,919] {processor.py:641} INFO - Processing file /opt/airflow/dags/jobs_dag.py for tasks to queue
[2022-09-02 21:59:03,921] {logging_mixin.py:115} INFO - [2022-09-02 21:59:03,921] {dagbag.py:508} INFO - Filling up the DagBag from /opt/airflow/dags/jobs_dag.py
[2022-09-02 21:59:03,943] {logging_mixin.py:115} WARNING - /home/airflow/.local/lib/python3.7/site-packages/airflow/models/baseoperator.py:390 DeprecationWarning: provide_context is deprecated as of 2.0 and is no longer required
[2022-09-02 21:59:03,950] {processor.py:651} INFO - DAG(s) dict_keys(['dynamically_branching1', 'dynamically_branching2', 'dynamically_branching3']) retrieved from /opt/airflow/dags/jobs_dag.py
[2022-09-02 21:59:03,992] {logging_mixin.py:115} INFO - [2022-09-02 21:59:03,992] {dag.py:2420} INFO - Sync 3 DAGs
[2022-09-02 21:59:04,023] {logging_mixin.py:115} INFO - [2022-09-02 21:59:04,022] {dag.py:2972} INFO - Setting next_dagrun for dynamically_branching1 to None, run_after=None
[2022-09-02 21:59:04,024] {logging_mixin.py:115} INFO - [2022-09-02 21:59:04,024] {dag.py:2972} INFO - Setting next_dagrun for dynamically_branching2 to 2018-11-11T00:00:00+00:00, run_after=2018-11-11T00:00:00+00:00
[2022-09-02 21:59:04,025] {logging_mixin.py:115} INFO - [2022-09-02 21:59:04,025] {dag.py:2972} INFO - Setting next_dagrun for dynamically_branching3 to 2018-01-11T00:00:00+00:00, run_after=2018-01-11T00:00:00+00:00
[2022-09-02 21:59:04,043] {processor.py:161} INFO - Processing /opt/airflow/dags/jobs_dag.py took 0.130 seconds
[2022-09-02 21:59:34,986] {processor.py:153} INFO - Started process (PID=1656) to work on /opt/airflow/dags/jobs_dag.py
[2022-09-02 21:59:34,988] {processor.py:641} INFO - Processing file /opt/airflow/dags/jobs_dag.py for tasks to queue
[2022-09-02 21:59:34,989] {logging_mixin.py:115} INFO - [2022-09-02 21:59:34,989] {dagbag.py:508} INFO - Filling up the DagBag from /opt/airflow/dags/jobs_dag.py
[2022-09-02 21:59:35,011] {logging_mixin.py:115} WARNING - /home/airflow/.local/lib/python3.7/site-packages/airflow/models/baseoperator.py:390 DeprecationWarning: provide_context is deprecated as of 2.0 and is no longer required
[2022-09-02 21:59:35,017] {processor.py:651} INFO - DAG(s) dict_keys(['dynamically_branching1', 'dynamically_branching2', 'dynamically_branching3']) retrieved from /opt/airflow/dags/jobs_dag.py
[2022-09-02 21:59:35,060] {logging_mixin.py:115} INFO - [2022-09-02 21:59:35,060] {dag.py:2420} INFO - Sync 3 DAGs
[2022-09-02 21:59:35,089] {logging_mixin.py:115} INFO - [2022-09-02 21:59:35,089] {dag.py:2972} INFO - Setting next_dagrun for dynamically_branching1 to None, run_after=None
[2022-09-02 21:59:35,091] {logging_mixin.py:115} INFO - [2022-09-02 21:59:35,090] {dag.py:2972} INFO - Setting next_dagrun for dynamically_branching2 to 2018-11-11T00:00:00+00:00, run_after=2018-11-11T00:00:00+00:00
[2022-09-02 21:59:35,092] {logging_mixin.py:115} INFO - [2022-09-02 21:59:35,092] {dag.py:2972} INFO - Setting next_dagrun for dynamically_branching3 to 2018-01-11T00:00:00+00:00, run_after=2018-01-11T00:00:00+00:00
[2022-09-02 21:59:35,108] {processor.py:161} INFO - Processing /opt/airflow/dags/jobs_dag.py took 0.125 seconds
[2022-09-02 22:00:05,434] {processor.py:153} INFO - Started process (PID=1712) to work on /opt/airflow/dags/jobs_dag.py
[2022-09-02 22:00:05,436] {processor.py:641} INFO - Processing file /opt/airflow/dags/jobs_dag.py for tasks to queue
[2022-09-02 22:00:05,438] {logging_mixin.py:115} INFO - [2022-09-02 22:00:05,438] {dagbag.py:508} INFO - Filling up the DagBag from /opt/airflow/dags/jobs_dag.py
[2022-09-02 22:00:05,476] {logging_mixin.py:115} WARNING - /home/airflow/.local/lib/python3.7/site-packages/airflow/models/baseoperator.py:390 DeprecationWarning: provide_context is deprecated as of 2.0 and is no longer required
[2022-09-02 22:00:05,492] {processor.py:651} INFO - DAG(s) dict_keys(['dynamically_branching1', 'dynamically_branching2', 'dynamically_branching3']) retrieved from /opt/airflow/dags/jobs_dag.py
[2022-09-02 22:00:05,565] {logging_mixin.py:115} INFO - [2022-09-02 22:00:05,565] {dag.py:2420} INFO - Sync 3 DAGs
[2022-09-02 22:00:05,613] {logging_mixin.py:115} INFO - [2022-09-02 22:00:05,613] {dag.py:2972} INFO - Setting next_dagrun for dynamically_branching1 to None, run_after=None
[2022-09-02 22:00:05,614] {logging_mixin.py:115} INFO - [2022-09-02 22:00:05,614] {dag.py:2972} INFO - Setting next_dagrun for dynamically_branching2 to 2018-11-11T00:00:00+00:00, run_after=2018-11-11T00:00:00+00:00
[2022-09-02 22:00:05,615] {logging_mixin.py:115} INFO - [2022-09-02 22:00:05,615] {dag.py:2972} INFO - Setting next_dagrun for dynamically_branching3 to 2018-01-11T00:00:00+00:00, run_after=2018-01-11T00:00:00+00:00
[2022-09-02 22:00:05,633] {processor.py:161} INFO - Processing /opt/airflow/dags/jobs_dag.py took 0.204 seconds
[2022-09-02 22:28:44,061] {processor.py:153} INFO - Started process (PID=1759) to work on /opt/airflow/dags/jobs_dag.py
[2022-09-02 22:28:44,065] {processor.py:641} INFO - Processing file /opt/airflow/dags/jobs_dag.py for tasks to queue
[2022-09-02 22:28:44,066] {logging_mixin.py:115} INFO - [2022-09-02 22:28:44,066] {dagbag.py:508} INFO - Filling up the DagBag from /opt/airflow/dags/jobs_dag.py
[2022-09-02 22:28:44,105] {logging_mixin.py:115} WARNING - /home/airflow/.local/lib/python3.7/site-packages/airflow/models/baseoperator.py:390 DeprecationWarning: provide_context is deprecated as of 2.0 and is no longer required
[2022-09-02 22:28:44,124] {processor.py:651} INFO - DAG(s) dict_keys(['dynamically_branching1', 'dynamically_branching2', 'dynamically_branching3']) retrieved from /opt/airflow/dags/jobs_dag.py
[2022-09-02 22:28:44,180] {logging_mixin.py:115} INFO - [2022-09-02 22:28:44,180] {dag.py:2420} INFO - Sync 3 DAGs
[2022-09-02 22:28:44,235] {logging_mixin.py:115} INFO - [2022-09-02 22:28:44,235] {dag.py:2972} INFO - Setting next_dagrun for dynamically_branching1 to None, run_after=None
[2022-09-02 22:28:44,237] {logging_mixin.py:115} INFO - [2022-09-02 22:28:44,236] {dag.py:2972} INFO - Setting next_dagrun for dynamically_branching2 to 2018-11-11T00:00:00+00:00, run_after=2018-11-11T00:00:00+00:00
[2022-09-02 22:28:44,238] {logging_mixin.py:115} INFO - [2022-09-02 22:28:44,237] {dag.py:2972} INFO - Setting next_dagrun for dynamically_branching3 to 2018-01-11T00:00:00+00:00, run_after=2018-01-11T00:00:00+00:00
[2022-09-02 22:28:44,254] {processor.py:161} INFO - Processing /opt/airflow/dags/jobs_dag.py took 0.200 seconds
[2022-09-02 22:29:14,944] {processor.py:153} INFO - Started process (PID=1824) to work on /opt/airflow/dags/jobs_dag.py
[2022-09-02 22:29:14,945] {processor.py:641} INFO - Processing file /opt/airflow/dags/jobs_dag.py for tasks to queue
[2022-09-02 22:29:14,947] {logging_mixin.py:115} INFO - [2022-09-02 22:29:14,947] {dagbag.py:508} INFO - Filling up the DagBag from /opt/airflow/dags/jobs_dag.py
[2022-09-02 22:29:14,969] {logging_mixin.py:115} WARNING - /home/airflow/.local/lib/python3.7/site-packages/airflow/models/baseoperator.py:390 DeprecationWarning: provide_context is deprecated as of 2.0 and is no longer required
[2022-09-02 22:29:14,979] {processor.py:651} INFO - DAG(s) dict_keys(['dynamically_branching1', 'dynamically_branching2', 'dynamically_branching3']) retrieved from /opt/airflow/dags/jobs_dag.py
[2022-09-02 22:29:15,017] {logging_mixin.py:115} INFO - [2022-09-02 22:29:15,017] {dag.py:2420} INFO - Sync 3 DAGs
[2022-09-02 22:29:15,045] {logging_mixin.py:115} INFO - [2022-09-02 22:29:15,045] {dag.py:2972} INFO - Setting next_dagrun for dynamically_branching1 to None, run_after=None
[2022-09-02 22:29:15,046] {logging_mixin.py:115} INFO - [2022-09-02 22:29:15,046] {dag.py:2972} INFO - Setting next_dagrun for dynamically_branching2 to 2018-11-11T00:00:00+00:00, run_after=2018-11-11T00:00:00+00:00
[2022-09-02 22:29:15,047] {logging_mixin.py:115} INFO - [2022-09-02 22:29:15,047] {dag.py:2972} INFO - Setting next_dagrun for dynamically_branching3 to 2018-01-11T00:00:00+00:00, run_after=2018-01-11T00:00:00+00:00
[2022-09-02 22:29:15,062] {processor.py:161} INFO - Processing /opt/airflow/dags/jobs_dag.py took 0.122 seconds
[2022-09-02 22:29:45,111] {processor.py:153} INFO - Started process (PID=1880) to work on /opt/airflow/dags/jobs_dag.py
[2022-09-02 22:29:45,112] {processor.py:641} INFO - Processing file /opt/airflow/dags/jobs_dag.py for tasks to queue
[2022-09-02 22:29:45,114] {logging_mixin.py:115} INFO - [2022-09-02 22:29:45,113] {dagbag.py:508} INFO - Filling up the DagBag from /opt/airflow/dags/jobs_dag.py
[2022-09-02 22:29:45,133] {logging_mixin.py:115} WARNING - /home/airflow/.local/lib/python3.7/site-packages/airflow/models/baseoperator.py:390 DeprecationWarning: provide_context is deprecated as of 2.0 and is no longer required
[2022-09-02 22:29:45,140] {processor.py:651} INFO - DAG(s) dict_keys(['dynamically_branching1', 'dynamically_branching2', 'dynamically_branching3']) retrieved from /opt/airflow/dags/jobs_dag.py
[2022-09-02 22:29:45,180] {logging_mixin.py:115} INFO - [2022-09-02 22:29:45,180] {dag.py:2420} INFO - Sync 3 DAGs
[2022-09-02 22:29:45,209] {logging_mixin.py:115} INFO - [2022-09-02 22:29:45,209] {dag.py:2972} INFO - Setting next_dagrun for dynamically_branching1 to None, run_after=None
[2022-09-02 22:29:45,210] {logging_mixin.py:115} INFO - [2022-09-02 22:29:45,210] {dag.py:2972} INFO - Setting next_dagrun for dynamically_branching2 to 2018-11-11T00:00:00+00:00, run_after=2018-11-11T00:00:00+00:00
[2022-09-02 22:29:45,211] {logging_mixin.py:115} INFO - [2022-09-02 22:29:45,211] {dag.py:2972} INFO - Setting next_dagrun for dynamically_branching3 to 2018-01-11T00:00:00+00:00, run_after=2018-01-11T00:00:00+00:00
[2022-09-02 22:29:45,227] {processor.py:161} INFO - Processing /opt/airflow/dags/jobs_dag.py took 0.120 seconds
[2022-09-02 23:00:10,457] {processor.py:153} INFO - Started process (PID=1936) to work on /opt/airflow/dags/jobs_dag.py
[2022-09-02 23:00:10,470] {processor.py:641} INFO - Processing file /opt/airflow/dags/jobs_dag.py for tasks to queue
[2022-09-02 23:00:10,489] {logging_mixin.py:115} INFO - [2022-09-02 23:00:10,489] {dagbag.py:508} INFO - Filling up the DagBag from /opt/airflow/dags/jobs_dag.py
[2022-09-02 23:00:10,928] {logging_mixin.py:115} WARNING - /home/airflow/.local/lib/python3.7/site-packages/airflow/models/baseoperator.py:390 DeprecationWarning: provide_context is deprecated as of 2.0 and is no longer required
[2022-09-02 23:00:11,162] {processor.py:651} INFO - DAG(s) dict_keys(['dynamically_branching1', 'dynamically_branching2', 'dynamically_branching3']) retrieved from /opt/airflow/dags/jobs_dag.py
[2022-09-02 23:00:12,274] {logging_mixin.py:115} INFO - [2022-09-02 23:00:12,273] {dag.py:2420} INFO - Sync 3 DAGs
[2022-09-02 23:00:12,607] {logging_mixin.py:115} INFO - [2022-09-02 23:00:12,607] {dag.py:2972} INFO - Setting next_dagrun for dynamically_branching1 to None, run_after=None
[2022-09-02 23:00:12,622] {logging_mixin.py:115} INFO - [2022-09-02 23:00:12,622] {dag.py:2972} INFO - Setting next_dagrun for dynamically_branching2 to 2018-11-11T00:00:00+00:00, run_after=2018-11-11T00:00:00+00:00
[2022-09-02 23:00:12,628] {logging_mixin.py:115} INFO - [2022-09-02 23:00:12,628] {dag.py:2972} INFO - Setting next_dagrun for dynamically_branching3 to 2018-01-11T00:00:00+00:00, run_after=2018-01-11T00:00:00+00:00
[2022-09-02 23:00:12,944] {processor.py:161} INFO - Processing /opt/airflow/dags/jobs_dag.py took 2.549 seconds
[2022-09-02 23:01:03,351] {processor.py:153} INFO - Started process (PID=2000) to work on /opt/airflow/dags/jobs_dag.py
[2022-09-02 23:01:03,359] {processor.py:641} INFO - Processing file /opt/airflow/dags/jobs_dag.py for tasks to queue
[2022-09-02 23:01:03,366] {logging_mixin.py:115} INFO - [2022-09-02 23:01:03,365] {dagbag.py:508} INFO - Filling up the DagBag from /opt/airflow/dags/jobs_dag.py
[2022-09-02 23:01:03,511] {logging_mixin.py:115} WARNING - /home/airflow/.local/lib/python3.7/site-packages/airflow/models/baseoperator.py:390 DeprecationWarning: provide_context is deprecated as of 2.0 and is no longer required
[2022-09-02 23:01:03,567] {processor.py:651} INFO - DAG(s) dict_keys(['dynamically_branching1', 'dynamically_branching2', 'dynamically_branching3']) retrieved from /opt/airflow/dags/jobs_dag.py
[2022-09-02 23:01:04,153] {logging_mixin.py:115} INFO - [2022-09-02 23:01:04,152] {dag.py:2420} INFO - Sync 3 DAGs
[2022-09-02 23:01:04,649] {logging_mixin.py:115} INFO - [2022-09-02 23:01:04,649] {dag.py:2972} INFO - Setting next_dagrun for dynamically_branching1 to None, run_after=None
[2022-09-02 23:01:04,657] {logging_mixin.py:115} INFO - [2022-09-02 23:01:04,657] {dag.py:2972} INFO - Setting next_dagrun for dynamically_branching2 to 2018-11-11T00:00:00+00:00, run_after=2018-11-11T00:00:00+00:00
[2022-09-02 23:01:04,662] {logging_mixin.py:115} INFO - [2022-09-02 23:01:04,662] {dag.py:2972} INFO - Setting next_dagrun for dynamically_branching3 to 2018-01-11T00:00:00+00:00, run_after=2018-01-11T00:00:00+00:00
[2022-09-02 23:01:04,965] {processor.py:161} INFO - Processing /opt/airflow/dags/jobs_dag.py took 1.724 seconds
[2022-09-02 23:01:53,796] {processor.py:153} INFO - Started process (PID=2056) to work on /opt/airflow/dags/jobs_dag.py
[2022-09-02 23:01:53,814] {processor.py:641} INFO - Processing file /opt/airflow/dags/jobs_dag.py for tasks to queue
[2022-09-02 23:01:53,833] {logging_mixin.py:115} INFO - [2022-09-02 23:01:53,830] {dagbag.py:508} INFO - Filling up the DagBag from /opt/airflow/dags/jobs_dag.py
[2022-09-02 23:01:54,359] {logging_mixin.py:115} WARNING - /home/airflow/.local/lib/python3.7/site-packages/airflow/models/baseoperator.py:390 DeprecationWarning: provide_context is deprecated as of 2.0 and is no longer required
[2022-09-02 23:01:54,552] {processor.py:651} INFO - DAG(s) dict_keys(['dynamically_branching1', 'dynamically_branching2', 'dynamically_branching3']) retrieved from /opt/airflow/dags/jobs_dag.py
[2022-09-02 23:01:55,758] {logging_mixin.py:115} INFO - [2022-09-02 23:01:55,757] {dag.py:2420} INFO - Sync 3 DAGs
[2022-09-02 23:01:56,306] {logging_mixin.py:115} INFO - [2022-09-02 23:01:56,306] {dag.py:2972} INFO - Setting next_dagrun for dynamically_branching1 to None, run_after=None
[2022-09-02 23:01:56,336] {logging_mixin.py:115} INFO - [2022-09-02 23:01:56,335] {dag.py:2972} INFO - Setting next_dagrun for dynamically_branching2 to 2018-11-11T00:00:00+00:00, run_after=2018-11-11T00:00:00+00:00
[2022-09-02 23:01:56,346] {logging_mixin.py:115} INFO - [2022-09-02 23:01:56,345] {dag.py:2972} INFO - Setting next_dagrun for dynamically_branching3 to 2018-01-11T00:00:00+00:00, run_after=2018-01-11T00:00:00+00:00
[2022-09-02 23:01:56,547] {processor.py:161} INFO - Processing /opt/airflow/dags/jobs_dag.py took 2.828 seconds
[2022-09-02 23:02:26,814] {processor.py:153} INFO - Started process (PID=2112) to work on /opt/airflow/dags/jobs_dag.py
[2022-09-02 23:02:26,822] {processor.py:641} INFO - Processing file /opt/airflow/dags/jobs_dag.py for tasks to queue
[2022-09-02 23:02:26,837] {logging_mixin.py:115} INFO - [2022-09-02 23:02:26,835] {dagbag.py:508} INFO - Filling up the DagBag from /opt/airflow/dags/jobs_dag.py
[2022-09-02 23:02:26,994] {logging_mixin.py:115} WARNING - /home/airflow/.local/lib/python3.7/site-packages/airflow/models/baseoperator.py:390 DeprecationWarning: provide_context is deprecated as of 2.0 and is no longer required
[2022-09-02 23:02:27,124] {processor.py:651} INFO - DAG(s) dict_keys(['dynamically_branching1', 'dynamically_branching2', 'dynamically_branching3']) retrieved from /opt/airflow/dags/jobs_dag.py
[2022-09-02 23:02:27,616] {logging_mixin.py:115} INFO - [2022-09-02 23:02:27,615] {dag.py:2420} INFO - Sync 3 DAGs
[2022-09-02 23:02:28,015] {logging_mixin.py:115} INFO - [2022-09-02 23:02:28,014] {dag.py:2972} INFO - Setting next_dagrun for dynamically_branching1 to None, run_after=None
[2022-09-02 23:02:28,023] {logging_mixin.py:115} INFO - [2022-09-02 23:02:28,022] {dag.py:2972} INFO - Setting next_dagrun for dynamically_branching2 to 2018-11-11T00:00:00+00:00, run_after=2018-11-11T00:00:00+00:00
[2022-09-02 23:02:28,027] {logging_mixin.py:115} INFO - [2022-09-02 23:02:28,027] {dag.py:2972} INFO - Setting next_dagrun for dynamically_branching3 to 2018-01-11T00:00:00+00:00, run_after=2018-01-11T00:00:00+00:00
[2022-09-02 23:02:28,171] {processor.py:161} INFO - Processing /opt/airflow/dags/jobs_dag.py took 1.385 seconds
[2022-09-02 23:02:58,392] {processor.py:153} INFO - Started process (PID=2167) to work on /opt/airflow/dags/jobs_dag.py
[2022-09-02 23:02:58,400] {processor.py:641} INFO - Processing file /opt/airflow/dags/jobs_dag.py for tasks to queue
[2022-09-02 23:02:58,406] {logging_mixin.py:115} INFO - [2022-09-02 23:02:58,406] {dagbag.py:508} INFO - Filling up the DagBag from /opt/airflow/dags/jobs_dag.py
[2022-09-02 23:02:58,507] {logging_mixin.py:115} WARNING - /home/airflow/.local/lib/python3.7/site-packages/airflow/models/baseoperator.py:390 DeprecationWarning: provide_context is deprecated as of 2.0 and is no longer required
[2022-09-02 23:02:58,538] {processor.py:651} INFO - DAG(s) dict_keys(['dynamically_branching1', 'dynamically_branching2', 'dynamically_branching3']) retrieved from /opt/airflow/dags/jobs_dag.py
[2022-09-02 23:02:58,739] {logging_mixin.py:115} INFO - [2022-09-02 23:02:58,739] {dag.py:2420} INFO - Sync 3 DAGs
[2022-09-02 23:02:58,876] {logging_mixin.py:115} INFO - [2022-09-02 23:02:58,875] {dag.py:2972} INFO - Setting next_dagrun for dynamically_branching1 to None, run_after=None
[2022-09-02 23:02:58,881] {logging_mixin.py:115} INFO - [2022-09-02 23:02:58,880] {dag.py:2972} INFO - Setting next_dagrun for dynamically_branching2 to 2018-11-11T00:00:00+00:00, run_after=2018-11-11T00:00:00+00:00
[2022-09-02 23:02:58,885] {logging_mixin.py:115} INFO - [2022-09-02 23:02:58,884] {dag.py:2972} INFO - Setting next_dagrun for dynamically_branching3 to 2018-01-11T00:00:00+00:00, run_after=2018-01-11T00:00:00+00:00
[2022-09-02 23:02:58,955] {processor.py:161} INFO - Processing /opt/airflow/dags/jobs_dag.py took 0.589 seconds
[2022-09-02 23:03:29,412] {processor.py:153} INFO - Started process (PID=2214) to work on /opt/airflow/dags/jobs_dag.py
[2022-09-02 23:03:29,424] {processor.py:641} INFO - Processing file /opt/airflow/dags/jobs_dag.py for tasks to queue
[2022-09-02 23:03:29,434] {logging_mixin.py:115} INFO - [2022-09-02 23:03:29,433] {dagbag.py:508} INFO - Filling up the DagBag from /opt/airflow/dags/jobs_dag.py
[2022-09-02 23:03:30,103] {logging_mixin.py:115} WARNING - /home/airflow/.local/lib/python3.7/site-packages/airflow/models/baseoperator.py:390 DeprecationWarning: provide_context is deprecated as of 2.0 and is no longer required
[2022-09-02 23:03:30,504] {processor.py:651} INFO - DAG(s) dict_keys(['dynamically_branching1', 'dynamically_branching2', 'dynamically_branching3']) retrieved from /opt/airflow/dags/jobs_dag.py
[2022-09-02 23:03:31,227] {logging_mixin.py:115} INFO - [2022-09-02 23:03:31,226] {dag.py:2420} INFO - Sync 3 DAGs
[2022-09-02 23:03:31,561] {logging_mixin.py:115} INFO - [2022-09-02 23:03:31,553] {dag.py:2972} INFO - Setting next_dagrun for dynamically_branching1 to None, run_after=None
[2022-09-02 23:03:31,589] {logging_mixin.py:115} INFO - [2022-09-02 23:03:31,584] {dag.py:2972} INFO - Setting next_dagrun for dynamically_branching2 to 2018-11-11T00:00:00+00:00, run_after=2018-11-11T00:00:00+00:00
[2022-09-02 23:03:31,597] {logging_mixin.py:115} INFO - [2022-09-02 23:03:31,597] {dag.py:2972} INFO - Setting next_dagrun for dynamically_branching3 to 2018-01-11T00:00:00+00:00, run_after=2018-01-11T00:00:00+00:00
[2022-09-02 23:03:31,708] {processor.py:161} INFO - Processing /opt/airflow/dags/jobs_dag.py took 2.326 seconds
[2022-09-02 23:04:02,398] {processor.py:153} INFO - Started process (PID=2270) to work on /opt/airflow/dags/jobs_dag.py
[2022-09-02 23:04:02,407] {processor.py:641} INFO - Processing file /opt/airflow/dags/jobs_dag.py for tasks to queue
[2022-09-02 23:04:02,425] {logging_mixin.py:115} INFO - [2022-09-02 23:04:02,418] {dagbag.py:508} INFO - Filling up the DagBag from /opt/airflow/dags/jobs_dag.py
[2022-09-02 23:04:02,577] {logging_mixin.py:115} WARNING - /home/airflow/.local/lib/python3.7/site-packages/airflow/models/baseoperator.py:390 DeprecationWarning: provide_context is deprecated as of 2.0 and is no longer required
[2022-09-02 23:04:02,643] {processor.py:651} INFO - DAG(s) dict_keys(['dynamically_branching1', 'dynamically_branching2', 'dynamically_branching3']) retrieved from /opt/airflow/dags/jobs_dag.py
[2022-09-02 23:04:02,969] {logging_mixin.py:115} INFO - [2022-09-02 23:04:02,969] {dag.py:2420} INFO - Sync 3 DAGs
[2022-09-02 23:04:03,103] {logging_mixin.py:115} INFO - [2022-09-02 23:04:03,103] {dag.py:2972} INFO - Setting next_dagrun for dynamically_branching1 to None, run_after=None
[2022-09-02 23:04:03,109] {logging_mixin.py:115} INFO - [2022-09-02 23:04:03,108] {dag.py:2972} INFO - Setting next_dagrun for dynamically_branching2 to 2018-11-11T00:00:00+00:00, run_after=2018-11-11T00:00:00+00:00
[2022-09-02 23:04:03,114] {logging_mixin.py:115} INFO - [2022-09-02 23:04:03,113] {dag.py:2972} INFO - Setting next_dagrun for dynamically_branching3 to 2018-01-11T00:00:00+00:00, run_after=2018-01-11T00:00:00+00:00
[2022-09-02 23:04:03,182] {processor.py:161} INFO - Processing /opt/airflow/dags/jobs_dag.py took 0.811 seconds
[2022-09-02 23:04:33,511] {processor.py:153} INFO - Started process (PID=2327) to work on /opt/airflow/dags/jobs_dag.py
[2022-09-02 23:04:33,512] {processor.py:641} INFO - Processing file /opt/airflow/dags/jobs_dag.py for tasks to queue
[2022-09-02 23:04:33,514] {logging_mixin.py:115} INFO - [2022-09-02 23:04:33,514] {dagbag.py:508} INFO - Filling up the DagBag from /opt/airflow/dags/jobs_dag.py
[2022-09-02 23:04:33,552] {logging_mixin.py:115} WARNING - /home/airflow/.local/lib/python3.7/site-packages/airflow/models/baseoperator.py:390 DeprecationWarning: provide_context is deprecated as of 2.0 and is no longer required
[2022-09-02 23:04:33,569] {processor.py:651} INFO - DAG(s) dict_keys(['dynamically_branching1', 'dynamically_branching2', 'dynamically_branching3']) retrieved from /opt/airflow/dags/jobs_dag.py
[2022-09-02 23:04:33,653] {logging_mixin.py:115} INFO - [2022-09-02 23:04:33,653] {dag.py:2420} INFO - Sync 3 DAGs
[2022-09-02 23:04:33,717] {logging_mixin.py:115} INFO - [2022-09-02 23:04:33,717] {dag.py:2972} INFO - Setting next_dagrun for dynamically_branching1 to None, run_after=None
[2022-09-02 23:04:33,718] {logging_mixin.py:115} INFO - [2022-09-02 23:04:33,718] {dag.py:2972} INFO - Setting next_dagrun for dynamically_branching2 to 2018-11-11T00:00:00+00:00, run_after=2018-11-11T00:00:00+00:00
[2022-09-02 23:04:33,720] {logging_mixin.py:115} INFO - [2022-09-02 23:04:33,720] {dag.py:2972} INFO - Setting next_dagrun for dynamically_branching3 to 2018-01-11T00:00:00+00:00, run_after=2018-01-11T00:00:00+00:00
[2022-09-02 23:04:33,743] {processor.py:161} INFO - Processing /opt/airflow/dags/jobs_dag.py took 0.237 seconds
[2022-09-02 23:06:41,033] {processor.py:153} INFO - Started process (PID=2334) to work on /opt/airflow/dags/jobs_dag.py
[2022-09-02 23:06:41,039] {processor.py:641} INFO - Processing file /opt/airflow/dags/jobs_dag.py for tasks to queue
[2022-09-02 23:06:41,047] {logging_mixin.py:115} INFO - [2022-09-02 23:06:41,046] {dagbag.py:508} INFO - Filling up the DagBag from /opt/airflow/dags/jobs_dag.py
[2022-09-02 23:06:41,088] {logging_mixin.py:115} WARNING - /home/airflow/.local/lib/python3.7/site-packages/airflow/models/baseoperator.py:390 DeprecationWarning: provide_context is deprecated as of 2.0 and is no longer required
[2022-09-02 23:06:41,100] {processor.py:651} INFO - DAG(s) dict_keys(['dynamically_branching1', 'dynamically_branching2', 'dynamically_branching3']) retrieved from /opt/airflow/dags/jobs_dag.py
[2022-09-02 23:06:41,148] {logging_mixin.py:115} INFO - [2022-09-02 23:06:41,148] {dag.py:2420} INFO - Sync 3 DAGs
[2022-09-02 23:06:41,197] {logging_mixin.py:115} INFO - [2022-09-02 23:06:41,197] {dag.py:2972} INFO - Setting next_dagrun for dynamically_branching1 to None, run_after=None
[2022-09-02 23:06:41,198] {logging_mixin.py:115} INFO - [2022-09-02 23:06:41,198] {dag.py:2972} INFO - Setting next_dagrun for dynamically_branching2 to 2018-11-11T00:00:00+00:00, run_after=2018-11-11T00:00:00+00:00
[2022-09-02 23:06:41,199] {logging_mixin.py:115} INFO - [2022-09-02 23:06:41,199] {dag.py:2972} INFO - Setting next_dagrun for dynamically_branching3 to 2018-01-11T00:00:00+00:00, run_after=2018-01-11T00:00:00+00:00
[2022-09-02 23:06:41,222] {processor.py:161} INFO - Processing /opt/airflow/dags/jobs_dag.py took 0.216 seconds
[2022-09-02 23:07:12,167] {processor.py:153} INFO - Started process (PID=2400) to work on /opt/airflow/dags/jobs_dag.py
[2022-09-02 23:07:12,168] {processor.py:641} INFO - Processing file /opt/airflow/dags/jobs_dag.py for tasks to queue
[2022-09-02 23:07:12,169] {logging_mixin.py:115} INFO - [2022-09-02 23:07:12,169] {dagbag.py:508} INFO - Filling up the DagBag from /opt/airflow/dags/jobs_dag.py
[2022-09-02 23:07:12,189] {logging_mixin.py:115} WARNING - /home/airflow/.local/lib/python3.7/site-packages/airflow/models/baseoperator.py:390 DeprecationWarning: provide_context is deprecated as of 2.0 and is no longer required
[2022-09-02 23:07:12,195] {processor.py:651} INFO - DAG(s) dict_keys(['dynamically_branching1', 'dynamically_branching2', 'dynamically_branching3']) retrieved from /opt/airflow/dags/jobs_dag.py
[2022-09-02 23:07:12,243] {logging_mixin.py:115} INFO - [2022-09-02 23:07:12,243] {dag.py:2420} INFO - Sync 3 DAGs
[2022-09-02 23:07:12,274] {logging_mixin.py:115} INFO - [2022-09-02 23:07:12,274] {dag.py:2972} INFO - Setting next_dagrun for dynamically_branching1 to None, run_after=None
[2022-09-02 23:07:12,275] {logging_mixin.py:115} INFO - [2022-09-02 23:07:12,275] {dag.py:2972} INFO - Setting next_dagrun for dynamically_branching2 to 2018-11-11T00:00:00+00:00, run_after=2018-11-11T00:00:00+00:00
[2022-09-02 23:07:12,277] {logging_mixin.py:115} INFO - [2022-09-02 23:07:12,276] {dag.py:2972} INFO - Setting next_dagrun for dynamically_branching3 to 2018-01-11T00:00:00+00:00, run_after=2018-01-11T00:00:00+00:00
[2022-09-02 23:07:12,293] {processor.py:161} INFO - Processing /opt/airflow/dags/jobs_dag.py took 0.130 seconds
[2022-09-02 23:07:43,282] {processor.py:153} INFO - Started process (PID=2456) to work on /opt/airflow/dags/jobs_dag.py
[2022-09-02 23:07:43,284] {processor.py:641} INFO - Processing file /opt/airflow/dags/jobs_dag.py for tasks to queue
[2022-09-02 23:07:43,286] {logging_mixin.py:115} INFO - [2022-09-02 23:07:43,285] {dagbag.py:508} INFO - Filling up the DagBag from /opt/airflow/dags/jobs_dag.py
[2022-09-02 23:07:43,307] {logging_mixin.py:115} WARNING - /home/airflow/.local/lib/python3.7/site-packages/airflow/models/baseoperator.py:390 DeprecationWarning: provide_context is deprecated as of 2.0 and is no longer required
[2022-09-02 23:07:43,320] {processor.py:651} INFO - DAG(s) dict_keys(['dynamically_branching1', 'dynamically_branching2', 'dynamically_branching3']) retrieved from /opt/airflow/dags/jobs_dag.py
[2022-09-02 23:07:43,367] {logging_mixin.py:115} INFO - [2022-09-02 23:07:43,367] {dag.py:2420} INFO - Sync 3 DAGs
[2022-09-02 23:07:43,401] {logging_mixin.py:115} INFO - [2022-09-02 23:07:43,401] {dag.py:2972} INFO - Setting next_dagrun for dynamically_branching1 to None, run_after=None
[2022-09-02 23:07:43,402] {logging_mixin.py:115} INFO - [2022-09-02 23:07:43,402] {dag.py:2972} INFO - Setting next_dagrun for dynamically_branching2 to 2018-11-11T00:00:00+00:00, run_after=2018-11-11T00:00:00+00:00
[2022-09-02 23:07:43,403] {logging_mixin.py:115} INFO - [2022-09-02 23:07:43,403] {dag.py:2972} INFO - Setting next_dagrun for dynamically_branching3 to 2018-01-11T00:00:00+00:00, run_after=2018-01-11T00:00:00+00:00
[2022-09-02 23:07:43,423] {processor.py:161} INFO - Processing /opt/airflow/dags/jobs_dag.py took 0.145 seconds
[2022-09-02 23:08:26,604] {processor.py:153} INFO - Started process (PID=2521) to work on /opt/airflow/dags/jobs_dag.py
[2022-09-02 23:08:26,605] {processor.py:641} INFO - Processing file /opt/airflow/dags/jobs_dag.py for tasks to queue
[2022-09-02 23:08:26,607] {logging_mixin.py:115} INFO - [2022-09-02 23:08:26,607] {dagbag.py:508} INFO - Filling up the DagBag from /opt/airflow/dags/jobs_dag.py
[2022-09-02 23:08:26,628] {logging_mixin.py:115} WARNING - /home/airflow/.local/lib/python3.7/site-packages/airflow/models/baseoperator.py:390 DeprecationWarning: provide_context is deprecated as of 2.0 and is no longer required
[2022-09-02 23:08:26,638] {processor.py:651} INFO - DAG(s) dict_keys(['dynamically_branching1', 'dynamically_branching2', 'dynamically_branching3']) retrieved from /opt/airflow/dags/jobs_dag.py
[2022-09-02 23:08:26,686] {logging_mixin.py:115} INFO - [2022-09-02 23:08:26,685] {dag.py:2420} INFO - Sync 3 DAGs
[2022-09-02 23:08:26,723] {logging_mixin.py:115} INFO - [2022-09-02 23:08:26,723] {dag.py:2972} INFO - Setting next_dagrun for dynamically_branching1 to None, run_after=None
[2022-09-02 23:08:26,725] {logging_mixin.py:115} INFO - [2022-09-02 23:08:26,725] {dag.py:2972} INFO - Setting next_dagrun for dynamically_branching2 to 2018-11-11T00:00:00+00:00, run_after=2018-11-11T00:00:00+00:00
[2022-09-02 23:08:26,726] {logging_mixin.py:115} INFO - [2022-09-02 23:08:26,726] {dag.py:2972} INFO - Setting next_dagrun for dynamically_branching3 to 2018-01-11T00:00:00+00:00, run_after=2018-01-11T00:00:00+00:00
[2022-09-02 23:08:26,746] {processor.py:161} INFO - Processing /opt/airflow/dags/jobs_dag.py took 0.151 seconds
[2022-09-02 23:08:57,719] {processor.py:153} INFO - Started process (PID=2577) to work on /opt/airflow/dags/jobs_dag.py
[2022-09-02 23:08:57,721] {processor.py:641} INFO - Processing file /opt/airflow/dags/jobs_dag.py for tasks to queue
[2022-09-02 23:08:57,722] {logging_mixin.py:115} INFO - [2022-09-02 23:08:57,722] {dagbag.py:508} INFO - Filling up the DagBag from /opt/airflow/dags/jobs_dag.py
[2022-09-02 23:08:57,741] {logging_mixin.py:115} WARNING - /home/airflow/.local/lib/python3.7/site-packages/airflow/models/baseoperator.py:390 DeprecationWarning: provide_context is deprecated as of 2.0 and is no longer required
[2022-09-02 23:08:57,748] {processor.py:651} INFO - DAG(s) dict_keys(['dynamically_branching1', 'dynamically_branching2', 'dynamically_branching3']) retrieved from /opt/airflow/dags/jobs_dag.py
[2022-09-02 23:08:57,789] {logging_mixin.py:115} INFO - [2022-09-02 23:08:57,789] {dag.py:2420} INFO - Sync 3 DAGs
[2022-09-02 23:08:57,819] {logging_mixin.py:115} INFO - [2022-09-02 23:08:57,819] {dag.py:2972} INFO - Setting next_dagrun for dynamically_branching1 to None, run_after=None
[2022-09-02 23:08:57,821] {logging_mixin.py:115} INFO - [2022-09-02 23:08:57,820] {dag.py:2972} INFO - Setting next_dagrun for dynamically_branching2 to 2018-11-11T00:00:00+00:00, run_after=2018-11-11T00:00:00+00:00
[2022-09-02 23:08:57,822] {logging_mixin.py:115} INFO - [2022-09-02 23:08:57,822] {dag.py:2972} INFO - Setting next_dagrun for dynamically_branching3 to 2018-01-11T00:00:00+00:00, run_after=2018-01-11T00:00:00+00:00
[2022-09-02 23:08:57,836] {processor.py:161} INFO - Processing /opt/airflow/dags/jobs_dag.py took 0.123 seconds
[2022-09-02 23:09:28,091] {processor.py:153} INFO - Started process (PID=2644) to work on /opt/airflow/dags/jobs_dag.py
[2022-09-02 23:09:28,093] {processor.py:641} INFO - Processing file /opt/airflow/dags/jobs_dag.py for tasks to queue
[2022-09-02 23:09:28,094] {logging_mixin.py:115} INFO - [2022-09-02 23:09:28,094] {dagbag.py:508} INFO - Filling up the DagBag from /opt/airflow/dags/jobs_dag.py
[2022-09-02 23:09:28,115] {logging_mixin.py:115} WARNING - /home/airflow/.local/lib/python3.7/site-packages/airflow/models/baseoperator.py:390 DeprecationWarning: provide_context is deprecated as of 2.0 and is no longer required
[2022-09-02 23:09:28,122] {processor.py:651} INFO - DAG(s) dict_keys(['dynamically_branching1', 'dynamically_branching2', 'dynamically_branching3']) retrieved from /opt/airflow/dags/jobs_dag.py
[2022-09-02 23:09:28,162] {logging_mixin.py:115} INFO - [2022-09-02 23:09:28,162] {dag.py:2420} INFO - Sync 3 DAGs
[2022-09-02 23:09:28,190] {logging_mixin.py:115} INFO - [2022-09-02 23:09:28,190] {dag.py:2972} INFO - Setting next_dagrun for dynamically_branching1 to None, run_after=None
[2022-09-02 23:09:28,191] {logging_mixin.py:115} INFO - [2022-09-02 23:09:28,191] {dag.py:2972} INFO - Setting next_dagrun for dynamically_branching2 to 2018-11-11T00:00:00+00:00, run_after=2018-11-11T00:00:00+00:00
[2022-09-02 23:09:28,192] {logging_mixin.py:115} INFO - [2022-09-02 23:09:28,192] {dag.py:2972} INFO - Setting next_dagrun for dynamically_branching3 to 2018-01-11T00:00:00+00:00, run_after=2018-01-11T00:00:00+00:00
[2022-09-02 23:09:28,208] {processor.py:161} INFO - Processing /opt/airflow/dags/jobs_dag.py took 0.122 seconds
[2022-09-02 23:10:04,667] {processor.py:153} INFO - Started process (PID=2701) to work on /opt/airflow/dags/jobs_dag.py
[2022-09-02 23:10:04,668] {processor.py:641} INFO - Processing file /opt/airflow/dags/jobs_dag.py for tasks to queue
[2022-09-02 23:10:04,670] {logging_mixin.py:115} INFO - [2022-09-02 23:10:04,670] {dagbag.py:508} INFO - Filling up the DagBag from /opt/airflow/dags/jobs_dag.py
[2022-09-02 23:10:04,690] {logging_mixin.py:115} WARNING - /home/airflow/.local/lib/python3.7/site-packages/airflow/models/baseoperator.py:390 DeprecationWarning: provide_context is deprecated as of 2.0 and is no longer required
[2022-09-02 23:10:04,696] {processor.py:651} INFO - DAG(s) dict_keys(['dynamically_branching1', 'dynamically_branching2', 'dynamically_branching3']) retrieved from /opt/airflow/dags/jobs_dag.py
[2022-09-02 23:10:04,738] {logging_mixin.py:115} INFO - [2022-09-02 23:10:04,738] {dag.py:2420} INFO - Sync 3 DAGs
[2022-09-02 23:10:04,768] {logging_mixin.py:115} INFO - [2022-09-02 23:10:04,768] {dag.py:2972} INFO - Setting next_dagrun for dynamically_branching1 to None, run_after=None
[2022-09-02 23:10:04,770] {logging_mixin.py:115} INFO - [2022-09-02 23:10:04,769] {dag.py:2972} INFO - Setting next_dagrun for dynamically_branching2 to 2018-11-11T00:00:00+00:00, run_after=2018-11-11T00:00:00+00:00
[2022-09-02 23:10:04,771] {logging_mixin.py:115} INFO - [2022-09-02 23:10:04,771] {dag.py:2972} INFO - Setting next_dagrun for dynamically_branching3 to 2018-01-11T00:00:00+00:00, run_after=2018-01-11T00:00:00+00:00
[2022-09-02 23:10:04,787] {processor.py:161} INFO - Processing /opt/airflow/dags/jobs_dag.py took 0.125 seconds
[2022-09-02 23:10:35,040] {processor.py:153} INFO - Started process (PID=2766) to work on /opt/airflow/dags/jobs_dag.py
[2022-09-02 23:10:35,042] {processor.py:641} INFO - Processing file /opt/airflow/dags/jobs_dag.py for tasks to queue
[2022-09-02 23:10:35,043] {logging_mixin.py:115} INFO - [2022-09-02 23:10:35,043] {dagbag.py:508} INFO - Filling up the DagBag from /opt/airflow/dags/jobs_dag.py
[2022-09-02 23:10:35,068] {logging_mixin.py:115} WARNING - /home/airflow/.local/lib/python3.7/site-packages/airflow/models/baseoperator.py:390 DeprecationWarning: provide_context is deprecated as of 2.0 and is no longer required
[2022-09-02 23:10:35,077] {processor.py:651} INFO - DAG(s) dict_keys(['dynamically_branching1', 'dynamically_branching2', 'dynamically_branching3']) retrieved from /opt/airflow/dags/jobs_dag.py
[2022-09-02 23:10:35,119] {logging_mixin.py:115} INFO - [2022-09-02 23:10:35,119] {dag.py:2420} INFO - Sync 3 DAGs
[2022-09-02 23:10:35,149] {logging_mixin.py:115} INFO - [2022-09-02 23:10:35,149] {dag.py:2972} INFO - Setting next_dagrun for dynamically_branching1 to None, run_after=None
[2022-09-02 23:10:35,150] {logging_mixin.py:115} INFO - [2022-09-02 23:10:35,150] {dag.py:2972} INFO - Setting next_dagrun for dynamically_branching2 to 2018-11-11T00:00:00+00:00, run_after=2018-11-11T00:00:00+00:00
[2022-09-02 23:10:35,151] {logging_mixin.py:115} INFO - [2022-09-02 23:10:35,151] {dag.py:2972} INFO - Setting next_dagrun for dynamically_branching3 to 2018-01-11T00:00:00+00:00, run_after=2018-01-11T00:00:00+00:00
[2022-09-02 23:10:35,165] {processor.py:161} INFO - Processing /opt/airflow/dags/jobs_dag.py took 0.133 seconds
[2022-09-02 23:11:05,222] {processor.py:153} INFO - Started process (PID=2831) to work on /opt/airflow/dags/jobs_dag.py
[2022-09-02 23:11:05,225] {processor.py:641} INFO - Processing file /opt/airflow/dags/jobs_dag.py for tasks to queue
[2022-09-02 23:11:05,227] {logging_mixin.py:115} INFO - [2022-09-02 23:11:05,227] {dagbag.py:508} INFO - Filling up the DagBag from /opt/airflow/dags/jobs_dag.py
[2022-09-02 23:11:05,251] {logging_mixin.py:115} WARNING - /home/airflow/.local/lib/python3.7/site-packages/airflow/models/baseoperator.py:390 DeprecationWarning: provide_context is deprecated as of 2.0 and is no longer required
[2022-09-02 23:11:05,260] {processor.py:651} INFO - DAG(s) dict_keys(['dynamically_branching1', 'dynamically_branching2', 'dynamically_branching3']) retrieved from /opt/airflow/dags/jobs_dag.py
[2022-09-02 23:11:05,310] {logging_mixin.py:115} INFO - [2022-09-02 23:11:05,309] {dag.py:2420} INFO - Sync 3 DAGs
[2022-09-02 23:11:05,345] {logging_mixin.py:115} INFO - [2022-09-02 23:11:05,345] {dag.py:2972} INFO - Setting next_dagrun for dynamically_branching1 to None, run_after=None
[2022-09-02 23:11:05,346] {logging_mixin.py:115} INFO - [2022-09-02 23:11:05,345] {dag.py:2972} INFO - Setting next_dagrun for dynamically_branching2 to 2018-11-11T00:00:00+00:00, run_after=2018-11-11T00:00:00+00:00
[2022-09-02 23:11:05,346] {logging_mixin.py:115} INFO - [2022-09-02 23:11:05,346] {dag.py:2972} INFO - Setting next_dagrun for dynamically_branching3 to 2018-01-11T00:00:00+00:00, run_after=2018-01-11T00:00:00+00:00
[2022-09-02 23:11:05,367] {processor.py:161} INFO - Processing /opt/airflow/dags/jobs_dag.py took 0.152 seconds
[2022-09-02 23:11:35,517] {processor.py:153} INFO - Started process (PID=2887) to work on /opt/airflow/dags/jobs_dag.py
[2022-09-02 23:11:35,519] {processor.py:641} INFO - Processing file /opt/airflow/dags/jobs_dag.py for tasks to queue
[2022-09-02 23:11:35,520] {logging_mixin.py:115} INFO - [2022-09-02 23:11:35,520] {dagbag.py:508} INFO - Filling up the DagBag from /opt/airflow/dags/jobs_dag.py
[2022-09-02 23:11:35,542] {logging_mixin.py:115} WARNING - /home/airflow/.local/lib/python3.7/site-packages/airflow/models/baseoperator.py:390 DeprecationWarning: provide_context is deprecated as of 2.0 and is no longer required
[2022-09-02 23:11:35,548] {processor.py:651} INFO - DAG(s) dict_keys(['dynamically_branching1', 'dynamically_branching2', 'dynamically_branching3']) retrieved from /opt/airflow/dags/jobs_dag.py
[2022-09-02 23:11:35,591] {logging_mixin.py:115} INFO - [2022-09-02 23:11:35,591] {dag.py:2420} INFO - Sync 3 DAGs
[2022-09-02 23:11:35,620] {logging_mixin.py:115} INFO - [2022-09-02 23:11:35,620] {dag.py:2972} INFO - Setting next_dagrun for dynamically_branching1 to None, run_after=None
[2022-09-02 23:11:35,621] {logging_mixin.py:115} INFO - [2022-09-02 23:11:35,621] {dag.py:2972} INFO - Setting next_dagrun for dynamically_branching2 to 2018-11-11T00:00:00+00:00, run_after=2018-11-11T00:00:00+00:00
[2022-09-02 23:11:35,622] {logging_mixin.py:115} INFO - [2022-09-02 23:11:35,622] {dag.py:2972} INFO - Setting next_dagrun for dynamically_branching3 to 2018-01-11T00:00:00+00:00, run_after=2018-01-11T00:00:00+00:00
[2022-09-02 23:11:35,639] {processor.py:161} INFO - Processing /opt/airflow/dags/jobs_dag.py took 0.126 seconds
[2022-09-02 23:12:05,709] {processor.py:153} INFO - Started process (PID=2953) to work on /opt/airflow/dags/jobs_dag.py
[2022-09-02 23:12:05,710] {processor.py:641} INFO - Processing file /opt/airflow/dags/jobs_dag.py for tasks to queue
[2022-09-02 23:12:05,711] {logging_mixin.py:115} INFO - [2022-09-02 23:12:05,711] {dagbag.py:508} INFO - Filling up the DagBag from /opt/airflow/dags/jobs_dag.py
[2022-09-02 23:12:05,732] {logging_mixin.py:115} WARNING - /home/airflow/.local/lib/python3.7/site-packages/airflow/models/baseoperator.py:390 DeprecationWarning: provide_context is deprecated as of 2.0 and is no longer required
[2022-09-02 23:12:05,739] {processor.py:651} INFO - DAG(s) dict_keys(['dynamically_branching1', 'dynamically_branching2', 'dynamically_branching3']) retrieved from /opt/airflow/dags/jobs_dag.py
[2022-09-02 23:12:05,783] {logging_mixin.py:115} INFO - [2022-09-02 23:12:05,783] {dag.py:2420} INFO - Sync 3 DAGs
[2022-09-02 23:12:05,818] {logging_mixin.py:115} INFO - [2022-09-02 23:12:05,818] {dag.py:2972} INFO - Setting next_dagrun for dynamically_branching1 to None, run_after=None
[2022-09-02 23:12:05,820] {logging_mixin.py:115} INFO - [2022-09-02 23:12:05,820] {dag.py:2972} INFO - Setting next_dagrun for dynamically_branching2 to 2018-11-11T00:00:00+00:00, run_after=2018-11-11T00:00:00+00:00
[2022-09-02 23:12:05,821] {logging_mixin.py:115} INFO - [2022-09-02 23:12:05,821] {dag.py:2972} INFO - Setting next_dagrun for dynamically_branching3 to 2018-01-11T00:00:00+00:00, run_after=2018-01-11T00:00:00+00:00
[2022-09-02 23:12:05,840] {processor.py:161} INFO - Processing /opt/airflow/dags/jobs_dag.py took 0.136 seconds
[2022-09-02 23:42:31,499] {processor.py:153} INFO - Started process (PID=3009) to work on /opt/airflow/dags/jobs_dag.py
[2022-09-02 23:42:31,514] {processor.py:641} INFO - Processing file /opt/airflow/dags/jobs_dag.py for tasks to queue
[2022-09-02 23:42:31,520] {logging_mixin.py:115} INFO - [2022-09-02 23:42:31,519] {dagbag.py:508} INFO - Filling up the DagBag from /opt/airflow/dags/jobs_dag.py
[2022-09-02 23:42:31,842] {logging_mixin.py:115} WARNING - /home/airflow/.local/lib/python3.7/site-packages/airflow/models/baseoperator.py:390 DeprecationWarning: provide_context is deprecated as of 2.0 and is no longer required
[2022-09-02 23:42:31,939] {processor.py:651} INFO - DAG(s) dict_keys(['dynamically_branching1', 'dynamically_branching2', 'dynamically_branching3']) retrieved from /opt/airflow/dags/jobs_dag.py
[2022-09-02 23:42:32,349] {logging_mixin.py:115} INFO - [2022-09-02 23:42:32,348] {dag.py:2420} INFO - Sync 3 DAGs
[2022-09-02 23:42:32,725] {logging_mixin.py:115} INFO - [2022-09-02 23:42:32,725] {dag.py:2972} INFO - Setting next_dagrun for dynamically_branching1 to None, run_after=None
[2022-09-02 23:42:32,730] {logging_mixin.py:115} INFO - [2022-09-02 23:42:32,729] {dag.py:2972} INFO - Setting next_dagrun for dynamically_branching2 to 2018-11-11T00:00:00+00:00, run_after=2018-11-11T00:00:00+00:00
[2022-09-02 23:42:32,734] {logging_mixin.py:115} INFO - [2022-09-02 23:42:32,734] {dag.py:2972} INFO - Setting next_dagrun for dynamically_branching3 to 2018-01-11T00:00:00+00:00, run_after=2018-01-11T00:00:00+00:00
[2022-09-02 23:42:32,867] {processor.py:161} INFO - Processing /opt/airflow/dags/jobs_dag.py took 1.435 seconds
[2022-09-02 23:43:09,785] {processor.py:153} INFO - Started process (PID=3066) to work on /opt/airflow/dags/jobs_dag.py
[2022-09-02 23:43:09,791] {processor.py:641} INFO - Processing file /opt/airflow/dags/jobs_dag.py for tasks to queue
[2022-09-02 23:43:09,793] {logging_mixin.py:115} INFO - [2022-09-02 23:43:09,793] {dagbag.py:508} INFO - Filling up the DagBag from /opt/airflow/dags/jobs_dag.py
[2022-09-02 23:43:09,868] {logging_mixin.py:115} WARNING - /home/airflow/.local/lib/python3.7/site-packages/airflow/models/baseoperator.py:390 DeprecationWarning: provide_context is deprecated as of 2.0 and is no longer required
[2022-09-02 23:43:09,888] {processor.py:651} INFO - DAG(s) dict_keys(['dynamically_branching1', 'dynamically_branching2', 'dynamically_branching3']) retrieved from /opt/airflow/dags/jobs_dag.py
[2022-09-02 23:43:10,113] {logging_mixin.py:115} INFO - [2022-09-02 23:43:10,113] {dag.py:2420} INFO - Sync 3 DAGs
[2022-09-02 23:43:10,242] {logging_mixin.py:115} INFO - [2022-09-02 23:43:10,242] {dag.py:2972} INFO - Setting next_dagrun for dynamically_branching1 to None, run_after=None
[2022-09-02 23:43:10,248] {logging_mixin.py:115} INFO - [2022-09-02 23:43:10,247] {dag.py:2972} INFO - Setting next_dagrun for dynamically_branching2 to 2018-11-11T00:00:00+00:00, run_after=2018-11-11T00:00:00+00:00
[2022-09-02 23:43:10,250] {logging_mixin.py:115} INFO - [2022-09-02 23:43:10,250] {dag.py:2972} INFO - Setting next_dagrun for dynamically_branching3 to 2018-01-11T00:00:00+00:00, run_after=2018-01-11T00:00:00+00:00
[2022-09-02 23:43:10,285] {processor.py:161} INFO - Processing /opt/airflow/dags/jobs_dag.py took 0.511 seconds
[2022-09-02 23:55:57,464] {processor.py:153} INFO - Started process (PID=3098) to work on /opt/airflow/dags/jobs_dag.py
[2022-09-02 23:55:57,465] {processor.py:641} INFO - Processing file /opt/airflow/dags/jobs_dag.py for tasks to queue
[2022-09-02 23:55:57,466] {logging_mixin.py:115} INFO - [2022-09-02 23:55:57,466] {dagbag.py:508} INFO - Filling up the DagBag from /opt/airflow/dags/jobs_dag.py
[2022-09-02 23:55:57,488] {logging_mixin.py:115} WARNING - /home/airflow/.local/lib/python3.7/site-packages/airflow/models/baseoperator.py:390 DeprecationWarning: provide_context is deprecated as of 2.0 and is no longer required
[2022-09-02 23:55:57,494] {processor.py:651} INFO - DAG(s) dict_keys(['dynamically_branching1', 'dynamically_branching2', 'dynamically_branching3']) retrieved from /opt/airflow/dags/jobs_dag.py
[2022-09-02 23:55:57,541] {logging_mixin.py:115} INFO - [2022-09-02 23:55:57,540] {dag.py:2420} INFO - Sync 3 DAGs
[2022-09-02 23:55:57,570] {logging_mixin.py:115} INFO - [2022-09-02 23:55:57,569] {dag.py:2972} INFO - Setting next_dagrun for dynamically_branching1 to None, run_after=None
[2022-09-02 23:55:57,571] {logging_mixin.py:115} INFO - [2022-09-02 23:55:57,571] {dag.py:2972} INFO - Setting next_dagrun for dynamically_branching2 to 2018-11-11T00:00:00+00:00, run_after=2018-11-11T00:00:00+00:00
[2022-09-02 23:55:57,572] {logging_mixin.py:115} INFO - [2022-09-02 23:55:57,572] {dag.py:2972} INFO - Setting next_dagrun for dynamically_branching3 to 2018-01-11T00:00:00+00:00, run_after=2018-01-11T00:00:00+00:00
[2022-09-02 23:55:57,585] {processor.py:161} INFO - Processing /opt/airflow/dags/jobs_dag.py took 0.128 seconds
[2022-09-02 23:56:28,314] {processor.py:153} INFO - Started process (PID=3162) to work on /opt/airflow/dags/jobs_dag.py
[2022-09-02 23:56:28,315] {processor.py:641} INFO - Processing file /opt/airflow/dags/jobs_dag.py for tasks to queue
[2022-09-02 23:56:28,316] {logging_mixin.py:115} INFO - [2022-09-02 23:56:28,316] {dagbag.py:508} INFO - Filling up the DagBag from /opt/airflow/dags/jobs_dag.py
[2022-09-02 23:56:28,336] {logging_mixin.py:115} WARNING - /home/airflow/.local/lib/python3.7/site-packages/airflow/models/baseoperator.py:390 DeprecationWarning: provide_context is deprecated as of 2.0 and is no longer required
[2022-09-02 23:56:28,342] {processor.py:651} INFO - DAG(s) dict_keys(['dynamically_branching1', 'dynamically_branching2', 'dynamically_branching3']) retrieved from /opt/airflow/dags/jobs_dag.py
[2022-09-02 23:56:28,381] {logging_mixin.py:115} INFO - [2022-09-02 23:56:28,381] {dag.py:2420} INFO - Sync 3 DAGs
[2022-09-02 23:56:28,409] {logging_mixin.py:115} INFO - [2022-09-02 23:56:28,409] {dag.py:2972} INFO - Setting next_dagrun for dynamically_branching1 to None, run_after=None
[2022-09-02 23:56:28,411] {logging_mixin.py:115} INFO - [2022-09-02 23:56:28,410] {dag.py:2972} INFO - Setting next_dagrun for dynamically_branching2 to 2018-11-11T00:00:00+00:00, run_after=2018-11-11T00:00:00+00:00
[2022-09-02 23:56:28,411] {logging_mixin.py:115} INFO - [2022-09-02 23:56:28,411] {dag.py:2972} INFO - Setting next_dagrun for dynamically_branching3 to 2018-01-11T00:00:00+00:00, run_after=2018-01-11T00:00:00+00:00
[2022-09-02 23:56:28,427] {processor.py:161} INFO - Processing /opt/airflow/dags/jobs_dag.py took 0.117 seconds
