[2022-08-24 19:13:02,904] {taskinstance.py:1179} INFO - Dependencies all met for <TaskInstance: dynamically_branching1.check_table_exist scheduled__2021-01-23T00:00:00+00:00 [queued]>
[2022-08-24 19:13:02,935] {taskinstance.py:1179} INFO - Dependencies all met for <TaskInstance: dynamically_branching1.check_table_exist scheduled__2021-01-23T00:00:00+00:00 [queued]>
[2022-08-24 19:13:02,946] {taskinstance.py:1376} INFO - 
--------------------------------------------------------------------------------
[2022-08-24 19:13:02,947] {taskinstance.py:1377} INFO - Starting attempt 1 of 1
[2022-08-24 19:13:02,948] {taskinstance.py:1378} INFO - 
--------------------------------------------------------------------------------
[2022-08-24 19:13:02,982] {taskinstance.py:1397} INFO - Executing <Task(BranchPythonOperator): check_table_exist> on 2021-01-23 00:00:00+00:00
[2022-08-24 19:13:03,001] {standard_task_runner.py:52} INFO - Started process 8099 to run task
[2022-08-24 19:13:03,044] {standard_task_runner.py:79} INFO - Running: ['***', 'tasks', 'run', 'dynamically_branching1', 'check_table_exist', 'scheduled__2021-01-23T00:00:00+00:00', '--job-id', '2102', '--raw', '--subdir', 'DAGS_FOLDER/jobs_dag.py', '--cfg-path', '/tmp/tmp8w6l9qf9', '--error-file', '/tmp/tmpa1l27ugf']
[2022-08-24 19:13:03,047] {standard_task_runner.py:80} INFO - Job 2102: Subtask check_table_exist
[2022-08-24 19:13:03,234] {task_command.py:371} INFO - Running <TaskInstance: dynamically_branching1.check_table_exist scheduled__2021-01-23T00:00:00+00:00 [running]> on host 9d5d2a77e6ba
[2022-08-24 19:13:03,442] {taskinstance.py:1591} INFO - Exporting the following env vars:
AIRFLOW_CTX_DAG_OWNER=***
AIRFLOW_CTX_DAG_ID=dynamically_branching1
AIRFLOW_CTX_TASK_ID=check_table_exist
AIRFLOW_CTX_EXECUTION_DATE=2021-01-23T00:00:00+00:00
AIRFLOW_CTX_TRY_NUMBER=1
AIRFLOW_CTX_DAG_RUN_ID=scheduled__2021-01-23T00:00:00+00:00
[2022-08-24 19:13:03,446] {python.py:173} INFO - Done. Returned value was: insert_row
[2022-08-24 19:13:03,447] {skipmixin.py:140} INFO - Following branch insert_row
[2022-08-24 19:13:03,448] {skipmixin.py:175} INFO - Skipping tasks ['create_table']
[2022-08-24 19:13:03,598] {taskinstance.py:1420} INFO - Marking task as SUCCESS. dag_id=dynamically_branching1, task_id=check_table_exist, execution_date=20210123T000000, start_date=20220824T191302, end_date=20220824T191303
[2022-08-24 19:13:03,672] {local_task_job.py:156} INFO - Task exited with return code 0
[2022-08-24 19:13:03,798] {local_task_job.py:273} INFO - 0 downstream tasks scheduled from follow-on schedule check
