[2022-09-07 22:21:27,719] {taskinstance.py:1179} INFO - Dependencies all met for <TaskInstance: tables_name_1.bash_task manual__2022-09-07T22:21:25.879926+00:00 [queued]>
[2022-09-07 22:21:27,735] {taskinstance.py:1179} INFO - Dependencies all met for <TaskInstance: tables_name_1.bash_task manual__2022-09-07T22:21:25.879926+00:00 [queued]>
[2022-09-07 22:21:27,737] {taskinstance.py:1376} INFO - 
--------------------------------------------------------------------------------
[2022-09-07 22:21:27,737] {taskinstance.py:1377} INFO - Starting attempt 1 of 1
[2022-09-07 22:21:27,738] {taskinstance.py:1378} INFO - 
--------------------------------------------------------------------------------
[2022-09-07 22:21:27,761] {taskinstance.py:1397} INFO - Executing <Task(BashOperator): bash_task> on 2022-09-07 22:21:25.879926+00:00
[2022-09-07 22:21:27,770] {standard_task_runner.py:52} INFO - Started process 79 to run task
[2022-09-07 22:21:27,774] {standard_task_runner.py:79} INFO - Running: ['***', 'tasks', 'run', 'tables_name_1', 'bash_task', 'manual__2022-09-07T22:21:25.879926+00:00', '--job-id', '3988', '--raw', '--subdir', 'DAGS_FOLDER/jobs_dag.py', '--cfg-path', '/tmp/tmpkp596x4v', '--error-file', '/tmp/tmpg771mmia']
[2022-09-07 22:21:27,776] {standard_task_runner.py:80} INFO - Job 3988: Subtask bash_task
[2022-09-07 22:21:27,883] {task_command.py:371} INFO - Running <TaskInstance: tables_name_1.bash_task manual__2022-09-07T22:21:25.879926+00:00 [running]> on host 35a93b984aea
[2022-09-07 22:21:27,985] {taskinstance.py:1591} INFO - Exporting the following env vars:
AIRFLOW_CTX_DAG_OWNER=***
AIRFLOW_CTX_DAG_ID=tables_name_1
AIRFLOW_CTX_TASK_ID=bash_task
AIRFLOW_CTX_EXECUTION_DATE=2022-09-07T22:21:25.879926+00:00
AIRFLOW_CTX_TRY_NUMBER=1
AIRFLOW_CTX_DAG_RUN_ID=manual__2022-09-07T22:21:25.879926+00:00
[2022-09-07 22:21:27,988] {subprocess.py:62} INFO - Tmp dir root location: 
 /tmp
[2022-09-07 22:21:27,991] {subprocess.py:74} INFO - Running command: ['bash', '-c', 'whoami']
[2022-09-07 22:21:28,006] {subprocess.py:85} INFO - Output:
[2022-09-07 22:21:28,011] {subprocess.py:92} INFO - default
[2022-09-07 22:21:28,012] {subprocess.py:96} INFO - Command exited with return code 0
[2022-09-07 22:21:28,057] {taskinstance.py:1420} INFO - Marking task as SUCCESS. dag_id=tables_name_1, task_id=bash_task, execution_date=20220907T222125, start_date=20220907T222127, end_date=20220907T222128
[2022-09-07 22:21:28,110] {local_task_job.py:156} INFO - Task exited with return code 0
[2022-09-07 22:21:28,175] {local_task_job.py:273} INFO - 1 downstream tasks scheduled from follow-on schedule check
