[2022-09-06 16:26:52,353] {taskinstance.py:1179} INFO - Dependencies all met for <TaskInstance: tables_name_1.bash_task manual__2022-09-06T16:26:50.540360+00:00 [queued]>
[2022-09-06 16:26:52,365] {taskinstance.py:1179} INFO - Dependencies all met for <TaskInstance: tables_name_1.bash_task manual__2022-09-06T16:26:50.540360+00:00 [queued]>
[2022-09-06 16:26:52,366] {taskinstance.py:1376} INFO - 
--------------------------------------------------------------------------------
[2022-09-06 16:26:52,367] {taskinstance.py:1377} INFO - Starting attempt 1 of 1
[2022-09-06 16:26:52,368] {taskinstance.py:1378} INFO - 
--------------------------------------------------------------------------------
[2022-09-06 16:26:52,388] {taskinstance.py:1397} INFO - Executing <Task(BashOperator): bash_task> on 2022-09-06 16:26:50.540360+00:00
[2022-09-06 16:26:52,397] {standard_task_runner.py:52} INFO - Started process 6786 to run task
[2022-09-06 16:26:52,402] {standard_task_runner.py:79} INFO - Running: ['***', 'tasks', 'run', 'tables_name_1', 'bash_task', 'manual__2022-09-06T16:26:50.540360+00:00', '--job-id', '3849', '--raw', '--subdir', 'DAGS_FOLDER/jobs_dag.py', '--cfg-path', '/tmp/tmpuk27h3z4', '--error-file', '/tmp/tmpzw5pifms']
[2022-09-06 16:26:52,403] {standard_task_runner.py:80} INFO - Job 3849: Subtask bash_task
[2022-09-06 16:26:52,486] {task_command.py:371} INFO - Running <TaskInstance: tables_name_1.bash_task manual__2022-09-06T16:26:50.540360+00:00 [running]> on host eba23da77ca5
[2022-09-06 16:26:52,577] {taskinstance.py:1591} INFO - Exporting the following env vars:
AIRFLOW_CTX_DAG_OWNER=***
AIRFLOW_CTX_DAG_ID=tables_name_1
AIRFLOW_CTX_TASK_ID=bash_task
AIRFLOW_CTX_EXECUTION_DATE=2022-09-06T16:26:50.540360+00:00
AIRFLOW_CTX_TRY_NUMBER=1
AIRFLOW_CTX_DAG_RUN_ID=manual__2022-09-06T16:26:50.540360+00:00
[2022-09-06 16:26:52,579] {subprocess.py:62} INFO - Tmp dir root location: 
 /tmp
[2022-09-06 16:26:52,580] {subprocess.py:74} INFO - Running command: ['bash', '-c', 'whoami']
[2022-09-06 16:26:52,595] {subprocess.py:85} INFO - Output:
[2022-09-06 16:26:52,599] {subprocess.py:92} INFO - default
[2022-09-06 16:26:52,600] {subprocess.py:96} INFO - Command exited with return code 0
[2022-09-06 16:26:52,638] {taskinstance.py:1420} INFO - Marking task as SUCCESS. dag_id=tables_name_1, task_id=bash_task, execution_date=20220906T162650, start_date=20220906T162652, end_date=20220906T162652
[2022-09-06 16:26:52,696] {local_task_job.py:156} INFO - Task exited with return code 0
[2022-09-06 16:26:52,752] {local_task_job.py:273} INFO - 1 downstream tasks scheduled from follow-on schedule check
