[2022-08-24 19:23:06,628] {taskinstance.py:1179} INFO - Dependencies all met for <TaskInstance: dynamically_branching1.check_table_exist scheduled__2022-06-26T00:00:00+00:00 [queued]>
[2022-08-24 19:23:06,642] {taskinstance.py:1179} INFO - Dependencies all met for <TaskInstance: dynamically_branching1.check_table_exist scheduled__2022-06-26T00:00:00+00:00 [queued]>
[2022-08-24 19:23:06,643] {taskinstance.py:1376} INFO - 
--------------------------------------------------------------------------------
[2022-08-24 19:23:06,644] {taskinstance.py:1377} INFO - Starting attempt 1 of 1
[2022-08-24 19:23:06,644] {taskinstance.py:1378} INFO - 
--------------------------------------------------------------------------------
[2022-08-24 19:23:06,664] {taskinstance.py:1397} INFO - Executing <Task(BranchPythonOperator): check_table_exist> on 2022-06-26 00:00:00+00:00
[2022-08-24 19:23:06,671] {standard_task_runner.py:52} INFO - Started process 11487 to run task
[2022-08-24 19:23:06,675] {standard_task_runner.py:79} INFO - Running: ['***', 'tasks', 'run', 'dynamically_branching1', 'check_table_exist', 'scheduled__2022-06-26T00:00:00+00:00', '--job-id', '3140', '--raw', '--subdir', 'DAGS_FOLDER/jobs_dag.py', '--cfg-path', '/tmp/tmpqy1p6oa0', '--error-file', '/tmp/tmp8sde5tsr']
[2022-08-24 19:23:06,676] {standard_task_runner.py:80} INFO - Job 3140: Subtask check_table_exist
[2022-08-24 19:23:06,778] {task_command.py:371} INFO - Running <TaskInstance: dynamically_branching1.check_table_exist scheduled__2022-06-26T00:00:00+00:00 [running]> on host 9d5d2a77e6ba
[2022-08-24 19:23:06,882] {taskinstance.py:1591} INFO - Exporting the following env vars:
AIRFLOW_CTX_DAG_OWNER=***
AIRFLOW_CTX_DAG_ID=dynamically_branching1
AIRFLOW_CTX_TASK_ID=check_table_exist
AIRFLOW_CTX_EXECUTION_DATE=2022-06-26T00:00:00+00:00
AIRFLOW_CTX_TRY_NUMBER=1
AIRFLOW_CTX_DAG_RUN_ID=scheduled__2022-06-26T00:00:00+00:00
[2022-08-24 19:23:06,886] {python.py:173} INFO - Done. Returned value was: insert_row
[2022-08-24 19:23:06,887] {skipmixin.py:140} INFO - Following branch insert_row
[2022-08-24 19:23:06,889] {skipmixin.py:175} INFO - Skipping tasks ['create_table']
[2022-08-24 19:23:06,956] {taskinstance.py:1420} INFO - Marking task as SUCCESS. dag_id=dynamically_branching1, task_id=check_table_exist, execution_date=20220626T000000, start_date=20220824T192306, end_date=20220824T192306
[2022-08-24 19:23:07,010] {local_task_job.py:156} INFO - Task exited with return code 0
[2022-08-24 19:23:07,075] {local_task_job.py:273} INFO - 1 downstream tasks scheduled from follow-on schedule check
