[2022-08-24 19:13:31,698] {taskinstance.py:1179} INFO - Dependencies all met for <TaskInstance: dynamically_branching1.bash_task scheduled__2021-02-17T00:00:00+00:00 [queued]>
[2022-08-24 19:13:31,738] {taskinstance.py:1179} INFO - Dependencies all met for <TaskInstance: dynamically_branching1.bash_task scheduled__2021-02-17T00:00:00+00:00 [queued]>
[2022-08-24 19:13:31,745] {taskinstance.py:1376} INFO - 
--------------------------------------------------------------------------------
[2022-08-24 19:13:31,756] {taskinstance.py:1377} INFO - Starting attempt 1 of 1
[2022-08-24 19:13:31,759] {taskinstance.py:1378} INFO - 
--------------------------------------------------------------------------------
[2022-08-24 19:13:31,817] {taskinstance.py:1397} INFO - Executing <Task(BashOperator): bash_task> on 2021-02-17 00:00:00+00:00
[2022-08-24 19:13:31,832] {standard_task_runner.py:52} INFO - Started process 8241 to run task
[2022-08-24 19:13:31,857] {standard_task_runner.py:79} INFO - Running: ['***', 'tasks', 'run', 'dynamically_branching1', 'bash_task', 'scheduled__2021-02-17T00:00:00+00:00', '--job-id', '2146', '--raw', '--subdir', 'DAGS_FOLDER/jobs_dag.py', '--cfg-path', '/tmp/tmpyhxu6k9_', '--error-file', '/tmp/tmp0d0tiyi5']
[2022-08-24 19:13:31,859] {standard_task_runner.py:80} INFO - Job 2146: Subtask bash_task
[2022-08-24 19:13:32,307] {task_command.py:371} INFO - Running <TaskInstance: dynamically_branching1.bash_task scheduled__2021-02-17T00:00:00+00:00 [running]> on host 9d5d2a77e6ba
[2022-08-24 19:13:32,669] {taskinstance.py:1591} INFO - Exporting the following env vars:
AIRFLOW_CTX_DAG_OWNER=***
AIRFLOW_CTX_DAG_ID=dynamically_branching1
AIRFLOW_CTX_TASK_ID=bash_task
AIRFLOW_CTX_EXECUTION_DATE=2021-02-17T00:00:00+00:00
AIRFLOW_CTX_TRY_NUMBER=1
AIRFLOW_CTX_DAG_RUN_ID=scheduled__2021-02-17T00:00:00+00:00
[2022-08-24 19:13:32,674] {subprocess.py:62} INFO - Tmp dir root location: 
 /tmp
[2022-08-24 19:13:32,676] {subprocess.py:74} INFO - Running command: ['bash', '-c', 'echo $(whoami)']
[2022-08-24 19:13:32,786] {subprocess.py:85} INFO - Output:
[2022-08-24 19:13:32,803] {subprocess.py:92} INFO - default
[2022-08-24 19:13:32,807] {subprocess.py:96} INFO - Command exited with return code 0
[2022-08-24 19:13:33,042] {taskinstance.py:1420} INFO - Marking task as SUCCESS. dag_id=dynamically_branching1, task_id=bash_task, execution_date=20210217T000000, start_date=20220824T191331, end_date=20220824T191333
[2022-08-24 19:13:33,165] {local_task_job.py:156} INFO - Task exited with return code 0
[2022-08-24 19:13:33,572] {local_task_job.py:273} INFO - 0 downstream tasks scheduled from follow-on schedule check
