[2022-08-26 19:43:39,869] {taskinstance.py:1179} INFO - Dependencies all met for <TaskInstance: trigger_sensor.trigger_task manual__2022-08-26T19:43:37+00:00 [queued]>
[2022-08-26 19:43:39,884] {taskinstance.py:1179} INFO - Dependencies all met for <TaskInstance: trigger_sensor.trigger_task manual__2022-08-26T19:43:37+00:00 [queued]>
[2022-08-26 19:43:39,885] {taskinstance.py:1376} INFO - 
--------------------------------------------------------------------------------
[2022-08-26 19:43:39,886] {taskinstance.py:1377} INFO - Starting attempt 1 of 1
[2022-08-26 19:43:39,887] {taskinstance.py:1378} INFO - 
--------------------------------------------------------------------------------
[2022-08-26 19:43:39,904] {taskinstance.py:1397} INFO - Executing <Task(TriggerDagRunOperator): trigger_task> on 2022-08-26 19:43:37+00:00
[2022-08-26 19:43:39,911] {standard_task_runner.py:52} INFO - Started process 24028 to run task
[2022-08-26 19:43:39,916] {standard_task_runner.py:79} INFO - Running: ['***', 'tasks', 'run', 'trigger_sensor', 'trigger_task', 'manual__2022-08-26T19:43:37+00:00', '--job-id', '3314', '--raw', '--subdir', 'DAGS_FOLDER/trigger_dag.py', '--cfg-path', '/tmp/tmpq5o71vzn', '--error-file', '/tmp/tmp2h20rfgn']
[2022-08-26 19:43:39,917] {standard_task_runner.py:80} INFO - Job 3314: Subtask trigger_task
[2022-08-26 19:43:40,018] {task_command.py:371} INFO - Running <TaskInstance: trigger_sensor.trigger_task manual__2022-08-26T19:43:37+00:00 [running]> on host 9d5d2a77e6ba
[2022-08-26 19:43:40,230] {taskinstance.py:1591} INFO - Exporting the following env vars:
AIRFLOW_CTX_DAG_OWNER=***
AIRFLOW_CTX_DAG_ID=trigger_sensor
AIRFLOW_CTX_TASK_ID=trigger_task
AIRFLOW_CTX_EXECUTION_DATE=2022-08-26T19:43:37+00:00
AIRFLOW_CTX_TRY_NUMBER=1
AIRFLOW_CTX_DAG_RUN_ID=manual__2022-08-26T19:43:37+00:00
[2022-08-26 19:43:40,398] {taskinstance.py:1420} INFO - Marking task as SUCCESS. dag_id=trigger_sensor, task_id=trigger_task, execution_date=20220826T194337, start_date=20220826T194339, end_date=20220826T194340
[2022-08-26 19:43:40,450] {local_task_job.py:156} INFO - Task exited with return code 0
[2022-08-26 19:43:40,538] {local_task_job.py:273} INFO - 1 downstream tasks scheduled from follow-on schedule check
