[2022-08-24 19:08:16,607] {taskinstance.py:1179} INFO - Dependencies all met for <TaskInstance: dynamically_branching1.check_table_exist scheduled__2020-06-26T00:00:00+00:00 [queued]>
[2022-08-24 19:08:16,673] {taskinstance.py:1179} INFO - Dependencies all met for <TaskInstance: dynamically_branching1.check_table_exist scheduled__2020-06-26T00:00:00+00:00 [queued]>
[2022-08-24 19:08:16,681] {taskinstance.py:1376} INFO - 
--------------------------------------------------------------------------------
[2022-08-24 19:08:16,683] {taskinstance.py:1377} INFO - Starting attempt 1 of 1
[2022-08-24 19:08:16,684] {taskinstance.py:1378} INFO - 
--------------------------------------------------------------------------------
[2022-08-24 19:08:16,856] {taskinstance.py:1397} INFO - Executing <Task(BranchPythonOperator): check_table_exist> on 2020-06-26 00:00:00+00:00
[2022-08-24 19:08:16,938] {standard_task_runner.py:52} INFO - Started process 6713 to run task
[2022-08-24 19:08:16,975] {standard_task_runner.py:79} INFO - Running: ['***', 'tasks', 'run', 'dynamically_branching1', 'check_table_exist', 'scheduled__2020-06-26T00:00:00+00:00', '--job-id', '1684', '--raw', '--subdir', 'DAGS_FOLDER/jobs_dag.py', '--cfg-path', '/tmp/tmpqj57hm18', '--error-file', '/tmp/tmphblgvmo3']
[2022-08-24 19:08:16,978] {standard_task_runner.py:80} INFO - Job 1684: Subtask check_table_exist
[2022-08-24 19:08:18,239] {task_command.py:371} INFO - Running <TaskInstance: dynamically_branching1.check_table_exist scheduled__2020-06-26T00:00:00+00:00 [running]> on host 9d5d2a77e6ba
[2022-08-24 19:08:19,441] {taskinstance.py:1591} INFO - Exporting the following env vars:
AIRFLOW_CTX_DAG_OWNER=***
AIRFLOW_CTX_DAG_ID=dynamically_branching1
AIRFLOW_CTX_TASK_ID=check_table_exist
AIRFLOW_CTX_EXECUTION_DATE=2020-06-26T00:00:00+00:00
AIRFLOW_CTX_TRY_NUMBER=1
AIRFLOW_CTX_DAG_RUN_ID=scheduled__2020-06-26T00:00:00+00:00
[2022-08-24 19:08:19,475] {python.py:173} INFO - Done. Returned value was: insert_row
[2022-08-24 19:08:19,483] {skipmixin.py:140} INFO - Following branch insert_row
[2022-08-24 19:08:19,490] {skipmixin.py:175} INFO - Skipping tasks ['create_table']
[2022-08-24 19:08:20,318] {taskinstance.py:1420} INFO - Marking task as SUCCESS. dag_id=dynamically_branching1, task_id=check_table_exist, execution_date=20200626T000000, start_date=20220824T190816, end_date=20220824T190820
[2022-08-24 19:08:20,510] {local_task_job.py:156} INFO - Task exited with return code 0
[2022-08-24 19:08:21,588] {local_task_job.py:273} INFO - 1 downstream tasks scheduled from follow-on schedule check
