[2022-08-30 18:21:05,136] {taskinstance.py:1179} INFO - Dependencies all met for <TaskInstance: dynamically_branching1.check_table_exist manual__2022-08-26T19:43:40.232335+00:00 [queued]>
[2022-08-30 18:21:05,293] {taskinstance.py:1179} INFO - Dependencies all met for <TaskInstance: dynamically_branching1.check_table_exist manual__2022-08-26T19:43:40.232335+00:00 [queued]>
[2022-08-30 18:21:05,307] {taskinstance.py:1376} INFO - 
--------------------------------------------------------------------------------
[2022-08-30 18:21:05,308] {taskinstance.py:1377} INFO - Starting attempt 1 of 1
[2022-08-30 18:21:05,310] {taskinstance.py:1378} INFO - 
--------------------------------------------------------------------------------
[2022-08-30 18:21:05,564] {taskinstance.py:1397} INFO - Executing <Task(BranchPythonOperator): check_table_exist> on 2022-08-26 19:43:40.232335+00:00
[2022-08-30 18:21:05,618] {standard_task_runner.py:52} INFO - Started process 75730 to run task
[2022-08-30 18:21:05,709] {standard_task_runner.py:79} INFO - Running: ['***', 'tasks', 'run', 'dynamically_branching1', 'check_table_exist', 'manual__2022-08-26T19:43:40.232335+00:00', '--job-id', '3350', '--raw', '--subdir', 'DAGS_FOLDER/jobs_dag.py', '--cfg-path', '/tmp/tmpjwkww0zh', '--error-file', '/tmp/tmphp14brlg']
[2022-08-30 18:21:05,723] {standard_task_runner.py:80} INFO - Job 3350: Subtask check_table_exist
[2022-08-30 18:21:06,767] {task_command.py:371} INFO - Running <TaskInstance: dynamically_branching1.check_table_exist manual__2022-08-26T19:43:40.232335+00:00 [running]> on host 9d5d2a77e6ba
[2022-08-30 18:21:07,632] {taskinstance.py:1591} INFO - Exporting the following env vars:
AIRFLOW_CTX_DAG_OWNER=***
AIRFLOW_CTX_DAG_ID=dynamically_branching1
AIRFLOW_CTX_TASK_ID=check_table_exist
AIRFLOW_CTX_EXECUTION_DATE=2022-08-26T19:43:40.232335+00:00
AIRFLOW_CTX_TRY_NUMBER=1
AIRFLOW_CTX_DAG_RUN_ID=manual__2022-08-26T19:43:40.232335+00:00
[2022-08-30 18:21:07,635] {python.py:173} INFO - Done. Returned value was: insert_row
[2022-08-30 18:21:07,639] {skipmixin.py:140} INFO - Following branch insert_row
[2022-08-30 18:21:07,654] {skipmixin.py:175} INFO - Skipping tasks ['create_table']
[2022-08-30 18:21:08,118] {taskinstance.py:1420} INFO - Marking task as SUCCESS. dag_id=dynamically_branching1, task_id=check_table_exist, execution_date=20220826T194340, start_date=20220830T182105, end_date=20220830T182108
[2022-08-30 18:21:08,434] {local_task_job.py:156} INFO - Task exited with return code 0
[2022-08-30 18:21:08,816] {local_task_job.py:273} INFO - 0 downstream tasks scheduled from follow-on schedule check
