[2022-08-26 19:43:41,077] {taskinstance.py:1179} INFO - Dependencies all met for <TaskInstance: trigger_sensor.bash_task manual__2022-08-26T19:43:37+00:00 [queued]>
[2022-08-26 19:43:41,090] {taskinstance.py:1179} INFO - Dependencies all met for <TaskInstance: trigger_sensor.bash_task manual__2022-08-26T19:43:37+00:00 [queued]>
[2022-08-26 19:43:41,092] {taskinstance.py:1376} INFO - 
--------------------------------------------------------------------------------
[2022-08-26 19:43:41,092] {taskinstance.py:1377} INFO - Starting attempt 1 of 1
[2022-08-26 19:43:41,093] {taskinstance.py:1378} INFO - 
--------------------------------------------------------------------------------
[2022-08-26 19:43:41,112] {taskinstance.py:1397} INFO - Executing <Task(BashOperator): bash_task> on 2022-08-26 19:43:37+00:00
[2022-08-26 19:43:41,121] {standard_task_runner.py:52} INFO - Started process 24030 to run task
[2022-08-26 19:43:41,125] {standard_task_runner.py:79} INFO - Running: ['***', 'tasks', 'run', 'trigger_sensor', 'bash_task', 'manual__2022-08-26T19:43:37+00:00', '--job-id', '3315', '--raw', '--subdir', 'DAGS_FOLDER/trigger_dag.py', '--cfg-path', '/tmp/tmp5h08rc8u', '--error-file', '/tmp/tmpx5_23rfz']
[2022-08-26 19:43:41,126] {standard_task_runner.py:80} INFO - Job 3315: Subtask bash_task
[2022-08-26 19:43:41,226] {task_command.py:371} INFO - Running <TaskInstance: trigger_sensor.bash_task manual__2022-08-26T19:43:37+00:00 [running]> on host 9d5d2a77e6ba
[2022-08-26 19:43:41,321] {taskinstance.py:1591} INFO - Exporting the following env vars:
AIRFLOW_CTX_DAG_OWNER=***
AIRFLOW_CTX_DAG_ID=trigger_sensor
AIRFLOW_CTX_TASK_ID=bash_task
AIRFLOW_CTX_EXECUTION_DATE=2022-08-26T19:43:37+00:00
AIRFLOW_CTX_TRY_NUMBER=1
AIRFLOW_CTX_DAG_RUN_ID=manual__2022-08-26T19:43:37+00:00
[2022-08-26 19:43:41,324] {subprocess.py:62} INFO - Tmp dir root location: 
 /tmp
[2022-08-26 19:43:41,325] {subprocess.py:74} INFO - Running command: ['bash', '-c', 'rm /opt/***/dags/test.txt']
[2022-08-26 19:43:41,341] {subprocess.py:85} INFO - Output:
[2022-08-26 19:43:41,347] {subprocess.py:96} INFO - Command exited with return code 0
[2022-08-26 19:43:41,398] {taskinstance.py:1420} INFO - Marking task as SUCCESS. dag_id=trigger_sensor, task_id=bash_task, execution_date=20220826T194337, start_date=20220826T194341, end_date=20220826T194341
[2022-08-26 19:43:41,461] {local_task_job.py:156} INFO - Task exited with return code 0
[2022-08-26 19:43:41,509] {local_task_job.py:273} INFO - 0 downstream tasks scheduled from follow-on schedule check
