[2022-08-19 20:49:03,050] {taskinstance.py:1179} INFO - Dependencies all met for <TaskInstance: loop_hello_world_1.hello_world scheduled__2021-01-17T00:00:00+00:00 [queued]>
[2022-08-19 20:49:03,085] {taskinstance.py:1179} INFO - Dependencies all met for <TaskInstance: loop_hello_world_1.hello_world scheduled__2021-01-17T00:00:00+00:00 [queued]>
[2022-08-19 20:49:03,086] {taskinstance.py:1376} INFO - 
--------------------------------------------------------------------------------
[2022-08-19 20:49:03,088] {taskinstance.py:1377} INFO - Starting attempt 1 of 1
[2022-08-19 20:49:03,089] {taskinstance.py:1378} INFO - 
--------------------------------------------------------------------------------
[2022-08-19 20:49:03,142] {taskinstance.py:1397} INFO - Executing <Task(PythonOperator): hello_world> on 2021-01-17 00:00:00+00:00
[2022-08-19 20:49:03,159] {standard_task_runner.py:52} INFO - Started process 15796 to run task
[2022-08-19 20:49:03,174] {standard_task_runner.py:79} INFO - Running: ['***', 'tasks', 'run', 'loop_hello_world_1', 'hello_world', 'scheduled__2021-01-17T00:00:00+00:00', '--job-id', '101', '--raw', '--subdir', 'DAGS_FOLDER/practiceDag1.py', '--cfg-path', '/tmp/tmppggmd0v0', '--error-file', '/tmp/tmp4o97ni3b']
[2022-08-19 20:49:03,187] {standard_task_runner.py:80} INFO - Job 101: Subtask hello_world
[2022-08-19 20:49:03,429] {task_command.py:371} INFO - Running <TaskInstance: loop_hello_world_1.hello_world scheduled__2021-01-17T00:00:00+00:00 [running]> on host 9d5d2a77e6ba
[2022-08-19 20:49:03,750] {taskinstance.py:1591} INFO - Exporting the following env vars:
AIRFLOW_CTX_DAG_OWNER=***
AIRFLOW_CTX_DAG_ID=loop_hello_world_1
AIRFLOW_CTX_TASK_ID=hello_world
AIRFLOW_CTX_EXECUTION_DATE=2021-01-17T00:00:00+00:00
AIRFLOW_CTX_TRY_NUMBER=1
AIRFLOW_CTX_DAG_RUN_ID=scheduled__2021-01-17T00:00:00+00:00
[2022-08-19 20:49:03,754] {logging_mixin.py:115} INFO - Hello World
[2022-08-19 20:49:03,756] {logging_mixin.py:115} INFO - This is DAG: 1
[2022-08-19 20:49:03,757] {python.py:173} INFO - Done. Returned value was: None
[2022-08-19 20:49:03,867] {taskinstance.py:1420} INFO - Marking task as SUCCESS. dag_id=loop_hello_world_1, task_id=hello_world, execution_date=20210117T000000, start_date=20220819T204903, end_date=20220819T204903
[2022-08-19 20:49:03,985] {local_task_job.py:156} INFO - Task exited with return code 0
[2022-08-19 20:49:04,116] {local_task_job.py:273} INFO - 0 downstream tasks scheduled from follow-on schedule check
