[2022-08-24 18:44:05,880] {taskinstance.py:1179} INFO - Dependencies all met for <TaskInstance: dynamically_branching1.Process_Start scheduled__2019-02-08T00:00:00+00:00 [queued]>
[2022-08-24 18:44:05,946] {taskinstance.py:1179} INFO - Dependencies all met for <TaskInstance: dynamically_branching1.Process_Start scheduled__2019-02-08T00:00:00+00:00 [queued]>
[2022-08-24 18:44:05,947] {taskinstance.py:1376} INFO - 
--------------------------------------------------------------------------------
[2022-08-24 18:44:05,948] {taskinstance.py:1377} INFO - Starting attempt 1 of 1
[2022-08-24 18:44:05,950] {taskinstance.py:1378} INFO - 
--------------------------------------------------------------------------------
[2022-08-24 18:44:06,049] {taskinstance.py:1397} INFO - Executing <Task(PythonOperator): Process_Start> on 2019-02-08 00:00:00+00:00
[2022-08-24 18:44:06,104] {standard_task_runner.py:52} INFO - Started process 4147 to run task
[2022-08-24 18:44:06,141] {standard_task_runner.py:79} INFO - Running: ['***', 'tasks', 'run', 'dynamically_branching1', 'Process_Start', 'scheduled__2019-02-08T00:00:00+00:00', '--job-id', '981', '--raw', '--subdir', 'DAGS_FOLDER/jobs_dag.py', '--cfg-path', '/tmp/tmpi28w1yz7', '--error-file', '/tmp/tmp5kr0qkru']
[2022-08-24 18:44:06,145] {standard_task_runner.py:80} INFO - Job 981: Subtask Process_Start
[2022-08-24 18:44:06,611] {task_command.py:371} INFO - Running <TaskInstance: dynamically_branching1.Process_Start scheduled__2019-02-08T00:00:00+00:00 [running]> on host 9d5d2a77e6ba
[2022-08-24 18:44:07,371] {taskinstance.py:1591} INFO - Exporting the following env vars:
AIRFLOW_CTX_DAG_OWNER=***
AIRFLOW_CTX_DAG_ID=dynamically_branching1
AIRFLOW_CTX_TASK_ID=Process_Start
AIRFLOW_CTX_EXECUTION_DATE=2019-02-08T00:00:00+00:00
AIRFLOW_CTX_TRY_NUMBER=1
AIRFLOW_CTX_DAG_RUN_ID=scheduled__2019-02-08T00:00:00+00:00
[2022-08-24 18:44:07,375] {jobs_dag.py:30} INFO - Process Start!
[2022-08-24 18:44:07,383] {logging_mixin.py:115} INFO - This is DAG: 1
[2022-08-24 18:44:07,384] {python.py:173} INFO - Done. Returned value was: None
[2022-08-24 18:44:07,631] {taskinstance.py:1420} INFO - Marking task as SUCCESS. dag_id=dynamically_branching1, task_id=Process_Start, execution_date=20190208T000000, start_date=20220824T184405, end_date=20220824T184407
[2022-08-24 18:44:07,831] {local_task_job.py:156} INFO - Task exited with return code 0
[2022-08-24 18:44:08,399] {local_task_job.py:273} INFO - 1 downstream tasks scheduled from follow-on schedule check
