[2022-08-24 18:43:41,108] {taskinstance.py:1179} INFO - Dependencies all met for <TaskInstance: dynamically_branching1.check_table_exist scheduled__2019-01-22T00:00:00+00:00 [queued]>
[2022-08-24 18:43:41,158] {taskinstance.py:1179} INFO - Dependencies all met for <TaskInstance: dynamically_branching1.check_table_exist scheduled__2019-01-22T00:00:00+00:00 [queued]>
[2022-08-24 18:43:41,162] {taskinstance.py:1376} INFO - 
--------------------------------------------------------------------------------
[2022-08-24 18:43:41,164] {taskinstance.py:1377} INFO - Starting attempt 1 of 1
[2022-08-24 18:43:41,165] {taskinstance.py:1378} INFO - 
--------------------------------------------------------------------------------
[2022-08-24 18:43:41,238] {taskinstance.py:1397} INFO - Executing <Task(BranchPythonOperator): check_table_exist> on 2019-01-22 00:00:00+00:00
[2022-08-24 18:43:41,265] {standard_task_runner.py:52} INFO - Started process 4073 to run task
[2022-08-24 18:43:41,300] {standard_task_runner.py:79} INFO - Running: ['***', 'tasks', 'run', 'dynamically_branching1', 'check_table_exist', 'scheduled__2019-01-22T00:00:00+00:00', '--job-id', '950', '--raw', '--subdir', 'DAGS_FOLDER/jobs_dag.py', '--cfg-path', '/tmp/tmp_txl1t26', '--error-file', '/tmp/tmpb4vca13b']
[2022-08-24 18:43:41,304] {standard_task_runner.py:80} INFO - Job 950: Subtask check_table_exist
[2022-08-24 18:43:41,568] {task_command.py:371} INFO - Running <TaskInstance: dynamically_branching1.check_table_exist scheduled__2019-01-22T00:00:00+00:00 [running]> on host 9d5d2a77e6ba
[2022-08-24 18:43:41,921] {taskinstance.py:1591} INFO - Exporting the following env vars:
AIRFLOW_CTX_DAG_OWNER=***
AIRFLOW_CTX_DAG_ID=dynamically_branching1
AIRFLOW_CTX_TASK_ID=check_table_exist
AIRFLOW_CTX_EXECUTION_DATE=2019-01-22T00:00:00+00:00
AIRFLOW_CTX_TRY_NUMBER=1
AIRFLOW_CTX_DAG_RUN_ID=scheduled__2019-01-22T00:00:00+00:00
[2022-08-24 18:43:41,927] {python.py:173} INFO - Done. Returned value was: create_table
[2022-08-24 18:43:41,935] {skipmixin.py:140} INFO - Following branch create_table
[2022-08-24 18:43:41,938] {skipmixin.py:175} INFO - Skipping tasks []
[2022-08-24 18:43:42,153] {taskinstance.py:1420} INFO - Marking task as SUCCESS. dag_id=dynamically_branching1, task_id=check_table_exist, execution_date=20190122T000000, start_date=20220824T184341, end_date=20220824T184342
[2022-08-24 18:43:42,262] {local_task_job.py:156} INFO - Task exited with return code 0
[2022-08-24 18:43:42,777] {local_task_job.py:273} INFO - 1 downstream tasks scheduled from follow-on schedule check
