[2022-09-01 19:37:12,410] {taskinstance.py:1179} INFO - Dependencies all met for <TaskInstance: dynamically_branching1.bash_task manual__2022-09-01T19:23:58.883590+00:00 [queued]>
[2022-09-01 19:37:12,471] {taskinstance.py:1179} INFO - Dependencies all met for <TaskInstance: dynamically_branching1.bash_task manual__2022-09-01T19:23:58.883590+00:00 [queued]>
[2022-09-01 19:37:12,478] {taskinstance.py:1376} INFO - 
--------------------------------------------------------------------------------
[2022-09-01 19:37:12,480] {taskinstance.py:1377} INFO - Starting attempt 1 of 1
[2022-09-01 19:37:12,485] {taskinstance.py:1378} INFO - 
--------------------------------------------------------------------------------
[2022-09-01 19:37:12,586] {taskinstance.py:1397} INFO - Executing <Task(BashOperator): bash_task> on 2022-09-01 19:23:58.883590+00:00
[2022-09-01 19:37:12,630] {standard_task_runner.py:52} INFO - Started process 91073 to run task
[2022-09-01 19:37:12,772] {standard_task_runner.py:79} INFO - Running: ['***', 'tasks', 'run', 'dynamically_branching1', 'bash_task', 'manual__2022-09-01T19:23:58.883590+00:00', '--job-id', '3584', '--raw', '--subdir', 'DAGS_FOLDER/jobs_dag.py', '--cfg-path', '/tmp/tmpfsbjj8yo', '--error-file', '/tmp/tmpjdcccvg7']
[2022-09-01 19:37:12,797] {standard_task_runner.py:80} INFO - Job 3584: Subtask bash_task
[2022-09-01 19:37:13,749] {task_command.py:371} INFO - Running <TaskInstance: dynamically_branching1.bash_task manual__2022-09-01T19:23:58.883590+00:00 [running]> on host 9d5d2a77e6ba
[2022-09-01 19:37:14,224] {taskinstance.py:1591} INFO - Exporting the following env vars:
AIRFLOW_CTX_DAG_OWNER=***
AIRFLOW_CTX_DAG_ID=dynamically_branching1
AIRFLOW_CTX_TASK_ID=bash_task
AIRFLOW_CTX_EXECUTION_DATE=2022-09-01T19:23:58.883590+00:00
AIRFLOW_CTX_TRY_NUMBER=1
AIRFLOW_CTX_DAG_RUN_ID=manual__2022-09-01T19:23:58.883590+00:00
[2022-09-01 19:37:14,229] {subprocess.py:62} INFO - Tmp dir root location: 
 /tmp
[2022-09-01 19:37:14,230] {subprocess.py:74} INFO - Running command: ['bash', '-c', 'echo $(whoami)']
[2022-09-01 19:37:14,364] {subprocess.py:85} INFO - Output:
[2022-09-01 19:37:14,491] {subprocess.py:92} INFO - default
[2022-09-01 19:37:14,495] {subprocess.py:96} INFO - Command exited with return code 0
[2022-09-01 19:37:14,833] {taskinstance.py:1420} INFO - Marking task as SUCCESS. dag_id=dynamically_branching1, task_id=bash_task, execution_date=20220901T192358, start_date=20220901T193712, end_date=20220901T193714
[2022-09-01 19:37:15,076] {local_task_job.py:156} INFO - Task exited with return code 0
[2022-09-01 19:37:15,460] {local_task_job.py:273} INFO - 0 downstream tasks scheduled from follow-on schedule check
