[2022-08-24 19:11:19,922] {taskinstance.py:1179} INFO - Dependencies all met for <TaskInstance: dynamically_branching1.bash_task scheduled__2020-10-29T00:00:00+00:00 [queued]>
[2022-08-24 19:11:19,955] {taskinstance.py:1179} INFO - Dependencies all met for <TaskInstance: dynamically_branching1.bash_task scheduled__2020-10-29T00:00:00+00:00 [queued]>
[2022-08-24 19:11:19,957] {taskinstance.py:1376} INFO - 
--------------------------------------------------------------------------------
[2022-08-24 19:11:19,958] {taskinstance.py:1377} INFO - Starting attempt 1 of 1
[2022-08-24 19:11:19,961] {taskinstance.py:1378} INFO - 
--------------------------------------------------------------------------------
[2022-08-24 19:11:20,046] {taskinstance.py:1397} INFO - Executing <Task(BashOperator): bash_task> on 2020-10-29 00:00:00+00:00
[2022-08-24 19:11:20,071] {standard_task_runner.py:52} INFO - Started process 7518 to run task
[2022-08-24 19:11:20,111] {standard_task_runner.py:79} INFO - Running: ['***', 'tasks', 'run', 'dynamically_branching1', 'bash_task', 'scheduled__2020-10-29T00:00:00+00:00', '--job-id', '1927', '--raw', '--subdir', 'DAGS_FOLDER/jobs_dag.py', '--cfg-path', '/tmp/tmpnwuf5cyw', '--error-file', '/tmp/tmpfiats8ii']
[2022-08-24 19:11:20,113] {standard_task_runner.py:80} INFO - Job 1927: Subtask bash_task
[2022-08-24 19:11:20,382] {task_command.py:371} INFO - Running <TaskInstance: dynamically_branching1.bash_task scheduled__2020-10-29T00:00:00+00:00 [running]> on host 9d5d2a77e6ba
[2022-08-24 19:11:20,805] {taskinstance.py:1591} INFO - Exporting the following env vars:
AIRFLOW_CTX_DAG_OWNER=***
AIRFLOW_CTX_DAG_ID=dynamically_branching1
AIRFLOW_CTX_TASK_ID=bash_task
AIRFLOW_CTX_EXECUTION_DATE=2020-10-29T00:00:00+00:00
AIRFLOW_CTX_TRY_NUMBER=1
AIRFLOW_CTX_DAG_RUN_ID=scheduled__2020-10-29T00:00:00+00:00
[2022-08-24 19:11:20,808] {subprocess.py:62} INFO - Tmp dir root location: 
 /tmp
[2022-08-24 19:11:20,809] {subprocess.py:74} INFO - Running command: ['bash', '-c', 'echo $(whoami)']
[2022-08-24 19:11:20,848] {subprocess.py:85} INFO - Output:
[2022-08-24 19:11:20,874] {subprocess.py:92} INFO - default
[2022-08-24 19:11:20,876] {subprocess.py:96} INFO - Command exited with return code 0
[2022-08-24 19:11:21,092] {taskinstance.py:1420} INFO - Marking task as SUCCESS. dag_id=dynamically_branching1, task_id=bash_task, execution_date=20201029T000000, start_date=20220824T191119, end_date=20220824T191121
[2022-08-24 19:11:21,189] {local_task_job.py:156} INFO - Task exited with return code 0
[2022-08-24 19:11:21,349] {local_task_job.py:273} INFO - 1 downstream tasks scheduled from follow-on schedule check
