[2022-08-24 19:19:42,354] {taskinstance.py:1179} INFO - Dependencies all met for <TaskInstance: dynamically_branching1.bash_task scheduled__2022-01-04T00:00:00+00:00 [queued]>
[2022-08-24 19:19:42,382] {taskinstance.py:1179} INFO - Dependencies all met for <TaskInstance: dynamically_branching1.bash_task scheduled__2022-01-04T00:00:00+00:00 [queued]>
[2022-08-24 19:19:42,383] {taskinstance.py:1376} INFO - 
--------------------------------------------------------------------------------
[2022-08-24 19:19:42,384] {taskinstance.py:1377} INFO - Starting attempt 1 of 1
[2022-08-24 19:19:42,389] {taskinstance.py:1378} INFO - 
--------------------------------------------------------------------------------
[2022-08-24 19:19:42,487] {taskinstance.py:1397} INFO - Executing <Task(BashOperator): bash_task> on 2022-01-04 00:00:00+00:00
[2022-08-24 19:19:42,512] {standard_task_runner.py:52} INFO - Started process 10336 to run task
[2022-08-24 19:19:42,553] {standard_task_runner.py:79} INFO - Running: ['***', 'tasks', 'run', 'dynamically_branching1', 'bash_task', 'scheduled__2022-01-04T00:00:00+00:00', '--job-id', '2787', '--raw', '--subdir', 'DAGS_FOLDER/jobs_dag.py', '--cfg-path', '/tmp/tmp9a4u55me', '--error-file', '/tmp/tmp5nt1t2i8']
[2022-08-24 19:19:42,563] {standard_task_runner.py:80} INFO - Job 2787: Subtask bash_task
[2022-08-24 19:19:43,030] {task_command.py:371} INFO - Running <TaskInstance: dynamically_branching1.bash_task scheduled__2022-01-04T00:00:00+00:00 [running]> on host 9d5d2a77e6ba
[2022-08-24 19:19:43,556] {taskinstance.py:1591} INFO - Exporting the following env vars:
AIRFLOW_CTX_DAG_OWNER=***
AIRFLOW_CTX_DAG_ID=dynamically_branching1
AIRFLOW_CTX_TASK_ID=bash_task
AIRFLOW_CTX_EXECUTION_DATE=2022-01-04T00:00:00+00:00
AIRFLOW_CTX_TRY_NUMBER=1
AIRFLOW_CTX_DAG_RUN_ID=scheduled__2022-01-04T00:00:00+00:00
[2022-08-24 19:19:43,564] {subprocess.py:62} INFO - Tmp dir root location: 
 /tmp
[2022-08-24 19:19:43,573] {subprocess.py:74} INFO - Running command: ['bash', '-c', 'echo $(whoami)']
[2022-08-24 19:19:43,670] {subprocess.py:85} INFO - Output:
[2022-08-24 19:19:43,691] {subprocess.py:92} INFO - default
[2022-08-24 19:19:43,693] {subprocess.py:96} INFO - Command exited with return code 0
[2022-08-24 19:19:43,893] {taskinstance.py:1420} INFO - Marking task as SUCCESS. dag_id=dynamically_branching1, task_id=bash_task, execution_date=20220104T000000, start_date=20220824T191942, end_date=20220824T191943
[2022-08-24 19:19:44,049] {local_task_job.py:156} INFO - Task exited with return code 0
[2022-08-24 19:19:44,336] {local_task_job.py:273} INFO - 0 downstream tasks scheduled from follow-on schedule check
