[2022-08-24 19:11:05,839] {taskinstance.py:1179} INFO - Dependencies all met for <TaskInstance: dynamically_branching1.bash_task scheduled__2020-10-20T00:00:00+00:00 [queued]>
[2022-08-24 19:11:05,975] {taskinstance.py:1179} INFO - Dependencies all met for <TaskInstance: dynamically_branching1.bash_task scheduled__2020-10-20T00:00:00+00:00 [queued]>
[2022-08-24 19:11:05,976] {taskinstance.py:1376} INFO - 
--------------------------------------------------------------------------------
[2022-08-24 19:11:05,977] {taskinstance.py:1377} INFO - Starting attempt 1 of 1
[2022-08-24 19:11:05,978] {taskinstance.py:1378} INFO - 
--------------------------------------------------------------------------------
[2022-08-24 19:11:06,111] {taskinstance.py:1397} INFO - Executing <Task(BashOperator): bash_task> on 2020-10-20 00:00:00+00:00
[2022-08-24 19:11:06,120] {standard_task_runner.py:52} INFO - Started process 7453 to run task
[2022-08-24 19:11:06,142] {standard_task_runner.py:79} INFO - Running: ['***', 'tasks', 'run', 'dynamically_branching1', 'bash_task', 'scheduled__2020-10-20T00:00:00+00:00', '--job-id', '1909', '--raw', '--subdir', 'DAGS_FOLDER/jobs_dag.py', '--cfg-path', '/tmp/tmpu684ry_e', '--error-file', '/tmp/tmp08w6mrvd']
[2022-08-24 19:11:06,144] {standard_task_runner.py:80} INFO - Job 1909: Subtask bash_task
[2022-08-24 19:11:06,447] {task_command.py:371} INFO - Running <TaskInstance: dynamically_branching1.bash_task scheduled__2020-10-20T00:00:00+00:00 [running]> on host 9d5d2a77e6ba
[2022-08-24 19:11:06,736] {taskinstance.py:1591} INFO - Exporting the following env vars:
AIRFLOW_CTX_DAG_OWNER=***
AIRFLOW_CTX_DAG_ID=dynamically_branching1
AIRFLOW_CTX_TASK_ID=bash_task
AIRFLOW_CTX_EXECUTION_DATE=2020-10-20T00:00:00+00:00
AIRFLOW_CTX_TRY_NUMBER=1
AIRFLOW_CTX_DAG_RUN_ID=scheduled__2020-10-20T00:00:00+00:00
[2022-08-24 19:11:06,738] {subprocess.py:62} INFO - Tmp dir root location: 
 /tmp
[2022-08-24 19:11:06,740] {subprocess.py:74} INFO - Running command: ['bash', '-c', 'echo $(whoami)']
[2022-08-24 19:11:06,790] {subprocess.py:85} INFO - Output:
[2022-08-24 19:11:06,822] {subprocess.py:92} INFO - default
[2022-08-24 19:11:06,823] {subprocess.py:96} INFO - Command exited with return code 0
[2022-08-24 19:11:06,917] {taskinstance.py:1420} INFO - Marking task as SUCCESS. dag_id=dynamically_branching1, task_id=bash_task, execution_date=20201020T000000, start_date=20220824T191105, end_date=20220824T191106
[2022-08-24 19:11:07,030] {local_task_job.py:156} INFO - Task exited with return code 0
[2022-08-24 19:11:07,175] {local_task_job.py:273} INFO - 1 downstream tasks scheduled from follow-on schedule check
