[2022-08-24 18:42:31,727] {taskinstance.py:1179} INFO - Dependencies all met for <TaskInstance: dynamically_branching1.check_table_exist scheduled__2018-12-09T00:00:00+00:00 [queued]>
[2022-08-24 18:42:31,897] {taskinstance.py:1179} INFO - Dependencies all met for <TaskInstance: dynamically_branching1.check_table_exist scheduled__2018-12-09T00:00:00+00:00 [queued]>
[2022-08-24 18:42:31,930] {taskinstance.py:1376} INFO - 
--------------------------------------------------------------------------------
[2022-08-24 18:42:31,931] {taskinstance.py:1377} INFO - Starting attempt 1 of 1
[2022-08-24 18:42:31,940] {taskinstance.py:1378} INFO - 
--------------------------------------------------------------------------------
[2022-08-24 18:42:32,288] {taskinstance.py:1397} INFO - Executing <Task(BranchPythonOperator): check_table_exist> on 2018-12-09 00:00:00+00:00
[2022-08-24 18:42:32,387] {standard_task_runner.py:52} INFO - Started process 3813 to run task
[2022-08-24 18:42:32,440] {standard_task_runner.py:79} INFO - Running: ['***', 'tasks', 'run', 'dynamically_branching1', 'check_table_exist', 'scheduled__2018-12-09T00:00:00+00:00', '--job-id', '838', '--raw', '--subdir', 'DAGS_FOLDER/jobs_dag.py', '--cfg-path', '/tmp/tmpax55hiaa', '--error-file', '/tmp/tmpr_4mgl6z']
[2022-08-24 18:42:32,459] {standard_task_runner.py:80} INFO - Job 838: Subtask check_table_exist
[2022-08-24 18:42:33,008] {task_command.py:371} INFO - Running <TaskInstance: dynamically_branching1.check_table_exist scheduled__2018-12-09T00:00:00+00:00 [running]> on host 9d5d2a77e6ba
[2022-08-24 18:42:33,831] {taskinstance.py:1591} INFO - Exporting the following env vars:
AIRFLOW_CTX_DAG_OWNER=***
AIRFLOW_CTX_DAG_ID=dynamically_branching1
AIRFLOW_CTX_TASK_ID=check_table_exist
AIRFLOW_CTX_EXECUTION_DATE=2018-12-09T00:00:00+00:00
AIRFLOW_CTX_TRY_NUMBER=1
AIRFLOW_CTX_DAG_RUN_ID=scheduled__2018-12-09T00:00:00+00:00
[2022-08-24 18:42:33,835] {python.py:173} INFO - Done. Returned value was: insert_row
[2022-08-24 18:42:33,836] {skipmixin.py:140} INFO - Following branch insert_row
[2022-08-24 18:42:33,838] {skipmixin.py:175} INFO - Skipping tasks ['create_table']
[2022-08-24 18:42:34,317] {taskinstance.py:1420} INFO - Marking task as SUCCESS. dag_id=dynamically_branching1, task_id=check_table_exist, execution_date=20181209T000000, start_date=20220824T184231, end_date=20220824T184234
[2022-08-24 18:42:34,555] {local_task_job.py:156} INFO - Task exited with return code 0
[2022-08-24 18:42:35,201] {local_task_job.py:273} INFO - 0 downstream tasks scheduled from follow-on schedule check
