[2022-08-24 19:16:55,590] {taskinstance.py:1179} INFO - Dependencies all met for <TaskInstance: dynamically_branching1.check_table_exist scheduled__2021-08-09T00:00:00+00:00 [queued]>
[2022-08-24 19:16:55,635] {taskinstance.py:1179} INFO - Dependencies all met for <TaskInstance: dynamically_branching1.check_table_exist scheduled__2021-08-09T00:00:00+00:00 [queued]>
[2022-08-24 19:16:55,637] {taskinstance.py:1376} INFO - 
--------------------------------------------------------------------------------
[2022-08-24 19:16:55,640] {taskinstance.py:1377} INFO - Starting attempt 1 of 1
[2022-08-24 19:16:55,641] {taskinstance.py:1378} INFO - 
--------------------------------------------------------------------------------
[2022-08-24 19:16:55,743] {taskinstance.py:1397} INFO - Executing <Task(BranchPythonOperator): check_table_exist> on 2021-08-09 00:00:00+00:00
[2022-08-24 19:16:55,787] {standard_task_runner.py:52} INFO - Started process 9407 to run task
[2022-08-24 19:16:55,829] {standard_task_runner.py:79} INFO - Running: ['***', 'tasks', 'run', 'dynamically_branching1', 'check_table_exist', 'scheduled__2021-08-09T00:00:00+00:00', '--job-id', '2502', '--raw', '--subdir', 'DAGS_FOLDER/jobs_dag.py', '--cfg-path', '/tmp/tmphygoism4', '--error-file', '/tmp/tmp850aljmn']
[2022-08-24 19:16:55,838] {standard_task_runner.py:80} INFO - Job 2502: Subtask check_table_exist
[2022-08-24 19:16:56,119] {task_command.py:371} INFO - Running <TaskInstance: dynamically_branching1.check_table_exist scheduled__2021-08-09T00:00:00+00:00 [running]> on host 9d5d2a77e6ba
[2022-08-24 19:16:56,498] {taskinstance.py:1591} INFO - Exporting the following env vars:
AIRFLOW_CTX_DAG_OWNER=***
AIRFLOW_CTX_DAG_ID=dynamically_branching1
AIRFLOW_CTX_TASK_ID=check_table_exist
AIRFLOW_CTX_EXECUTION_DATE=2021-08-09T00:00:00+00:00
AIRFLOW_CTX_TRY_NUMBER=1
AIRFLOW_CTX_DAG_RUN_ID=scheduled__2021-08-09T00:00:00+00:00
[2022-08-24 19:16:56,506] {python.py:173} INFO - Done. Returned value was: insert_row
[2022-08-24 19:16:56,514] {skipmixin.py:140} INFO - Following branch insert_row
[2022-08-24 19:16:56,518] {skipmixin.py:175} INFO - Skipping tasks ['create_table']
[2022-08-24 19:16:56,826] {taskinstance.py:1420} INFO - Marking task as SUCCESS. dag_id=dynamically_branching1, task_id=check_table_exist, execution_date=20210809T000000, start_date=20220824T191655, end_date=20220824T191656
[2022-08-24 19:16:56,884] {local_task_job.py:156} INFO - Task exited with return code 0
[2022-08-24 19:16:57,249] {local_task_job.py:273} INFO - 1 downstream tasks scheduled from follow-on schedule check
