[2022-08-24 18:42:04,412] {taskinstance.py:1179} INFO - Dependencies all met for <TaskInstance: dynamically_branching1.check_table_exist scheduled__2018-11-17T00:00:00+00:00 [queued]>
[2022-08-24 18:42:04,598] {taskinstance.py:1179} INFO - Dependencies all met for <TaskInstance: dynamically_branching1.check_table_exist scheduled__2018-11-17T00:00:00+00:00 [queued]>
[2022-08-24 18:42:04,614] {taskinstance.py:1376} INFO - 
--------------------------------------------------------------------------------
[2022-08-24 18:42:04,617] {taskinstance.py:1377} INFO - Starting attempt 1 of 1
[2022-08-24 18:42:04,620] {taskinstance.py:1378} INFO - 
--------------------------------------------------------------------------------
[2022-08-24 18:42:04,827] {taskinstance.py:1397} INFO - Executing <Task(BranchPythonOperator): check_table_exist> on 2018-11-17 00:00:00+00:00
[2022-08-24 18:42:04,935] {standard_task_runner.py:52} INFO - Started process 3699 to run task
[2022-08-24 18:42:05,012] {standard_task_runner.py:79} INFO - Running: ['***', 'tasks', 'run', 'dynamically_branching1', 'check_table_exist', 'scheduled__2018-11-17T00:00:00+00:00', '--job-id', '788', '--raw', '--subdir', 'DAGS_FOLDER/jobs_dag.py', '--cfg-path', '/tmp/tmp1hdwax48', '--error-file', '/tmp/tmphwbi7ynu']
[2022-08-24 18:42:05,019] {standard_task_runner.py:80} INFO - Job 788: Subtask check_table_exist
[2022-08-24 18:42:05,768] {task_command.py:371} INFO - Running <TaskInstance: dynamically_branching1.check_table_exist scheduled__2018-11-17T00:00:00+00:00 [running]> on host 9d5d2a77e6ba
[2022-08-24 18:42:06,533] {taskinstance.py:1591} INFO - Exporting the following env vars:
AIRFLOW_CTX_DAG_OWNER=***
AIRFLOW_CTX_DAG_ID=dynamically_branching1
AIRFLOW_CTX_TASK_ID=check_table_exist
AIRFLOW_CTX_EXECUTION_DATE=2018-11-17T00:00:00+00:00
AIRFLOW_CTX_TRY_NUMBER=1
AIRFLOW_CTX_DAG_RUN_ID=scheduled__2018-11-17T00:00:00+00:00
[2022-08-24 18:42:06,542] {python.py:173} INFO - Done. Returned value was: create_table
[2022-08-24 18:42:06,545] {skipmixin.py:140} INFO - Following branch create_table
[2022-08-24 18:42:06,550] {skipmixin.py:175} INFO - Skipping tasks []
[2022-08-24 18:42:06,955] {taskinstance.py:1420} INFO - Marking task as SUCCESS. dag_id=dynamically_branching1, task_id=check_table_exist, execution_date=20181117T000000, start_date=20220824T184204, end_date=20220824T184206
[2022-08-24 18:42:07,361] {local_task_job.py:156} INFO - Task exited with return code 0
[2022-08-24 18:42:07,934] {local_task_job.py:273} INFO - 1 downstream tasks scheduled from follow-on schedule check
