[2022-09-05 16:43:07,513] {taskinstance.py:1179} INFO - Dependencies all met for <TaskInstance: tables_name_1.check_table_exist manual__2022-09-05T16:43:03.561248+00:00 [queued]>
[2022-09-05 16:43:07,528] {taskinstance.py:1179} INFO - Dependencies all met for <TaskInstance: tables_name_1.check_table_exist manual__2022-09-05T16:43:03.561248+00:00 [queued]>
[2022-09-05 16:43:07,529] {taskinstance.py:1376} INFO - 
--------------------------------------------------------------------------------
[2022-09-05 16:43:07,530] {taskinstance.py:1377} INFO - Starting attempt 1 of 1
[2022-09-05 16:43:07,530] {taskinstance.py:1378} INFO - 
--------------------------------------------------------------------------------
[2022-09-05 16:43:07,555] {taskinstance.py:1397} INFO - Executing <Task(BranchPythonOperator): check_table_exist> on 2022-09-05 16:43:03.561248+00:00
[2022-09-05 16:43:07,563] {standard_task_runner.py:52} INFO - Started process 9601 to run task
[2022-09-05 16:43:07,571] {standard_task_runner.py:79} INFO - Running: ['***', 'tasks', 'run', 'tables_name_1', 'check_table_exist', 'manual__2022-09-05T16:43:03.561248+00:00', '--job-id', '3811', '--raw', '--subdir', 'DAGS_FOLDER/jobs_dag.py', '--cfg-path', '/tmp/tmpdgscntma', '--error-file', '/tmp/tmpats_5qdp']
[2022-09-05 16:43:07,573] {standard_task_runner.py:80} INFO - Job 3811: Subtask check_table_exist
[2022-09-05 16:43:07,705] {task_command.py:371} INFO - Running <TaskInstance: tables_name_1.check_table_exist manual__2022-09-05T16:43:03.561248+00:00 [running]> on host 643b3d669374
[2022-09-05 16:43:07,801] {taskinstance.py:1591} INFO - Exporting the following env vars:
AIRFLOW_CTX_DAG_OWNER=***
AIRFLOW_CTX_DAG_ID=tables_name_1
AIRFLOW_CTX_TASK_ID=check_table_exist
AIRFLOW_CTX_EXECUTION_DATE=2022-09-05T16:43:03.561248+00:00
AIRFLOW_CTX_TRY_NUMBER=1
AIRFLOW_CTX_DAG_RUN_ID=manual__2022-09-05T16:43:03.561248+00:00
[2022-09-05 16:43:07,804] {python.py:173} INFO - Done. Returned value was: insert_row
[2022-09-05 16:43:07,804] {skipmixin.py:140} INFO - Following branch insert_row
[2022-09-05 16:43:07,805] {skipmixin.py:175} INFO - Skipping tasks ['create_table']
[2022-09-05 16:43:07,867] {taskinstance.py:1420} INFO - Marking task as SUCCESS. dag_id=tables_name_1, task_id=check_table_exist, execution_date=20220905T164303, start_date=20220905T164307, end_date=20220905T164307
[2022-09-05 16:43:07,904] {local_task_job.py:156} INFO - Task exited with return code 0
[2022-09-05 16:43:07,953] {local_task_job.py:273} INFO - 0 downstream tasks scheduled from follow-on schedule check
