[2022-08-16 18:42:17,620] {taskinstance.py:1179} INFO - Dependencies all met for <TaskInstance: my_dag2.python_run_id scheduled__2022-08-14T00:00:00+00:00 [queued]>
[2022-08-16 18:42:17,661] {taskinstance.py:1179} INFO - Dependencies all met for <TaskInstance: my_dag2.python_run_id scheduled__2022-08-14T00:00:00+00:00 [queued]>
[2022-08-16 18:42:17,662] {taskinstance.py:1376} INFO - 
--------------------------------------------------------------------------------
[2022-08-16 18:42:17,667] {taskinstance.py:1377} INFO - Starting attempt 1 of 1
[2022-08-16 18:42:17,669] {taskinstance.py:1378} INFO - 
--------------------------------------------------------------------------------
[2022-08-16 18:42:17,700] {taskinstance.py:1397} INFO - Executing <Task(PythonOperator): python_run_id> on 2022-08-14 00:00:00+00:00
[2022-08-16 18:42:17,708] {standard_task_runner.py:52} INFO - Started process 2628 to run task
[2022-08-16 18:42:17,731] {standard_task_runner.py:79} INFO - Running: ['***', 'tasks', 'run', 'my_dag2', 'python_run_id', 'scheduled__2022-08-14T00:00:00+00:00', '--job-id', '51', '--raw', '--subdir', 'DAGS_FOLDER/practiceDag1.py', '--cfg-path', '/tmp/tmpgncf18av', '--error-file', '/tmp/tmp7ysgha5d']
[2022-08-16 18:42:17,738] {standard_task_runner.py:80} INFO - Job 51: Subtask python_run_id
[2022-08-16 18:42:17,938] {task_command.py:371} INFO - Running <TaskInstance: my_dag2.python_run_id scheduled__2022-08-14T00:00:00+00:00 [running]> on host 9d5d2a77e6ba
[2022-08-16 18:42:18,148] {taskinstance.py:1591} INFO - Exporting the following env vars:
AIRFLOW_CTX_DAG_OWNER=***
AIRFLOW_CTX_DAG_ID=my_dag2
AIRFLOW_CTX_TASK_ID=python_run_id
AIRFLOW_CTX_EXECUTION_DATE=2022-08-14T00:00:00+00:00
AIRFLOW_CTX_TRY_NUMBER=1
AIRFLOW_CTX_DAG_RUN_ID=scheduled__2022-08-14T00:00:00+00:00
[2022-08-16 18:42:18,150] {taskinstance.py:1909} ERROR - Task failed with exception
Traceback (most recent call last):
  File "/home/airflow/.local/lib/python3.7/site-packages/airflow/operators/python.py", line 171, in execute
    return_value = self.execute_callable()
  File "/home/airflow/.local/lib/python3.7/site-packages/airflow/operators/python.py", line 189, in execute_callable
    return self.python_callable(*self.op_args, **self.op_kwargs)
  File "/opt/airflow/dags/practiceDag1.py", line 14, in my_func
    logger.inf(f"{context['dag_run'].run_id} start processing tables in database: ")
AttributeError: 'RootLogger' object has no attribute 'inf'
[2022-08-16 18:42:18,174] {taskinstance.py:1420} INFO - Marking task as FAILED. dag_id=my_dag2, task_id=python_run_id, execution_date=20220814T000000, start_date=20220816T184217, end_date=20220816T184218
[2022-08-16 18:42:18,206] {standard_task_runner.py:97} ERROR - Failed to execute job 51 for task python_run_id ('RootLogger' object has no attribute 'inf'; 2628)
[2022-08-16 18:42:18,285] {local_task_job.py:156} INFO - Task exited with return code 1
[2022-08-16 18:42:18,367] {local_task_job.py:273} INFO - 0 downstream tasks scheduled from follow-on schedule check
