[2022-09-03 00:30:31,117] {taskinstance.py:1179} INFO - Dependencies all met for <TaskInstance: trigger_sensor.waiting_for_run_file scheduled__2022-09-02T00:00:00+00:00 [queued]>
[2022-09-03 00:30:31,440] {taskinstance.py:1179} INFO - Dependencies all met for <TaskInstance: trigger_sensor.waiting_for_run_file scheduled__2022-09-02T00:00:00+00:00 [queued]>
[2022-09-03 00:30:31,455] {taskinstance.py:1376} INFO - 
--------------------------------------------------------------------------------
[2022-09-03 00:30:31,460] {taskinstance.py:1377} INFO - Starting attempt 1 of 1
[2022-09-03 00:30:31,464] {taskinstance.py:1378} INFO - 
--------------------------------------------------------------------------------
[2022-09-03 00:30:31,759] {taskinstance.py:1397} INFO - Executing <Task(FileSensor): waiting_for_run_file> on 2022-09-02 00:00:00+00:00
[2022-09-03 00:30:31,789] {standard_task_runner.py:52} INFO - Started process 1277 to run task
[2022-09-03 00:30:31,870] {standard_task_runner.py:79} INFO - Running: ['***', 'tasks', 'run', 'trigger_sensor', 'waiting_for_run_file', 'scheduled__2022-09-02T00:00:00+00:00', '--job-id', '3798', '--raw', '--subdir', 'DAGS_FOLDER/trigger_dag.py', '--cfg-path', '/tmp/tmpmny6ajmd', '--error-file', '/tmp/tmphlg5dr6r']
[2022-09-03 00:30:31,913] {standard_task_runner.py:80} INFO - Job 3798: Subtask waiting_for_run_file
[2022-09-03 00:30:33,137] {task_command.py:371} INFO - Running <TaskInstance: trigger_sensor.waiting_for_run_file scheduled__2022-09-02T00:00:00+00:00 [running]> on host 643b3d669374
[2022-09-03 00:30:35,780] {taskinstance.py:1591} INFO - Exporting the following env vars:
AIRFLOW_CTX_DAG_OWNER=***
AIRFLOW_CTX_DAG_ID=trigger_sensor
AIRFLOW_CTX_TASK_ID=waiting_for_run_file
AIRFLOW_CTX_EXECUTION_DATE=2022-09-02T00:00:00+00:00
AIRFLOW_CTX_TRY_NUMBER=1
AIRFLOW_CTX_DAG_RUN_ID=scheduled__2022-09-02T00:00:00+00:00
[2022-09-03 00:30:35,802] {base.py:68} INFO - Using connection ID 'my_file_system_practice' for task execution.
[2022-09-03 00:30:35,804] {filesystem.py:58} INFO - Poking for file /opt/***/dags/test.txt
[2022-09-03 00:30:45,899] {base.py:68} INFO - Using connection ID 'my_file_system_practice' for task execution.
[2022-09-03 00:30:45,909] {filesystem.py:58} INFO - Poking for file /opt/***/dags/test.txt
[2022-09-03 00:40:46,612] {base.py:68} INFO - Using connection ID 'my_file_system_practice' for task execution.
[2022-09-03 00:40:46,621] {filesystem.py:58} INFO - Poking for file /opt/***/dags/test.txt
[2022-09-03 00:40:54,055] {local_task_job.py:221} WARNING - State of this instance has been externally set to failed. Terminating instance.
[2022-09-03 00:40:54,117] {process_utils.py:129} INFO - Sending Signals.SIGTERM to group 1277. PIDs of all processes in the group: [1277]
[2022-09-03 00:40:54,137] {process_utils.py:80} INFO - Sending the signal Signals.SIGTERM to group 1277
[2022-09-03 00:40:54,143] {taskinstance.py:1561} ERROR - Received SIGTERM. Terminating subprocesses.
[2022-09-03 00:40:54,503] {process_utils.py:75} INFO - Process psutil.Process(pid=1277, status='terminated', exitcode=0, started='00:30:31') (1277) terminated with exit code 0
