[2022-08-24 18:42:39,988] {taskinstance.py:1179} INFO - Dependencies all met for <TaskInstance: dynamically_branching1.check_table_exist scheduled__2018-12-16T00:00:00+00:00 [queued]>
[2022-08-24 18:42:40,158] {taskinstance.py:1179} INFO - Dependencies all met for <TaskInstance: dynamically_branching1.check_table_exist scheduled__2018-12-16T00:00:00+00:00 [queued]>
[2022-08-24 18:42:40,164] {taskinstance.py:1376} INFO - 
--------------------------------------------------------------------------------
[2022-08-24 18:42:40,169] {taskinstance.py:1377} INFO - Starting attempt 1 of 1
[2022-08-24 18:42:40,170] {taskinstance.py:1378} INFO - 
--------------------------------------------------------------------------------
[2022-08-24 18:42:40,308] {taskinstance.py:1397} INFO - Executing <Task(BranchPythonOperator): check_table_exist> on 2018-12-16 00:00:00+00:00
[2022-08-24 18:42:40,326] {standard_task_runner.py:52} INFO - Started process 3837 to run task
[2022-08-24 18:42:40,467] {standard_task_runner.py:79} INFO - Running: ['***', 'tasks', 'run', 'dynamically_branching1', 'check_table_exist', 'scheduled__2018-12-16T00:00:00+00:00', '--job-id', '850', '--raw', '--subdir', 'DAGS_FOLDER/jobs_dag.py', '--cfg-path', '/tmp/tmpoquww855', '--error-file', '/tmp/tmp55xl12yw']
[2022-08-24 18:42:40,471] {standard_task_runner.py:80} INFO - Job 850: Subtask check_table_exist
[2022-08-24 18:42:41,123] {task_command.py:371} INFO - Running <TaskInstance: dynamically_branching1.check_table_exist scheduled__2018-12-16T00:00:00+00:00 [running]> on host 9d5d2a77e6ba
[2022-08-24 18:42:41,870] {taskinstance.py:1591} INFO - Exporting the following env vars:
AIRFLOW_CTX_DAG_OWNER=***
AIRFLOW_CTX_DAG_ID=dynamically_branching1
AIRFLOW_CTX_TASK_ID=check_table_exist
AIRFLOW_CTX_EXECUTION_DATE=2018-12-16T00:00:00+00:00
AIRFLOW_CTX_TRY_NUMBER=1
AIRFLOW_CTX_DAG_RUN_ID=scheduled__2018-12-16T00:00:00+00:00
[2022-08-24 18:42:41,876] {python.py:173} INFO - Done. Returned value was: create_table
[2022-08-24 18:42:41,889] {skipmixin.py:140} INFO - Following branch create_table
[2022-08-24 18:42:41,892] {skipmixin.py:175} INFO - Skipping tasks []
[2022-08-24 18:42:42,254] {taskinstance.py:1420} INFO - Marking task as SUCCESS. dag_id=dynamically_branching1, task_id=check_table_exist, execution_date=20181216T000000, start_date=20220824T184240, end_date=20220824T184242
[2022-08-24 18:42:42,374] {local_task_job.py:156} INFO - Task exited with return code 0
[2022-08-24 18:42:43,069] {local_task_job.py:273} INFO - 1 downstream tasks scheduled from follow-on schedule check
