[2022-08-24 19:09:09,074] {taskinstance.py:1179} INFO - Dependencies all met for <TaskInstance: dynamically_branching1.bash_task scheduled__2020-07-31T00:00:00+00:00 [queued]>
[2022-08-24 19:09:09,381] {taskinstance.py:1179} INFO - Dependencies all met for <TaskInstance: dynamically_branching1.bash_task scheduled__2020-07-31T00:00:00+00:00 [queued]>
[2022-08-24 19:09:09,385] {taskinstance.py:1376} INFO - 
--------------------------------------------------------------------------------
[2022-08-24 19:09:09,387] {taskinstance.py:1377} INFO - Starting attempt 1 of 1
[2022-08-24 19:09:09,398] {taskinstance.py:1378} INFO - 
--------------------------------------------------------------------------------
[2022-08-24 19:09:09,601] {taskinstance.py:1397} INFO - Executing <Task(BashOperator): bash_task> on 2020-07-31 00:00:00+00:00
[2022-08-24 19:09:09,667] {standard_task_runner.py:52} INFO - Started process 6903 to run task
[2022-08-24 19:09:09,734] {standard_task_runner.py:79} INFO - Running: ['***', 'tasks', 'run', 'dynamically_branching1', 'bash_task', 'scheduled__2020-07-31T00:00:00+00:00', '--job-id', '1744', '--raw', '--subdir', 'DAGS_FOLDER/jobs_dag.py', '--cfg-path', '/tmp/tmp47xs0bir', '--error-file', '/tmp/tmp5ku8sa4r']
[2022-08-24 19:09:09,744] {standard_task_runner.py:80} INFO - Job 1744: Subtask bash_task
[2022-08-24 19:09:10,523] {task_command.py:371} INFO - Running <TaskInstance: dynamically_branching1.bash_task scheduled__2020-07-31T00:00:00+00:00 [running]> on host 9d5d2a77e6ba
[2022-08-24 19:09:11,692] {taskinstance.py:1591} INFO - Exporting the following env vars:
AIRFLOW_CTX_DAG_OWNER=***
AIRFLOW_CTX_DAG_ID=dynamically_branching1
AIRFLOW_CTX_TASK_ID=bash_task
AIRFLOW_CTX_EXECUTION_DATE=2020-07-31T00:00:00+00:00
AIRFLOW_CTX_TRY_NUMBER=1
AIRFLOW_CTX_DAG_RUN_ID=scheduled__2020-07-31T00:00:00+00:00
[2022-08-24 19:09:11,696] {subprocess.py:62} INFO - Tmp dir root location: 
 /tmp
[2022-08-24 19:09:11,706] {subprocess.py:74} INFO - Running command: ['bash', '-c', 'echo $(whoami)']
[2022-08-24 19:09:11,849] {subprocess.py:85} INFO - Output:
[2022-08-24 19:09:11,874] {subprocess.py:92} INFO - default
[2022-08-24 19:09:11,877] {subprocess.py:96} INFO - Command exited with return code 0
[2022-08-24 19:09:12,026] {taskinstance.py:1420} INFO - Marking task as SUCCESS. dag_id=dynamically_branching1, task_id=bash_task, execution_date=20200731T000000, start_date=20220824T190909, end_date=20220824T190912
[2022-08-24 19:09:12,238] {local_task_job.py:156} INFO - Task exited with return code 0
[2022-08-24 19:09:12,664] {local_task_job.py:273} INFO - 0 downstream tasks scheduled from follow-on schedule check
