[2022-08-24 19:00:55,085] {taskinstance.py:1179} INFO - Dependencies all met for <TaskInstance: dynamically_branching1.check_table_exist scheduled__2019-07-08T00:00:00+00:00 [queued]>
[2022-08-24 19:00:55,190] {taskinstance.py:1179} INFO - Dependencies all met for <TaskInstance: dynamically_branching1.check_table_exist scheduled__2019-07-08T00:00:00+00:00 [queued]>
[2022-08-24 19:00:55,191] {taskinstance.py:1376} INFO - 
--------------------------------------------------------------------------------
[2022-08-24 19:00:55,201] {taskinstance.py:1377} INFO - Starting attempt 1 of 1
[2022-08-24 19:00:55,203] {taskinstance.py:1378} INFO - 
--------------------------------------------------------------------------------
[2022-08-24 19:00:55,270] {taskinstance.py:1397} INFO - Executing <Task(BranchPythonOperator): check_table_exist> on 2019-07-08 00:00:00+00:00
[2022-08-24 19:00:55,284] {standard_task_runner.py:52} INFO - Started process 5304 to run task
[2022-08-24 19:00:55,327] {standard_task_runner.py:79} INFO - Running: ['***', 'tasks', 'run', 'dynamically_branching1', 'check_table_exist', 'scheduled__2019-07-08T00:00:00+00:00', '--job-id', '1187', '--raw', '--subdir', 'DAGS_FOLDER/jobs_dag.py', '--cfg-path', '/tmp/tmp98myla8b', '--error-file', '/tmp/tmp_rsd31ts']
[2022-08-24 19:00:55,333] {standard_task_runner.py:80} INFO - Job 1187: Subtask check_table_exist
[2022-08-24 19:00:55,614] {task_command.py:371} INFO - Running <TaskInstance: dynamically_branching1.check_table_exist scheduled__2019-07-08T00:00:00+00:00 [running]> on host 9d5d2a77e6ba
[2022-08-24 19:00:55,940] {taskinstance.py:1591} INFO - Exporting the following env vars:
AIRFLOW_CTX_DAG_OWNER=***
AIRFLOW_CTX_DAG_ID=dynamically_branching1
AIRFLOW_CTX_TASK_ID=check_table_exist
AIRFLOW_CTX_EXECUTION_DATE=2019-07-08T00:00:00+00:00
AIRFLOW_CTX_TRY_NUMBER=1
AIRFLOW_CTX_DAG_RUN_ID=scheduled__2019-07-08T00:00:00+00:00
[2022-08-24 19:00:55,944] {python.py:173} INFO - Done. Returned value was: create_table
[2022-08-24 19:00:55,950] {skipmixin.py:140} INFO - Following branch create_table
[2022-08-24 19:00:55,954] {skipmixin.py:175} INFO - Skipping tasks []
[2022-08-24 19:00:56,140] {taskinstance.py:1420} INFO - Marking task as SUCCESS. dag_id=dynamically_branching1, task_id=check_table_exist, execution_date=20190708T000000, start_date=20220824T190055, end_date=20220824T190056
[2022-08-24 19:00:56,271] {local_task_job.py:156} INFO - Task exited with return code 0
[2022-08-24 19:00:56,542] {local_task_job.py:273} INFO - 1 downstream tasks scheduled from follow-on schedule check
