[2022-08-24 19:12:04,296] {taskinstance.py:1179} INFO - Dependencies all met for <TaskInstance: dynamically_branching1.bash_task scheduled__2020-12-04T00:00:00+00:00 [queued]>
[2022-08-24 19:12:04,372] {taskinstance.py:1179} INFO - Dependencies all met for <TaskInstance: dynamically_branching1.bash_task scheduled__2020-12-04T00:00:00+00:00 [queued]>
[2022-08-24 19:12:04,380] {taskinstance.py:1376} INFO - 
--------------------------------------------------------------------------------
[2022-08-24 19:12:04,381] {taskinstance.py:1377} INFO - Starting attempt 1 of 1
[2022-08-24 19:12:04,382] {taskinstance.py:1378} INFO - 
--------------------------------------------------------------------------------
[2022-08-24 19:12:04,530] {taskinstance.py:1397} INFO - Executing <Task(BashOperator): bash_task> on 2020-12-04 00:00:00+00:00
[2022-08-24 19:12:04,577] {standard_task_runner.py:52} INFO - Started process 7757 to run task
[2022-08-24 19:12:04,630] {standard_task_runner.py:79} INFO - Running: ['***', 'tasks', 'run', 'dynamically_branching1', 'bash_task', 'scheduled__2020-12-04T00:00:00+00:00', '--job-id', '1996', '--raw', '--subdir', 'DAGS_FOLDER/jobs_dag.py', '--cfg-path', '/tmp/tmphspm91sr', '--error-file', '/tmp/tmpb_amyt7h']
[2022-08-24 19:12:04,649] {standard_task_runner.py:80} INFO - Job 1996: Subtask bash_task
[2022-08-24 19:12:05,461] {task_command.py:371} INFO - Running <TaskInstance: dynamically_branching1.bash_task scheduled__2020-12-04T00:00:00+00:00 [running]> on host 9d5d2a77e6ba
[2022-08-24 19:12:06,150] {taskinstance.py:1591} INFO - Exporting the following env vars:
AIRFLOW_CTX_DAG_OWNER=***
AIRFLOW_CTX_DAG_ID=dynamically_branching1
AIRFLOW_CTX_TASK_ID=bash_task
AIRFLOW_CTX_EXECUTION_DATE=2020-12-04T00:00:00+00:00
AIRFLOW_CTX_TRY_NUMBER=1
AIRFLOW_CTX_DAG_RUN_ID=scheduled__2020-12-04T00:00:00+00:00
[2022-08-24 19:12:06,153] {subprocess.py:62} INFO - Tmp dir root location: 
 /tmp
[2022-08-24 19:12:06,155] {subprocess.py:74} INFO - Running command: ['bash', '-c', 'echo $(whoami)']
[2022-08-24 19:12:06,279] {subprocess.py:85} INFO - Output:
[2022-08-24 19:12:06,336] {subprocess.py:92} INFO - default
[2022-08-24 19:12:06,344] {subprocess.py:96} INFO - Command exited with return code 0
[2022-08-24 19:12:06,504] {taskinstance.py:1420} INFO - Marking task as SUCCESS. dag_id=dynamically_branching1, task_id=bash_task, execution_date=20201204T000000, start_date=20220824T191204, end_date=20220824T191206
[2022-08-24 19:12:06,633] {local_task_job.py:156} INFO - Task exited with return code 0
[2022-08-24 19:12:06,899] {local_task_job.py:273} INFO - 1 downstream tasks scheduled from follow-on schedule check
