[2022-08-17 15:32:43,270] {taskinstance.py:1179} INFO - Dependencies all met for <TaskInstance: my_dag.training_model_C manual__2022-08-17T15:32:42+00:00 [queued]>
[2022-08-17 15:32:43,309] {taskinstance.py:1179} INFO - Dependencies all met for <TaskInstance: my_dag.training_model_C manual__2022-08-17T15:32:42+00:00 [queued]>
[2022-08-17 15:32:43,310] {taskinstance.py:1376} INFO - 
--------------------------------------------------------------------------------
[2022-08-17 15:32:43,314] {taskinstance.py:1377} INFO - Starting attempt 1 of 1
[2022-08-17 15:32:43,316] {taskinstance.py:1378} INFO - 
--------------------------------------------------------------------------------
[2022-08-17 15:32:43,339] {taskinstance.py:1397} INFO - Executing <Task(PythonOperator): training_model_C> on 2022-08-17 15:32:42+00:00
[2022-08-17 15:32:43,362] {standard_task_runner.py:52} INFO - Started process 2375 to run task
[2022-08-17 15:32:43,368] {standard_task_runner.py:79} INFO - Running: ['***', 'tasks', 'run', 'my_dag', 'training_model_C', 'manual__2022-08-17T15:32:42+00:00', '--job-id', '65', '--raw', '--subdir', 'DAGS_FOLDER/my_dag.py', '--cfg-path', '/tmp/tmpl3e1obzq', '--error-file', '/tmp/tmpl0t6elfb']
[2022-08-17 15:32:43,374] {standard_task_runner.py:80} INFO - Job 65: Subtask training_model_C
[2022-08-17 15:32:43,555] {task_command.py:371} INFO - Running <TaskInstance: my_dag.training_model_C manual__2022-08-17T15:32:42+00:00 [running]> on host 9d5d2a77e6ba
[2022-08-17 15:32:43,738] {taskinstance.py:1591} INFO - Exporting the following env vars:
AIRFLOW_CTX_DAG_OWNER=***
AIRFLOW_CTX_DAG_ID=my_dag
AIRFLOW_CTX_TASK_ID=training_model_C
AIRFLOW_CTX_EXECUTION_DATE=2022-08-17T15:32:42+00:00
AIRFLOW_CTX_TRY_NUMBER=1
AIRFLOW_CTX_DAG_RUN_ID=manual__2022-08-17T15:32:42+00:00
[2022-08-17 15:32:43,742] {python.py:173} INFO - Done. Returned value was: 9
[2022-08-17 15:32:43,783] {taskinstance.py:1420} INFO - Marking task as SUCCESS. dag_id=my_dag, task_id=training_model_C, execution_date=20220817T153242, start_date=20220817T153243, end_date=20220817T153243
[2022-08-17 15:32:43,852] {local_task_job.py:156} INFO - Task exited with return code 0
[2022-08-17 15:32:43,949] {local_task_job.py:273} INFO - 0 downstream tasks scheduled from follow-on schedule check
