[2022-08-24 19:05:27,463] {taskinstance.py:1179} INFO - Dependencies all met for <TaskInstance: dynamically_branching1.bash_task scheduled__2020-03-05T00:00:00+00:00 [queued]>
[2022-08-24 19:05:27,520] {taskinstance.py:1179} INFO - Dependencies all met for <TaskInstance: dynamically_branching1.bash_task scheduled__2020-03-05T00:00:00+00:00 [queued]>
[2022-08-24 19:05:27,523] {taskinstance.py:1376} INFO - 
--------------------------------------------------------------------------------
[2022-08-24 19:05:27,524] {taskinstance.py:1377} INFO - Starting attempt 1 of 1
[2022-08-24 19:05:27,525] {taskinstance.py:1378} INFO - 
--------------------------------------------------------------------------------
[2022-08-24 19:05:27,630] {taskinstance.py:1397} INFO - Executing <Task(BashOperator): bash_task> on 2020-03-05 00:00:00+00:00
[2022-08-24 19:05:27,681] {standard_task_runner.py:52} INFO - Started process 6043 to run task
[2022-08-24 19:05:27,737] {standard_task_runner.py:79} INFO - Running: ['***', 'tasks', 'run', 'dynamically_branching1', 'bash_task', 'scheduled__2020-03-05T00:00:00+00:00', '--job-id', '1449', '--raw', '--subdir', 'DAGS_FOLDER/jobs_dag.py', '--cfg-path', '/tmp/tmp06dvd6k2', '--error-file', '/tmp/tmp53ffy9og']
[2022-08-24 19:05:27,744] {standard_task_runner.py:80} INFO - Job 1449: Subtask bash_task
[2022-08-24 19:05:28,557] {task_command.py:371} INFO - Running <TaskInstance: dynamically_branching1.bash_task scheduled__2020-03-05T00:00:00+00:00 [running]> on host 9d5d2a77e6ba
[2022-08-24 19:05:29,027] {taskinstance.py:1591} INFO - Exporting the following env vars:
AIRFLOW_CTX_DAG_OWNER=***
AIRFLOW_CTX_DAG_ID=dynamically_branching1
AIRFLOW_CTX_TASK_ID=bash_task
AIRFLOW_CTX_EXECUTION_DATE=2020-03-05T00:00:00+00:00
AIRFLOW_CTX_TRY_NUMBER=1
AIRFLOW_CTX_DAG_RUN_ID=scheduled__2020-03-05T00:00:00+00:00
[2022-08-24 19:05:29,030] {subprocess.py:62} INFO - Tmp dir root location: 
 /tmp
[2022-08-24 19:05:29,035] {subprocess.py:74} INFO - Running command: ['bash', '-c', "echo 'command executed from BashOperator'"]
[2022-08-24 19:05:29,080] {subprocess.py:85} INFO - Output:
[2022-08-24 19:05:29,084] {subprocess.py:92} INFO - command executed from BashOperator
[2022-08-24 19:05:29,086] {subprocess.py:96} INFO - Command exited with return code 0
[2022-08-24 19:05:29,220] {taskinstance.py:1420} INFO - Marking task as SUCCESS. dag_id=dynamically_branching1, task_id=bash_task, execution_date=20200305T000000, start_date=20220824T190527, end_date=20220824T190529
[2022-08-24 19:05:29,304] {local_task_job.py:156} INFO - Task exited with return code 0
[2022-08-24 19:05:29,532] {local_task_job.py:273} INFO - 0 downstream tasks scheduled from follow-on schedule check
