[2022-08-24 19:21:00,452] {taskinstance.py:1179} INFO - Dependencies all met for <TaskInstance: dynamically_branching1.bash_task scheduled__2022-03-07T00:00:00+00:00 [queued]>
[2022-08-24 19:21:00,475] {taskinstance.py:1179} INFO - Dependencies all met for <TaskInstance: dynamically_branching1.bash_task scheduled__2022-03-07T00:00:00+00:00 [queued]>
[2022-08-24 19:21:00,476] {taskinstance.py:1376} INFO - 
--------------------------------------------------------------------------------
[2022-08-24 19:21:00,477] {taskinstance.py:1377} INFO - Starting attempt 1 of 1
[2022-08-24 19:21:00,478] {taskinstance.py:1378} INFO - 
--------------------------------------------------------------------------------
[2022-08-24 19:21:00,531] {taskinstance.py:1397} INFO - Executing <Task(BashOperator): bash_task> on 2022-03-07 00:00:00+00:00
[2022-08-24 19:21:00,542] {standard_task_runner.py:52} INFO - Started process 10753 to run task
[2022-08-24 19:21:00,568] {standard_task_runner.py:79} INFO - Running: ['***', 'tasks', 'run', 'dynamically_branching1', 'bash_task', 'scheduled__2022-03-07T00:00:00+00:00', '--job-id', '2915', '--raw', '--subdir', 'DAGS_FOLDER/jobs_dag.py', '--cfg-path', '/tmp/tmpkputtgb1', '--error-file', '/tmp/tmpaq33bapt']
[2022-08-24 19:21:00,576] {standard_task_runner.py:80} INFO - Job 2915: Subtask bash_task
[2022-08-24 19:21:00,779] {task_command.py:371} INFO - Running <TaskInstance: dynamically_branching1.bash_task scheduled__2022-03-07T00:00:00+00:00 [running]> on host 9d5d2a77e6ba
[2022-08-24 19:21:01,340] {taskinstance.py:1591} INFO - Exporting the following env vars:
AIRFLOW_CTX_DAG_OWNER=***
AIRFLOW_CTX_DAG_ID=dynamically_branching1
AIRFLOW_CTX_TASK_ID=bash_task
AIRFLOW_CTX_EXECUTION_DATE=2022-03-07T00:00:00+00:00
AIRFLOW_CTX_TRY_NUMBER=1
AIRFLOW_CTX_DAG_RUN_ID=scheduled__2022-03-07T00:00:00+00:00
[2022-08-24 19:21:01,343] {subprocess.py:62} INFO - Tmp dir root location: 
 /tmp
[2022-08-24 19:21:01,345] {subprocess.py:74} INFO - Running command: ['bash', '-c', 'echo $(whoami)']
[2022-08-24 19:21:01,382] {subprocess.py:85} INFO - Output:
[2022-08-24 19:21:01,393] {subprocess.py:92} INFO - default
[2022-08-24 19:21:01,396] {subprocess.py:96} INFO - Command exited with return code 0
[2022-08-24 19:21:01,508] {taskinstance.py:1420} INFO - Marking task as SUCCESS. dag_id=dynamically_branching1, task_id=bash_task, execution_date=20220307T000000, start_date=20220824T192100, end_date=20220824T192101
[2022-08-24 19:21:01,609] {local_task_job.py:156} INFO - Task exited with return code 0
[2022-08-24 19:21:01,790] {local_task_job.py:273} INFO - 1 downstream tasks scheduled from follow-on schedule check
