[2022-08-24 19:19:45,380] {taskinstance.py:1179} INFO - Dependencies all met for <TaskInstance: dynamically_branching1.bash_task scheduled__2022-01-06T00:00:00+00:00 [queued]>
[2022-08-24 19:19:45,446] {taskinstance.py:1179} INFO - Dependencies all met for <TaskInstance: dynamically_branching1.bash_task scheduled__2022-01-06T00:00:00+00:00 [queued]>
[2022-08-24 19:19:45,450] {taskinstance.py:1376} INFO - 
--------------------------------------------------------------------------------
[2022-08-24 19:19:45,452] {taskinstance.py:1377} INFO - Starting attempt 1 of 1
[2022-08-24 19:19:45,453] {taskinstance.py:1378} INFO - 
--------------------------------------------------------------------------------
[2022-08-24 19:19:45,592] {taskinstance.py:1397} INFO - Executing <Task(BashOperator): bash_task> on 2022-01-06 00:00:00+00:00
[2022-08-24 19:19:45,606] {standard_task_runner.py:52} INFO - Started process 10367 to run task
[2022-08-24 19:19:45,665] {standard_task_runner.py:79} INFO - Running: ['***', 'tasks', 'run', 'dynamically_branching1', 'bash_task', 'scheduled__2022-01-06T00:00:00+00:00', '--job-id', '2793', '--raw', '--subdir', 'DAGS_FOLDER/jobs_dag.py', '--cfg-path', '/tmp/tmpqt1c3in7', '--error-file', '/tmp/tmp96okgm7h']
[2022-08-24 19:19:45,671] {standard_task_runner.py:80} INFO - Job 2793: Subtask bash_task
[2022-08-24 19:19:46,169] {task_command.py:371} INFO - Running <TaskInstance: dynamically_branching1.bash_task scheduled__2022-01-06T00:00:00+00:00 [running]> on host 9d5d2a77e6ba
[2022-08-24 19:19:46,396] {taskinstance.py:1591} INFO - Exporting the following env vars:
AIRFLOW_CTX_DAG_OWNER=***
AIRFLOW_CTX_DAG_ID=dynamically_branching1
AIRFLOW_CTX_TASK_ID=bash_task
AIRFLOW_CTX_EXECUTION_DATE=2022-01-06T00:00:00+00:00
AIRFLOW_CTX_TRY_NUMBER=1
AIRFLOW_CTX_DAG_RUN_ID=scheduled__2022-01-06T00:00:00+00:00
[2022-08-24 19:19:46,400] {subprocess.py:62} INFO - Tmp dir root location: 
 /tmp
[2022-08-24 19:19:46,405] {subprocess.py:74} INFO - Running command: ['bash', '-c', 'echo $(whoami)']
[2022-08-24 19:19:46,442] {subprocess.py:85} INFO - Output:
[2022-08-24 19:19:46,469] {subprocess.py:92} INFO - default
[2022-08-24 19:19:46,471] {subprocess.py:96} INFO - Command exited with return code 0
[2022-08-24 19:19:46,590] {taskinstance.py:1420} INFO - Marking task as SUCCESS. dag_id=dynamically_branching1, task_id=bash_task, execution_date=20220106T000000, start_date=20220824T191945, end_date=20220824T191946
[2022-08-24 19:19:46,733] {local_task_job.py:156} INFO - Task exited with return code 0
[2022-08-24 19:19:46,998] {local_task_job.py:273} INFO - 1 downstream tasks scheduled from follow-on schedule check
