[2022-08-24 19:22:36,508] {taskinstance.py:1179} INFO - Dependencies all met for <TaskInstance: dynamically_branching1.bash_task scheduled__2022-06-01T00:00:00+00:00 [queued]>
[2022-08-24 19:22:36,537] {taskinstance.py:1179} INFO - Dependencies all met for <TaskInstance: dynamically_branching1.bash_task scheduled__2022-06-01T00:00:00+00:00 [queued]>
[2022-08-24 19:22:36,538] {taskinstance.py:1376} INFO - 
--------------------------------------------------------------------------------
[2022-08-24 19:22:36,539] {taskinstance.py:1377} INFO - Starting attempt 1 of 1
[2022-08-24 19:22:36,540] {taskinstance.py:1378} INFO - 
--------------------------------------------------------------------------------
[2022-08-24 19:22:36,617] {taskinstance.py:1397} INFO - Executing <Task(BashOperator): bash_task> on 2022-06-01 00:00:00+00:00
[2022-08-24 19:22:36,640] {standard_task_runner.py:52} INFO - Started process 11304 to run task
[2022-08-24 19:22:36,670] {standard_task_runner.py:79} INFO - Running: ['***', 'tasks', 'run', 'dynamically_branching1', 'bash_task', 'scheduled__2022-06-01T00:00:00+00:00', '--job-id', '3082', '--raw', '--subdir', 'DAGS_FOLDER/jobs_dag.py', '--cfg-path', '/tmp/tmpelru9acm', '--error-file', '/tmp/tmpsdvlrxii']
[2022-08-24 19:22:36,678] {standard_task_runner.py:80} INFO - Job 3082: Subtask bash_task
[2022-08-24 19:22:36,853] {task_command.py:371} INFO - Running <TaskInstance: dynamically_branching1.bash_task scheduled__2022-06-01T00:00:00+00:00 [running]> on host 9d5d2a77e6ba
[2022-08-24 19:22:37,238] {taskinstance.py:1591} INFO - Exporting the following env vars:
AIRFLOW_CTX_DAG_OWNER=***
AIRFLOW_CTX_DAG_ID=dynamically_branching1
AIRFLOW_CTX_TASK_ID=bash_task
AIRFLOW_CTX_EXECUTION_DATE=2022-06-01T00:00:00+00:00
AIRFLOW_CTX_TRY_NUMBER=1
AIRFLOW_CTX_DAG_RUN_ID=scheduled__2022-06-01T00:00:00+00:00
[2022-08-24 19:22:37,241] {subprocess.py:62} INFO - Tmp dir root location: 
 /tmp
[2022-08-24 19:22:37,246] {subprocess.py:74} INFO - Running command: ['bash', '-c', 'echo $(whoami)']
[2022-08-24 19:22:37,317] {subprocess.py:85} INFO - Output:
[2022-08-24 19:22:37,358] {subprocess.py:92} INFO - default
[2022-08-24 19:22:37,359] {subprocess.py:96} INFO - Command exited with return code 0
[2022-08-24 19:22:37,562] {taskinstance.py:1420} INFO - Marking task as SUCCESS. dag_id=dynamically_branching1, task_id=bash_task, execution_date=20220601T000000, start_date=20220824T192236, end_date=20220824T192237
[2022-08-24 19:22:37,761] {local_task_job.py:156} INFO - Task exited with return code 0
[2022-08-24 19:22:38,294] {local_task_job.py:273} INFO - 0 downstream tasks scheduled from follow-on schedule check
