[2022-08-24 19:02:12,543] {taskinstance.py:1179} INFO - Dependencies all met for <TaskInstance: dynamically_branching1.check_table_exist scheduled__2019-08-23T00:00:00+00:00 [queued]>
[2022-08-24 19:02:12,573] {taskinstance.py:1179} INFO - Dependencies all met for <TaskInstance: dynamically_branching1.check_table_exist scheduled__2019-08-23T00:00:00+00:00 [queued]>
[2022-08-24 19:02:12,574] {taskinstance.py:1376} INFO - 
--------------------------------------------------------------------------------
[2022-08-24 19:02:12,575] {taskinstance.py:1377} INFO - Starting attempt 1 of 1
[2022-08-24 19:02:12,576] {taskinstance.py:1378} INFO - 
--------------------------------------------------------------------------------
[2022-08-24 19:02:12,620] {taskinstance.py:1397} INFO - Executing <Task(BranchPythonOperator): check_table_exist> on 2019-08-23 00:00:00+00:00
[2022-08-24 19:02:12,629] {standard_task_runner.py:52} INFO - Started process 5457 to run task
[2022-08-24 19:02:12,647] {standard_task_runner.py:79} INFO - Running: ['***', 'tasks', 'run', 'dynamically_branching1', 'check_table_exist', 'scheduled__2019-08-23T00:00:00+00:00', '--job-id', '1234', '--raw', '--subdir', 'DAGS_FOLDER/jobs_dag.py', '--cfg-path', '/tmp/tmpd9bm4i04', '--error-file', '/tmp/tmpy9lixukh']
[2022-08-24 19:02:12,649] {standard_task_runner.py:80} INFO - Job 1234: Subtask check_table_exist
[2022-08-24 19:02:12,868] {task_command.py:371} INFO - Running <TaskInstance: dynamically_branching1.check_table_exist scheduled__2019-08-23T00:00:00+00:00 [running]> on host 9d5d2a77e6ba
[2022-08-24 19:02:13,143] {taskinstance.py:1591} INFO - Exporting the following env vars:
AIRFLOW_CTX_DAG_OWNER=***
AIRFLOW_CTX_DAG_ID=dynamically_branching1
AIRFLOW_CTX_TASK_ID=check_table_exist
AIRFLOW_CTX_EXECUTION_DATE=2019-08-23T00:00:00+00:00
AIRFLOW_CTX_TRY_NUMBER=1
AIRFLOW_CTX_DAG_RUN_ID=scheduled__2019-08-23T00:00:00+00:00
[2022-08-24 19:02:13,145] {python.py:173} INFO - Done. Returned value was: insert_row
[2022-08-24 19:02:13,147] {skipmixin.py:140} INFO - Following branch insert_row
[2022-08-24 19:02:13,148] {skipmixin.py:175} INFO - Skipping tasks ['create_table']
[2022-08-24 19:02:13,229] {taskinstance.py:1420} INFO - Marking task as SUCCESS. dag_id=dynamically_branching1, task_id=check_table_exist, execution_date=20190823T000000, start_date=20220824T190212, end_date=20220824T190213
[2022-08-24 19:02:13,310] {local_task_job.py:156} INFO - Task exited with return code 0
[2022-08-24 19:02:13,580] {local_task_job.py:273} INFO - 0 downstream tasks scheduled from follow-on schedule check
