[2022-08-24 19:17:49,552] {taskinstance.py:1179} INFO - Dependencies all met for <TaskInstance: dynamically_branching1.check_table_exist scheduled__2021-09-24T00:00:00+00:00 [queued]>
[2022-08-24 19:17:49,633] {taskinstance.py:1179} INFO - Dependencies all met for <TaskInstance: dynamically_branching1.check_table_exist scheduled__2021-09-24T00:00:00+00:00 [queued]>
[2022-08-24 19:17:49,636] {taskinstance.py:1376} INFO - 
--------------------------------------------------------------------------------
[2022-08-24 19:17:49,638] {taskinstance.py:1377} INFO - Starting attempt 1 of 1
[2022-08-24 19:17:49,640] {taskinstance.py:1378} INFO - 
--------------------------------------------------------------------------------
[2022-08-24 19:17:49,773] {taskinstance.py:1397} INFO - Executing <Task(BranchPythonOperator): check_table_exist> on 2021-09-24 00:00:00+00:00
[2022-08-24 19:17:49,833] {standard_task_runner.py:52} INFO - Started process 9716 to run task
[2022-08-24 19:17:49,942] {standard_task_runner.py:79} INFO - Running: ['***', 'tasks', 'run', 'dynamically_branching1', 'check_table_exist', 'scheduled__2021-09-24T00:00:00+00:00', '--job-id', '2596', '--raw', '--subdir', 'DAGS_FOLDER/jobs_dag.py', '--cfg-path', '/tmp/tmp6q8uawva', '--error-file', '/tmp/tmp3vv1zs7c']
[2022-08-24 19:17:49,947] {standard_task_runner.py:80} INFO - Job 2596: Subtask check_table_exist
[2022-08-24 19:17:50,621] {task_command.py:371} INFO - Running <TaskInstance: dynamically_branching1.check_table_exist scheduled__2021-09-24T00:00:00+00:00 [running]> on host 9d5d2a77e6ba
[2022-08-24 19:17:50,891] {taskinstance.py:1591} INFO - Exporting the following env vars:
AIRFLOW_CTX_DAG_OWNER=***
AIRFLOW_CTX_DAG_ID=dynamically_branching1
AIRFLOW_CTX_TASK_ID=check_table_exist
AIRFLOW_CTX_EXECUTION_DATE=2021-09-24T00:00:00+00:00
AIRFLOW_CTX_TRY_NUMBER=1
AIRFLOW_CTX_DAG_RUN_ID=scheduled__2021-09-24T00:00:00+00:00
[2022-08-24 19:17:50,898] {python.py:173} INFO - Done. Returned value was: insert_row
[2022-08-24 19:17:50,899] {skipmixin.py:140} INFO - Following branch insert_row
[2022-08-24 19:17:50,901] {skipmixin.py:175} INFO - Skipping tasks ['create_table']
[2022-08-24 19:17:51,084] {taskinstance.py:1420} INFO - Marking task as SUCCESS. dag_id=dynamically_branching1, task_id=check_table_exist, execution_date=20210924T000000, start_date=20220824T191749, end_date=20220824T191751
[2022-08-24 19:17:51,189] {local_task_job.py:156} INFO - Task exited with return code 0
[2022-08-24 19:17:51,420] {local_task_job.py:273} INFO - 1 downstream tasks scheduled from follow-on schedule check
