[2022-08-24 19:22:15,021] {taskinstance.py:1179} INFO - Dependencies all met for <TaskInstance: dynamically_branching1.bash_task scheduled__2022-05-08T00:00:00+00:00 [queued]>
[2022-08-24 19:22:15,040] {taskinstance.py:1179} INFO - Dependencies all met for <TaskInstance: dynamically_branching1.bash_task scheduled__2022-05-08T00:00:00+00:00 [queued]>
[2022-08-24 19:22:15,041] {taskinstance.py:1376} INFO - 
--------------------------------------------------------------------------------
[2022-08-24 19:22:15,045] {taskinstance.py:1377} INFO - Starting attempt 1 of 1
[2022-08-24 19:22:15,046] {taskinstance.py:1378} INFO - 
--------------------------------------------------------------------------------
[2022-08-24 19:22:15,081] {taskinstance.py:1397} INFO - Executing <Task(BashOperator): bash_task> on 2022-05-08 00:00:00+00:00
[2022-08-24 19:22:15,099] {standard_task_runner.py:52} INFO - Started process 11165 to run task
[2022-08-24 19:22:15,109] {standard_task_runner.py:79} INFO - Running: ['***', 'tasks', 'run', 'dynamically_branching1', 'bash_task', 'scheduled__2022-05-08T00:00:00+00:00', '--job-id', '3041', '--raw', '--subdir', 'DAGS_FOLDER/jobs_dag.py', '--cfg-path', '/tmp/tmpw1tsvvx6', '--error-file', '/tmp/tmpywy7af6v']
[2022-08-24 19:22:15,110] {standard_task_runner.py:80} INFO - Job 3041: Subtask bash_task
[2022-08-24 19:22:15,298] {task_command.py:371} INFO - Running <TaskInstance: dynamically_branching1.bash_task scheduled__2022-05-08T00:00:00+00:00 [running]> on host 9d5d2a77e6ba
[2022-08-24 19:22:15,575] {taskinstance.py:1591} INFO - Exporting the following env vars:
AIRFLOW_CTX_DAG_OWNER=***
AIRFLOW_CTX_DAG_ID=dynamically_branching1
AIRFLOW_CTX_TASK_ID=bash_task
AIRFLOW_CTX_EXECUTION_DATE=2022-05-08T00:00:00+00:00
AIRFLOW_CTX_TRY_NUMBER=1
AIRFLOW_CTX_DAG_RUN_ID=scheduled__2022-05-08T00:00:00+00:00
[2022-08-24 19:22:15,577] {subprocess.py:62} INFO - Tmp dir root location: 
 /tmp
[2022-08-24 19:22:15,581] {subprocess.py:74} INFO - Running command: ['bash', '-c', 'echo $(whoami)']
[2022-08-24 19:22:15,619] {subprocess.py:85} INFO - Output:
[2022-08-24 19:22:15,630] {subprocess.py:92} INFO - default
[2022-08-24 19:22:15,631] {subprocess.py:96} INFO - Command exited with return code 0
[2022-08-24 19:22:15,705] {taskinstance.py:1420} INFO - Marking task as SUCCESS. dag_id=dynamically_branching1, task_id=bash_task, execution_date=20220508T000000, start_date=20220824T192215, end_date=20220824T192215
[2022-08-24 19:22:15,797] {local_task_job.py:156} INFO - Task exited with return code 0
[2022-08-24 19:22:15,956] {local_task_job.py:273} INFO - 0 downstream tasks scheduled from follow-on schedule check
