[2022-08-24 19:05:40,551] {taskinstance.py:1179} INFO - Dependencies all met for <TaskInstance: dynamically_branching1.bash_task scheduled__2020-03-14T00:00:00+00:00 [queued]>
[2022-08-24 19:05:40,784] {taskinstance.py:1179} INFO - Dependencies all met for <TaskInstance: dynamically_branching1.bash_task scheduled__2020-03-14T00:00:00+00:00 [queued]>
[2022-08-24 19:05:40,797] {taskinstance.py:1376} INFO - 
--------------------------------------------------------------------------------
[2022-08-24 19:05:40,799] {taskinstance.py:1377} INFO - Starting attempt 1 of 1
[2022-08-24 19:05:40,801] {taskinstance.py:1378} INFO - 
--------------------------------------------------------------------------------
[2022-08-24 19:05:41,067] {taskinstance.py:1397} INFO - Executing <Task(BashOperator): bash_task> on 2020-03-14 00:00:00+00:00
[2022-08-24 19:05:41,106] {standard_task_runner.py:52} INFO - Started process 6090 to run task
[2022-08-24 19:05:41,162] {standard_task_runner.py:79} INFO - Running: ['***', 'tasks', 'run', 'dynamically_branching1', 'bash_task', 'scheduled__2020-03-14T00:00:00+00:00', '--job-id', '1467', '--raw', '--subdir', 'DAGS_FOLDER/jobs_dag.py', '--cfg-path', '/tmp/tmpd4q4x_h1', '--error-file', '/tmp/tmp5is2n6cf']
[2022-08-24 19:05:41,188] {standard_task_runner.py:80} INFO - Job 1467: Subtask bash_task
[2022-08-24 19:05:41,757] {task_command.py:371} INFO - Running <TaskInstance: dynamically_branching1.bash_task scheduled__2020-03-14T00:00:00+00:00 [running]> on host 9d5d2a77e6ba
[2022-08-24 19:05:42,875] {taskinstance.py:1591} INFO - Exporting the following env vars:
AIRFLOW_CTX_DAG_OWNER=***
AIRFLOW_CTX_DAG_ID=dynamically_branching1
AIRFLOW_CTX_TASK_ID=bash_task
AIRFLOW_CTX_EXECUTION_DATE=2020-03-14T00:00:00+00:00
AIRFLOW_CTX_TRY_NUMBER=1
AIRFLOW_CTX_DAG_RUN_ID=scheduled__2020-03-14T00:00:00+00:00
[2022-08-24 19:05:42,880] {subprocess.py:62} INFO - Tmp dir root location: 
 /tmp
[2022-08-24 19:05:42,896] {subprocess.py:74} INFO - Running command: ['bash', '-c', "echo 'command executed from BashOperator'"]
[2022-08-24 19:05:43,056] {subprocess.py:85} INFO - Output:
[2022-08-24 19:05:43,077] {subprocess.py:92} INFO - command executed from BashOperator
[2022-08-24 19:05:43,101] {subprocess.py:96} INFO - Command exited with return code 0
[2022-08-24 19:05:43,647] {taskinstance.py:1420} INFO - Marking task as SUCCESS. dag_id=dynamically_branching1, task_id=bash_task, execution_date=20200314T000000, start_date=20220824T190540, end_date=20220824T190543
[2022-08-24 19:05:43,895] {local_task_job.py:156} INFO - Task exited with return code 0
[2022-08-24 19:05:44,225] {local_task_job.py:273} INFO - 0 downstream tasks scheduled from follow-on schedule check
