[2022-08-24 19:10:42,229] {taskinstance.py:1179} INFO - Dependencies all met for <TaskInstance: dynamically_branching1.check_table_exist scheduled__2020-10-02T00:00:00+00:00 [queued]>
[2022-08-24 19:10:42,301] {taskinstance.py:1179} INFO - Dependencies all met for <TaskInstance: dynamically_branching1.check_table_exist scheduled__2020-10-02T00:00:00+00:00 [queued]>
[2022-08-24 19:10:42,302] {taskinstance.py:1376} INFO - 
--------------------------------------------------------------------------------
[2022-08-24 19:10:42,307] {taskinstance.py:1377} INFO - Starting attempt 1 of 1
[2022-08-24 19:10:42,308] {taskinstance.py:1378} INFO - 
--------------------------------------------------------------------------------
[2022-08-24 19:10:42,377] {taskinstance.py:1397} INFO - Executing <Task(BranchPythonOperator): check_table_exist> on 2020-10-02 00:00:00+00:00
[2022-08-24 19:10:42,398] {standard_task_runner.py:52} INFO - Started process 7359 to run task
[2022-08-24 19:10:42,425] {standard_task_runner.py:79} INFO - Running: ['***', 'tasks', 'run', 'dynamically_branching1', 'check_table_exist', 'scheduled__2020-10-02T00:00:00+00:00', '--job-id', '1883', '--raw', '--subdir', 'DAGS_FOLDER/jobs_dag.py', '--cfg-path', '/tmp/tmpw8t4cnl9', '--error-file', '/tmp/tmplvl5bkih']
[2022-08-24 19:10:42,426] {standard_task_runner.py:80} INFO - Job 1883: Subtask check_table_exist
[2022-08-24 19:10:42,731] {task_command.py:371} INFO - Running <TaskInstance: dynamically_branching1.check_table_exist scheduled__2020-10-02T00:00:00+00:00 [running]> on host 9d5d2a77e6ba
[2022-08-24 19:10:43,087] {taskinstance.py:1591} INFO - Exporting the following env vars:
AIRFLOW_CTX_DAG_OWNER=***
AIRFLOW_CTX_DAG_ID=dynamically_branching1
AIRFLOW_CTX_TASK_ID=check_table_exist
AIRFLOW_CTX_EXECUTION_DATE=2020-10-02T00:00:00+00:00
AIRFLOW_CTX_TRY_NUMBER=1
AIRFLOW_CTX_DAG_RUN_ID=scheduled__2020-10-02T00:00:00+00:00
[2022-08-24 19:10:43,097] {python.py:173} INFO - Done. Returned value was: insert_row
[2022-08-24 19:10:43,098] {skipmixin.py:140} INFO - Following branch insert_row
[2022-08-24 19:10:43,099] {skipmixin.py:175} INFO - Skipping tasks ['create_table']
[2022-08-24 19:10:43,420] {taskinstance.py:1420} INFO - Marking task as SUCCESS. dag_id=dynamically_branching1, task_id=check_table_exist, execution_date=20201002T000000, start_date=20220824T191042, end_date=20220824T191043
[2022-08-24 19:10:43,525] {local_task_job.py:156} INFO - Task exited with return code 0
[2022-08-24 19:10:43,697] {local_task_job.py:273} INFO - 1 downstream tasks scheduled from follow-on schedule check
