[2022-09-06 20:58:42,242] {taskinstance.py:1179} INFO - Dependencies all met for <TaskInstance: tables_name_1.bash_task manual__2022-09-06T20:58:40.624681+00:00 [queued]>
[2022-09-06 20:58:42,253] {taskinstance.py:1179} INFO - Dependencies all met for <TaskInstance: tables_name_1.bash_task manual__2022-09-06T20:58:40.624681+00:00 [queued]>
[2022-09-06 20:58:42,254] {taskinstance.py:1376} INFO - 
--------------------------------------------------------------------------------
[2022-09-06 20:58:42,255] {taskinstance.py:1377} INFO - Starting attempt 1 of 1
[2022-09-06 20:58:42,256] {taskinstance.py:1378} INFO - 
--------------------------------------------------------------------------------
[2022-09-06 20:58:42,276] {taskinstance.py:1397} INFO - Executing <Task(BashOperator): bash_task> on 2022-09-06 20:58:40.624681+00:00
[2022-09-06 20:58:42,282] {standard_task_runner.py:52} INFO - Started process 10947 to run task
[2022-09-06 20:58:42,286] {standard_task_runner.py:79} INFO - Running: ['***', 'tasks', 'run', 'tables_name_1', 'bash_task', 'manual__2022-09-06T20:58:40.624681+00:00', '--job-id', '3898', '--raw', '--subdir', 'DAGS_FOLDER/jobs_dag.py', '--cfg-path', '/tmp/tmp712bf282', '--error-file', '/tmp/tmptnod7uei']
[2022-09-06 20:58:42,287] {standard_task_runner.py:80} INFO - Job 3898: Subtask bash_task
[2022-09-06 20:58:42,369] {task_command.py:371} INFO - Running <TaskInstance: tables_name_1.bash_task manual__2022-09-06T20:58:40.624681+00:00 [running]> on host eba23da77ca5
[2022-09-06 20:58:42,458] {taskinstance.py:1591} INFO - Exporting the following env vars:
AIRFLOW_CTX_DAG_OWNER=***
AIRFLOW_CTX_DAG_ID=tables_name_1
AIRFLOW_CTX_TASK_ID=bash_task
AIRFLOW_CTX_EXECUTION_DATE=2022-09-06T20:58:40.624681+00:00
AIRFLOW_CTX_TRY_NUMBER=1
AIRFLOW_CTX_DAG_RUN_ID=manual__2022-09-06T20:58:40.624681+00:00
[2022-09-06 20:58:42,460] {subprocess.py:62} INFO - Tmp dir root location: 
 /tmp
[2022-09-06 20:58:42,461] {subprocess.py:74} INFO - Running command: ['bash', '-c', 'whoami']
[2022-09-06 20:58:42,475] {subprocess.py:85} INFO - Output:
[2022-09-06 20:58:42,479] {subprocess.py:92} INFO - default
[2022-09-06 20:58:42,481] {subprocess.py:96} INFO - Command exited with return code 0
[2022-09-06 20:58:42,521] {taskinstance.py:1420} INFO - Marking task as SUCCESS. dag_id=tables_name_1, task_id=bash_task, execution_date=20220906T205840, start_date=20220906T205842, end_date=20220906T205842
[2022-09-06 20:58:42,584] {local_task_job.py:156} INFO - Task exited with return code 0
[2022-09-06 20:58:42,643] {local_task_job.py:273} INFO - 1 downstream tasks scheduled from follow-on schedule check
