[2022-09-01 18:12:18,285] {taskinstance.py:1179} INFO - Dependencies all met for <TaskInstance: trigger_sensor.waiting_for_run_file manual__2022-09-01T18:12:16.901238+00:00 [queued]>
[2022-09-01 18:12:18,304] {taskinstance.py:1179} INFO - Dependencies all met for <TaskInstance: trigger_sensor.waiting_for_run_file manual__2022-09-01T18:12:16.901238+00:00 [queued]>
[2022-09-01 18:12:18,306] {taskinstance.py:1376} INFO - 
--------------------------------------------------------------------------------
[2022-09-01 18:12:18,307] {taskinstance.py:1377} INFO - Starting attempt 1 of 1
[2022-09-01 18:12:18,308] {taskinstance.py:1378} INFO - 
--------------------------------------------------------------------------------
[2022-09-01 18:12:18,331] {taskinstance.py:1397} INFO - Executing <Task(FileSensor): waiting_for_run_file> on 2022-09-01 18:12:16.901238+00:00
[2022-09-01 18:12:18,342] {standard_task_runner.py:52} INFO - Started process 89043 to run task
[2022-09-01 18:12:18,355] {standard_task_runner.py:79} INFO - Running: ['***', 'tasks', 'run', 'trigger_sensor', 'waiting_for_run_file', 'manual__2022-09-01T18:12:16.901238+00:00', '--job-id', '3481', '--raw', '--subdir', 'DAGS_FOLDER/trigger_dag.py', '--cfg-path', '/tmp/tmpg7drgpgp', '--error-file', '/tmp/tmptbt_0gi6']
[2022-09-01 18:12:18,357] {standard_task_runner.py:80} INFO - Job 3481: Subtask waiting_for_run_file
[2022-09-01 18:12:18,485] {task_command.py:371} INFO - Running <TaskInstance: trigger_sensor.waiting_for_run_file manual__2022-09-01T18:12:16.901238+00:00 [running]> on host 9d5d2a77e6ba
[2022-09-01 18:12:18,625] {taskinstance.py:1591} INFO - Exporting the following env vars:
AIRFLOW_CTX_DAG_OWNER=***
AIRFLOW_CTX_DAG_ID=trigger_sensor
AIRFLOW_CTX_TASK_ID=waiting_for_run_file
AIRFLOW_CTX_EXECUTION_DATE=2022-09-01T18:12:16.901238+00:00
AIRFLOW_CTX_TRY_NUMBER=1
AIRFLOW_CTX_DAG_RUN_ID=manual__2022-09-01T18:12:16.901238+00:00
[2022-09-01 18:12:18,644] {base.py:68} INFO - Using connection ID 'my_file_system_practice' for task execution.
[2022-09-01 18:12:18,648] {filesystem.py:58} INFO - Poking for file /opt/***/dags/test.txt
[2022-09-01 18:12:18,650] {filesystem.py:63} INFO - Found File /opt/***/dags/test.txt last modified: 20220901175709
[2022-09-01 18:12:18,651] {base.py:301} INFO - Success criteria met. Exiting.
[2022-09-01 18:12:18,672] {taskinstance.py:1420} INFO - Marking task as SUCCESS. dag_id=trigger_sensor, task_id=waiting_for_run_file, execution_date=20220901T181216, start_date=20220901T181218, end_date=20220901T181218
[2022-09-01 18:12:18,738] {local_task_job.py:156} INFO - Task exited with return code 0
[2022-09-01 18:12:18,838] {local_task_job.py:273} INFO - 1 downstream tasks scheduled from follow-on schedule check
