[2022-08-11 19:40:14,712] {taskinstance.py:1179} INFO - Dependencies all met for <TaskInstance: my_dag.choose_best_model scheduled__2022-08-10T00:00:00+00:00 [queued]>
[2022-08-11 19:40:14,727] {taskinstance.py:1179} INFO - Dependencies all met for <TaskInstance: my_dag.choose_best_model scheduled__2022-08-10T00:00:00+00:00 [queued]>
[2022-08-11 19:40:14,728] {taskinstance.py:1376} INFO - 
--------------------------------------------------------------------------------
[2022-08-11 19:40:14,729] {taskinstance.py:1377} INFO - Starting attempt 1 of 1
[2022-08-11 19:40:14,729] {taskinstance.py:1378} INFO - 
--------------------------------------------------------------------------------
[2022-08-11 19:40:14,749] {taskinstance.py:1397} INFO - Executing <Task(BranchPythonOperator): choose_best_model> on 2022-08-10 00:00:00+00:00
[2022-08-11 19:40:14,756] {standard_task_runner.py:52} INFO - Started process 1236 to run task
[2022-08-11 19:40:14,761] {standard_task_runner.py:79} INFO - Running: ['***', 'tasks', 'run', 'my_dag', 'choose_best_model', 'scheduled__2022-08-10T00:00:00+00:00', '--job-id', '10', '--raw', '--subdir', 'DAGS_FOLDER/my_dag.py', '--cfg-path', '/tmp/tmpl4je5rhr', '--error-file', '/tmp/tmpagunwxpu']
[2022-08-11 19:40:14,762] {standard_task_runner.py:80} INFO - Job 10: Subtask choose_best_model
[2022-08-11 19:40:14,848] {task_command.py:371} INFO - Running <TaskInstance: my_dag.choose_best_model scheduled__2022-08-10T00:00:00+00:00 [running]> on host 9d5d2a77e6ba
[2022-08-11 19:40:14,934] {taskinstance.py:1591} INFO - Exporting the following env vars:
AIRFLOW_CTX_DAG_OWNER=***
AIRFLOW_CTX_DAG_ID=my_dag
AIRFLOW_CTX_TASK_ID=choose_best_model
AIRFLOW_CTX_EXECUTION_DATE=2022-08-10T00:00:00+00:00
AIRFLOW_CTX_TRY_NUMBER=1
AIRFLOW_CTX_DAG_RUN_ID=scheduled__2022-08-10T00:00:00+00:00
[2022-08-11 19:40:14,947] {python.py:173} INFO - Done. Returned value was: accurate
[2022-08-11 19:40:14,948] {skipmixin.py:140} INFO - Following branch accurate
[2022-08-11 19:40:14,949] {skipmixin.py:175} INFO - Skipping tasks ['inaccurate']
[2022-08-11 19:40:15,008] {taskinstance.py:1420} INFO - Marking task as SUCCESS. dag_id=my_dag, task_id=choose_best_model, execution_date=20220810T000000, start_date=20220811T194014, end_date=20220811T194015
[2022-08-11 19:40:15,055] {local_task_job.py:156} INFO - Task exited with return code 0
[2022-08-11 19:40:15,112] {local_task_job.py:273} INFO - 1 downstream tasks scheduled from follow-on schedule check
