[2022-08-26 19:27:20,641] {taskinstance.py:1179} INFO - Dependencies all met for <TaskInstance: trigger_sensor.waiting_for_run_file manual__2022-08-26T19:27:19+00:00 [queued]>
[2022-08-26 19:27:20,660] {taskinstance.py:1179} INFO - Dependencies all met for <TaskInstance: trigger_sensor.waiting_for_run_file manual__2022-08-26T19:27:19+00:00 [queued]>
[2022-08-26 19:27:20,661] {taskinstance.py:1376} INFO - 
--------------------------------------------------------------------------------
[2022-08-26 19:27:20,662] {taskinstance.py:1377} INFO - Starting attempt 1 of 1
[2022-08-26 19:27:20,663] {taskinstance.py:1378} INFO - 
--------------------------------------------------------------------------------
[2022-08-26 19:27:20,687] {taskinstance.py:1397} INFO - Executing <Task(FileSensor): waiting_for_run_file> on 2022-08-26 19:27:19+00:00
[2022-08-26 19:27:20,695] {standard_task_runner.py:52} INFO - Started process 23221 to run task
[2022-08-26 19:27:20,700] {standard_task_runner.py:79} INFO - Running: ['***', 'tasks', 'run', 'trigger_sensor', 'waiting_for_run_file', 'manual__2022-08-26T19:27:19+00:00', '--job-id', '3285', '--raw', '--subdir', 'DAGS_FOLDER/trigger_dag.py', '--cfg-path', '/tmp/tmps_5c_8mk', '--error-file', '/tmp/tmp4g23a8uj']
[2022-08-26 19:27:20,702] {standard_task_runner.py:80} INFO - Job 3285: Subtask waiting_for_run_file
[2022-08-26 19:27:20,785] {task_command.py:371} INFO - Running <TaskInstance: trigger_sensor.waiting_for_run_file manual__2022-08-26T19:27:19+00:00 [running]> on host 9d5d2a77e6ba
[2022-08-26 19:27:20,927] {taskinstance.py:1591} INFO - Exporting the following env vars:
AIRFLOW_CTX_DAG_OWNER=***
AIRFLOW_CTX_DAG_ID=trigger_sensor
AIRFLOW_CTX_TASK_ID=waiting_for_run_file
AIRFLOW_CTX_EXECUTION_DATE=2022-08-26T19:27:19+00:00
AIRFLOW_CTX_TRY_NUMBER=1
AIRFLOW_CTX_DAG_RUN_ID=manual__2022-08-26T19:27:19+00:00
[2022-08-26 19:27:20,941] {base.py:68} INFO - Using connection ID 'my_file_system_practice' for task execution.
[2022-08-26 19:27:20,942] {filesystem.py:58} INFO - Poking for file /opt/***/dags/test.txt
[2022-08-26 19:27:20,944] {filesystem.py:63} INFO - Found File /opt/***/dags/test.txt last modified: 20220826165443
[2022-08-26 19:27:20,945] {base.py:301} INFO - Success criteria met. Exiting.
[2022-08-26 19:27:20,967] {taskinstance.py:1420} INFO - Marking task as SUCCESS. dag_id=trigger_sensor, task_id=waiting_for_run_file, execution_date=20220826T192719, start_date=20220826T192720, end_date=20220826T192720
[2022-08-26 19:27:21,036] {local_task_job.py:156} INFO - Task exited with return code 0
[2022-08-26 19:27:21,104] {local_task_job.py:273} INFO - 1 downstream tasks scheduled from follow-on schedule check
