[2022-08-23 00:00:09,259] {processor.py:153} INFO - Started process (PID=87788) to work on /home/airflow/.local/lib/python3.7/site-packages/airflow/example_dags/example_external_task_marker_dag.py
[2022-08-23 00:00:09,285] {processor.py:641} INFO - Processing file /home/airflow/.local/lib/python3.7/site-packages/airflow/example_dags/example_external_task_marker_dag.py for tasks to queue
[2022-08-23 00:00:09,321] {logging_mixin.py:115} INFO - [2022-08-23 00:00:09,321] {dagbag.py:508} INFO - Filling up the DagBag from /home/airflow/.local/lib/python3.7/site-packages/airflow/example_dags/example_external_task_marker_dag.py
[2022-08-23 00:00:09,986] {processor.py:651} INFO - DAG(s) dict_keys(['example_external_task_marker_parent', 'example_external_task_marker_child']) retrieved from /home/airflow/.local/lib/python3.7/site-packages/airflow/example_dags/example_external_task_marker_dag.py
[2022-08-23 00:00:17,258] {logging_mixin.py:115} INFO - [2022-08-23 00:00:17,257] {dag.py:2420} INFO - Sync 2 DAGs
[2022-08-23 00:00:19,184] {logging_mixin.py:115} INFO - [2022-08-23 00:00:19,183] {dag.py:2972} INFO - Setting next_dagrun for example_external_task_marker_child to None, run_after=None
[2022-08-23 00:00:19,318] {logging_mixin.py:115} INFO - [2022-08-23 00:00:19,267] {dag.py:2972} INFO - Setting next_dagrun for example_external_task_marker_parent to None, run_after=None
[2022-08-23 00:00:20,404] {processor.py:161} INFO - Processing /home/airflow/.local/lib/python3.7/site-packages/airflow/example_dags/example_external_task_marker_dag.py took 12.256 seconds
[2022-08-23 00:31:46,700] {processor.py:153} INFO - Started process (PID=84202) to work on /home/airflow/.local/lib/python3.7/site-packages/airflow/example_dags/example_external_task_marker_dag.py
[2022-08-23 00:31:46,785] {processor.py:641} INFO - Processing file /home/airflow/.local/lib/python3.7/site-packages/airflow/example_dags/example_external_task_marker_dag.py for tasks to queue
[2022-08-23 00:31:46,984] {logging_mixin.py:115} INFO - [2022-08-23 00:31:46,867] {dagbag.py:508} INFO - Filling up the DagBag from /home/airflow/.local/lib/python3.7/site-packages/airflow/example_dags/example_external_task_marker_dag.py
[2022-08-23 00:31:47,986] {processor.py:651} INFO - DAG(s) dict_keys(['example_external_task_marker_parent', 'example_external_task_marker_child']) retrieved from /home/airflow/.local/lib/python3.7/site-packages/airflow/example_dags/example_external_task_marker_dag.py
[2022-08-23 00:31:54,649] {logging_mixin.py:115} INFO - [2022-08-23 00:31:54,649] {dag.py:2420} INFO - Sync 2 DAGs
[2022-08-23 00:31:55,765] {logging_mixin.py:115} INFO - [2022-08-23 00:31:55,765] {dag.py:2972} INFO - Setting next_dagrun for example_external_task_marker_child to None, run_after=None
[2022-08-23 00:31:55,797] {logging_mixin.py:115} INFO - [2022-08-23 00:31:55,796] {dag.py:2972} INFO - Setting next_dagrun for example_external_task_marker_parent to None, run_after=None
[2022-08-23 00:31:56,301] {processor.py:161} INFO - Processing /home/airflow/.local/lib/python3.7/site-packages/airflow/example_dags/example_external_task_marker_dag.py took 9.948 seconds
[2022-08-23 02:09:23,971] {processor.py:153} INFO - Started process (PID=84384) to work on /home/airflow/.local/lib/python3.7/site-packages/airflow/example_dags/example_external_task_marker_dag.py
[2022-08-23 02:09:24,029] {processor.py:641} INFO - Processing file /home/airflow/.local/lib/python3.7/site-packages/airflow/example_dags/example_external_task_marker_dag.py for tasks to queue
[2022-08-23 02:09:24,099] {logging_mixin.py:115} INFO - [2022-08-23 02:09:24,098] {dagbag.py:508} INFO - Filling up the DagBag from /home/airflow/.local/lib/python3.7/site-packages/airflow/example_dags/example_external_task_marker_dag.py
[2022-08-23 02:09:24,886] {processor.py:651} INFO - DAG(s) dict_keys(['example_external_task_marker_parent', 'example_external_task_marker_child']) retrieved from /home/airflow/.local/lib/python3.7/site-packages/airflow/example_dags/example_external_task_marker_dag.py
[2022-08-23 02:09:31,436] {logging_mixin.py:115} INFO - [2022-08-23 02:09:31,404] {dag.py:2420} INFO - Sync 2 DAGs
[2022-08-23 02:09:33,749] {logging_mixin.py:115} INFO - [2022-08-23 02:09:33,742] {dag.py:2972} INFO - Setting next_dagrun for example_external_task_marker_child to None, run_after=None
[2022-08-23 02:09:33,799] {logging_mixin.py:115} INFO - [2022-08-23 02:09:33,799] {dag.py:2972} INFO - Setting next_dagrun for example_external_task_marker_parent to None, run_after=None
[2022-08-23 02:09:34,646] {processor.py:161} INFO - Processing /home/airflow/.local/lib/python3.7/site-packages/airflow/example_dags/example_external_task_marker_dag.py took 11.239 seconds
[2022-08-23 02:27:31,012] {processor.py:153} INFO - Started process (PID=88034) to work on /home/airflow/.local/lib/python3.7/site-packages/airflow/example_dags/example_external_task_marker_dag.py
[2022-08-23 02:27:31,730] {processor.py:641} INFO - Processing file /home/airflow/.local/lib/python3.7/site-packages/airflow/example_dags/example_external_task_marker_dag.py for tasks to queue
[2022-08-23 02:27:32,622] {logging_mixin.py:115} INFO - [2022-08-23 02:27:32,621] {dagbag.py:508} INFO - Filling up the DagBag from /home/airflow/.local/lib/python3.7/site-packages/airflow/example_dags/example_external_task_marker_dag.py
[2022-08-23 02:28:51,077] {logging_mixin.py:115} INFO - [2022-08-23 02:28:50,036] {timeout.py:67} ERROR - Process timed out, PID: 88034
[2022-08-23 02:29:03,842] {logging_mixin.py:115} INFO - [2022-08-23 02:29:01,037] {dagbag.py:321} ERROR - Failed to import: /home/airflow/.local/lib/python3.7/site-packages/airflow/example_dags/example_external_task_marker_dag.py
Traceback (most recent call last):
  File "/home/airflow/.local/lib/python3.7/site-packages/airflow/models/dagbag.py", line 318, in parse
    loader.exec_module(new_module)
  File "<frozen importlib._bootstrap_external>", line 728, in exec_module
  File "<frozen importlib._bootstrap>", line 219, in _call_with_frames_removed
  File "/home/airflow/.local/lib/python3.7/site-packages/airflow/example_dags/example_external_task_marker_dag.py", line 83, in <module>
    child_task2 = EmptyOperator(task_id="child_task2")
  File "/home/airflow/.local/lib/python3.7/site-packages/airflow/models/baseoperator.py", line 390, in apply_defaults
    result = func(self, **kwargs, default_args=default_args)
  File "/home/airflow/.local/lib/python3.7/site-packages/airflow/models/baseoperator.py", line 390, in apply_defaults
    result = func(self, **kwargs, default_args=default_args)
  File "/home/airflow/.local/lib/python3.7/site-packages/airflow/models/baseoperator.py", line 766, in __init__
    self.owner = owner
  File "/home/airflow/.local/lib/python3.7/site-packages/airflow/models/baseoperator.py", line 990, in __setattr__
    super().__setattr__(key, value)
  File "/home/airflow/.local/lib/python3.7/site-packages/airflow/dag_processing/manager.py", line 463, in _exit_gracefully
    self.log.debug("Current Stacktrace is: %s", '\n'.join(map(str, inspect.stack())))
  File "/usr/local/lib/python3.7/inspect.py", line 1513, in stack
    return getouterframes(sys._getframe(1), context)
  File "/usr/local/lib/python3.7/inspect.py", line 1490, in getouterframes
    frameinfo = (frame,) + getframeinfo(frame, context)
  File "/usr/local/lib/python3.7/inspect.py", line 1464, in getframeinfo
    lines, lnum = findsource(frame)
  File "/usr/local/lib/python3.7/inspect.py", line 780, in findsource
    module = getmodule(object, file)
  File "/usr/local/lib/python3.7/inspect.py", line 742, in getmodule
    os.path.realpath(f)] = module.__name__
  File "/usr/local/lib/python3.7/posixpath.py", line 395, in realpath
    path, ok = _joinrealpath(filename[:0], filename, {})
  File "/usr/local/lib/python3.7/posixpath.py", line 429, in _joinrealpath
    if not islink(newpath):
  File "/usr/local/lib/python3.7/posixpath.py", line 171, in islink
    st = os.lstat(path)
  File "/home/airflow/.local/lib/python3.7/site-packages/airflow/utils/timeout.py", line 68, in handle_timeout
    raise AirflowTaskTimeout(self.error_message)
airflow.exceptions.AirflowTaskTimeout: DagBag import timeout for /home/airflow/.local/lib/python3.7/site-packages/airflow/example_dags/example_external_task_marker_dag.py after 30.0s.
Please take a look at these docs to improve your DAG import time:
* https://airflow.apache.org/docs/apache-airflow/2.3.3/best-practices.html#top-level-python-code
* https://airflow.apache.org/docs/apache-airflow/2.3.3/best-practices.html#reducing-dag-complexity, PID: 88034
[2022-08-23 02:59:24,319] {processor.py:153} INFO - Started process (PID=84576) to work on /home/airflow/.local/lib/python3.7/site-packages/airflow/example_dags/example_external_task_marker_dag.py
[2022-08-23 02:59:24,333] {processor.py:641} INFO - Processing file /home/airflow/.local/lib/python3.7/site-packages/airflow/example_dags/example_external_task_marker_dag.py for tasks to queue
[2022-08-23 02:59:24,392] {logging_mixin.py:115} INFO - [2022-08-23 02:59:24,391] {dagbag.py:508} INFO - Filling up the DagBag from /home/airflow/.local/lib/python3.7/site-packages/airflow/example_dags/example_external_task_marker_dag.py
[2022-08-23 02:59:24,864] {processor.py:651} INFO - DAG(s) dict_keys(['example_external_task_marker_parent', 'example_external_task_marker_child']) retrieved from /home/airflow/.local/lib/python3.7/site-packages/airflow/example_dags/example_external_task_marker_dag.py
[2022-08-23 02:59:28,214] {logging_mixin.py:115} INFO - [2022-08-23 02:59:28,213] {dag.py:2420} INFO - Sync 2 DAGs
[2022-08-23 03:09:57,722] {logging_mixin.py:115} INFO - [2022-08-23 03:09:57,673] {dag.py:2972} INFO - Setting next_dagrun for example_external_task_marker_child to None, run_after=None
[2022-08-23 03:09:57,739] {logging_mixin.py:115} INFO - [2022-08-23 03:09:57,738] {dag.py:2972} INFO - Setting next_dagrun for example_external_task_marker_parent to None, run_after=None
[2022-08-23 03:09:58,076] {processor.py:161} INFO - Processing /home/airflow/.local/lib/python3.7/site-packages/airflow/example_dags/example_external_task_marker_dag.py took 41.540 seconds
[2022-08-23 03:20:25,462] {processor.py:153} INFO - Started process (PID=84672) to work on /home/airflow/.local/lib/python3.7/site-packages/airflow/example_dags/example_external_task_marker_dag.py
[2022-08-23 03:20:25,505] {processor.py:641} INFO - Processing file /home/airflow/.local/lib/python3.7/site-packages/airflow/example_dags/example_external_task_marker_dag.py for tasks to queue
[2022-08-23 03:20:25,573] {logging_mixin.py:115} INFO - [2022-08-23 03:20:25,572] {dagbag.py:508} INFO - Filling up the DagBag from /home/airflow/.local/lib/python3.7/site-packages/airflow/example_dags/example_external_task_marker_dag.py
[2022-08-23 03:20:26,365] {processor.py:651} INFO - DAG(s) dict_keys(['example_external_task_marker_parent', 'example_external_task_marker_child']) retrieved from /home/airflow/.local/lib/python3.7/site-packages/airflow/example_dags/example_external_task_marker_dag.py
[2022-08-23 03:20:31,311] {logging_mixin.py:115} INFO - [2022-08-23 03:20:31,215] {dag.py:2420} INFO - Sync 2 DAGs
[2022-08-23 03:20:32,879] {logging_mixin.py:115} INFO - [2022-08-23 03:20:32,878] {dag.py:2972} INFO - Setting next_dagrun for example_external_task_marker_child to None, run_after=None
[2022-08-23 03:20:32,908] {logging_mixin.py:115} INFO - [2022-08-23 03:20:32,908] {dag.py:2972} INFO - Setting next_dagrun for example_external_task_marker_parent to None, run_after=None
[2022-08-23 03:20:33,656] {processor.py:161} INFO - Processing /home/airflow/.local/lib/python3.7/site-packages/airflow/example_dags/example_external_task_marker_dag.py took 8.688 seconds
[2022-08-23 03:30:41,639] {processor.py:153} INFO - Started process (PID=84762) to work on /home/airflow/.local/lib/python3.7/site-packages/airflow/example_dags/example_external_task_marker_dag.py
[2022-08-23 03:30:41,651] {processor.py:641} INFO - Processing file /home/airflow/.local/lib/python3.7/site-packages/airflow/example_dags/example_external_task_marker_dag.py for tasks to queue
[2022-08-23 03:30:41,704] {logging_mixin.py:115} INFO - [2022-08-23 03:30:41,704] {dagbag.py:508} INFO - Filling up the DagBag from /home/airflow/.local/lib/python3.7/site-packages/airflow/example_dags/example_external_task_marker_dag.py
[2022-08-23 03:30:41,966] {processor.py:651} INFO - DAG(s) dict_keys(['example_external_task_marker_parent', 'example_external_task_marker_child']) retrieved from /home/airflow/.local/lib/python3.7/site-packages/airflow/example_dags/example_external_task_marker_dag.py
[2022-08-23 04:26:14,545] {logging_mixin.py:115} INFO - [2022-08-23 04:26:14,542] {dag.py:2420} INFO - Sync 2 DAGs
[2022-08-23 17:17:07,654] {processor.py:153} INFO - Started process (PID=84974) to work on /home/airflow/.local/lib/python3.7/site-packages/airflow/example_dags/example_external_task_marker_dag.py
[2022-08-23 17:17:07,659] {processor.py:641} INFO - Processing file /home/airflow/.local/lib/python3.7/site-packages/airflow/example_dags/example_external_task_marker_dag.py for tasks to queue
[2022-08-23 17:17:07,662] {logging_mixin.py:115} INFO - [2022-08-23 17:17:07,662] {dagbag.py:508} INFO - Filling up the DagBag from /home/airflow/.local/lib/python3.7/site-packages/airflow/example_dags/example_external_task_marker_dag.py
[2022-08-23 17:17:07,684] {processor.py:651} INFO - DAG(s) dict_keys(['example_external_task_marker_parent', 'example_external_task_marker_child']) retrieved from /home/airflow/.local/lib/python3.7/site-packages/airflow/example_dags/example_external_task_marker_dag.py
[2022-08-23 17:17:08,054] {logging_mixin.py:115} INFO - [2022-08-23 17:17:08,053] {dag.py:2420} INFO - Sync 2 DAGs
[2022-08-23 17:17:08,303] {logging_mixin.py:115} INFO - [2022-08-23 17:17:08,303] {dag.py:2972} INFO - Setting next_dagrun for example_external_task_marker_child to None, run_after=None
[2022-08-23 17:17:08,307] {logging_mixin.py:115} INFO - [2022-08-23 17:17:08,307] {dag.py:2972} INFO - Setting next_dagrun for example_external_task_marker_parent to None, run_after=None
[2022-08-23 17:17:08,610] {processor.py:161} INFO - Processing /home/airflow/.local/lib/python3.7/site-packages/airflow/example_dags/example_external_task_marker_dag.py took 0.976 seconds
