[2022-08-24 19:06:22,574] {taskinstance.py:1179} INFO - Dependencies all met for <TaskInstance: dynamically_branching1.bash_task scheduled__2020-04-08T00:00:00+00:00 [queued]>
[2022-08-24 19:06:22,625] {taskinstance.py:1179} INFO - Dependencies all met for <TaskInstance: dynamically_branching1.bash_task scheduled__2020-04-08T00:00:00+00:00 [queued]>
[2022-08-24 19:06:22,626] {taskinstance.py:1376} INFO - 
--------------------------------------------------------------------------------
[2022-08-24 19:06:22,634] {taskinstance.py:1377} INFO - Starting attempt 1 of 1
[2022-08-24 19:06:22,635] {taskinstance.py:1378} INFO - 
--------------------------------------------------------------------------------
[2022-08-24 19:06:22,679] {taskinstance.py:1397} INFO - Executing <Task(BashOperator): bash_task> on 2020-04-08 00:00:00+00:00
[2022-08-24 19:06:22,686] {standard_task_runner.py:52} INFO - Started process 6229 to run task
[2022-08-24 19:06:22,740] {standard_task_runner.py:79} INFO - Running: ['***', 'tasks', 'run', 'dynamically_branching1', 'bash_task', 'scheduled__2020-04-08T00:00:00+00:00', '--job-id', '1518', '--raw', '--subdir', 'DAGS_FOLDER/jobs_dag.py', '--cfg-path', '/tmp/tmpb27qyu23', '--error-file', '/tmp/tmpdcp2uonq']
[2022-08-24 19:06:22,744] {standard_task_runner.py:80} INFO - Job 1518: Subtask bash_task
[2022-08-24 19:06:23,135] {task_command.py:371} INFO - Running <TaskInstance: dynamically_branching1.bash_task scheduled__2020-04-08T00:00:00+00:00 [running]> on host 9d5d2a77e6ba
[2022-08-24 19:06:23,442] {taskinstance.py:1591} INFO - Exporting the following env vars:
AIRFLOW_CTX_DAG_OWNER=***
AIRFLOW_CTX_DAG_ID=dynamically_branching1
AIRFLOW_CTX_TASK_ID=bash_task
AIRFLOW_CTX_EXECUTION_DATE=2020-04-08T00:00:00+00:00
AIRFLOW_CTX_TRY_NUMBER=1
AIRFLOW_CTX_DAG_RUN_ID=scheduled__2020-04-08T00:00:00+00:00
[2022-08-24 19:06:23,448] {subprocess.py:62} INFO - Tmp dir root location: 
 /tmp
[2022-08-24 19:06:23,453] {subprocess.py:74} INFO - Running command: ['bash', '-c', 'whoami']
[2022-08-24 19:06:23,488] {subprocess.py:85} INFO - Output:
[2022-08-24 19:06:23,502] {subprocess.py:92} INFO - default
[2022-08-24 19:06:23,511] {subprocess.py:96} INFO - Command exited with return code 0
[2022-08-24 19:06:23,609] {taskinstance.py:1420} INFO - Marking task as SUCCESS. dag_id=dynamically_branching1, task_id=bash_task, execution_date=20200408T000000, start_date=20220824T190622, end_date=20220824T190623
[2022-08-24 19:06:23,728] {local_task_job.py:156} INFO - Task exited with return code 0
[2022-08-24 19:06:23,907] {local_task_job.py:273} INFO - 0 downstream tasks scheduled from follow-on schedule check
