[2022-08-24 18:39:05,504] {taskinstance.py:1179} INFO - Dependencies all met for <TaskInstance: dynamically_branching1.Process_Start scheduled__2018-10-28T00:00:00+00:00 [queued]>
[2022-08-24 18:39:05,519] {taskinstance.py:1179} INFO - Dependencies all met for <TaskInstance: dynamically_branching1.Process_Start scheduled__2018-10-28T00:00:00+00:00 [queued]>
[2022-08-24 18:39:05,520] {taskinstance.py:1376} INFO - 
--------------------------------------------------------------------------------
[2022-08-24 18:39:05,523] {taskinstance.py:1377} INFO - Starting attempt 1 of 1
[2022-08-24 18:39:05,524] {taskinstance.py:1378} INFO - 
--------------------------------------------------------------------------------
[2022-08-24 18:39:05,645] {taskinstance.py:1397} INFO - Executing <Task(PythonOperator): Process_Start> on 2018-10-28 00:00:00+00:00
[2022-08-24 18:39:05,658] {standard_task_runner.py:52} INFO - Started process 3448 to run task
[2022-08-24 18:39:05,682] {standard_task_runner.py:79} INFO - Running: ['***', 'tasks', 'run', 'dynamically_branching1', 'Process_Start', 'scheduled__2018-10-28T00:00:00+00:00', '--job-id', '729', '--raw', '--subdir', 'DAGS_FOLDER/jobs_dag.py', '--cfg-path', '/tmp/tmp4_p__w16', '--error-file', '/tmp/tmpgq1y3sxy']
[2022-08-24 18:39:05,690] {standard_task_runner.py:80} INFO - Job 729: Subtask Process_Start
[2022-08-24 18:39:06,075] {task_command.py:371} INFO - Running <TaskInstance: dynamically_branching1.Process_Start scheduled__2018-10-28T00:00:00+00:00 [running]> on host 9d5d2a77e6ba
[2022-08-24 18:39:06,374] {taskinstance.py:1591} INFO - Exporting the following env vars:
AIRFLOW_CTX_DAG_OWNER=***
AIRFLOW_CTX_DAG_ID=dynamically_branching1
AIRFLOW_CTX_TASK_ID=Process_Start
AIRFLOW_CTX_EXECUTION_DATE=2018-10-28T00:00:00+00:00
AIRFLOW_CTX_TRY_NUMBER=1
AIRFLOW_CTX_DAG_RUN_ID=scheduled__2018-10-28T00:00:00+00:00
[2022-08-24 18:39:06,391] {jobs_dag.py:30} INFO - Process Start!
[2022-08-24 18:39:06,406] {logging_mixin.py:115} INFO - This is DAG: 1
[2022-08-24 18:39:06,410] {python.py:173} INFO - Done. Returned value was: None
[2022-08-24 18:39:06,552] {taskinstance.py:1420} INFO - Marking task as SUCCESS. dag_id=dynamically_branching1, task_id=Process_Start, execution_date=20181028T000000, start_date=20220824T183905, end_date=20220824T183906
[2022-08-24 18:39:06,661] {local_task_job.py:156} INFO - Task exited with return code 0
[2022-08-24 18:39:07,284] {local_task_job.py:273} INFO - 0 downstream tasks scheduled from follow-on schedule check
