[2022-08-24 19:22:35,049] {taskinstance.py:1179} INFO - Dependencies all met for <TaskInstance: dynamically_branching1.bash_task scheduled__2022-05-28T00:00:00+00:00 [queued]>
[2022-08-24 19:22:35,088] {taskinstance.py:1179} INFO - Dependencies all met for <TaskInstance: dynamically_branching1.bash_task scheduled__2022-05-28T00:00:00+00:00 [queued]>
[2022-08-24 19:22:35,103] {taskinstance.py:1376} INFO - 
--------------------------------------------------------------------------------
[2022-08-24 19:22:35,106] {taskinstance.py:1377} INFO - Starting attempt 1 of 1
[2022-08-24 19:22:35,117] {taskinstance.py:1378} INFO - 
--------------------------------------------------------------------------------
[2022-08-24 19:22:35,187] {taskinstance.py:1397} INFO - Executing <Task(BashOperator): bash_task> on 2022-05-28 00:00:00+00:00
[2022-08-24 19:22:35,214] {standard_task_runner.py:52} INFO - Started process 11288 to run task
[2022-08-24 19:22:35,250] {standard_task_runner.py:79} INFO - Running: ['***', 'tasks', 'run', 'dynamically_branching1', 'bash_task', 'scheduled__2022-05-28T00:00:00+00:00', '--job-id', '3077', '--raw', '--subdir', 'DAGS_FOLDER/jobs_dag.py', '--cfg-path', '/tmp/tmpdgquyay3', '--error-file', '/tmp/tmpkewulu81']
[2022-08-24 19:22:35,254] {standard_task_runner.py:80} INFO - Job 3077: Subtask bash_task
[2022-08-24 19:22:35,580] {task_command.py:371} INFO - Running <TaskInstance: dynamically_branching1.bash_task scheduled__2022-05-28T00:00:00+00:00 [running]> on host 9d5d2a77e6ba
[2022-08-24 19:22:35,974] {taskinstance.py:1591} INFO - Exporting the following env vars:
AIRFLOW_CTX_DAG_OWNER=***
AIRFLOW_CTX_DAG_ID=dynamically_branching1
AIRFLOW_CTX_TASK_ID=bash_task
AIRFLOW_CTX_EXECUTION_DATE=2022-05-28T00:00:00+00:00
AIRFLOW_CTX_TRY_NUMBER=1
AIRFLOW_CTX_DAG_RUN_ID=scheduled__2022-05-28T00:00:00+00:00
[2022-08-24 19:22:35,977] {subprocess.py:62} INFO - Tmp dir root location: 
 /tmp
[2022-08-24 19:22:35,978] {subprocess.py:74} INFO - Running command: ['bash', '-c', 'echo $(whoami)']
[2022-08-24 19:22:36,028] {subprocess.py:85} INFO - Output:
[2022-08-24 19:22:36,072] {subprocess.py:92} INFO - default
[2022-08-24 19:22:36,073] {subprocess.py:96} INFO - Command exited with return code 0
[2022-08-24 19:22:36,221] {taskinstance.py:1420} INFO - Marking task as SUCCESS. dag_id=dynamically_branching1, task_id=bash_task, execution_date=20220528T000000, start_date=20220824T192235, end_date=20220824T192236
[2022-08-24 19:22:36,339] {local_task_job.py:156} INFO - Task exited with return code 0
[2022-08-24 19:22:36,548] {local_task_job.py:273} INFO - 1 downstream tasks scheduled from follow-on schedule check
