[2022-08-24 19:15:23,606] {taskinstance.py:1179} INFO - Dependencies all met for <TaskInstance: dynamically_branching1.bash_task scheduled__2021-05-24T00:00:00+00:00 [queued]>
[2022-08-24 19:15:23,622] {taskinstance.py:1179} INFO - Dependencies all met for <TaskInstance: dynamically_branching1.bash_task scheduled__2021-05-24T00:00:00+00:00 [queued]>
[2022-08-24 19:15:23,623] {taskinstance.py:1376} INFO - 
--------------------------------------------------------------------------------
[2022-08-24 19:15:23,625] {taskinstance.py:1377} INFO - Starting attempt 1 of 1
[2022-08-24 19:15:23,628] {taskinstance.py:1378} INFO - 
--------------------------------------------------------------------------------
[2022-08-24 19:15:23,659] {taskinstance.py:1397} INFO - Executing <Task(BashOperator): bash_task> on 2021-05-24 00:00:00+00:00
[2022-08-24 19:15:23,672] {standard_task_runner.py:52} INFO - Started process 8873 to run task
[2022-08-24 19:15:23,684] {standard_task_runner.py:79} INFO - Running: ['***', 'tasks', 'run', 'dynamically_branching1', 'bash_task', 'scheduled__2021-05-24T00:00:00+00:00', '--job-id', '2342', '--raw', '--subdir', 'DAGS_FOLDER/jobs_dag.py', '--cfg-path', '/tmp/tmpipv0y710', '--error-file', '/tmp/tmpebm8cvpl']
[2022-08-24 19:15:23,687] {standard_task_runner.py:80} INFO - Job 2342: Subtask bash_task
[2022-08-24 19:15:23,879] {task_command.py:371} INFO - Running <TaskInstance: dynamically_branching1.bash_task scheduled__2021-05-24T00:00:00+00:00 [running]> on host 9d5d2a77e6ba
[2022-08-24 19:15:24,193] {taskinstance.py:1591} INFO - Exporting the following env vars:
AIRFLOW_CTX_DAG_OWNER=***
AIRFLOW_CTX_DAG_ID=dynamically_branching1
AIRFLOW_CTX_TASK_ID=bash_task
AIRFLOW_CTX_EXECUTION_DATE=2021-05-24T00:00:00+00:00
AIRFLOW_CTX_TRY_NUMBER=1
AIRFLOW_CTX_DAG_RUN_ID=scheduled__2021-05-24T00:00:00+00:00
[2022-08-24 19:15:24,198] {subprocess.py:62} INFO - Tmp dir root location: 
 /tmp
[2022-08-24 19:15:24,201] {subprocess.py:74} INFO - Running command: ['bash', '-c', 'echo $(whoami)']
[2022-08-24 19:15:24,262] {subprocess.py:85} INFO - Output:
[2022-08-24 19:15:24,283] {subprocess.py:92} INFO - default
[2022-08-24 19:15:24,286] {subprocess.py:96} INFO - Command exited with return code 0
[2022-08-24 19:15:24,372] {taskinstance.py:1420} INFO - Marking task as SUCCESS. dag_id=dynamically_branching1, task_id=bash_task, execution_date=20210524T000000, start_date=20220824T191523, end_date=20220824T191524
[2022-08-24 19:15:24,486] {local_task_job.py:156} INFO - Task exited with return code 0
[2022-08-24 19:15:24,680] {local_task_job.py:273} INFO - 1 downstream tasks scheduled from follow-on schedule check
