[2022-08-24 19:11:42,741] {taskinstance.py:1179} INFO - Dependencies all met for <TaskInstance: dynamically_branching1.bash_task scheduled__2020-11-16T00:00:00+00:00 [queued]>
[2022-08-24 19:11:42,780] {taskinstance.py:1179} INFO - Dependencies all met for <TaskInstance: dynamically_branching1.bash_task scheduled__2020-11-16T00:00:00+00:00 [queued]>
[2022-08-24 19:11:42,781] {taskinstance.py:1376} INFO - 
--------------------------------------------------------------------------------
[2022-08-24 19:11:42,781] {taskinstance.py:1377} INFO - Starting attempt 1 of 1
[2022-08-24 19:11:42,782] {taskinstance.py:1378} INFO - 
--------------------------------------------------------------------------------
[2022-08-24 19:11:42,839] {taskinstance.py:1397} INFO - Executing <Task(BashOperator): bash_task> on 2020-11-16 00:00:00+00:00
[2022-08-24 19:11:42,864] {standard_task_runner.py:52} INFO - Started process 7632 to run task
[2022-08-24 19:11:42,886] {standard_task_runner.py:79} INFO - Running: ['***', 'tasks', 'run', 'dynamically_branching1', 'bash_task', 'scheduled__2020-11-16T00:00:00+00:00', '--job-id', '1961', '--raw', '--subdir', 'DAGS_FOLDER/jobs_dag.py', '--cfg-path', '/tmp/tmpjsrgnz_v', '--error-file', '/tmp/tmp_d6nz6kw']
[2022-08-24 19:11:42,889] {standard_task_runner.py:80} INFO - Job 1961: Subtask bash_task
[2022-08-24 19:11:43,112] {task_command.py:371} INFO - Running <TaskInstance: dynamically_branching1.bash_task scheduled__2020-11-16T00:00:00+00:00 [running]> on host 9d5d2a77e6ba
[2022-08-24 19:11:43,343] {taskinstance.py:1591} INFO - Exporting the following env vars:
AIRFLOW_CTX_DAG_OWNER=***
AIRFLOW_CTX_DAG_ID=dynamically_branching1
AIRFLOW_CTX_TASK_ID=bash_task
AIRFLOW_CTX_EXECUTION_DATE=2020-11-16T00:00:00+00:00
AIRFLOW_CTX_TRY_NUMBER=1
AIRFLOW_CTX_DAG_RUN_ID=scheduled__2020-11-16T00:00:00+00:00
[2022-08-24 19:11:43,348] {subprocess.py:62} INFO - Tmp dir root location: 
 /tmp
[2022-08-24 19:11:43,352] {subprocess.py:74} INFO - Running command: ['bash', '-c', 'echo $(whoami)']
[2022-08-24 19:11:43,412] {subprocess.py:85} INFO - Output:
[2022-08-24 19:11:43,439] {subprocess.py:92} INFO - default
[2022-08-24 19:11:43,444] {subprocess.py:96} INFO - Command exited with return code 0
[2022-08-24 19:11:43,546] {taskinstance.py:1420} INFO - Marking task as SUCCESS. dag_id=dynamically_branching1, task_id=bash_task, execution_date=20201116T000000, start_date=20220824T191142, end_date=20220824T191143
[2022-08-24 19:11:43,675] {local_task_job.py:156} INFO - Task exited with return code 0
[2022-08-24 19:11:44,051] {local_task_job.py:273} INFO - 0 downstream tasks scheduled from follow-on schedule check
