[2022-08-24 19:10:07,422] {taskinstance.py:1179} INFO - Dependencies all met for <TaskInstance: dynamically_branching1.bash_task scheduled__2020-09-07T00:00:00+00:00 [queued]>
[2022-08-24 19:10:07,457] {taskinstance.py:1179} INFO - Dependencies all met for <TaskInstance: dynamically_branching1.bash_task scheduled__2020-09-07T00:00:00+00:00 [queued]>
[2022-08-24 19:10:07,459] {taskinstance.py:1376} INFO - 
--------------------------------------------------------------------------------
[2022-08-24 19:10:07,460] {taskinstance.py:1377} INFO - Starting attempt 1 of 1
[2022-08-24 19:10:07,461] {taskinstance.py:1378} INFO - 
--------------------------------------------------------------------------------
[2022-08-24 19:10:07,541] {taskinstance.py:1397} INFO - Executing <Task(BashOperator): bash_task> on 2020-09-07 00:00:00+00:00
[2022-08-24 19:10:07,559] {standard_task_runner.py:52} INFO - Started process 7159 to run task
[2022-08-24 19:10:07,570] {standard_task_runner.py:79} INFO - Running: ['***', 'tasks', 'run', 'dynamically_branching1', 'bash_task', 'scheduled__2020-09-07T00:00:00+00:00', '--job-id', '1823', '--raw', '--subdir', 'DAGS_FOLDER/jobs_dag.py', '--cfg-path', '/tmp/tmpt5chehl9', '--error-file', '/tmp/tmpm_jj537c']
[2022-08-24 19:10:07,580] {standard_task_runner.py:80} INFO - Job 1823: Subtask bash_task
[2022-08-24 19:10:07,795] {task_command.py:371} INFO - Running <TaskInstance: dynamically_branching1.bash_task scheduled__2020-09-07T00:00:00+00:00 [running]> on host 9d5d2a77e6ba
[2022-08-24 19:10:08,093] {taskinstance.py:1591} INFO - Exporting the following env vars:
AIRFLOW_CTX_DAG_OWNER=***
AIRFLOW_CTX_DAG_ID=dynamically_branching1
AIRFLOW_CTX_TASK_ID=bash_task
AIRFLOW_CTX_EXECUTION_DATE=2020-09-07T00:00:00+00:00
AIRFLOW_CTX_TRY_NUMBER=1
AIRFLOW_CTX_DAG_RUN_ID=scheduled__2020-09-07T00:00:00+00:00
[2022-08-24 19:10:08,098] {subprocess.py:62} INFO - Tmp dir root location: 
 /tmp
[2022-08-24 19:10:08,100] {subprocess.py:74} INFO - Running command: ['bash', '-c', 'echo $(whoami)']
[2022-08-24 19:10:08,149] {subprocess.py:85} INFO - Output:
[2022-08-24 19:10:08,181] {subprocess.py:92} INFO - default
[2022-08-24 19:10:08,182] {subprocess.py:96} INFO - Command exited with return code 0
[2022-08-24 19:10:08,321] {taskinstance.py:1420} INFO - Marking task as SUCCESS. dag_id=dynamically_branching1, task_id=bash_task, execution_date=20200907T000000, start_date=20220824T191007, end_date=20220824T191008
[2022-08-24 19:10:08,409] {local_task_job.py:156} INFO - Task exited with return code 0
[2022-08-24 19:10:08,906] {local_task_job.py:273} INFO - 0 downstream tasks scheduled from follow-on schedule check
