[2022-08-24 19:13:51,880] {taskinstance.py:1179} INFO - Dependencies all met for <TaskInstance: dynamically_branching1.check_table_exist scheduled__2021-03-06T00:00:00+00:00 [queued]>
[2022-08-24 19:13:51,945] {taskinstance.py:1179} INFO - Dependencies all met for <TaskInstance: dynamically_branching1.check_table_exist scheduled__2021-03-06T00:00:00+00:00 [queued]>
[2022-08-24 19:13:51,952] {taskinstance.py:1376} INFO - 
--------------------------------------------------------------------------------
[2022-08-24 19:13:51,953] {taskinstance.py:1377} INFO - Starting attempt 1 of 1
[2022-08-24 19:13:51,954] {taskinstance.py:1378} INFO - 
--------------------------------------------------------------------------------
[2022-08-24 19:13:52,077] {taskinstance.py:1397} INFO - Executing <Task(BranchPythonOperator): check_table_exist> on 2021-03-06 00:00:00+00:00
[2022-08-24 19:13:52,113] {standard_task_runner.py:52} INFO - Started process 8389 to run task
[2022-08-24 19:13:52,176] {standard_task_runner.py:79} INFO - Running: ['***', 'tasks', 'run', 'dynamically_branching1', 'check_table_exist', 'scheduled__2021-03-06T00:00:00+00:00', '--job-id', '2189', '--raw', '--subdir', 'DAGS_FOLDER/jobs_dag.py', '--cfg-path', '/tmp/tmpr92ow25d', '--error-file', '/tmp/tmpfv65ksdg']
[2022-08-24 19:13:52,184] {standard_task_runner.py:80} INFO - Job 2189: Subtask check_table_exist
[2022-08-24 19:13:52,923] {task_command.py:371} INFO - Running <TaskInstance: dynamically_branching1.check_table_exist scheduled__2021-03-06T00:00:00+00:00 [running]> on host 9d5d2a77e6ba
[2022-08-24 19:13:53,508] {taskinstance.py:1591} INFO - Exporting the following env vars:
AIRFLOW_CTX_DAG_OWNER=***
AIRFLOW_CTX_DAG_ID=dynamically_branching1
AIRFLOW_CTX_TASK_ID=check_table_exist
AIRFLOW_CTX_EXECUTION_DATE=2021-03-06T00:00:00+00:00
AIRFLOW_CTX_TRY_NUMBER=1
AIRFLOW_CTX_DAG_RUN_ID=scheduled__2021-03-06T00:00:00+00:00
[2022-08-24 19:13:53,511] {python.py:173} INFO - Done. Returned value was: insert_row
[2022-08-24 19:13:53,512] {skipmixin.py:140} INFO - Following branch insert_row
[2022-08-24 19:13:53,518] {skipmixin.py:175} INFO - Skipping tasks ['create_table']
[2022-08-24 19:13:53,778] {taskinstance.py:1420} INFO - Marking task as SUCCESS. dag_id=dynamically_branching1, task_id=check_table_exist, execution_date=20210306T000000, start_date=20220824T191351, end_date=20220824T191353
[2022-08-24 19:13:53,947] {local_task_job.py:156} INFO - Task exited with return code 0
[2022-08-24 19:13:54,357] {local_task_job.py:273} INFO - 1 downstream tasks scheduled from follow-on schedule check
