[2022-09-01 16:10:05,070] {taskinstance.py:1179} INFO - Dependencies all met for <TaskInstance: dynamically_branching1.check_table_exist manual__2022-09-01T16:10:01.278027+00:00 [queued]>
[2022-09-01 16:10:05,084] {taskinstance.py:1179} INFO - Dependencies all met for <TaskInstance: dynamically_branching1.check_table_exist manual__2022-09-01T16:10:01.278027+00:00 [queued]>
[2022-09-01 16:10:05,085] {taskinstance.py:1376} INFO - 
--------------------------------------------------------------------------------
[2022-09-01 16:10:05,085] {taskinstance.py:1377} INFO - Starting attempt 1 of 1
[2022-09-01 16:10:05,086] {taskinstance.py:1378} INFO - 
--------------------------------------------------------------------------------
[2022-09-01 16:10:05,107] {taskinstance.py:1397} INFO - Executing <Task(BranchPythonOperator): check_table_exist> on 2022-09-01 16:10:01.278027+00:00
[2022-09-01 16:10:05,114] {standard_task_runner.py:52} INFO - Started process 85046 to run task
[2022-09-01 16:10:05,118] {standard_task_runner.py:79} INFO - Running: ['***', 'tasks', 'run', 'dynamically_branching1', 'check_table_exist', 'manual__2022-09-01T16:10:01.278027+00:00', '--job-id', '3442', '--raw', '--subdir', 'DAGS_FOLDER/jobs_dag.py', '--cfg-path', '/tmp/tmpu50gqb9c', '--error-file', '/tmp/tmpn7_rxsys']
[2022-09-01 16:10:05,119] {standard_task_runner.py:80} INFO - Job 3442: Subtask check_table_exist
[2022-09-01 16:10:05,223] {task_command.py:371} INFO - Running <TaskInstance: dynamically_branching1.check_table_exist manual__2022-09-01T16:10:01.278027+00:00 [running]> on host 9d5d2a77e6ba
[2022-09-01 16:10:05,319] {taskinstance.py:1591} INFO - Exporting the following env vars:
AIRFLOW_CTX_DAG_OWNER=***
AIRFLOW_CTX_DAG_ID=dynamically_branching1
AIRFLOW_CTX_TASK_ID=check_table_exist
AIRFLOW_CTX_EXECUTION_DATE=2022-09-01T16:10:01.278027+00:00
AIRFLOW_CTX_TRY_NUMBER=1
AIRFLOW_CTX_DAG_RUN_ID=manual__2022-09-01T16:10:01.278027+00:00
[2022-09-01 16:10:05,322] {python.py:173} INFO - Done. Returned value was: insert_row
[2022-09-01 16:10:05,323] {skipmixin.py:140} INFO - Following branch insert_row
[2022-09-01 16:10:05,323] {skipmixin.py:175} INFO - Skipping tasks ['create_table']
[2022-09-01 16:10:05,384] {taskinstance.py:1420} INFO - Marking task as SUCCESS. dag_id=dynamically_branching1, task_id=check_table_exist, execution_date=20220901T161001, start_date=20220901T161005, end_date=20220901T161005
[2022-09-01 16:10:05,412] {local_task_job.py:156} INFO - Task exited with return code 0
[2022-09-01 16:10:05,473] {local_task_job.py:273} INFO - 1 downstream tasks scheduled from follow-on schedule check
