[2022-08-24 18:41:46,923] {taskinstance.py:1179} INFO - Dependencies all met for <TaskInstance: dynamically_branching1.check_table_exist scheduled__2018-11-11T00:00:00+00:00 [queued]>
[2022-08-24 18:41:46,960] {taskinstance.py:1179} INFO - Dependencies all met for <TaskInstance: dynamically_branching1.check_table_exist scheduled__2018-11-11T00:00:00+00:00 [queued]>
[2022-08-24 18:41:46,961] {taskinstance.py:1376} INFO - 
--------------------------------------------------------------------------------
[2022-08-24 18:41:46,963] {taskinstance.py:1377} INFO - Starting attempt 1 of 1
[2022-08-24 18:41:46,966] {taskinstance.py:1378} INFO - 
--------------------------------------------------------------------------------
[2022-08-24 18:41:47,019] {taskinstance.py:1397} INFO - Executing <Task(BranchPythonOperator): check_table_exist> on 2018-11-11 00:00:00+00:00
[2022-08-24 18:41:47,039] {standard_task_runner.py:52} INFO - Started process 3636 to run task
[2022-08-24 18:41:47,045] {standard_task_runner.py:79} INFO - Running: ['***', 'tasks', 'run', 'dynamically_branching1', 'check_table_exist', 'scheduled__2018-11-11T00:00:00+00:00', '--job-id', '763', '--raw', '--subdir', 'DAGS_FOLDER/jobs_dag.py', '--cfg-path', '/tmp/tmpogl9bbqd', '--error-file', '/tmp/tmpxyk4l8ks']
[2022-08-24 18:41:47,054] {standard_task_runner.py:80} INFO - Job 763: Subtask check_table_exist
[2022-08-24 18:41:47,286] {task_command.py:371} INFO - Running <TaskInstance: dynamically_branching1.check_table_exist scheduled__2018-11-11T00:00:00+00:00 [running]> on host 9d5d2a77e6ba
[2022-08-24 18:41:47,614] {taskinstance.py:1591} INFO - Exporting the following env vars:
AIRFLOW_CTX_DAG_OWNER=***
AIRFLOW_CTX_DAG_ID=dynamically_branching1
AIRFLOW_CTX_TASK_ID=check_table_exist
AIRFLOW_CTX_EXECUTION_DATE=2018-11-11T00:00:00+00:00
AIRFLOW_CTX_TRY_NUMBER=1
AIRFLOW_CTX_DAG_RUN_ID=scheduled__2018-11-11T00:00:00+00:00
[2022-08-24 18:41:47,620] {python.py:173} INFO - Done. Returned value was: insert_row
[2022-08-24 18:41:47,621] {skipmixin.py:140} INFO - Following branch insert_row
[2022-08-24 18:41:47,622] {skipmixin.py:175} INFO - Skipping tasks ['create_table']
[2022-08-24 18:41:47,821] {taskinstance.py:1420} INFO - Marking task as SUCCESS. dag_id=dynamically_branching1, task_id=check_table_exist, execution_date=20181111T000000, start_date=20220824T184146, end_date=20220824T184147
[2022-08-24 18:41:47,917] {local_task_job.py:156} INFO - Task exited with return code 0
[2022-08-24 18:41:48,085] {local_task_job.py:273} INFO - 0 downstream tasks scheduled from follow-on schedule check
