[2022-08-24 19:18:47,805] {taskinstance.py:1179} INFO - Dependencies all met for <TaskInstance: dynamically_branching1.bash_task scheduled__2021-11-17T00:00:00+00:00 [queued]>
[2022-08-24 19:18:47,842] {taskinstance.py:1179} INFO - Dependencies all met for <TaskInstance: dynamically_branching1.bash_task scheduled__2021-11-17T00:00:00+00:00 [queued]>
[2022-08-24 19:18:47,845] {taskinstance.py:1376} INFO - 
--------------------------------------------------------------------------------
[2022-08-24 19:18:47,864] {taskinstance.py:1377} INFO - Starting attempt 1 of 1
[2022-08-24 19:18:47,865] {taskinstance.py:1378} INFO - 
--------------------------------------------------------------------------------
[2022-08-24 19:18:47,949] {taskinstance.py:1397} INFO - Executing <Task(BashOperator): bash_task> on 2021-11-17 00:00:00+00:00
[2022-08-24 19:18:47,971] {standard_task_runner.py:52} INFO - Started process 10021 to run task
[2022-08-24 19:18:47,998] {standard_task_runner.py:79} INFO - Running: ['***', 'tasks', 'run', 'dynamically_branching1', 'bash_task', 'scheduled__2021-11-17T00:00:00+00:00', '--job-id', '2689', '--raw', '--subdir', 'DAGS_FOLDER/jobs_dag.py', '--cfg-path', '/tmp/tmpgn_zsd04', '--error-file', '/tmp/tmph_4y3tcc']
[2022-08-24 19:18:48,002] {standard_task_runner.py:80} INFO - Job 2689: Subtask bash_task
[2022-08-24 19:18:48,384] {task_command.py:371} INFO - Running <TaskInstance: dynamically_branching1.bash_task scheduled__2021-11-17T00:00:00+00:00 [running]> on host 9d5d2a77e6ba
[2022-08-24 19:18:49,291] {taskinstance.py:1591} INFO - Exporting the following env vars:
AIRFLOW_CTX_DAG_OWNER=***
AIRFLOW_CTX_DAG_ID=dynamically_branching1
AIRFLOW_CTX_TASK_ID=bash_task
AIRFLOW_CTX_EXECUTION_DATE=2021-11-17T00:00:00+00:00
AIRFLOW_CTX_TRY_NUMBER=1
AIRFLOW_CTX_DAG_RUN_ID=scheduled__2021-11-17T00:00:00+00:00
[2022-08-24 19:18:49,294] {subprocess.py:62} INFO - Tmp dir root location: 
 /tmp
[2022-08-24 19:18:49,297] {subprocess.py:74} INFO - Running command: ['bash', '-c', 'echo $(whoami)']
[2022-08-24 19:18:49,431] {subprocess.py:85} INFO - Output:
[2022-08-24 19:18:49,459] {subprocess.py:92} INFO - default
[2022-08-24 19:18:49,461] {subprocess.py:96} INFO - Command exited with return code 0
[2022-08-24 19:18:49,634] {taskinstance.py:1420} INFO - Marking task as SUCCESS. dag_id=dynamically_branching1, task_id=bash_task, execution_date=20211117T000000, start_date=20220824T191847, end_date=20220824T191849
[2022-08-24 19:18:49,813] {local_task_job.py:156} INFO - Task exited with return code 0
[2022-08-24 19:18:50,232] {local_task_job.py:273} INFO - 0 downstream tasks scheduled from follow-on schedule check
