[2022-08-24 18:43:33,011] {taskinstance.py:1179} INFO - Dependencies all met for <TaskInstance: dynamically_branching1.check_table_exist scheduled__2019-01-15T00:00:00+00:00 [queued]>
[2022-08-24 18:43:33,048] {taskinstance.py:1179} INFO - Dependencies all met for <TaskInstance: dynamically_branching1.check_table_exist scheduled__2019-01-15T00:00:00+00:00 [queued]>
[2022-08-24 18:43:33,052] {taskinstance.py:1376} INFO - 
--------------------------------------------------------------------------------
[2022-08-24 18:43:33,053] {taskinstance.py:1377} INFO - Starting attempt 1 of 1
[2022-08-24 18:43:33,054] {taskinstance.py:1378} INFO - 
--------------------------------------------------------------------------------
[2022-08-24 18:43:33,091] {taskinstance.py:1397} INFO - Executing <Task(BranchPythonOperator): check_table_exist> on 2019-01-15 00:00:00+00:00
[2022-08-24 18:43:33,118] {standard_task_runner.py:52} INFO - Started process 4035 to run task
[2022-08-24 18:43:33,135] {standard_task_runner.py:79} INFO - Running: ['***', 'tasks', 'run', 'dynamically_branching1', 'check_table_exist', 'scheduled__2019-01-15T00:00:00+00:00', '--job-id', '939', '--raw', '--subdir', 'DAGS_FOLDER/jobs_dag.py', '--cfg-path', '/tmp/tmpqxay9aqi', '--error-file', '/tmp/tmpwctdecrk']
[2022-08-24 18:43:33,139] {standard_task_runner.py:80} INFO - Job 939: Subtask check_table_exist
[2022-08-24 18:43:33,350] {task_command.py:371} INFO - Running <TaskInstance: dynamically_branching1.check_table_exist scheduled__2019-01-15T00:00:00+00:00 [running]> on host 9d5d2a77e6ba
[2022-08-24 18:43:33,489] {taskinstance.py:1591} INFO - Exporting the following env vars:
AIRFLOW_CTX_DAG_OWNER=***
AIRFLOW_CTX_DAG_ID=dynamically_branching1
AIRFLOW_CTX_TASK_ID=check_table_exist
AIRFLOW_CTX_EXECUTION_DATE=2019-01-15T00:00:00+00:00
AIRFLOW_CTX_TRY_NUMBER=1
AIRFLOW_CTX_DAG_RUN_ID=scheduled__2019-01-15T00:00:00+00:00
[2022-08-24 18:43:33,494] {python.py:173} INFO - Done. Returned value was: insert_row
[2022-08-24 18:43:33,495] {skipmixin.py:140} INFO - Following branch insert_row
[2022-08-24 18:43:33,496] {skipmixin.py:175} INFO - Skipping tasks ['create_table']
[2022-08-24 18:43:33,602] {taskinstance.py:1420} INFO - Marking task as SUCCESS. dag_id=dynamically_branching1, task_id=check_table_exist, execution_date=20190115T000000, start_date=20220824T184333, end_date=20220824T184333
[2022-08-24 18:43:33,669] {local_task_job.py:156} INFO - Task exited with return code 0
[2022-08-24 18:43:33,747] {local_task_job.py:273} INFO - 0 downstream tasks scheduled from follow-on schedule check
