[2022-09-01 20:02:26,059] {taskinstance.py:1179} INFO - Dependencies all met for <TaskInstance: dynamically_branching1.query_table manual__2022-09-01T20:02:22.417154+00:00 [queued]>
[2022-09-01 20:02:26,079] {taskinstance.py:1179} INFO - Dependencies all met for <TaskInstance: dynamically_branching1.query_table manual__2022-09-01T20:02:22.417154+00:00 [queued]>
[2022-09-01 20:02:26,081] {taskinstance.py:1376} INFO - 
--------------------------------------------------------------------------------
[2022-09-01 20:02:26,081] {taskinstance.py:1377} INFO - Starting attempt 1 of 1
[2022-09-01 20:02:26,083] {taskinstance.py:1378} INFO - 
--------------------------------------------------------------------------------
[2022-09-01 20:02:26,106] {taskinstance.py:1397} INFO - Executing <Task(PythonOperator): query_table> on 2022-09-01 20:02:22.417154+00:00
[2022-09-01 20:02:26,112] {standard_task_runner.py:52} INFO - Started process 91703 to run task
[2022-09-01 20:02:26,117] {standard_task_runner.py:79} INFO - Running: ['***', 'tasks', 'run', 'dynamically_branching1', 'query_table', 'manual__2022-09-01T20:02:22.417154+00:00', '--job-id', '3621', '--raw', '--subdir', 'DAGS_FOLDER/jobs_dag.py', '--cfg-path', '/tmp/tmpcb7w7fbk', '--error-file', '/tmp/tmpkfipzoc4']
[2022-09-01 20:02:26,118] {standard_task_runner.py:80} INFO - Job 3621: Subtask query_table
[2022-09-01 20:02:26,207] {task_command.py:371} INFO - Running <TaskInstance: dynamically_branching1.query_table manual__2022-09-01T20:02:22.417154+00:00 [running]> on host 9d5d2a77e6ba
[2022-09-01 20:02:26,303] {taskinstance.py:1591} INFO - Exporting the following env vars:
AIRFLOW_CTX_DAG_OWNER=***
AIRFLOW_CTX_DAG_ID=dynamically_branching1
AIRFLOW_CTX_TASK_ID=query_table
AIRFLOW_CTX_EXECUTION_DATE=2022-09-01T20:02:22.417154+00:00
AIRFLOW_CTX_TRY_NUMBER=1
AIRFLOW_CTX_DAG_RUN_ID=manual__2022-09-01T20:02:22.417154+00:00
[2022-09-01 20:02:26,326] {python.py:173} INFO - Done. Returned value was: None
[2022-09-01 20:02:26,344] {taskinstance.py:1420} INFO - Marking task as SUCCESS. dag_id=dynamically_branching1, task_id=query_table, execution_date=20220901T200222, start_date=20220901T200226, end_date=20220901T200226
[2022-09-01 20:02:26,371] {local_task_job.py:156} INFO - Task exited with return code 0
[2022-09-01 20:02:26,420] {local_task_job.py:273} INFO - 0 downstream tasks scheduled from follow-on schedule check
