[2022-09-02 21:56:41,671] {taskinstance.py:1179} INFO - Dependencies all met for <TaskInstance: dynamically_branching1.query_table manual__2022-09-02T21:56:38.217913+00:00 [queued]>
[2022-09-02 21:56:41,683] {taskinstance.py:1179} INFO - Dependencies all met for <TaskInstance: dynamically_branching1.query_table manual__2022-09-02T21:56:38.217913+00:00 [queued]>
[2022-09-02 21:56:41,685] {taskinstance.py:1376} INFO - 
--------------------------------------------------------------------------------
[2022-09-02 21:56:41,685] {taskinstance.py:1377} INFO - Starting attempt 1 of 1
[2022-09-02 21:56:41,686] {taskinstance.py:1378} INFO - 
--------------------------------------------------------------------------------
[2022-09-02 21:56:41,703] {taskinstance.py:1397} INFO - Executing <Task(PythonOperator): query_table> on 2022-09-02 21:56:38.217913+00:00
[2022-09-02 21:56:41,709] {standard_task_runner.py:52} INFO - Started process 587 to run task
[2022-09-02 21:56:41,714] {standard_task_runner.py:79} INFO - Running: ['***', 'tasks', 'run', 'dynamically_branching1', 'query_table', 'manual__2022-09-02T21:56:38.217913+00:00', '--job-id', '3794', '--raw', '--subdir', 'DAGS_FOLDER/jobs_dag.py', '--cfg-path', '/tmp/tmps07_o6gc', '--error-file', '/tmp/tmppj_rzco0']
[2022-09-02 21:56:41,715] {standard_task_runner.py:80} INFO - Job 3794: Subtask query_table
[2022-09-02 21:56:41,794] {task_command.py:371} INFO - Running <TaskInstance: dynamically_branching1.query_table manual__2022-09-02T21:56:38.217913+00:00 [running]> on host 643b3d669374
[2022-09-02 21:56:41,884] {taskinstance.py:1591} INFO - Exporting the following env vars:
AIRFLOW_CTX_DAG_OWNER=***
AIRFLOW_CTX_DAG_ID=dynamically_branching1
AIRFLOW_CTX_TASK_ID=query_table
AIRFLOW_CTX_EXECUTION_DATE=2022-09-02T21:56:38.217913+00:00
AIRFLOW_CTX_TRY_NUMBER=1
AIRFLOW_CTX_DAG_RUN_ID=manual__2022-09-02T21:56:38.217913+00:00
[2022-09-02 21:56:41,901] {python.py:173} INFO - Done. Returned value was: None
[2022-09-02 21:56:41,919] {taskinstance.py:1420} INFO - Marking task as SUCCESS. dag_id=dynamically_branching1, task_id=query_table, execution_date=20220902T215638, start_date=20220902T215641, end_date=20220902T215641
[2022-09-02 21:56:41,968] {local_task_job.py:156} INFO - Task exited with return code 0
[2022-09-02 21:56:42,006] {local_task_job.py:273} INFO - 0 downstream tasks scheduled from follow-on schedule check
