[2022-08-17 14:39:12,349] {taskinstance.py:1179} INFO - Dependencies all met for <TaskInstance: my_dag.training_model_C scheduled__2022-08-16T00:00:00+00:00 [queued]>
[2022-08-17 14:39:12,366] {taskinstance.py:1179} INFO - Dependencies all met for <TaskInstance: my_dag.training_model_C scheduled__2022-08-16T00:00:00+00:00 [queued]>
[2022-08-17 14:39:12,368] {taskinstance.py:1376} INFO - 
--------------------------------------------------------------------------------
[2022-08-17 14:39:12,369] {taskinstance.py:1377} INFO - Starting attempt 1 of 1
[2022-08-17 14:39:12,370] {taskinstance.py:1378} INFO - 
--------------------------------------------------------------------------------
[2022-08-17 14:39:12,399] {taskinstance.py:1397} INFO - Executing <Task(PythonOperator): training_model_C> on 2022-08-16 00:00:00+00:00
[2022-08-17 14:39:12,405] {standard_task_runner.py:52} INFO - Started process 1807 to run task
[2022-08-17 14:39:12,426] {standard_task_runner.py:79} INFO - Running: ['***', 'tasks', 'run', 'my_dag', 'training_model_C', 'scheduled__2022-08-16T00:00:00+00:00', '--job-id', '55', '--raw', '--subdir', 'DAGS_FOLDER/my_dag.py', '--cfg-path', '/tmp/tmpei7evi88', '--error-file', '/tmp/tmpznx5u8kb']
[2022-08-17 14:39:12,428] {standard_task_runner.py:80} INFO - Job 55: Subtask training_model_C
[2022-08-17 14:39:12,546] {task_command.py:371} INFO - Running <TaskInstance: my_dag.training_model_C scheduled__2022-08-16T00:00:00+00:00 [running]> on host 9d5d2a77e6ba
[2022-08-17 14:39:12,652] {taskinstance.py:1591} INFO - Exporting the following env vars:
AIRFLOW_CTX_DAG_OWNER=***
AIRFLOW_CTX_DAG_ID=my_dag
AIRFLOW_CTX_TASK_ID=training_model_C
AIRFLOW_CTX_EXECUTION_DATE=2022-08-16T00:00:00+00:00
AIRFLOW_CTX_TRY_NUMBER=1
AIRFLOW_CTX_DAG_RUN_ID=scheduled__2022-08-16T00:00:00+00:00
[2022-08-17 14:39:12,657] {python.py:173} INFO - Done. Returned value was: 2
[2022-08-17 14:39:12,703] {taskinstance.py:1420} INFO - Marking task as SUCCESS. dag_id=my_dag, task_id=training_model_C, execution_date=20220816T000000, start_date=20220817T143912, end_date=20220817T143912
[2022-08-17 14:39:12,744] {local_task_job.py:156} INFO - Task exited with return code 0
[2022-08-17 14:39:12,814] {local_task_job.py:273} INFO - 0 downstream tasks scheduled from follow-on schedule check
