[2022-09-01 22:23:06,453] {taskinstance.py:1179} INFO - Dependencies all met for <TaskInstance: dynamically_branching1.bash_task manual__2022-09-01T22:23:05.343458+00:00 [queued]>
[2022-09-01 22:23:06,483] {taskinstance.py:1179} INFO - Dependencies all met for <TaskInstance: dynamically_branching1.bash_task manual__2022-09-01T22:23:05.343458+00:00 [queued]>
[2022-09-01 22:23:06,485] {taskinstance.py:1376} INFO - 
--------------------------------------------------------------------------------
[2022-09-01 22:23:06,486] {taskinstance.py:1377} INFO - Starting attempt 1 of 1
[2022-09-01 22:23:06,488] {taskinstance.py:1378} INFO - 
--------------------------------------------------------------------------------
[2022-09-01 22:23:06,518] {taskinstance.py:1397} INFO - Executing <Task(BashOperator): bash_task> on 2022-09-01 22:23:05.343458+00:00
[2022-09-01 22:23:06,525] {standard_task_runner.py:52} INFO - Started process 95014 to run task
[2022-09-01 22:23:06,532] {standard_task_runner.py:79} INFO - Running: ['***', 'tasks', 'run', 'dynamically_branching1', 'bash_task', 'manual__2022-09-01T22:23:05.343458+00:00', '--job-id', '3731', '--raw', '--subdir', 'DAGS_FOLDER/jobs_dag.py', '--cfg-path', '/tmp/tmpsslcgzxw', '--error-file', '/tmp/tmpg7z7_07y']
[2022-09-01 22:23:06,533] {standard_task_runner.py:80} INFO - Job 3731: Subtask bash_task
[2022-09-01 22:23:06,627] {task_command.py:371} INFO - Running <TaskInstance: dynamically_branching1.bash_task manual__2022-09-01T22:23:05.343458+00:00 [running]> on host 9d5d2a77e6ba
[2022-09-01 22:23:06,726] {taskinstance.py:1591} INFO - Exporting the following env vars:
AIRFLOW_CTX_DAG_OWNER=***
AIRFLOW_CTX_DAG_ID=dynamically_branching1
AIRFLOW_CTX_TASK_ID=bash_task
AIRFLOW_CTX_EXECUTION_DATE=2022-09-01T22:23:05.343458+00:00
AIRFLOW_CTX_TRY_NUMBER=1
AIRFLOW_CTX_DAG_RUN_ID=manual__2022-09-01T22:23:05.343458+00:00
[2022-09-01 22:23:06,728] {subprocess.py:62} INFO - Tmp dir root location: 
 /tmp
[2022-09-01 22:23:06,729] {subprocess.py:74} INFO - Running command: ['bash', '-c', 'echo $(whoami)']
[2022-09-01 22:23:06,745] {subprocess.py:85} INFO - Output:
[2022-09-01 22:23:06,750] {subprocess.py:92} INFO - default
[2022-09-01 22:23:06,752] {subprocess.py:96} INFO - Command exited with return code 0
[2022-09-01 22:23:06,791] {taskinstance.py:1420} INFO - Marking task as SUCCESS. dag_id=dynamically_branching1, task_id=bash_task, execution_date=20220901T222305, start_date=20220901T222306, end_date=20220901T222306
[2022-09-01 22:23:06,828] {local_task_job.py:156} INFO - Task exited with return code 0
[2022-09-01 22:23:06,881] {local_task_job.py:273} INFO - 1 downstream tasks scheduled from follow-on schedule check
