[2022-08-24 19:16:35,816] {taskinstance.py:1179} INFO - Dependencies all met for <TaskInstance: dynamically_branching1.bash_task scheduled__2021-07-26T00:00:00+00:00 [queued]>
[2022-08-24 19:16:35,867] {taskinstance.py:1179} INFO - Dependencies all met for <TaskInstance: dynamically_branching1.bash_task scheduled__2021-07-26T00:00:00+00:00 [queued]>
[2022-08-24 19:16:35,869] {taskinstance.py:1376} INFO - 
--------------------------------------------------------------------------------
[2022-08-24 19:16:35,870] {taskinstance.py:1377} INFO - Starting attempt 1 of 1
[2022-08-24 19:16:35,873] {taskinstance.py:1378} INFO - 
--------------------------------------------------------------------------------
[2022-08-24 19:16:36,014] {taskinstance.py:1397} INFO - Executing <Task(BashOperator): bash_task> on 2021-07-26 00:00:00+00:00
[2022-08-24 19:16:36,052] {standard_task_runner.py:52} INFO - Started process 9282 to run task
[2022-08-24 19:16:36,087] {standard_task_runner.py:79} INFO - Running: ['***', 'tasks', 'run', 'dynamically_branching1', 'bash_task', 'scheduled__2021-07-26T00:00:00+00:00', '--job-id', '2466', '--raw', '--subdir', 'DAGS_FOLDER/jobs_dag.py', '--cfg-path', '/tmp/tmp7svfwls8', '--error-file', '/tmp/tmps0o42tnh']
[2022-08-24 19:16:36,089] {standard_task_runner.py:80} INFO - Job 2466: Subtask bash_task
[2022-08-24 19:16:36,497] {task_command.py:371} INFO - Running <TaskInstance: dynamically_branching1.bash_task scheduled__2021-07-26T00:00:00+00:00 [running]> on host 9d5d2a77e6ba
[2022-08-24 19:16:36,921] {taskinstance.py:1591} INFO - Exporting the following env vars:
AIRFLOW_CTX_DAG_OWNER=***
AIRFLOW_CTX_DAG_ID=dynamically_branching1
AIRFLOW_CTX_TASK_ID=bash_task
AIRFLOW_CTX_EXECUTION_DATE=2021-07-26T00:00:00+00:00
AIRFLOW_CTX_TRY_NUMBER=1
AIRFLOW_CTX_DAG_RUN_ID=scheduled__2021-07-26T00:00:00+00:00
[2022-08-24 19:16:36,923] {subprocess.py:62} INFO - Tmp dir root location: 
 /tmp
[2022-08-24 19:16:36,925] {subprocess.py:74} INFO - Running command: ['bash', '-c', 'echo $(whoami)']
[2022-08-24 19:16:37,029] {subprocess.py:85} INFO - Output:
[2022-08-24 19:16:37,043] {subprocess.py:92} INFO - default
[2022-08-24 19:16:37,046] {subprocess.py:96} INFO - Command exited with return code 0
[2022-08-24 19:16:37,165] {taskinstance.py:1420} INFO - Marking task as SUCCESS. dag_id=dynamically_branching1, task_id=bash_task, execution_date=20210726T000000, start_date=20220824T191635, end_date=20220824T191637
[2022-08-24 19:16:37,289] {local_task_job.py:156} INFO - Task exited with return code 0
[2022-08-24 19:16:37,668] {local_task_job.py:273} INFO - 0 downstream tasks scheduled from follow-on schedule check
