[2022-09-01 19:37:23,038] {taskinstance.py:1179} INFO - Dependencies all met for <TaskInstance: dynamically_branching1.query_table manual__2022-09-01T19:19:42.033492+00:00 [queued]>
[2022-09-01 19:37:23,156] {taskinstance.py:1179} INFO - Dependencies all met for <TaskInstance: dynamically_branching1.query_table manual__2022-09-01T19:19:42.033492+00:00 [queued]>
[2022-09-01 19:37:23,167] {taskinstance.py:1376} INFO - 
--------------------------------------------------------------------------------
[2022-09-01 19:37:23,169] {taskinstance.py:1377} INFO - Starting attempt 1 of 1
[2022-09-01 19:37:23,170] {taskinstance.py:1378} INFO - 
--------------------------------------------------------------------------------
[2022-09-01 19:37:23,272] {taskinstance.py:1397} INFO - Executing <Task(PythonOperator): query_table> on 2022-09-01 19:19:42.033492+00:00
[2022-09-01 19:37:23,296] {standard_task_runner.py:52} INFO - Started process 91117 to run task
[2022-09-01 19:37:23,352] {standard_task_runner.py:79} INFO - Running: ['***', 'tasks', 'run', 'dynamically_branching1', 'query_table', 'manual__2022-09-01T19:19:42.033492+00:00', '--job-id', '3597', '--raw', '--subdir', 'DAGS_FOLDER/jobs_dag.py', '--cfg-path', '/tmp/tmpvni408qo', '--error-file', '/tmp/tmpfdzf2vly']
[2022-09-01 19:37:23,372] {standard_task_runner.py:80} INFO - Job 3597: Subtask query_table
[2022-09-01 19:37:23,999] {task_command.py:371} INFO - Running <TaskInstance: dynamically_branching1.query_table manual__2022-09-01T19:19:42.033492+00:00 [running]> on host 9d5d2a77e6ba
[2022-09-01 19:37:24,647] {taskinstance.py:1591} INFO - Exporting the following env vars:
AIRFLOW_CTX_DAG_OWNER=***
AIRFLOW_CTX_DAG_ID=dynamically_branching1
AIRFLOW_CTX_TASK_ID=query_table
AIRFLOW_CTX_EXECUTION_DATE=2022-09-01T19:19:42.033492+00:00
AIRFLOW_CTX_TRY_NUMBER=1
AIRFLOW_CTX_DAG_RUN_ID=manual__2022-09-01T19:19:42.033492+00:00
[2022-09-01 19:37:24,726] {python.py:173} INFO - Done. Returned value was: None
[2022-09-01 19:37:24,798] {taskinstance.py:1420} INFO - Marking task as SUCCESS. dag_id=dynamically_branching1, task_id=query_table, execution_date=20220901T191942, start_date=20220901T193723, end_date=20220901T193724
[2022-09-01 19:37:24,985] {local_task_job.py:156} INFO - Task exited with return code 0
[2022-09-01 19:37:25,406] {local_task_job.py:273} INFO - 0 downstream tasks scheduled from follow-on schedule check
