[2022-08-24 18:59:27,652] {taskinstance.py:1179} INFO - Dependencies all met for <TaskInstance: dynamically_branching1.check_table_exist scheduled__2019-04-30T00:00:00+00:00 [queued]>
[2022-08-24 18:59:27,667] {taskinstance.py:1179} INFO - Dependencies all met for <TaskInstance: dynamically_branching1.check_table_exist scheduled__2019-04-30T00:00:00+00:00 [queued]>
[2022-08-24 18:59:27,668] {taskinstance.py:1376} INFO - 
--------------------------------------------------------------------------------
[2022-08-24 18:59:27,669] {taskinstance.py:1377} INFO - Starting attempt 1 of 1
[2022-08-24 18:59:27,670] {taskinstance.py:1378} INFO - 
--------------------------------------------------------------------------------
[2022-08-24 18:59:27,693] {taskinstance.py:1397} INFO - Executing <Task(BranchPythonOperator): check_table_exist> on 2019-04-30 00:00:00+00:00
[2022-08-24 18:59:27,702] {standard_task_runner.py:52} INFO - Started process 5100 to run task
[2022-08-24 18:59:27,710] {standard_task_runner.py:79} INFO - Running: ['***', 'tasks', 'run', 'dynamically_branching1', 'check_table_exist', 'scheduled__2019-04-30T00:00:00+00:00', '--job-id', '1118', '--raw', '--subdir', 'DAGS_FOLDER/jobs_dag.py', '--cfg-path', '/tmp/tmp54rq5_ez', '--error-file', '/tmp/tmpj4xfh6jx']
[2022-08-24 18:59:27,711] {standard_task_runner.py:80} INFO - Job 1118: Subtask check_table_exist
[2022-08-24 18:59:27,821] {task_command.py:371} INFO - Running <TaskInstance: dynamically_branching1.check_table_exist scheduled__2019-04-30T00:00:00+00:00 [running]> on host 9d5d2a77e6ba
[2022-08-24 18:59:27,923] {taskinstance.py:1591} INFO - Exporting the following env vars:
AIRFLOW_CTX_DAG_OWNER=***
AIRFLOW_CTX_DAG_ID=dynamically_branching1
AIRFLOW_CTX_TASK_ID=check_table_exist
AIRFLOW_CTX_EXECUTION_DATE=2019-04-30T00:00:00+00:00
AIRFLOW_CTX_TRY_NUMBER=1
AIRFLOW_CTX_DAG_RUN_ID=scheduled__2019-04-30T00:00:00+00:00
[2022-08-24 18:59:27,925] {python.py:173} INFO - Done. Returned value was: insert_row
[2022-08-24 18:59:27,926] {skipmixin.py:140} INFO - Following branch insert_row
[2022-08-24 18:59:27,927] {skipmixin.py:175} INFO - Skipping tasks ['create_table']
[2022-08-24 18:59:27,996] {taskinstance.py:1420} INFO - Marking task as SUCCESS. dag_id=dynamically_branching1, task_id=check_table_exist, execution_date=20190430T000000, start_date=20220824T185927, end_date=20220824T185927
[2022-08-24 18:59:28,045] {local_task_job.py:156} INFO - Task exited with return code 0
[2022-08-24 18:59:28,104] {local_task_job.py:273} INFO - 1 downstream tasks scheduled from follow-on schedule check
