[2022-09-01 19:58:44,994] {taskinstance.py:1179} INFO - Dependencies all met for <TaskInstance: dynamically_branching1.query_table manual__2022-09-01T19:58:41.270946+00:00 [queued]>
[2022-09-01 19:58:45,008] {taskinstance.py:1179} INFO - Dependencies all met for <TaskInstance: dynamically_branching1.query_table manual__2022-09-01T19:58:41.270946+00:00 [queued]>
[2022-09-01 19:58:45,009] {taskinstance.py:1376} INFO - 
--------------------------------------------------------------------------------
[2022-09-01 19:58:45,010] {taskinstance.py:1377} INFO - Starting attempt 1 of 1
[2022-09-01 19:58:45,010] {taskinstance.py:1378} INFO - 
--------------------------------------------------------------------------------
[2022-09-01 19:58:45,029] {taskinstance.py:1397} INFO - Executing <Task(PythonOperator): query_table> on 2022-09-01 19:58:41.270946+00:00
[2022-09-01 19:58:45,037] {standard_task_runner.py:52} INFO - Started process 91523 to run task
[2022-09-01 19:58:45,042] {standard_task_runner.py:79} INFO - Running: ['***', 'tasks', 'run', 'dynamically_branching1', 'query_table', 'manual__2022-09-01T19:58:41.270946+00:00', '--job-id', '3615', '--raw', '--subdir', 'DAGS_FOLDER/jobs_dag.py', '--cfg-path', '/tmp/tmptuqkc_uv', '--error-file', '/tmp/tmpzscbk9k1']
[2022-09-01 19:58:45,043] {standard_task_runner.py:80} INFO - Job 3615: Subtask query_table
[2022-09-01 19:58:45,140] {task_command.py:371} INFO - Running <TaskInstance: dynamically_branching1.query_table manual__2022-09-01T19:58:41.270946+00:00 [running]> on host 9d5d2a77e6ba
[2022-09-01 19:58:45,238] {taskinstance.py:1591} INFO - Exporting the following env vars:
AIRFLOW_CTX_DAG_OWNER=***
AIRFLOW_CTX_DAG_ID=dynamically_branching1
AIRFLOW_CTX_TASK_ID=query_table
AIRFLOW_CTX_EXECUTION_DATE=2022-09-01T19:58:41.270946+00:00
AIRFLOW_CTX_TRY_NUMBER=1
AIRFLOW_CTX_DAG_RUN_ID=manual__2022-09-01T19:58:41.270946+00:00
[2022-09-01 19:58:45,260] {python.py:173} INFO - Done. Returned value was: None
[2022-09-01 19:58:45,280] {taskinstance.py:1420} INFO - Marking task as SUCCESS. dag_id=dynamically_branching1, task_id=query_table, execution_date=20220901T195841, start_date=20220901T195844, end_date=20220901T195845
[2022-09-01 19:58:45,336] {local_task_job.py:156} INFO - Task exited with return code 0
[2022-09-01 19:58:45,394] {local_task_job.py:273} INFO - 0 downstream tasks scheduled from follow-on schedule check
