[2022-08-24 19:04:15,805] {taskinstance.py:1179} INFO - Dependencies all met for <TaskInstance: dynamically_branching1.check_table_exist scheduled__2020-01-06T00:00:00+00:00 [queued]>
[2022-08-24 19:04:15,848] {taskinstance.py:1179} INFO - Dependencies all met for <TaskInstance: dynamically_branching1.check_table_exist scheduled__2020-01-06T00:00:00+00:00 [queued]>
[2022-08-24 19:04:15,852] {taskinstance.py:1376} INFO - 
--------------------------------------------------------------------------------
[2022-08-24 19:04:15,853] {taskinstance.py:1377} INFO - Starting attempt 1 of 1
[2022-08-24 19:04:15,855] {taskinstance.py:1378} INFO - 
--------------------------------------------------------------------------------
[2022-08-24 19:04:15,915] {taskinstance.py:1397} INFO - Executing <Task(BranchPythonOperator): check_table_exist> on 2020-01-06 00:00:00+00:00
[2022-08-24 19:04:15,925] {standard_task_runner.py:52} INFO - Started process 5819 to run task
[2022-08-24 19:04:15,949] {standard_task_runner.py:79} INFO - Running: ['***', 'tasks', 'run', 'dynamically_branching1', 'check_table_exist', 'scheduled__2020-01-06T00:00:00+00:00', '--job-id', '1370', '--raw', '--subdir', 'DAGS_FOLDER/jobs_dag.py', '--cfg-path', '/tmp/tmpnum26vxy', '--error-file', '/tmp/tmp0m1mv9jd']
[2022-08-24 19:04:15,951] {standard_task_runner.py:80} INFO - Job 1370: Subtask check_table_exist
[2022-08-24 19:04:16,300] {task_command.py:371} INFO - Running <TaskInstance: dynamically_branching1.check_table_exist scheduled__2020-01-06T00:00:00+00:00 [running]> on host 9d5d2a77e6ba
[2022-08-24 19:04:16,457] {taskinstance.py:1591} INFO - Exporting the following env vars:
AIRFLOW_CTX_DAG_OWNER=***
AIRFLOW_CTX_DAG_ID=dynamically_branching1
AIRFLOW_CTX_TASK_ID=check_table_exist
AIRFLOW_CTX_EXECUTION_DATE=2020-01-06T00:00:00+00:00
AIRFLOW_CTX_TRY_NUMBER=1
AIRFLOW_CTX_DAG_RUN_ID=scheduled__2020-01-06T00:00:00+00:00
[2022-08-24 19:04:16,462] {python.py:173} INFO - Done. Returned value was: insert_row
[2022-08-24 19:04:16,464] {skipmixin.py:140} INFO - Following branch insert_row
[2022-08-24 19:04:16,465] {skipmixin.py:175} INFO - Skipping tasks ['create_table']
[2022-08-24 19:04:16,577] {taskinstance.py:1420} INFO - Marking task as SUCCESS. dag_id=dynamically_branching1, task_id=check_table_exist, execution_date=20200106T000000, start_date=20220824T190415, end_date=20220824T190416
[2022-08-24 19:04:16,654] {local_task_job.py:156} INFO - Task exited with return code 0
[2022-08-24 19:04:16,765] {local_task_job.py:273} INFO - 1 downstream tasks scheduled from follow-on schedule check
