[2022-08-24 19:23:32,808] {taskinstance.py:1179} INFO - Dependencies all met for <TaskInstance: dynamically_branching1.bash_task scheduled__2022-07-23T00:00:00+00:00 [queued]>
[2022-08-24 19:23:32,869] {taskinstance.py:1179} INFO - Dependencies all met for <TaskInstance: dynamically_branching1.bash_task scheduled__2022-07-23T00:00:00+00:00 [queued]>
[2022-08-24 19:23:32,875] {taskinstance.py:1376} INFO - 
--------------------------------------------------------------------------------
[2022-08-24 19:23:32,876] {taskinstance.py:1377} INFO - Starting attempt 1 of 1
[2022-08-24 19:23:32,877] {taskinstance.py:1378} INFO - 
--------------------------------------------------------------------------------
[2022-08-24 19:23:32,983] {taskinstance.py:1397} INFO - Executing <Task(BashOperator): bash_task> on 2022-07-23 00:00:00+00:00
[2022-08-24 19:23:33,005] {standard_task_runner.py:52} INFO - Started process 11653 to run task
[2022-08-24 19:23:33,051] {standard_task_runner.py:79} INFO - Running: ['***', 'tasks', 'run', 'dynamically_branching1', 'bash_task', 'scheduled__2022-07-23T00:00:00+00:00', '--job-id', '3188', '--raw', '--subdir', 'DAGS_FOLDER/jobs_dag.py', '--cfg-path', '/tmp/tmpzfixefbu', '--error-file', '/tmp/tmpkxu0_fyh']
[2022-08-24 19:23:33,062] {standard_task_runner.py:80} INFO - Job 3188: Subtask bash_task
[2022-08-24 19:23:33,599] {task_command.py:371} INFO - Running <TaskInstance: dynamically_branching1.bash_task scheduled__2022-07-23T00:00:00+00:00 [running]> on host 9d5d2a77e6ba
[2022-08-24 19:23:34,214] {taskinstance.py:1591} INFO - Exporting the following env vars:
AIRFLOW_CTX_DAG_OWNER=***
AIRFLOW_CTX_DAG_ID=dynamically_branching1
AIRFLOW_CTX_TASK_ID=bash_task
AIRFLOW_CTX_EXECUTION_DATE=2022-07-23T00:00:00+00:00
AIRFLOW_CTX_TRY_NUMBER=1
AIRFLOW_CTX_DAG_RUN_ID=scheduled__2022-07-23T00:00:00+00:00
[2022-08-24 19:23:34,217] {subprocess.py:62} INFO - Tmp dir root location: 
 /tmp
[2022-08-24 19:23:34,230] {subprocess.py:74} INFO - Running command: ['bash', '-c', 'echo $(whoami)']
[2022-08-24 19:23:34,364] {subprocess.py:85} INFO - Output:
[2022-08-24 19:23:34,393] {subprocess.py:92} INFO - default
[2022-08-24 19:23:34,395] {subprocess.py:96} INFO - Command exited with return code 0
[2022-08-24 19:23:34,614] {taskinstance.py:1420} INFO - Marking task as SUCCESS. dag_id=dynamically_branching1, task_id=bash_task, execution_date=20220723T000000, start_date=20220824T192332, end_date=20220824T192334
[2022-08-24 19:23:34,837] {local_task_job.py:156} INFO - Task exited with return code 0
[2022-08-24 19:23:35,173] {local_task_job.py:273} INFO - 0 downstream tasks scheduled from follow-on schedule check
