[2022-08-24 18:42:17,879] {taskinstance.py:1179} INFO - Dependencies all met for <TaskInstance: dynamically_branching1.query_table scheduled__2018-11-26T00:00:00+00:00 [queued]>
[2022-08-24 18:42:17,921] {taskinstance.py:1179} INFO - Dependencies all met for <TaskInstance: dynamically_branching1.query_table scheduled__2018-11-26T00:00:00+00:00 [queued]>
[2022-08-24 18:42:17,922] {taskinstance.py:1376} INFO - 
--------------------------------------------------------------------------------
[2022-08-24 18:42:17,923] {taskinstance.py:1377} INFO - Starting attempt 1 of 1
[2022-08-24 18:42:17,924] {taskinstance.py:1378} INFO - 
--------------------------------------------------------------------------------
[2022-08-24 18:42:17,972] {taskinstance.py:1397} INFO - Executing <Task(PythonOperator): query_table> on 2018-11-26 00:00:00+00:00
[2022-08-24 18:42:17,981] {standard_task_runner.py:52} INFO - Started process 3741 to run task
[2022-08-24 18:42:18,004] {standard_task_runner.py:79} INFO - Running: ['***', 'tasks', 'run', 'dynamically_branching1', 'query_table', 'scheduled__2018-11-26T00:00:00+00:00', '--job-id', '813', '--raw', '--subdir', 'DAGS_FOLDER/jobs_dag.py', '--cfg-path', '/tmp/tmpmiflp_y7', '--error-file', '/tmp/tmp70pclazs']
[2022-08-24 18:42:18,005] {standard_task_runner.py:80} INFO - Job 813: Subtask query_table
[2022-08-24 18:42:18,204] {task_command.py:371} INFO - Running <TaskInstance: dynamically_branching1.query_table scheduled__2018-11-26T00:00:00+00:00 [running]> on host 9d5d2a77e6ba
[2022-08-24 18:42:18,436] {taskinstance.py:1591} INFO - Exporting the following env vars:
AIRFLOW_CTX_DAG_OWNER=***
AIRFLOW_CTX_DAG_ID=dynamically_branching1
AIRFLOW_CTX_TASK_ID=query_table
AIRFLOW_CTX_EXECUTION_DATE=2018-11-26T00:00:00+00:00
AIRFLOW_CTX_TRY_NUMBER=1
AIRFLOW_CTX_DAG_RUN_ID=scheduled__2018-11-26T00:00:00+00:00
[2022-08-24 18:42:18,440] {python.py:173} INFO - Done. Returned value was: finish
[2022-08-24 18:42:18,494] {taskinstance.py:1420} INFO - Marking task as SUCCESS. dag_id=dynamically_branching1, task_id=query_table, execution_date=20181126T000000, start_date=20220824T184217, end_date=20220824T184218
[2022-08-24 18:42:18,555] {local_task_job.py:156} INFO - Task exited with return code 0
[2022-08-24 18:42:18,615] {local_task_job.py:273} INFO - 0 downstream tasks scheduled from follow-on schedule check
