[2022-08-24 19:17:14,983] {taskinstance.py:1179} INFO - Dependencies all met for <TaskInstance: dynamically_branching1.bash_task scheduled__2021-08-30T00:00:00+00:00 [queued]>
[2022-08-24 19:17:15,073] {taskinstance.py:1179} INFO - Dependencies all met for <TaskInstance: dynamically_branching1.bash_task scheduled__2021-08-30T00:00:00+00:00 [queued]>
[2022-08-24 19:17:15,074] {taskinstance.py:1376} INFO - 
--------------------------------------------------------------------------------
[2022-08-24 19:17:15,075] {taskinstance.py:1377} INFO - Starting attempt 1 of 1
[2022-08-24 19:17:15,076] {taskinstance.py:1378} INFO - 
--------------------------------------------------------------------------------
[2022-08-24 19:17:15,138] {taskinstance.py:1397} INFO - Executing <Task(BashOperator): bash_task> on 2021-08-30 00:00:00+00:00
[2022-08-24 19:17:15,162] {standard_task_runner.py:52} INFO - Started process 9504 to run task
[2022-08-24 19:17:15,183] {standard_task_runner.py:79} INFO - Running: ['***', 'tasks', 'run', 'dynamically_branching1', 'bash_task', 'scheduled__2021-08-30T00:00:00+00:00', '--job-id', '2532', '--raw', '--subdir', 'DAGS_FOLDER/jobs_dag.py', '--cfg-path', '/tmp/tmpr7g9ak76', '--error-file', '/tmp/tmpljo4ktnn']
[2022-08-24 19:17:15,185] {standard_task_runner.py:80} INFO - Job 2532: Subtask bash_task
[2022-08-24 19:17:15,473] {task_command.py:371} INFO - Running <TaskInstance: dynamically_branching1.bash_task scheduled__2021-08-30T00:00:00+00:00 [running]> on host 9d5d2a77e6ba
[2022-08-24 19:17:15,923] {taskinstance.py:1591} INFO - Exporting the following env vars:
AIRFLOW_CTX_DAG_OWNER=***
AIRFLOW_CTX_DAG_ID=dynamically_branching1
AIRFLOW_CTX_TASK_ID=bash_task
AIRFLOW_CTX_EXECUTION_DATE=2021-08-30T00:00:00+00:00
AIRFLOW_CTX_TRY_NUMBER=1
AIRFLOW_CTX_DAG_RUN_ID=scheduled__2021-08-30T00:00:00+00:00
[2022-08-24 19:17:15,925] {subprocess.py:62} INFO - Tmp dir root location: 
 /tmp
[2022-08-24 19:17:15,931] {subprocess.py:74} INFO - Running command: ['bash', '-c', 'echo $(whoami)']
[2022-08-24 19:17:16,047] {subprocess.py:85} INFO - Output:
[2022-08-24 19:17:16,062] {subprocess.py:92} INFO - default
[2022-08-24 19:17:16,073] {subprocess.py:96} INFO - Command exited with return code 0
[2022-08-24 19:17:16,249] {taskinstance.py:1420} INFO - Marking task as SUCCESS. dag_id=dynamically_branching1, task_id=bash_task, execution_date=20210830T000000, start_date=20220824T191714, end_date=20220824T191716
[2022-08-24 19:17:16,429] {local_task_job.py:156} INFO - Task exited with return code 0
[2022-08-24 19:17:16,608] {local_task_job.py:273} INFO - 1 downstream tasks scheduled from follow-on schedule check
