[2022-08-22 20:01:08,248] {taskinstance.py:1179} INFO - Dependencies all met for <TaskInstance: dynamically_branching1.check_table_exist scheduled__2018-10-22T00:00:00+00:00 [queued]>
[2022-08-22 20:01:08,458] {taskinstance.py:1179} INFO - Dependencies all met for <TaskInstance: dynamically_branching1.check_table_exist scheduled__2018-10-22T00:00:00+00:00 [queued]>
[2022-08-22 20:01:08,465] {taskinstance.py:1376} INFO - 
--------------------------------------------------------------------------------
[2022-08-22 20:01:08,468] {taskinstance.py:1377} INFO - Starting attempt 1 of 1
[2022-08-22 20:01:08,469] {taskinstance.py:1378} INFO - 
--------------------------------------------------------------------------------
[2022-08-22 20:01:08,612] {taskinstance.py:1397} INFO - Executing <Task(BranchPythonOperator): check_table_exist> on 2018-10-22 00:00:00+00:00
[2022-08-22 20:01:08,629] {standard_task_runner.py:52} INFO - Started process 34516 to run task
[2022-08-22 20:01:08,643] {standard_task_runner.py:79} INFO - Running: ['***', 'tasks', 'run', 'dynamically_branching1', 'check_table_exist', 'scheduled__2018-10-22T00:00:00+00:00', '--job-id', '701', '--raw', '--subdir', 'DAGS_FOLDER/jobs_dag.py', '--cfg-path', '/tmp/tmpd31e6t8l', '--error-file', '/tmp/tmp6a65err9']
[2022-08-22 20:01:08,644] {standard_task_runner.py:80} INFO - Job 701: Subtask check_table_exist
[2022-08-22 20:01:09,013] {task_command.py:371} INFO - Running <TaskInstance: dynamically_branching1.check_table_exist scheduled__2018-10-22T00:00:00+00:00 [running]> on host 9d5d2a77e6ba
[2022-08-22 20:01:09,387] {taskinstance.py:1591} INFO - Exporting the following env vars:
AIRFLOW_CTX_DAG_OWNER=***
AIRFLOW_CTX_DAG_ID=dynamically_branching1
AIRFLOW_CTX_TASK_ID=check_table_exist
AIRFLOW_CTX_EXECUTION_DATE=2018-10-22T00:00:00+00:00
AIRFLOW_CTX_TRY_NUMBER=1
AIRFLOW_CTX_DAG_RUN_ID=scheduled__2018-10-22T00:00:00+00:00
[2022-08-22 20:01:09,389] {python.py:173} INFO - Done. Returned value was: create_table
[2022-08-22 20:01:09,391] {skipmixin.py:140} INFO - Following branch create_table
[2022-08-22 20:01:09,396] {skipmixin.py:175} INFO - Skipping tasks []
[2022-08-22 20:01:09,631] {taskinstance.py:1420} INFO - Marking task as SUCCESS. dag_id=dynamically_branching1, task_id=check_table_exist, execution_date=20181022T000000, start_date=20220822T200108, end_date=20220822T200109
[2022-08-22 20:01:09,752] {local_task_job.py:156} INFO - Task exited with return code 0
[2022-08-22 20:01:09,918] {local_task_job.py:273} INFO - 1 downstream tasks scheduled from follow-on schedule check
