[2022-08-24 19:02:05,549] {taskinstance.py:1179} INFO - Dependencies all met for <TaskInstance: dynamically_branching1.check_table_exist scheduled__2019-08-16T00:00:00+00:00 [queued]>
[2022-08-24 19:02:05,568] {taskinstance.py:1179} INFO - Dependencies all met for <TaskInstance: dynamically_branching1.check_table_exist scheduled__2019-08-16T00:00:00+00:00 [queued]>
[2022-08-24 19:02:05,569] {taskinstance.py:1376} INFO - 
--------------------------------------------------------------------------------
[2022-08-24 19:02:05,571] {taskinstance.py:1377} INFO - Starting attempt 1 of 1
[2022-08-24 19:02:05,573] {taskinstance.py:1378} INFO - 
--------------------------------------------------------------------------------
[2022-08-24 19:02:05,594] {taskinstance.py:1397} INFO - Executing <Task(BranchPythonOperator): check_table_exist> on 2019-08-16 00:00:00+00:00
[2022-08-24 19:02:05,603] {standard_task_runner.py:52} INFO - Started process 5440 to run task
[2022-08-24 19:02:05,622] {standard_task_runner.py:79} INFO - Running: ['***', 'tasks', 'run', 'dynamically_branching1', 'check_table_exist', 'scheduled__2019-08-16T00:00:00+00:00', '--job-id', '1227', '--raw', '--subdir', 'DAGS_FOLDER/jobs_dag.py', '--cfg-path', '/tmp/tmp8be0atvu', '--error-file', '/tmp/tmpo4pe5f17']
[2022-08-24 19:02:05,623] {standard_task_runner.py:80} INFO - Job 1227: Subtask check_table_exist
[2022-08-24 19:02:05,817] {task_command.py:371} INFO - Running <TaskInstance: dynamically_branching1.check_table_exist scheduled__2019-08-16T00:00:00+00:00 [running]> on host 9d5d2a77e6ba
[2022-08-24 19:02:06,027] {taskinstance.py:1591} INFO - Exporting the following env vars:
AIRFLOW_CTX_DAG_OWNER=***
AIRFLOW_CTX_DAG_ID=dynamically_branching1
AIRFLOW_CTX_TASK_ID=check_table_exist
AIRFLOW_CTX_EXECUTION_DATE=2019-08-16T00:00:00+00:00
AIRFLOW_CTX_TRY_NUMBER=1
AIRFLOW_CTX_DAG_RUN_ID=scheduled__2019-08-16T00:00:00+00:00
[2022-08-24 19:02:06,031] {python.py:173} INFO - Done. Returned value was: insert_row
[2022-08-24 19:02:06,034] {skipmixin.py:140} INFO - Following branch insert_row
[2022-08-24 19:02:06,035] {skipmixin.py:175} INFO - Skipping tasks ['create_table']
[2022-08-24 19:02:06,125] {taskinstance.py:1420} INFO - Marking task as SUCCESS. dag_id=dynamically_branching1, task_id=check_table_exist, execution_date=20190816T000000, start_date=20220824T190205, end_date=20220824T190206
[2022-08-24 19:02:06,160] {local_task_job.py:156} INFO - Task exited with return code 0
[2022-08-24 19:02:06,234] {local_task_job.py:273} INFO - 1 downstream tasks scheduled from follow-on schedule check
