[2022-08-24 19:22:26,014] {taskinstance.py:1179} INFO - Dependencies all met for <TaskInstance: dynamically_branching1.check_table_exist scheduled__2022-05-20T00:00:00+00:00 [queued]>
[2022-08-24 19:22:26,064] {taskinstance.py:1179} INFO - Dependencies all met for <TaskInstance: dynamically_branching1.check_table_exist scheduled__2022-05-20T00:00:00+00:00 [queued]>
[2022-08-24 19:22:26,065] {taskinstance.py:1376} INFO - 
--------------------------------------------------------------------------------
[2022-08-24 19:22:26,066] {taskinstance.py:1377} INFO - Starting attempt 1 of 1
[2022-08-24 19:22:26,067] {taskinstance.py:1378} INFO - 
--------------------------------------------------------------------------------
[2022-08-24 19:22:26,116] {taskinstance.py:1397} INFO - Executing <Task(BranchPythonOperator): check_table_exist> on 2022-05-20 00:00:00+00:00
[2022-08-24 19:22:26,126] {standard_task_runner.py:52} INFO - Started process 11262 to run task
[2022-08-24 19:22:26,148] {standard_task_runner.py:79} INFO - Running: ['***', 'tasks', 'run', 'dynamically_branching1', 'check_table_exist', 'scheduled__2022-05-20T00:00:00+00:00', '--job-id', '3069', '--raw', '--subdir', 'DAGS_FOLDER/jobs_dag.py', '--cfg-path', '/tmp/tmp3mz2koj1', '--error-file', '/tmp/tmp1akf12yu']
[2022-08-24 19:22:26,150] {standard_task_runner.py:80} INFO - Job 3069: Subtask check_table_exist
[2022-08-24 19:22:26,387] {task_command.py:371} INFO - Running <TaskInstance: dynamically_branching1.check_table_exist scheduled__2022-05-20T00:00:00+00:00 [running]> on host 9d5d2a77e6ba
[2022-08-24 19:22:26,745] {taskinstance.py:1591} INFO - Exporting the following env vars:
AIRFLOW_CTX_DAG_OWNER=***
AIRFLOW_CTX_DAG_ID=dynamically_branching1
AIRFLOW_CTX_TASK_ID=check_table_exist
AIRFLOW_CTX_EXECUTION_DATE=2022-05-20T00:00:00+00:00
AIRFLOW_CTX_TRY_NUMBER=1
AIRFLOW_CTX_DAG_RUN_ID=scheduled__2022-05-20T00:00:00+00:00
[2022-08-24 19:22:26,751] {python.py:173} INFO - Done. Returned value was: insert_row
[2022-08-24 19:22:26,752] {skipmixin.py:140} INFO - Following branch insert_row
[2022-08-24 19:22:26,757] {skipmixin.py:175} INFO - Skipping tasks ['create_table']
[2022-08-24 19:22:26,979] {taskinstance.py:1420} INFO - Marking task as SUCCESS. dag_id=dynamically_branching1, task_id=check_table_exist, execution_date=20220520T000000, start_date=20220824T192226, end_date=20220824T192226
[2022-08-24 19:22:27,044] {local_task_job.py:156} INFO - Task exited with return code 0
[2022-08-24 19:22:27,190] {local_task_job.py:273} INFO - 1 downstream tasks scheduled from follow-on schedule check
