[2022-09-07 19:51:26,958] {taskinstance.py:1179} INFO - Dependencies all met for <TaskInstance: tables_name_1.bash_task manual__2022-09-07T19:51:24.649790+00:00 [queued]>
[2022-09-07 19:51:26,973] {taskinstance.py:1179} INFO - Dependencies all met for <TaskInstance: tables_name_1.bash_task manual__2022-09-07T19:51:24.649790+00:00 [queued]>
[2022-09-07 19:51:26,974] {taskinstance.py:1376} INFO - 
--------------------------------------------------------------------------------
[2022-09-07 19:51:26,975] {taskinstance.py:1377} INFO - Starting attempt 1 of 1
[2022-09-07 19:51:26,976] {taskinstance.py:1378} INFO - 
--------------------------------------------------------------------------------
[2022-09-07 19:51:26,999] {taskinstance.py:1397} INFO - Executing <Task(BashOperator): bash_task> on 2022-09-07 19:51:24.649790+00:00
[2022-09-07 19:51:27,006] {standard_task_runner.py:52} INFO - Started process 678 to run task
[2022-09-07 19:51:27,013] {standard_task_runner.py:79} INFO - Running: ['***', 'tasks', 'run', 'tables_name_1', 'bash_task', 'manual__2022-09-07T19:51:24.649790+00:00', '--job-id', '3966', '--raw', '--subdir', 'DAGS_FOLDER/jobs_dag.py', '--cfg-path', '/tmp/tmp86w_sz3l', '--error-file', '/tmp/tmpz085t3rb']
[2022-09-07 19:51:27,015] {standard_task_runner.py:80} INFO - Job 3966: Subtask bash_task
[2022-09-07 19:51:27,109] {task_command.py:371} INFO - Running <TaskInstance: tables_name_1.bash_task manual__2022-09-07T19:51:24.649790+00:00 [running]> on host a8b0d1ce0d66
[2022-09-07 19:51:27,206] {taskinstance.py:1591} INFO - Exporting the following env vars:
AIRFLOW_CTX_DAG_OWNER=***
AIRFLOW_CTX_DAG_ID=tables_name_1
AIRFLOW_CTX_TASK_ID=bash_task
AIRFLOW_CTX_EXECUTION_DATE=2022-09-07T19:51:24.649790+00:00
AIRFLOW_CTX_TRY_NUMBER=1
AIRFLOW_CTX_DAG_RUN_ID=manual__2022-09-07T19:51:24.649790+00:00
[2022-09-07 19:51:27,208] {subprocess.py:62} INFO - Tmp dir root location: 
 /tmp
[2022-09-07 19:51:27,210] {subprocess.py:74} INFO - Running command: ['bash', '-c', 'whoami']
[2022-09-07 19:51:27,222] {subprocess.py:85} INFO - Output:
[2022-09-07 19:51:27,229] {subprocess.py:92} INFO - ***
[2022-09-07 19:51:27,230] {subprocess.py:96} INFO - Command exited with return code 0
[2022-09-07 19:51:27,313] {taskinstance.py:1420} INFO - Marking task as SUCCESS. dag_id=tables_name_1, task_id=bash_task, execution_date=20220907T195124, start_date=20220907T195126, end_date=20220907T195127
[2022-09-07 19:51:27,347] {local_task_job.py:156} INFO - Task exited with return code 0
[2022-09-07 19:51:27,402] {local_task_job.py:273} INFO - 1 downstream tasks scheduled from follow-on schedule check
