[2022-08-24 18:44:54,153] {taskinstance.py:1179} INFO - Dependencies all met for <TaskInstance: dynamically_branching1.query_table scheduled__2019-02-27T00:00:00+00:00 [queued]>
[2022-08-24 18:44:54,170] {taskinstance.py:1179} INFO - Dependencies all met for <TaskInstance: dynamically_branching1.query_table scheduled__2019-02-27T00:00:00+00:00 [queued]>
[2022-08-24 18:44:54,171] {taskinstance.py:1376} INFO - 
--------------------------------------------------------------------------------
[2022-08-24 18:44:54,172] {taskinstance.py:1377} INFO - Starting attempt 1 of 1
[2022-08-24 18:44:54,173] {taskinstance.py:1378} INFO - 
--------------------------------------------------------------------------------
[2022-08-24 18:44:54,207] {taskinstance.py:1397} INFO - Executing <Task(PythonOperator): query_table> on 2019-02-27 00:00:00+00:00
[2022-08-24 18:44:54,215] {standard_task_runner.py:52} INFO - Started process 4300 to run task
[2022-08-24 18:44:54,225] {standard_task_runner.py:79} INFO - Running: ['***', 'tasks', 'run', 'dynamically_branching1', 'query_table', 'scheduled__2019-02-27T00:00:00+00:00', '--job-id', '1047', '--raw', '--subdir', 'DAGS_FOLDER/jobs_dag.py', '--cfg-path', '/tmp/tmpl8nykgio', '--error-file', '/tmp/tmpcxzc945w']
[2022-08-24 18:44:54,228] {standard_task_runner.py:80} INFO - Job 1047: Subtask query_table
[2022-08-24 18:44:54,509] {task_command.py:371} INFO - Running <TaskInstance: dynamically_branching1.query_table scheduled__2019-02-27T00:00:00+00:00 [running]> on host 9d5d2a77e6ba
[2022-08-24 18:44:54,701] {taskinstance.py:1591} INFO - Exporting the following env vars:
AIRFLOW_CTX_DAG_OWNER=***
AIRFLOW_CTX_DAG_ID=dynamically_branching1
AIRFLOW_CTX_TASK_ID=query_table
AIRFLOW_CTX_EXECUTION_DATE=2019-02-27T00:00:00+00:00
AIRFLOW_CTX_TRY_NUMBER=1
AIRFLOW_CTX_DAG_RUN_ID=scheduled__2019-02-27T00:00:00+00:00
[2022-08-24 18:44:54,704] {python.py:173} INFO - Done. Returned value was: finish
[2022-08-24 18:44:54,821] {taskinstance.py:1420} INFO - Marking task as SUCCESS. dag_id=dynamically_branching1, task_id=query_table, execution_date=20190227T000000, start_date=20220824T184454, end_date=20220824T184454
[2022-08-24 18:44:54,880] {local_task_job.py:156} INFO - Task exited with return code 0
[2022-08-24 18:44:54,963] {local_task_job.py:273} INFO - 0 downstream tasks scheduled from follow-on schedule check
