[2022-08-17 15:45:24,582] {taskinstance.py:1179} INFO - Dependencies all met for <TaskInstance: my_dag.training_model_C manual__2022-08-17T15:44:38+00:00 [queued]>
[2022-08-17 15:45:24,602] {taskinstance.py:1179} INFO - Dependencies all met for <TaskInstance: my_dag.training_model_C manual__2022-08-17T15:44:38+00:00 [queued]>
[2022-08-17 15:45:24,603] {taskinstance.py:1376} INFO - 
--------------------------------------------------------------------------------
[2022-08-17 15:45:24,605] {taskinstance.py:1377} INFO - Starting attempt 1 of 1
[2022-08-17 15:45:24,606] {taskinstance.py:1378} INFO - 
--------------------------------------------------------------------------------
[2022-08-17 15:45:24,658] {taskinstance.py:1397} INFO - Executing <Task(PythonOperator): training_model_C> on 2022-08-17 15:44:38+00:00
[2022-08-17 15:45:24,674] {standard_task_runner.py:52} INFO - Started process 2961 to run task
[2022-08-17 15:45:24,685] {standard_task_runner.py:79} INFO - Running: ['***', 'tasks', 'run', 'my_dag', 'training_model_C', 'manual__2022-08-17T15:44:38+00:00', '--job-id', '70', '--raw', '--subdir', 'DAGS_FOLDER/my_dag.py', '--cfg-path', '/tmp/tmptiydgtu7', '--error-file', '/tmp/tmp44xqzyji']
[2022-08-17 15:45:24,689] {standard_task_runner.py:80} INFO - Job 70: Subtask training_model_C
[2022-08-17 15:45:25,042] {task_command.py:371} INFO - Running <TaskInstance: my_dag.training_model_C manual__2022-08-17T15:44:38+00:00 [running]> on host 9d5d2a77e6ba
[2022-08-17 15:45:25,569] {taskinstance.py:1591} INFO - Exporting the following env vars:
AIRFLOW_CTX_DAG_OWNER=***
AIRFLOW_CTX_DAG_ID=my_dag
AIRFLOW_CTX_TASK_ID=training_model_C
AIRFLOW_CTX_EXECUTION_DATE=2022-08-17T15:44:38+00:00
AIRFLOW_CTX_TRY_NUMBER=1
AIRFLOW_CTX_DAG_RUN_ID=manual__2022-08-17T15:44:38+00:00
[2022-08-17 15:45:25,581] {python.py:173} INFO - Done. Returned value was: 8
[2022-08-17 15:45:25,821] {taskinstance.py:1420} INFO - Marking task as SUCCESS. dag_id=my_dag, task_id=training_model_C, execution_date=20220817T154438, start_date=20220817T154524, end_date=20220817T154525
[2022-08-17 15:45:25,967] {local_task_job.py:156} INFO - Task exited with return code 0
[2022-08-17 15:45:26,346] {local_task_job.py:273} INFO - 0 downstream tasks scheduled from follow-on schedule check
