[2022-08-24 19:09:26,086] {taskinstance.py:1179} INFO - Dependencies all met for <TaskInstance: dynamically_branching1.bash_task scheduled__2020-08-13T00:00:00+00:00 [queued]>
[2022-08-24 19:09:26,124] {taskinstance.py:1179} INFO - Dependencies all met for <TaskInstance: dynamically_branching1.bash_task scheduled__2020-08-13T00:00:00+00:00 [queued]>
[2022-08-24 19:09:26,125] {taskinstance.py:1376} INFO - 
--------------------------------------------------------------------------------
[2022-08-24 19:09:26,127] {taskinstance.py:1377} INFO - Starting attempt 1 of 1
[2022-08-24 19:09:26,130] {taskinstance.py:1378} INFO - 
--------------------------------------------------------------------------------
[2022-08-24 19:09:26,284] {taskinstance.py:1397} INFO - Executing <Task(BashOperator): bash_task> on 2020-08-13 00:00:00+00:00
[2022-08-24 19:09:26,319] {standard_task_runner.py:52} INFO - Started process 6986 to run task
[2022-08-24 19:09:26,356] {standard_task_runner.py:79} INFO - Running: ['***', 'tasks', 'run', 'dynamically_branching1', 'bash_task', 'scheduled__2020-08-13T00:00:00+00:00', '--job-id', '1768', '--raw', '--subdir', 'DAGS_FOLDER/jobs_dag.py', '--cfg-path', '/tmp/tmp2_abx7x0', '--error-file', '/tmp/tmpgda515vj']
[2022-08-24 19:09:26,359] {standard_task_runner.py:80} INFO - Job 1768: Subtask bash_task
[2022-08-24 19:09:26,876] {task_command.py:371} INFO - Running <TaskInstance: dynamically_branching1.bash_task scheduled__2020-08-13T00:00:00+00:00 [running]> on host 9d5d2a77e6ba
[2022-08-24 19:09:27,448] {taskinstance.py:1591} INFO - Exporting the following env vars:
AIRFLOW_CTX_DAG_OWNER=***
AIRFLOW_CTX_DAG_ID=dynamically_branching1
AIRFLOW_CTX_TASK_ID=bash_task
AIRFLOW_CTX_EXECUTION_DATE=2020-08-13T00:00:00+00:00
AIRFLOW_CTX_TRY_NUMBER=1
AIRFLOW_CTX_DAG_RUN_ID=scheduled__2020-08-13T00:00:00+00:00
[2022-08-24 19:09:27,451] {subprocess.py:62} INFO - Tmp dir root location: 
 /tmp
[2022-08-24 19:09:27,453] {subprocess.py:74} INFO - Running command: ['bash', '-c', 'echo $(whoami)']
[2022-08-24 19:09:27,565] {subprocess.py:85} INFO - Output:
[2022-08-24 19:09:27,617] {subprocess.py:92} INFO - default
[2022-08-24 19:09:27,621] {subprocess.py:96} INFO - Command exited with return code 0
[2022-08-24 19:09:27,980] {taskinstance.py:1420} INFO - Marking task as SUCCESS. dag_id=dynamically_branching1, task_id=bash_task, execution_date=20200813T000000, start_date=20220824T190926, end_date=20220824T190927
[2022-08-24 19:09:28,124] {local_task_job.py:156} INFO - Task exited with return code 0
[2022-08-24 19:09:28,398] {local_task_job.py:273} INFO - 1 downstream tasks scheduled from follow-on schedule check
