[2022-08-24 19:21:22,348] {taskinstance.py:1179} INFO - Dependencies all met for <TaskInstance: dynamically_branching1.bash_task scheduled__2022-03-26T00:00:00+00:00 [queued]>
[2022-08-24 19:21:22,389] {taskinstance.py:1179} INFO - Dependencies all met for <TaskInstance: dynamically_branching1.bash_task scheduled__2022-03-26T00:00:00+00:00 [queued]>
[2022-08-24 19:21:22,393] {taskinstance.py:1376} INFO - 
--------------------------------------------------------------------------------
[2022-08-24 19:21:22,393] {taskinstance.py:1377} INFO - Starting attempt 1 of 1
[2022-08-24 19:21:22,394] {taskinstance.py:1378} INFO - 
--------------------------------------------------------------------------------
[2022-08-24 19:21:22,432] {taskinstance.py:1397} INFO - Executing <Task(BashOperator): bash_task> on 2022-03-26 00:00:00+00:00
[2022-08-24 19:21:22,439] {standard_task_runner.py:52} INFO - Started process 10879 to run task
[2022-08-24 19:21:22,488] {standard_task_runner.py:79} INFO - Running: ['***', 'tasks', 'run', 'dynamically_branching1', 'bash_task', 'scheduled__2022-03-26T00:00:00+00:00', '--job-id', '2950', '--raw', '--subdir', 'DAGS_FOLDER/jobs_dag.py', '--cfg-path', '/tmp/tmpkc31op57', '--error-file', '/tmp/tmpaz9xof78']
[2022-08-24 19:21:22,520] {standard_task_runner.py:80} INFO - Job 2950: Subtask bash_task
[2022-08-24 19:21:23,020] {task_command.py:371} INFO - Running <TaskInstance: dynamically_branching1.bash_task scheduled__2022-03-26T00:00:00+00:00 [running]> on host 9d5d2a77e6ba
[2022-08-24 19:21:23,809] {taskinstance.py:1591} INFO - Exporting the following env vars:
AIRFLOW_CTX_DAG_OWNER=***
AIRFLOW_CTX_DAG_ID=dynamically_branching1
AIRFLOW_CTX_TASK_ID=bash_task
AIRFLOW_CTX_EXECUTION_DATE=2022-03-26T00:00:00+00:00
AIRFLOW_CTX_TRY_NUMBER=1
AIRFLOW_CTX_DAG_RUN_ID=scheduled__2022-03-26T00:00:00+00:00
[2022-08-24 19:21:23,813] {subprocess.py:62} INFO - Tmp dir root location: 
 /tmp
[2022-08-24 19:21:23,815] {subprocess.py:74} INFO - Running command: ['bash', '-c', 'echo $(whoami)']
[2022-08-24 19:21:23,969] {subprocess.py:85} INFO - Output:
[2022-08-24 19:21:24,015] {subprocess.py:92} INFO - default
[2022-08-24 19:21:24,021] {subprocess.py:96} INFO - Command exited with return code 0
[2022-08-24 19:21:24,146] {taskinstance.py:1420} INFO - Marking task as SUCCESS. dag_id=dynamically_branching1, task_id=bash_task, execution_date=20220326T000000, start_date=20220824T192122, end_date=20220824T192124
[2022-08-24 19:21:24,300] {local_task_job.py:156} INFO - Task exited with return code 0
[2022-08-24 19:21:24,605] {local_task_job.py:273} INFO - 0 downstream tasks scheduled from follow-on schedule check
