[2022-08-24 19:24:04,147] {taskinstance.py:1179} INFO - Dependencies all met for <TaskInstance: dynamically_branching1.bash_task scheduled__2022-08-18T00:00:00+00:00 [queued]>
[2022-08-24 19:24:04,219] {taskinstance.py:1179} INFO - Dependencies all met for <TaskInstance: dynamically_branching1.bash_task scheduled__2022-08-18T00:00:00+00:00 [queued]>
[2022-08-24 19:24:04,221] {taskinstance.py:1376} INFO - 
--------------------------------------------------------------------------------
[2022-08-24 19:24:04,223] {taskinstance.py:1377} INFO - Starting attempt 1 of 1
[2022-08-24 19:24:04,232] {taskinstance.py:1378} INFO - 
--------------------------------------------------------------------------------
[2022-08-24 19:24:04,295] {taskinstance.py:1397} INFO - Executing <Task(BashOperator): bash_task> on 2022-08-18 00:00:00+00:00
[2022-08-24 19:24:04,324] {standard_task_runner.py:52} INFO - Started process 11824 to run task
[2022-08-24 19:24:04,362] {standard_task_runner.py:79} INFO - Running: ['***', 'tasks', 'run', 'dynamically_branching1', 'bash_task', 'scheduled__2022-08-18T00:00:00+00:00', '--job-id', '3239', '--raw', '--subdir', 'DAGS_FOLDER/jobs_dag.py', '--cfg-path', '/tmp/tmpjpvn1ooh', '--error-file', '/tmp/tmpmto8uetb']
[2022-08-24 19:24:04,365] {standard_task_runner.py:80} INFO - Job 3239: Subtask bash_task
[2022-08-24 19:24:04,724] {task_command.py:371} INFO - Running <TaskInstance: dynamically_branching1.bash_task scheduled__2022-08-18T00:00:00+00:00 [running]> on host 9d5d2a77e6ba
[2022-08-24 19:24:05,046] {taskinstance.py:1591} INFO - Exporting the following env vars:
AIRFLOW_CTX_DAG_OWNER=***
AIRFLOW_CTX_DAG_ID=dynamically_branching1
AIRFLOW_CTX_TASK_ID=bash_task
AIRFLOW_CTX_EXECUTION_DATE=2022-08-18T00:00:00+00:00
AIRFLOW_CTX_TRY_NUMBER=1
AIRFLOW_CTX_DAG_RUN_ID=scheduled__2022-08-18T00:00:00+00:00
[2022-08-24 19:24:05,052] {subprocess.py:62} INFO - Tmp dir root location: 
 /tmp
[2022-08-24 19:24:05,056] {subprocess.py:74} INFO - Running command: ['bash', '-c', 'echo $(whoami)']
[2022-08-24 19:24:05,116] {subprocess.py:85} INFO - Output:
[2022-08-24 19:24:05,173] {subprocess.py:92} INFO - default
[2022-08-24 19:24:05,177] {subprocess.py:96} INFO - Command exited with return code 0
[2022-08-24 19:24:05,404] {taskinstance.py:1420} INFO - Marking task as SUCCESS. dag_id=dynamically_branching1, task_id=bash_task, execution_date=20220818T000000, start_date=20220824T192404, end_date=20220824T192405
[2022-08-24 19:24:05,523] {local_task_job.py:156} INFO - Task exited with return code 0
[2022-08-24 19:24:05,800] {local_task_job.py:273} INFO - 0 downstream tasks scheduled from follow-on schedule check
