[2022-08-24 19:13:10,079] {taskinstance.py:1179} INFO - Dependencies all met for <TaskInstance: dynamically_branching1.bash_task scheduled__2021-01-28T00:00:00+00:00 [queued]>
[2022-08-24 19:13:10,115] {taskinstance.py:1179} INFO - Dependencies all met for <TaskInstance: dynamically_branching1.bash_task scheduled__2021-01-28T00:00:00+00:00 [queued]>
[2022-08-24 19:13:10,120] {taskinstance.py:1376} INFO - 
--------------------------------------------------------------------------------
[2022-08-24 19:13:10,121] {taskinstance.py:1377} INFO - Starting attempt 1 of 1
[2022-08-24 19:13:10,123] {taskinstance.py:1378} INFO - 
--------------------------------------------------------------------------------
[2022-08-24 19:13:10,167] {taskinstance.py:1397} INFO - Executing <Task(BashOperator): bash_task> on 2021-01-28 00:00:00+00:00
[2022-08-24 19:13:10,179] {standard_task_runner.py:52} INFO - Started process 8114 to run task
[2022-08-24 19:13:10,210] {standard_task_runner.py:79} INFO - Running: ['***', 'tasks', 'run', 'dynamically_branching1', 'bash_task', 'scheduled__2021-01-28T00:00:00+00:00', '--job-id', '2109', '--raw', '--subdir', 'DAGS_FOLDER/jobs_dag.py', '--cfg-path', '/tmp/tmp974jopck', '--error-file', '/tmp/tmpjqlwv7k5']
[2022-08-24 19:13:10,214] {standard_task_runner.py:80} INFO - Job 2109: Subtask bash_task
[2022-08-24 19:13:10,455] {task_command.py:371} INFO - Running <TaskInstance: dynamically_branching1.bash_task scheduled__2021-01-28T00:00:00+00:00 [running]> on host 9d5d2a77e6ba
[2022-08-24 19:13:10,753] {taskinstance.py:1591} INFO - Exporting the following env vars:
AIRFLOW_CTX_DAG_OWNER=***
AIRFLOW_CTX_DAG_ID=dynamically_branching1
AIRFLOW_CTX_TASK_ID=bash_task
AIRFLOW_CTX_EXECUTION_DATE=2021-01-28T00:00:00+00:00
AIRFLOW_CTX_TRY_NUMBER=1
AIRFLOW_CTX_DAG_RUN_ID=scheduled__2021-01-28T00:00:00+00:00
[2022-08-24 19:13:10,756] {subprocess.py:62} INFO - Tmp dir root location: 
 /tmp
[2022-08-24 19:13:10,758] {subprocess.py:74} INFO - Running command: ['bash', '-c', 'echo $(whoami)']
[2022-08-24 19:13:10,804] {subprocess.py:85} INFO - Output:
[2022-08-24 19:13:10,833] {subprocess.py:92} INFO - default
[2022-08-24 19:13:10,834] {subprocess.py:96} INFO - Command exited with return code 0
[2022-08-24 19:13:10,920] {taskinstance.py:1420} INFO - Marking task as SUCCESS. dag_id=dynamically_branching1, task_id=bash_task, execution_date=20210128T000000, start_date=20220824T191310, end_date=20220824T191310
[2022-08-24 19:13:10,981] {local_task_job.py:156} INFO - Task exited with return code 0
[2022-08-24 19:13:11,127] {local_task_job.py:273} INFO - 1 downstream tasks scheduled from follow-on schedule check
