[2022-09-01 19:36:56,019] {taskinstance.py:1179} INFO - Dependencies all met for <TaskInstance: dynamically_branching1.check_table_exist manual__2022-09-01T19:05:11.140669+00:00 [queued]>
[2022-09-01 19:36:56,213] {taskinstance.py:1179} INFO - Dependencies all met for <TaskInstance: dynamically_branching1.check_table_exist manual__2022-09-01T19:05:11.140669+00:00 [queued]>
[2022-09-01 19:36:56,218] {taskinstance.py:1376} INFO - 
--------------------------------------------------------------------------------
[2022-09-01 19:36:56,221] {taskinstance.py:1377} INFO - Starting attempt 1 of 1
[2022-09-01 19:36:56,224] {taskinstance.py:1378} INFO - 
--------------------------------------------------------------------------------
[2022-09-01 19:36:56,418] {taskinstance.py:1397} INFO - Executing <Task(BranchPythonOperator): check_table_exist> on 2022-09-01 19:05:11.140669+00:00
[2022-09-01 19:36:56,505] {standard_task_runner.py:52} INFO - Started process 91021 to run task
[2022-09-01 19:36:56,515] {standard_task_runner.py:79} INFO - Running: ['***', 'tasks', 'run', 'dynamically_branching1', 'check_table_exist', 'manual__2022-09-01T19:05:11.140669+00:00', '--job-id', '3559', '--raw', '--subdir', 'DAGS_FOLDER/jobs_dag.py', '--cfg-path', '/tmp/tmpw617tfyg', '--error-file', '/tmp/tmprzpi7z6v']
[2022-09-01 19:36:56,541] {standard_task_runner.py:80} INFO - Job 3559: Subtask check_table_exist
[2022-09-01 19:36:57,603] {task_command.py:371} INFO - Running <TaskInstance: dynamically_branching1.check_table_exist manual__2022-09-01T19:05:11.140669+00:00 [running]> on host 9d5d2a77e6ba
[2022-09-01 19:36:58,745] {taskinstance.py:1591} INFO - Exporting the following env vars:
AIRFLOW_CTX_DAG_OWNER=***
AIRFLOW_CTX_DAG_ID=dynamically_branching1
AIRFLOW_CTX_TASK_ID=check_table_exist
AIRFLOW_CTX_EXECUTION_DATE=2022-09-01T19:05:11.140669+00:00
AIRFLOW_CTX_TRY_NUMBER=1
AIRFLOW_CTX_DAG_RUN_ID=manual__2022-09-01T19:05:11.140669+00:00
[2022-09-01 19:36:58,753] {python.py:173} INFO - Done. Returned value was: insert_row
[2022-09-01 19:36:58,771] {skipmixin.py:140} INFO - Following branch insert_row
[2022-09-01 19:36:58,787] {skipmixin.py:175} INFO - Skipping tasks ['create_table']
[2022-09-01 19:37:00,149] {taskinstance.py:1420} INFO - Marking task as SUCCESS. dag_id=dynamically_branching1, task_id=check_table_exist, execution_date=20220901T190511, start_date=20220901T193656, end_date=20220901T193700
[2022-09-01 19:37:00,602] {local_task_job.py:156} INFO - Task exited with return code 0
[2022-09-01 19:37:01,531] {local_task_job.py:273} INFO - 0 downstream tasks scheduled from follow-on schedule check
