[2022-08-24 19:15:59,553] {taskinstance.py:1179} INFO - Dependencies all met for <TaskInstance: dynamically_branching1.bash_task scheduled__2021-06-25T00:00:00+00:00 [queued]>
[2022-08-24 19:15:59,566] {taskinstance.py:1179} INFO - Dependencies all met for <TaskInstance: dynamically_branching1.bash_task scheduled__2021-06-25T00:00:00+00:00 [queued]>
[2022-08-24 19:15:59,567] {taskinstance.py:1376} INFO - 
--------------------------------------------------------------------------------
[2022-08-24 19:15:59,568] {taskinstance.py:1377} INFO - Starting attempt 1 of 1
[2022-08-24 19:15:59,569] {taskinstance.py:1378} INFO - 
--------------------------------------------------------------------------------
[2022-08-24 19:15:59,587] {taskinstance.py:1397} INFO - Executing <Task(BashOperator): bash_task> on 2021-06-25 00:00:00+00:00
[2022-08-24 19:15:59,594] {standard_task_runner.py:52} INFO - Started process 9083 to run task
[2022-08-24 19:15:59,600] {standard_task_runner.py:79} INFO - Running: ['***', 'tasks', 'run', 'dynamically_branching1', 'bash_task', 'scheduled__2021-06-25T00:00:00+00:00', '--job-id', '2407', '--raw', '--subdir', 'DAGS_FOLDER/jobs_dag.py', '--cfg-path', '/tmp/tmp1kt0iboh', '--error-file', '/tmp/tmp98y1ls2l']
[2022-08-24 19:15:59,601] {standard_task_runner.py:80} INFO - Job 2407: Subtask bash_task
[2022-08-24 19:15:59,722] {task_command.py:371} INFO - Running <TaskInstance: dynamically_branching1.bash_task scheduled__2021-06-25T00:00:00+00:00 [running]> on host 9d5d2a77e6ba
[2022-08-24 19:15:59,842] {taskinstance.py:1591} INFO - Exporting the following env vars:
AIRFLOW_CTX_DAG_OWNER=***
AIRFLOW_CTX_DAG_ID=dynamically_branching1
AIRFLOW_CTX_TASK_ID=bash_task
AIRFLOW_CTX_EXECUTION_DATE=2021-06-25T00:00:00+00:00
AIRFLOW_CTX_TRY_NUMBER=1
AIRFLOW_CTX_DAG_RUN_ID=scheduled__2021-06-25T00:00:00+00:00
[2022-08-24 19:15:59,848] {subprocess.py:62} INFO - Tmp dir root location: 
 /tmp
[2022-08-24 19:15:59,850] {subprocess.py:74} INFO - Running command: ['bash', '-c', 'echo $(whoami)']
[2022-08-24 19:15:59,868] {subprocess.py:85} INFO - Output:
[2022-08-24 19:15:59,882] {subprocess.py:92} INFO - default
[2022-08-24 19:15:59,884] {subprocess.py:96} INFO - Command exited with return code 0
[2022-08-24 19:15:59,942] {taskinstance.py:1420} INFO - Marking task as SUCCESS. dag_id=dynamically_branching1, task_id=bash_task, execution_date=20210625T000000, start_date=20220824T191559, end_date=20220824T191559
[2022-08-24 19:16:00,014] {local_task_job.py:156} INFO - Task exited with return code 0
[2022-08-24 19:16:00,112] {local_task_job.py:273} INFO - 0 downstream tasks scheduled from follow-on schedule check
