[2022-08-24 19:13:48,882] {taskinstance.py:1179} INFO - Dependencies all met for <TaskInstance: dynamically_branching1.check_table_exist scheduled__2021-03-02T00:00:00+00:00 [queued]>
[2022-08-24 19:13:49,015] {taskinstance.py:1179} INFO - Dependencies all met for <TaskInstance: dynamically_branching1.check_table_exist scheduled__2021-03-02T00:00:00+00:00 [queued]>
[2022-08-24 19:13:49,020] {taskinstance.py:1376} INFO - 
--------------------------------------------------------------------------------
[2022-08-24 19:13:49,022] {taskinstance.py:1377} INFO - Starting attempt 1 of 1
[2022-08-24 19:13:49,026] {taskinstance.py:1378} INFO - 
--------------------------------------------------------------------------------
[2022-08-24 19:13:49,209] {taskinstance.py:1397} INFO - Executing <Task(BranchPythonOperator): check_table_exist> on 2021-03-02 00:00:00+00:00
[2022-08-24 19:13:49,242] {standard_task_runner.py:52} INFO - Started process 8361 to run task
[2022-08-24 19:13:49,300] {standard_task_runner.py:79} INFO - Running: ['***', 'tasks', 'run', 'dynamically_branching1', 'check_table_exist', 'scheduled__2021-03-02T00:00:00+00:00', '--job-id', '2183', '--raw', '--subdir', 'DAGS_FOLDER/jobs_dag.py', '--cfg-path', '/tmp/tmp3227f0_3', '--error-file', '/tmp/tmpc39qje7o']
[2022-08-24 19:13:49,303] {standard_task_runner.py:80} INFO - Job 2183: Subtask check_table_exist
[2022-08-24 19:13:49,890] {task_command.py:371} INFO - Running <TaskInstance: dynamically_branching1.check_table_exist scheduled__2021-03-02T00:00:00+00:00 [running]> on host 9d5d2a77e6ba
[2022-08-24 19:13:50,770] {taskinstance.py:1591} INFO - Exporting the following env vars:
AIRFLOW_CTX_DAG_OWNER=***
AIRFLOW_CTX_DAG_ID=dynamically_branching1
AIRFLOW_CTX_TASK_ID=check_table_exist
AIRFLOW_CTX_EXECUTION_DATE=2021-03-02T00:00:00+00:00
AIRFLOW_CTX_TRY_NUMBER=1
AIRFLOW_CTX_DAG_RUN_ID=scheduled__2021-03-02T00:00:00+00:00
[2022-08-24 19:13:50,779] {python.py:173} INFO - Done. Returned value was: insert_row
[2022-08-24 19:13:50,805] {skipmixin.py:140} INFO - Following branch insert_row
[2022-08-24 19:13:50,817] {skipmixin.py:175} INFO - Skipping tasks ['create_table']
[2022-08-24 19:13:51,278] {taskinstance.py:1420} INFO - Marking task as SUCCESS. dag_id=dynamically_branching1, task_id=check_table_exist, execution_date=20210302T000000, start_date=20220824T191348, end_date=20220824T191351
[2022-08-24 19:13:51,432] {local_task_job.py:156} INFO - Task exited with return code 0
[2022-08-24 19:13:51,832] {local_task_job.py:273} INFO - 0 downstream tasks scheduled from follow-on schedule check
