[2022-08-24 19:13:41,173] {taskinstance.py:1179} INFO - Dependencies all met for <TaskInstance: dynamically_branching1.check_table_exist scheduled__2021-02-25T00:00:00+00:00 [queued]>
[2022-08-24 19:13:41,189] {taskinstance.py:1179} INFO - Dependencies all met for <TaskInstance: dynamically_branching1.check_table_exist scheduled__2021-02-25T00:00:00+00:00 [queued]>
[2022-08-24 19:13:41,190] {taskinstance.py:1376} INFO - 
--------------------------------------------------------------------------------
[2022-08-24 19:13:41,191] {taskinstance.py:1377} INFO - Starting attempt 1 of 1
[2022-08-24 19:13:41,192] {taskinstance.py:1378} INFO - 
--------------------------------------------------------------------------------
[2022-08-24 19:13:41,223] {taskinstance.py:1397} INFO - Executing <Task(BranchPythonOperator): check_table_exist> on 2021-02-25 00:00:00+00:00
[2022-08-24 19:13:41,238] {standard_task_runner.py:52} INFO - Started process 8315 to run task
[2022-08-24 19:13:41,248] {standard_task_runner.py:79} INFO - Running: ['***', 'tasks', 'run', 'dynamically_branching1', 'check_table_exist', 'scheduled__2021-02-25T00:00:00+00:00', '--job-id', '2169', '--raw', '--subdir', 'DAGS_FOLDER/jobs_dag.py', '--cfg-path', '/tmp/tmp8jjgm9on', '--error-file', '/tmp/tmp_fzjrm2h']
[2022-08-24 19:13:41,249] {standard_task_runner.py:80} INFO - Job 2169: Subtask check_table_exist
[2022-08-24 19:13:41,359] {task_command.py:371} INFO - Running <TaskInstance: dynamically_branching1.check_table_exist scheduled__2021-02-25T00:00:00+00:00 [running]> on host 9d5d2a77e6ba
[2022-08-24 19:13:41,489] {taskinstance.py:1591} INFO - Exporting the following env vars:
AIRFLOW_CTX_DAG_OWNER=***
AIRFLOW_CTX_DAG_ID=dynamically_branching1
AIRFLOW_CTX_TASK_ID=check_table_exist
AIRFLOW_CTX_EXECUTION_DATE=2021-02-25T00:00:00+00:00
AIRFLOW_CTX_TRY_NUMBER=1
AIRFLOW_CTX_DAG_RUN_ID=scheduled__2021-02-25T00:00:00+00:00
[2022-08-24 19:13:41,492] {python.py:173} INFO - Done. Returned value was: insert_row
[2022-08-24 19:13:41,493] {skipmixin.py:140} INFO - Following branch insert_row
[2022-08-24 19:13:41,494] {skipmixin.py:175} INFO - Skipping tasks ['create_table']
[2022-08-24 19:13:41,590] {taskinstance.py:1420} INFO - Marking task as SUCCESS. dag_id=dynamically_branching1, task_id=check_table_exist, execution_date=20210225T000000, start_date=20220824T191341, end_date=20220824T191341
[2022-08-24 19:13:41,659] {local_task_job.py:156} INFO - Task exited with return code 0
[2022-08-24 19:13:41,854] {local_task_job.py:273} INFO - 0 downstream tasks scheduled from follow-on schedule check
