[2022-08-24 19:03:48,508] {taskinstance.py:1179} INFO - Dependencies all met for <TaskInstance: dynamically_branching1.check_table_exist scheduled__2019-12-07T00:00:00+00:00 [queued]>
[2022-08-24 19:03:48,555] {taskinstance.py:1179} INFO - Dependencies all met for <TaskInstance: dynamically_branching1.check_table_exist scheduled__2019-12-07T00:00:00+00:00 [queued]>
[2022-08-24 19:03:48,557] {taskinstance.py:1376} INFO - 
--------------------------------------------------------------------------------
[2022-08-24 19:03:48,558] {taskinstance.py:1377} INFO - Starting attempt 1 of 1
[2022-08-24 19:03:48,558] {taskinstance.py:1378} INFO - 
--------------------------------------------------------------------------------
[2022-08-24 19:03:48,605] {taskinstance.py:1397} INFO - Executing <Task(BranchPythonOperator): check_table_exist> on 2019-12-07 00:00:00+00:00
[2022-08-24 19:03:48,621] {standard_task_runner.py:52} INFO - Started process 5740 to run task
[2022-08-24 19:03:48,650] {standard_task_runner.py:79} INFO - Running: ['***', 'tasks', 'run', 'dynamically_branching1', 'check_table_exist', 'scheduled__2019-12-07T00:00:00+00:00', '--job-id', '1340', '--raw', '--subdir', 'DAGS_FOLDER/jobs_dag.py', '--cfg-path', '/tmp/tmpqux99u_l', '--error-file', '/tmp/tmpupnzbgf6']
[2022-08-24 19:03:48,651] {standard_task_runner.py:80} INFO - Job 1340: Subtask check_table_exist
[2022-08-24 19:03:48,967] {task_command.py:371} INFO - Running <TaskInstance: dynamically_branching1.check_table_exist scheduled__2019-12-07T00:00:00+00:00 [running]> on host 9d5d2a77e6ba
[2022-08-24 19:03:49,258] {taskinstance.py:1591} INFO - Exporting the following env vars:
AIRFLOW_CTX_DAG_OWNER=***
AIRFLOW_CTX_DAG_ID=dynamically_branching1
AIRFLOW_CTX_TASK_ID=check_table_exist
AIRFLOW_CTX_EXECUTION_DATE=2019-12-07T00:00:00+00:00
AIRFLOW_CTX_TRY_NUMBER=1
AIRFLOW_CTX_DAG_RUN_ID=scheduled__2019-12-07T00:00:00+00:00
[2022-08-24 19:03:49,263] {python.py:173} INFO - Done. Returned value was: insert_row
[2022-08-24 19:03:49,264] {skipmixin.py:140} INFO - Following branch insert_row
[2022-08-24 19:03:49,265] {skipmixin.py:175} INFO - Skipping tasks ['create_table']
[2022-08-24 19:03:49,397] {taskinstance.py:1420} INFO - Marking task as SUCCESS. dag_id=dynamically_branching1, task_id=check_table_exist, execution_date=20191207T000000, start_date=20220824T190348, end_date=20220824T190349
[2022-08-24 19:03:49,492] {local_task_job.py:156} INFO - Task exited with return code 0
[2022-08-24 19:03:49,654] {local_task_job.py:273} INFO - 1 downstream tasks scheduled from follow-on schedule check
