[2022-09-05 16:53:48,450] {taskinstance.py:1179} INFO - Dependencies all met for <TaskInstance: tables_name_1.bash_task manual__2022-09-05T16:53:45.996821+00:00 [queued]>
[2022-09-05 16:53:48,463] {taskinstance.py:1179} INFO - Dependencies all met for <TaskInstance: tables_name_1.bash_task manual__2022-09-05T16:53:45.996821+00:00 [queued]>
[2022-09-05 16:53:48,464] {taskinstance.py:1376} INFO - 
--------------------------------------------------------------------------------
[2022-09-05 16:53:48,464] {taskinstance.py:1377} INFO - Starting attempt 1 of 1
[2022-09-05 16:53:48,465] {taskinstance.py:1378} INFO - 
--------------------------------------------------------------------------------
[2022-09-05 16:53:48,485] {taskinstance.py:1397} INFO - Executing <Task(BashOperator): bash_task> on 2022-09-05 16:53:45.996821+00:00
[2022-09-05 16:53:48,490] {standard_task_runner.py:52} INFO - Started process 10086 to run task
[2022-09-05 16:53:48,495] {standard_task_runner.py:79} INFO - Running: ['***', 'tasks', 'run', 'tables_name_1', 'bash_task', 'manual__2022-09-05T16:53:45.996821+00:00', '--job-id', '3813', '--raw', '--subdir', 'DAGS_FOLDER/jobs_dag.py', '--cfg-path', '/tmp/tmplxz_dz8f', '--error-file', '/tmp/tmp2c4va21a']
[2022-09-05 16:53:48,496] {standard_task_runner.py:80} INFO - Job 3813: Subtask bash_task
[2022-09-05 16:53:48,588] {task_command.py:371} INFO - Running <TaskInstance: tables_name_1.bash_task manual__2022-09-05T16:53:45.996821+00:00 [running]> on host 643b3d669374
[2022-09-05 16:53:48,673] {taskinstance.py:1591} INFO - Exporting the following env vars:
AIRFLOW_CTX_DAG_OWNER=***
AIRFLOW_CTX_DAG_ID=tables_name_1
AIRFLOW_CTX_TASK_ID=bash_task
AIRFLOW_CTX_EXECUTION_DATE=2022-09-05T16:53:45.996821+00:00
AIRFLOW_CTX_TRY_NUMBER=1
AIRFLOW_CTX_DAG_RUN_ID=manual__2022-09-05T16:53:45.996821+00:00
[2022-09-05 16:53:48,675] {subprocess.py:62} INFO - Tmp dir root location: 
 /tmp
[2022-09-05 16:53:48,676] {subprocess.py:74} INFO - Running command: ['bash', '-c', 'whoami']
[2022-09-05 16:53:48,689] {subprocess.py:85} INFO - Output:
[2022-09-05 16:53:48,693] {subprocess.py:92} INFO - default
[2022-09-05 16:53:48,694] {subprocess.py:96} INFO - Command exited with return code 0
[2022-09-05 16:53:48,732] {taskinstance.py:1420} INFO - Marking task as SUCCESS. dag_id=tables_name_1, task_id=bash_task, execution_date=20220905T165345, start_date=20220905T165348, end_date=20220905T165348
[2022-09-05 16:53:48,789] {local_task_job.py:156} INFO - Task exited with return code 0
[2022-09-05 16:53:48,842] {local_task_job.py:273} INFO - 1 downstream tasks scheduled from follow-on schedule check
