[2022-08-24 19:04:52,668] {taskinstance.py:1179} INFO - Dependencies all met for <TaskInstance: dynamically_branching1.check_table_exist scheduled__2020-02-10T00:00:00+00:00 [queued]>
[2022-08-24 19:04:52,713] {taskinstance.py:1179} INFO - Dependencies all met for <TaskInstance: dynamically_branching1.check_table_exist scheduled__2020-02-10T00:00:00+00:00 [queued]>
[2022-08-24 19:04:52,714] {taskinstance.py:1376} INFO - 
--------------------------------------------------------------------------------
[2022-08-24 19:04:52,715] {taskinstance.py:1377} INFO - Starting attempt 1 of 1
[2022-08-24 19:04:52,716] {taskinstance.py:1378} INFO - 
--------------------------------------------------------------------------------
[2022-08-24 19:04:52,770] {taskinstance.py:1397} INFO - Executing <Task(BranchPythonOperator): check_table_exist> on 2020-02-10 00:00:00+00:00
[2022-08-24 19:04:52,779] {standard_task_runner.py:52} INFO - Started process 5915 to run task
[2022-08-24 19:04:52,809] {standard_task_runner.py:79} INFO - Running: ['***', 'tasks', 'run', 'dynamically_branching1', 'check_table_exist', 'scheduled__2020-02-10T00:00:00+00:00', '--job-id', '1405', '--raw', '--subdir', 'DAGS_FOLDER/jobs_dag.py', '--cfg-path', '/tmp/tmp5k1u8x7v', '--error-file', '/tmp/tmpokggxyot']
[2022-08-24 19:04:52,811] {standard_task_runner.py:80} INFO - Job 1405: Subtask check_table_exist
[2022-08-24 19:04:53,107] {task_command.py:371} INFO - Running <TaskInstance: dynamically_branching1.check_table_exist scheduled__2020-02-10T00:00:00+00:00 [running]> on host 9d5d2a77e6ba
[2022-08-24 19:04:53,438] {taskinstance.py:1591} INFO - Exporting the following env vars:
AIRFLOW_CTX_DAG_OWNER=***
AIRFLOW_CTX_DAG_ID=dynamically_branching1
AIRFLOW_CTX_TASK_ID=check_table_exist
AIRFLOW_CTX_EXECUTION_DATE=2020-02-10T00:00:00+00:00
AIRFLOW_CTX_TRY_NUMBER=1
AIRFLOW_CTX_DAG_RUN_ID=scheduled__2020-02-10T00:00:00+00:00
[2022-08-24 19:04:53,443] {python.py:173} INFO - Done. Returned value was: insert_row
[2022-08-24 19:04:53,444] {skipmixin.py:140} INFO - Following branch insert_row
[2022-08-24 19:04:53,445] {skipmixin.py:175} INFO - Skipping tasks ['create_table']
[2022-08-24 19:04:53,606] {taskinstance.py:1420} INFO - Marking task as SUCCESS. dag_id=dynamically_branching1, task_id=check_table_exist, execution_date=20200210T000000, start_date=20220824T190452, end_date=20220824T190453
[2022-08-24 19:04:53,716] {local_task_job.py:156} INFO - Task exited with return code 0
[2022-08-24 19:04:53,958] {local_task_job.py:273} INFO - 0 downstream tasks scheduled from follow-on schedule check
