[2022-08-24 18:42:39,427] {taskinstance.py:1179} INFO - Dependencies all met for <TaskInstance: dynamically_branching1.check_table_exist scheduled__2018-12-15T00:00:00+00:00 [queued]>
[2022-08-24 18:42:39,487] {taskinstance.py:1179} INFO - Dependencies all met for <TaskInstance: dynamically_branching1.check_table_exist scheduled__2018-12-15T00:00:00+00:00 [queued]>
[2022-08-24 18:42:39,490] {taskinstance.py:1376} INFO - 
--------------------------------------------------------------------------------
[2022-08-24 18:42:39,495] {taskinstance.py:1377} INFO - Starting attempt 1 of 1
[2022-08-24 18:42:39,498] {taskinstance.py:1378} INFO - 
--------------------------------------------------------------------------------
[2022-08-24 18:42:39,560] {taskinstance.py:1397} INFO - Executing <Task(BranchPythonOperator): check_table_exist> on 2018-12-15 00:00:00+00:00
[2022-08-24 18:42:39,575] {standard_task_runner.py:52} INFO - Started process 3833 to run task
[2022-08-24 18:42:39,589] {standard_task_runner.py:79} INFO - Running: ['***', 'tasks', 'run', 'dynamically_branching1', 'check_table_exist', 'scheduled__2018-12-15T00:00:00+00:00', '--job-id', '849', '--raw', '--subdir', 'DAGS_FOLDER/jobs_dag.py', '--cfg-path', '/tmp/tmp4b69v8ou', '--error-file', '/tmp/tmpndk4cm9k']
[2022-08-24 18:42:39,600] {standard_task_runner.py:80} INFO - Job 849: Subtask check_table_exist
[2022-08-24 18:42:40,001] {task_command.py:371} INFO - Running <TaskInstance: dynamically_branching1.check_table_exist scheduled__2018-12-15T00:00:00+00:00 [running]> on host 9d5d2a77e6ba
[2022-08-24 18:42:40,628] {taskinstance.py:1591} INFO - Exporting the following env vars:
AIRFLOW_CTX_DAG_OWNER=***
AIRFLOW_CTX_DAG_ID=dynamically_branching1
AIRFLOW_CTX_TASK_ID=check_table_exist
AIRFLOW_CTX_EXECUTION_DATE=2018-12-15T00:00:00+00:00
AIRFLOW_CTX_TRY_NUMBER=1
AIRFLOW_CTX_DAG_RUN_ID=scheduled__2018-12-15T00:00:00+00:00
[2022-08-24 18:42:40,650] {python.py:173} INFO - Done. Returned value was: insert_row
[2022-08-24 18:42:40,652] {skipmixin.py:140} INFO - Following branch insert_row
[2022-08-24 18:42:40,654] {skipmixin.py:175} INFO - Skipping tasks ['create_table']
[2022-08-24 18:42:41,355] {taskinstance.py:1420} INFO - Marking task as SUCCESS. dag_id=dynamically_branching1, task_id=check_table_exist, execution_date=20181215T000000, start_date=20220824T184239, end_date=20220824T184241
[2022-08-24 18:42:41,547] {local_task_job.py:156} INFO - Task exited with return code 0
[2022-08-24 18:42:41,958] {local_task_job.py:273} INFO - 0 downstream tasks scheduled from follow-on schedule check
