[2022-09-01 19:36:58,946] {taskinstance.py:1179} INFO - Dependencies all met for <TaskInstance: dynamically_branching1.query_table manual__2022-09-01T18:10:50.597550+00:00 [queued]>
[2022-09-01 19:36:59,283] {taskinstance.py:1179} INFO - Dependencies all met for <TaskInstance: dynamically_branching1.query_table manual__2022-09-01T18:10:50.597550+00:00 [queued]>
[2022-09-01 19:36:59,293] {taskinstance.py:1376} INFO - 
--------------------------------------------------------------------------------
[2022-09-01 19:36:59,306] {taskinstance.py:1377} INFO - Starting attempt 1 of 1
[2022-09-01 19:36:59,314] {taskinstance.py:1378} INFO - 
--------------------------------------------------------------------------------
[2022-09-01 19:36:59,731] {taskinstance.py:1397} INFO - Executing <Task(PythonOperator): query_table> on 2022-09-01 18:10:50.597550+00:00
[2022-09-01 19:36:59,823] {standard_task_runner.py:52} INFO - Started process 91034 to run task
[2022-09-01 19:36:59,890] {standard_task_runner.py:79} INFO - Running: ['***', 'tasks', 'run', 'dynamically_branching1', 'query_table', 'manual__2022-09-01T18:10:50.597550+00:00', '--job-id', '3568', '--raw', '--subdir', 'DAGS_FOLDER/jobs_dag.py', '--cfg-path', '/tmp/tmpv9tsqkr5', '--error-file', '/tmp/tmplrcsifn3']
[2022-09-01 19:36:59,967] {standard_task_runner.py:80} INFO - Job 3568: Subtask query_table
[2022-09-01 19:37:02,049] {task_command.py:371} INFO - Running <TaskInstance: dynamically_branching1.query_table manual__2022-09-01T18:10:50.597550+00:00 [running]> on host 9d5d2a77e6ba
[2022-09-01 19:37:03,032] {taskinstance.py:1591} INFO - Exporting the following env vars:
AIRFLOW_CTX_DAG_OWNER=***
AIRFLOW_CTX_DAG_ID=dynamically_branching1
AIRFLOW_CTX_TASK_ID=query_table
AIRFLOW_CTX_EXECUTION_DATE=2022-09-01T18:10:50.597550+00:00
AIRFLOW_CTX_TRY_NUMBER=1
AIRFLOW_CTX_DAG_RUN_ID=manual__2022-09-01T18:10:50.597550+00:00
[2022-09-01 19:37:03,142] {python.py:173} INFO - Done. Returned value was: None
[2022-09-01 19:37:03,287] {taskinstance.py:1420} INFO - Marking task as SUCCESS. dag_id=dynamically_branching1, task_id=query_table, execution_date=20220901T181050, start_date=20220901T193658, end_date=20220901T193703
[2022-09-01 19:37:03,485] {local_task_job.py:156} INFO - Task exited with return code 0
[2022-09-01 19:37:03,678] {local_task_job.py:273} INFO - 0 downstream tasks scheduled from follow-on schedule check
