[2022-09-07 19:46:00,639] {taskinstance.py:1179} INFO - Dependencies all met for <TaskInstance: tables_name_1.create_table manual__2022-09-07T19:45:56.221250+00:00 [queued]>
[2022-09-07 19:46:00,654] {taskinstance.py:1179} INFO - Dependencies all met for <TaskInstance: tables_name_1.create_table manual__2022-09-07T19:45:56.221250+00:00 [queued]>
[2022-09-07 19:46:00,655] {taskinstance.py:1376} INFO - 
--------------------------------------------------------------------------------
[2022-09-07 19:46:00,655] {taskinstance.py:1377} INFO - Starting attempt 1 of 1
[2022-09-07 19:46:00,656] {taskinstance.py:1378} INFO - 
--------------------------------------------------------------------------------
[2022-09-07 19:46:00,672] {taskinstance.py:1397} INFO - Executing <Task(PostgresOperator): create_table> on 2022-09-07 19:45:56.221250+00:00
[2022-09-07 19:46:00,678] {standard_task_runner.py:52} INFO - Started process 437 to run task
[2022-09-07 19:46:00,682] {standard_task_runner.py:79} INFO - Running: ['***', 'tasks', 'run', 'tables_name_1', 'create_table', 'manual__2022-09-07T19:45:56.221250+00:00', '--job-id', '3965', '--raw', '--subdir', 'DAGS_FOLDER/jobs_dag.py', '--cfg-path', '/tmp/tmpregm2dim', '--error-file', '/tmp/tmpwa7vjrx1']
[2022-09-07 19:46:00,683] {standard_task_runner.py:80} INFO - Job 3965: Subtask create_table
[2022-09-07 19:46:00,764] {task_command.py:371} INFO - Running <TaskInstance: tables_name_1.create_table manual__2022-09-07T19:45:56.221250+00:00 [running]> on host a8b0d1ce0d66
[2022-09-07 19:46:00,869] {taskinstance.py:1591} INFO - Exporting the following env vars:
AIRFLOW_CTX_DAG_OWNER=***
AIRFLOW_CTX_DAG_ID=tables_name_1
AIRFLOW_CTX_TASK_ID=create_table
AIRFLOW_CTX_EXECUTION_DATE=2022-09-07T19:45:56.221250+00:00
AIRFLOW_CTX_TRY_NUMBER=1
AIRFLOW_CTX_DAG_RUN_ID=manual__2022-09-07T19:45:56.221250+00:00
[2022-09-07 19:46:00,882] {base.py:68} INFO - Using connection ID 'postgres_default' for task execution.
[2022-09-07 19:46:00,891] {dbapi.py:231} INFO - Running statement: -- create table
CREATE TABLE my_table(custom_id integer NOT NULL, user_name VARCHAR (50) NOT NULL, timestamp TIMESTAMP NOT NULL);, parameters: None
[2022-09-07 19:46:00,893] {taskinstance.py:1909} ERROR - Task failed with exception
Traceback (most recent call last):
  File "/home/airflow/.local/lib/python3.7/site-packages/airflow/providers/postgres/operators/postgres.py", line 92, in execute
    self.hook.run(self.sql, self.autocommit, parameters=self.parameters)
  File "/home/airflow/.local/lib/python3.7/site-packages/airflow/hooks/dbapi.py", line 211, in run
    self._run_command(cur, sql_statement, parameters)
  File "/home/airflow/.local/lib/python3.7/site-packages/airflow/hooks/dbapi.py", line 235, in _run_command
    cur.execute(sql_statement)
psycopg2.errors.InvalidSchemaName: no schema has been selected to create in
LINE 2: CREATE TABLE my_table(custom_id integer NOT NULL, user_name ...
                     ^

[2022-09-07 19:46:00,903] {taskinstance.py:1420} INFO - Marking task as FAILED. dag_id=tables_name_1, task_id=create_table, execution_date=20220907T194556, start_date=20220907T194600, end_date=20220907T194600
[2022-09-07 19:46:00,919] {standard_task_runner.py:97} ERROR - Failed to execute job 3965 for task create_table (no schema has been selected to create in
LINE 2: CREATE TABLE my_table(custom_id integer NOT NULL, user_name ...
                     ^
; 437)
[2022-09-07 19:46:00,935] {local_task_job.py:156} INFO - Task exited with return code 1
[2022-09-07 19:46:00,998] {local_task_job.py:273} INFO - 0 downstream tasks scheduled from follow-on schedule check
