[2022-09-03 00:30:31,263] {processor.py:153} INFO - Started process (PID=3223) to work on /home/airflow/.local/lib/python3.7/site-packages/airflow/example_dags/example_subdag_operator.py
[2022-09-03 00:30:31,270] {processor.py:641} INFO - Processing file /home/airflow/.local/lib/python3.7/site-packages/airflow/example_dags/example_subdag_operator.py for tasks to queue
[2022-09-03 00:30:31,276] {logging_mixin.py:115} INFO - [2022-09-03 00:30:31,275] {dagbag.py:508} INFO - Filling up the DagBag from /home/airflow/.local/lib/python3.7/site-packages/airflow/example_dags/example_subdag_operator.py
[2022-09-03 00:30:32,145] {processor.py:651} INFO - DAG(s) dict_keys(['example_subdag_operator.section-1', 'example_subdag_operator.section-2', 'example_subdag_operator']) retrieved from /home/airflow/.local/lib/python3.7/site-packages/airflow/example_dags/example_subdag_operator.py
[2022-09-03 00:30:33,050] {logging_mixin.py:115} INFO - [2022-09-03 00:30:33,049] {dag.py:2420} INFO - Sync 3 DAGs
[2022-09-03 00:30:35,526] {logging_mixin.py:115} INFO - [2022-09-03 00:30:35,526] {dag.py:2972} INFO - Setting next_dagrun for example_subdag_operator to 2022-01-01T00:00:00+00:00, run_after=2022-01-01T00:00:00+00:00
[2022-09-03 00:30:35,539] {logging_mixin.py:115} INFO - [2022-09-03 00:30:35,538] {dag.py:2972} INFO - Setting next_dagrun for example_subdag_operator.section-1 to None, run_after=None
[2022-09-03 00:30:35,545] {logging_mixin.py:115} INFO - [2022-09-03 00:30:35,545] {dag.py:2972} INFO - Setting next_dagrun for example_subdag_operator.section-2 to None, run_after=None
[2022-09-03 00:30:35,595] {logging_mixin.py:115} INFO - [2022-09-03 00:30:35,595] {dag.py:2420} INFO - Sync 2 DAGs
[2022-09-03 00:30:35,688] {logging_mixin.py:115} INFO - [2022-09-03 00:30:35,688] {dag.py:2972} INFO - Setting next_dagrun for example_subdag_operator.section-1 to None, run_after=None
[2022-09-03 00:30:35,691] {logging_mixin.py:115} INFO - [2022-09-03 00:30:35,691] {dag.py:2972} INFO - Setting next_dagrun for example_subdag_operator.section-2 to None, run_after=None
[2022-09-03 00:30:35,748] {processor.py:161} INFO - Processing /home/airflow/.local/lib/python3.7/site-packages/airflow/example_dags/example_subdag_operator.py took 4.573 seconds
[2022-09-03 00:40:57,400] {processor.py:153} INFO - Started process (PID=3280) to work on /home/airflow/.local/lib/python3.7/site-packages/airflow/example_dags/example_subdag_operator.py
[2022-09-03 00:40:57,412] {processor.py:641} INFO - Processing file /home/airflow/.local/lib/python3.7/site-packages/airflow/example_dags/example_subdag_operator.py for tasks to queue
[2022-09-03 00:40:57,421] {logging_mixin.py:115} INFO - [2022-09-03 00:40:57,420] {dagbag.py:508} INFO - Filling up the DagBag from /home/airflow/.local/lib/python3.7/site-packages/airflow/example_dags/example_subdag_operator.py
[2022-09-03 00:40:58,456] {processor.py:651} INFO - DAG(s) dict_keys(['example_subdag_operator.section-1', 'example_subdag_operator.section-2', 'example_subdag_operator']) retrieved from /home/airflow/.local/lib/python3.7/site-packages/airflow/example_dags/example_subdag_operator.py
[2022-09-03 00:41:01,257] {logging_mixin.py:115} INFO - [2022-09-03 00:41:01,257] {dag.py:2420} INFO - Sync 3 DAGs
[2022-09-03 00:41:01,386] {logging_mixin.py:115} INFO - [2022-09-03 00:41:01,386] {dag.py:2972} INFO - Setting next_dagrun for example_subdag_operator to 2022-01-01T00:00:00+00:00, run_after=2022-01-01T00:00:00+00:00
[2022-09-03 00:41:01,388] {logging_mixin.py:115} INFO - [2022-09-03 00:41:01,388] {dag.py:2972} INFO - Setting next_dagrun for example_subdag_operator.section-1 to None, run_after=None
[2022-09-03 00:41:01,391] {logging_mixin.py:115} INFO - [2022-09-03 00:41:01,391] {dag.py:2972} INFO - Setting next_dagrun for example_subdag_operator.section-2 to None, run_after=None
[2022-09-03 00:41:01,417] {logging_mixin.py:115} INFO - [2022-09-03 00:41:01,417] {dag.py:2420} INFO - Sync 2 DAGs
[2022-09-03 00:41:01,461] {logging_mixin.py:115} INFO - [2022-09-03 00:41:01,461] {dag.py:2972} INFO - Setting next_dagrun for example_subdag_operator.section-1 to None, run_after=None
[2022-09-03 00:41:02,391] {logging_mixin.py:115} INFO - [2022-09-03 00:41:02,391] {dag.py:2972} INFO - Setting next_dagrun for example_subdag_operator.section-2 to None, run_after=None
[2022-09-03 00:41:02,558] {processor.py:161} INFO - Processing /home/airflow/.local/lib/python3.7/site-packages/airflow/example_dags/example_subdag_operator.py took 5.252 seconds
[2022-09-03 00:56:37,527] {processor.py:153} INFO - Started process (PID=3343) to work on /home/airflow/.local/lib/python3.7/site-packages/airflow/example_dags/example_subdag_operator.py
[2022-09-03 00:56:37,583] {processor.py:641} INFO - Processing file /home/airflow/.local/lib/python3.7/site-packages/airflow/example_dags/example_subdag_operator.py for tasks to queue
[2022-09-03 00:56:37,612] {logging_mixin.py:115} INFO - [2022-09-03 00:56:37,611] {dagbag.py:508} INFO - Filling up the DagBag from /home/airflow/.local/lib/python3.7/site-packages/airflow/example_dags/example_subdag_operator.py
[2022-09-03 00:56:38,759] {processor.py:651} INFO - DAG(s) dict_keys(['example_subdag_operator.section-1', 'example_subdag_operator.section-2', 'example_subdag_operator']) retrieved from /home/airflow/.local/lib/python3.7/site-packages/airflow/example_dags/example_subdag_operator.py
[2022-09-03 00:56:41,764] {logging_mixin.py:115} INFO - [2022-09-03 00:56:41,763] {dag.py:2420} INFO - Sync 3 DAGs
[2022-09-03 00:56:43,330] {logging_mixin.py:115} INFO - [2022-09-03 00:56:43,330] {dag.py:2972} INFO - Setting next_dagrun for example_subdag_operator to 2022-01-01T00:00:00+00:00, run_after=2022-01-01T00:00:00+00:00
[2022-09-03 00:56:43,367] {logging_mixin.py:115} INFO - [2022-09-03 00:56:43,367] {dag.py:2972} INFO - Setting next_dagrun for example_subdag_operator.section-1 to None, run_after=None
[2022-09-03 00:56:43,375] {logging_mixin.py:115} INFO - [2022-09-03 00:56:43,374] {dag.py:2972} INFO - Setting next_dagrun for example_subdag_operator.section-2 to None, run_after=None
[2022-09-03 00:56:43,422] {logging_mixin.py:115} INFO - [2022-09-03 00:56:43,422] {dag.py:2420} INFO - Sync 2 DAGs
[2022-09-03 00:56:43,487] {logging_mixin.py:115} INFO - [2022-09-03 00:56:43,487] {dag.py:2972} INFO - Setting next_dagrun for example_subdag_operator.section-1 to None, run_after=None
[2022-09-03 00:56:43,506] {logging_mixin.py:115} INFO - [2022-09-03 00:56:43,502] {dag.py:2972} INFO - Setting next_dagrun for example_subdag_operator.section-2 to None, run_after=None
[2022-09-03 00:56:43,685] {processor.py:161} INFO - Processing /home/airflow/.local/lib/python3.7/site-packages/airflow/example_dags/example_subdag_operator.py took 6.334 seconds
[2022-09-03 01:27:51,857] {processor.py:153} INFO - Started process (PID=3409) to work on /home/airflow/.local/lib/python3.7/site-packages/airflow/example_dags/example_subdag_operator.py
[2022-09-03 01:27:51,873] {processor.py:641} INFO - Processing file /home/airflow/.local/lib/python3.7/site-packages/airflow/example_dags/example_subdag_operator.py for tasks to queue
[2022-09-03 01:27:51,888] {logging_mixin.py:115} INFO - [2022-09-03 01:27:51,888] {dagbag.py:508} INFO - Filling up the DagBag from /home/airflow/.local/lib/python3.7/site-packages/airflow/example_dags/example_subdag_operator.py
[2022-09-03 01:27:52,437] {processor.py:651} INFO - DAG(s) dict_keys(['example_subdag_operator.section-1', 'example_subdag_operator.section-2', 'example_subdag_operator']) retrieved from /home/airflow/.local/lib/python3.7/site-packages/airflow/example_dags/example_subdag_operator.py
[2022-09-03 01:27:54,912] {logging_mixin.py:115} INFO - [2022-09-03 01:27:54,903] {dag.py:2420} INFO - Sync 3 DAGs
[2022-09-03 01:27:57,128] {logging_mixin.py:115} INFO - [2022-09-03 01:27:57,107] {dag.py:2972} INFO - Setting next_dagrun for example_subdag_operator to 2022-01-01T00:00:00+00:00, run_after=2022-01-01T00:00:00+00:00
[2022-09-03 01:27:57,142] {logging_mixin.py:115} INFO - [2022-09-03 01:27:57,141] {dag.py:2972} INFO - Setting next_dagrun for example_subdag_operator.section-1 to None, run_after=None
[2022-09-03 01:27:57,172] {logging_mixin.py:115} INFO - [2022-09-03 01:27:57,172] {dag.py:2972} INFO - Setting next_dagrun for example_subdag_operator.section-2 to None, run_after=None
[2022-09-03 01:27:57,709] {logging_mixin.py:115} INFO - [2022-09-03 01:27:57,709] {dag.py:2420} INFO - Sync 2 DAGs
[2022-09-03 01:27:58,247] {logging_mixin.py:115} INFO - [2022-09-03 01:27:58,225] {dag.py:2972} INFO - Setting next_dagrun for example_subdag_operator.section-1 to None, run_after=None
[2022-09-03 01:27:58,252] {logging_mixin.py:115} INFO - [2022-09-03 01:27:58,252] {dag.py:2972} INFO - Setting next_dagrun for example_subdag_operator.section-2 to None, run_after=None
[2022-09-03 01:27:58,573] {processor.py:161} INFO - Processing /home/airflow/.local/lib/python3.7/site-packages/airflow/example_dags/example_subdag_operator.py took 6.866 seconds
[2022-09-03 01:38:35,851] {processor.py:153} INFO - Started process (PID=3476) to work on /home/airflow/.local/lib/python3.7/site-packages/airflow/example_dags/example_subdag_operator.py
[2022-09-03 01:38:35,878] {processor.py:641} INFO - Processing file /home/airflow/.local/lib/python3.7/site-packages/airflow/example_dags/example_subdag_operator.py for tasks to queue
[2022-09-03 01:38:35,881] {logging_mixin.py:115} INFO - [2022-09-03 01:38:35,881] {dagbag.py:508} INFO - Filling up the DagBag from /home/airflow/.local/lib/python3.7/site-packages/airflow/example_dags/example_subdag_operator.py
[2022-09-03 01:38:36,041] {processor.py:651} INFO - DAG(s) dict_keys(['example_subdag_operator.section-1', 'example_subdag_operator.section-2', 'example_subdag_operator']) retrieved from /home/airflow/.local/lib/python3.7/site-packages/airflow/example_dags/example_subdag_operator.py
[2022-09-03 01:38:36,461] {logging_mixin.py:115} INFO - [2022-09-03 01:38:36,460] {dag.py:2420} INFO - Sync 3 DAGs
[2022-09-03 01:38:37,000] {logging_mixin.py:115} INFO - [2022-09-03 01:38:37,000] {dag.py:2972} INFO - Setting next_dagrun for example_subdag_operator to 2022-01-01T00:00:00+00:00, run_after=2022-01-01T00:00:00+00:00
[2022-09-03 01:38:37,007] {logging_mixin.py:115} INFO - [2022-09-03 01:38:37,006] {dag.py:2972} INFO - Setting next_dagrun for example_subdag_operator.section-1 to None, run_after=None
[2022-09-03 01:38:37,014] {logging_mixin.py:115} INFO - [2022-09-03 01:38:37,013] {dag.py:2972} INFO - Setting next_dagrun for example_subdag_operator.section-2 to None, run_after=None
[2022-09-03 01:38:37,108] {logging_mixin.py:115} INFO - [2022-09-03 01:38:37,108] {dag.py:2420} INFO - Sync 2 DAGs
[2022-09-03 01:38:37,196] {logging_mixin.py:115} INFO - [2022-09-03 01:38:37,195] {dag.py:2972} INFO - Setting next_dagrun for example_subdag_operator.section-1 to None, run_after=None
[2022-09-03 01:38:37,202] {logging_mixin.py:115} INFO - [2022-09-03 01:38:37,202] {dag.py:2972} INFO - Setting next_dagrun for example_subdag_operator.section-2 to None, run_after=None
[2022-09-03 01:38:37,317] {processor.py:161} INFO - Processing /home/airflow/.local/lib/python3.7/site-packages/airflow/example_dags/example_subdag_operator.py took 1.517 seconds
[2022-09-03 01:48:55,761] {processor.py:153} INFO - Started process (PID=3514) to work on /home/airflow/.local/lib/python3.7/site-packages/airflow/example_dags/example_subdag_operator.py
[2022-09-03 01:48:55,762] {processor.py:641} INFO - Processing file /home/airflow/.local/lib/python3.7/site-packages/airflow/example_dags/example_subdag_operator.py for tasks to queue
[2022-09-03 01:48:55,764] {logging_mixin.py:115} INFO - [2022-09-03 01:48:55,764] {dagbag.py:508} INFO - Filling up the DagBag from /home/airflow/.local/lib/python3.7/site-packages/airflow/example_dags/example_subdag_operator.py
[2022-09-03 01:48:55,866] {processor.py:651} INFO - DAG(s) dict_keys(['example_subdag_operator.section-1', 'example_subdag_operator.section-2', 'example_subdag_operator']) retrieved from /home/airflow/.local/lib/python3.7/site-packages/airflow/example_dags/example_subdag_operator.py
[2022-09-03 01:48:56,029] {logging_mixin.py:115} INFO - [2022-09-03 01:48:56,029] {dag.py:2420} INFO - Sync 3 DAGs
[2022-09-03 01:48:56,107] {logging_mixin.py:115} INFO - [2022-09-03 01:48:56,106] {dag.py:2972} INFO - Setting next_dagrun for example_subdag_operator to 2022-01-01T00:00:00+00:00, run_after=2022-01-01T00:00:00+00:00
[2022-09-03 01:48:56,109] {logging_mixin.py:115} INFO - [2022-09-03 01:48:56,109] {dag.py:2972} INFO - Setting next_dagrun for example_subdag_operator.section-1 to None, run_after=None
[2022-09-03 01:48:56,111] {logging_mixin.py:115} INFO - [2022-09-03 01:48:56,111] {dag.py:2972} INFO - Setting next_dagrun for example_subdag_operator.section-2 to None, run_after=None
[2022-09-03 01:48:56,131] {logging_mixin.py:115} INFO - [2022-09-03 01:48:56,130] {dag.py:2420} INFO - Sync 2 DAGs
[2022-09-03 01:48:56,158] {logging_mixin.py:115} INFO - [2022-09-03 01:48:56,158] {dag.py:2972} INFO - Setting next_dagrun for example_subdag_operator.section-1 to None, run_after=None
[2022-09-03 01:48:56,159] {logging_mixin.py:115} INFO - [2022-09-03 01:48:56,159] {dag.py:2972} INFO - Setting next_dagrun for example_subdag_operator.section-2 to None, run_after=None
[2022-09-03 01:48:56,182] {processor.py:161} INFO - Processing /home/airflow/.local/lib/python3.7/site-packages/airflow/example_dags/example_subdag_operator.py took 0.433 seconds
[2022-09-03 01:59:12,395] {processor.py:153} INFO - Started process (PID=3551) to work on /home/airflow/.local/lib/python3.7/site-packages/airflow/example_dags/example_subdag_operator.py
[2022-09-03 01:59:12,403] {processor.py:641} INFO - Processing file /home/airflow/.local/lib/python3.7/site-packages/airflow/example_dags/example_subdag_operator.py for tasks to queue
[2022-09-03 01:59:12,412] {logging_mixin.py:115} INFO - [2022-09-03 01:59:12,411] {dagbag.py:508} INFO - Filling up the DagBag from /home/airflow/.local/lib/python3.7/site-packages/airflow/example_dags/example_subdag_operator.py
[2022-09-03 01:59:12,800] {processor.py:651} INFO - DAG(s) dict_keys(['example_subdag_operator.section-1', 'example_subdag_operator.section-2', 'example_subdag_operator']) retrieved from /home/airflow/.local/lib/python3.7/site-packages/airflow/example_dags/example_subdag_operator.py
[2022-09-03 01:59:13,630] {logging_mixin.py:115} INFO - [2022-09-03 01:59:13,629] {dag.py:2420} INFO - Sync 3 DAGs
[2022-09-03 01:59:13,889] {logging_mixin.py:115} INFO - [2022-09-03 01:59:13,888] {dag.py:2972} INFO - Setting next_dagrun for example_subdag_operator to 2022-01-01T00:00:00+00:00, run_after=2022-01-01T00:00:00+00:00
[2022-09-03 01:59:13,896] {logging_mixin.py:115} INFO - [2022-09-03 01:59:13,896] {dag.py:2972} INFO - Setting next_dagrun for example_subdag_operator.section-1 to None, run_after=None
[2022-09-03 01:59:13,902] {logging_mixin.py:115} INFO - [2022-09-03 01:59:13,901] {dag.py:2972} INFO - Setting next_dagrun for example_subdag_operator.section-2 to None, run_after=None
[2022-09-03 01:59:13,968] {logging_mixin.py:115} INFO - [2022-09-03 01:59:13,967] {dag.py:2420} INFO - Sync 2 DAGs
[2022-09-03 01:59:14,036] {logging_mixin.py:115} INFO - [2022-09-03 01:59:14,036] {dag.py:2972} INFO - Setting next_dagrun for example_subdag_operator.section-1 to None, run_after=None
[2022-09-03 01:59:14,044] {logging_mixin.py:115} INFO - [2022-09-03 01:59:14,043] {dag.py:2972} INFO - Setting next_dagrun for example_subdag_operator.section-2 to None, run_after=None
[2022-09-03 01:59:14,105] {processor.py:161} INFO - Processing /home/airflow/.local/lib/python3.7/site-packages/airflow/example_dags/example_subdag_operator.py took 1.752 seconds
[2022-09-03 02:09:29,378] {processor.py:153} INFO - Started process (PID=3601) to work on /home/airflow/.local/lib/python3.7/site-packages/airflow/example_dags/example_subdag_operator.py
[2022-09-03 02:09:29,397] {processor.py:641} INFO - Processing file /home/airflow/.local/lib/python3.7/site-packages/airflow/example_dags/example_subdag_operator.py for tasks to queue
[2022-09-03 02:09:29,404] {logging_mixin.py:115} INFO - [2022-09-03 02:09:29,403] {dagbag.py:508} INFO - Filling up the DagBag from /home/airflow/.local/lib/python3.7/site-packages/airflow/example_dags/example_subdag_operator.py
[2022-09-03 02:09:29,702] {processor.py:651} INFO - DAG(s) dict_keys(['example_subdag_operator.section-1', 'example_subdag_operator.section-2', 'example_subdag_operator']) retrieved from /home/airflow/.local/lib/python3.7/site-packages/airflow/example_dags/example_subdag_operator.py
[2022-09-03 02:09:30,401] {logging_mixin.py:115} INFO - [2022-09-03 02:09:30,401] {dag.py:2420} INFO - Sync 3 DAGs
[2022-09-03 02:09:31,018] {logging_mixin.py:115} INFO - [2022-09-03 02:09:31,017] {dag.py:2972} INFO - Setting next_dagrun for example_subdag_operator to 2022-01-01T00:00:00+00:00, run_after=2022-01-01T00:00:00+00:00
[2022-09-03 02:09:31,063] {logging_mixin.py:115} INFO - [2022-09-03 02:09:31,063] {dag.py:2972} INFO - Setting next_dagrun for example_subdag_operator.section-1 to None, run_after=None
[2022-09-03 02:09:31,081] {logging_mixin.py:115} INFO - [2022-09-03 02:09:31,081] {dag.py:2972} INFO - Setting next_dagrun for example_subdag_operator.section-2 to None, run_after=None
[2022-09-03 02:09:31,272] {logging_mixin.py:115} INFO - [2022-09-03 02:09:31,272] {dag.py:2420} INFO - Sync 2 DAGs
[2022-09-03 02:09:31,443] {logging_mixin.py:115} INFO - [2022-09-03 02:09:31,443] {dag.py:2972} INFO - Setting next_dagrun for example_subdag_operator.section-1 to None, run_after=None
[2022-09-03 02:09:31,448] {logging_mixin.py:115} INFO - [2022-09-03 02:09:31,448] {dag.py:2972} INFO - Setting next_dagrun for example_subdag_operator.section-2 to None, run_after=None
[2022-09-03 02:09:31,528] {processor.py:161} INFO - Processing /home/airflow/.local/lib/python3.7/site-packages/airflow/example_dags/example_subdag_operator.py took 2.182 seconds
[2022-09-03 02:19:49,984] {processor.py:153} INFO - Started process (PID=3649) to work on /home/airflow/.local/lib/python3.7/site-packages/airflow/example_dags/example_subdag_operator.py
[2022-09-03 02:19:50,004] {processor.py:641} INFO - Processing file /home/airflow/.local/lib/python3.7/site-packages/airflow/example_dags/example_subdag_operator.py for tasks to queue
[2022-09-03 02:19:50,028] {logging_mixin.py:115} INFO - [2022-09-03 02:19:50,027] {dagbag.py:508} INFO - Filling up the DagBag from /home/airflow/.local/lib/python3.7/site-packages/airflow/example_dags/example_subdag_operator.py
[2022-09-03 02:19:50,747] {processor.py:651} INFO - DAG(s) dict_keys(['example_subdag_operator.section-1', 'example_subdag_operator.section-2', 'example_subdag_operator']) retrieved from /home/airflow/.local/lib/python3.7/site-packages/airflow/example_dags/example_subdag_operator.py
[2022-09-03 02:19:51,510] {logging_mixin.py:115} INFO - [2022-09-03 02:19:51,506] {dag.py:2420} INFO - Sync 3 DAGs
[2022-09-03 02:19:52,284] {logging_mixin.py:115} INFO - [2022-09-03 02:19:52,282] {dag.py:2972} INFO - Setting next_dagrun for example_subdag_operator to 2022-01-01T00:00:00+00:00, run_after=2022-01-01T00:00:00+00:00
[2022-09-03 02:19:52,291] {logging_mixin.py:115} INFO - [2022-09-03 02:19:52,291] {dag.py:2972} INFO - Setting next_dagrun for example_subdag_operator.section-1 to None, run_after=None
[2022-09-03 02:19:52,308] {logging_mixin.py:115} INFO - [2022-09-03 02:19:52,308] {dag.py:2972} INFO - Setting next_dagrun for example_subdag_operator.section-2 to None, run_after=None
[2022-09-03 02:19:52,480] {logging_mixin.py:115} INFO - [2022-09-03 02:19:52,480] {dag.py:2420} INFO - Sync 2 DAGs
[2022-09-03 02:19:52,629] {logging_mixin.py:115} INFO - [2022-09-03 02:19:52,628] {dag.py:2972} INFO - Setting next_dagrun for example_subdag_operator.section-1 to None, run_after=None
[2022-09-03 02:19:52,636] {logging_mixin.py:115} INFO - [2022-09-03 02:19:52,635] {dag.py:2972} INFO - Setting next_dagrun for example_subdag_operator.section-2 to None, run_after=None
[2022-09-03 02:19:52,835] {processor.py:161} INFO - Processing /home/airflow/.local/lib/python3.7/site-packages/airflow/example_dags/example_subdag_operator.py took 3.008 seconds
[2022-09-03 02:30:09,055] {processor.py:153} INFO - Started process (PID=3704) to work on /home/airflow/.local/lib/python3.7/site-packages/airflow/example_dags/example_subdag_operator.py
[2022-09-03 02:30:09,060] {processor.py:641} INFO - Processing file /home/airflow/.local/lib/python3.7/site-packages/airflow/example_dags/example_subdag_operator.py for tasks to queue
[2022-09-03 02:30:09,068] {logging_mixin.py:115} INFO - [2022-09-03 02:30:09,067] {dagbag.py:508} INFO - Filling up the DagBag from /home/airflow/.local/lib/python3.7/site-packages/airflow/example_dags/example_subdag_operator.py
[2022-09-03 02:30:09,253] {processor.py:651} INFO - DAG(s) dict_keys(['example_subdag_operator.section-1', 'example_subdag_operator.section-2', 'example_subdag_operator']) retrieved from /home/airflow/.local/lib/python3.7/site-packages/airflow/example_dags/example_subdag_operator.py
[2022-09-03 02:30:09,642] {logging_mixin.py:115} INFO - [2022-09-03 02:30:09,641] {dag.py:2420} INFO - Sync 3 DAGs
[2022-09-03 02:30:09,909] {logging_mixin.py:115} INFO - [2022-09-03 02:30:09,908] {dag.py:2972} INFO - Setting next_dagrun for example_subdag_operator to 2022-01-01T00:00:00+00:00, run_after=2022-01-01T00:00:00+00:00
[2022-09-03 02:30:09,915] {logging_mixin.py:115} INFO - [2022-09-03 02:30:09,915] {dag.py:2972} INFO - Setting next_dagrun for example_subdag_operator.section-1 to None, run_after=None
[2022-09-03 02:30:09,919] {logging_mixin.py:115} INFO - [2022-09-03 02:30:09,919] {dag.py:2972} INFO - Setting next_dagrun for example_subdag_operator.section-2 to None, run_after=None
[2022-09-03 02:30:10,010] {logging_mixin.py:115} INFO - [2022-09-03 02:30:10,009] {dag.py:2420} INFO - Sync 2 DAGs
[2022-09-03 02:30:10,089] {logging_mixin.py:115} INFO - [2022-09-03 02:30:10,088] {dag.py:2972} INFO - Setting next_dagrun for example_subdag_operator.section-1 to None, run_after=None
[2022-09-03 02:30:10,106] {logging_mixin.py:115} INFO - [2022-09-03 02:30:10,106] {dag.py:2972} INFO - Setting next_dagrun for example_subdag_operator.section-2 to None, run_after=None
[2022-09-03 02:30:10,256] {processor.py:161} INFO - Processing /home/airflow/.local/lib/python3.7/site-packages/airflow/example_dags/example_subdag_operator.py took 1.293 seconds
[2022-09-03 02:30:50,017] {processor.py:153} INFO - Started process (PID=3761) to work on /home/airflow/.local/lib/python3.7/site-packages/airflow/example_dags/example_subdag_operator.py
[2022-09-03 02:30:50,037] {processor.py:641} INFO - Processing file /home/airflow/.local/lib/python3.7/site-packages/airflow/example_dags/example_subdag_operator.py for tasks to queue
[2022-09-03 02:30:50,058] {logging_mixin.py:115} INFO - [2022-09-03 02:30:50,057] {dagbag.py:508} INFO - Filling up the DagBag from /home/airflow/.local/lib/python3.7/site-packages/airflow/example_dags/example_subdag_operator.py
[2022-09-03 02:30:50,628] {processor.py:651} INFO - DAG(s) dict_keys(['example_subdag_operator.section-1', 'example_subdag_operator.section-2', 'example_subdag_operator']) retrieved from /home/airflow/.local/lib/python3.7/site-packages/airflow/example_dags/example_subdag_operator.py
[2022-09-03 02:30:51,628] {logging_mixin.py:115} INFO - [2022-09-03 02:30:51,618] {dag.py:2420} INFO - Sync 3 DAGs
[2022-09-03 02:30:51,958] {logging_mixin.py:115} INFO - [2022-09-03 02:30:51,958] {dag.py:2972} INFO - Setting next_dagrun for example_subdag_operator to 2022-01-01T00:00:00+00:00, run_after=2022-01-01T00:00:00+00:00
[2022-09-03 02:30:51,965] {logging_mixin.py:115} INFO - [2022-09-03 02:30:51,965] {dag.py:2972} INFO - Setting next_dagrun for example_subdag_operator.section-1 to None, run_after=None
[2022-09-03 02:30:51,971] {logging_mixin.py:115} INFO - [2022-09-03 02:30:51,971] {dag.py:2972} INFO - Setting next_dagrun for example_subdag_operator.section-2 to None, run_after=None
[2022-09-03 02:30:52,064] {logging_mixin.py:115} INFO - [2022-09-03 02:30:52,063] {dag.py:2420} INFO - Sync 2 DAGs
[2022-09-03 02:30:52,156] {logging_mixin.py:115} INFO - [2022-09-03 02:30:52,155] {dag.py:2972} INFO - Setting next_dagrun for example_subdag_operator.section-1 to None, run_after=None
[2022-09-03 02:30:52,164] {logging_mixin.py:115} INFO - [2022-09-03 02:30:52,163] {dag.py:2972} INFO - Setting next_dagrun for example_subdag_operator.section-2 to None, run_after=None
[2022-09-03 02:30:52,304] {processor.py:161} INFO - Processing /home/airflow/.local/lib/python3.7/site-packages/airflow/example_dags/example_subdag_operator.py took 2.393 seconds
[2022-09-03 02:41:01,349] {processor.py:153} INFO - Started process (PID=3787) to work on /home/airflow/.local/lib/python3.7/site-packages/airflow/example_dags/example_subdag_operator.py
[2022-09-03 02:41:01,356] {processor.py:641} INFO - Processing file /home/airflow/.local/lib/python3.7/site-packages/airflow/example_dags/example_subdag_operator.py for tasks to queue
[2022-09-03 02:41:01,369] {logging_mixin.py:115} INFO - [2022-09-03 02:41:01,369] {dagbag.py:508} INFO - Filling up the DagBag from /home/airflow/.local/lib/python3.7/site-packages/airflow/example_dags/example_subdag_operator.py
[2022-09-03 02:41:01,899] {processor.py:651} INFO - DAG(s) dict_keys(['example_subdag_operator.section-1', 'example_subdag_operator.section-2', 'example_subdag_operator']) retrieved from /home/airflow/.local/lib/python3.7/site-packages/airflow/example_dags/example_subdag_operator.py
[2022-09-03 02:41:02,532] {logging_mixin.py:115} INFO - [2022-09-03 02:41:02,525] {dag.py:2420} INFO - Sync 3 DAGs
[2022-09-03 02:41:03,034] {logging_mixin.py:115} INFO - [2022-09-03 02:41:03,033] {dag.py:2972} INFO - Setting next_dagrun for example_subdag_operator to 2022-01-01T00:00:00+00:00, run_after=2022-01-01T00:00:00+00:00
[2022-09-03 02:41:03,058] {logging_mixin.py:115} INFO - [2022-09-03 02:41:03,058] {dag.py:2972} INFO - Setting next_dagrun for example_subdag_operator.section-1 to None, run_after=None
[2022-09-03 02:41:03,062] {logging_mixin.py:115} INFO - [2022-09-03 02:41:03,062] {dag.py:2972} INFO - Setting next_dagrun for example_subdag_operator.section-2 to None, run_after=None
[2022-09-03 02:41:03,145] {logging_mixin.py:115} INFO - [2022-09-03 02:41:03,144] {dag.py:2420} INFO - Sync 2 DAGs
[2022-09-03 02:41:03,229] {logging_mixin.py:115} INFO - [2022-09-03 02:41:03,228] {dag.py:2972} INFO - Setting next_dagrun for example_subdag_operator.section-1 to None, run_after=None
[2022-09-03 02:41:03,246] {logging_mixin.py:115} INFO - [2022-09-03 02:41:03,246] {dag.py:2972} INFO - Setting next_dagrun for example_subdag_operator.section-2 to None, run_after=None
[2022-09-03 02:41:03,356] {processor.py:161} INFO - Processing /home/airflow/.local/lib/python3.7/site-packages/airflow/example_dags/example_subdag_operator.py took 2.059 seconds
[2022-09-03 02:51:23,794] {processor.py:153} INFO - Started process (PID=3833) to work on /home/airflow/.local/lib/python3.7/site-packages/airflow/example_dags/example_subdag_operator.py
[2022-09-03 02:51:23,808] {processor.py:641} INFO - Processing file /home/airflow/.local/lib/python3.7/site-packages/airflow/example_dags/example_subdag_operator.py for tasks to queue
[2022-09-03 02:51:23,832] {logging_mixin.py:115} INFO - [2022-09-03 02:51:23,831] {dagbag.py:508} INFO - Filling up the DagBag from /home/airflow/.local/lib/python3.7/site-packages/airflow/example_dags/example_subdag_operator.py
[2022-09-03 02:51:24,337] {processor.py:651} INFO - DAG(s) dict_keys(['example_subdag_operator.section-1', 'example_subdag_operator.section-2', 'example_subdag_operator']) retrieved from /home/airflow/.local/lib/python3.7/site-packages/airflow/example_dags/example_subdag_operator.py
[2022-09-03 02:51:24,806] {logging_mixin.py:115} INFO - [2022-09-03 02:51:24,805] {dag.py:2420} INFO - Sync 3 DAGs
[2022-09-03 02:51:25,736] {logging_mixin.py:115} INFO - [2022-09-03 02:51:25,735] {dag.py:2972} INFO - Setting next_dagrun for example_subdag_operator to 2022-01-01T00:00:00+00:00, run_after=2022-01-01T00:00:00+00:00
[2022-09-03 02:51:25,748] {logging_mixin.py:115} INFO - [2022-09-03 02:51:25,748] {dag.py:2972} INFO - Setting next_dagrun for example_subdag_operator.section-1 to None, run_after=None
[2022-09-03 02:51:25,760] {logging_mixin.py:115} INFO - [2022-09-03 02:51:25,760] {dag.py:2972} INFO - Setting next_dagrun for example_subdag_operator.section-2 to None, run_after=None
[2022-09-03 02:51:26,044] {logging_mixin.py:115} INFO - [2022-09-03 02:51:26,043] {dag.py:2420} INFO - Sync 2 DAGs
[2022-09-03 02:51:26,286] {logging_mixin.py:115} INFO - [2022-09-03 02:51:26,255] {dag.py:2972} INFO - Setting next_dagrun for example_subdag_operator.section-1 to None, run_after=None
[2022-09-03 02:51:26,301] {logging_mixin.py:115} INFO - [2022-09-03 02:51:26,300] {dag.py:2972} INFO - Setting next_dagrun for example_subdag_operator.section-2 to None, run_after=None
[2022-09-03 02:51:26,496] {processor.py:161} INFO - Processing /home/airflow/.local/lib/python3.7/site-packages/airflow/example_dags/example_subdag_operator.py took 2.790 seconds
[2022-09-03 02:58:22,793] {processor.py:153} INFO - Started process (PID=3887) to work on /home/airflow/.local/lib/python3.7/site-packages/airflow/example_dags/example_subdag_operator.py
[2022-09-03 02:58:22,838] {processor.py:641} INFO - Processing file /home/airflow/.local/lib/python3.7/site-packages/airflow/example_dags/example_subdag_operator.py for tasks to queue
[2022-09-03 02:58:22,920] {logging_mixin.py:115} INFO - [2022-09-03 02:58:22,920] {dagbag.py:508} INFO - Filling up the DagBag from /home/airflow/.local/lib/python3.7/site-packages/airflow/example_dags/example_subdag_operator.py
[2022-09-03 02:58:24,249] {processor.py:651} INFO - DAG(s) dict_keys(['example_subdag_operator.section-1', 'example_subdag_operator.section-2', 'example_subdag_operator']) retrieved from /home/airflow/.local/lib/python3.7/site-packages/airflow/example_dags/example_subdag_operator.py
[2022-09-03 02:58:26,134] {logging_mixin.py:115} INFO - [2022-09-03 02:58:26,133] {dag.py:2420} INFO - Sync 3 DAGs
[2022-09-03 02:58:27,002] {logging_mixin.py:115} INFO - [2022-09-03 02:58:27,001] {dag.py:2972} INFO - Setting next_dagrun for example_subdag_operator to 2022-01-01T00:00:00+00:00, run_after=2022-01-01T00:00:00+00:00
[2022-09-03 02:58:27,026] {logging_mixin.py:115} INFO - [2022-09-03 02:58:27,025] {dag.py:2972} INFO - Setting next_dagrun for example_subdag_operator.section-1 to None, run_after=None
[2022-09-03 02:58:27,036] {logging_mixin.py:115} INFO - [2022-09-03 02:58:27,036] {dag.py:2972} INFO - Setting next_dagrun for example_subdag_operator.section-2 to None, run_after=None
[2022-09-03 02:58:27,470] {logging_mixin.py:115} INFO - [2022-09-03 02:58:27,470] {dag.py:2420} INFO - Sync 2 DAGs
[2022-09-03 02:58:27,698] {logging_mixin.py:115} INFO - [2022-09-03 02:58:27,697] {dag.py:2972} INFO - Setting next_dagrun for example_subdag_operator.section-1 to None, run_after=None
[2022-09-03 02:58:27,706] {logging_mixin.py:115} INFO - [2022-09-03 02:58:27,706] {dag.py:2972} INFO - Setting next_dagrun for example_subdag_operator.section-2 to None, run_after=None
[2022-09-03 02:58:27,870] {processor.py:161} INFO - Processing /home/airflow/.local/lib/python3.7/site-packages/airflow/example_dags/example_subdag_operator.py took 5.323 seconds
[2022-09-03 02:59:11,047] {processor.py:153} INFO - Started process (PID=3943) to work on /home/airflow/.local/lib/python3.7/site-packages/airflow/example_dags/example_subdag_operator.py
[2022-09-03 02:59:11,074] {processor.py:641} INFO - Processing file /home/airflow/.local/lib/python3.7/site-packages/airflow/example_dags/example_subdag_operator.py for tasks to queue
[2022-09-03 02:59:11,096] {logging_mixin.py:115} INFO - [2022-09-03 02:59:11,096] {dagbag.py:508} INFO - Filling up the DagBag from /home/airflow/.local/lib/python3.7/site-packages/airflow/example_dags/example_subdag_operator.py
[2022-09-03 02:59:11,649] {processor.py:651} INFO - DAG(s) dict_keys(['example_subdag_operator.section-1', 'example_subdag_operator.section-2', 'example_subdag_operator']) retrieved from /home/airflow/.local/lib/python3.7/site-packages/airflow/example_dags/example_subdag_operator.py
[2022-09-03 03:05:42,692] {logging_mixin.py:115} INFO - [2022-09-03 03:05:42,692] {dag.py:2420} INFO - Sync 3 DAGs
[2022-09-03 03:05:57,869] {processor.py:153} INFO - Started process (PID=3964) to work on /home/airflow/.local/lib/python3.7/site-packages/airflow/example_dags/example_subdag_operator.py
[2022-09-03 03:05:57,888] {processor.py:641} INFO - Processing file /home/airflow/.local/lib/python3.7/site-packages/airflow/example_dags/example_subdag_operator.py for tasks to queue
[2022-09-03 03:05:57,915] {logging_mixin.py:115} INFO - [2022-09-03 03:05:57,914] {dagbag.py:508} INFO - Filling up the DagBag from /home/airflow/.local/lib/python3.7/site-packages/airflow/example_dags/example_subdag_operator.py
[2022-09-03 03:05:58,479] {processor.py:651} INFO - DAG(s) dict_keys(['example_subdag_operator.section-1', 'example_subdag_operator.section-2', 'example_subdag_operator']) retrieved from /home/airflow/.local/lib/python3.7/site-packages/airflow/example_dags/example_subdag_operator.py
[2022-09-03 03:05:59,314] {logging_mixin.py:115} INFO - [2022-09-03 03:05:59,314] {dag.py:2420} INFO - Sync 3 DAGs
[2022-09-03 03:05:59,623] {logging_mixin.py:115} INFO - [2022-09-03 03:05:59,622] {dag.py:2972} INFO - Setting next_dagrun for example_subdag_operator to 2022-01-01T00:00:00+00:00, run_after=2022-01-01T00:00:00+00:00
[2022-09-03 03:05:59,633] {logging_mixin.py:115} INFO - [2022-09-03 03:05:59,632] {dag.py:2972} INFO - Setting next_dagrun for example_subdag_operator.section-1 to None, run_after=None
[2022-09-03 03:05:59,641] {logging_mixin.py:115} INFO - [2022-09-03 03:05:59,641] {dag.py:2972} INFO - Setting next_dagrun for example_subdag_operator.section-2 to None, run_after=None
[2022-09-03 03:05:59,796] {logging_mixin.py:115} INFO - [2022-09-03 03:05:59,796] {dag.py:2420} INFO - Sync 2 DAGs
[2022-09-03 03:05:59,940] {logging_mixin.py:115} INFO - [2022-09-03 03:05:59,940] {dag.py:2972} INFO - Setting next_dagrun for example_subdag_operator.section-1 to None, run_after=None
[2022-09-03 03:05:59,972] {logging_mixin.py:115} INFO - [2022-09-03 03:05:59,968] {dag.py:2972} INFO - Setting next_dagrun for example_subdag_operator.section-2 to None, run_after=None
[2022-09-03 03:06:00,037] {processor.py:161} INFO - Processing /home/airflow/.local/lib/python3.7/site-packages/airflow/example_dags/example_subdag_operator.py took 2.317 seconds
[2022-09-03 05:06:20,083] {processor.py:153} INFO - Started process (PID=4006) to work on /home/airflow/.local/lib/python3.7/site-packages/airflow/example_dags/example_subdag_operator.py
[2022-09-03 05:06:20,101] {processor.py:641} INFO - Processing file /home/airflow/.local/lib/python3.7/site-packages/airflow/example_dags/example_subdag_operator.py for tasks to queue
[2022-09-03 05:06:20,121] {logging_mixin.py:115} INFO - [2022-09-03 05:06:20,120] {dagbag.py:508} INFO - Filling up the DagBag from /home/airflow/.local/lib/python3.7/site-packages/airflow/example_dags/example_subdag_operator.py
[2022-09-03 05:06:20,505] {processor.py:651} INFO - DAG(s) dict_keys(['example_subdag_operator.section-1', 'example_subdag_operator.section-2', 'example_subdag_operator']) retrieved from /home/airflow/.local/lib/python3.7/site-packages/airflow/example_dags/example_subdag_operator.py
[2022-09-03 05:06:21,551] {logging_mixin.py:115} INFO - [2022-09-03 05:06:21,551] {dag.py:2420} INFO - Sync 3 DAGs
[2022-09-03 05:06:22,510] {logging_mixin.py:115} INFO - [2022-09-03 05:06:22,509] {dag.py:2972} INFO - Setting next_dagrun for example_subdag_operator to 2022-01-01T00:00:00+00:00, run_after=2022-01-01T00:00:00+00:00
[2022-09-03 05:06:22,533] {logging_mixin.py:115} INFO - [2022-09-03 05:06:22,532] {dag.py:2972} INFO - Setting next_dagrun for example_subdag_operator.section-1 to None, run_after=None
[2022-09-03 05:06:22,540] {logging_mixin.py:115} INFO - [2022-09-03 05:06:22,539] {dag.py:2972} INFO - Setting next_dagrun for example_subdag_operator.section-2 to None, run_after=None
[2022-09-03 05:06:22,685] {logging_mixin.py:115} INFO - [2022-09-03 05:06:22,684] {dag.py:2420} INFO - Sync 2 DAGs
[2022-09-03 05:06:22,934] {logging_mixin.py:115} INFO - [2022-09-03 05:06:22,934] {dag.py:2972} INFO - Setting next_dagrun for example_subdag_operator.section-1 to None, run_after=None
[2022-09-03 05:06:22,947] {logging_mixin.py:115} INFO - [2022-09-03 05:06:22,946] {dag.py:2972} INFO - Setting next_dagrun for example_subdag_operator.section-2 to None, run_after=None
[2022-09-03 05:06:23,237] {processor.py:161} INFO - Processing /home/airflow/.local/lib/python3.7/site-packages/airflow/example_dags/example_subdag_operator.py took 3.231 seconds
[2022-09-03 05:46:45,502] {processor.py:153} INFO - Started process (PID=4053) to work on /home/airflow/.local/lib/python3.7/site-packages/airflow/example_dags/example_subdag_operator.py
[2022-09-03 05:46:45,528] {processor.py:641} INFO - Processing file /home/airflow/.local/lib/python3.7/site-packages/airflow/example_dags/example_subdag_operator.py for tasks to queue
[2022-09-03 05:46:45,541] {logging_mixin.py:115} INFO - [2022-09-03 05:46:45,541] {dagbag.py:508} INFO - Filling up the DagBag from /home/airflow/.local/lib/python3.7/site-packages/airflow/example_dags/example_subdag_operator.py
[2022-09-03 05:46:47,506] {processor.py:651} INFO - DAG(s) dict_keys(['example_subdag_operator.section-1', 'example_subdag_operator.section-2', 'example_subdag_operator']) retrieved from /home/airflow/.local/lib/python3.7/site-packages/airflow/example_dags/example_subdag_operator.py
[2022-09-03 05:46:49,459] {logging_mixin.py:115} INFO - [2022-09-03 05:46:49,458] {dag.py:2420} INFO - Sync 3 DAGs
[2022-09-03 05:46:50,191] {logging_mixin.py:115} INFO - [2022-09-03 05:46:50,190] {dag.py:2972} INFO - Setting next_dagrun for example_subdag_operator to 2022-01-01T00:00:00+00:00, run_after=2022-01-01T00:00:00+00:00
[2022-09-03 05:46:50,208] {logging_mixin.py:115} INFO - [2022-09-03 05:46:50,204] {dag.py:2972} INFO - Setting next_dagrun for example_subdag_operator.section-1 to None, run_after=None
[2022-09-03 05:46:50,225] {logging_mixin.py:115} INFO - [2022-09-03 05:46:50,224] {dag.py:2972} INFO - Setting next_dagrun for example_subdag_operator.section-2 to None, run_after=None
[2022-09-03 05:52:02,056] {logging_mixin.py:115} INFO - [2022-09-03 05:52:02,019] {dag.py:2420} INFO - Sync 2 DAGs
[2022-09-03 05:52:04,253] {logging_mixin.py:115} INFO - [2022-09-03 05:52:04,253] {dag.py:2972} INFO - Setting next_dagrun for example_subdag_operator.section-1 to None, run_after=None
[2022-09-03 05:52:04,263] {logging_mixin.py:115} INFO - [2022-09-03 05:52:04,263] {dag.py:2972} INFO - Setting next_dagrun for example_subdag_operator.section-2 to None, run_after=None
[2022-09-03 05:52:04,655] {processor.py:161} INFO - Processing /home/airflow/.local/lib/python3.7/site-packages/airflow/example_dags/example_subdag_operator.py took 60.312 seconds
