[2022-09-03 00:30:41,762] {processor.py:153} INFO - Started process (PID=3256) to work on /home/airflow/.local/lib/python3.7/site-packages/airflow/example_dags/example_latest_only_with_trigger.py
[2022-09-03 00:30:41,790] {processor.py:641} INFO - Processing file /home/airflow/.local/lib/python3.7/site-packages/airflow/example_dags/example_latest_only_with_trigger.py for tasks to queue
[2022-09-03 00:30:41,811] {logging_mixin.py:115} INFO - [2022-09-03 00:30:41,811] {dagbag.py:508} INFO - Filling up the DagBag from /home/airflow/.local/lib/python3.7/site-packages/airflow/example_dags/example_latest_only_with_trigger.py
[2022-09-03 00:30:41,894] {processor.py:651} INFO - DAG(s) dict_keys(['latest_only_with_trigger']) retrieved from /home/airflow/.local/lib/python3.7/site-packages/airflow/example_dags/example_latest_only_with_trigger.py
[2022-09-03 00:30:42,136] {logging_mixin.py:115} INFO - [2022-09-03 00:30:42,134] {dag.py:2420} INFO - Sync 1 DAGs
[2022-09-03 00:30:42,266] {logging_mixin.py:115} INFO - [2022-09-03 00:30:42,265] {dag.py:2972} INFO - Setting next_dagrun for latest_only_with_trigger to 2022-09-02T20:30:42.265304+00:00, run_after=2022-09-03T00:30:42.265304+00:00
[2022-09-03 00:30:42,311] {processor.py:161} INFO - Processing /home/airflow/.local/lib/python3.7/site-packages/airflow/example_dags/example_latest_only_with_trigger.py took 0.569 seconds
[2022-09-03 00:41:12,852] {processor.py:153} INFO - Started process (PID=3313) to work on /home/airflow/.local/lib/python3.7/site-packages/airflow/example_dags/example_latest_only_with_trigger.py
[2022-09-03 00:41:12,864] {processor.py:641} INFO - Processing file /home/airflow/.local/lib/python3.7/site-packages/airflow/example_dags/example_latest_only_with_trigger.py for tasks to queue
[2022-09-03 00:41:12,882] {logging_mixin.py:115} INFO - [2022-09-03 00:41:12,880] {dagbag.py:508} INFO - Filling up the DagBag from /home/airflow/.local/lib/python3.7/site-packages/airflow/example_dags/example_latest_only_with_trigger.py
[2022-09-03 00:41:13,004] {processor.py:651} INFO - DAG(s) dict_keys(['latest_only_with_trigger']) retrieved from /home/airflow/.local/lib/python3.7/site-packages/airflow/example_dags/example_latest_only_with_trigger.py
[2022-09-03 00:41:13,983] {logging_mixin.py:115} INFO - [2022-09-03 00:41:13,982] {dag.py:2420} INFO - Sync 1 DAGs
[2022-09-03 00:56:10,167] {logging_mixin.py:115} INFO - [2022-09-03 00:56:10,155] {dag.py:2972} INFO - Setting next_dagrun for latest_only_with_trigger to 2022-09-02T20:56:10.154394+00:00, run_after=2022-09-03T00:56:10.154394+00:00
[2022-09-03 00:56:10,629] {processor.py:161} INFO - Processing /home/airflow/.local/lib/python3.7/site-packages/airflow/example_dags/example_latest_only_with_trigger.py took 3.598 seconds
[2022-09-03 01:12:29,855] {processor.py:153} INFO - Started process (PID=3394) to work on /home/airflow/.local/lib/python3.7/site-packages/airflow/example_dags/example_latest_only_with_trigger.py
[2022-09-03 01:12:29,866] {processor.py:641} INFO - Processing file /home/airflow/.local/lib/python3.7/site-packages/airflow/example_dags/example_latest_only_with_trigger.py for tasks to queue
[2022-09-03 01:12:29,875] {logging_mixin.py:115} INFO - [2022-09-03 01:12:29,871] {dagbag.py:508} INFO - Filling up the DagBag from /home/airflow/.local/lib/python3.7/site-packages/airflow/example_dags/example_latest_only_with_trigger.py
[2022-09-03 01:12:29,920] {processor.py:651} INFO - DAG(s) dict_keys(['latest_only_with_trigger']) retrieved from /home/airflow/.local/lib/python3.7/site-packages/airflow/example_dags/example_latest_only_with_trigger.py
[2022-09-03 01:12:31,200] {logging_mixin.py:115} INFO - [2022-09-03 01:12:31,198] {dag.py:2420} INFO - Sync 1 DAGs
[2022-09-03 01:27:29,880] {logging_mixin.py:115} INFO - [2022-09-03 01:27:29,880] {dag.py:2972} INFO - Setting next_dagrun for latest_only_with_trigger to 2022-09-02T21:27:29.878146+00:00, run_after=2022-09-03T01:27:29.878146+00:00
[2022-09-03 01:38:34,656] {processor.py:153} INFO - Started process (PID=3474) to work on /home/airflow/.local/lib/python3.7/site-packages/airflow/example_dags/example_latest_only_with_trigger.py
[2022-09-03 01:38:34,663] {processor.py:641} INFO - Processing file /home/airflow/.local/lib/python3.7/site-packages/airflow/example_dags/example_latest_only_with_trigger.py for tasks to queue
[2022-09-03 01:38:34,670] {logging_mixin.py:115} INFO - [2022-09-03 01:38:34,669] {dagbag.py:508} INFO - Filling up the DagBag from /home/airflow/.local/lib/python3.7/site-packages/airflow/example_dags/example_latest_only_with_trigger.py
[2022-09-03 01:38:34,742] {processor.py:651} INFO - DAG(s) dict_keys(['latest_only_with_trigger']) retrieved from /home/airflow/.local/lib/python3.7/site-packages/airflow/example_dags/example_latest_only_with_trigger.py
[2022-09-03 01:38:35,005] {logging_mixin.py:115} INFO - [2022-09-03 01:38:35,005] {dag.py:2420} INFO - Sync 1 DAGs
[2022-09-03 01:38:35,209] {logging_mixin.py:115} INFO - [2022-09-03 01:38:35,209] {dag.py:2972} INFO - Setting next_dagrun for latest_only_with_trigger to 2022-09-02T21:38:35.207910+00:00, run_after=2022-09-03T01:38:35.207910+00:00
[2022-09-03 01:38:35,334] {processor.py:161} INFO - Processing /home/airflow/.local/lib/python3.7/site-packages/airflow/example_dags/example_latest_only_with_trigger.py took 0.706 seconds
[2022-09-03 01:59:03,425] {processor.py:153} INFO - Started process (PID=3544) to work on /home/airflow/.local/lib/python3.7/site-packages/airflow/example_dags/example_latest_only_with_trigger.py
[2022-09-03 01:59:03,441] {processor.py:641} INFO - Processing file /home/airflow/.local/lib/python3.7/site-packages/airflow/example_dags/example_latest_only_with_trigger.py for tasks to queue
[2022-09-03 01:59:03,459] {logging_mixin.py:115} INFO - [2022-09-03 01:59:03,457] {dagbag.py:508} INFO - Filling up the DagBag from /home/airflow/.local/lib/python3.7/site-packages/airflow/example_dags/example_latest_only_with_trigger.py
[2022-09-03 01:59:03,686] {processor.py:651} INFO - DAG(s) dict_keys(['latest_only_with_trigger']) retrieved from /home/airflow/.local/lib/python3.7/site-packages/airflow/example_dags/example_latest_only_with_trigger.py
[2022-09-03 01:59:04,386] {logging_mixin.py:115} INFO - [2022-09-03 01:59:04,386] {dag.py:2420} INFO - Sync 1 DAGs
[2022-09-03 01:59:04,941] {logging_mixin.py:115} INFO - [2022-09-03 01:59:04,941] {dag.py:2972} INFO - Setting next_dagrun for latest_only_with_trigger to 2022-09-02T21:59:04.932623+00:00, run_after=2022-09-03T01:59:04.932623+00:00
[2022-09-03 01:59:05,265] {processor.py:161} INFO - Processing /home/airflow/.local/lib/python3.7/site-packages/airflow/example_dags/example_latest_only_with_trigger.py took 1.983 seconds
[2022-09-03 02:09:46,880] {processor.py:153} INFO - Started process (PID=3635) to work on /home/airflow/.local/lib/python3.7/site-packages/airflow/example_dags/example_latest_only_with_trigger.py
[2022-09-03 02:09:46,882] {processor.py:641} INFO - Processing file /home/airflow/.local/lib/python3.7/site-packages/airflow/example_dags/example_latest_only_with_trigger.py for tasks to queue
[2022-09-03 02:09:46,883] {logging_mixin.py:115} INFO - [2022-09-03 02:09:46,883] {dagbag.py:508} INFO - Filling up the DagBag from /home/airflow/.local/lib/python3.7/site-packages/airflow/example_dags/example_latest_only_with_trigger.py
[2022-09-03 02:09:46,905] {processor.py:651} INFO - DAG(s) dict_keys(['latest_only_with_trigger']) retrieved from /home/airflow/.local/lib/python3.7/site-packages/airflow/example_dags/example_latest_only_with_trigger.py
[2022-09-03 02:09:46,987] {logging_mixin.py:115} INFO - [2022-09-03 02:09:46,987] {dag.py:2420} INFO - Sync 1 DAGs
[2022-09-03 02:09:47,058] {logging_mixin.py:115} INFO - [2022-09-03 02:09:47,057] {dag.py:2972} INFO - Setting next_dagrun for latest_only_with_trigger to 2022-09-02T22:09:47.057470+00:00, run_after=2022-09-03T02:09:47.057470+00:00
[2022-09-03 02:09:47,109] {processor.py:161} INFO - Processing /home/airflow/.local/lib/python3.7/site-packages/airflow/example_dags/example_latest_only_with_trigger.py took 0.243 seconds
[2022-09-03 02:30:02,434] {processor.py:153} INFO - Started process (PID=3690) to work on /home/airflow/.local/lib/python3.7/site-packages/airflow/example_dags/example_latest_only_with_trigger.py
[2022-09-03 02:30:02,440] {processor.py:641} INFO - Processing file /home/airflow/.local/lib/python3.7/site-packages/airflow/example_dags/example_latest_only_with_trigger.py for tasks to queue
[2022-09-03 02:30:02,441] {logging_mixin.py:115} INFO - [2022-09-03 02:30:02,441] {dagbag.py:508} INFO - Filling up the DagBag from /home/airflow/.local/lib/python3.7/site-packages/airflow/example_dags/example_latest_only_with_trigger.py
[2022-09-03 02:30:02,457] {processor.py:651} INFO - DAG(s) dict_keys(['latest_only_with_trigger']) retrieved from /home/airflow/.local/lib/python3.7/site-packages/airflow/example_dags/example_latest_only_with_trigger.py
[2022-09-03 02:30:02,558] {logging_mixin.py:115} INFO - [2022-09-03 02:30:02,558] {dag.py:2420} INFO - Sync 1 DAGs
[2022-09-03 02:30:02,646] {logging_mixin.py:115} INFO - [2022-09-03 02:30:02,646] {dag.py:2972} INFO - Setting next_dagrun for latest_only_with_trigger to 2022-09-02T22:30:02.646327+00:00, run_after=2022-09-03T02:30:02.646327+00:00
[2022-09-03 02:30:02,685] {processor.py:161} INFO - Processing /home/airflow/.local/lib/python3.7/site-packages/airflow/example_dags/example_latest_only_with_trigger.py took 0.264 seconds
[2022-09-03 02:30:38,450] {processor.py:153} INFO - Started process (PID=3739) to work on /home/airflow/.local/lib/python3.7/site-packages/airflow/example_dags/example_latest_only_with_trigger.py
[2022-09-03 02:30:38,452] {processor.py:641} INFO - Processing file /home/airflow/.local/lib/python3.7/site-packages/airflow/example_dags/example_latest_only_with_trigger.py for tasks to queue
[2022-09-03 02:30:38,454] {logging_mixin.py:115} INFO - [2022-09-03 02:30:38,453] {dagbag.py:508} INFO - Filling up the DagBag from /home/airflow/.local/lib/python3.7/site-packages/airflow/example_dags/example_latest_only_with_trigger.py
[2022-09-03 02:30:38,473] {processor.py:651} INFO - DAG(s) dict_keys(['latest_only_with_trigger']) retrieved from /home/airflow/.local/lib/python3.7/site-packages/airflow/example_dags/example_latest_only_with_trigger.py
[2022-09-03 02:30:38,554] {logging_mixin.py:115} INFO - [2022-09-03 02:30:38,554] {dag.py:2420} INFO - Sync 1 DAGs
[2022-09-03 02:30:38,638] {logging_mixin.py:115} INFO - [2022-09-03 02:30:38,637] {dag.py:2972} INFO - Setting next_dagrun for latest_only_with_trigger to 2022-09-02T22:30:38.637642+00:00, run_after=2022-09-03T02:30:38.637642+00:00
[2022-09-03 02:30:38,661] {processor.py:161} INFO - Processing /home/airflow/.local/lib/python3.7/site-packages/airflow/example_dags/example_latest_only_with_trigger.py took 0.218 seconds
[2022-09-03 02:41:19,443] {processor.py:153} INFO - Started process (PID=3819) to work on /home/airflow/.local/lib/python3.7/site-packages/airflow/example_dags/example_latest_only_with_trigger.py
[2022-09-03 02:41:19,451] {processor.py:641} INFO - Processing file /home/airflow/.local/lib/python3.7/site-packages/airflow/example_dags/example_latest_only_with_trigger.py for tasks to queue
[2022-09-03 02:41:19,459] {logging_mixin.py:115} INFO - [2022-09-03 02:41:19,459] {dagbag.py:508} INFO - Filling up the DagBag from /home/airflow/.local/lib/python3.7/site-packages/airflow/example_dags/example_latest_only_with_trigger.py
[2022-09-03 02:41:19,483] {processor.py:651} INFO - DAG(s) dict_keys(['latest_only_with_trigger']) retrieved from /home/airflow/.local/lib/python3.7/site-packages/airflow/example_dags/example_latest_only_with_trigger.py
[2022-09-03 02:41:19,635] {logging_mixin.py:115} INFO - [2022-09-03 02:41:19,635] {dag.py:2420} INFO - Sync 1 DAGs
[2022-09-03 02:41:19,717] {logging_mixin.py:115} INFO - [2022-09-03 02:41:19,717] {dag.py:2972} INFO - Setting next_dagrun for latest_only_with_trigger to 2022-09-02T22:41:19.716814+00:00, run_after=2022-09-03T02:41:19.716814+00:00
[2022-09-03 02:41:19,755] {processor.py:161} INFO - Processing /home/airflow/.local/lib/python3.7/site-packages/airflow/example_dags/example_latest_only_with_trigger.py took 0.323 seconds
[2022-09-03 02:58:14,307] {processor.py:153} INFO - Started process (PID=3866) to work on /home/airflow/.local/lib/python3.7/site-packages/airflow/example_dags/example_latest_only_with_trigger.py
[2022-09-03 02:58:14,310] {processor.py:641} INFO - Processing file /home/airflow/.local/lib/python3.7/site-packages/airflow/example_dags/example_latest_only_with_trigger.py for tasks to queue
[2022-09-03 02:58:14,312] {logging_mixin.py:115} INFO - [2022-09-03 02:58:14,312] {dagbag.py:508} INFO - Filling up the DagBag from /home/airflow/.local/lib/python3.7/site-packages/airflow/example_dags/example_latest_only_with_trigger.py
[2022-09-03 02:58:14,329] {processor.py:651} INFO - DAG(s) dict_keys(['latest_only_with_trigger']) retrieved from /home/airflow/.local/lib/python3.7/site-packages/airflow/example_dags/example_latest_only_with_trigger.py
[2022-09-03 02:58:14,393] {logging_mixin.py:115} INFO - [2022-09-03 02:58:14,393] {dag.py:2420} INFO - Sync 1 DAGs
[2022-09-03 02:58:14,473] {logging_mixin.py:115} INFO - [2022-09-03 02:58:14,473] {dag.py:2972} INFO - Setting next_dagrun for latest_only_with_trigger to 2022-09-02T22:58:14.473227+00:00, run_after=2022-09-03T02:58:14.473227+00:00
[2022-09-03 02:58:14,529] {processor.py:161} INFO - Processing /home/airflow/.local/lib/python3.7/site-packages/airflow/example_dags/example_latest_only_with_trigger.py took 0.231 seconds
[2022-09-03 02:59:03,537] {processor.py:153} INFO - Started process (PID=3937) to work on /home/airflow/.local/lib/python3.7/site-packages/airflow/example_dags/example_latest_only_with_trigger.py
[2022-09-03 02:59:03,539] {processor.py:641} INFO - Processing file /home/airflow/.local/lib/python3.7/site-packages/airflow/example_dags/example_latest_only_with_trigger.py for tasks to queue
[2022-09-03 02:59:03,542] {logging_mixin.py:115} INFO - [2022-09-03 02:59:03,541] {dagbag.py:508} INFO - Filling up the DagBag from /home/airflow/.local/lib/python3.7/site-packages/airflow/example_dags/example_latest_only_with_trigger.py
[2022-09-03 02:59:03,588] {processor.py:651} INFO - DAG(s) dict_keys(['latest_only_with_trigger']) retrieved from /home/airflow/.local/lib/python3.7/site-packages/airflow/example_dags/example_latest_only_with_trigger.py
[2022-09-03 02:59:03,844] {logging_mixin.py:115} INFO - [2022-09-03 02:59:03,843] {dag.py:2420} INFO - Sync 1 DAGs
[2022-09-03 02:59:04,789] {logging_mixin.py:115} INFO - [2022-09-03 02:59:04,788] {dag.py:2972} INFO - Setting next_dagrun for latest_only_with_trigger to 2022-09-02T22:59:04.786974+00:00, run_after=2022-09-03T02:59:04.786974+00:00
[2022-09-03 02:59:04,943] {processor.py:161} INFO - Processing /home/airflow/.local/lib/python3.7/site-packages/airflow/example_dags/example_latest_only_with_trigger.py took 1.417 seconds
[2022-09-03 03:06:10,785] {processor.py:153} INFO - Started process (PID=3992) to work on /home/airflow/.local/lib/python3.7/site-packages/airflow/example_dags/example_latest_only_with_trigger.py
[2022-09-03 03:06:10,843] {processor.py:641} INFO - Processing file /home/airflow/.local/lib/python3.7/site-packages/airflow/example_dags/example_latest_only_with_trigger.py for tasks to queue
[2022-09-03 03:06:10,949] {logging_mixin.py:115} INFO - [2022-09-03 03:06:10,949] {dagbag.py:508} INFO - Filling up the DagBag from /home/airflow/.local/lib/python3.7/site-packages/airflow/example_dags/example_latest_only_with_trigger.py
[2022-09-03 03:06:11,282] {processor.py:651} INFO - DAG(s) dict_keys(['latest_only_with_trigger']) retrieved from /home/airflow/.local/lib/python3.7/site-packages/airflow/example_dags/example_latest_only_with_trigger.py
[2022-09-03 05:06:10,172] {logging_mixin.py:115} INFO - [2022-09-03 05:06:10,170] {dag.py:2420} INFO - Sync 1 DAGs
[2022-09-03 05:06:39,676] {processor.py:153} INFO - Started process (PID=4039) to work on /home/airflow/.local/lib/python3.7/site-packages/airflow/example_dags/example_latest_only_with_trigger.py
[2022-09-03 05:06:39,685] {processor.py:641} INFO - Processing file /home/airflow/.local/lib/python3.7/site-packages/airflow/example_dags/example_latest_only_with_trigger.py for tasks to queue
[2022-09-03 05:06:39,689] {logging_mixin.py:115} INFO - [2022-09-03 05:06:39,689] {dagbag.py:508} INFO - Filling up the DagBag from /home/airflow/.local/lib/python3.7/site-packages/airflow/example_dags/example_latest_only_with_trigger.py
[2022-09-03 05:06:39,748] {processor.py:651} INFO - DAG(s) dict_keys(['latest_only_with_trigger']) retrieved from /home/airflow/.local/lib/python3.7/site-packages/airflow/example_dags/example_latest_only_with_trigger.py
[2022-09-03 05:46:29,955] {logging_mixin.py:115} INFO - [2022-09-03 05:46:29,955] {dag.py:2420} INFO - Sync 1 DAGs
[2022-09-03 05:46:30,213] {logging_mixin.py:115} INFO - [2022-09-03 05:46:30,212] {dag.py:2972} INFO - Setting next_dagrun for latest_only_with_trigger to 2022-09-03T01:46:30.210589+00:00, run_after=2022-09-03T05:46:30.210589+00:00
[2022-09-03 05:46:30,357] {processor.py:161} INFO - Processing /home/airflow/.local/lib/python3.7/site-packages/airflow/example_dags/example_latest_only_with_trigger.py took 0.764 seconds
[2022-09-03 11:57:42,736] {processor.py:153} INFO - Started process (PID=4147) to work on /home/airflow/.local/lib/python3.7/site-packages/airflow/example_dags/example_latest_only_with_trigger.py
[2022-09-03 11:57:42,783] {processor.py:641} INFO - Processing file /home/airflow/.local/lib/python3.7/site-packages/airflow/example_dags/example_latest_only_with_trigger.py for tasks to queue
[2022-09-03 11:57:42,914] {logging_mixin.py:115} INFO - [2022-09-03 11:57:42,908] {dagbag.py:508} INFO - Filling up the DagBag from /home/airflow/.local/lib/python3.7/site-packages/airflow/example_dags/example_latest_only_with_trigger.py
[2022-09-03 11:57:44,605] {processor.py:651} INFO - DAG(s) dict_keys(['latest_only_with_trigger']) retrieved from /home/airflow/.local/lib/python3.7/site-packages/airflow/example_dags/example_latest_only_with_trigger.py
[2022-09-03 17:46:00,378] {logging_mixin.py:115} INFO - [2022-09-03 17:46:00,334] {dag.py:2420} INFO - Sync 1 DAGs
[2022-09-03 17:46:01,669] {logging_mixin.py:115} INFO - [2022-09-03 17:46:01,668] {dag.py:2972} INFO - Setting next_dagrun for latest_only_with_trigger to 2022-09-03T13:46:01.630182+00:00, run_after=2022-09-03T17:46:01.630182+00:00
