[2022-09-03 00:30:36,136] {processor.py:153} INFO - Started process (PID=3234) to work on /home/airflow/.local/lib/python3.7/site-packages/airflow/example_dags/example_skip_dag.py
[2022-09-03 00:30:36,144] {processor.py:641} INFO - Processing file /home/airflow/.local/lib/python3.7/site-packages/airflow/example_dags/example_skip_dag.py for tasks to queue
[2022-09-03 00:30:36,147] {logging_mixin.py:115} INFO - [2022-09-03 00:30:36,147] {dagbag.py:508} INFO - Filling up the DagBag from /home/airflow/.local/lib/python3.7/site-packages/airflow/example_dags/example_skip_dag.py
[2022-09-03 00:30:36,185] {processor.py:651} INFO - DAG(s) dict_keys(['example_skip_dag']) retrieved from /home/airflow/.local/lib/python3.7/site-packages/airflow/example_dags/example_skip_dag.py
[2022-09-03 00:30:36,408] {logging_mixin.py:115} INFO - [2022-09-03 00:30:36,407] {dag.py:2420} INFO - Sync 1 DAGs
[2022-09-03 00:30:36,505] {logging_mixin.py:115} INFO - [2022-09-03 00:30:36,505] {dag.py:2972} INFO - Setting next_dagrun for example_skip_dag to 2022-09-02T00:30:36.504809+00:00, run_after=2022-09-03T00:30:36.504809+00:00
[2022-09-03 00:30:36,532] {processor.py:161} INFO - Processing /home/airflow/.local/lib/python3.7/site-packages/airflow/example_dags/example_skip_dag.py took 0.413 seconds
[2022-09-03 00:41:03,107] {processor.py:153} INFO - Started process (PID=3293) to work on /home/airflow/.local/lib/python3.7/site-packages/airflow/example_dags/example_skip_dag.py
[2022-09-03 00:41:03,112] {processor.py:641} INFO - Processing file /home/airflow/.local/lib/python3.7/site-packages/airflow/example_dags/example_skip_dag.py for tasks to queue
[2022-09-03 00:41:03,113] {logging_mixin.py:115} INFO - [2022-09-03 00:41:03,113] {dagbag.py:508} INFO - Filling up the DagBag from /home/airflow/.local/lib/python3.7/site-packages/airflow/example_dags/example_skip_dag.py
[2022-09-03 00:41:03,137] {processor.py:651} INFO - DAG(s) dict_keys(['example_skip_dag']) retrieved from /home/airflow/.local/lib/python3.7/site-packages/airflow/example_dags/example_skip_dag.py
[2022-09-03 00:41:03,335] {logging_mixin.py:115} INFO - [2022-09-03 00:41:03,335] {dag.py:2420} INFO - Sync 1 DAGs
[2022-09-03 00:41:03,432] {logging_mixin.py:115} INFO - [2022-09-03 00:41:03,432] {dag.py:2972} INFO - Setting next_dagrun for example_skip_dag to 2022-09-02T00:41:03.432204+00:00, run_after=2022-09-03T00:41:03.432204+00:00
[2022-09-03 00:41:03,473] {processor.py:161} INFO - Processing /home/airflow/.local/lib/python3.7/site-packages/airflow/example_dags/example_skip_dag.py took 0.372 seconds
[2022-09-03 00:56:44,968] {processor.py:153} INFO - Started process (PID=3349) to work on /home/airflow/.local/lib/python3.7/site-packages/airflow/example_dags/example_skip_dag.py
[2022-09-03 00:56:44,977] {processor.py:641} INFO - Processing file /home/airflow/.local/lib/python3.7/site-packages/airflow/example_dags/example_skip_dag.py for tasks to queue
[2022-09-03 00:56:44,988] {logging_mixin.py:115} INFO - [2022-09-03 00:56:44,988] {dagbag.py:508} INFO - Filling up the DagBag from /home/airflow/.local/lib/python3.7/site-packages/airflow/example_dags/example_skip_dag.py
[2022-09-03 00:56:45,044] {processor.py:651} INFO - DAG(s) dict_keys(['example_skip_dag']) retrieved from /home/airflow/.local/lib/python3.7/site-packages/airflow/example_dags/example_skip_dag.py
[2022-09-03 00:56:45,238] {logging_mixin.py:115} INFO - [2022-09-03 00:56:45,238] {dag.py:2420} INFO - Sync 1 DAGs
[2022-09-03 00:56:46,399] {logging_mixin.py:115} INFO - [2022-09-03 00:56:46,399] {dag.py:2972} INFO - Setting next_dagrun for example_skip_dag to 2022-09-02T00:56:46.397315+00:00, run_after=2022-09-03T00:56:46.397315+00:00
[2022-09-03 00:56:46,693] {processor.py:161} INFO - Processing /home/airflow/.local/lib/python3.7/site-packages/airflow/example_dags/example_skip_dag.py took 1.745 seconds
[2022-09-03 01:28:03,521] {processor.py:153} INFO - Started process (PID=3422) to work on /home/airflow/.local/lib/python3.7/site-packages/airflow/example_dags/example_skip_dag.py
[2022-09-03 01:28:03,530] {processor.py:641} INFO - Processing file /home/airflow/.local/lib/python3.7/site-packages/airflow/example_dags/example_skip_dag.py for tasks to queue
[2022-09-03 01:28:03,532] {logging_mixin.py:115} INFO - [2022-09-03 01:28:03,532] {dagbag.py:508} INFO - Filling up the DagBag from /home/airflow/.local/lib/python3.7/site-packages/airflow/example_dags/example_skip_dag.py
[2022-09-03 01:28:03,601] {processor.py:651} INFO - DAG(s) dict_keys(['example_skip_dag']) retrieved from /home/airflow/.local/lib/python3.7/site-packages/airflow/example_dags/example_skip_dag.py
[2022-09-03 01:28:03,925] {logging_mixin.py:115} INFO - [2022-09-03 01:28:03,925] {dag.py:2420} INFO - Sync 1 DAGs
[2022-09-03 01:28:04,190] {logging_mixin.py:115} INFO - [2022-09-03 01:28:04,190] {dag.py:2972} INFO - Setting next_dagrun for example_skip_dag to 2022-09-02T01:28:04.189928+00:00, run_after=2022-09-03T01:28:04.189928+00:00
[2022-09-03 01:28:04,287] {processor.py:161} INFO - Processing /home/airflow/.local/lib/python3.7/site-packages/airflow/example_dags/example_skip_dag.py took 0.841 seconds
[2022-09-03 01:38:39,557] {processor.py:153} INFO - Started process (PID=3482) to work on /home/airflow/.local/lib/python3.7/site-packages/airflow/example_dags/example_skip_dag.py
[2022-09-03 01:38:39,597] {processor.py:641} INFO - Processing file /home/airflow/.local/lib/python3.7/site-packages/airflow/example_dags/example_skip_dag.py for tasks to queue
[2022-09-03 01:38:39,631] {logging_mixin.py:115} INFO - [2022-09-03 01:38:39,630] {dagbag.py:508} INFO - Filling up the DagBag from /home/airflow/.local/lib/python3.7/site-packages/airflow/example_dags/example_skip_dag.py
[2022-09-03 01:38:39,783] {processor.py:651} INFO - DAG(s) dict_keys(['example_skip_dag']) retrieved from /home/airflow/.local/lib/python3.7/site-packages/airflow/example_dags/example_skip_dag.py
[2022-09-03 01:38:40,591] {logging_mixin.py:115} INFO - [2022-09-03 01:38:40,591] {dag.py:2420} INFO - Sync 1 DAGs
[2022-09-03 01:38:41,691] {logging_mixin.py:115} INFO - [2022-09-03 01:38:41,690] {dag.py:2972} INFO - Setting next_dagrun for example_skip_dag to 2022-09-02T01:38:41.689489+00:00, run_after=2022-09-03T01:38:41.689489+00:00
[2022-09-03 01:38:41,919] {processor.py:161} INFO - Processing /home/airflow/.local/lib/python3.7/site-packages/airflow/example_dags/example_skip_dag.py took 2.444 seconds
[2022-09-03 01:48:58,006] {processor.py:153} INFO - Started process (PID=3518) to work on /home/airflow/.local/lib/python3.7/site-packages/airflow/example_dags/example_skip_dag.py
[2022-09-03 01:48:58,028] {processor.py:641} INFO - Processing file /home/airflow/.local/lib/python3.7/site-packages/airflow/example_dags/example_skip_dag.py for tasks to queue
[2022-09-03 01:48:58,043] {logging_mixin.py:115} INFO - [2022-09-03 01:48:58,043] {dagbag.py:508} INFO - Filling up the DagBag from /home/airflow/.local/lib/python3.7/site-packages/airflow/example_dags/example_skip_dag.py
[2022-09-03 01:48:58,179] {processor.py:651} INFO - DAG(s) dict_keys(['example_skip_dag']) retrieved from /home/airflow/.local/lib/python3.7/site-packages/airflow/example_dags/example_skip_dag.py
[2022-09-03 01:48:58,797] {logging_mixin.py:115} INFO - [2022-09-03 01:48:58,796] {dag.py:2420} INFO - Sync 1 DAGs
[2022-09-03 01:48:59,237] {logging_mixin.py:115} INFO - [2022-09-03 01:48:59,221] {dag.py:2972} INFO - Setting next_dagrun for example_skip_dag to 2022-09-02T01:48:59.217901+00:00, run_after=2022-09-03T01:48:59.217901+00:00
[2022-09-03 01:48:59,449] {processor.py:161} INFO - Processing /home/airflow/.local/lib/python3.7/site-packages/airflow/example_dags/example_skip_dag.py took 1.601 seconds
[2022-09-03 01:59:15,826] {processor.py:153} INFO - Started process (PID=3562) to work on /home/airflow/.local/lib/python3.7/site-packages/airflow/example_dags/example_skip_dag.py
[2022-09-03 01:59:15,836] {processor.py:641} INFO - Processing file /home/airflow/.local/lib/python3.7/site-packages/airflow/example_dags/example_skip_dag.py for tasks to queue
[2022-09-03 01:59:15,842] {logging_mixin.py:115} INFO - [2022-09-03 01:59:15,842] {dagbag.py:508} INFO - Filling up the DagBag from /home/airflow/.local/lib/python3.7/site-packages/airflow/example_dags/example_skip_dag.py
[2022-09-03 01:59:15,912] {processor.py:651} INFO - DAG(s) dict_keys(['example_skip_dag']) retrieved from /home/airflow/.local/lib/python3.7/site-packages/airflow/example_dags/example_skip_dag.py
[2022-09-03 01:59:16,204] {logging_mixin.py:115} INFO - [2022-09-03 01:59:16,192] {dag.py:2420} INFO - Sync 1 DAGs
[2022-09-03 01:59:16,935] {logging_mixin.py:115} INFO - [2022-09-03 01:59:16,935] {dag.py:2972} INFO - Setting next_dagrun for example_skip_dag to 2022-09-02T01:59:16.933964+00:00, run_after=2022-09-03T01:59:16.933964+00:00
[2022-09-03 01:59:17,288] {processor.py:161} INFO - Processing /home/airflow/.local/lib/python3.7/site-packages/airflow/example_dags/example_skip_dag.py took 1.560 seconds
[2022-09-03 02:09:34,048] {processor.py:153} INFO - Started process (PID=3607) to work on /home/airflow/.local/lib/python3.7/site-packages/airflow/example_dags/example_skip_dag.py
[2022-09-03 02:09:34,056] {processor.py:641} INFO - Processing file /home/airflow/.local/lib/python3.7/site-packages/airflow/example_dags/example_skip_dag.py for tasks to queue
[2022-09-03 02:09:34,065] {logging_mixin.py:115} INFO - [2022-09-03 02:09:34,064] {dagbag.py:508} INFO - Filling up the DagBag from /home/airflow/.local/lib/python3.7/site-packages/airflow/example_dags/example_skip_dag.py
[2022-09-03 02:09:34,199] {processor.py:651} INFO - DAG(s) dict_keys(['example_skip_dag']) retrieved from /home/airflow/.local/lib/python3.7/site-packages/airflow/example_dags/example_skip_dag.py
[2022-09-03 02:09:34,764] {logging_mixin.py:115} INFO - [2022-09-03 02:09:34,763] {dag.py:2420} INFO - Sync 1 DAGs
[2022-09-03 02:09:35,331] {logging_mixin.py:115} INFO - [2022-09-03 02:09:35,330] {dag.py:2972} INFO - Setting next_dagrun for example_skip_dag to 2022-09-02T02:09:35.329090+00:00, run_after=2022-09-03T02:09:35.329090+00:00
[2022-09-03 02:09:35,505] {processor.py:161} INFO - Processing /home/airflow/.local/lib/python3.7/site-packages/airflow/example_dags/example_skip_dag.py took 1.512 seconds
[2022-09-03 02:19:55,827] {processor.py:153} INFO - Started process (PID=3661) to work on /home/airflow/.local/lib/python3.7/site-packages/airflow/example_dags/example_skip_dag.py
[2022-09-03 02:19:55,858] {processor.py:641} INFO - Processing file /home/airflow/.local/lib/python3.7/site-packages/airflow/example_dags/example_skip_dag.py for tasks to queue
[2022-09-03 02:19:55,882] {logging_mixin.py:115} INFO - [2022-09-03 02:19:55,882] {dagbag.py:508} INFO - Filling up the DagBag from /home/airflow/.local/lib/python3.7/site-packages/airflow/example_dags/example_skip_dag.py
[2022-09-03 02:19:56,018] {processor.py:651} INFO - DAG(s) dict_keys(['example_skip_dag']) retrieved from /home/airflow/.local/lib/python3.7/site-packages/airflow/example_dags/example_skip_dag.py
[2022-09-03 02:19:56,732] {logging_mixin.py:115} INFO - [2022-09-03 02:19:56,731] {dag.py:2420} INFO - Sync 1 DAGs
[2022-09-03 02:19:57,422] {logging_mixin.py:115} INFO - [2022-09-03 02:19:57,422] {dag.py:2972} INFO - Setting next_dagrun for example_skip_dag to 2022-09-02T02:19:57.412915+00:00, run_after=2022-09-03T02:19:57.412915+00:00
[2022-09-03 02:19:57,694] {processor.py:161} INFO - Processing /home/airflow/.local/lib/python3.7/site-packages/airflow/example_dags/example_skip_dag.py took 1.997 seconds
[2022-09-03 02:30:11,955] {processor.py:153} INFO - Started process (PID=3708) to work on /home/airflow/.local/lib/python3.7/site-packages/airflow/example_dags/example_skip_dag.py
[2022-09-03 02:30:11,974] {processor.py:641} INFO - Processing file /home/airflow/.local/lib/python3.7/site-packages/airflow/example_dags/example_skip_dag.py for tasks to queue
[2022-09-03 02:30:11,993] {logging_mixin.py:115} INFO - [2022-09-03 02:30:11,992] {dagbag.py:508} INFO - Filling up the DagBag from /home/airflow/.local/lib/python3.7/site-packages/airflow/example_dags/example_skip_dag.py
[2022-09-03 02:30:12,250] {processor.py:651} INFO - DAG(s) dict_keys(['example_skip_dag']) retrieved from /home/airflow/.local/lib/python3.7/site-packages/airflow/example_dags/example_skip_dag.py
[2022-09-03 02:30:13,176] {logging_mixin.py:115} INFO - [2022-09-03 02:30:13,173] {dag.py:2420} INFO - Sync 1 DAGs
[2022-09-03 02:30:13,435] {logging_mixin.py:115} INFO - [2022-09-03 02:30:13,419] {dag.py:2972} INFO - Setting next_dagrun for example_skip_dag to 2022-09-02T02:30:13.418063+00:00, run_after=2022-09-03T02:30:13.418063+00:00
[2022-09-03 02:30:13,679] {processor.py:161} INFO - Processing /home/airflow/.local/lib/python3.7/site-packages/airflow/example_dags/example_skip_dag.py took 1.814 seconds
[2022-09-03 02:30:55,393] {processor.py:153} INFO - Started process (PID=3765) to work on /home/airflow/.local/lib/python3.7/site-packages/airflow/example_dags/example_skip_dag.py
[2022-09-03 02:30:55,407] {processor.py:641} INFO - Processing file /home/airflow/.local/lib/python3.7/site-packages/airflow/example_dags/example_skip_dag.py for tasks to queue
[2022-09-03 02:30:55,430] {logging_mixin.py:115} INFO - [2022-09-03 02:30:55,430] {dagbag.py:508} INFO - Filling up the DagBag from /home/airflow/.local/lib/python3.7/site-packages/airflow/example_dags/example_skip_dag.py
[2022-09-03 02:30:55,476] {processor.py:651} INFO - DAG(s) dict_keys(['example_skip_dag']) retrieved from /home/airflow/.local/lib/python3.7/site-packages/airflow/example_dags/example_skip_dag.py
[2022-09-03 02:30:56,039] {logging_mixin.py:115} INFO - [2022-09-03 02:30:56,038] {dag.py:2420} INFO - Sync 1 DAGs
[2022-09-03 02:30:56,388] {logging_mixin.py:115} INFO - [2022-09-03 02:30:56,387] {dag.py:2972} INFO - Setting next_dagrun for example_skip_dag to 2022-09-02T02:30:56.386194+00:00, run_after=2022-09-03T02:30:56.386194+00:00
[2022-09-03 02:30:56,558] {processor.py:161} INFO - Processing /home/airflow/.local/lib/python3.7/site-packages/airflow/example_dags/example_skip_dag.py took 1.202 seconds
[2022-09-03 02:41:07,528] {processor.py:153} INFO - Started process (PID=3791) to work on /home/airflow/.local/lib/python3.7/site-packages/airflow/example_dags/example_skip_dag.py
[2022-09-03 02:41:07,557] {processor.py:641} INFO - Processing file /home/airflow/.local/lib/python3.7/site-packages/airflow/example_dags/example_skip_dag.py for tasks to queue
[2022-09-03 02:41:07,585] {logging_mixin.py:115} INFO - [2022-09-03 02:41:07,584] {dagbag.py:508} INFO - Filling up the DagBag from /home/airflow/.local/lib/python3.7/site-packages/airflow/example_dags/example_skip_dag.py
[2022-09-03 02:41:07,772] {processor.py:651} INFO - DAG(s) dict_keys(['example_skip_dag']) retrieved from /home/airflow/.local/lib/python3.7/site-packages/airflow/example_dags/example_skip_dag.py
[2022-09-03 02:41:08,433] {logging_mixin.py:115} INFO - [2022-09-03 02:41:08,433] {dag.py:2420} INFO - Sync 1 DAGs
[2022-09-03 02:41:09,115] {logging_mixin.py:115} INFO - [2022-09-03 02:41:09,114] {dag.py:2972} INFO - Setting next_dagrun for example_skip_dag to 2022-09-02T02:41:09.113674+00:00, run_after=2022-09-03T02:41:09.113674+00:00
[2022-09-03 02:41:09,342] {processor.py:161} INFO - Processing /home/airflow/.local/lib/python3.7/site-packages/airflow/example_dags/example_skip_dag.py took 1.920 seconds
[2022-09-03 02:51:28,682] {processor.py:153} INFO - Started process (PID=3844) to work on /home/airflow/.local/lib/python3.7/site-packages/airflow/example_dags/example_skip_dag.py
[2022-09-03 02:51:28,695] {processor.py:641} INFO - Processing file /home/airflow/.local/lib/python3.7/site-packages/airflow/example_dags/example_skip_dag.py for tasks to queue
[2022-09-03 02:51:28,712] {logging_mixin.py:115} INFO - [2022-09-03 02:51:28,711] {dagbag.py:508} INFO - Filling up the DagBag from /home/airflow/.local/lib/python3.7/site-packages/airflow/example_dags/example_skip_dag.py
[2022-09-03 02:51:28,813] {processor.py:651} INFO - DAG(s) dict_keys(['example_skip_dag']) retrieved from /home/airflow/.local/lib/python3.7/site-packages/airflow/example_dags/example_skip_dag.py
[2022-09-03 02:51:29,398] {logging_mixin.py:115} INFO - [2022-09-03 02:51:29,398] {dag.py:2420} INFO - Sync 1 DAGs
[2022-09-03 02:51:29,792] {logging_mixin.py:115} INFO - [2022-09-03 02:51:29,791] {dag.py:2972} INFO - Setting next_dagrun for example_skip_dag to 2022-09-02T02:51:29.790256+00:00, run_after=2022-09-03T02:51:29.790256+00:00
[2022-09-03 02:51:29,936] {processor.py:161} INFO - Processing /home/airflow/.local/lib/python3.7/site-packages/airflow/example_dags/example_skip_dag.py took 1.314 seconds
[2022-09-03 02:58:32,819] {processor.py:153} INFO - Started process (PID=3891) to work on /home/airflow/.local/lib/python3.7/site-packages/airflow/example_dags/example_skip_dag.py
[2022-09-03 02:58:32,849] {processor.py:641} INFO - Processing file /home/airflow/.local/lib/python3.7/site-packages/airflow/example_dags/example_skip_dag.py for tasks to queue
[2022-09-03 02:58:32,856] {logging_mixin.py:115} INFO - [2022-09-03 02:58:32,856] {dagbag.py:508} INFO - Filling up the DagBag from /home/airflow/.local/lib/python3.7/site-packages/airflow/example_dags/example_skip_dag.py
[2022-09-03 02:58:32,972] {processor.py:651} INFO - DAG(s) dict_keys(['example_skip_dag']) retrieved from /home/airflow/.local/lib/python3.7/site-packages/airflow/example_dags/example_skip_dag.py
[2022-09-03 02:58:33,725] {logging_mixin.py:115} INFO - [2022-09-03 02:58:33,724] {dag.py:2420} INFO - Sync 1 DAGs
[2022-09-03 02:58:34,427] {logging_mixin.py:115} INFO - [2022-09-03 02:58:34,419] {dag.py:2972} INFO - Setting next_dagrun for example_skip_dag to 2022-09-02T02:58:34.416960+00:00, run_after=2022-09-03T02:58:34.416960+00:00
[2022-09-03 02:58:34,741] {processor.py:161} INFO - Processing /home/airflow/.local/lib/python3.7/site-packages/airflow/example_dags/example_skip_dag.py took 2.021 seconds
[2022-09-03 03:05:46,159] {processor.py:153} INFO - Started process (PID=3953) to work on /home/airflow/.local/lib/python3.7/site-packages/airflow/example_dags/example_skip_dag.py
[2022-09-03 03:05:46,179] {processor.py:641} INFO - Processing file /home/airflow/.local/lib/python3.7/site-packages/airflow/example_dags/example_skip_dag.py for tasks to queue
[2022-09-03 03:05:46,188] {logging_mixin.py:115} INFO - [2022-09-03 03:05:46,188] {dagbag.py:508} INFO - Filling up the DagBag from /home/airflow/.local/lib/python3.7/site-packages/airflow/example_dags/example_skip_dag.py
[2022-09-03 03:05:46,353] {processor.py:651} INFO - DAG(s) dict_keys(['example_skip_dag']) retrieved from /home/airflow/.local/lib/python3.7/site-packages/airflow/example_dags/example_skip_dag.py
[2022-09-03 03:05:47,370] {logging_mixin.py:115} INFO - [2022-09-03 03:05:47,369] {dag.py:2420} INFO - Sync 1 DAGs
[2022-09-03 03:05:47,963] {logging_mixin.py:115} INFO - [2022-09-03 03:05:47,962] {dag.py:2972} INFO - Setting next_dagrun for example_skip_dag to 2022-09-02T03:05:47.945465+00:00, run_after=2022-09-03T03:05:47.945465+00:00
[2022-09-03 03:05:48,296] {processor.py:161} INFO - Processing /home/airflow/.local/lib/python3.7/site-packages/airflow/example_dags/example_skip_dag.py took 2.232 seconds
[2022-09-03 05:06:28,582] {processor.py:153} INFO - Started process (PID=4017) to work on /home/airflow/.local/lib/python3.7/site-packages/airflow/example_dags/example_skip_dag.py
[2022-09-03 05:06:28,610] {processor.py:641} INFO - Processing file /home/airflow/.local/lib/python3.7/site-packages/airflow/example_dags/example_skip_dag.py for tasks to queue
[2022-09-03 05:06:28,636] {logging_mixin.py:115} INFO - [2022-09-03 05:06:28,635] {dagbag.py:508} INFO - Filling up the DagBag from /home/airflow/.local/lib/python3.7/site-packages/airflow/example_dags/example_skip_dag.py
[2022-09-03 05:06:28,821] {processor.py:651} INFO - DAG(s) dict_keys(['example_skip_dag']) retrieved from /home/airflow/.local/lib/python3.7/site-packages/airflow/example_dags/example_skip_dag.py
[2022-09-03 05:06:30,947] {logging_mixin.py:115} INFO - [2022-09-03 05:06:30,947] {dag.py:2420} INFO - Sync 1 DAGs
[2022-09-03 05:06:31,776] {logging_mixin.py:115} INFO - [2022-09-03 05:06:31,775] {dag.py:2972} INFO - Setting next_dagrun for example_skip_dag to 2022-09-02T05:06:31.775450+00:00, run_after=2022-09-03T05:06:31.775450+00:00
[2022-09-03 05:06:31,885] {processor.py:161} INFO - Processing /home/airflow/.local/lib/python3.7/site-packages/airflow/example_dags/example_skip_dag.py took 3.378 seconds
[2022-09-03 05:52:16,230] {processor.py:153} INFO - Started process (PID=4066) to work on /home/airflow/.local/lib/python3.7/site-packages/airflow/example_dags/example_skip_dag.py
[2022-09-03 05:52:16,302] {processor.py:641} INFO - Processing file /home/airflow/.local/lib/python3.7/site-packages/airflow/example_dags/example_skip_dag.py for tasks to queue
[2022-09-03 05:52:16,338] {logging_mixin.py:115} INFO - [2022-09-03 05:52:16,333] {dagbag.py:508} INFO - Filling up the DagBag from /home/airflow/.local/lib/python3.7/site-packages/airflow/example_dags/example_skip_dag.py
[2022-09-03 05:52:16,894] {processor.py:651} INFO - DAG(s) dict_keys(['example_skip_dag']) retrieved from /home/airflow/.local/lib/python3.7/site-packages/airflow/example_dags/example_skip_dag.py
[2022-09-03 05:52:18,559] {logging_mixin.py:115} INFO - [2022-09-03 05:52:18,559] {dag.py:2420} INFO - Sync 1 DAGs
[2022-09-03 05:52:20,089] {logging_mixin.py:115} INFO - [2022-09-03 05:52:20,088] {dag.py:2972} INFO - Setting next_dagrun for example_skip_dag to 2022-09-02T05:52:20.003446+00:00, run_after=2022-09-03T05:52:20.003446+00:00
[2022-09-03 05:52:21,435] {processor.py:161} INFO - Processing /home/airflow/.local/lib/python3.7/site-packages/airflow/example_dags/example_skip_dag.py took 5.635 seconds
