[2022-08-24 19:22:46,076] {taskinstance.py:1179} INFO - Dependencies all met for <TaskInstance: dynamically_branching1.check_table_exist scheduled__2022-06-08T00:00:00+00:00 [queued]>
[2022-08-24 19:22:46,150] {taskinstance.py:1179} INFO - Dependencies all met for <TaskInstance: dynamically_branching1.check_table_exist scheduled__2022-06-08T00:00:00+00:00 [queued]>
[2022-08-24 19:22:46,154] {taskinstance.py:1376} INFO - 
--------------------------------------------------------------------------------
[2022-08-24 19:22:46,158] {taskinstance.py:1377} INFO - Starting attempt 1 of 1
[2022-08-24 19:22:46,159] {taskinstance.py:1378} INFO - 
--------------------------------------------------------------------------------
[2022-08-24 19:22:46,231] {taskinstance.py:1397} INFO - Executing <Task(BranchPythonOperator): check_table_exist> on 2022-06-08 00:00:00+00:00
[2022-08-24 19:22:46,257] {standard_task_runner.py:52} INFO - Started process 11371 to run task
[2022-08-24 19:22:46,268] {standard_task_runner.py:79} INFO - Running: ['***', 'tasks', 'run', 'dynamically_branching1', 'check_table_exist', 'scheduled__2022-06-08T00:00:00+00:00', '--job-id', '3104', '--raw', '--subdir', 'DAGS_FOLDER/jobs_dag.py', '--cfg-path', '/tmp/tmpnykof28k', '--error-file', '/tmp/tmpg9kl34sd']
[2022-08-24 19:22:46,282] {standard_task_runner.py:80} INFO - Job 3104: Subtask check_table_exist
[2022-08-24 19:22:46,546] {task_command.py:371} INFO - Running <TaskInstance: dynamically_branching1.check_table_exist scheduled__2022-06-08T00:00:00+00:00 [running]> on host 9d5d2a77e6ba
[2022-08-24 19:22:46,872] {taskinstance.py:1591} INFO - Exporting the following env vars:
AIRFLOW_CTX_DAG_OWNER=***
AIRFLOW_CTX_DAG_ID=dynamically_branching1
AIRFLOW_CTX_TASK_ID=check_table_exist
AIRFLOW_CTX_EXECUTION_DATE=2022-06-08T00:00:00+00:00
AIRFLOW_CTX_TRY_NUMBER=1
AIRFLOW_CTX_DAG_RUN_ID=scheduled__2022-06-08T00:00:00+00:00
[2022-08-24 19:22:46,876] {python.py:173} INFO - Done. Returned value was: insert_row
[2022-08-24 19:22:46,878] {skipmixin.py:140} INFO - Following branch insert_row
[2022-08-24 19:22:46,879] {skipmixin.py:175} INFO - Skipping tasks ['create_table']
[2022-08-24 19:22:47,019] {taskinstance.py:1420} INFO - Marking task as SUCCESS. dag_id=dynamically_branching1, task_id=check_table_exist, execution_date=20220608T000000, start_date=20220824T192246, end_date=20220824T192247
[2022-08-24 19:22:47,077] {local_task_job.py:156} INFO - Task exited with return code 0
[2022-08-24 19:22:47,165] {local_task_job.py:273} INFO - 1 downstream tasks scheduled from follow-on schedule check
