[2022-08-22 20:01:02,823] {taskinstance.py:1179} INFO - Dependencies all met for <TaskInstance: dynamically_branching1.Process_Start scheduled__2018-10-13T00:00:00+00:00 [queued]>
[2022-08-22 20:01:02,861] {taskinstance.py:1179} INFO - Dependencies all met for <TaskInstance: dynamically_branching1.Process_Start scheduled__2018-10-13T00:00:00+00:00 [queued]>
[2022-08-22 20:01:02,866] {taskinstance.py:1376} INFO - 
--------------------------------------------------------------------------------
[2022-08-22 20:01:02,867] {taskinstance.py:1377} INFO - Starting attempt 1 of 1
[2022-08-22 20:01:02,870] {taskinstance.py:1378} INFO - 
--------------------------------------------------------------------------------
[2022-08-22 20:01:03,126] {taskinstance.py:1397} INFO - Executing <Task(PythonOperator): Process_Start> on 2018-10-13 00:00:00+00:00
[2022-08-22 20:01:03,273] {standard_task_runner.py:52} INFO - Started process 34495 to run task
[2022-08-22 20:01:03,264] {standard_task_runner.py:79} INFO - Running: ['***', 'tasks', 'run', 'dynamically_branching1', 'Process_Start', 'scheduled__2018-10-13T00:00:00+00:00', '--job-id', '688', '--raw', '--subdir', 'DAGS_FOLDER/jobs_dag.py', '--cfg-path', '/tmp/tmp3fbmyx18', '--error-file', '/tmp/tmpvcost22r']
[2022-08-22 20:01:03,277] {standard_task_runner.py:80} INFO - Job 688: Subtask Process_Start
[2022-08-22 20:01:03,897] {task_command.py:371} INFO - Running <TaskInstance: dynamically_branching1.Process_Start scheduled__2018-10-13T00:00:00+00:00 [running]> on host 9d5d2a77e6ba
[2022-08-22 20:01:05,236] {taskinstance.py:1591} INFO - Exporting the following env vars:
AIRFLOW_CTX_DAG_OWNER=***
AIRFLOW_CTX_DAG_ID=dynamically_branching1
AIRFLOW_CTX_TASK_ID=Process_Start
AIRFLOW_CTX_EXECUTION_DATE=2018-10-13T00:00:00+00:00
AIRFLOW_CTX_TRY_NUMBER=1
AIRFLOW_CTX_DAG_RUN_ID=scheduled__2018-10-13T00:00:00+00:00
[2022-08-22 20:01:05,252] {jobs_dag.py:30} INFO - Process Start!
[2022-08-22 20:01:05,255] {logging_mixin.py:115} INFO - This is DAG: 1
[2022-08-22 20:01:05,261] {python.py:173} INFO - Done. Returned value was: None
[2022-08-22 20:01:05,336] {taskinstance.py:1420} INFO - Marking task as SUCCESS. dag_id=dynamically_branching1, task_id=Process_Start, execution_date=20181013T000000, start_date=20220822T200102, end_date=20220822T200105
[2022-08-22 20:01:05,532] {local_task_job.py:156} INFO - Task exited with return code 0
[2022-08-22 20:01:05,930] {local_task_job.py:273} INFO - 1 downstream tasks scheduled from follow-on schedule check
