[2022-08-24 19:06:27,375] {taskinstance.py:1179} INFO - Dependencies all met for <TaskInstance: dynamically_branching1.check_table_exist scheduled__2020-04-10T00:00:00+00:00 [queued]>
[2022-08-24 19:06:27,424] {taskinstance.py:1179} INFO - Dependencies all met for <TaskInstance: dynamically_branching1.check_table_exist scheduled__2020-04-10T00:00:00+00:00 [queued]>
[2022-08-24 19:06:27,429] {taskinstance.py:1376} INFO - 
--------------------------------------------------------------------------------
[2022-08-24 19:06:27,432] {taskinstance.py:1377} INFO - Starting attempt 1 of 1
[2022-08-24 19:06:27,432] {taskinstance.py:1378} INFO - 
--------------------------------------------------------------------------------
[2022-08-24 19:06:27,473] {taskinstance.py:1397} INFO - Executing <Task(BranchPythonOperator): check_table_exist> on 2020-04-10 00:00:00+00:00
[2022-08-24 19:06:27,480] {standard_task_runner.py:52} INFO - Started process 6267 to run task
[2022-08-24 19:06:27,503] {standard_task_runner.py:79} INFO - Running: ['***', 'tasks', 'run', 'dynamically_branching1', 'check_table_exist', 'scheduled__2020-04-10T00:00:00+00:00', '--job-id', '1528', '--raw', '--subdir', 'DAGS_FOLDER/jobs_dag.py', '--cfg-path', '/tmp/tmp620bj6_m', '--error-file', '/tmp/tmp0ei07ts9']
[2022-08-24 19:06:27,508] {standard_task_runner.py:80} INFO - Job 1528: Subtask check_table_exist
[2022-08-24 19:06:27,736] {task_command.py:371} INFO - Running <TaskInstance: dynamically_branching1.check_table_exist scheduled__2020-04-10T00:00:00+00:00 [running]> on host 9d5d2a77e6ba
[2022-08-24 19:06:27,991] {taskinstance.py:1591} INFO - Exporting the following env vars:
AIRFLOW_CTX_DAG_OWNER=***
AIRFLOW_CTX_DAG_ID=dynamically_branching1
AIRFLOW_CTX_TASK_ID=check_table_exist
AIRFLOW_CTX_EXECUTION_DATE=2020-04-10T00:00:00+00:00
AIRFLOW_CTX_TRY_NUMBER=1
AIRFLOW_CTX_DAG_RUN_ID=scheduled__2020-04-10T00:00:00+00:00
[2022-08-24 19:06:27,994] {python.py:173} INFO - Done. Returned value was: insert_row
[2022-08-24 19:06:27,995] {skipmixin.py:140} INFO - Following branch insert_row
[2022-08-24 19:06:27,996] {skipmixin.py:175} INFO - Skipping tasks ['create_table']
[2022-08-24 19:06:28,113] {taskinstance.py:1420} INFO - Marking task as SUCCESS. dag_id=dynamically_branching1, task_id=check_table_exist, execution_date=20200410T000000, start_date=20220824T190627, end_date=20220824T190628
[2022-08-24 19:06:28,208] {local_task_job.py:156} INFO - Task exited with return code 0
[2022-08-24 19:06:28,398] {local_task_job.py:273} INFO - 1 downstream tasks scheduled from follow-on schedule check
