[2022-08-24 19:12:18,401] {taskinstance.py:1179} INFO - Dependencies all met for <TaskInstance: dynamically_branching1.bash_task scheduled__2020-12-17T00:00:00+00:00 [queued]>
[2022-08-24 19:12:18,459] {taskinstance.py:1179} INFO - Dependencies all met for <TaskInstance: dynamically_branching1.bash_task scheduled__2020-12-17T00:00:00+00:00 [queued]>
[2022-08-24 19:12:18,460] {taskinstance.py:1376} INFO - 
--------------------------------------------------------------------------------
[2022-08-24 19:12:18,461] {taskinstance.py:1377} INFO - Starting attempt 1 of 1
[2022-08-24 19:12:18,462] {taskinstance.py:1378} INFO - 
--------------------------------------------------------------------------------
[2022-08-24 19:12:18,545] {taskinstance.py:1397} INFO - Executing <Task(BashOperator): bash_task> on 2020-12-17 00:00:00+00:00
[2022-08-24 19:12:18,570] {standard_task_runner.py:52} INFO - Started process 7837 to run task
[2022-08-24 19:12:18,605] {standard_task_runner.py:79} INFO - Running: ['***', 'tasks', 'run', 'dynamically_branching1', 'bash_task', 'scheduled__2020-12-17T00:00:00+00:00', '--job-id', '2023', '--raw', '--subdir', 'DAGS_FOLDER/jobs_dag.py', '--cfg-path', '/tmp/tmpxpt69oc5', '--error-file', '/tmp/tmpmqegajpz']
[2022-08-24 19:12:18,606] {standard_task_runner.py:80} INFO - Job 2023: Subtask bash_task
[2022-08-24 19:12:19,008] {task_command.py:371} INFO - Running <TaskInstance: dynamically_branching1.bash_task scheduled__2020-12-17T00:00:00+00:00 [running]> on host 9d5d2a77e6ba
[2022-08-24 19:12:19,510] {taskinstance.py:1591} INFO - Exporting the following env vars:
AIRFLOW_CTX_DAG_OWNER=***
AIRFLOW_CTX_DAG_ID=dynamically_branching1
AIRFLOW_CTX_TASK_ID=bash_task
AIRFLOW_CTX_EXECUTION_DATE=2020-12-17T00:00:00+00:00
AIRFLOW_CTX_TRY_NUMBER=1
AIRFLOW_CTX_DAG_RUN_ID=scheduled__2020-12-17T00:00:00+00:00
[2022-08-24 19:12:19,519] {subprocess.py:62} INFO - Tmp dir root location: 
 /tmp
[2022-08-24 19:12:19,522] {subprocess.py:74} INFO - Running command: ['bash', '-c', 'echo $(whoami)']
[2022-08-24 19:12:19,711] {subprocess.py:85} INFO - Output:
[2022-08-24 19:12:19,735] {subprocess.py:92} INFO - default
[2022-08-24 19:12:19,736] {subprocess.py:96} INFO - Command exited with return code 0
[2022-08-24 19:12:19,873] {taskinstance.py:1420} INFO - Marking task as SUCCESS. dag_id=dynamically_branching1, task_id=bash_task, execution_date=20201217T000000, start_date=20220824T191218, end_date=20220824T191219
[2022-08-24 19:12:19,942] {local_task_job.py:156} INFO - Task exited with return code 0
[2022-08-24 19:12:20,386] {local_task_job.py:273} INFO - 0 downstream tasks scheduled from follow-on schedule check
