[2022-08-24 19:06:25,143] {taskinstance.py:1179} INFO - Dependencies all met for <TaskInstance: dynamically_branching1.bash_task scheduled__2020-04-14T00:00:00+00:00 [queued]>
[2022-08-24 19:06:25,178] {taskinstance.py:1179} INFO - Dependencies all met for <TaskInstance: dynamically_branching1.bash_task scheduled__2020-04-14T00:00:00+00:00 [queued]>
[2022-08-24 19:06:25,179] {taskinstance.py:1376} INFO - 
--------------------------------------------------------------------------------
[2022-08-24 19:06:25,184] {taskinstance.py:1377} INFO - Starting attempt 1 of 1
[2022-08-24 19:06:25,187] {taskinstance.py:1378} INFO - 
--------------------------------------------------------------------------------
[2022-08-24 19:06:25,242] {taskinstance.py:1397} INFO - Executing <Task(BashOperator): bash_task> on 2020-04-14 00:00:00+00:00
[2022-08-24 19:06:25,271] {standard_task_runner.py:52} INFO - Started process 6253 to run task
[2022-08-24 19:06:25,331] {standard_task_runner.py:79} INFO - Running: ['***', 'tasks', 'run', 'dynamically_branching1', 'bash_task', 'scheduled__2020-04-14T00:00:00+00:00', '--job-id', '1525', '--raw', '--subdir', 'DAGS_FOLDER/jobs_dag.py', '--cfg-path', '/tmp/tmpm0bbq16a', '--error-file', '/tmp/tmphc1j3z5y']
[2022-08-24 19:06:25,335] {standard_task_runner.py:80} INFO - Job 1525: Subtask bash_task
[2022-08-24 19:06:25,571] {task_command.py:371} INFO - Running <TaskInstance: dynamically_branching1.bash_task scheduled__2020-04-14T00:00:00+00:00 [running]> on host 9d5d2a77e6ba
[2022-08-24 19:06:25,953] {taskinstance.py:1591} INFO - Exporting the following env vars:
AIRFLOW_CTX_DAG_OWNER=***
AIRFLOW_CTX_DAG_ID=dynamically_branching1
AIRFLOW_CTX_TASK_ID=bash_task
AIRFLOW_CTX_EXECUTION_DATE=2020-04-14T00:00:00+00:00
AIRFLOW_CTX_TRY_NUMBER=1
AIRFLOW_CTX_DAG_RUN_ID=scheduled__2020-04-14T00:00:00+00:00
[2022-08-24 19:06:25,959] {subprocess.py:62} INFO - Tmp dir root location: 
 /tmp
[2022-08-24 19:06:25,962] {subprocess.py:74} INFO - Running command: ['bash', '-c', 'whoami']
[2022-08-24 19:06:26,058] {subprocess.py:85} INFO - Output:
[2022-08-24 19:06:26,098] {subprocess.py:92} INFO - default
[2022-08-24 19:06:26,104] {subprocess.py:96} INFO - Command exited with return code 0
[2022-08-24 19:06:26,232] {taskinstance.py:1420} INFO - Marking task as SUCCESS. dag_id=dynamically_branching1, task_id=bash_task, execution_date=20200414T000000, start_date=20220824T190625, end_date=20220824T190626
[2022-08-24 19:06:26,313] {local_task_job.py:156} INFO - Task exited with return code 0
[2022-08-24 19:06:26,513] {local_task_job.py:273} INFO - 1 downstream tasks scheduled from follow-on schedule check
