[2022-08-24 19:15:42,070] {taskinstance.py:1179} INFO - Dependencies all met for <TaskInstance: dynamically_branching1.bash_task scheduled__2021-06-11T00:00:00+00:00 [queued]>
[2022-08-24 19:15:42,097] {taskinstance.py:1179} INFO - Dependencies all met for <TaskInstance: dynamically_branching1.bash_task scheduled__2021-06-11T00:00:00+00:00 [queued]>
[2022-08-24 19:15:42,102] {taskinstance.py:1376} INFO - 
--------------------------------------------------------------------------------
[2022-08-24 19:15:42,103] {taskinstance.py:1377} INFO - Starting attempt 1 of 1
[2022-08-24 19:15:42,107] {taskinstance.py:1378} INFO - 
--------------------------------------------------------------------------------
[2022-08-24 19:15:42,150] {taskinstance.py:1397} INFO - Executing <Task(BashOperator): bash_task> on 2021-06-11 00:00:00+00:00
[2022-08-24 19:15:42,172] {standard_task_runner.py:52} INFO - Started process 8986 to run task
[2022-08-24 19:15:42,205] {standard_task_runner.py:79} INFO - Running: ['***', 'tasks', 'run', 'dynamically_branching1', 'bash_task', 'scheduled__2021-06-11T00:00:00+00:00', '--job-id', '2376', '--raw', '--subdir', 'DAGS_FOLDER/jobs_dag.py', '--cfg-path', '/tmp/tmpnoojnwry', '--error-file', '/tmp/tmp4fnaryg8']
[2022-08-24 19:15:42,208] {standard_task_runner.py:80} INFO - Job 2376: Subtask bash_task
[2022-08-24 19:15:42,448] {task_command.py:371} INFO - Running <TaskInstance: dynamically_branching1.bash_task scheduled__2021-06-11T00:00:00+00:00 [running]> on host 9d5d2a77e6ba
[2022-08-24 19:15:42,763] {taskinstance.py:1591} INFO - Exporting the following env vars:
AIRFLOW_CTX_DAG_OWNER=***
AIRFLOW_CTX_DAG_ID=dynamically_branching1
AIRFLOW_CTX_TASK_ID=bash_task
AIRFLOW_CTX_EXECUTION_DATE=2021-06-11T00:00:00+00:00
AIRFLOW_CTX_TRY_NUMBER=1
AIRFLOW_CTX_DAG_RUN_ID=scheduled__2021-06-11T00:00:00+00:00
[2022-08-24 19:15:42,771] {subprocess.py:62} INFO - Tmp dir root location: 
 /tmp
[2022-08-24 19:15:42,773] {subprocess.py:74} INFO - Running command: ['bash', '-c', 'echo $(whoami)']
[2022-08-24 19:15:42,799] {subprocess.py:85} INFO - Output:
[2022-08-24 19:15:42,807] {subprocess.py:92} INFO - default
[2022-08-24 19:15:42,809] {subprocess.py:96} INFO - Command exited with return code 0
[2022-08-24 19:15:42,954] {taskinstance.py:1420} INFO - Marking task as SUCCESS. dag_id=dynamically_branching1, task_id=bash_task, execution_date=20210611T000000, start_date=20220824T191542, end_date=20220824T191542
[2022-08-24 19:15:43,044] {local_task_job.py:156} INFO - Task exited with return code 0
[2022-08-24 19:15:43,270] {local_task_job.py:273} INFO - 1 downstream tasks scheduled from follow-on schedule check
