[2022-08-24 19:15:26,781] {taskinstance.py:1179} INFO - Dependencies all met for <TaskInstance: dynamically_branching1.bash_task scheduled__2021-05-30T00:00:00+00:00 [queued]>
[2022-08-24 19:15:26,914] {taskinstance.py:1179} INFO - Dependencies all met for <TaskInstance: dynamically_branching1.bash_task scheduled__2021-05-30T00:00:00+00:00 [queued]>
[2022-08-24 19:15:26,915] {taskinstance.py:1376} INFO - 
--------------------------------------------------------------------------------
[2022-08-24 19:15:26,916] {taskinstance.py:1377} INFO - Starting attempt 1 of 1
[2022-08-24 19:15:26,917] {taskinstance.py:1378} INFO - 
--------------------------------------------------------------------------------
[2022-08-24 19:15:27,046] {taskinstance.py:1397} INFO - Executing <Task(BashOperator): bash_task> on 2021-05-30 00:00:00+00:00
[2022-08-24 19:15:27,091] {standard_task_runner.py:52} INFO - Started process 8905 to run task
[2022-08-24 19:15:27,124] {standard_task_runner.py:79} INFO - Running: ['***', 'tasks', 'run', 'dynamically_branching1', 'bash_task', 'scheduled__2021-05-30T00:00:00+00:00', '--job-id', '2349', '--raw', '--subdir', 'DAGS_FOLDER/jobs_dag.py', '--cfg-path', '/tmp/tmp4mcwl808', '--error-file', '/tmp/tmplxvdsy6q']
[2022-08-24 19:15:27,130] {standard_task_runner.py:80} INFO - Job 2349: Subtask bash_task
[2022-08-24 19:15:27,412] {task_command.py:371} INFO - Running <TaskInstance: dynamically_branching1.bash_task scheduled__2021-05-30T00:00:00+00:00 [running]> on host 9d5d2a77e6ba
[2022-08-24 19:15:27,999] {taskinstance.py:1591} INFO - Exporting the following env vars:
AIRFLOW_CTX_DAG_OWNER=***
AIRFLOW_CTX_DAG_ID=dynamically_branching1
AIRFLOW_CTX_TASK_ID=bash_task
AIRFLOW_CTX_EXECUTION_DATE=2021-05-30T00:00:00+00:00
AIRFLOW_CTX_TRY_NUMBER=1
AIRFLOW_CTX_DAG_RUN_ID=scheduled__2021-05-30T00:00:00+00:00
[2022-08-24 19:15:28,002] {subprocess.py:62} INFO - Tmp dir root location: 
 /tmp
[2022-08-24 19:15:28,031] {subprocess.py:74} INFO - Running command: ['bash', '-c', 'echo $(whoami)']
[2022-08-24 19:15:28,153] {subprocess.py:85} INFO - Output:
[2022-08-24 19:15:28,189] {subprocess.py:92} INFO - default
[2022-08-24 19:15:28,190] {subprocess.py:96} INFO - Command exited with return code 0
[2022-08-24 19:15:28,545] {taskinstance.py:1420} INFO - Marking task as SUCCESS. dag_id=dynamically_branching1, task_id=bash_task, execution_date=20210530T000000, start_date=20220824T191526, end_date=20220824T191528
[2022-08-24 19:15:28,716] {local_task_job.py:156} INFO - Task exited with return code 0
[2022-08-24 19:15:28,915] {local_task_job.py:273} INFO - 1 downstream tasks scheduled from follow-on schedule check
