[2022-09-01 19:37:25,823] {taskinstance.py:1179} INFO - Dependencies all met for <TaskInstance: dynamically_branching1.query_table manual__2022-09-01T19:27:48.476137+00:00 [queued]>
[2022-09-01 19:37:25,854] {taskinstance.py:1179} INFO - Dependencies all met for <TaskInstance: dynamically_branching1.query_table manual__2022-09-01T19:27:48.476137+00:00 [queued]>
[2022-09-01 19:37:25,855] {taskinstance.py:1376} INFO - 
--------------------------------------------------------------------------------
[2022-09-01 19:37:25,857] {taskinstance.py:1377} INFO - Starting attempt 1 of 1
[2022-09-01 19:37:25,858] {taskinstance.py:1378} INFO - 
--------------------------------------------------------------------------------
[2022-09-01 19:37:25,929] {taskinstance.py:1397} INFO - Executing <Task(PythonOperator): query_table> on 2022-09-01 19:27:48.476137+00:00
[2022-09-01 19:37:25,962] {standard_task_runner.py:52} INFO - Started process 91124 to run task
[2022-09-01 19:37:26,007] {standard_task_runner.py:79} INFO - Running: ['***', 'tasks', 'run', 'dynamically_branching1', 'query_table', 'manual__2022-09-01T19:27:48.476137+00:00', '--job-id', '3603', '--raw', '--subdir', 'DAGS_FOLDER/jobs_dag.py', '--cfg-path', '/tmp/tmp0k_8bits', '--error-file', '/tmp/tmpjlbaa7hc']
[2022-09-01 19:37:26,020] {standard_task_runner.py:80} INFO - Job 3603: Subtask query_table
[2022-09-01 19:37:26,659] {task_command.py:371} INFO - Running <TaskInstance: dynamically_branching1.query_table manual__2022-09-01T19:27:48.476137+00:00 [running]> on host 9d5d2a77e6ba
[2022-09-01 19:37:27,217] {taskinstance.py:1591} INFO - Exporting the following env vars:
AIRFLOW_CTX_DAG_OWNER=***
AIRFLOW_CTX_DAG_ID=dynamically_branching1
AIRFLOW_CTX_TASK_ID=query_table
AIRFLOW_CTX_EXECUTION_DATE=2022-09-01T19:27:48.476137+00:00
AIRFLOW_CTX_TRY_NUMBER=1
AIRFLOW_CTX_DAG_RUN_ID=manual__2022-09-01T19:27:48.476137+00:00
[2022-09-01 19:37:27,270] {python.py:173} INFO - Done. Returned value was: None
[2022-09-01 19:37:27,359] {taskinstance.py:1420} INFO - Marking task as SUCCESS. dag_id=dynamically_branching1, task_id=query_table, execution_date=20220901T192748, start_date=20220901T193725, end_date=20220901T193727
[2022-09-01 19:37:27,439] {local_task_job.py:156} INFO - Task exited with return code 0
[2022-09-01 19:37:27,523] {local_task_job.py:273} INFO - 0 downstream tasks scheduled from follow-on schedule check
