[2022-08-24 19:18:45,602] {taskinstance.py:1179} INFO - Dependencies all met for <TaskInstance: dynamically_branching1.bash_task scheduled__2021-11-11T00:00:00+00:00 [queued]>
[2022-08-24 19:18:45,640] {taskinstance.py:1179} INFO - Dependencies all met for <TaskInstance: dynamically_branching1.bash_task scheduled__2021-11-11T00:00:00+00:00 [queued]>
[2022-08-24 19:18:45,641] {taskinstance.py:1376} INFO - 
--------------------------------------------------------------------------------
[2022-08-24 19:18:45,642] {taskinstance.py:1377} INFO - Starting attempt 1 of 1
[2022-08-24 19:18:45,643] {taskinstance.py:1378} INFO - 
--------------------------------------------------------------------------------
[2022-08-24 19:18:45,696] {taskinstance.py:1397} INFO - Executing <Task(BashOperator): bash_task> on 2021-11-11 00:00:00+00:00
[2022-08-24 19:18:45,717] {standard_task_runner.py:52} INFO - Started process 9997 to run task
[2022-08-24 19:18:45,740] {standard_task_runner.py:79} INFO - Running: ['***', 'tasks', 'run', 'dynamically_branching1', 'bash_task', 'scheduled__2021-11-11T00:00:00+00:00', '--job-id', '2684', '--raw', '--subdir', 'DAGS_FOLDER/jobs_dag.py', '--cfg-path', '/tmp/tmp4qkt9um0', '--error-file', '/tmp/tmp2saxvdcq']
[2022-08-24 19:18:45,742] {standard_task_runner.py:80} INFO - Job 2684: Subtask bash_task
[2022-08-24 19:18:45,912] {task_command.py:371} INFO - Running <TaskInstance: dynamically_branching1.bash_task scheduled__2021-11-11T00:00:00+00:00 [running]> on host 9d5d2a77e6ba
[2022-08-24 19:18:46,258] {taskinstance.py:1591} INFO - Exporting the following env vars:
AIRFLOW_CTX_DAG_OWNER=***
AIRFLOW_CTX_DAG_ID=dynamically_branching1
AIRFLOW_CTX_TASK_ID=bash_task
AIRFLOW_CTX_EXECUTION_DATE=2021-11-11T00:00:00+00:00
AIRFLOW_CTX_TRY_NUMBER=1
AIRFLOW_CTX_DAG_RUN_ID=scheduled__2021-11-11T00:00:00+00:00
[2022-08-24 19:18:46,265] {subprocess.py:62} INFO - Tmp dir root location: 
 /tmp
[2022-08-24 19:18:46,267] {subprocess.py:74} INFO - Running command: ['bash', '-c', 'echo $(whoami)']
[2022-08-24 19:18:46,306] {subprocess.py:85} INFO - Output:
[2022-08-24 19:18:46,315] {subprocess.py:92} INFO - default
[2022-08-24 19:18:46,320] {subprocess.py:96} INFO - Command exited with return code 0
[2022-08-24 19:18:46,408] {taskinstance.py:1420} INFO - Marking task as SUCCESS. dag_id=dynamically_branching1, task_id=bash_task, execution_date=20211111T000000, start_date=20220824T191845, end_date=20220824T191846
[2022-08-24 19:18:46,459] {local_task_job.py:156} INFO - Task exited with return code 0
[2022-08-24 19:18:46,611] {local_task_job.py:273} INFO - 1 downstream tasks scheduled from follow-on schedule check
