[2022-09-08 16:31:33,587] {taskinstance.py:1179} INFO - Dependencies all met for <TaskInstance: tables_name_1.query_table manual__2022-09-08T16:31:27.850413+00:00 [queued]>
[2022-09-08 16:31:33,600] {taskinstance.py:1179} INFO - Dependencies all met for <TaskInstance: tables_name_1.query_table manual__2022-09-08T16:31:27.850413+00:00 [queued]>
[2022-09-08 16:31:33,601] {taskinstance.py:1376} INFO - 
--------------------------------------------------------------------------------
[2022-09-08 16:31:33,602] {taskinstance.py:1377} INFO - Starting attempt 1 of 1
[2022-09-08 16:31:33,603] {taskinstance.py:1378} INFO - 
--------------------------------------------------------------------------------
[2022-09-08 16:31:33,619] {taskinstance.py:1397} INFO - Executing <Task(PythonOperator): query_table> on 2022-09-08 16:31:27.850413+00:00
[2022-09-08 16:31:33,625] {standard_task_runner.py:52} INFO - Started process 2111 to run task
[2022-09-08 16:31:33,629] {standard_task_runner.py:79} INFO - Running: ['***', 'tasks', 'run', 'tables_name_1', 'query_table', 'manual__2022-09-08T16:31:27.850413+00:00', '--job-id', '4020', '--raw', '--subdir', 'DAGS_FOLDER/jobs_dag.py', '--cfg-path', '/tmp/tmpz6htl4yb', '--error-file', '/tmp/tmp8woytniq']
[2022-09-08 16:31:33,630] {standard_task_runner.py:80} INFO - Job 4020: Subtask query_table
[2022-09-08 16:31:33,713] {task_command.py:371} INFO - Running <TaskInstance: tables_name_1.query_table manual__2022-09-08T16:31:27.850413+00:00 [running]> on host 4a46d6ca03fb
[2022-09-08 16:31:33,816] {taskinstance.py:1591} INFO - Exporting the following env vars:
AIRFLOW_CTX_DAG_OWNER=***
AIRFLOW_CTX_DAG_ID=tables_name_1
AIRFLOW_CTX_TASK_ID=query_table
AIRFLOW_CTX_EXECUTION_DATE=2022-09-08T16:31:27.850413+00:00
AIRFLOW_CTX_TRY_NUMBER=1
AIRFLOW_CTX_DAG_RUN_ID=manual__2022-09-08T16:31:27.850413+00:00
[2022-09-08 16:31:33,836] {python.py:173} INFO - Done. Returned value was: None
[2022-09-08 16:31:33,855] {taskinstance.py:1420} INFO - Marking task as SUCCESS. dag_id=tables_name_1, task_id=query_table, execution_date=20220908T163127, start_date=20220908T163133, end_date=20220908T163133
[2022-09-08 16:31:33,881] {local_task_job.py:156} INFO - Task exited with return code 0
[2022-09-08 16:31:33,934] {local_task_job.py:273} INFO - 0 downstream tasks scheduled from follow-on schedule check
