[2022-08-24 19:21:29,748] {taskinstance.py:1179} INFO - Dependencies all met for <TaskInstance: dynamically_branching1.check_table_exist scheduled__2022-03-29T00:00:00+00:00 [queued]>
[2022-08-24 19:21:29,771] {taskinstance.py:1179} INFO - Dependencies all met for <TaskInstance: dynamically_branching1.check_table_exist scheduled__2022-03-29T00:00:00+00:00 [queued]>
[2022-08-24 19:21:29,774] {taskinstance.py:1376} INFO - 
--------------------------------------------------------------------------------
[2022-08-24 19:21:29,777] {taskinstance.py:1377} INFO - Starting attempt 1 of 1
[2022-08-24 19:21:29,778] {taskinstance.py:1378} INFO - 
--------------------------------------------------------------------------------
[2022-08-24 19:21:29,818] {taskinstance.py:1397} INFO - Executing <Task(BranchPythonOperator): check_table_exist> on 2022-03-29 00:00:00+00:00
[2022-08-24 19:21:29,827] {standard_task_runner.py:52} INFO - Started process 10944 to run task
[2022-08-24 19:21:29,861] {standard_task_runner.py:79} INFO - Running: ['***', 'tasks', 'run', 'dynamically_branching1', 'check_table_exist', 'scheduled__2022-03-29T00:00:00+00:00', '--job-id', '2969', '--raw', '--subdir', 'DAGS_FOLDER/jobs_dag.py', '--cfg-path', '/tmp/tmp9e2zu6fj', '--error-file', '/tmp/tmpnzxmxlxs']
[2022-08-24 19:21:29,865] {standard_task_runner.py:80} INFO - Job 2969: Subtask check_table_exist
[2022-08-24 19:21:30,251] {task_command.py:371} INFO - Running <TaskInstance: dynamically_branching1.check_table_exist scheduled__2022-03-29T00:00:00+00:00 [running]> on host 9d5d2a77e6ba
[2022-08-24 19:21:30,625] {taskinstance.py:1591} INFO - Exporting the following env vars:
AIRFLOW_CTX_DAG_OWNER=***
AIRFLOW_CTX_DAG_ID=dynamically_branching1
AIRFLOW_CTX_TASK_ID=check_table_exist
AIRFLOW_CTX_EXECUTION_DATE=2022-03-29T00:00:00+00:00
AIRFLOW_CTX_TRY_NUMBER=1
AIRFLOW_CTX_DAG_RUN_ID=scheduled__2022-03-29T00:00:00+00:00
[2022-08-24 19:21:30,634] {python.py:173} INFO - Done. Returned value was: insert_row
[2022-08-24 19:21:30,636] {skipmixin.py:140} INFO - Following branch insert_row
[2022-08-24 19:21:30,637] {skipmixin.py:175} INFO - Skipping tasks ['create_table']
[2022-08-24 19:21:30,823] {taskinstance.py:1420} INFO - Marking task as SUCCESS. dag_id=dynamically_branching1, task_id=check_table_exist, execution_date=20220329T000000, start_date=20220824T192129, end_date=20220824T192130
[2022-08-24 19:21:30,960] {local_task_job.py:156} INFO - Task exited with return code 0
[2022-08-24 19:21:31,235] {local_task_job.py:273} INFO - 1 downstream tasks scheduled from follow-on schedule check
