[2022-08-30 18:21:04,079] {taskinstance.py:1179} INFO - Dependencies all met for <TaskInstance: dynamically_branching1.check_table_exist manual__2022-08-26T19:30:44.893236+00:00 [queued]>
[2022-08-30 18:21:04,169] {taskinstance.py:1179} INFO - Dependencies all met for <TaskInstance: dynamically_branching1.check_table_exist manual__2022-08-26T19:30:44.893236+00:00 [queued]>
[2022-08-30 18:21:04,178] {taskinstance.py:1376} INFO - 
--------------------------------------------------------------------------------
[2022-08-30 18:21:04,180] {taskinstance.py:1377} INFO - Starting attempt 1 of 1
[2022-08-30 18:21:04,181] {taskinstance.py:1378} INFO - 
--------------------------------------------------------------------------------
[2022-08-30 18:21:04,331] {taskinstance.py:1397} INFO - Executing <Task(BranchPythonOperator): check_table_exist> on 2022-08-26 19:30:44.893236+00:00
[2022-08-30 18:21:04,435] {standard_task_runner.py:52} INFO - Started process 75721 to run task
[2022-08-30 18:21:04,507] {standard_task_runner.py:79} INFO - Running: ['***', 'tasks', 'run', 'dynamically_branching1', 'check_table_exist', 'manual__2022-08-26T19:30:44.893236+00:00', '--job-id', '3345', '--raw', '--subdir', 'DAGS_FOLDER/jobs_dag.py', '--cfg-path', '/tmp/tmp5xdsh_8g', '--error-file', '/tmp/tmp_36_lrpu']
[2022-08-30 18:21:04,514] {standard_task_runner.py:80} INFO - Job 3345: Subtask check_table_exist
[2022-08-30 18:21:05,639] {task_command.py:371} INFO - Running <TaskInstance: dynamically_branching1.check_table_exist manual__2022-08-26T19:30:44.893236+00:00 [running]> on host 9d5d2a77e6ba
[2022-08-30 18:21:06,538] {taskinstance.py:1591} INFO - Exporting the following env vars:
AIRFLOW_CTX_DAG_OWNER=***
AIRFLOW_CTX_DAG_ID=dynamically_branching1
AIRFLOW_CTX_TASK_ID=check_table_exist
AIRFLOW_CTX_EXECUTION_DATE=2022-08-26T19:30:44.893236+00:00
AIRFLOW_CTX_TRY_NUMBER=1
AIRFLOW_CTX_DAG_RUN_ID=manual__2022-08-26T19:30:44.893236+00:00
[2022-08-30 18:21:06,555] {python.py:173} INFO - Done. Returned value was: insert_row
[2022-08-30 18:21:06,579] {skipmixin.py:140} INFO - Following branch insert_row
[2022-08-30 18:21:06,585] {skipmixin.py:175} INFO - Skipping tasks ['create_table']
[2022-08-30 18:21:07,726] {taskinstance.py:1420} INFO - Marking task as SUCCESS. dag_id=dynamically_branching1, task_id=check_table_exist, execution_date=20220826T193044, start_date=20220830T182104, end_date=20220830T182107
[2022-08-30 18:21:07,935] {local_task_job.py:156} INFO - Task exited with return code 0
[2022-08-30 18:21:08,585] {local_task_job.py:273} INFO - 1 downstream tasks scheduled from follow-on schedule check
