[2022-08-19 20:52:04,377] {taskinstance.py:1179} INFO - Dependencies all met for <TaskInstance: loop_hello_world_1.hello_world scheduled__2021-09-17T00:00:00+00:00 [queued]>
[2022-08-19 20:52:04,555] {taskinstance.py:1179} INFO - Dependencies all met for <TaskInstance: loop_hello_world_1.hello_world scheduled__2021-09-17T00:00:00+00:00 [queued]>
[2022-08-19 20:52:04,561] {taskinstance.py:1376} INFO - 
--------------------------------------------------------------------------------
[2022-08-19 20:52:04,567] {taskinstance.py:1377} INFO - Starting attempt 1 of 1
[2022-08-19 20:52:04,569] {taskinstance.py:1378} INFO - 
--------------------------------------------------------------------------------
[2022-08-19 20:52:04,986] {taskinstance.py:1397} INFO - Executing <Task(PythonOperator): hello_world> on 2021-09-17 00:00:00+00:00
[2022-08-19 20:52:05,114] {standard_task_runner.py:52} INFO - Started process 16380 to run task
[2022-08-19 20:52:05,256] {standard_task_runner.py:79} INFO - Running: ['***', 'tasks', 'run', 'loop_hello_world_1', 'hello_world', 'scheduled__2021-09-17T00:00:00+00:00', '--job-id', '346', '--raw', '--subdir', 'DAGS_FOLDER/practiceDag1.py', '--cfg-path', '/tmp/tmp0p3zzput', '--error-file', '/tmp/tmpxikbltda']
[2022-08-19 20:52:05,267] {standard_task_runner.py:80} INFO - Job 346: Subtask hello_world
[2022-08-19 20:52:06,204] {task_command.py:371} INFO - Running <TaskInstance: loop_hello_world_1.hello_world scheduled__2021-09-17T00:00:00+00:00 [running]> on host 9d5d2a77e6ba
[2022-08-19 20:52:07,610] {taskinstance.py:1591} INFO - Exporting the following env vars:
AIRFLOW_CTX_DAG_OWNER=***
AIRFLOW_CTX_DAG_ID=loop_hello_world_1
AIRFLOW_CTX_TASK_ID=hello_world
AIRFLOW_CTX_EXECUTION_DATE=2021-09-17T00:00:00+00:00
AIRFLOW_CTX_TRY_NUMBER=1
AIRFLOW_CTX_DAG_RUN_ID=scheduled__2021-09-17T00:00:00+00:00
[2022-08-19 20:52:07,615] {logging_mixin.py:115} INFO - Hello World
[2022-08-19 20:52:07,619] {logging_mixin.py:115} INFO - This is DAG: 1
[2022-08-19 20:52:07,620] {python.py:173} INFO - Done. Returned value was: None
[2022-08-19 20:52:07,971] {taskinstance.py:1420} INFO - Marking task as SUCCESS. dag_id=loop_hello_world_1, task_id=hello_world, execution_date=20210917T000000, start_date=20220819T205204, end_date=20220819T205207
[2022-08-19 20:52:08,232] {local_task_job.py:156} INFO - Task exited with return code 0
[2022-08-19 20:52:08,984] {local_task_job.py:273} INFO - 0 downstream tasks scheduled from follow-on schedule check
