[2022-08-30 18:23:29,989] {taskinstance.py:1179} INFO - Dependencies all met for <TaskInstance: dynamically_branching1.check_table_exist manual__2022-08-30T18:23:27.083963+00:00 [queued]>
[2022-08-30 18:23:30,004] {taskinstance.py:1179} INFO - Dependencies all met for <TaskInstance: dynamically_branching1.check_table_exist manual__2022-08-30T18:23:27.083963+00:00 [queued]>
[2022-08-30 18:23:30,005] {taskinstance.py:1376} INFO - 
--------------------------------------------------------------------------------
[2022-08-30 18:23:30,006] {taskinstance.py:1377} INFO - Starting attempt 1 of 1
[2022-08-30 18:23:30,007] {taskinstance.py:1378} INFO - 
--------------------------------------------------------------------------------
[2022-08-30 18:23:30,022] {taskinstance.py:1397} INFO - Executing <Task(BranchPythonOperator): check_table_exist> on 2022-08-30 18:23:27.083963+00:00
[2022-08-30 18:23:30,029] {standard_task_runner.py:52} INFO - Started process 75897 to run task
[2022-08-30 18:23:30,033] {standard_task_runner.py:79} INFO - Running: ['***', 'tasks', 'run', 'dynamically_branching1', 'check_table_exist', 'manual__2022-08-30T18:23:27.083963+00:00', '--job-id', '3380', '--raw', '--subdir', 'DAGS_FOLDER/jobs_dag.py', '--cfg-path', '/tmp/tmpixwzy49p', '--error-file', '/tmp/tmp_zb3j4rq']
[2022-08-30 18:23:30,034] {standard_task_runner.py:80} INFO - Job 3380: Subtask check_table_exist
[2022-08-30 18:23:30,120] {task_command.py:371} INFO - Running <TaskInstance: dynamically_branching1.check_table_exist manual__2022-08-30T18:23:27.083963+00:00 [running]> on host 9d5d2a77e6ba
[2022-08-30 18:23:30,213] {taskinstance.py:1591} INFO - Exporting the following env vars:
AIRFLOW_CTX_DAG_OWNER=***
AIRFLOW_CTX_DAG_ID=dynamically_branching1
AIRFLOW_CTX_TASK_ID=check_table_exist
AIRFLOW_CTX_EXECUTION_DATE=2022-08-30T18:23:27.083963+00:00
AIRFLOW_CTX_TRY_NUMBER=1
AIRFLOW_CTX_DAG_RUN_ID=manual__2022-08-30T18:23:27.083963+00:00
[2022-08-30 18:23:30,215] {python.py:173} INFO - Done. Returned value was: insert_row
[2022-08-30 18:23:30,216] {skipmixin.py:140} INFO - Following branch insert_row
[2022-08-30 18:23:30,218] {skipmixin.py:175} INFO - Skipping tasks ['create_table']
[2022-08-30 18:23:30,278] {taskinstance.py:1420} INFO - Marking task as SUCCESS. dag_id=dynamically_branching1, task_id=check_table_exist, execution_date=20220830T182327, start_date=20220830T182329, end_date=20220830T182330
[2022-08-30 18:23:30,327] {local_task_job.py:156} INFO - Task exited with return code 0
[2022-08-30 18:23:30,394] {local_task_job.py:273} INFO - 1 downstream tasks scheduled from follow-on schedule check
