[2022-08-24 19:21:28,121] {taskinstance.py:1179} INFO - Dependencies all met for <TaskInstance: dynamically_branching1.check_table_exist scheduled__2022-03-28T00:00:00+00:00 [queued]>
[2022-08-24 19:21:28,177] {taskinstance.py:1179} INFO - Dependencies all met for <TaskInstance: dynamically_branching1.check_table_exist scheduled__2022-03-28T00:00:00+00:00 [queued]>
[2022-08-24 19:21:28,182] {taskinstance.py:1376} INFO - 
--------------------------------------------------------------------------------
[2022-08-24 19:21:28,183] {taskinstance.py:1377} INFO - Starting attempt 1 of 1
[2022-08-24 19:21:28,184] {taskinstance.py:1378} INFO - 
--------------------------------------------------------------------------------
[2022-08-24 19:21:28,281] {taskinstance.py:1397} INFO - Executing <Task(BranchPythonOperator): check_table_exist> on 2022-03-28 00:00:00+00:00
[2022-08-24 19:21:28,347] {standard_task_runner.py:79} INFO - Running: ['***', 'tasks', 'run', 'dynamically_branching1', 'check_table_exist', 'scheduled__2022-03-28T00:00:00+00:00', '--job-id', '2968', '--raw', '--subdir', 'DAGS_FOLDER/jobs_dag.py', '--cfg-path', '/tmp/tmp7hlpqehy', '--error-file', '/tmp/tmpd2ghlr8n']
[2022-08-24 19:21:28,323] {standard_task_runner.py:52} INFO - Started process 10930 to run task
[2022-08-24 19:21:28,351] {standard_task_runner.py:80} INFO - Job 2968: Subtask check_table_exist
[2022-08-24 19:21:28,652] {task_command.py:371} INFO - Running <TaskInstance: dynamically_branching1.check_table_exist scheduled__2022-03-28T00:00:00+00:00 [running]> on host 9d5d2a77e6ba
[2022-08-24 19:21:29,025] {taskinstance.py:1591} INFO - Exporting the following env vars:
AIRFLOW_CTX_DAG_OWNER=***
AIRFLOW_CTX_DAG_ID=dynamically_branching1
AIRFLOW_CTX_TASK_ID=check_table_exist
AIRFLOW_CTX_EXECUTION_DATE=2022-03-28T00:00:00+00:00
AIRFLOW_CTX_TRY_NUMBER=1
AIRFLOW_CTX_DAG_RUN_ID=scheduled__2022-03-28T00:00:00+00:00
[2022-08-24 19:21:29,031] {python.py:173} INFO - Done. Returned value was: insert_row
[2022-08-24 19:21:29,032] {skipmixin.py:140} INFO - Following branch insert_row
[2022-08-24 19:21:29,033] {skipmixin.py:175} INFO - Skipping tasks ['create_table']
[2022-08-24 19:21:29,152] {taskinstance.py:1420} INFO - Marking task as SUCCESS. dag_id=dynamically_branching1, task_id=check_table_exist, execution_date=20220328T000000, start_date=20220824T192128, end_date=20220824T192129
[2022-08-24 19:21:29,250] {local_task_job.py:156} INFO - Task exited with return code 0
[2022-08-24 19:21:29,561] {local_task_job.py:273} INFO - 0 downstream tasks scheduled from follow-on schedule check
