[2022-08-30 18:23:31,192] {taskinstance.py:1179} INFO - Dependencies all met for <TaskInstance: dynamically_branching1.query_table manual__2022-08-30T18:23:27.083963+00:00 [queued]>
[2022-08-30 18:23:31,204] {taskinstance.py:1179} INFO - Dependencies all met for <TaskInstance: dynamically_branching1.query_table manual__2022-08-30T18:23:27.083963+00:00 [queued]>
[2022-08-30 18:23:31,205] {taskinstance.py:1376} INFO - 
--------------------------------------------------------------------------------
[2022-08-30 18:23:31,206] {taskinstance.py:1377} INFO - Starting attempt 1 of 1
[2022-08-30 18:23:31,207] {taskinstance.py:1378} INFO - 
--------------------------------------------------------------------------------
[2022-08-30 18:23:31,223] {taskinstance.py:1397} INFO - Executing <Task(PythonOperator): query_table> on 2022-08-30 18:23:27.083963+00:00
[2022-08-30 18:23:31,230] {standard_task_runner.py:52} INFO - Started process 75899 to run task
[2022-08-30 18:23:31,234] {standard_task_runner.py:79} INFO - Running: ['***', 'tasks', 'run', 'dynamically_branching1', 'query_table', 'manual__2022-08-30T18:23:27.083963+00:00', '--job-id', '3381', '--raw', '--subdir', 'DAGS_FOLDER/jobs_dag.py', '--cfg-path', '/tmp/tmpjsxq4dyr', '--error-file', '/tmp/tmpkefsd4l3']
[2022-08-30 18:23:31,235] {standard_task_runner.py:80} INFO - Job 3381: Subtask query_table
[2022-08-30 18:23:31,325] {task_command.py:371} INFO - Running <TaskInstance: dynamically_branching1.query_table manual__2022-08-30T18:23:27.083963+00:00 [running]> on host 9d5d2a77e6ba
[2022-08-30 18:23:31,431] {taskinstance.py:1591} INFO - Exporting the following env vars:
AIRFLOW_CTX_DAG_OWNER=***
AIRFLOW_CTX_DAG_ID=dynamically_branching1
AIRFLOW_CTX_TASK_ID=query_table
AIRFLOW_CTX_EXECUTION_DATE=2022-08-30T18:23:27.083963+00:00
AIRFLOW_CTX_TRY_NUMBER=1
AIRFLOW_CTX_DAG_RUN_ID=manual__2022-08-30T18:23:27.083963+00:00
[2022-08-30 18:23:31,451] {python.py:173} INFO - Done. Returned value was: None
[2022-08-30 18:23:31,470] {taskinstance.py:1420} INFO - Marking task as SUCCESS. dag_id=dynamically_branching1, task_id=query_table, execution_date=20220830T182327, start_date=20220830T182331, end_date=20220830T182331
[2022-08-30 18:23:31,527] {local_task_job.py:156} INFO - Task exited with return code 0
[2022-08-30 18:23:31,571] {local_task_job.py:273} INFO - 0 downstream tasks scheduled from follow-on schedule check
