[2022-08-24 19:17:48,634] {taskinstance.py:1179} INFO - Dependencies all met for <TaskInstance: dynamically_branching1.check_table_exist scheduled__2021-09-23T00:00:00+00:00 [queued]>
[2022-08-24 19:17:48,689] {taskinstance.py:1179} INFO - Dependencies all met for <TaskInstance: dynamically_branching1.check_table_exist scheduled__2021-09-23T00:00:00+00:00 [queued]>
[2022-08-24 19:17:48,690] {taskinstance.py:1376} INFO - 
--------------------------------------------------------------------------------
[2022-08-24 19:17:48,691] {taskinstance.py:1377} INFO - Starting attempt 1 of 1
[2022-08-24 19:17:48,692] {taskinstance.py:1378} INFO - 
--------------------------------------------------------------------------------
[2022-08-24 19:17:48,805] {taskinstance.py:1397} INFO - Executing <Task(BranchPythonOperator): check_table_exist> on 2021-09-23 00:00:00+00:00
[2022-08-24 19:17:48,842] {standard_task_runner.py:52} INFO - Started process 9709 to run task
[2022-08-24 19:17:48,846] {standard_task_runner.py:79} INFO - Running: ['***', 'tasks', 'run', 'dynamically_branching1', 'check_table_exist', 'scheduled__2021-09-23T00:00:00+00:00', '--job-id', '2594', '--raw', '--subdir', 'DAGS_FOLDER/jobs_dag.py', '--cfg-path', '/tmp/tmpggm2p0mw', '--error-file', '/tmp/tmpev4wxab6']
[2022-08-24 19:17:48,859] {standard_task_runner.py:80} INFO - Job 2594: Subtask check_table_exist
[2022-08-24 19:17:49,371] {task_command.py:371} INFO - Running <TaskInstance: dynamically_branching1.check_table_exist scheduled__2021-09-23T00:00:00+00:00 [running]> on host 9d5d2a77e6ba
[2022-08-24 19:17:50,365] {taskinstance.py:1591} INFO - Exporting the following env vars:
AIRFLOW_CTX_DAG_OWNER=***
AIRFLOW_CTX_DAG_ID=dynamically_branching1
AIRFLOW_CTX_TASK_ID=check_table_exist
AIRFLOW_CTX_EXECUTION_DATE=2021-09-23T00:00:00+00:00
AIRFLOW_CTX_TRY_NUMBER=1
AIRFLOW_CTX_DAG_RUN_ID=scheduled__2021-09-23T00:00:00+00:00
[2022-08-24 19:17:50,368] {python.py:173} INFO - Done. Returned value was: insert_row
[2022-08-24 19:17:50,373] {skipmixin.py:140} INFO - Following branch insert_row
[2022-08-24 19:17:50,381] {skipmixin.py:175} INFO - Skipping tasks ['create_table']
[2022-08-24 19:17:50,751] {taskinstance.py:1420} INFO - Marking task as SUCCESS. dag_id=dynamically_branching1, task_id=check_table_exist, execution_date=20210923T000000, start_date=20220824T191748, end_date=20220824T191750
[2022-08-24 19:17:50,912] {local_task_job.py:156} INFO - Task exited with return code 0
[2022-08-24 19:17:51,198] {local_task_job.py:273} INFO - 1 downstream tasks scheduled from follow-on schedule check
