[2022-09-01 21:44:11,233] {taskinstance.py:1179} INFO - Dependencies all met for <TaskInstance: trigger_sensor.trigger_task manual__2022-09-01T21:43:47.511399+00:00 [queued]>
[2022-09-01 21:44:11,261] {taskinstance.py:1179} INFO - Dependencies all met for <TaskInstance: trigger_sensor.trigger_task manual__2022-09-01T21:43:47.511399+00:00 [queued]>
[2022-09-01 21:44:11,271] {taskinstance.py:1376} INFO - 
--------------------------------------------------------------------------------
[2022-09-01 21:44:11,272] {taskinstance.py:1377} INFO - Starting attempt 1 of 1
[2022-09-01 21:44:11,273] {taskinstance.py:1378} INFO - 
--------------------------------------------------------------------------------
[2022-09-01 21:44:11,320] {taskinstance.py:1397} INFO - Executing <Task(TriggerDagRunOperator): trigger_task> on 2022-09-01 21:43:47.511399+00:00
[2022-09-01 21:44:11,334] {standard_task_runner.py:52} INFO - Started process 93150 to run task
[2022-09-01 21:44:11,339] {standard_task_runner.py:79} INFO - Running: ['***', 'tasks', 'run', 'trigger_sensor', 'trigger_task', 'manual__2022-09-01T21:43:47.511399+00:00', '--job-id', '3650', '--raw', '--subdir', 'DAGS_FOLDER/trigger_dag.py', '--cfg-path', '/tmp/tmpytcm8_w6', '--error-file', '/tmp/tmpc0p2qhyo']
[2022-09-01 21:44:11,346] {standard_task_runner.py:80} INFO - Job 3650: Subtask trigger_task
[2022-09-01 21:44:11,488] {task_command.py:371} INFO - Running <TaskInstance: trigger_sensor.trigger_task manual__2022-09-01T21:43:47.511399+00:00 [running]> on host 9d5d2a77e6ba
[2022-09-01 21:44:11,602] {taskinstance.py:1591} INFO - Exporting the following env vars:
AIRFLOW_CTX_DAG_OWNER=***
AIRFLOW_CTX_DAG_ID=trigger_sensor
AIRFLOW_CTX_TASK_ID=trigger_task
AIRFLOW_CTX_EXECUTION_DATE=2022-09-01T21:43:47.511399+00:00
AIRFLOW_CTX_TRY_NUMBER=1
AIRFLOW_CTX_DAG_RUN_ID=manual__2022-09-01T21:43:47.511399+00:00
[2022-09-01 21:44:11,725] {taskinstance.py:1420} INFO - Marking task as SUCCESS. dag_id=trigger_sensor, task_id=trigger_task, execution_date=20220901T214347, start_date=20220901T214411, end_date=20220901T214411
[2022-09-01 21:44:11,769] {local_task_job.py:156} INFO - Task exited with return code 0
[2022-09-01 21:44:11,863] {local_task_job.py:273} INFO - 0 downstream tasks scheduled from follow-on schedule check
