[2022-08-24 19:06:09,211] {taskinstance.py:1179} INFO - Dependencies all met for <TaskInstance: dynamically_branching1.bash_task scheduled__2020-04-02T00:00:00+00:00 [queued]>
[2022-08-24 19:06:09,250] {taskinstance.py:1179} INFO - Dependencies all met for <TaskInstance: dynamically_branching1.bash_task scheduled__2020-04-02T00:00:00+00:00 [queued]>
[2022-08-24 19:06:09,251] {taskinstance.py:1376} INFO - 
--------------------------------------------------------------------------------
[2022-08-24 19:06:09,253] {taskinstance.py:1377} INFO - Starting attempt 1 of 1
[2022-08-24 19:06:09,254] {taskinstance.py:1378} INFO - 
--------------------------------------------------------------------------------
[2022-08-24 19:06:09,311] {taskinstance.py:1397} INFO - Executing <Task(BashOperator): bash_task> on 2020-04-02 00:00:00+00:00
[2022-08-24 19:06:09,334] {standard_task_runner.py:52} INFO - Started process 6183 to run task
[2022-08-24 19:06:09,374] {standard_task_runner.py:79} INFO - Running: ['***', 'tasks', 'run', 'dynamically_branching1', 'bash_task', 'scheduled__2020-04-02T00:00:00+00:00', '--job-id', '1498', '--raw', '--subdir', 'DAGS_FOLDER/jobs_dag.py', '--cfg-path', '/tmp/tmpyptq0cay', '--error-file', '/tmp/tmpwacxni3k']
[2022-08-24 19:06:09,381] {standard_task_runner.py:80} INFO - Job 1498: Subtask bash_task
[2022-08-24 19:06:09,737] {task_command.py:371} INFO - Running <TaskInstance: dynamically_branching1.bash_task scheduled__2020-04-02T00:00:00+00:00 [running]> on host 9d5d2a77e6ba
[2022-08-24 19:06:10,093] {taskinstance.py:1591} INFO - Exporting the following env vars:
AIRFLOW_CTX_DAG_OWNER=***
AIRFLOW_CTX_DAG_ID=dynamically_branching1
AIRFLOW_CTX_TASK_ID=bash_task
AIRFLOW_CTX_EXECUTION_DATE=2020-04-02T00:00:00+00:00
AIRFLOW_CTX_TRY_NUMBER=1
AIRFLOW_CTX_DAG_RUN_ID=scheduled__2020-04-02T00:00:00+00:00
[2022-08-24 19:06:10,119] {subprocess.py:62} INFO - Tmp dir root location: 
 /tmp
[2022-08-24 19:06:10,133] {subprocess.py:74} INFO - Running command: ['bash', '-c', 'whoami']
[2022-08-24 19:06:10,204] {subprocess.py:85} INFO - Output:
[2022-08-24 19:06:10,215] {subprocess.py:92} INFO - default
[2022-08-24 19:06:10,217] {subprocess.py:96} INFO - Command exited with return code 0
[2022-08-24 19:06:10,331] {taskinstance.py:1420} INFO - Marking task as SUCCESS. dag_id=dynamically_branching1, task_id=bash_task, execution_date=20200402T000000, start_date=20220824T190609, end_date=20220824T190610
[2022-08-24 19:06:10,577] {local_task_job.py:156} INFO - Task exited with return code 0
[2022-08-24 19:06:10,854] {local_task_job.py:273} INFO - 0 downstream tasks scheduled from follow-on schedule check
