[2022-08-24 19:06:04,280] {taskinstance.py:1179} INFO - Dependencies all met for <TaskInstance: dynamically_branching1.bash_task scheduled__2020-03-26T00:00:00+00:00 [queued]>
[2022-08-24 19:06:04,364] {taskinstance.py:1179} INFO - Dependencies all met for <TaskInstance: dynamically_branching1.bash_task scheduled__2020-03-26T00:00:00+00:00 [queued]>
[2022-08-24 19:06:04,372] {taskinstance.py:1376} INFO - 
--------------------------------------------------------------------------------
[2022-08-24 19:06:04,373] {taskinstance.py:1377} INFO - Starting attempt 1 of 1
[2022-08-24 19:06:04,374] {taskinstance.py:1378} INFO - 
--------------------------------------------------------------------------------
[2022-08-24 19:06:04,460] {taskinstance.py:1397} INFO - Executing <Task(BashOperator): bash_task> on 2020-03-26 00:00:00+00:00
[2022-08-24 19:06:04,474] {standard_task_runner.py:52} INFO - Started process 6160 to run task
[2022-08-24 19:06:04,495] {standard_task_runner.py:79} INFO - Running: ['***', 'tasks', 'run', 'dynamically_branching1', 'bash_task', 'scheduled__2020-03-26T00:00:00+00:00', '--job-id', '1491', '--raw', '--subdir', 'DAGS_FOLDER/jobs_dag.py', '--cfg-path', '/tmp/tmpmzhfod4c', '--error-file', '/tmp/tmp_ehkitsb']
[2022-08-24 19:06:04,500] {standard_task_runner.py:80} INFO - Job 1491: Subtask bash_task
[2022-08-24 19:06:04,897] {task_command.py:371} INFO - Running <TaskInstance: dynamically_branching1.bash_task scheduled__2020-03-26T00:00:00+00:00 [running]> on host 9d5d2a77e6ba
[2022-08-24 19:06:05,392] {taskinstance.py:1591} INFO - Exporting the following env vars:
AIRFLOW_CTX_DAG_OWNER=***
AIRFLOW_CTX_DAG_ID=dynamically_branching1
AIRFLOW_CTX_TASK_ID=bash_task
AIRFLOW_CTX_EXECUTION_DATE=2020-03-26T00:00:00+00:00
AIRFLOW_CTX_TRY_NUMBER=1
AIRFLOW_CTX_DAG_RUN_ID=scheduled__2020-03-26T00:00:00+00:00
[2022-08-24 19:06:05,398] {subprocess.py:62} INFO - Tmp dir root location: 
 /tmp
[2022-08-24 19:06:05,401] {subprocess.py:74} INFO - Running command: ['bash', '-c', 'whoami']
[2022-08-24 19:06:05,622] {subprocess.py:85} INFO - Output:
[2022-08-24 19:06:05,661] {subprocess.py:92} INFO - default
[2022-08-24 19:06:05,665] {subprocess.py:96} INFO - Command exited with return code 0
[2022-08-24 19:06:06,405] {taskinstance.py:1420} INFO - Marking task as SUCCESS. dag_id=dynamically_branching1, task_id=bash_task, execution_date=20200326T000000, start_date=20220824T190604, end_date=20220824T190606
[2022-08-24 19:06:06,522] {local_task_job.py:156} INFO - Task exited with return code 0
[2022-08-24 19:06:06,960] {local_task_job.py:273} INFO - 1 downstream tasks scheduled from follow-on schedule check
