[2022-08-30 20:18:37,484] {taskinstance.py:1179} INFO - Dependencies all met for <TaskInstance: dynamically_branching1.query_table manual__2022-08-30T20:18:33.129809+00:00 [queued]>
[2022-08-30 20:18:37,500] {taskinstance.py:1179} INFO - Dependencies all met for <TaskInstance: dynamically_branching1.query_table manual__2022-08-30T20:18:33.129809+00:00 [queued]>
[2022-08-30 20:18:37,501] {taskinstance.py:1376} INFO - 
--------------------------------------------------------------------------------
[2022-08-30 20:18:37,501] {taskinstance.py:1377} INFO - Starting attempt 1 of 1
[2022-08-30 20:18:37,502] {taskinstance.py:1378} INFO - 
--------------------------------------------------------------------------------
[2022-08-30 20:18:37,522] {taskinstance.py:1397} INFO - Executing <Task(PythonOperator): query_table> on 2022-08-30 20:18:33.129809+00:00
[2022-08-30 20:18:37,530] {standard_task_runner.py:52} INFO - Started process 77214 to run task
[2022-08-30 20:18:37,540] {standard_task_runner.py:79} INFO - Running: ['***', 'tasks', 'run', 'dynamically_branching1', 'query_table', 'manual__2022-08-30T20:18:33.129809+00:00', '--job-id', '3402', '--raw', '--subdir', 'DAGS_FOLDER/jobs_dag.py', '--cfg-path', '/tmp/tmpw6j3b2ac', '--error-file', '/tmp/tmpxzq8sade']
[2022-08-30 20:18:37,542] {standard_task_runner.py:80} INFO - Job 3402: Subtask query_table
[2022-08-30 20:18:37,641] {task_command.py:371} INFO - Running <TaskInstance: dynamically_branching1.query_table manual__2022-08-30T20:18:33.129809+00:00 [running]> on host 9d5d2a77e6ba
[2022-08-30 20:18:37,730] {taskinstance.py:1591} INFO - Exporting the following env vars:
AIRFLOW_CTX_DAG_OWNER=***
AIRFLOW_CTX_DAG_ID=dynamically_branching1
AIRFLOW_CTX_TASK_ID=query_table
AIRFLOW_CTX_EXECUTION_DATE=2022-08-30T20:18:33.129809+00:00
AIRFLOW_CTX_TRY_NUMBER=1
AIRFLOW_CTX_DAG_RUN_ID=manual__2022-08-30T20:18:33.129809+00:00
[2022-08-30 20:18:37,747] {python.py:173} INFO - Done. Returned value was: None
[2022-08-30 20:18:37,767] {taskinstance.py:1420} INFO - Marking task as SUCCESS. dag_id=dynamically_branching1, task_id=query_table, execution_date=20220830T201833, start_date=20220830T201837, end_date=20220830T201837
[2022-08-30 20:18:37,830] {local_task_job.py:156} INFO - Task exited with return code 0
[2022-08-30 20:18:37,874] {local_task_job.py:273} INFO - 0 downstream tasks scheduled from follow-on schedule check
