[2022-08-24 18:43:44,776] {taskinstance.py:1179} INFO - Dependencies all met for <TaskInstance: dynamically_branching1.Process_Start scheduled__2019-01-27T00:00:00+00:00 [queued]>
[2022-08-24 18:43:44,806] {taskinstance.py:1179} INFO - Dependencies all met for <TaskInstance: dynamically_branching1.Process_Start scheduled__2019-01-27T00:00:00+00:00 [queued]>
[2022-08-24 18:43:44,807] {taskinstance.py:1376} INFO - 
--------------------------------------------------------------------------------
[2022-08-24 18:43:44,808] {taskinstance.py:1377} INFO - Starting attempt 1 of 1
[2022-08-24 18:43:44,809] {taskinstance.py:1378} INFO - 
--------------------------------------------------------------------------------
[2022-08-24 18:43:44,856] {taskinstance.py:1397} INFO - Executing <Task(PythonOperator): Process_Start> on 2019-01-27 00:00:00+00:00
[2022-08-24 18:43:44,869] {standard_task_runner.py:52} INFO - Started process 4085 to run task
[2022-08-24 18:43:44,904] {standard_task_runner.py:79} INFO - Running: ['***', 'tasks', 'run', 'dynamically_branching1', 'Process_Start', 'scheduled__2019-01-27T00:00:00+00:00', '--job-id', '957', '--raw', '--subdir', 'DAGS_FOLDER/jobs_dag.py', '--cfg-path', '/tmp/tmpkro14kay', '--error-file', '/tmp/tmpt7t0n0og']
[2022-08-24 18:43:44,910] {standard_task_runner.py:80} INFO - Job 957: Subtask Process_Start
[2022-08-24 18:43:45,231] {task_command.py:371} INFO - Running <TaskInstance: dynamically_branching1.Process_Start scheduled__2019-01-27T00:00:00+00:00 [running]> on host 9d5d2a77e6ba
[2022-08-24 18:43:45,453] {taskinstance.py:1591} INFO - Exporting the following env vars:
AIRFLOW_CTX_DAG_OWNER=***
AIRFLOW_CTX_DAG_ID=dynamically_branching1
AIRFLOW_CTX_TASK_ID=Process_Start
AIRFLOW_CTX_EXECUTION_DATE=2019-01-27T00:00:00+00:00
AIRFLOW_CTX_TRY_NUMBER=1
AIRFLOW_CTX_DAG_RUN_ID=scheduled__2019-01-27T00:00:00+00:00
[2022-08-24 18:43:45,458] {jobs_dag.py:30} INFO - Process Start!
[2022-08-24 18:43:45,459] {logging_mixin.py:115} INFO - This is DAG: 1
[2022-08-24 18:43:45,459] {python.py:173} INFO - Done. Returned value was: None
[2022-08-24 18:43:45,499] {taskinstance.py:1420} INFO - Marking task as SUCCESS. dag_id=dynamically_branching1, task_id=Process_Start, execution_date=20190127T000000, start_date=20220824T184344, end_date=20220824T184345
[2022-08-24 18:43:45,587] {local_task_job.py:156} INFO - Task exited with return code 0
[2022-08-24 18:43:45,743] {local_task_job.py:273} INFO - 1 downstream tasks scheduled from follow-on schedule check
