[2022-08-24 19:15:27,288] {taskinstance.py:1179} INFO - Dependencies all met for <TaskInstance: dynamically_branching1.check_table_exist scheduled__2021-05-24T00:00:00+00:00 [queued]>
[2022-08-24 19:15:27,366] {taskinstance.py:1179} INFO - Dependencies all met for <TaskInstance: dynamically_branching1.check_table_exist scheduled__2021-05-24T00:00:00+00:00 [queued]>
[2022-08-24 19:15:27,368] {taskinstance.py:1376} INFO - 
--------------------------------------------------------------------------------
[2022-08-24 19:15:27,373] {taskinstance.py:1377} INFO - Starting attempt 1 of 1
[2022-08-24 19:15:27,375] {taskinstance.py:1378} INFO - 
--------------------------------------------------------------------------------
[2022-08-24 19:15:27,492] {taskinstance.py:1397} INFO - Executing <Task(BranchPythonOperator): check_table_exist> on 2021-05-24 00:00:00+00:00
[2022-08-24 19:15:27,536] {standard_task_runner.py:52} INFO - Started process 8914 to run task
[2022-08-24 19:15:27,547] {standard_task_runner.py:79} INFO - Running: ['***', 'tasks', 'run', 'dynamically_branching1', 'check_table_exist', 'scheduled__2021-05-24T00:00:00+00:00', '--job-id', '2350', '--raw', '--subdir', 'DAGS_FOLDER/jobs_dag.py', '--cfg-path', '/tmp/tmp5kb116yw', '--error-file', '/tmp/tmpb9j1gsn7']
[2022-08-24 19:15:27,561] {standard_task_runner.py:80} INFO - Job 2350: Subtask check_table_exist
[2022-08-24 19:15:27,826] {task_command.py:371} INFO - Running <TaskInstance: dynamically_branching1.check_table_exist scheduled__2021-05-24T00:00:00+00:00 [running]> on host 9d5d2a77e6ba
[2022-08-24 19:15:28,423] {taskinstance.py:1591} INFO - Exporting the following env vars:
AIRFLOW_CTX_DAG_OWNER=***
AIRFLOW_CTX_DAG_ID=dynamically_branching1
AIRFLOW_CTX_TASK_ID=check_table_exist
AIRFLOW_CTX_EXECUTION_DATE=2021-05-24T00:00:00+00:00
AIRFLOW_CTX_TRY_NUMBER=1
AIRFLOW_CTX_DAG_RUN_ID=scheduled__2021-05-24T00:00:00+00:00
[2022-08-24 19:15:28,425] {python.py:173} INFO - Done. Returned value was: insert_row
[2022-08-24 19:15:28,426] {skipmixin.py:140} INFO - Following branch insert_row
[2022-08-24 19:15:28,427] {skipmixin.py:175} INFO - Skipping tasks ['create_table']
[2022-08-24 19:15:28,689] {taskinstance.py:1420} INFO - Marking task as SUCCESS. dag_id=dynamically_branching1, task_id=check_table_exist, execution_date=20210524T000000, start_date=20220824T191527, end_date=20220824T191528
[2022-08-24 19:15:28,822] {local_task_job.py:156} INFO - Task exited with return code 0
[2022-08-24 19:15:29,129] {local_task_job.py:273} INFO - 0 downstream tasks scheduled from follow-on schedule check
