[2022-08-24 19:11:21,923] {taskinstance.py:1179} INFO - Dependencies all met for <TaskInstance: dynamically_branching1.bash_task scheduled__2020-11-01T00:00:00+00:00 [queued]>
[2022-08-24 19:11:22,019] {taskinstance.py:1179} INFO - Dependencies all met for <TaskInstance: dynamically_branching1.bash_task scheduled__2020-11-01T00:00:00+00:00 [queued]>
[2022-08-24 19:11:22,023] {taskinstance.py:1376} INFO - 
--------------------------------------------------------------------------------
[2022-08-24 19:11:22,027] {taskinstance.py:1377} INFO - Starting attempt 1 of 1
[2022-08-24 19:11:22,031] {taskinstance.py:1378} INFO - 
--------------------------------------------------------------------------------
[2022-08-24 19:11:22,099] {taskinstance.py:1397} INFO - Executing <Task(BashOperator): bash_task> on 2020-11-01 00:00:00+00:00
[2022-08-24 19:11:22,118] {standard_task_runner.py:52} INFO - Started process 7532 to run task
[2022-08-24 19:11:22,169] {standard_task_runner.py:79} INFO - Running: ['***', 'tasks', 'run', 'dynamically_branching1', 'bash_task', 'scheduled__2020-11-01T00:00:00+00:00', '--job-id', '1930', '--raw', '--subdir', 'DAGS_FOLDER/jobs_dag.py', '--cfg-path', '/tmp/tmpnptwl302', '--error-file', '/tmp/tmpvqumex88']
[2022-08-24 19:11:22,178] {standard_task_runner.py:80} INFO - Job 1930: Subtask bash_task
[2022-08-24 19:11:22,553] {task_command.py:371} INFO - Running <TaskInstance: dynamically_branching1.bash_task scheduled__2020-11-01T00:00:00+00:00 [running]> on host 9d5d2a77e6ba
[2022-08-24 19:11:22,991] {taskinstance.py:1591} INFO - Exporting the following env vars:
AIRFLOW_CTX_DAG_OWNER=***
AIRFLOW_CTX_DAG_ID=dynamically_branching1
AIRFLOW_CTX_TASK_ID=bash_task
AIRFLOW_CTX_EXECUTION_DATE=2020-11-01T00:00:00+00:00
AIRFLOW_CTX_TRY_NUMBER=1
AIRFLOW_CTX_DAG_RUN_ID=scheduled__2020-11-01T00:00:00+00:00
[2022-08-24 19:11:22,997] {subprocess.py:62} INFO - Tmp dir root location: 
 /tmp
[2022-08-24 19:11:23,003] {subprocess.py:74} INFO - Running command: ['bash', '-c', 'echo $(whoami)']
[2022-08-24 19:11:23,077] {subprocess.py:85} INFO - Output:
[2022-08-24 19:11:23,111] {subprocess.py:92} INFO - default
[2022-08-24 19:11:23,113] {subprocess.py:96} INFO - Command exited with return code 0
[2022-08-24 19:11:23,497] {taskinstance.py:1420} INFO - Marking task as SUCCESS. dag_id=dynamically_branching1, task_id=bash_task, execution_date=20201101T000000, start_date=20220824T191121, end_date=20220824T191123
[2022-08-24 19:11:23,616] {local_task_job.py:156} INFO - Task exited with return code 0
[2022-08-24 19:11:23,889] {local_task_job.py:273} INFO - 1 downstream tasks scheduled from follow-on schedule check
