[2022-08-24 19:22:05,474] {taskinstance.py:1179} INFO - Dependencies all met for <TaskInstance: dynamically_branching1.bash_task scheduled__2022-05-06T00:00:00+00:00 [queued]>
[2022-08-24 19:22:05,555] {taskinstance.py:1179} INFO - Dependencies all met for <TaskInstance: dynamically_branching1.bash_task scheduled__2022-05-06T00:00:00+00:00 [queued]>
[2022-08-24 19:22:05,557] {taskinstance.py:1376} INFO - 
--------------------------------------------------------------------------------
[2022-08-24 19:22:05,561] {taskinstance.py:1377} INFO - Starting attempt 1 of 1
[2022-08-24 19:22:05,564] {taskinstance.py:1378} INFO - 
--------------------------------------------------------------------------------
[2022-08-24 19:22:05,657] {taskinstance.py:1397} INFO - Executing <Task(BashOperator): bash_task> on 2022-05-06 00:00:00+00:00
[2022-08-24 19:22:05,698] {standard_task_runner.py:52} INFO - Started process 11141 to run task
[2022-08-24 19:22:05,738] {standard_task_runner.py:79} INFO - Running: ['***', 'tasks', 'run', 'dynamically_branching1', 'bash_task', 'scheduled__2022-05-06T00:00:00+00:00', '--job-id', '3031', '--raw', '--subdir', 'DAGS_FOLDER/jobs_dag.py', '--cfg-path', '/tmp/tmpyz1zthys', '--error-file', '/tmp/tmpbojc05e5']
[2022-08-24 19:22:05,749] {standard_task_runner.py:80} INFO - Job 3031: Subtask bash_task
[2022-08-24 19:22:06,192] {task_command.py:371} INFO - Running <TaskInstance: dynamically_branching1.bash_task scheduled__2022-05-06T00:00:00+00:00 [running]> on host 9d5d2a77e6ba
[2022-08-24 19:22:06,858] {taskinstance.py:1591} INFO - Exporting the following env vars:
AIRFLOW_CTX_DAG_OWNER=***
AIRFLOW_CTX_DAG_ID=dynamically_branching1
AIRFLOW_CTX_TASK_ID=bash_task
AIRFLOW_CTX_EXECUTION_DATE=2022-05-06T00:00:00+00:00
AIRFLOW_CTX_TRY_NUMBER=1
AIRFLOW_CTX_DAG_RUN_ID=scheduled__2022-05-06T00:00:00+00:00
[2022-08-24 19:22:06,866] {subprocess.py:62} INFO - Tmp dir root location: 
 /tmp
[2022-08-24 19:22:06,871] {subprocess.py:74} INFO - Running command: ['bash', '-c', 'echo $(whoami)']
[2022-08-24 19:22:06,914] {subprocess.py:85} INFO - Output:
[2022-08-24 19:22:06,934] {subprocess.py:92} INFO - default
[2022-08-24 19:22:06,936] {subprocess.py:96} INFO - Command exited with return code 0
[2022-08-24 19:22:07,035] {taskinstance.py:1420} INFO - Marking task as SUCCESS. dag_id=dynamically_branching1, task_id=bash_task, execution_date=20220506T000000, start_date=20220824T192205, end_date=20220824T192207
[2022-08-24 19:22:07,153] {local_task_job.py:156} INFO - Task exited with return code 0
[2022-08-24 19:22:07,319] {local_task_job.py:273} INFO - 1 downstream tasks scheduled from follow-on schedule check
