[2022-08-24 19:20:25,959] {taskinstance.py:1179} INFO - Dependencies all met for <TaskInstance: dynamically_branching1.bash_task scheduled__2022-02-11T00:00:00+00:00 [queued]>
[2022-08-24 19:20:26,019] {taskinstance.py:1179} INFO - Dependencies all met for <TaskInstance: dynamically_branching1.bash_task scheduled__2022-02-11T00:00:00+00:00 [queued]>
[2022-08-24 19:20:26,022] {taskinstance.py:1376} INFO - 
--------------------------------------------------------------------------------
[2022-08-24 19:20:26,023] {taskinstance.py:1377} INFO - Starting attempt 1 of 1
[2022-08-24 19:20:26,029] {taskinstance.py:1378} INFO - 
--------------------------------------------------------------------------------
[2022-08-24 19:20:26,137] {taskinstance.py:1397} INFO - Executing <Task(BashOperator): bash_task> on 2022-02-11 00:00:00+00:00
[2022-08-24 19:20:26,195] {standard_task_runner.py:52} INFO - Started process 10594 to run task
[2022-08-24 19:20:26,231] {standard_task_runner.py:79} INFO - Running: ['***', 'tasks', 'run', 'dynamically_branching1', 'bash_task', 'scheduled__2022-02-11T00:00:00+00:00', '--job-id', '2863', '--raw', '--subdir', 'DAGS_FOLDER/jobs_dag.py', '--cfg-path', '/tmp/tmpyzao8zkj', '--error-file', '/tmp/tmp20i7aut3']
[2022-08-24 19:20:26,237] {standard_task_runner.py:80} INFO - Job 2863: Subtask bash_task
[2022-08-24 19:20:26,674] {task_command.py:371} INFO - Running <TaskInstance: dynamically_branching1.bash_task scheduled__2022-02-11T00:00:00+00:00 [running]> on host 9d5d2a77e6ba
[2022-08-24 19:20:27,346] {taskinstance.py:1591} INFO - Exporting the following env vars:
AIRFLOW_CTX_DAG_OWNER=***
AIRFLOW_CTX_DAG_ID=dynamically_branching1
AIRFLOW_CTX_TASK_ID=bash_task
AIRFLOW_CTX_EXECUTION_DATE=2022-02-11T00:00:00+00:00
AIRFLOW_CTX_TRY_NUMBER=1
AIRFLOW_CTX_DAG_RUN_ID=scheduled__2022-02-11T00:00:00+00:00
[2022-08-24 19:20:27,349] {subprocess.py:62} INFO - Tmp dir root location: 
 /tmp
[2022-08-24 19:20:27,350] {subprocess.py:74} INFO - Running command: ['bash', '-c', 'echo $(whoami)']
[2022-08-24 19:20:27,441] {subprocess.py:85} INFO - Output:
[2022-08-24 19:20:27,484] {subprocess.py:92} INFO - default
[2022-08-24 19:20:27,486] {subprocess.py:96} INFO - Command exited with return code 0
[2022-08-24 19:20:27,774] {taskinstance.py:1420} INFO - Marking task as SUCCESS. dag_id=dynamically_branching1, task_id=bash_task, execution_date=20220211T000000, start_date=20220824T192025, end_date=20220824T192027
[2022-08-24 19:20:27,896] {local_task_job.py:156} INFO - Task exited with return code 0
[2022-08-24 19:20:28,280] {local_task_job.py:273} INFO - 0 downstream tasks scheduled from follow-on schedule check
