[2022-08-24 18:58:46,910] {taskinstance.py:1179} INFO - Dependencies all met for <TaskInstance: dynamically_branching1.check_table_exist scheduled__2019-04-03T00:00:00+00:00 [queued]>
[2022-08-24 18:58:46,925] {taskinstance.py:1179} INFO - Dependencies all met for <TaskInstance: dynamically_branching1.check_table_exist scheduled__2019-04-03T00:00:00+00:00 [queued]>
[2022-08-24 18:58:46,926] {taskinstance.py:1376} INFO - 
--------------------------------------------------------------------------------
[2022-08-24 18:58:46,928] {taskinstance.py:1377} INFO - Starting attempt 1 of 1
[2022-08-24 18:58:46,929] {taskinstance.py:1378} INFO - 
--------------------------------------------------------------------------------
[2022-08-24 18:58:46,951] {taskinstance.py:1397} INFO - Executing <Task(BranchPythonOperator): check_table_exist> on 2019-04-03 00:00:00+00:00
[2022-08-24 18:58:46,964] {standard_task_runner.py:52} INFO - Started process 5019 to run task
[2022-08-24 18:58:46,974] {standard_task_runner.py:79} INFO - Running: ['***', 'tasks', 'run', 'dynamically_branching1', 'check_table_exist', 'scheduled__2019-04-03T00:00:00+00:00', '--job-id', '1091', '--raw', '--subdir', 'DAGS_FOLDER/jobs_dag.py', '--cfg-path', '/tmp/tmp4jmw_6oz', '--error-file', '/tmp/tmpwhwnybtt']
[2022-08-24 18:58:46,975] {standard_task_runner.py:80} INFO - Job 1091: Subtask check_table_exist
[2022-08-24 18:58:47,098] {task_command.py:371} INFO - Running <TaskInstance: dynamically_branching1.check_table_exist scheduled__2019-04-03T00:00:00+00:00 [running]> on host 9d5d2a77e6ba
[2022-08-24 18:58:47,200] {taskinstance.py:1591} INFO - Exporting the following env vars:
AIRFLOW_CTX_DAG_OWNER=***
AIRFLOW_CTX_DAG_ID=dynamically_branching1
AIRFLOW_CTX_TASK_ID=check_table_exist
AIRFLOW_CTX_EXECUTION_DATE=2019-04-03T00:00:00+00:00
AIRFLOW_CTX_TRY_NUMBER=1
AIRFLOW_CTX_DAG_RUN_ID=scheduled__2019-04-03T00:00:00+00:00
[2022-08-24 18:58:47,202] {python.py:173} INFO - Done. Returned value was: create_table
[2022-08-24 18:58:47,203] {skipmixin.py:140} INFO - Following branch create_table
[2022-08-24 18:58:47,204] {skipmixin.py:175} INFO - Skipping tasks []
[2022-08-24 18:58:47,268] {taskinstance.py:1420} INFO - Marking task as SUCCESS. dag_id=dynamically_branching1, task_id=check_table_exist, execution_date=20190403T000000, start_date=20220824T185846, end_date=20220824T185847
[2022-08-24 18:58:47,304] {local_task_job.py:156} INFO - Task exited with return code 0
[2022-08-24 18:58:47,370] {local_task_job.py:273} INFO - 1 downstream tasks scheduled from follow-on schedule check
