[2022-08-24 19:23:17,581] {taskinstance.py:1179} INFO - Dependencies all met for <TaskInstance: dynamically_branching1.check_table_exist scheduled__2022-07-03T00:00:00+00:00 [queued]>
[2022-08-24 19:23:17,650] {taskinstance.py:1179} INFO - Dependencies all met for <TaskInstance: dynamically_branching1.check_table_exist scheduled__2022-07-03T00:00:00+00:00 [queued]>
[2022-08-24 19:23:17,656] {taskinstance.py:1376} INFO - 
--------------------------------------------------------------------------------
[2022-08-24 19:23:17,657] {taskinstance.py:1377} INFO - Starting attempt 1 of 1
[2022-08-24 19:23:17,658] {taskinstance.py:1378} INFO - 
--------------------------------------------------------------------------------
[2022-08-24 19:23:17,772] {taskinstance.py:1397} INFO - Executing <Task(BranchPythonOperator): check_table_exist> on 2022-07-03 00:00:00+00:00
[2022-08-24 19:23:17,808] {standard_task_runner.py:52} INFO - Started process 11561 to run task
[2022-08-24 19:23:17,829] {standard_task_runner.py:79} INFO - Running: ['***', 'tasks', 'run', 'dynamically_branching1', 'check_table_exist', 'scheduled__2022-07-03T00:00:00+00:00', '--job-id', '3159', '--raw', '--subdir', 'DAGS_FOLDER/jobs_dag.py', '--cfg-path', '/tmp/tmphkbjz2_b', '--error-file', '/tmp/tmpuw507el6']
[2022-08-24 19:23:17,830] {standard_task_runner.py:80} INFO - Job 3159: Subtask check_table_exist
[2022-08-24 19:23:18,297] {task_command.py:371} INFO - Running <TaskInstance: dynamically_branching1.check_table_exist scheduled__2022-07-03T00:00:00+00:00 [running]> on host 9d5d2a77e6ba
[2022-08-24 19:23:18,596] {taskinstance.py:1591} INFO - Exporting the following env vars:
AIRFLOW_CTX_DAG_OWNER=***
AIRFLOW_CTX_DAG_ID=dynamically_branching1
AIRFLOW_CTX_TASK_ID=check_table_exist
AIRFLOW_CTX_EXECUTION_DATE=2022-07-03T00:00:00+00:00
AIRFLOW_CTX_TRY_NUMBER=1
AIRFLOW_CTX_DAG_RUN_ID=scheduled__2022-07-03T00:00:00+00:00
[2022-08-24 19:23:18,600] {python.py:173} INFO - Done. Returned value was: insert_row
[2022-08-24 19:23:18,605] {skipmixin.py:140} INFO - Following branch insert_row
[2022-08-24 19:23:18,606] {skipmixin.py:175} INFO - Skipping tasks ['create_table']
[2022-08-24 19:23:18,831] {taskinstance.py:1420} INFO - Marking task as SUCCESS. dag_id=dynamically_branching1, task_id=check_table_exist, execution_date=20220703T000000, start_date=20220824T192317, end_date=20220824T192318
[2022-08-24 19:23:18,951] {local_task_job.py:156} INFO - Task exited with return code 0
[2022-08-24 19:23:19,186] {local_task_job.py:273} INFO - 0 downstream tasks scheduled from follow-on schedule check
