[2022-08-19 20:49:53,418] {taskinstance.py:1179} INFO - Dependencies all met for <TaskInstance: loop_hello_world_1.hello_world scheduled__2021-03-25T00:00:00+00:00 [queued]>
[2022-08-19 20:49:53,520] {taskinstance.py:1179} INFO - Dependencies all met for <TaskInstance: loop_hello_world_1.hello_world scheduled__2021-03-25T00:00:00+00:00 [queued]>
[2022-08-19 20:49:53,531] {taskinstance.py:1376} INFO - 
--------------------------------------------------------------------------------
[2022-08-19 20:49:53,533] {taskinstance.py:1377} INFO - Starting attempt 1 of 1
[2022-08-19 20:49:53,542] {taskinstance.py:1378} INFO - 
--------------------------------------------------------------------------------
[2022-08-19 20:49:53,681] {taskinstance.py:1397} INFO - Executing <Task(PythonOperator): hello_world> on 2021-03-25 00:00:00+00:00
[2022-08-19 20:49:53,793] {standard_task_runner.py:52} INFO - Started process 15965 to run task
[2022-08-19 20:49:53,847] {standard_task_runner.py:79} INFO - Running: ['***', 'tasks', 'run', 'loop_hello_world_1', 'hello_world', 'scheduled__2021-03-25T00:00:00+00:00', '--job-id', '168', '--raw', '--subdir', 'DAGS_FOLDER/practiceDag1.py', '--cfg-path', '/tmp/tmpx2y4g3u5', '--error-file', '/tmp/tmphjazq2k8']
[2022-08-19 20:49:53,853] {standard_task_runner.py:80} INFO - Job 168: Subtask hello_world
[2022-08-19 20:49:54,413] {task_command.py:371} INFO - Running <TaskInstance: loop_hello_world_1.hello_world scheduled__2021-03-25T00:00:00+00:00 [running]> on host 9d5d2a77e6ba
[2022-08-19 20:49:54,998] {taskinstance.py:1591} INFO - Exporting the following env vars:
AIRFLOW_CTX_DAG_OWNER=***
AIRFLOW_CTX_DAG_ID=loop_hello_world_1
AIRFLOW_CTX_TASK_ID=hello_world
AIRFLOW_CTX_EXECUTION_DATE=2021-03-25T00:00:00+00:00
AIRFLOW_CTX_TRY_NUMBER=1
AIRFLOW_CTX_DAG_RUN_ID=scheduled__2021-03-25T00:00:00+00:00
[2022-08-19 20:49:55,003] {logging_mixin.py:115} INFO - Hello World
[2022-08-19 20:49:55,012] {logging_mixin.py:115} INFO - This is DAG: 1
[2022-08-19 20:49:55,014] {python.py:173} INFO - Done. Returned value was: None
[2022-08-19 20:49:55,089] {taskinstance.py:1420} INFO - Marking task as SUCCESS. dag_id=loop_hello_world_1, task_id=hello_world, execution_date=20210325T000000, start_date=20220819T204953, end_date=20220819T204955
[2022-08-19 20:49:55,240] {local_task_job.py:156} INFO - Task exited with return code 0
[2022-08-19 20:49:55,526] {local_task_job.py:273} INFO - 0 downstream tasks scheduled from follow-on schedule check
