[2022-09-07 17:08:02,901] {taskinstance.py:1179} INFO - Dependencies all met for <TaskInstance: tables_name_1.bash_task manual__2022-09-07T17:08:01.017601+00:00 [queued]>
[2022-09-07 17:08:02,916] {taskinstance.py:1179} INFO - Dependencies all met for <TaskInstance: tables_name_1.bash_task manual__2022-09-07T17:08:01.017601+00:00 [queued]>
[2022-09-07 17:08:02,916] {taskinstance.py:1376} INFO - 
--------------------------------------------------------------------------------
[2022-09-07 17:08:02,917] {taskinstance.py:1377} INFO - Starting attempt 1 of 1
[2022-09-07 17:08:02,918] {taskinstance.py:1378} INFO - 
--------------------------------------------------------------------------------
[2022-09-07 17:08:02,939] {taskinstance.py:1397} INFO - Executing <Task(BashOperator): bash_task> on 2022-09-07 17:08:01.017601+00:00
[2022-09-07 17:08:02,947] {standard_task_runner.py:52} INFO - Started process 14243 to run task
[2022-09-07 17:08:02,952] {standard_task_runner.py:79} INFO - Running: ['***', 'tasks', 'run', 'tables_name_1', 'bash_task', 'manual__2022-09-07T17:08:01.017601+00:00', '--job-id', '3950', '--raw', '--subdir', 'DAGS_FOLDER/jobs_dag.py', '--cfg-path', '/tmp/tmp4qc5bkkt', '--error-file', '/tmp/tmpp93ft31h']
[2022-09-07 17:08:02,954] {standard_task_runner.py:80} INFO - Job 3950: Subtask bash_task
[2022-09-07 17:08:03,050] {task_command.py:371} INFO - Running <TaskInstance: tables_name_1.bash_task manual__2022-09-07T17:08:01.017601+00:00 [running]> on host eba23da77ca5
[2022-09-07 17:08:03,156] {taskinstance.py:1591} INFO - Exporting the following env vars:
AIRFLOW_CTX_DAG_OWNER=***
AIRFLOW_CTX_DAG_ID=tables_name_1
AIRFLOW_CTX_TASK_ID=bash_task
AIRFLOW_CTX_EXECUTION_DATE=2022-09-07T17:08:01.017601+00:00
AIRFLOW_CTX_TRY_NUMBER=1
AIRFLOW_CTX_DAG_RUN_ID=manual__2022-09-07T17:08:01.017601+00:00
[2022-09-07 17:08:03,159] {subprocess.py:62} INFO - Tmp dir root location: 
 /tmp
[2022-09-07 17:08:03,160] {subprocess.py:74} INFO - Running command: ['bash', '-c', 'whoami']
[2022-09-07 17:08:03,174] {subprocess.py:85} INFO - Output:
[2022-09-07 17:08:03,179] {subprocess.py:92} INFO - default
[2022-09-07 17:08:03,180] {subprocess.py:96} INFO - Command exited with return code 0
[2022-09-07 17:08:03,221] {taskinstance.py:1420} INFO - Marking task as SUCCESS. dag_id=tables_name_1, task_id=bash_task, execution_date=20220907T170801, start_date=20220907T170802, end_date=20220907T170803
[2022-09-07 17:08:03,285] {local_task_job.py:156} INFO - Task exited with return code 0
[2022-09-07 17:08:03,340] {local_task_job.py:273} INFO - 1 downstream tasks scheduled from follow-on schedule check
