[2022-08-24 19:12:24,141] {taskinstance.py:1179} INFO - Dependencies all met for <TaskInstance: dynamically_branching1.check_table_exist scheduled__2020-12-20T00:00:00+00:00 [queued]>
[2022-08-24 19:12:24,215] {taskinstance.py:1179} INFO - Dependencies all met for <TaskInstance: dynamically_branching1.check_table_exist scheduled__2020-12-20T00:00:00+00:00 [queued]>
[2022-08-24 19:12:24,223] {taskinstance.py:1376} INFO - 
--------------------------------------------------------------------------------
[2022-08-24 19:12:24,227] {taskinstance.py:1377} INFO - Starting attempt 1 of 1
[2022-08-24 19:12:24,228] {taskinstance.py:1378} INFO - 
--------------------------------------------------------------------------------
[2022-08-24 19:12:24,272] {taskinstance.py:1397} INFO - Executing <Task(BranchPythonOperator): check_table_exist> on 2020-12-20 00:00:00+00:00
[2022-08-24 19:12:24,286] {standard_task_runner.py:52} INFO - Started process 7890 to run task
[2022-08-24 19:12:24,375] {standard_task_runner.py:79} INFO - Running: ['***', 'tasks', 'run', 'dynamically_branching1', 'check_table_exist', 'scheduled__2020-12-20T00:00:00+00:00', '--job-id', '2040', '--raw', '--subdir', 'DAGS_FOLDER/jobs_dag.py', '--cfg-path', '/tmp/tmpp0wmfmxx', '--error-file', '/tmp/tmpln4l9pla']
[2022-08-24 19:12:24,441] {standard_task_runner.py:80} INFO - Job 2040: Subtask check_table_exist
[2022-08-24 19:12:25,136] {task_command.py:371} INFO - Running <TaskInstance: dynamically_branching1.check_table_exist scheduled__2020-12-20T00:00:00+00:00 [running]> on host 9d5d2a77e6ba
[2022-08-24 19:12:25,754] {taskinstance.py:1591} INFO - Exporting the following env vars:
AIRFLOW_CTX_DAG_OWNER=***
AIRFLOW_CTX_DAG_ID=dynamically_branching1
AIRFLOW_CTX_TASK_ID=check_table_exist
AIRFLOW_CTX_EXECUTION_DATE=2020-12-20T00:00:00+00:00
AIRFLOW_CTX_TRY_NUMBER=1
AIRFLOW_CTX_DAG_RUN_ID=scheduled__2020-12-20T00:00:00+00:00
[2022-08-24 19:12:25,760] {python.py:173} INFO - Done. Returned value was: insert_row
[2022-08-24 19:12:25,762] {skipmixin.py:140} INFO - Following branch insert_row
[2022-08-24 19:12:25,773] {skipmixin.py:175} INFO - Skipping tasks ['create_table']
[2022-08-24 19:12:26,165] {taskinstance.py:1420} INFO - Marking task as SUCCESS. dag_id=dynamically_branching1, task_id=check_table_exist, execution_date=20201220T000000, start_date=20220824T191224, end_date=20220824T191226
[2022-08-24 19:12:26,364] {local_task_job.py:156} INFO - Task exited with return code 0
[2022-08-24 19:12:26,774] {local_task_job.py:273} INFO - 0 downstream tasks scheduled from follow-on schedule check
