[2022-08-24 19:15:48,085] {taskinstance.py:1179} INFO - Dependencies all met for <TaskInstance: dynamically_branching1.check_table_exist scheduled__2021-06-14T00:00:00+00:00 [queued]>
[2022-08-24 19:15:48,203] {taskinstance.py:1179} INFO - Dependencies all met for <TaskInstance: dynamically_branching1.check_table_exist scheduled__2021-06-14T00:00:00+00:00 [queued]>
[2022-08-24 19:15:48,204] {taskinstance.py:1376} INFO - 
--------------------------------------------------------------------------------
[2022-08-24 19:15:48,205] {taskinstance.py:1377} INFO - Starting attempt 1 of 1
[2022-08-24 19:15:48,205] {taskinstance.py:1378} INFO - 
--------------------------------------------------------------------------------
[2022-08-24 19:15:48,339] {taskinstance.py:1397} INFO - Executing <Task(BranchPythonOperator): check_table_exist> on 2021-06-14 00:00:00+00:00
[2022-08-24 19:15:48,355] {standard_task_runner.py:52} INFO - Started process 9048 to run task
[2022-08-24 19:15:48,410] {standard_task_runner.py:79} INFO - Running: ['***', 'tasks', 'run', 'dynamically_branching1', 'check_table_exist', 'scheduled__2021-06-14T00:00:00+00:00', '--job-id', '2393', '--raw', '--subdir', 'DAGS_FOLDER/jobs_dag.py', '--cfg-path', '/tmp/tmpe2zbhc2c', '--error-file', '/tmp/tmp_zuprni1']
[2022-08-24 19:15:48,415] {standard_task_runner.py:80} INFO - Job 2393: Subtask check_table_exist
[2022-08-24 19:15:48,783] {task_command.py:371} INFO - Running <TaskInstance: dynamically_branching1.check_table_exist scheduled__2021-06-14T00:00:00+00:00 [running]> on host 9d5d2a77e6ba
[2022-08-24 19:15:49,454] {taskinstance.py:1591} INFO - Exporting the following env vars:
AIRFLOW_CTX_DAG_OWNER=***
AIRFLOW_CTX_DAG_ID=dynamically_branching1
AIRFLOW_CTX_TASK_ID=check_table_exist
AIRFLOW_CTX_EXECUTION_DATE=2021-06-14T00:00:00+00:00
AIRFLOW_CTX_TRY_NUMBER=1
AIRFLOW_CTX_DAG_RUN_ID=scheduled__2021-06-14T00:00:00+00:00
[2022-08-24 19:15:49,458] {python.py:173} INFO - Done. Returned value was: insert_row
[2022-08-24 19:15:49,459] {skipmixin.py:140} INFO - Following branch insert_row
[2022-08-24 19:15:49,461] {skipmixin.py:175} INFO - Skipping tasks ['create_table']
[2022-08-24 19:15:49,670] {taskinstance.py:1420} INFO - Marking task as SUCCESS. dag_id=dynamically_branching1, task_id=check_table_exist, execution_date=20210614T000000, start_date=20220824T191548, end_date=20220824T191549
[2022-08-24 19:15:49,860] {local_task_job.py:156} INFO - Task exited with return code 0
[2022-08-24 19:15:50,280] {local_task_job.py:273} INFO - 1 downstream tasks scheduled from follow-on schedule check
