[2022-08-24 19:21:57,864] {taskinstance.py:1179} INFO - Dependencies all met for <TaskInstance: dynamically_branching1.bash_task scheduled__2022-04-25T00:00:00+00:00 [queued]>
[2022-08-24 19:21:57,913] {taskinstance.py:1179} INFO - Dependencies all met for <TaskInstance: dynamically_branching1.bash_task scheduled__2022-04-25T00:00:00+00:00 [queued]>
[2022-08-24 19:21:57,914] {taskinstance.py:1376} INFO - 
--------------------------------------------------------------------------------
[2022-08-24 19:21:57,915] {taskinstance.py:1377} INFO - Starting attempt 1 of 1
[2022-08-24 19:21:57,916] {taskinstance.py:1378} INFO - 
--------------------------------------------------------------------------------
[2022-08-24 19:21:58,085] {taskinstance.py:1397} INFO - Executing <Task(BashOperator): bash_task> on 2022-04-25 00:00:00+00:00
[2022-08-24 19:21:58,138] {standard_task_runner.py:52} INFO - Started process 11074 to run task
[2022-08-24 19:21:58,169] {standard_task_runner.py:79} INFO - Running: ['***', 'tasks', 'run', 'dynamically_branching1', 'bash_task', 'scheduled__2022-04-25T00:00:00+00:00', '--job-id', '3011', '--raw', '--subdir', 'DAGS_FOLDER/jobs_dag.py', '--cfg-path', '/tmp/tmp_cuq4ir0', '--error-file', '/tmp/tmpjt991y8y']
[2022-08-24 19:21:58,171] {standard_task_runner.py:80} INFO - Job 3011: Subtask bash_task
[2022-08-24 19:21:58,505] {task_command.py:371} INFO - Running <TaskInstance: dynamically_branching1.bash_task scheduled__2022-04-25T00:00:00+00:00 [running]> on host 9d5d2a77e6ba
[2022-08-24 19:21:58,810] {taskinstance.py:1591} INFO - Exporting the following env vars:
AIRFLOW_CTX_DAG_OWNER=***
AIRFLOW_CTX_DAG_ID=dynamically_branching1
AIRFLOW_CTX_TASK_ID=bash_task
AIRFLOW_CTX_EXECUTION_DATE=2022-04-25T00:00:00+00:00
AIRFLOW_CTX_TRY_NUMBER=1
AIRFLOW_CTX_DAG_RUN_ID=scheduled__2022-04-25T00:00:00+00:00
[2022-08-24 19:21:58,815] {subprocess.py:62} INFO - Tmp dir root location: 
 /tmp
[2022-08-24 19:21:58,822] {subprocess.py:74} INFO - Running command: ['bash', '-c', 'echo $(whoami)']
[2022-08-24 19:21:58,859] {subprocess.py:85} INFO - Output:
[2022-08-24 19:21:58,899] {subprocess.py:92} INFO - default
[2022-08-24 19:21:58,900] {subprocess.py:96} INFO - Command exited with return code 0
[2022-08-24 19:21:59,028] {taskinstance.py:1420} INFO - Marking task as SUCCESS. dag_id=dynamically_branching1, task_id=bash_task, execution_date=20220425T000000, start_date=20220824T192157, end_date=20220824T192159
[2022-08-24 19:21:59,141] {local_task_job.py:156} INFO - Task exited with return code 0
[2022-08-24 19:21:59,380] {local_task_job.py:273} INFO - 1 downstream tasks scheduled from follow-on schedule check
