[2022-08-24 19:23:50,853] {taskinstance.py:1179} INFO - Dependencies all met for <TaskInstance: dynamically_branching1.bash_task scheduled__2022-08-07T00:00:00+00:00 [queued]>
[2022-08-24 19:23:50,871] {taskinstance.py:1179} INFO - Dependencies all met for <TaskInstance: dynamically_branching1.bash_task scheduled__2022-08-07T00:00:00+00:00 [queued]>
[2022-08-24 19:23:50,872] {taskinstance.py:1376} INFO - 
--------------------------------------------------------------------------------
[2022-08-24 19:23:50,873] {taskinstance.py:1377} INFO - Starting attempt 1 of 1
[2022-08-24 19:23:50,874] {taskinstance.py:1378} INFO - 
--------------------------------------------------------------------------------
[2022-08-24 19:23:50,934] {taskinstance.py:1397} INFO - Executing <Task(BashOperator): bash_task> on 2022-08-07 00:00:00+00:00
[2022-08-24 19:23:50,983] {standard_task_runner.py:52} INFO - Started process 11757 to run task
[2022-08-24 19:23:51,009] {standard_task_runner.py:79} INFO - Running: ['***', 'tasks', 'run', 'dynamically_branching1', 'bash_task', 'scheduled__2022-08-07T00:00:00+00:00', '--job-id', '3219', '--raw', '--subdir', 'DAGS_FOLDER/jobs_dag.py', '--cfg-path', '/tmp/tmp3l63ixo1', '--error-file', '/tmp/tmpss1i1o3_']
[2022-08-24 19:23:51,011] {standard_task_runner.py:80} INFO - Job 3219: Subtask bash_task
[2022-08-24 19:23:51,287] {task_command.py:371} INFO - Running <TaskInstance: dynamically_branching1.bash_task scheduled__2022-08-07T00:00:00+00:00 [running]> on host 9d5d2a77e6ba
[2022-08-24 19:23:51,630] {taskinstance.py:1591} INFO - Exporting the following env vars:
AIRFLOW_CTX_DAG_OWNER=***
AIRFLOW_CTX_DAG_ID=dynamically_branching1
AIRFLOW_CTX_TASK_ID=bash_task
AIRFLOW_CTX_EXECUTION_DATE=2022-08-07T00:00:00+00:00
AIRFLOW_CTX_TRY_NUMBER=1
AIRFLOW_CTX_DAG_RUN_ID=scheduled__2022-08-07T00:00:00+00:00
[2022-08-24 19:23:51,633] {subprocess.py:62} INFO - Tmp dir root location: 
 /tmp
[2022-08-24 19:23:51,634] {subprocess.py:74} INFO - Running command: ['bash', '-c', 'echo $(whoami)']
[2022-08-24 19:23:51,729] {subprocess.py:85} INFO - Output:
[2022-08-24 19:23:51,743] {subprocess.py:92} INFO - default
[2022-08-24 19:23:51,744] {subprocess.py:96} INFO - Command exited with return code 0
[2022-08-24 19:23:52,181] {taskinstance.py:1420} INFO - Marking task as SUCCESS. dag_id=dynamically_branching1, task_id=bash_task, execution_date=20220807T000000, start_date=20220824T192350, end_date=20220824T192352
[2022-08-24 19:23:52,359] {local_task_job.py:156} INFO - Task exited with return code 0
[2022-08-24 19:23:52,523] {local_task_job.py:273} INFO - 1 downstream tasks scheduled from follow-on schedule check
