[2022-09-08 16:27:36,079] {taskinstance.py:1179} INFO - Dependencies all met for <TaskInstance: tables_name_1.bash_task manual__2022-09-08T16:27:33.489429+00:00 [queued]>
[2022-09-08 16:27:36,091] {taskinstance.py:1179} INFO - Dependencies all met for <TaskInstance: tables_name_1.bash_task manual__2022-09-08T16:27:33.489429+00:00 [queued]>
[2022-09-08 16:27:36,092] {taskinstance.py:1376} INFO - 
--------------------------------------------------------------------------------
[2022-09-08 16:27:36,093] {taskinstance.py:1377} INFO - Starting attempt 1 of 1
[2022-09-08 16:27:36,094] {taskinstance.py:1378} INFO - 
--------------------------------------------------------------------------------
[2022-09-08 16:27:36,112] {taskinstance.py:1397} INFO - Executing <Task(BashOperator): bash_task> on 2022-09-08 16:27:33.489429+00:00
[2022-09-08 16:27:36,119] {standard_task_runner.py:52} INFO - Started process 1901 to run task
[2022-09-08 16:27:36,123] {standard_task_runner.py:79} INFO - Running: ['***', 'tasks', 'run', 'tables_name_1', 'bash_task', 'manual__2022-09-08T16:27:33.489429+00:00', '--job-id', '4008', '--raw', '--subdir', 'DAGS_FOLDER/jobs_dag.py', '--cfg-path', '/tmp/tmpsrenfybb', '--error-file', '/tmp/tmp5ntd1k43']
[2022-09-08 16:27:36,124] {standard_task_runner.py:80} INFO - Job 4008: Subtask bash_task
[2022-09-08 16:27:36,209] {task_command.py:371} INFO - Running <TaskInstance: tables_name_1.bash_task manual__2022-09-08T16:27:33.489429+00:00 [running]> on host 4a46d6ca03fb
[2022-09-08 16:27:36,308] {taskinstance.py:1591} INFO - Exporting the following env vars:
AIRFLOW_CTX_DAG_OWNER=***
AIRFLOW_CTX_DAG_ID=tables_name_1
AIRFLOW_CTX_TASK_ID=bash_task
AIRFLOW_CTX_EXECUTION_DATE=2022-09-08T16:27:33.489429+00:00
AIRFLOW_CTX_TRY_NUMBER=1
AIRFLOW_CTX_DAG_RUN_ID=manual__2022-09-08T16:27:33.489429+00:00
[2022-09-08 16:27:36,310] {subprocess.py:62} INFO - Tmp dir root location: 
 /tmp
[2022-09-08 16:27:36,311] {subprocess.py:74} INFO - Running command: ['bash', '-c', 'whoami']
[2022-09-08 16:27:36,324] {subprocess.py:85} INFO - Output:
[2022-09-08 16:27:36,328] {subprocess.py:92} INFO - ***
[2022-09-08 16:27:36,329] {subprocess.py:96} INFO - Command exited with return code 0
[2022-09-08 16:27:36,370] {taskinstance.py:1420} INFO - Marking task as SUCCESS. dag_id=tables_name_1, task_id=bash_task, execution_date=20220908T162733, start_date=20220908T162736, end_date=20220908T162736
[2022-09-08 16:27:36,417] {local_task_job.py:156} INFO - Task exited with return code 0
[2022-09-08 16:27:36,477] {local_task_job.py:273} INFO - 1 downstream tasks scheduled from follow-on schedule check
