[2022-09-01 22:01:05,745] {taskinstance.py:1179} INFO - Dependencies all met for <TaskInstance: trigger_sensor.process_results.print_result manual__2022-09-01T22:00:19.350934+00:00 [queued]>
[2022-09-01 22:01:05,771] {taskinstance.py:1179} INFO - Dependencies all met for <TaskInstance: trigger_sensor.process_results.print_result manual__2022-09-01T22:00:19.350934+00:00 [queued]>
[2022-09-01 22:01:05,772] {taskinstance.py:1376} INFO - 
--------------------------------------------------------------------------------
[2022-09-01 22:01:05,773] {taskinstance.py:1377} INFO - Starting attempt 1 of 1
[2022-09-01 22:01:05,775] {taskinstance.py:1378} INFO - 
--------------------------------------------------------------------------------
[2022-09-01 22:01:05,812] {taskinstance.py:1397} INFO - Executing <Task(PythonOperator): process_results.print_result> on 2022-09-01 22:00:19.350934+00:00
[2022-09-01 22:01:05,823] {standard_task_runner.py:52} INFO - Started process 94004 to run task
[2022-09-01 22:01:05,828] {standard_task_runner.py:79} INFO - Running: ['***', 'tasks', 'run', 'trigger_sensor', 'process_results.print_result', 'manual__2022-09-01T22:00:19.350934+00:00', '--job-id', '3689', '--raw', '--subdir', 'DAGS_FOLDER/trigger_dag.py', '--cfg-path', '/tmp/tmp6rbyox_p', '--error-file', '/tmp/tmpnqyt51xq']
[2022-09-01 22:01:05,832] {standard_task_runner.py:80} INFO - Job 3689: Subtask process_results.print_result
[2022-09-01 22:01:05,993] {task_command.py:371} INFO - Running <TaskInstance: trigger_sensor.process_results.print_result manual__2022-09-01T22:00:19.350934+00:00 [running]> on host 9d5d2a77e6ba
[2022-09-01 22:01:06,157] {taskinstance.py:1591} INFO - Exporting the following env vars:
AIRFLOW_CTX_DAG_OWNER=***
AIRFLOW_CTX_DAG_ID=trigger_sensor
AIRFLOW_CTX_TASK_ID=process_results.print_result
AIRFLOW_CTX_EXECUTION_DATE=2022-09-01T22:00:19.350934+00:00
AIRFLOW_CTX_TRY_NUMBER=1
AIRFLOW_CTX_DAG_RUN_ID=manual__2022-09-01T22:00:19.350934+00:00
[2022-09-01 22:01:06,162] {trigger_dag.py:41} INFO - Aqui es donde deberia salir el resultado:
[2022-09-01 22:01:06,191] {trigger_dag.py:42} INFO - None
[2022-09-01 22:01:06,192] {python.py:173} INFO - Done. Returned value was: None
[2022-09-01 22:01:06,215] {taskinstance.py:1420} INFO - Marking task as SUCCESS. dag_id=trigger_sensor, task_id=process_results.print_result, execution_date=20220901T220019, start_date=20220901T220105, end_date=20220901T220106
[2022-09-01 22:01:06,286] {local_task_job.py:156} INFO - Task exited with return code 0
[2022-09-01 22:01:06,362] {local_task_job.py:273} INFO - 1 downstream tasks scheduled from follow-on schedule check
