[2022-08-19 20:53:59,263] {taskinstance.py:1179} INFO - Dependencies all met for <TaskInstance: loop_hello_world_1.hello_world scheduled__2022-03-05T00:00:00+00:00 [queued]>
[2022-08-19 20:53:59,375] {taskinstance.py:1179} INFO - Dependencies all met for <TaskInstance: loop_hello_world_1.hello_world scheduled__2022-03-05T00:00:00+00:00 [queued]>
[2022-08-19 20:53:59,376] {taskinstance.py:1376} INFO - 
--------------------------------------------------------------------------------
[2022-08-19 20:53:59,378] {taskinstance.py:1377} INFO - Starting attempt 1 of 1
[2022-08-19 20:53:59,379] {taskinstance.py:1378} INFO - 
--------------------------------------------------------------------------------
[2022-08-19 20:53:59,472] {taskinstance.py:1397} INFO - Executing <Task(PythonOperator): hello_world> on 2022-03-05 00:00:00+00:00
[2022-08-19 20:53:59,513] {standard_task_runner.py:52} INFO - Started process 16775 to run task
[2022-08-19 20:53:59,530] {standard_task_runner.py:79} INFO - Running: ['***', 'tasks', 'run', 'loop_hello_world_1', 'hello_world', 'scheduled__2022-03-05T00:00:00+00:00', '--job-id', '515', '--raw', '--subdir', 'DAGS_FOLDER/practiceDag1.py', '--cfg-path', '/tmp/tmpv2o36ezo', '--error-file', '/tmp/tmpkji4m9ms']
[2022-08-19 20:53:59,532] {standard_task_runner.py:80} INFO - Job 515: Subtask hello_world
[2022-08-19 20:53:59,828] {task_command.py:371} INFO - Running <TaskInstance: loop_hello_world_1.hello_world scheduled__2022-03-05T00:00:00+00:00 [running]> on host 9d5d2a77e6ba
[2022-08-19 20:54:00,306] {taskinstance.py:1591} INFO - Exporting the following env vars:
AIRFLOW_CTX_DAG_OWNER=***
AIRFLOW_CTX_DAG_ID=loop_hello_world_1
AIRFLOW_CTX_TASK_ID=hello_world
AIRFLOW_CTX_EXECUTION_DATE=2022-03-05T00:00:00+00:00
AIRFLOW_CTX_TRY_NUMBER=1
AIRFLOW_CTX_DAG_RUN_ID=scheduled__2022-03-05T00:00:00+00:00
[2022-08-19 20:54:00,309] {logging_mixin.py:115} INFO - Hello World
[2022-08-19 20:54:00,311] {logging_mixin.py:115} INFO - This is DAG: 1
[2022-08-19 20:54:00,312] {python.py:173} INFO - Done. Returned value was: None
[2022-08-19 20:54:00,373] {taskinstance.py:1420} INFO - Marking task as SUCCESS. dag_id=loop_hello_world_1, task_id=hello_world, execution_date=20220305T000000, start_date=20220819T205359, end_date=20220819T205400
[2022-08-19 20:54:00,481] {local_task_job.py:156} INFO - Task exited with return code 0
[2022-08-19 20:54:00,629] {local_task_job.py:273} INFO - 0 downstream tasks scheduled from follow-on schedule check
