[2022-08-19 20:52:40,551] {taskinstance.py:1179} INFO - Dependencies all met for <TaskInstance: loop_hello_world_1.hello_world scheduled__2021-11-03T00:00:00+00:00 [queued]>
[2022-08-19 20:52:40,852] {taskinstance.py:1179} INFO - Dependencies all met for <TaskInstance: loop_hello_world_1.hello_world scheduled__2021-11-03T00:00:00+00:00 [queued]>
[2022-08-19 20:52:40,868] {taskinstance.py:1376} INFO - 
--------------------------------------------------------------------------------
[2022-08-19 20:52:40,904] {taskinstance.py:1377} INFO - Starting attempt 1 of 1
[2022-08-19 20:52:40,911] {taskinstance.py:1378} INFO - 
--------------------------------------------------------------------------------
[2022-08-19 20:52:41,136] {taskinstance.py:1397} INFO - Executing <Task(PythonOperator): hello_world> on 2021-11-03 00:00:00+00:00
[2022-08-19 20:52:41,172] {standard_task_runner.py:52} INFO - Started process 16499 to run task
[2022-08-19 20:52:41,224] {standard_task_runner.py:79} INFO - Running: ['***', 'tasks', 'run', 'loop_hello_world_1', 'hello_world', 'scheduled__2021-11-03T00:00:00+00:00', '--job-id', '393', '--raw', '--subdir', 'DAGS_FOLDER/practiceDag1.py', '--cfg-path', '/tmp/tmp8kzerk3s', '--error-file', '/tmp/tmpykq59h8x']
[2022-08-19 20:52:41,230] {standard_task_runner.py:80} INFO - Job 393: Subtask hello_world
[2022-08-19 20:52:42,356] {task_command.py:371} INFO - Running <TaskInstance: loop_hello_world_1.hello_world scheduled__2021-11-03T00:00:00+00:00 [running]> on host 9d5d2a77e6ba
[2022-08-19 20:52:43,302] {taskinstance.py:1591} INFO - Exporting the following env vars:
AIRFLOW_CTX_DAG_OWNER=***
AIRFLOW_CTX_DAG_ID=loop_hello_world_1
AIRFLOW_CTX_TASK_ID=hello_world
AIRFLOW_CTX_EXECUTION_DATE=2021-11-03T00:00:00+00:00
AIRFLOW_CTX_TRY_NUMBER=1
AIRFLOW_CTX_DAG_RUN_ID=scheduled__2021-11-03T00:00:00+00:00
[2022-08-19 20:52:43,332] {logging_mixin.py:115} INFO - Hello World
[2022-08-19 20:52:43,336] {logging_mixin.py:115} INFO - This is DAG: 1
[2022-08-19 20:52:43,337] {python.py:173} INFO - Done. Returned value was: None
[2022-08-19 20:52:43,505] {taskinstance.py:1420} INFO - Marking task as SUCCESS. dag_id=loop_hello_world_1, task_id=hello_world, execution_date=20211103T000000, start_date=20220819T205240, end_date=20220819T205243
[2022-08-19 20:52:43,904] {local_task_job.py:156} INFO - Task exited with return code 0
[2022-08-19 20:52:44,449] {local_task_job.py:273} INFO - 0 downstream tasks scheduled from follow-on schedule check
