[2022-08-24 18:43:17,675] {taskinstance.py:1179} INFO - Dependencies all met for <TaskInstance: dynamically_branching1.Process_Start scheduled__2019-01-06T00:00:00+00:00 [queued]>
[2022-08-24 18:43:17,798] {taskinstance.py:1179} INFO - Dependencies all met for <TaskInstance: dynamically_branching1.Process_Start scheduled__2019-01-06T00:00:00+00:00 [queued]>
[2022-08-24 18:43:17,810] {taskinstance.py:1376} INFO - 
--------------------------------------------------------------------------------
[2022-08-24 18:43:17,811] {taskinstance.py:1377} INFO - Starting attempt 1 of 1
[2022-08-24 18:43:17,812] {taskinstance.py:1378} INFO - 
--------------------------------------------------------------------------------
[2022-08-24 18:43:17,947] {taskinstance.py:1397} INFO - Executing <Task(PythonOperator): Process_Start> on 2019-01-06 00:00:00+00:00
[2022-08-24 18:43:18,009] {standard_task_runner.py:52} INFO - Started process 3960 to run task
[2022-08-24 18:43:18,071] {standard_task_runner.py:79} INFO - Running: ['***', 'tasks', 'run', 'dynamically_branching1', 'Process_Start', 'scheduled__2019-01-06T00:00:00+00:00', '--job-id', '900', '--raw', '--subdir', 'DAGS_FOLDER/jobs_dag.py', '--cfg-path', '/tmp/tmpv333s87d', '--error-file', '/tmp/tmpqhf2ibpy']
[2022-08-24 18:43:18,085] {standard_task_runner.py:80} INFO - Job 900: Subtask Process_Start
[2022-08-24 18:43:18,847] {task_command.py:371} INFO - Running <TaskInstance: dynamically_branching1.Process_Start scheduled__2019-01-06T00:00:00+00:00 [running]> on host 9d5d2a77e6ba
[2022-08-24 18:43:19,511] {taskinstance.py:1591} INFO - Exporting the following env vars:
AIRFLOW_CTX_DAG_OWNER=***
AIRFLOW_CTX_DAG_ID=dynamically_branching1
AIRFLOW_CTX_TASK_ID=Process_Start
AIRFLOW_CTX_EXECUTION_DATE=2019-01-06T00:00:00+00:00
AIRFLOW_CTX_TRY_NUMBER=1
AIRFLOW_CTX_DAG_RUN_ID=scheduled__2019-01-06T00:00:00+00:00
[2022-08-24 18:43:19,513] {jobs_dag.py:30} INFO - Process Start!
[2022-08-24 18:43:19,515] {logging_mixin.py:115} INFO - This is DAG: 1
[2022-08-24 18:43:19,516] {python.py:173} INFO - Done. Returned value was: None
[2022-08-24 18:43:19,574] {taskinstance.py:1420} INFO - Marking task as SUCCESS. dag_id=dynamically_branching1, task_id=Process_Start, execution_date=20190106T000000, start_date=20220824T184317, end_date=20220824T184319
[2022-08-24 18:43:19,667] {local_task_job.py:156} INFO - Task exited with return code 0
[2022-08-24 18:43:20,120] {local_task_job.py:273} INFO - 0 downstream tasks scheduled from follow-on schedule check
