[2022-08-24 19:20:02,541] {taskinstance.py:1179} INFO - Dependencies all met for <TaskInstance: dynamically_branching1.check_table_exist scheduled__2022-01-15T00:00:00+00:00 [queued]>
[2022-08-24 19:20:02,589] {taskinstance.py:1179} INFO - Dependencies all met for <TaskInstance: dynamically_branching1.check_table_exist scheduled__2022-01-15T00:00:00+00:00 [queued]>
[2022-08-24 19:20:02,590] {taskinstance.py:1376} INFO - 
--------------------------------------------------------------------------------
[2022-08-24 19:20:02,593] {taskinstance.py:1377} INFO - Starting attempt 1 of 1
[2022-08-24 19:20:02,594] {taskinstance.py:1378} INFO - 
--------------------------------------------------------------------------------
[2022-08-24 19:20:02,732] {taskinstance.py:1397} INFO - Executing <Task(BranchPythonOperator): check_table_exist> on 2022-01-15 00:00:00+00:00
[2022-08-24 19:20:02,772] {standard_task_runner.py:79} INFO - Running: ['***', 'tasks', 'run', 'dynamically_branching1', 'check_table_exist', 'scheduled__2022-01-15T00:00:00+00:00', '--job-id', '2821', '--raw', '--subdir', 'DAGS_FOLDER/jobs_dag.py', '--cfg-path', '/tmp/tmpyiknp57l', '--error-file', '/tmp/tmpv96phmjo']
[2022-08-24 19:20:02,763] {standard_task_runner.py:52} INFO - Started process 10455 to run task
[2022-08-24 19:20:02,776] {standard_task_runner.py:80} INFO - Job 2821: Subtask check_table_exist
[2022-08-24 19:20:03,202] {task_command.py:371} INFO - Running <TaskInstance: dynamically_branching1.check_table_exist scheduled__2022-01-15T00:00:00+00:00 [running]> on host 9d5d2a77e6ba
[2022-08-24 19:20:03,688] {taskinstance.py:1591} INFO - Exporting the following env vars:
AIRFLOW_CTX_DAG_OWNER=***
AIRFLOW_CTX_DAG_ID=dynamically_branching1
AIRFLOW_CTX_TASK_ID=check_table_exist
AIRFLOW_CTX_EXECUTION_DATE=2022-01-15T00:00:00+00:00
AIRFLOW_CTX_TRY_NUMBER=1
AIRFLOW_CTX_DAG_RUN_ID=scheduled__2022-01-15T00:00:00+00:00
[2022-08-24 19:20:03,695] {python.py:173} INFO - Done. Returned value was: insert_row
[2022-08-24 19:20:03,698] {skipmixin.py:140} INFO - Following branch insert_row
[2022-08-24 19:20:03,704] {skipmixin.py:175} INFO - Skipping tasks ['create_table']
[2022-08-24 19:20:04,037] {taskinstance.py:1420} INFO - Marking task as SUCCESS. dag_id=dynamically_branching1, task_id=check_table_exist, execution_date=20220115T000000, start_date=20220824T192002, end_date=20220824T192004
[2022-08-24 19:20:04,221] {local_task_job.py:156} INFO - Task exited with return code 0
[2022-08-24 19:20:04,672] {local_task_job.py:273} INFO - 1 downstream tasks scheduled from follow-on schedule check
