[2022-09-06 21:03:42,488] {taskinstance.py:1179} INFO - Dependencies all met for <TaskInstance: tables_name_1.bash_task manual__2022-09-06T21:03:40.403212+00:00 [queued]>
[2022-09-06 21:03:42,499] {taskinstance.py:1179} INFO - Dependencies all met for <TaskInstance: tables_name_1.bash_task manual__2022-09-06T21:03:40.403212+00:00 [queued]>
[2022-09-06 21:03:42,500] {taskinstance.py:1376} INFO - 
--------------------------------------------------------------------------------
[2022-09-06 21:03:42,501] {taskinstance.py:1377} INFO - Starting attempt 1 of 1
[2022-09-06 21:03:42,502] {taskinstance.py:1378} INFO - 
--------------------------------------------------------------------------------
[2022-09-06 21:03:42,517] {taskinstance.py:1397} INFO - Executing <Task(BashOperator): bash_task> on 2022-09-06 21:03:40.403212+00:00
[2022-09-06 21:03:42,524] {standard_task_runner.py:52} INFO - Started process 11190 to run task
[2022-09-06 21:03:42,528] {standard_task_runner.py:79} INFO - Running: ['***', 'tasks', 'run', 'tables_name_1', 'bash_task', 'manual__2022-09-06T21:03:40.403212+00:00', '--job-id', '3903', '--raw', '--subdir', 'DAGS_FOLDER/jobs_dag.py', '--cfg-path', '/tmp/tmp3p2z7suv', '--error-file', '/tmp/tmp7eigp3v5']
[2022-09-06 21:03:42,529] {standard_task_runner.py:80} INFO - Job 3903: Subtask bash_task
[2022-09-06 21:03:42,611] {task_command.py:371} INFO - Running <TaskInstance: tables_name_1.bash_task manual__2022-09-06T21:03:40.403212+00:00 [running]> on host eba23da77ca5
[2022-09-06 21:03:42,708] {taskinstance.py:1591} INFO - Exporting the following env vars:
AIRFLOW_CTX_DAG_OWNER=***
AIRFLOW_CTX_DAG_ID=tables_name_1
AIRFLOW_CTX_TASK_ID=bash_task
AIRFLOW_CTX_EXECUTION_DATE=2022-09-06T21:03:40.403212+00:00
AIRFLOW_CTX_TRY_NUMBER=1
AIRFLOW_CTX_DAG_RUN_ID=manual__2022-09-06T21:03:40.403212+00:00
[2022-09-06 21:03:42,711] {subprocess.py:62} INFO - Tmp dir root location: 
 /tmp
[2022-09-06 21:03:42,713] {subprocess.py:74} INFO - Running command: ['bash', '-c', 'whoami']
[2022-09-06 21:03:42,730] {subprocess.py:85} INFO - Output:
[2022-09-06 21:03:42,735] {subprocess.py:92} INFO - default
[2022-09-06 21:03:42,736] {subprocess.py:96} INFO - Command exited with return code 0
[2022-09-06 21:03:42,784] {taskinstance.py:1420} INFO - Marking task as SUCCESS. dag_id=tables_name_1, task_id=bash_task, execution_date=20220906T210340, start_date=20220906T210342, end_date=20220906T210342
[2022-09-06 21:03:42,822] {local_task_job.py:156} INFO - Task exited with return code 0
[2022-09-06 21:03:42,875] {local_task_job.py:273} INFO - 1 downstream tasks scheduled from follow-on schedule check
