[2022-08-24 19:10:43,947] {taskinstance.py:1179} INFO - Dependencies all met for <TaskInstance: dynamically_branching1.check_table_exist scheduled__2020-10-06T00:00:00+00:00 [queued]>
[2022-08-24 19:10:43,961] {taskinstance.py:1179} INFO - Dependencies all met for <TaskInstance: dynamically_branching1.check_table_exist scheduled__2020-10-06T00:00:00+00:00 [queued]>
[2022-08-24 19:10:43,962] {taskinstance.py:1376} INFO - 
--------------------------------------------------------------------------------
[2022-08-24 19:10:43,963] {taskinstance.py:1377} INFO - Starting attempt 1 of 1
[2022-08-24 19:10:43,964] {taskinstance.py:1378} INFO - 
--------------------------------------------------------------------------------
[2022-08-24 19:10:43,993] {taskinstance.py:1397} INFO - Executing <Task(BranchPythonOperator): check_table_exist> on 2020-10-06 00:00:00+00:00
[2022-08-24 19:10:44,001] {standard_task_runner.py:52} INFO - Started process 7369 to run task
[2022-08-24 19:10:44,011] {standard_task_runner.py:79} INFO - Running: ['***', 'tasks', 'run', 'dynamically_branching1', 'check_table_exist', 'scheduled__2020-10-06T00:00:00+00:00', '--job-id', '1885', '--raw', '--subdir', 'DAGS_FOLDER/jobs_dag.py', '--cfg-path', '/tmp/tmpsl4ps_b5', '--error-file', '/tmp/tmpu45zjss4']
[2022-08-24 19:10:44,012] {standard_task_runner.py:80} INFO - Job 1885: Subtask check_table_exist
[2022-08-24 19:10:44,175] {task_command.py:371} INFO - Running <TaskInstance: dynamically_branching1.check_table_exist scheduled__2020-10-06T00:00:00+00:00 [running]> on host 9d5d2a77e6ba
[2022-08-24 19:10:44,525] {taskinstance.py:1591} INFO - Exporting the following env vars:
AIRFLOW_CTX_DAG_OWNER=***
AIRFLOW_CTX_DAG_ID=dynamically_branching1
AIRFLOW_CTX_TASK_ID=check_table_exist
AIRFLOW_CTX_EXECUTION_DATE=2020-10-06T00:00:00+00:00
AIRFLOW_CTX_TRY_NUMBER=1
AIRFLOW_CTX_DAG_RUN_ID=scheduled__2020-10-06T00:00:00+00:00
[2022-08-24 19:10:44,537] {python.py:173} INFO - Done. Returned value was: insert_row
[2022-08-24 19:10:44,540] {skipmixin.py:140} INFO - Following branch insert_row
[2022-08-24 19:10:44,548] {skipmixin.py:175} INFO - Skipping tasks ['create_table']
[2022-08-24 19:10:44,842] {taskinstance.py:1420} INFO - Marking task as SUCCESS. dag_id=dynamically_branching1, task_id=check_table_exist, execution_date=20201006T000000, start_date=20220824T191043, end_date=20220824T191044
[2022-08-24 19:10:44,965] {local_task_job.py:156} INFO - Task exited with return code 0
[2022-08-24 19:10:45,211] {local_task_job.py:273} INFO - 1 downstream tasks scheduled from follow-on schedule check
