[2022-09-01 19:19:41,805] {taskinstance.py:1179} INFO - Dependencies all met for <TaskInstance: trigger_sensor.trigger_task manual__2022-09-01T19:19:39.436373+00:00 [queued]>
[2022-09-01 19:19:41,819] {taskinstance.py:1179} INFO - Dependencies all met for <TaskInstance: trigger_sensor.trigger_task manual__2022-09-01T19:19:39.436373+00:00 [queued]>
[2022-09-01 19:19:41,820] {taskinstance.py:1376} INFO - 
--------------------------------------------------------------------------------
[2022-09-01 19:19:41,821] {taskinstance.py:1377} INFO - Starting attempt 1 of 1
[2022-09-01 19:19:41,822] {taskinstance.py:1378} INFO - 
--------------------------------------------------------------------------------
[2022-09-01 19:19:41,839] {taskinstance.py:1397} INFO - Executing <Task(TriggerDagRunOperator): trigger_task> on 2022-09-01 19:19:39.436373+00:00
[2022-09-01 19:19:41,847] {standard_task_runner.py:52} INFO - Started process 90145 to run task
[2022-09-01 19:19:41,851] {standard_task_runner.py:79} INFO - Running: ['***', 'tasks', 'run', 'trigger_sensor', 'trigger_task', 'manual__2022-09-01T19:19:39.436373+00:00', '--job-id', '3521', '--raw', '--subdir', 'DAGS_FOLDER/trigger_dag.py', '--cfg-path', '/tmp/tmps0yr8w_7', '--error-file', '/tmp/tmpipk9k2sx']
[2022-09-01 19:19:41,852] {standard_task_runner.py:80} INFO - Job 3521: Subtask trigger_task
[2022-09-01 19:19:41,936] {task_command.py:371} INFO - Running <TaskInstance: trigger_sensor.trigger_task manual__2022-09-01T19:19:39.436373+00:00 [running]> on host 9d5d2a77e6ba
[2022-09-01 19:19:42,031] {taskinstance.py:1591} INFO - Exporting the following env vars:
AIRFLOW_CTX_DAG_OWNER=***
AIRFLOW_CTX_DAG_ID=trigger_sensor
AIRFLOW_CTX_TASK_ID=trigger_task
AIRFLOW_CTX_EXECUTION_DATE=2022-09-01T19:19:39.436373+00:00
AIRFLOW_CTX_TRY_NUMBER=1
AIRFLOW_CTX_DAG_RUN_ID=manual__2022-09-01T19:19:39.436373+00:00
[2022-09-01 19:19:42,142] {taskinstance.py:1420} INFO - Marking task as SUCCESS. dag_id=trigger_sensor, task_id=trigger_task, execution_date=20220901T191939, start_date=20220901T191941, end_date=20220901T191942
[2022-09-01 19:19:42,186] {local_task_job.py:156} INFO - Task exited with return code 0
[2022-09-01 19:19:42,242] {local_task_job.py:273} INFO - 1 downstream tasks scheduled from follow-on schedule check
