[2022-08-26 00:00:03,291] {taskinstance.py:1179} INFO - Dependencies all met for <TaskInstance: dynamically_branching1.check_table_exist scheduled__2022-08-25T00:00:00+00:00 [queued]>
[2022-08-26 00:00:03,304] {taskinstance.py:1179} INFO - Dependencies all met for <TaskInstance: dynamically_branching1.check_table_exist scheduled__2022-08-25T00:00:00+00:00 [queued]>
[2022-08-26 00:00:03,304] {taskinstance.py:1376} INFO - 
--------------------------------------------------------------------------------
[2022-08-26 00:00:03,305] {taskinstance.py:1377} INFO - Starting attempt 1 of 1
[2022-08-26 00:00:03,306] {taskinstance.py:1378} INFO - 
--------------------------------------------------------------------------------
[2022-08-26 00:00:03,322] {taskinstance.py:1397} INFO - Executing <Task(BranchPythonOperator): check_table_exist> on 2022-08-25 00:00:00+00:00
[2022-08-26 00:00:03,329] {standard_task_runner.py:52} INFO - Started process 13982 to run task
[2022-08-26 00:00:03,337] {standard_task_runner.py:79} INFO - Running: ['***', 'tasks', 'run', 'dynamically_branching1', 'check_table_exist', 'scheduled__2022-08-25T00:00:00+00:00', '--job-id', '3260', '--raw', '--subdir', 'DAGS_FOLDER/jobs_dag.py', '--cfg-path', '/tmp/tmpmfmeaav1', '--error-file', '/tmp/tmp31uu7hme']
[2022-08-26 00:00:03,339] {standard_task_runner.py:80} INFO - Job 3260: Subtask check_table_exist
[2022-08-26 00:00:03,426] {task_command.py:371} INFO - Running <TaskInstance: dynamically_branching1.check_table_exist scheduled__2022-08-25T00:00:00+00:00 [running]> on host 9d5d2a77e6ba
[2022-08-26 00:00:03,519] {taskinstance.py:1591} INFO - Exporting the following env vars:
AIRFLOW_CTX_DAG_OWNER=***
AIRFLOW_CTX_DAG_ID=dynamically_branching1
AIRFLOW_CTX_TASK_ID=check_table_exist
AIRFLOW_CTX_EXECUTION_DATE=2022-08-25T00:00:00+00:00
AIRFLOW_CTX_TRY_NUMBER=1
AIRFLOW_CTX_DAG_RUN_ID=scheduled__2022-08-25T00:00:00+00:00
[2022-08-26 00:00:03,522] {python.py:173} INFO - Done. Returned value was: insert_row
[2022-08-26 00:00:03,523] {skipmixin.py:140} INFO - Following branch insert_row
[2022-08-26 00:00:03,523] {skipmixin.py:175} INFO - Skipping tasks ['create_table']
[2022-08-26 00:00:03,587] {taskinstance.py:1420} INFO - Marking task as SUCCESS. dag_id=dynamically_branching1, task_id=check_table_exist, execution_date=20220825T000000, start_date=20220826T000003, end_date=20220826T000003
[2022-08-26 00:00:03,632] {local_task_job.py:156} INFO - Task exited with return code 0
[2022-08-26 00:00:03,698] {local_task_job.py:273} INFO - 1 downstream tasks scheduled from follow-on schedule check
