[2022-08-24 19:18:13,609] {taskinstance.py:1179} INFO - Dependencies all met for <TaskInstance: dynamically_branching1.bash_task scheduled__2021-10-21T00:00:00+00:00 [queued]>
[2022-08-24 19:18:13,678] {taskinstance.py:1179} INFO - Dependencies all met for <TaskInstance: dynamically_branching1.bash_task scheduled__2021-10-21T00:00:00+00:00 [queued]>
[2022-08-24 19:18:13,680] {taskinstance.py:1376} INFO - 
--------------------------------------------------------------------------------
[2022-08-24 19:18:13,682] {taskinstance.py:1377} INFO - Starting attempt 1 of 1
[2022-08-24 19:18:13,684] {taskinstance.py:1378} INFO - 
--------------------------------------------------------------------------------
[2022-08-24 19:18:13,799] {taskinstance.py:1397} INFO - Executing <Task(BashOperator): bash_task> on 2021-10-21 00:00:00+00:00
[2022-08-24 19:18:13,835] {standard_task_runner.py:52} INFO - Started process 9852 to run task
[2022-08-24 19:18:13,893] {standard_task_runner.py:79} INFO - Running: ['***', 'tasks', 'run', 'dynamically_branching1', 'bash_task', 'scheduled__2021-10-21T00:00:00+00:00', '--job-id', '2638', '--raw', '--subdir', 'DAGS_FOLDER/jobs_dag.py', '--cfg-path', '/tmp/tmp0pzsa0k4', '--error-file', '/tmp/tmpymjz4osm']
[2022-08-24 19:18:13,908] {standard_task_runner.py:80} INFO - Job 2638: Subtask bash_task
[2022-08-24 19:18:14,668] {task_command.py:371} INFO - Running <TaskInstance: dynamically_branching1.bash_task scheduled__2021-10-21T00:00:00+00:00 [running]> on host 9d5d2a77e6ba
[2022-08-24 19:18:15,536] {taskinstance.py:1591} INFO - Exporting the following env vars:
AIRFLOW_CTX_DAG_OWNER=***
AIRFLOW_CTX_DAG_ID=dynamically_branching1
AIRFLOW_CTX_TASK_ID=bash_task
AIRFLOW_CTX_EXECUTION_DATE=2021-10-21T00:00:00+00:00
AIRFLOW_CTX_TRY_NUMBER=1
AIRFLOW_CTX_DAG_RUN_ID=scheduled__2021-10-21T00:00:00+00:00
[2022-08-24 19:18:15,545] {subprocess.py:62} INFO - Tmp dir root location: 
 /tmp
[2022-08-24 19:18:15,551] {subprocess.py:74} INFO - Running command: ['bash', '-c', 'echo $(whoami)']
[2022-08-24 19:18:15,653] {subprocess.py:85} INFO - Output:
[2022-08-24 19:18:15,679] {subprocess.py:92} INFO - default
[2022-08-24 19:18:15,682] {subprocess.py:96} INFO - Command exited with return code 0
[2022-08-24 19:18:15,821] {taskinstance.py:1420} INFO - Marking task as SUCCESS. dag_id=dynamically_branching1, task_id=bash_task, execution_date=20211021T000000, start_date=20220824T191813, end_date=20220824T191815
[2022-08-24 19:18:15,962] {local_task_job.py:156} INFO - Task exited with return code 0
[2022-08-24 19:18:16,119] {local_task_job.py:273} INFO - 1 downstream tasks scheduled from follow-on schedule check
