[2022-09-08 16:28:40,058] {taskinstance.py:1179} INFO - Dependencies all met for <TaskInstance: tables_name_1.insert_row manual__2022-09-08T16:28:35.920907+00:00 [queued]>
[2022-09-08 16:28:40,074] {taskinstance.py:1179} INFO - Dependencies all met for <TaskInstance: tables_name_1.insert_row manual__2022-09-08T16:28:35.920907+00:00 [queued]>
[2022-09-08 16:28:40,075] {taskinstance.py:1376} INFO - 
--------------------------------------------------------------------------------
[2022-09-08 16:28:40,075] {taskinstance.py:1377} INFO - Starting attempt 1 of 1
[2022-09-08 16:28:40,076] {taskinstance.py:1378} INFO - 
--------------------------------------------------------------------------------
[2022-09-08 16:28:40,096] {taskinstance.py:1397} INFO - Executing <Task(PostgresOperator): insert_row> on 2022-09-08 16:28:35.920907+00:00
[2022-09-08 16:28:40,102] {standard_task_runner.py:52} INFO - Started process 1960 to run task
[2022-09-08 16:28:40,107] {standard_task_runner.py:79} INFO - Running: ['***', 'tasks', 'run', 'tables_name_1', 'insert_row', 'manual__2022-09-08T16:28:35.920907+00:00', '--job-id', '4013', '--raw', '--subdir', 'DAGS_FOLDER/jobs_dag.py', '--cfg-path', '/tmp/tmp6gubqn2a', '--error-file', '/tmp/tmpu35i17__']
[2022-09-08 16:28:40,108] {standard_task_runner.py:80} INFO - Job 4013: Subtask insert_row
[2022-09-08 16:28:40,215] {task_command.py:371} INFO - Running <TaskInstance: tables_name_1.insert_row manual__2022-09-08T16:28:35.920907+00:00 [running]> on host 4a46d6ca03fb
[2022-09-08 16:28:40,314] {taskinstance.py:1591} INFO - Exporting the following env vars:
AIRFLOW_CTX_DAG_OWNER=***
AIRFLOW_CTX_DAG_ID=tables_name_1
AIRFLOW_CTX_TASK_ID=insert_row
AIRFLOW_CTX_EXECUTION_DATE=2022-09-08T16:28:35.920907+00:00
AIRFLOW_CTX_TRY_NUMBER=1
AIRFLOW_CTX_DAG_RUN_ID=manual__2022-09-08T16:28:35.920907+00:00
[2022-09-08 16:28:40,337] {base.py:68} INFO - Using connection ID 'postgres_default' for task execution.
[2022-09-08 16:28:40,349] {dbapi.py:231} INFO - Running statement: INSERT INTO my_table VALUES
    (%s, %s, %s);, parameters: (89705631, "{ ti.xcom_pull(task_ids='bash_task', key='return_value') }", datetime.datetime(2022, 9, 8, 16, 28, 39, 677113))
[2022-09-08 16:28:40,353] {taskinstance.py:1909} ERROR - Task failed with exception
Traceback (most recent call last):
  File "/home/airflow/.local/lib/python3.7/site-packages/airflow/providers/postgres/operators/postgres.py", line 92, in execute
    self.hook.run(self.sql, self.autocommit, parameters=self.parameters)
  File "/home/airflow/.local/lib/python3.7/site-packages/airflow/hooks/dbapi.py", line 211, in run
    self._run_command(cur, sql_statement, parameters)
  File "/home/airflow/.local/lib/python3.7/site-packages/airflow/hooks/dbapi.py", line 233, in _run_command
    cur.execute(sql_statement, parameters)
psycopg2.errors.StringDataRightTruncation: value too long for type character varying(50)

[2022-09-08 16:28:40,385] {taskinstance.py:1420} INFO - Marking task as FAILED. dag_id=tables_name_1, task_id=insert_row, execution_date=20220908T162835, start_date=20220908T162840, end_date=20220908T162840
[2022-09-08 16:28:40,403] {standard_task_runner.py:97} ERROR - Failed to execute job 4013 for task insert_row (value too long for type character varying(50)
; 1960)
[2022-09-08 16:28:40,441] {local_task_job.py:156} INFO - Task exited with return code 1
[2022-09-08 16:28:40,494] {local_task_job.py:273} INFO - 0 downstream tasks scheduled from follow-on schedule check
