[2022-08-24 19:10:40,448] {taskinstance.py:1179} INFO - Dependencies all met for <TaskInstance: dynamically_branching1.bash_task scheduled__2020-10-07T00:00:00+00:00 [queued]>
[2022-08-24 19:10:40,551] {taskinstance.py:1179} INFO - Dependencies all met for <TaskInstance: dynamically_branching1.bash_task scheduled__2020-10-07T00:00:00+00:00 [queued]>
[2022-08-24 19:10:40,558] {taskinstance.py:1376} INFO - 
--------------------------------------------------------------------------------
[2022-08-24 19:10:40,563] {taskinstance.py:1377} INFO - Starting attempt 1 of 1
[2022-08-24 19:10:40,566] {taskinstance.py:1378} INFO - 
--------------------------------------------------------------------------------
[2022-08-24 19:10:40,693] {taskinstance.py:1397} INFO - Executing <Task(BashOperator): bash_task> on 2020-10-07 00:00:00+00:00
[2022-08-24 19:10:40,747] {standard_task_runner.py:52} INFO - Started process 7349 to run task
[2022-08-24 19:10:40,780] {standard_task_runner.py:79} INFO - Running: ['***', 'tasks', 'run', 'dynamically_branching1', 'bash_task', 'scheduled__2020-10-07T00:00:00+00:00', '--job-id', '1880', '--raw', '--subdir', 'DAGS_FOLDER/jobs_dag.py', '--cfg-path', '/tmp/tmpw696t93c', '--error-file', '/tmp/tmpw__twmx8']
[2022-08-24 19:10:40,787] {standard_task_runner.py:80} INFO - Job 1880: Subtask bash_task
[2022-08-24 19:10:41,178] {task_command.py:371} INFO - Running <TaskInstance: dynamically_branching1.bash_task scheduled__2020-10-07T00:00:00+00:00 [running]> on host 9d5d2a77e6ba
[2022-08-24 19:10:41,615] {taskinstance.py:1591} INFO - Exporting the following env vars:
AIRFLOW_CTX_DAG_OWNER=***
AIRFLOW_CTX_DAG_ID=dynamically_branching1
AIRFLOW_CTX_TASK_ID=bash_task
AIRFLOW_CTX_EXECUTION_DATE=2020-10-07T00:00:00+00:00
AIRFLOW_CTX_TRY_NUMBER=1
AIRFLOW_CTX_DAG_RUN_ID=scheduled__2020-10-07T00:00:00+00:00
[2022-08-24 19:10:41,621] {subprocess.py:62} INFO - Tmp dir root location: 
 /tmp
[2022-08-24 19:10:41,624] {subprocess.py:74} INFO - Running command: ['bash', '-c', 'echo $(whoami)']
[2022-08-24 19:10:41,683] {subprocess.py:85} INFO - Output:
[2022-08-24 19:10:41,704] {subprocess.py:92} INFO - default
[2022-08-24 19:10:41,706] {subprocess.py:96} INFO - Command exited with return code 0
[2022-08-24 19:10:41,819] {taskinstance.py:1420} INFO - Marking task as SUCCESS. dag_id=dynamically_branching1, task_id=bash_task, execution_date=20201007T000000, start_date=20220824T191040, end_date=20220824T191041
[2022-08-24 19:10:41,917] {local_task_job.py:156} INFO - Task exited with return code 0
[2022-08-24 19:10:42,262] {local_task_job.py:273} INFO - 0 downstream tasks scheduled from follow-on schedule check
