[2022-08-19 20:52:58,682] {taskinstance.py:1179} INFO - Dependencies all met for <TaskInstance: loop_hello_world_1.hello_world scheduled__2021-12-02T00:00:00+00:00 [queued]>
[2022-08-19 20:52:58,724] {taskinstance.py:1179} INFO - Dependencies all met for <TaskInstance: loop_hello_world_1.hello_world scheduled__2021-12-02T00:00:00+00:00 [queued]>
[2022-08-19 20:52:58,725] {taskinstance.py:1376} INFO - 
--------------------------------------------------------------------------------
[2022-08-19 20:52:58,727] {taskinstance.py:1377} INFO - Starting attempt 1 of 1
[2022-08-19 20:52:58,728] {taskinstance.py:1378} INFO - 
--------------------------------------------------------------------------------
[2022-08-19 20:52:58,793] {taskinstance.py:1397} INFO - Executing <Task(PythonOperator): hello_world> on 2021-12-02 00:00:00+00:00
[2022-08-19 20:52:58,811] {standard_task_runner.py:52} INFO - Started process 16557 to run task
[2022-08-19 20:52:58,829] {standard_task_runner.py:79} INFO - Running: ['***', 'tasks', 'run', 'loop_hello_world_1', 'hello_world', 'scheduled__2021-12-02T00:00:00+00:00', '--job-id', '421', '--raw', '--subdir', 'DAGS_FOLDER/practiceDag1.py', '--cfg-path', '/tmp/tmpuwhms2m0', '--error-file', '/tmp/tmpr6s3q_hi']
[2022-08-19 20:52:58,835] {standard_task_runner.py:80} INFO - Job 421: Subtask hello_world
[2022-08-19 20:52:59,081] {task_command.py:371} INFO - Running <TaskInstance: loop_hello_world_1.hello_world scheduled__2021-12-02T00:00:00+00:00 [running]> on host 9d5d2a77e6ba
[2022-08-19 20:52:59,750] {taskinstance.py:1591} INFO - Exporting the following env vars:
AIRFLOW_CTX_DAG_OWNER=***
AIRFLOW_CTX_DAG_ID=loop_hello_world_1
AIRFLOW_CTX_TASK_ID=hello_world
AIRFLOW_CTX_EXECUTION_DATE=2021-12-02T00:00:00+00:00
AIRFLOW_CTX_TRY_NUMBER=1
AIRFLOW_CTX_DAG_RUN_ID=scheduled__2021-12-02T00:00:00+00:00
[2022-08-19 20:52:59,759] {logging_mixin.py:115} INFO - Hello World
[2022-08-19 20:52:59,764] {logging_mixin.py:115} INFO - This is DAG: 1
[2022-08-19 20:52:59,767] {python.py:173} INFO - Done. Returned value was: None
[2022-08-19 20:52:59,976] {taskinstance.py:1420} INFO - Marking task as SUCCESS. dag_id=loop_hello_world_1, task_id=hello_world, execution_date=20211202T000000, start_date=20220819T205258, end_date=20220819T205259
[2022-08-19 20:53:00,254] {local_task_job.py:156} INFO - Task exited with return code 0
[2022-08-19 20:53:00,387] {local_task_job.py:273} INFO - 0 downstream tasks scheduled from follow-on schedule check
