[2022-08-24 19:12:54,170] {taskinstance.py:1179} INFO - Dependencies all met for <TaskInstance: dynamically_branching1.bash_task scheduled__2021-01-17T00:00:00+00:00 [queued]>
[2022-08-24 19:12:54,182] {taskinstance.py:1179} INFO - Dependencies all met for <TaskInstance: dynamically_branching1.bash_task scheduled__2021-01-17T00:00:00+00:00 [queued]>
[2022-08-24 19:12:54,183] {taskinstance.py:1376} INFO - 
--------------------------------------------------------------------------------
[2022-08-24 19:12:54,184] {taskinstance.py:1377} INFO - Starting attempt 1 of 1
[2022-08-24 19:12:54,185] {taskinstance.py:1378} INFO - 
--------------------------------------------------------------------------------
[2022-08-24 19:12:54,207] {taskinstance.py:1397} INFO - Executing <Task(BashOperator): bash_task> on 2021-01-17 00:00:00+00:00
[2022-08-24 19:12:54,213] {standard_task_runner.py:52} INFO - Started process 8036 to run task
[2022-08-24 19:12:54,221] {standard_task_runner.py:79} INFO - Running: ['***', 'tasks', 'run', 'dynamically_branching1', 'bash_task', 'scheduled__2021-01-17T00:00:00+00:00', '--job-id', '2087', '--raw', '--subdir', 'DAGS_FOLDER/jobs_dag.py', '--cfg-path', '/tmp/tmpvt_st4p3', '--error-file', '/tmp/tmpj49a79hq']
[2022-08-24 19:12:54,222] {standard_task_runner.py:80} INFO - Job 2087: Subtask bash_task
[2022-08-24 19:12:54,310] {task_command.py:371} INFO - Running <TaskInstance: dynamically_branching1.bash_task scheduled__2021-01-17T00:00:00+00:00 [running]> on host 9d5d2a77e6ba
[2022-08-24 19:12:54,410] {taskinstance.py:1591} INFO - Exporting the following env vars:
AIRFLOW_CTX_DAG_OWNER=***
AIRFLOW_CTX_DAG_ID=dynamically_branching1
AIRFLOW_CTX_TASK_ID=bash_task
AIRFLOW_CTX_EXECUTION_DATE=2021-01-17T00:00:00+00:00
AIRFLOW_CTX_TRY_NUMBER=1
AIRFLOW_CTX_DAG_RUN_ID=scheduled__2021-01-17T00:00:00+00:00
[2022-08-24 19:12:54,412] {subprocess.py:62} INFO - Tmp dir root location: 
 /tmp
[2022-08-24 19:12:54,413] {subprocess.py:74} INFO - Running command: ['bash', '-c', 'echo $(whoami)']
[2022-08-24 19:12:54,427] {subprocess.py:85} INFO - Output:
[2022-08-24 19:12:54,435] {subprocess.py:92} INFO - default
[2022-08-24 19:12:54,436] {subprocess.py:96} INFO - Command exited with return code 0
[2022-08-24 19:12:54,472] {taskinstance.py:1420} INFO - Marking task as SUCCESS. dag_id=dynamically_branching1, task_id=bash_task, execution_date=20210117T000000, start_date=20220824T191254, end_date=20220824T191254
[2022-08-24 19:12:54,513] {local_task_job.py:156} INFO - Task exited with return code 0
[2022-08-24 19:12:54,570] {local_task_job.py:273} INFO - 1 downstream tasks scheduled from follow-on schedule check
