[2022-08-24 18:43:38,224] {taskinstance.py:1179} INFO - Dependencies all met for <TaskInstance: dynamically_branching1.Process_Start scheduled__2019-01-21T00:00:00+00:00 [queued]>
[2022-08-24 18:43:38,284] {taskinstance.py:1179} INFO - Dependencies all met for <TaskInstance: dynamically_branching1.Process_Start scheduled__2019-01-21T00:00:00+00:00 [queued]>
[2022-08-24 18:43:38,285] {taskinstance.py:1376} INFO - 
--------------------------------------------------------------------------------
[2022-08-24 18:43:38,287] {taskinstance.py:1377} INFO - Starting attempt 1 of 1
[2022-08-24 18:43:38,288] {taskinstance.py:1378} INFO - 
--------------------------------------------------------------------------------
[2022-08-24 18:43:38,332] {taskinstance.py:1397} INFO - Executing <Task(PythonOperator): Process_Start> on 2019-01-21 00:00:00+00:00
[2022-08-24 18:43:38,340] {standard_task_runner.py:52} INFO - Started process 4051 to run task
[2022-08-24 18:43:38,369] {standard_task_runner.py:79} INFO - Running: ['***', 'tasks', 'run', 'dynamically_branching1', 'Process_Start', 'scheduled__2019-01-21T00:00:00+00:00', '--job-id', '945', '--raw', '--subdir', 'DAGS_FOLDER/jobs_dag.py', '--cfg-path', '/tmp/tmpw3xcfxr6', '--error-file', '/tmp/tmp1ns1_6n2']
[2022-08-24 18:43:38,372] {standard_task_runner.py:80} INFO - Job 945: Subtask Process_Start
[2022-08-24 18:43:38,614] {task_command.py:371} INFO - Running <TaskInstance: dynamically_branching1.Process_Start scheduled__2019-01-21T00:00:00+00:00 [running]> on host 9d5d2a77e6ba
[2022-08-24 18:43:38,822] {taskinstance.py:1591} INFO - Exporting the following env vars:
AIRFLOW_CTX_DAG_OWNER=***
AIRFLOW_CTX_DAG_ID=dynamically_branching1
AIRFLOW_CTX_TASK_ID=Process_Start
AIRFLOW_CTX_EXECUTION_DATE=2019-01-21T00:00:00+00:00
AIRFLOW_CTX_TRY_NUMBER=1
AIRFLOW_CTX_DAG_RUN_ID=scheduled__2019-01-21T00:00:00+00:00
[2022-08-24 18:43:38,824] {jobs_dag.py:30} INFO - Process Start!
[2022-08-24 18:43:38,825] {logging_mixin.py:115} INFO - This is DAG: 1
[2022-08-24 18:43:38,826] {python.py:173} INFO - Done. Returned value was: None
[2022-08-24 18:43:38,864] {taskinstance.py:1420} INFO - Marking task as SUCCESS. dag_id=dynamically_branching1, task_id=Process_Start, execution_date=20190121T000000, start_date=20220824T184338, end_date=20220824T184338
[2022-08-24 18:43:38,945] {local_task_job.py:156} INFO - Task exited with return code 0
[2022-08-24 18:43:39,146] {local_task_job.py:273} INFO - 1 downstream tasks scheduled from follow-on schedule check
