[2022-09-07 16:47:06,764] {taskinstance.py:1179} INFO - Dependencies all met for <TaskInstance: tables_name_1.bash_task manual__2022-09-07T16:47:05.321504+00:00 [queued]>
[2022-09-07 16:47:06,783] {taskinstance.py:1179} INFO - Dependencies all met for <TaskInstance: tables_name_1.bash_task manual__2022-09-07T16:47:05.321504+00:00 [queued]>
[2022-09-07 16:47:06,785] {taskinstance.py:1376} INFO - 
--------------------------------------------------------------------------------
[2022-09-07 16:47:06,786] {taskinstance.py:1377} INFO - Starting attempt 1 of 1
[2022-09-07 16:47:06,787] {taskinstance.py:1378} INFO - 
--------------------------------------------------------------------------------
[2022-09-07 16:47:06,816] {taskinstance.py:1397} INFO - Executing <Task(BashOperator): bash_task> on 2022-09-07 16:47:05.321504+00:00
[2022-09-07 16:47:06,826] {standard_task_runner.py:52} INFO - Started process 13254 to run task
[2022-09-07 16:47:06,833] {standard_task_runner.py:79} INFO - Running: ['***', 'tasks', 'run', 'tables_name_1', 'bash_task', 'manual__2022-09-07T16:47:05.321504+00:00', '--job-id', '3935', '--raw', '--subdir', 'DAGS_FOLDER/jobs_dag.py', '--cfg-path', '/tmp/tmp_3eo22k1', '--error-file', '/tmp/tmp3i7kcgqp']
[2022-09-07 16:47:06,841] {standard_task_runner.py:80} INFO - Job 3935: Subtask bash_task
[2022-09-07 16:47:06,971] {task_command.py:371} INFO - Running <TaskInstance: tables_name_1.bash_task manual__2022-09-07T16:47:05.321504+00:00 [running]> on host eba23da77ca5
[2022-09-07 16:47:07,071] {taskinstance.py:1591} INFO - Exporting the following env vars:
AIRFLOW_CTX_DAG_OWNER=***
AIRFLOW_CTX_DAG_ID=tables_name_1
AIRFLOW_CTX_TASK_ID=bash_task
AIRFLOW_CTX_EXECUTION_DATE=2022-09-07T16:47:05.321504+00:00
AIRFLOW_CTX_TRY_NUMBER=1
AIRFLOW_CTX_DAG_RUN_ID=manual__2022-09-07T16:47:05.321504+00:00
[2022-09-07 16:47:07,073] {subprocess.py:62} INFO - Tmp dir root location: 
 /tmp
[2022-09-07 16:47:07,075] {subprocess.py:74} INFO - Running command: ['bash', '-c', 'whoami']
[2022-09-07 16:47:07,089] {subprocess.py:85} INFO - Output:
[2022-09-07 16:47:07,094] {subprocess.py:92} INFO - default
[2022-09-07 16:47:07,095] {subprocess.py:96} INFO - Command exited with return code 0
[2022-09-07 16:47:07,132] {taskinstance.py:1420} INFO - Marking task as SUCCESS. dag_id=tables_name_1, task_id=bash_task, execution_date=20220907T164705, start_date=20220907T164706, end_date=20220907T164707
[2022-09-07 16:47:07,168] {local_task_job.py:156} INFO - Task exited with return code 0
[2022-09-07 16:47:07,232] {local_task_job.py:273} INFO - 1 downstream tasks scheduled from follow-on schedule check
