[2022-09-01 19:36:28,297] {taskinstance.py:1179} INFO - Dependencies all met for <TaskInstance: dynamically_branching1.bash_task manual__2022-09-01T18:03:52.575132+00:00 [queued]>
[2022-09-01 19:36:28,891] {taskinstance.py:1179} INFO - Dependencies all met for <TaskInstance: dynamically_branching1.bash_task manual__2022-09-01T18:03:52.575132+00:00 [queued]>
[2022-09-01 19:36:28,914] {taskinstance.py:1376} INFO - 
--------------------------------------------------------------------------------
[2022-09-01 19:36:28,916] {taskinstance.py:1377} INFO - Starting attempt 1 of 1
[2022-09-01 19:36:28,920] {taskinstance.py:1378} INFO - 
--------------------------------------------------------------------------------
[2022-09-01 19:36:29,695] {taskinstance.py:1397} INFO - Executing <Task(BashOperator): bash_task> on 2022-09-01 18:03:52.575132+00:00
[2022-09-01 19:36:29,865] {standard_task_runner.py:52} INFO - Started process 90939 to run task
[2022-09-01 19:36:29,955] {standard_task_runner.py:79} INFO - Running: ['***', 'tasks', 'run', 'dynamically_branching1', 'bash_task', 'manual__2022-09-01T18:03:52.575132+00:00', '--job-id', '3537', '--raw', '--subdir', 'DAGS_FOLDER/jobs_dag.py', '--cfg-path', '/tmp/tmp144pzy_j', '--error-file', '/tmp/tmpytcog35r']
[2022-09-01 19:36:30,008] {standard_task_runner.py:80} INFO - Job 3537: Subtask bash_task
[2022-09-01 19:36:34,899] {task_command.py:371} INFO - Running <TaskInstance: dynamically_branching1.bash_task manual__2022-09-01T18:03:52.575132+00:00 [running]> on host 9d5d2a77e6ba
[2022-09-01 19:36:39,271] {taskinstance.py:1591} INFO - Exporting the following env vars:
AIRFLOW_CTX_DAG_OWNER=***
AIRFLOW_CTX_DAG_ID=dynamically_branching1
AIRFLOW_CTX_TASK_ID=bash_task
AIRFLOW_CTX_EXECUTION_DATE=2022-09-01T18:03:52.575132+00:00
AIRFLOW_CTX_TRY_NUMBER=1
AIRFLOW_CTX_DAG_RUN_ID=manual__2022-09-01T18:03:52.575132+00:00
[2022-09-01 19:36:39,273] {subprocess.py:62} INFO - Tmp dir root location: 
 /tmp
[2022-09-01 19:36:39,278] {subprocess.py:74} INFO - Running command: ['bash', '-c', 'echo $(whoami)']
[2022-09-01 19:36:39,885] {subprocess.py:85} INFO - Output:
[2022-09-01 19:36:40,269] {subprocess.py:92} INFO - default
[2022-09-01 19:36:40,272] {subprocess.py:96} INFO - Command exited with return code 0
[2022-09-01 19:36:41,616] {taskinstance.py:1420} INFO - Marking task as SUCCESS. dag_id=dynamically_branching1, task_id=bash_task, execution_date=20220901T180352, start_date=20220901T193628, end_date=20220901T193641
[2022-09-01 19:36:41,947] {local_task_job.py:156} INFO - Task exited with return code 0
[2022-09-01 19:36:42,520] {local_task_job.py:273} INFO - 1 downstream tasks scheduled from follow-on schedule check
