[2022-08-24 19:04:32,056] {taskinstance.py:1179} INFO - Dependencies all met for <TaskInstance: dynamically_branching1.check_table_exist scheduled__2020-01-21T00:00:00+00:00 [queued]>
[2022-08-24 19:04:32,097] {taskinstance.py:1179} INFO - Dependencies all met for <TaskInstance: dynamically_branching1.check_table_exist scheduled__2020-01-21T00:00:00+00:00 [queued]>
[2022-08-24 19:04:32,106] {taskinstance.py:1376} INFO - 
--------------------------------------------------------------------------------
[2022-08-24 19:04:32,110] {taskinstance.py:1377} INFO - Starting attempt 1 of 1
[2022-08-24 19:04:32,117] {taskinstance.py:1378} INFO - 
--------------------------------------------------------------------------------
[2022-08-24 19:04:32,149] {taskinstance.py:1397} INFO - Executing <Task(BranchPythonOperator): check_table_exist> on 2020-01-21 00:00:00+00:00
[2022-08-24 19:04:32,165] {standard_task_runner.py:52} INFO - Started process 5857 to run task
[2022-08-24 19:04:32,186] {standard_task_runner.py:79} INFO - Running: ['***', 'tasks', 'run', 'dynamically_branching1', 'check_table_exist', 'scheduled__2020-01-21T00:00:00+00:00', '--job-id', '1385', '--raw', '--subdir', 'DAGS_FOLDER/jobs_dag.py', '--cfg-path', '/tmp/tmpeccdpzr5', '--error-file', '/tmp/tmpx3gvwup9']
[2022-08-24 19:04:32,191] {standard_task_runner.py:80} INFO - Job 1385: Subtask check_table_exist
[2022-08-24 19:04:32,392] {task_command.py:371} INFO - Running <TaskInstance: dynamically_branching1.check_table_exist scheduled__2020-01-21T00:00:00+00:00 [running]> on host 9d5d2a77e6ba
[2022-08-24 19:04:32,745] {taskinstance.py:1591} INFO - Exporting the following env vars:
AIRFLOW_CTX_DAG_OWNER=***
AIRFLOW_CTX_DAG_ID=dynamically_branching1
AIRFLOW_CTX_TASK_ID=check_table_exist
AIRFLOW_CTX_EXECUTION_DATE=2020-01-21T00:00:00+00:00
AIRFLOW_CTX_TRY_NUMBER=1
AIRFLOW_CTX_DAG_RUN_ID=scheduled__2020-01-21T00:00:00+00:00
[2022-08-24 19:04:32,747] {python.py:173} INFO - Done. Returned value was: insert_row
[2022-08-24 19:04:32,748] {skipmixin.py:140} INFO - Following branch insert_row
[2022-08-24 19:04:32,752] {skipmixin.py:175} INFO - Skipping tasks ['create_table']
[2022-08-24 19:04:32,944] {taskinstance.py:1420} INFO - Marking task as SUCCESS. dag_id=dynamically_branching1, task_id=check_table_exist, execution_date=20200121T000000, start_date=20220824T190432, end_date=20220824T190432
[2022-08-24 19:04:33,075] {local_task_job.py:156} INFO - Task exited with return code 0
[2022-08-24 19:04:33,244] {local_task_job.py:273} INFO - 0 downstream tasks scheduled from follow-on schedule check
