[2022-08-24 19:05:30,036] {taskinstance.py:1179} INFO - Dependencies all met for <TaskInstance: dynamically_branching1.check_table_exist scheduled__2020-03-08T00:00:00+00:00 [queued]>
[2022-08-24 19:05:30,135] {taskinstance.py:1179} INFO - Dependencies all met for <TaskInstance: dynamically_branching1.check_table_exist scheduled__2020-03-08T00:00:00+00:00 [queued]>
[2022-08-24 19:05:30,139] {taskinstance.py:1376} INFO - 
--------------------------------------------------------------------------------
[2022-08-24 19:05:30,145] {taskinstance.py:1377} INFO - Starting attempt 1 of 1
[2022-08-24 19:05:30,148] {taskinstance.py:1378} INFO - 
--------------------------------------------------------------------------------
[2022-08-24 19:05:30,258] {taskinstance.py:1397} INFO - Executing <Task(BranchPythonOperator): check_table_exist> on 2020-03-08 00:00:00+00:00
[2022-08-24 19:05:30,298] {standard_task_runner.py:52} INFO - Started process 6060 to run task
[2022-08-24 19:05:30,323] {standard_task_runner.py:79} INFO - Running: ['***', 'tasks', 'run', 'dynamically_branching1', 'check_table_exist', 'scheduled__2020-03-08T00:00:00+00:00', '--job-id', '1457', '--raw', '--subdir', 'DAGS_FOLDER/jobs_dag.py', '--cfg-path', '/tmp/tmp7ud86vh4', '--error-file', '/tmp/tmpug7z9703']
[2022-08-24 19:05:30,328] {standard_task_runner.py:80} INFO - Job 1457: Subtask check_table_exist
[2022-08-24 19:05:30,721] {task_command.py:371} INFO - Running <TaskInstance: dynamically_branching1.check_table_exist scheduled__2020-03-08T00:00:00+00:00 [running]> on host 9d5d2a77e6ba
[2022-08-24 19:05:31,653] {taskinstance.py:1591} INFO - Exporting the following env vars:
AIRFLOW_CTX_DAG_OWNER=***
AIRFLOW_CTX_DAG_ID=dynamically_branching1
AIRFLOW_CTX_TASK_ID=check_table_exist
AIRFLOW_CTX_EXECUTION_DATE=2020-03-08T00:00:00+00:00
AIRFLOW_CTX_TRY_NUMBER=1
AIRFLOW_CTX_DAG_RUN_ID=scheduled__2020-03-08T00:00:00+00:00
[2022-08-24 19:05:31,656] {python.py:173} INFO - Done. Returned value was: insert_row
[2022-08-24 19:05:31,658] {skipmixin.py:140} INFO - Following branch insert_row
[2022-08-24 19:05:31,660] {skipmixin.py:175} INFO - Skipping tasks ['create_table']
[2022-08-24 19:05:31,970] {taskinstance.py:1420} INFO - Marking task as SUCCESS. dag_id=dynamically_branching1, task_id=check_table_exist, execution_date=20200308T000000, start_date=20220824T190530, end_date=20220824T190531
[2022-08-24 19:05:32,097] {local_task_job.py:156} INFO - Task exited with return code 0
[2022-08-24 19:05:32,392] {local_task_job.py:273} INFO - 1 downstream tasks scheduled from follow-on schedule check
