[2022-08-24 19:18:49,601] {taskinstance.py:1179} INFO - Dependencies all met for <TaskInstance: dynamically_branching1.bash_task scheduled__2021-11-19T00:00:00+00:00 [queued]>
[2022-08-24 19:18:49,701] {taskinstance.py:1179} INFO - Dependencies all met for <TaskInstance: dynamically_branching1.bash_task scheduled__2021-11-19T00:00:00+00:00 [queued]>
[2022-08-24 19:18:49,703] {taskinstance.py:1376} INFO - 
--------------------------------------------------------------------------------
[2022-08-24 19:18:49,704] {taskinstance.py:1377} INFO - Starting attempt 1 of 1
[2022-08-24 19:18:49,705] {taskinstance.py:1378} INFO - 
--------------------------------------------------------------------------------
[2022-08-24 19:18:49,815] {taskinstance.py:1397} INFO - Executing <Task(BashOperator): bash_task> on 2021-11-19 00:00:00+00:00
[2022-08-24 19:18:49,853] {standard_task_runner.py:52} INFO - Started process 10043 to run task
[2022-08-24 19:18:49,868] {standard_task_runner.py:79} INFO - Running: ['***', 'tasks', 'run', 'dynamically_branching1', 'bash_task', 'scheduled__2021-11-19T00:00:00+00:00', '--job-id', '2694', '--raw', '--subdir', 'DAGS_FOLDER/jobs_dag.py', '--cfg-path', '/tmp/tmpdxt8517x', '--error-file', '/tmp/tmpugiv9ndw']
[2022-08-24 19:18:49,873] {standard_task_runner.py:80} INFO - Job 2694: Subtask bash_task
[2022-08-24 19:18:50,297] {task_command.py:371} INFO - Running <TaskInstance: dynamically_branching1.bash_task scheduled__2021-11-19T00:00:00+00:00 [running]> on host 9d5d2a77e6ba
[2022-08-24 19:18:51,283] {taskinstance.py:1591} INFO - Exporting the following env vars:
AIRFLOW_CTX_DAG_OWNER=***
AIRFLOW_CTX_DAG_ID=dynamically_branching1
AIRFLOW_CTX_TASK_ID=bash_task
AIRFLOW_CTX_EXECUTION_DATE=2021-11-19T00:00:00+00:00
AIRFLOW_CTX_TRY_NUMBER=1
AIRFLOW_CTX_DAG_RUN_ID=scheduled__2021-11-19T00:00:00+00:00
[2022-08-24 19:18:51,290] {subprocess.py:62} INFO - Tmp dir root location: 
 /tmp
[2022-08-24 19:18:51,283] {subprocess.py:74} INFO - Running command: ['bash', '-c', 'echo $(whoami)']
[2022-08-24 19:18:51,344] {subprocess.py:85} INFO - Output:
[2022-08-24 19:18:51,388] {subprocess.py:92} INFO - default
[2022-08-24 19:18:51,389] {subprocess.py:96} INFO - Command exited with return code 0
[2022-08-24 19:18:51,600] {taskinstance.py:1420} INFO - Marking task as SUCCESS. dag_id=dynamically_branching1, task_id=bash_task, execution_date=20211119T000000, start_date=20220824T191849, end_date=20220824T191851
[2022-08-24 19:18:52,009] {local_task_job.py:156} INFO - Task exited with return code 0
[2022-08-24 19:18:52,376] {local_task_job.py:273} INFO - 0 downstream tasks scheduled from follow-on schedule check
