[2022-08-24 19:21:27,558] {taskinstance.py:1179} INFO - Dependencies all met for <TaskInstance: dynamically_branching1.bash_task scheduled__2022-04-02T00:00:00+00:00 [queued]>
[2022-08-24 19:21:27,658] {taskinstance.py:1179} INFO - Dependencies all met for <TaskInstance: dynamically_branching1.bash_task scheduled__2022-04-02T00:00:00+00:00 [queued]>
[2022-08-24 19:21:27,659] {taskinstance.py:1376} INFO - 
--------------------------------------------------------------------------------
[2022-08-24 19:21:27,660] {taskinstance.py:1377} INFO - Starting attempt 1 of 1
[2022-08-24 19:21:27,661] {taskinstance.py:1378} INFO - 
--------------------------------------------------------------------------------
[2022-08-24 19:21:27,820] {taskinstance.py:1397} INFO - Executing <Task(BashOperator): bash_task> on 2022-04-02 00:00:00+00:00
[2022-08-24 19:21:27,914] {standard_task_runner.py:52} INFO - Started process 10924 to run task
[2022-08-24 19:21:27,969] {standard_task_runner.py:79} INFO - Running: ['***', 'tasks', 'run', 'dynamically_branching1', 'bash_task', 'scheduled__2022-04-02T00:00:00+00:00', '--job-id', '2964', '--raw', '--subdir', 'DAGS_FOLDER/jobs_dag.py', '--cfg-path', '/tmp/tmpa6tnzgv3', '--error-file', '/tmp/tmpgpmuaz7i']
[2022-08-24 19:21:27,987] {standard_task_runner.py:80} INFO - Job 2964: Subtask bash_task
[2022-08-24 19:21:28,567] {task_command.py:371} INFO - Running <TaskInstance: dynamically_branching1.bash_task scheduled__2022-04-02T00:00:00+00:00 [running]> on host 9d5d2a77e6ba
[2022-08-24 19:21:28,968] {taskinstance.py:1591} INFO - Exporting the following env vars:
AIRFLOW_CTX_DAG_OWNER=***
AIRFLOW_CTX_DAG_ID=dynamically_branching1
AIRFLOW_CTX_TASK_ID=bash_task
AIRFLOW_CTX_EXECUTION_DATE=2022-04-02T00:00:00+00:00
AIRFLOW_CTX_TRY_NUMBER=1
AIRFLOW_CTX_DAG_RUN_ID=scheduled__2022-04-02T00:00:00+00:00
[2022-08-24 19:21:28,970] {subprocess.py:62} INFO - Tmp dir root location: 
 /tmp
[2022-08-24 19:21:28,973] {subprocess.py:74} INFO - Running command: ['bash', '-c', 'echo $(whoami)']
[2022-08-24 19:21:29,049] {subprocess.py:85} INFO - Output:
[2022-08-24 19:21:29,083] {subprocess.py:92} INFO - default
[2022-08-24 19:21:29,085] {subprocess.py:96} INFO - Command exited with return code 0
[2022-08-24 19:21:29,175] {taskinstance.py:1420} INFO - Marking task as SUCCESS. dag_id=dynamically_branching1, task_id=bash_task, execution_date=20220402T000000, start_date=20220824T192127, end_date=20220824T192129
[2022-08-24 19:21:29,255] {local_task_job.py:156} INFO - Task exited with return code 0
[2022-08-24 19:21:29,403] {local_task_job.py:273} INFO - 1 downstream tasks scheduled from follow-on schedule check
