[2022-08-24 18:39:09,801] {taskinstance.py:1179} INFO - Dependencies all met for <TaskInstance: dynamically_branching1.check_table_exist scheduled__2018-10-28T00:00:00+00:00 [queued]>
[2022-08-24 18:39:09,856] {taskinstance.py:1179} INFO - Dependencies all met for <TaskInstance: dynamically_branching1.check_table_exist scheduled__2018-10-28T00:00:00+00:00 [queued]>
[2022-08-24 18:39:09,866] {taskinstance.py:1376} INFO - 
--------------------------------------------------------------------------------
[2022-08-24 18:39:09,868] {taskinstance.py:1377} INFO - Starting attempt 1 of 1
[2022-08-24 18:39:09,873] {taskinstance.py:1378} INFO - 
--------------------------------------------------------------------------------
[2022-08-24 18:39:09,972] {taskinstance.py:1397} INFO - Executing <Task(BranchPythonOperator): check_table_exist> on 2018-10-28 00:00:00+00:00
[2022-08-24 18:39:09,992] {standard_task_runner.py:52} INFO - Started process 3468 to run task
[2022-08-24 18:39:10,009] {standard_task_runner.py:79} INFO - Running: ['***', 'tasks', 'run', 'dynamically_branching1', 'check_table_exist', 'scheduled__2018-10-28T00:00:00+00:00', '--job-id', '736', '--raw', '--subdir', 'DAGS_FOLDER/jobs_dag.py', '--cfg-path', '/tmp/tmp__ap4388', '--error-file', '/tmp/tmpexvzogik']
[2022-08-24 18:39:10,023] {standard_task_runner.py:80} INFO - Job 736: Subtask check_table_exist
[2022-08-24 18:39:10,503] {task_command.py:371} INFO - Running <TaskInstance: dynamically_branching1.check_table_exist scheduled__2018-10-28T00:00:00+00:00 [running]> on host 9d5d2a77e6ba
[2022-08-24 18:39:10,914] {taskinstance.py:1591} INFO - Exporting the following env vars:
AIRFLOW_CTX_DAG_OWNER=***
AIRFLOW_CTX_DAG_ID=dynamically_branching1
AIRFLOW_CTX_TASK_ID=check_table_exist
AIRFLOW_CTX_EXECUTION_DATE=2018-10-28T00:00:00+00:00
AIRFLOW_CTX_TRY_NUMBER=1
AIRFLOW_CTX_DAG_RUN_ID=scheduled__2018-10-28T00:00:00+00:00
[2022-08-24 18:39:10,920] {python.py:173} INFO - Done. Returned value was: create_table
[2022-08-24 18:39:10,925] {skipmixin.py:140} INFO - Following branch create_table
[2022-08-24 18:39:10,927] {skipmixin.py:175} INFO - Skipping tasks []
[2022-08-24 18:39:11,571] {taskinstance.py:1420} INFO - Marking task as SUCCESS. dag_id=dynamically_branching1, task_id=check_table_exist, execution_date=20181028T000000, start_date=20220824T183909, end_date=20220824T183911
[2022-08-24 18:39:11,952] {local_task_job.py:156} INFO - Task exited with return code 0
[2022-08-24 18:39:12,860] {local_task_job.py:273} INFO - 1 downstream tasks scheduled from follow-on schedule check
