[2022-08-24 19:19:10,830] {taskinstance.py:1179} INFO - Dependencies all met for <TaskInstance: dynamically_branching1.check_table_exist scheduled__2021-12-01T00:00:00+00:00 [queued]>
[2022-08-24 19:19:10,879] {taskinstance.py:1179} INFO - Dependencies all met for <TaskInstance: dynamically_branching1.check_table_exist scheduled__2021-12-01T00:00:00+00:00 [queued]>
[2022-08-24 19:19:10,881] {taskinstance.py:1376} INFO - 
--------------------------------------------------------------------------------
[2022-08-24 19:19:10,882] {taskinstance.py:1377} INFO - Starting attempt 1 of 1
[2022-08-24 19:19:10,883] {taskinstance.py:1378} INFO - 
--------------------------------------------------------------------------------
[2022-08-24 19:19:11,020] {taskinstance.py:1397} INFO - Executing <Task(BranchPythonOperator): check_table_exist> on 2021-12-01 00:00:00+00:00
[2022-08-24 19:19:11,070] {standard_task_runner.py:52} INFO - Started process 10170 to run task
[2022-08-24 19:19:11,113] {standard_task_runner.py:79} INFO - Running: ['***', 'tasks', 'run', 'dynamically_branching1', 'check_table_exist', 'scheduled__2021-12-01T00:00:00+00:00', '--job-id', '2733', '--raw', '--subdir', 'DAGS_FOLDER/jobs_dag.py', '--cfg-path', '/tmp/tmp1wmjylu1', '--error-file', '/tmp/tmpj4nmp9e3']
[2022-08-24 19:19:11,115] {standard_task_runner.py:80} INFO - Job 2733: Subtask check_table_exist
[2022-08-24 19:19:11,473] {task_command.py:371} INFO - Running <TaskInstance: dynamically_branching1.check_table_exist scheduled__2021-12-01T00:00:00+00:00 [running]> on host 9d5d2a77e6ba
[2022-08-24 19:19:12,158] {taskinstance.py:1591} INFO - Exporting the following env vars:
AIRFLOW_CTX_DAG_OWNER=***
AIRFLOW_CTX_DAG_ID=dynamically_branching1
AIRFLOW_CTX_TASK_ID=check_table_exist
AIRFLOW_CTX_EXECUTION_DATE=2021-12-01T00:00:00+00:00
AIRFLOW_CTX_TRY_NUMBER=1
AIRFLOW_CTX_DAG_RUN_ID=scheduled__2021-12-01T00:00:00+00:00
[2022-08-24 19:19:12,161] {python.py:173} INFO - Done. Returned value was: insert_row
[2022-08-24 19:19:12,163] {skipmixin.py:140} INFO - Following branch insert_row
[2022-08-24 19:19:12,169] {skipmixin.py:175} INFO - Skipping tasks ['create_table']
[2022-08-24 19:19:12,492] {taskinstance.py:1420} INFO - Marking task as SUCCESS. dag_id=dynamically_branching1, task_id=check_table_exist, execution_date=20211201T000000, start_date=20220824T191910, end_date=20220824T191912
[2022-08-24 19:19:12,691] {local_task_job.py:156} INFO - Task exited with return code 0
[2022-08-24 19:19:12,917] {local_task_job.py:273} INFO - 0 downstream tasks scheduled from follow-on schedule check
