[2022-08-24 19:18:37,754] {taskinstance.py:1179} INFO - Dependencies all met for <TaskInstance: dynamically_branching1.check_table_exist scheduled__2021-11-05T00:00:00+00:00 [queued]>
[2022-08-24 19:18:37,790] {taskinstance.py:1179} INFO - Dependencies all met for <TaskInstance: dynamically_branching1.check_table_exist scheduled__2021-11-05T00:00:00+00:00 [queued]>
[2022-08-24 19:18:37,793] {taskinstance.py:1376} INFO - 
--------------------------------------------------------------------------------
[2022-08-24 19:18:37,794] {taskinstance.py:1377} INFO - Starting attempt 1 of 1
[2022-08-24 19:18:37,796] {taskinstance.py:1378} INFO - 
--------------------------------------------------------------------------------
[2022-08-24 19:18:37,831] {taskinstance.py:1397} INFO - Executing <Task(BranchPythonOperator): check_table_exist> on 2021-11-05 00:00:00+00:00
[2022-08-24 19:18:37,845] {standard_task_runner.py:52} INFO - Started process 9987 to run task
[2022-08-24 19:18:37,914] {standard_task_runner.py:79} INFO - Running: ['***', 'tasks', 'run', 'dynamically_branching1', 'check_table_exist', 'scheduled__2021-11-05T00:00:00+00:00', '--job-id', '2679', '--raw', '--subdir', 'DAGS_FOLDER/jobs_dag.py', '--cfg-path', '/tmp/tmpe35r4sn0', '--error-file', '/tmp/tmpaogdp71k']
[2022-08-24 19:18:37,923] {standard_task_runner.py:80} INFO - Job 2679: Subtask check_table_exist
[2022-08-24 19:18:38,219] {task_command.py:371} INFO - Running <TaskInstance: dynamically_branching1.check_table_exist scheduled__2021-11-05T00:00:00+00:00 [running]> on host 9d5d2a77e6ba
[2022-08-24 19:18:38,555] {taskinstance.py:1591} INFO - Exporting the following env vars:
AIRFLOW_CTX_DAG_OWNER=***
AIRFLOW_CTX_DAG_ID=dynamically_branching1
AIRFLOW_CTX_TASK_ID=check_table_exist
AIRFLOW_CTX_EXECUTION_DATE=2021-11-05T00:00:00+00:00
AIRFLOW_CTX_TRY_NUMBER=1
AIRFLOW_CTX_DAG_RUN_ID=scheduled__2021-11-05T00:00:00+00:00
[2022-08-24 19:18:38,560] {python.py:173} INFO - Done. Returned value was: insert_row
[2022-08-24 19:18:38,569] {skipmixin.py:140} INFO - Following branch insert_row
[2022-08-24 19:18:38,571] {skipmixin.py:175} INFO - Skipping tasks ['create_table']
[2022-08-24 19:18:38,754] {taskinstance.py:1420} INFO - Marking task as SUCCESS. dag_id=dynamically_branching1, task_id=check_table_exist, execution_date=20211105T000000, start_date=20220824T191837, end_date=20220824T191838
[2022-08-24 19:18:38,872] {local_task_job.py:156} INFO - Task exited with return code 0
[2022-08-24 19:18:39,059] {local_task_job.py:273} INFO - 1 downstream tasks scheduled from follow-on schedule check
