[2022-08-24 19:07:50,294] {taskinstance.py:1179} INFO - Dependencies all met for <TaskInstance: dynamically_branching1.check_table_exist scheduled__2020-06-06T00:00:00+00:00 [queued]>
[2022-08-24 19:07:50,516] {taskinstance.py:1179} INFO - Dependencies all met for <TaskInstance: dynamically_branching1.check_table_exist scheduled__2020-06-06T00:00:00+00:00 [queued]>
[2022-08-24 19:07:50,517] {taskinstance.py:1376} INFO - 
--------------------------------------------------------------------------------
[2022-08-24 19:07:50,519] {taskinstance.py:1377} INFO - Starting attempt 1 of 1
[2022-08-24 19:07:50,523] {taskinstance.py:1378} INFO - 
--------------------------------------------------------------------------------
[2022-08-24 19:07:50,738] {taskinstance.py:1397} INFO - Executing <Task(BranchPythonOperator): check_table_exist> on 2020-06-06 00:00:00+00:00
[2022-08-24 19:07:50,833] {standard_task_runner.py:79} INFO - Running: ['***', 'tasks', 'run', 'dynamically_branching1', 'check_table_exist', 'scheduled__2020-06-06T00:00:00+00:00', '--job-id', '1644', '--raw', '--subdir', 'DAGS_FOLDER/jobs_dag.py', '--cfg-path', '/tmp/tmp8va2tag7', '--error-file', '/tmp/tmpmigg9vl0']
[2022-08-24 19:07:50,797] {standard_task_runner.py:52} INFO - Started process 6602 to run task
[2022-08-24 19:07:50,839] {standard_task_runner.py:80} INFO - Job 1644: Subtask check_table_exist
[2022-08-24 19:07:51,530] {task_command.py:371} INFO - Running <TaskInstance: dynamically_branching1.check_table_exist scheduled__2020-06-06T00:00:00+00:00 [running]> on host 9d5d2a77e6ba
[2022-08-24 19:07:52,276] {taskinstance.py:1591} INFO - Exporting the following env vars:
AIRFLOW_CTX_DAG_OWNER=***
AIRFLOW_CTX_DAG_ID=dynamically_branching1
AIRFLOW_CTX_TASK_ID=check_table_exist
AIRFLOW_CTX_EXECUTION_DATE=2020-06-06T00:00:00+00:00
AIRFLOW_CTX_TRY_NUMBER=1
AIRFLOW_CTX_DAG_RUN_ID=scheduled__2020-06-06T00:00:00+00:00
[2022-08-24 19:07:52,281] {python.py:173} INFO - Done. Returned value was: insert_row
[2022-08-24 19:07:52,283] {skipmixin.py:140} INFO - Following branch insert_row
[2022-08-24 19:07:52,289] {skipmixin.py:175} INFO - Skipping tasks ['create_table']
[2022-08-24 19:07:52,718] {taskinstance.py:1420} INFO - Marking task as SUCCESS. dag_id=dynamically_branching1, task_id=check_table_exist, execution_date=20200606T000000, start_date=20220824T190750, end_date=20220824T190752
[2022-08-24 19:07:52,947] {local_task_job.py:156} INFO - Task exited with return code 0
[2022-08-24 19:07:53,517] {local_task_job.py:273} INFO - 0 downstream tasks scheduled from follow-on schedule check
