[2022-08-27 00:02:57,150] {processor.py:153} INFO - Started process (PID=58415) to work on /home/airflow/.local/lib/python3.7/site-packages/airflow/example_dags/example_dag_decorator.py
[2022-08-27 00:02:57,151] {processor.py:641} INFO - Processing file /home/airflow/.local/lib/python3.7/site-packages/airflow/example_dags/example_dag_decorator.py for tasks to queue
[2022-08-27 00:02:57,153] {logging_mixin.py:115} INFO - [2022-08-27 00:02:57,153] {dagbag.py:508} INFO - Filling up the DagBag from /home/airflow/.local/lib/python3.7/site-packages/airflow/example_dags/example_dag_decorator.py
[2022-08-27 00:02:57,238] {processor.py:651} INFO - DAG(s) dict_keys(['example_dag_decorator']) retrieved from /home/airflow/.local/lib/python3.7/site-packages/airflow/example_dags/example_dag_decorator.py
[2022-08-27 00:02:57,461] {logging_mixin.py:115} INFO - [2022-08-27 00:02:57,461] {dag.py:2420} INFO - Sync 1 DAGs
[2022-08-27 00:02:57,502] {logging_mixin.py:115} INFO - [2022-08-27 00:02:57,502] {dag.py:2972} INFO - Setting next_dagrun for example_dag_decorator to None, run_after=None
[2022-08-27 00:02:57,555] {processor.py:161} INFO - Processing /home/airflow/.local/lib/python3.7/site-packages/airflow/example_dags/example_dag_decorator.py took 0.416 seconds
[2022-08-27 00:03:29,180] {processor.py:153} INFO - Started process (PID=58474) to work on /home/airflow/.local/lib/python3.7/site-packages/airflow/example_dags/example_dag_decorator.py
[2022-08-27 00:03:29,182] {processor.py:641} INFO - Processing file /home/airflow/.local/lib/python3.7/site-packages/airflow/example_dags/example_dag_decorator.py for tasks to queue
[2022-08-27 00:03:29,183] {logging_mixin.py:115} INFO - [2022-08-27 00:03:29,182] {dagbag.py:508} INFO - Filling up the DagBag from /home/airflow/.local/lib/python3.7/site-packages/airflow/example_dags/example_dag_decorator.py
[2022-08-27 00:03:29,212] {processor.py:651} INFO - DAG(s) dict_keys(['example_dag_decorator']) retrieved from /home/airflow/.local/lib/python3.7/site-packages/airflow/example_dags/example_dag_decorator.py
[2022-08-27 00:03:29,294] {logging_mixin.py:115} INFO - [2022-08-27 00:03:29,294] {dag.py:2420} INFO - Sync 1 DAGs
[2022-08-27 00:03:29,316] {logging_mixin.py:115} INFO - [2022-08-27 00:03:29,316] {dag.py:2972} INFO - Setting next_dagrun for example_dag_decorator to None, run_after=None
[2022-08-27 00:03:29,334] {processor.py:161} INFO - Processing /home/airflow/.local/lib/python3.7/site-packages/airflow/example_dags/example_dag_decorator.py took 0.158 seconds
[2022-08-27 00:04:31,951] {processor.py:153} INFO - Started process (PID=58538) to work on /home/airflow/.local/lib/python3.7/site-packages/airflow/example_dags/example_dag_decorator.py
[2022-08-27 00:04:31,967] {processor.py:641} INFO - Processing file /home/airflow/.local/lib/python3.7/site-packages/airflow/example_dags/example_dag_decorator.py for tasks to queue
[2022-08-27 00:04:31,974] {logging_mixin.py:115} INFO - [2022-08-27 00:04:31,974] {dagbag.py:508} INFO - Filling up the DagBag from /home/airflow/.local/lib/python3.7/site-packages/airflow/example_dags/example_dag_decorator.py
[2022-08-27 00:04:32,240] {processor.py:651} INFO - DAG(s) dict_keys(['example_dag_decorator']) retrieved from /home/airflow/.local/lib/python3.7/site-packages/airflow/example_dags/example_dag_decorator.py
[2022-08-27 00:04:32,777] {logging_mixin.py:115} INFO - [2022-08-27 00:04:32,776] {dag.py:2420} INFO - Sync 1 DAGs
[2022-08-27 00:04:32,974] {logging_mixin.py:115} INFO - [2022-08-27 00:04:32,974] {dag.py:2972} INFO - Setting next_dagrun for example_dag_decorator to None, run_after=None
[2022-08-27 00:04:33,089] {processor.py:161} INFO - Processing /home/airflow/.local/lib/python3.7/site-packages/airflow/example_dags/example_dag_decorator.py took 1.171 seconds
[2022-08-27 00:19:38,427] {processor.py:153} INFO - Started process (PID=58585) to work on /home/airflow/.local/lib/python3.7/site-packages/airflow/example_dags/example_dag_decorator.py
[2022-08-27 00:19:38,441] {processor.py:641} INFO - Processing file /home/airflow/.local/lib/python3.7/site-packages/airflow/example_dags/example_dag_decorator.py for tasks to queue
[2022-08-27 00:19:38,455] {logging_mixin.py:115} INFO - [2022-08-27 00:19:38,455] {dagbag.py:508} INFO - Filling up the DagBag from /home/airflow/.local/lib/python3.7/site-packages/airflow/example_dags/example_dag_decorator.py
[2022-08-27 00:19:38,854] {processor.py:651} INFO - DAG(s) dict_keys(['example_dag_decorator']) retrieved from /home/airflow/.local/lib/python3.7/site-packages/airflow/example_dags/example_dag_decorator.py
[2022-08-27 00:19:40,023] {logging_mixin.py:115} INFO - [2022-08-27 00:19:40,018] {dag.py:2420} INFO - Sync 1 DAGs
[2022-08-27 00:19:40,369] {logging_mixin.py:115} INFO - [2022-08-27 00:19:40,368] {dag.py:2972} INFO - Setting next_dagrun for example_dag_decorator to None, run_after=None
[2022-08-27 00:19:40,548] {processor.py:161} INFO - Processing /home/airflow/.local/lib/python3.7/site-packages/airflow/example_dags/example_dag_decorator.py took 2.206 seconds
[2022-08-27 00:59:49,482] {processor.py:153} INFO - Started process (PID=58633) to work on /home/airflow/.local/lib/python3.7/site-packages/airflow/example_dags/example_dag_decorator.py
[2022-08-27 00:59:49,483] {processor.py:641} INFO - Processing file /home/airflow/.local/lib/python3.7/site-packages/airflow/example_dags/example_dag_decorator.py for tasks to queue
[2022-08-27 00:59:49,484] {logging_mixin.py:115} INFO - [2022-08-27 00:59:49,484] {dagbag.py:508} INFO - Filling up the DagBag from /home/airflow/.local/lib/python3.7/site-packages/airflow/example_dags/example_dag_decorator.py
[2022-08-27 00:59:49,530] {processor.py:651} INFO - DAG(s) dict_keys(['example_dag_decorator']) retrieved from /home/airflow/.local/lib/python3.7/site-packages/airflow/example_dags/example_dag_decorator.py
[2022-08-27 00:59:49,673] {logging_mixin.py:115} INFO - [2022-08-27 00:59:49,673] {dag.py:2420} INFO - Sync 1 DAGs
[2022-08-27 00:59:49,726] {logging_mixin.py:115} INFO - [2022-08-27 00:59:49,726] {dag.py:2972} INFO - Setting next_dagrun for example_dag_decorator to None, run_after=None
[2022-08-27 00:59:49,754] {processor.py:161} INFO - Processing /home/airflow/.local/lib/python3.7/site-packages/airflow/example_dags/example_dag_decorator.py took 0.279 seconds
[2022-08-27 01:00:33,596] {processor.py:153} INFO - Started process (PID=58690) to work on /home/airflow/.local/lib/python3.7/site-packages/airflow/example_dags/example_dag_decorator.py
[2022-08-27 01:00:33,599] {processor.py:641} INFO - Processing file /home/airflow/.local/lib/python3.7/site-packages/airflow/example_dags/example_dag_decorator.py for tasks to queue
[2022-08-27 01:00:33,601] {logging_mixin.py:115} INFO - [2022-08-27 01:00:33,601] {dagbag.py:508} INFO - Filling up the DagBag from /home/airflow/.local/lib/python3.7/site-packages/airflow/example_dags/example_dag_decorator.py
[2022-08-27 01:00:33,659] {processor.py:651} INFO - DAG(s) dict_keys(['example_dag_decorator']) retrieved from /home/airflow/.local/lib/python3.7/site-packages/airflow/example_dags/example_dag_decorator.py
[2022-08-27 01:00:33,816] {logging_mixin.py:115} INFO - [2022-08-27 01:00:33,816] {dag.py:2420} INFO - Sync 1 DAGs
[2022-08-27 01:00:33,857] {logging_mixin.py:115} INFO - [2022-08-27 01:00:33,857] {dag.py:2972} INFO - Setting next_dagrun for example_dag_decorator to None, run_after=None
[2022-08-27 01:00:33,885] {processor.py:161} INFO - Processing /home/airflow/.local/lib/python3.7/site-packages/airflow/example_dags/example_dag_decorator.py took 0.296 seconds
[2022-08-27 01:46:51,521] {processor.py:153} INFO - Started process (PID=58764) to work on /home/airflow/.local/lib/python3.7/site-packages/airflow/example_dags/example_dag_decorator.py
[2022-08-27 01:46:51,529] {processor.py:641} INFO - Processing file /home/airflow/.local/lib/python3.7/site-packages/airflow/example_dags/example_dag_decorator.py for tasks to queue
[2022-08-27 01:46:51,534] {logging_mixin.py:115} INFO - [2022-08-27 01:46:51,534] {dagbag.py:508} INFO - Filling up the DagBag from /home/airflow/.local/lib/python3.7/site-packages/airflow/example_dags/example_dag_decorator.py
[2022-08-27 01:46:51,705] {processor.py:651} INFO - DAG(s) dict_keys(['example_dag_decorator']) retrieved from /home/airflow/.local/lib/python3.7/site-packages/airflow/example_dags/example_dag_decorator.py
[2022-08-27 01:46:52,291] {logging_mixin.py:115} INFO - [2022-08-27 01:46:52,290] {dag.py:2420} INFO - Sync 1 DAGs
[2022-08-27 01:46:53,343] {logging_mixin.py:115} INFO - [2022-08-27 01:46:53,343] {dag.py:2972} INFO - Setting next_dagrun for example_dag_decorator to None, run_after=None
[2022-08-27 01:46:53,760] {processor.py:161} INFO - Processing /home/airflow/.local/lib/python3.7/site-packages/airflow/example_dags/example_dag_decorator.py took 2.275 seconds
[2022-08-27 01:50:34,951] {processor.py:153} INFO - Started process (PID=58827) to work on /home/airflow/.local/lib/python3.7/site-packages/airflow/example_dags/example_dag_decorator.py
[2022-08-27 01:50:34,978] {processor.py:641} INFO - Processing file /home/airflow/.local/lib/python3.7/site-packages/airflow/example_dags/example_dag_decorator.py for tasks to queue
[2022-08-27 01:50:35,007] {logging_mixin.py:115} INFO - [2022-08-27 01:50:34,997] {dagbag.py:508} INFO - Filling up the DagBag from /home/airflow/.local/lib/python3.7/site-packages/airflow/example_dags/example_dag_decorator.py
[2022-08-27 01:50:36,778] {processor.py:651} INFO - DAG(s) dict_keys(['example_dag_decorator']) retrieved from /home/airflow/.local/lib/python3.7/site-packages/airflow/example_dags/example_dag_decorator.py
[2022-08-27 01:50:39,796] {logging_mixin.py:115} INFO - [2022-08-27 01:50:39,796] {dag.py:2420} INFO - Sync 1 DAGs
[2022-08-27 01:50:40,461] {logging_mixin.py:115} INFO - [2022-08-27 01:50:40,460] {dag.py:2972} INFO - Setting next_dagrun for example_dag_decorator to None, run_after=None
[2022-08-27 01:50:40,914] {processor.py:161} INFO - Processing /home/airflow/.local/lib/python3.7/site-packages/airflow/example_dags/example_dag_decorator.py took 6.227 seconds
[2022-08-27 02:53:08,169] {processor.py:153} INFO - Started process (PID=58970) to work on /home/airflow/.local/lib/python3.7/site-packages/airflow/example_dags/example_dag_decorator.py
[2022-08-27 02:53:08,233] {processor.py:641} INFO - Processing file /home/airflow/.local/lib/python3.7/site-packages/airflow/example_dags/example_dag_decorator.py for tasks to queue
[2022-08-27 02:53:08,361] {logging_mixin.py:115} INFO - [2022-08-27 02:53:08,360] {dagbag.py:508} INFO - Filling up the DagBag from /home/airflow/.local/lib/python3.7/site-packages/airflow/example_dags/example_dag_decorator.py
[2022-08-27 02:53:12,561] {processor.py:651} INFO - DAG(s) dict_keys(['example_dag_decorator']) retrieved from /home/airflow/.local/lib/python3.7/site-packages/airflow/example_dags/example_dag_decorator.py
[2022-08-27 02:53:19,098] {logging_mixin.py:115} INFO - [2022-08-27 02:53:19,098] {dag.py:2420} INFO - Sync 1 DAGs
[2022-08-27 02:53:20,876] {logging_mixin.py:115} INFO - [2022-08-27 02:53:20,837] {dag.py:2972} INFO - Setting next_dagrun for example_dag_decorator to None, run_after=None
[2022-08-27 02:53:22,005] {processor.py:161} INFO - Processing /home/airflow/.local/lib/python3.7/site-packages/airflow/example_dags/example_dag_decorator.py took 15.417 seconds
[2022-08-27 04:02:53,012] {processor.py:153} INFO - Started process (PID=59133) to work on /home/airflow/.local/lib/python3.7/site-packages/airflow/example_dags/example_dag_decorator.py
[2022-08-27 04:02:53,049] {processor.py:641} INFO - Processing file /home/airflow/.local/lib/python3.7/site-packages/airflow/example_dags/example_dag_decorator.py for tasks to queue
[2022-08-27 04:02:53,120] {logging_mixin.py:115} INFO - [2022-08-27 04:02:53,120] {dagbag.py:508} INFO - Filling up the DagBag from /home/airflow/.local/lib/python3.7/site-packages/airflow/example_dags/example_dag_decorator.py
[2022-08-27 04:02:57,589] {processor.py:651} INFO - DAG(s) dict_keys(['example_dag_decorator']) retrieved from /home/airflow/.local/lib/python3.7/site-packages/airflow/example_dags/example_dag_decorator.py
[2022-08-27 04:13:21,807] {logging_mixin.py:115} INFO - [2022-08-27 04:13:21,735] {dag.py:2420} INFO - Sync 1 DAGs
[2022-08-27 04:46:00,100] {processor.py:153} INFO - Started process (PID=59240) to work on /home/airflow/.local/lib/python3.7/site-packages/airflow/example_dags/example_dag_decorator.py
[2022-08-27 04:46:00,118] {processor.py:641} INFO - Processing file /home/airflow/.local/lib/python3.7/site-packages/airflow/example_dags/example_dag_decorator.py for tasks to queue
[2022-08-27 04:46:00,138] {logging_mixin.py:115} INFO - [2022-08-27 04:46:00,138] {dagbag.py:508} INFO - Filling up the DagBag from /home/airflow/.local/lib/python3.7/site-packages/airflow/example_dags/example_dag_decorator.py
[2022-08-27 04:46:00,913] {processor.py:651} INFO - DAG(s) dict_keys(['example_dag_decorator']) retrieved from /home/airflow/.local/lib/python3.7/site-packages/airflow/example_dags/example_dag_decorator.py
[2022-08-27 04:46:01,797] {logging_mixin.py:115} INFO - [2022-08-27 04:46:01,797] {dag.py:2420} INFO - Sync 1 DAGs
[2022-08-27 04:46:01,975] {logging_mixin.py:115} INFO - [2022-08-27 04:46:01,975] {dag.py:2972} INFO - Setting next_dagrun for example_dag_decorator to None, run_after=None
[2022-08-27 04:46:02,138] {processor.py:161} INFO - Processing /home/airflow/.local/lib/python3.7/site-packages/airflow/example_dags/example_dag_decorator.py took 2.224 seconds
[2022-08-27 13:15:05,179] {processor.py:153} INFO - Started process (PID=59384) to work on /home/airflow/.local/lib/python3.7/site-packages/airflow/example_dags/example_dag_decorator.py
[2022-08-27 13:15:05,189] {processor.py:641} INFO - Processing file /home/airflow/.local/lib/python3.7/site-packages/airflow/example_dags/example_dag_decorator.py for tasks to queue
[2022-08-27 13:15:05,202] {logging_mixin.py:115} INFO - [2022-08-27 13:15:05,201] {dagbag.py:508} INFO - Filling up the DagBag from /home/airflow/.local/lib/python3.7/site-packages/airflow/example_dags/example_dag_decorator.py
[2022-08-27 13:15:05,875] {processor.py:651} INFO - DAG(s) dict_keys(['example_dag_decorator']) retrieved from /home/airflow/.local/lib/python3.7/site-packages/airflow/example_dags/example_dag_decorator.py
[2022-08-27 13:15:09,127] {logging_mixin.py:115} INFO - [2022-08-27 13:15:09,116] {dag.py:2420} INFO - Sync 1 DAGs
[2022-08-27 13:15:10,129] {logging_mixin.py:115} INFO - [2022-08-27 13:15:10,128] {dag.py:2972} INFO - Setting next_dagrun for example_dag_decorator to None, run_after=None
[2022-08-27 13:15:10,666] {processor.py:161} INFO - Processing /home/airflow/.local/lib/python3.7/site-packages/airflow/example_dags/example_dag_decorator.py took 5.563 seconds
