[2022-08-27 00:02:55,801] {processor.py:153} INFO - Started process (PID=58402) to work on /home/airflow/.local/lib/python3.7/site-packages/airflow/example_dags/example_branch_operator_decorator.py
[2022-08-27 00:02:55,803] {processor.py:641} INFO - Processing file /home/airflow/.local/lib/python3.7/site-packages/airflow/example_dags/example_branch_operator_decorator.py for tasks to queue
[2022-08-27 00:02:55,806] {logging_mixin.py:115} INFO - [2022-08-27 00:02:55,805] {dagbag.py:508} INFO - Filling up the DagBag from /home/airflow/.local/lib/python3.7/site-packages/airflow/example_dags/example_branch_operator_decorator.py
[2022-08-27 00:02:55,870] {processor.py:651} INFO - DAG(s) dict_keys(['example_branch_python_operator_decorator']) retrieved from /home/airflow/.local/lib/python3.7/site-packages/airflow/example_dags/example_branch_operator_decorator.py
[2022-08-27 00:02:56,144] {logging_mixin.py:115} INFO - [2022-08-27 00:02:56,142] {dag.py:2420} INFO - Sync 1 DAGs
[2022-08-27 00:02:56,213] {logging_mixin.py:115} INFO - [2022-08-27 00:02:56,213] {dag.py:2972} INFO - Setting next_dagrun for example_branch_python_operator_decorator to 2022-08-26T00:00:00+00:00, run_after=2022-08-27T00:00:00+00:00
[2022-08-27 00:02:56,249] {processor.py:161} INFO - Processing /home/airflow/.local/lib/python3.7/site-packages/airflow/example_dags/example_branch_operator_decorator.py took 0.468 seconds
[2022-08-27 00:03:28,709] {processor.py:153} INFO - Started process (PID=58468) to work on /home/airflow/.local/lib/python3.7/site-packages/airflow/example_dags/example_branch_operator_decorator.py
[2022-08-27 00:03:28,710] {processor.py:641} INFO - Processing file /home/airflow/.local/lib/python3.7/site-packages/airflow/example_dags/example_branch_operator_decorator.py for tasks to queue
[2022-08-27 00:03:28,711] {logging_mixin.py:115} INFO - [2022-08-27 00:03:28,711] {dagbag.py:508} INFO - Filling up the DagBag from /home/airflow/.local/lib/python3.7/site-packages/airflow/example_dags/example_branch_operator_decorator.py
[2022-08-27 00:03:28,737] {processor.py:651} INFO - DAG(s) dict_keys(['example_branch_python_operator_decorator']) retrieved from /home/airflow/.local/lib/python3.7/site-packages/airflow/example_dags/example_branch_operator_decorator.py
[2022-08-27 00:03:28,780] {logging_mixin.py:115} INFO - [2022-08-27 00:03:28,780] {dag.py:2420} INFO - Sync 1 DAGs
[2022-08-27 00:03:28,819] {logging_mixin.py:115} INFO - [2022-08-27 00:03:28,819] {dag.py:2972} INFO - Setting next_dagrun for example_branch_python_operator_decorator to 2022-08-26T00:00:00+00:00, run_after=2022-08-27T00:00:00+00:00
[2022-08-27 00:03:28,838] {processor.py:161} INFO - Processing /home/airflow/.local/lib/python3.7/site-packages/airflow/example_dags/example_branch_operator_decorator.py took 0.136 seconds
[2022-08-27 00:04:27,348] {processor.py:153} INFO - Started process (PID=58524) to work on /home/airflow/.local/lib/python3.7/site-packages/airflow/example_dags/example_branch_operator_decorator.py
[2022-08-27 00:04:27,355] {processor.py:641} INFO - Processing file /home/airflow/.local/lib/python3.7/site-packages/airflow/example_dags/example_branch_operator_decorator.py for tasks to queue
[2022-08-27 00:04:27,361] {logging_mixin.py:115} INFO - [2022-08-27 00:04:27,360] {dagbag.py:508} INFO - Filling up the DagBag from /home/airflow/.local/lib/python3.7/site-packages/airflow/example_dags/example_branch_operator_decorator.py
[2022-08-27 00:04:27,719] {processor.py:651} INFO - DAG(s) dict_keys(['example_branch_python_operator_decorator']) retrieved from /home/airflow/.local/lib/python3.7/site-packages/airflow/example_dags/example_branch_operator_decorator.py
[2022-08-27 00:04:28,002] {logging_mixin.py:115} INFO - [2022-08-27 00:04:28,002] {dag.py:2420} INFO - Sync 1 DAGs
[2022-08-27 00:04:28,309] {logging_mixin.py:115} INFO - [2022-08-27 00:04:28,308] {dag.py:2972} INFO - Setting next_dagrun for example_branch_python_operator_decorator to 2022-08-26T00:00:00+00:00, run_after=2022-08-27T00:00:00+00:00
[2022-08-27 00:04:28,420] {processor.py:161} INFO - Processing /home/airflow/.local/lib/python3.7/site-packages/airflow/example_dags/example_branch_operator_decorator.py took 1.100 seconds
[2022-08-27 00:19:35,814] {processor.py:153} INFO - Started process (PID=58579) to work on /home/airflow/.local/lib/python3.7/site-packages/airflow/example_dags/example_branch_operator_decorator.py
[2022-08-27 00:19:35,822] {processor.py:641} INFO - Processing file /home/airflow/.local/lib/python3.7/site-packages/airflow/example_dags/example_branch_operator_decorator.py for tasks to queue
[2022-08-27 00:19:35,824] {logging_mixin.py:115} INFO - [2022-08-27 00:19:35,824] {dagbag.py:508} INFO - Filling up the DagBag from /home/airflow/.local/lib/python3.7/site-packages/airflow/example_dags/example_branch_operator_decorator.py
[2022-08-27 00:19:35,922] {processor.py:651} INFO - DAG(s) dict_keys(['example_branch_python_operator_decorator']) retrieved from /home/airflow/.local/lib/python3.7/site-packages/airflow/example_dags/example_branch_operator_decorator.py
[2022-08-27 00:19:36,062] {logging_mixin.py:115} INFO - [2022-08-27 00:19:36,062] {dag.py:2420} INFO - Sync 1 DAGs
[2022-08-27 00:19:36,157] {logging_mixin.py:115} INFO - [2022-08-27 00:19:36,157] {dag.py:2972} INFO - Setting next_dagrun for example_branch_python_operator_decorator to 2022-08-26T00:00:00+00:00, run_after=2022-08-27T00:00:00+00:00
[2022-08-27 00:19:36,189] {processor.py:161} INFO - Processing /home/airflow/.local/lib/python3.7/site-packages/airflow/example_dags/example_branch_operator_decorator.py took 0.390 seconds
[2022-08-27 00:59:48,766] {processor.py:153} INFO - Started process (PID=58627) to work on /home/airflow/.local/lib/python3.7/site-packages/airflow/example_dags/example_branch_operator_decorator.py
[2022-08-27 00:59:48,770] {processor.py:641} INFO - Processing file /home/airflow/.local/lib/python3.7/site-packages/airflow/example_dags/example_branch_operator_decorator.py for tasks to queue
[2022-08-27 00:59:48,771] {logging_mixin.py:115} INFO - [2022-08-27 00:59:48,771] {dagbag.py:508} INFO - Filling up the DagBag from /home/airflow/.local/lib/python3.7/site-packages/airflow/example_dags/example_branch_operator_decorator.py
[2022-08-27 00:59:48,828] {processor.py:651} INFO - DAG(s) dict_keys(['example_branch_python_operator_decorator']) retrieved from /home/airflow/.local/lib/python3.7/site-packages/airflow/example_dags/example_branch_operator_decorator.py
[2022-08-27 00:59:48,879] {logging_mixin.py:115} INFO - [2022-08-27 00:59:48,879] {dag.py:2420} INFO - Sync 1 DAGs
[2022-08-27 00:59:48,932] {logging_mixin.py:115} INFO - [2022-08-27 00:59:48,931] {dag.py:2972} INFO - Setting next_dagrun for example_branch_python_operator_decorator to 2022-08-26T00:00:00+00:00, run_after=2022-08-27T00:00:00+00:00
[2022-08-27 00:59:48,960] {processor.py:161} INFO - Processing /home/airflow/.local/lib/python3.7/site-packages/airflow/example_dags/example_branch_operator_decorator.py took 0.204 seconds
[2022-08-27 01:00:32,586] {processor.py:153} INFO - Started process (PID=58684) to work on /home/airflow/.local/lib/python3.7/site-packages/airflow/example_dags/example_branch_operator_decorator.py
[2022-08-27 01:00:32,589] {processor.py:641} INFO - Processing file /home/airflow/.local/lib/python3.7/site-packages/airflow/example_dags/example_branch_operator_decorator.py for tasks to queue
[2022-08-27 01:00:32,591] {logging_mixin.py:115} INFO - [2022-08-27 01:00:32,591] {dagbag.py:508} INFO - Filling up the DagBag from /home/airflow/.local/lib/python3.7/site-packages/airflow/example_dags/example_branch_operator_decorator.py
[2022-08-27 01:00:32,654] {processor.py:651} INFO - DAG(s) dict_keys(['example_branch_python_operator_decorator']) retrieved from /home/airflow/.local/lib/python3.7/site-packages/airflow/example_dags/example_branch_operator_decorator.py
[2022-08-27 01:00:32,731] {logging_mixin.py:115} INFO - [2022-08-27 01:00:32,731] {dag.py:2420} INFO - Sync 1 DAGs
[2022-08-27 01:00:32,812] {logging_mixin.py:115} INFO - [2022-08-27 01:00:32,811] {dag.py:2972} INFO - Setting next_dagrun for example_branch_python_operator_decorator to 2022-08-26T00:00:00+00:00, run_after=2022-08-27T00:00:00+00:00
[2022-08-27 01:00:32,840] {processor.py:161} INFO - Processing /home/airflow/.local/lib/python3.7/site-packages/airflow/example_dags/example_branch_operator_decorator.py took 0.269 seconds
[2022-08-27 01:46:42,141] {processor.py:153} INFO - Started process (PID=58747) to work on /home/airflow/.local/lib/python3.7/site-packages/airflow/example_dags/example_branch_operator_decorator.py
[2022-08-27 01:46:42,190] {processor.py:641} INFO - Processing file /home/airflow/.local/lib/python3.7/site-packages/airflow/example_dags/example_branch_operator_decorator.py for tasks to queue
[2022-08-27 01:46:42,198] {logging_mixin.py:115} INFO - [2022-08-27 01:46:42,197] {dagbag.py:508} INFO - Filling up the DagBag from /home/airflow/.local/lib/python3.7/site-packages/airflow/example_dags/example_branch_operator_decorator.py
[2022-08-27 01:46:43,658] {processor.py:651} INFO - DAG(s) dict_keys(['example_branch_python_operator_decorator']) retrieved from /home/airflow/.local/lib/python3.7/site-packages/airflow/example_dags/example_branch_operator_decorator.py
[2022-08-27 01:46:44,806] {logging_mixin.py:115} INFO - [2022-08-27 01:46:44,806] {dag.py:2420} INFO - Sync 1 DAGs
[2022-08-27 01:46:45,513] {logging_mixin.py:115} INFO - [2022-08-27 01:46:45,501] {dag.py:2972} INFO - Setting next_dagrun for example_branch_python_operator_decorator to 2022-08-26T00:00:00+00:00, run_after=2022-08-27T00:00:00+00:00
[2022-08-27 01:46:45,969] {processor.py:161} INFO - Processing /home/airflow/.local/lib/python3.7/site-packages/airflow/example_dags/example_branch_operator_decorator.py took 4.039 seconds
[2022-08-27 01:49:02,540] {processor.py:153} INFO - Started process (PID=58818) to work on /home/airflow/.local/lib/python3.7/site-packages/airflow/example_dags/example_branch_operator_decorator.py
[2022-08-27 01:49:02,551] {processor.py:641} INFO - Processing file /home/airflow/.local/lib/python3.7/site-packages/airflow/example_dags/example_branch_operator_decorator.py for tasks to queue
[2022-08-27 01:49:02,574] {logging_mixin.py:115} INFO - [2022-08-27 01:49:02,573] {dagbag.py:508} INFO - Filling up the DagBag from /home/airflow/.local/lib/python3.7/site-packages/airflow/example_dags/example_branch_operator_decorator.py
[2022-08-27 01:49:03,754] {processor.py:651} INFO - DAG(s) dict_keys(['example_branch_python_operator_decorator']) retrieved from /home/airflow/.local/lib/python3.7/site-packages/airflow/example_dags/example_branch_operator_decorator.py
[2022-08-27 01:49:05,100] {logging_mixin.py:115} INFO - [2022-08-27 01:49:05,099] {dag.py:2420} INFO - Sync 1 DAGs
[2022-08-27 01:49:06,804] {logging_mixin.py:115} INFO - [2022-08-27 01:49:06,803] {dag.py:2972} INFO - Setting next_dagrun for example_branch_python_operator_decorator to 2022-08-26T00:00:00+00:00, run_after=2022-08-27T00:00:00+00:00
[2022-08-27 01:49:07,670] {processor.py:161} INFO - Processing /home/airflow/.local/lib/python3.7/site-packages/airflow/example_dags/example_branch_operator_decorator.py took 5.360 seconds
[2022-08-27 02:04:51,305] {processor.py:153} INFO - Started process (PID=58879) to work on /home/airflow/.local/lib/python3.7/site-packages/airflow/example_dags/example_branch_operator_decorator.py
[2022-08-27 02:04:51,314] {processor.py:641} INFO - Processing file /home/airflow/.local/lib/python3.7/site-packages/airflow/example_dags/example_branch_operator_decorator.py for tasks to queue
[2022-08-27 02:04:51,327] {logging_mixin.py:115} INFO - [2022-08-27 02:04:51,327] {dagbag.py:508} INFO - Filling up the DagBag from /home/airflow/.local/lib/python3.7/site-packages/airflow/example_dags/example_branch_operator_decorator.py
[2022-08-27 02:04:52,420] {processor.py:651} INFO - DAG(s) dict_keys(['example_branch_python_operator_decorator']) retrieved from /home/airflow/.local/lib/python3.7/site-packages/airflow/example_dags/example_branch_operator_decorator.py
[2022-08-27 02:04:53,253] {logging_mixin.py:115} INFO - [2022-08-27 02:04:53,252] {dag.py:2420} INFO - Sync 1 DAGs
[2022-08-27 02:05:11,778] {logging_mixin.py:115} INFO - [2022-08-27 02:05:11,692] {dag.py:2972} INFO - Setting next_dagrun for example_branch_python_operator_decorator to 2022-08-26T00:00:00+00:00, run_after=2022-08-27T00:00:00+00:00
[2022-08-27 02:05:12,456] {processor.py:161} INFO - Processing /home/airflow/.local/lib/python3.7/site-packages/airflow/example_dags/example_branch_operator_decorator.py took 21.387 seconds
[2022-08-27 04:02:14,816] {processor.py:153} INFO - Started process (PID=59110) to work on /home/airflow/.local/lib/python3.7/site-packages/airflow/example_dags/example_branch_operator_decorator.py
[2022-08-27 04:02:14,856] {processor.py:641} INFO - Processing file /home/airflow/.local/lib/python3.7/site-packages/airflow/example_dags/example_branch_operator_decorator.py for tasks to queue
[2022-08-27 04:02:14,916] {logging_mixin.py:115} INFO - [2022-08-27 04:02:14,916] {dagbag.py:508} INFO - Filling up the DagBag from /home/airflow/.local/lib/python3.7/site-packages/airflow/example_dags/example_branch_operator_decorator.py
[2022-08-27 04:02:19,283] {processor.py:651} INFO - DAG(s) dict_keys(['example_branch_python_operator_decorator']) retrieved from /home/airflow/.local/lib/python3.7/site-packages/airflow/example_dags/example_branch_operator_decorator.py
[2022-08-27 04:02:21,657] {logging_mixin.py:115} INFO - [2022-08-27 04:02:21,657] {dag.py:2420} INFO - Sync 1 DAGs
[2022-08-27 04:02:23,521] {logging_mixin.py:115} INFO - [2022-08-27 04:02:23,520] {dag.py:2972} INFO - Setting next_dagrun for example_branch_python_operator_decorator to 2022-08-26T00:00:00+00:00, run_after=2022-08-27T00:00:00+00:00
[2022-08-27 04:02:25,753] {processor.py:161} INFO - Processing /home/airflow/.local/lib/python3.7/site-packages/airflow/example_dags/example_branch_operator_decorator.py took 11.352 seconds
[2022-08-27 04:35:32,417] {processor.py:153} INFO - Started process (PID=59219) to work on /home/airflow/.local/lib/python3.7/site-packages/airflow/example_dags/example_branch_operator_decorator.py
[2022-08-27 04:35:32,450] {processor.py:641} INFO - Processing file /home/airflow/.local/lib/python3.7/site-packages/airflow/example_dags/example_branch_operator_decorator.py for tasks to queue
[2022-08-27 04:35:32,508] {logging_mixin.py:115} INFO - [2022-08-27 04:35:32,507] {dagbag.py:508} INFO - Filling up the DagBag from /home/airflow/.local/lib/python3.7/site-packages/airflow/example_dags/example_branch_operator_decorator.py
[2022-08-27 04:35:34,286] {processor.py:651} INFO - DAG(s) dict_keys(['example_branch_python_operator_decorator']) retrieved from /home/airflow/.local/lib/python3.7/site-packages/airflow/example_dags/example_branch_operator_decorator.py
[2022-08-27 04:35:35,952] {logging_mixin.py:115} INFO - [2022-08-27 04:35:35,952] {dag.py:2420} INFO - Sync 1 DAGs
[2022-08-27 04:35:37,649] {logging_mixin.py:115} INFO - [2022-08-27 04:35:37,649] {dag.py:2972} INFO - Setting next_dagrun for example_branch_python_operator_decorator to 2022-08-26T00:00:00+00:00, run_after=2022-08-27T00:00:00+00:00
[2022-08-27 04:35:38,483] {processor.py:161} INFO - Processing /home/airflow/.local/lib/python3.7/site-packages/airflow/example_dags/example_branch_operator_decorator.py took 6.269 seconds
[2022-08-27 06:53:56,311] {processor.py:153} INFO - Started process (PID=59303) to work on /home/airflow/.local/lib/python3.7/site-packages/airflow/example_dags/example_branch_operator_decorator.py
[2022-08-27 06:53:56,329] {processor.py:641} INFO - Processing file /home/airflow/.local/lib/python3.7/site-packages/airflow/example_dags/example_branch_operator_decorator.py for tasks to queue
[2022-08-27 06:53:56,331] {logging_mixin.py:115} INFO - [2022-08-27 06:53:56,331] {dagbag.py:508} INFO - Filling up the DagBag from /home/airflow/.local/lib/python3.7/site-packages/airflow/example_dags/example_branch_operator_decorator.py
[2022-08-27 06:53:56,816] {processor.py:651} INFO - DAG(s) dict_keys(['example_branch_python_operator_decorator']) retrieved from /home/airflow/.local/lib/python3.7/site-packages/airflow/example_dags/example_branch_operator_decorator.py
[2022-08-27 06:53:57,148] {logging_mixin.py:115} INFO - [2022-08-27 06:53:57,148] {dag.py:2420} INFO - Sync 1 DAGs
[2022-08-27 06:53:57,388] {logging_mixin.py:115} INFO - [2022-08-27 06:53:57,388] {dag.py:2972} INFO - Setting next_dagrun for example_branch_python_operator_decorator to 2022-08-26T00:00:00+00:00, run_after=2022-08-27T00:00:00+00:00
[2022-08-27 06:53:57,487] {processor.py:161} INFO - Processing /home/airflow/.local/lib/python3.7/site-packages/airflow/example_dags/example_branch_operator_decorator.py took 1.264 seconds
[2022-08-27 13:15:00,881] {processor.py:153} INFO - Started process (PID=59378) to work on /home/airflow/.local/lib/python3.7/site-packages/airflow/example_dags/example_branch_operator_decorator.py
[2022-08-27 13:15:00,883] {processor.py:641} INFO - Processing file /home/airflow/.local/lib/python3.7/site-packages/airflow/example_dags/example_branch_operator_decorator.py for tasks to queue
[2022-08-27 13:15:00,886] {logging_mixin.py:115} INFO - [2022-08-27 13:15:00,886] {dagbag.py:508} INFO - Filling up the DagBag from /home/airflow/.local/lib/python3.7/site-packages/airflow/example_dags/example_branch_operator_decorator.py
[2022-08-27 13:15:01,055] {processor.py:651} INFO - DAG(s) dict_keys(['example_branch_python_operator_decorator']) retrieved from /home/airflow/.local/lib/python3.7/site-packages/airflow/example_dags/example_branch_operator_decorator.py
[2022-08-27 13:15:01,183] {logging_mixin.py:115} INFO - [2022-08-27 13:15:01,183] {dag.py:2420} INFO - Sync 1 DAGs
[2022-08-27 13:15:01,291] {logging_mixin.py:115} INFO - [2022-08-27 13:15:01,291] {dag.py:2972} INFO - Setting next_dagrun for example_branch_python_operator_decorator to 2022-08-26T00:00:00+00:00, run_after=2022-08-27T00:00:00+00:00
[2022-08-27 13:15:01,355] {processor.py:161} INFO - Processing /home/airflow/.local/lib/python3.7/site-packages/airflow/example_dags/example_branch_operator_decorator.py took 0.480 seconds
[2022-08-27 21:34:38,943] {processor.py:153} INFO - Started process (PID=59436) to work on /home/airflow/.local/lib/python3.7/site-packages/airflow/example_dags/example_branch_operator_decorator.py
[2022-08-27 21:34:38,988] {processor.py:641} INFO - Processing file /home/airflow/.local/lib/python3.7/site-packages/airflow/example_dags/example_branch_operator_decorator.py for tasks to queue
[2022-08-27 21:34:39,016] {logging_mixin.py:115} INFO - [2022-08-27 21:34:39,016] {dagbag.py:508} INFO - Filling up the DagBag from /home/airflow/.local/lib/python3.7/site-packages/airflow/example_dags/example_branch_operator_decorator.py
[2022-08-27 21:34:40,175] {processor.py:651} INFO - DAG(s) dict_keys(['example_branch_python_operator_decorator']) retrieved from /home/airflow/.local/lib/python3.7/site-packages/airflow/example_dags/example_branch_operator_decorator.py
[2022-08-27 21:34:41,869] {logging_mixin.py:115} INFO - [2022-08-27 21:34:41,869] {dag.py:2420} INFO - Sync 1 DAGs
[2022-08-27 21:34:43,169] {logging_mixin.py:115} INFO - [2022-08-27 21:34:43,166] {dag.py:2972} INFO - Setting next_dagrun for example_branch_python_operator_decorator to 2022-08-26T00:00:00+00:00, run_after=2022-08-27T00:00:00+00:00
[2022-08-27 21:34:43,956] {processor.py:161} INFO - Processing /home/airflow/.local/lib/python3.7/site-packages/airflow/example_dags/example_branch_operator_decorator.py took 5.207 seconds
