[2022-08-27 00:02:57,768] {processor.py:153} INFO - Started process (PID=58419) to work on /home/airflow/.local/lib/python3.7/site-packages/airflow/example_dags/example_branch_python_dop_operator_3.py
[2022-08-27 00:02:57,770] {processor.py:641} INFO - Processing file /home/airflow/.local/lib/python3.7/site-packages/airflow/example_dags/example_branch_python_dop_operator_3.py for tasks to queue
[2022-08-27 00:02:57,771] {logging_mixin.py:115} INFO - [2022-08-27 00:02:57,771] {dagbag.py:508} INFO - Filling up the DagBag from /home/airflow/.local/lib/python3.7/site-packages/airflow/example_dags/example_branch_python_dop_operator_3.py
[2022-08-27 00:02:57,796] {processor.py:651} INFO - DAG(s) dict_keys(['example_branch_dop_operator_v3']) retrieved from /home/airflow/.local/lib/python3.7/site-packages/airflow/example_dags/example_branch_python_dop_operator_3.py
[2022-08-27 00:02:57,890] {logging_mixin.py:115} INFO - [2022-08-27 00:02:57,890] {dag.py:2420} INFO - Sync 1 DAGs
[2022-08-27 00:02:57,940] {logging_mixin.py:115} INFO - [2022-08-27 00:02:57,939] {dag.py:2972} INFO - Setting next_dagrun for example_branch_dop_operator_v3 to 2022-08-27T00:01:00+00:00, run_after=2022-08-27T00:02:00+00:00
[2022-08-27 00:02:57,961] {processor.py:161} INFO - Processing /home/airflow/.local/lib/python3.7/site-packages/airflow/example_dags/example_branch_python_dop_operator_3.py took 0.198 seconds
[2022-08-27 00:03:29,490] {processor.py:153} INFO - Started process (PID=58478) to work on /home/airflow/.local/lib/python3.7/site-packages/airflow/example_dags/example_branch_python_dop_operator_3.py
[2022-08-27 00:03:29,491] {processor.py:641} INFO - Processing file /home/airflow/.local/lib/python3.7/site-packages/airflow/example_dags/example_branch_python_dop_operator_3.py for tasks to queue
[2022-08-27 00:03:29,492] {logging_mixin.py:115} INFO - [2022-08-27 00:03:29,492] {dagbag.py:508} INFO - Filling up the DagBag from /home/airflow/.local/lib/python3.7/site-packages/airflow/example_dags/example_branch_python_dop_operator_3.py
[2022-08-27 00:03:29,508] {processor.py:651} INFO - DAG(s) dict_keys(['example_branch_dop_operator_v3']) retrieved from /home/airflow/.local/lib/python3.7/site-packages/airflow/example_dags/example_branch_python_dop_operator_3.py
[2022-08-27 00:03:29,545] {logging_mixin.py:115} INFO - [2022-08-27 00:03:29,545] {dag.py:2420} INFO - Sync 1 DAGs
[2022-08-27 00:03:29,583] {logging_mixin.py:115} INFO - [2022-08-27 00:03:29,583] {dag.py:2972} INFO - Setting next_dagrun for example_branch_dop_operator_v3 to 2022-08-27T00:02:00+00:00, run_after=2022-08-27T00:03:00+00:00
[2022-08-27 00:03:29,598] {processor.py:161} INFO - Processing /home/airflow/.local/lib/python3.7/site-packages/airflow/example_dags/example_branch_python_dop_operator_3.py took 0.113 seconds
[2022-08-27 00:04:33,535] {processor.py:153} INFO - Started process (PID=58542) to work on /home/airflow/.local/lib/python3.7/site-packages/airflow/example_dags/example_branch_python_dop_operator_3.py
[2022-08-27 00:04:33,542] {processor.py:641} INFO - Processing file /home/airflow/.local/lib/python3.7/site-packages/airflow/example_dags/example_branch_python_dop_operator_3.py for tasks to queue
[2022-08-27 00:04:33,549] {logging_mixin.py:115} INFO - [2022-08-27 00:04:33,549] {dagbag.py:508} INFO - Filling up the DagBag from /home/airflow/.local/lib/python3.7/site-packages/airflow/example_dags/example_branch_python_dop_operator_3.py
[2022-08-27 00:04:33,647] {processor.py:651} INFO - DAG(s) dict_keys(['example_branch_dop_operator_v3']) retrieved from /home/airflow/.local/lib/python3.7/site-packages/airflow/example_dags/example_branch_python_dop_operator_3.py
[2022-08-27 00:04:33,835] {logging_mixin.py:115} INFO - [2022-08-27 00:04:33,834] {dag.py:2420} INFO - Sync 1 DAGs
[2022-08-27 00:04:34,023] {logging_mixin.py:115} INFO - [2022-08-27 00:04:34,023] {dag.py:2972} INFO - Setting next_dagrun for example_branch_dop_operator_v3 to 2022-08-27T00:03:00+00:00, run_after=2022-08-27T00:04:00+00:00
[2022-08-27 00:04:34,103] {processor.py:161} INFO - Processing /home/airflow/.local/lib/python3.7/site-packages/airflow/example_dags/example_branch_python_dop_operator_3.py took 0.605 seconds
[2022-08-27 00:19:43,834] {processor.py:153} INFO - Started process (PID=58590) to work on /home/airflow/.local/lib/python3.7/site-packages/airflow/example_dags/example_branch_python_dop_operator_3.py
[2022-08-27 00:19:43,865] {processor.py:641} INFO - Processing file /home/airflow/.local/lib/python3.7/site-packages/airflow/example_dags/example_branch_python_dop_operator_3.py for tasks to queue
[2022-08-27 00:19:43,889] {logging_mixin.py:115} INFO - [2022-08-27 00:19:43,888] {dagbag.py:508} INFO - Filling up the DagBag from /home/airflow/.local/lib/python3.7/site-packages/airflow/example_dags/example_branch_python_dop_operator_3.py
[2022-08-27 00:19:44,210] {processor.py:651} INFO - DAG(s) dict_keys(['example_branch_dop_operator_v3']) retrieved from /home/airflow/.local/lib/python3.7/site-packages/airflow/example_dags/example_branch_python_dop_operator_3.py
[2022-08-27 00:19:44,776] {logging_mixin.py:115} INFO - [2022-08-27 00:19:44,776] {dag.py:2420} INFO - Sync 1 DAGs
[2022-08-27 00:19:45,627] {logging_mixin.py:115} INFO - [2022-08-27 00:19:45,627] {dag.py:2972} INFO - Setting next_dagrun for example_branch_dop_operator_v3 to 2022-08-27T00:18:00+00:00, run_after=2022-08-27T00:19:00+00:00
[2022-08-27 00:19:45,824] {processor.py:161} INFO - Processing /home/airflow/.local/lib/python3.7/site-packages/airflow/example_dags/example_branch_python_dop_operator_3.py took 2.035 seconds
[2022-08-27 00:59:50,227] {processor.py:153} INFO - Started process (PID=58637) to work on /home/airflow/.local/lib/python3.7/site-packages/airflow/example_dags/example_branch_python_dop_operator_3.py
[2022-08-27 00:59:50,233] {processor.py:641} INFO - Processing file /home/airflow/.local/lib/python3.7/site-packages/airflow/example_dags/example_branch_python_dop_operator_3.py for tasks to queue
[2022-08-27 00:59:50,239] {logging_mixin.py:115} INFO - [2022-08-27 00:59:50,239] {dagbag.py:508} INFO - Filling up the DagBag from /home/airflow/.local/lib/python3.7/site-packages/airflow/example_dags/example_branch_python_dop_operator_3.py
[2022-08-27 00:59:50,322] {processor.py:651} INFO - DAG(s) dict_keys(['example_branch_dop_operator_v3']) retrieved from /home/airflow/.local/lib/python3.7/site-packages/airflow/example_dags/example_branch_python_dop_operator_3.py
[2022-08-27 00:59:50,552] {logging_mixin.py:115} INFO - [2022-08-27 00:59:50,551] {dag.py:2420} INFO - Sync 1 DAGs
[2022-08-27 00:59:50,860] {logging_mixin.py:115} INFO - [2022-08-27 00:59:50,859] {dag.py:2972} INFO - Setting next_dagrun for example_branch_dop_operator_v3 to 2022-08-27T00:58:00+00:00, run_after=2022-08-27T00:59:00+00:00
[2022-08-27 00:59:50,952] {processor.py:161} INFO - Processing /home/airflow/.local/lib/python3.7/site-packages/airflow/example_dags/example_branch_python_dop_operator_3.py took 0.751 seconds
[2022-08-27 01:00:34,118] {processor.py:153} INFO - Started process (PID=58694) to work on /home/airflow/.local/lib/python3.7/site-packages/airflow/example_dags/example_branch_python_dop_operator_3.py
[2022-08-27 01:00:34,120] {processor.py:641} INFO - Processing file /home/airflow/.local/lib/python3.7/site-packages/airflow/example_dags/example_branch_python_dop_operator_3.py for tasks to queue
[2022-08-27 01:00:34,122] {logging_mixin.py:115} INFO - [2022-08-27 01:00:34,122] {dagbag.py:508} INFO - Filling up the DagBag from /home/airflow/.local/lib/python3.7/site-packages/airflow/example_dags/example_branch_python_dop_operator_3.py
[2022-08-27 01:00:34,149] {processor.py:651} INFO - DAG(s) dict_keys(['example_branch_dop_operator_v3']) retrieved from /home/airflow/.local/lib/python3.7/site-packages/airflow/example_dags/example_branch_python_dop_operator_3.py
[2022-08-27 01:00:34,204] {logging_mixin.py:115} INFO - [2022-08-27 01:00:34,204] {dag.py:2420} INFO - Sync 1 DAGs
[2022-08-27 01:00:34,280] {logging_mixin.py:115} INFO - [2022-08-27 01:00:34,279] {dag.py:2972} INFO - Setting next_dagrun for example_branch_dop_operator_v3 to 2022-08-27T00:59:00+00:00, run_after=2022-08-27T01:00:00+00:00
[2022-08-27 01:00:34,322] {processor.py:161} INFO - Processing /home/airflow/.local/lib/python3.7/site-packages/airflow/example_dags/example_branch_python_dop_operator_3.py took 0.212 seconds
[2022-08-27 01:46:55,294] {processor.py:153} INFO - Started process (PID=58768) to work on /home/airflow/.local/lib/python3.7/site-packages/airflow/example_dags/example_branch_python_dop_operator_3.py
[2022-08-27 01:46:55,311] {processor.py:641} INFO - Processing file /home/airflow/.local/lib/python3.7/site-packages/airflow/example_dags/example_branch_python_dop_operator_3.py for tasks to queue
[2022-08-27 01:46:55,337] {logging_mixin.py:115} INFO - [2022-08-27 01:46:55,337] {dagbag.py:508} INFO - Filling up the DagBag from /home/airflow/.local/lib/python3.7/site-packages/airflow/example_dags/example_branch_python_dop_operator_3.py
[2022-08-27 01:48:08,610] {processor.py:651} INFO - DAG(s) dict_keys(['example_branch_dop_operator_v3']) retrieved from /home/airflow/.local/lib/python3.7/site-packages/airflow/example_dags/example_branch_python_dop_operator_3.py
[2022-08-27 01:50:44,824] {processor.py:153} INFO - Started process (PID=58840) to work on /home/airflow/.local/lib/python3.7/site-packages/airflow/example_dags/example_branch_python_dop_operator_3.py
[2022-08-27 01:50:44,832] {processor.py:641} INFO - Processing file /home/airflow/.local/lib/python3.7/site-packages/airflow/example_dags/example_branch_python_dop_operator_3.py for tasks to queue
[2022-08-27 01:50:44,835] {logging_mixin.py:115} INFO - [2022-08-27 01:50:44,834] {dagbag.py:508} INFO - Filling up the DagBag from /home/airflow/.local/lib/python3.7/site-packages/airflow/example_dags/example_branch_python_dop_operator_3.py
[2022-08-27 01:50:44,881] {processor.py:651} INFO - DAG(s) dict_keys(['example_branch_dop_operator_v3']) retrieved from /home/airflow/.local/lib/python3.7/site-packages/airflow/example_dags/example_branch_python_dop_operator_3.py
[2022-08-27 01:50:44,994] {logging_mixin.py:115} INFO - [2022-08-27 01:50:44,994] {dag.py:2420} INFO - Sync 1 DAGs
[2022-08-27 01:50:45,103] {logging_mixin.py:115} INFO - [2022-08-27 01:50:45,102] {dag.py:2972} INFO - Setting next_dagrun for example_branch_dop_operator_v3 to 2022-08-27T01:49:00+00:00, run_after=2022-08-27T01:50:00+00:00
[2022-08-27 01:50:45,142] {processor.py:161} INFO - Processing /home/airflow/.local/lib/python3.7/site-packages/airflow/example_dags/example_branch_python_dop_operator_3.py took 0.345 seconds
[2022-08-27 03:08:45,328] {processor.py:153} INFO - Started process (PID=58995) to work on /home/airflow/.local/lib/python3.7/site-packages/airflow/example_dags/example_branch_python_dop_operator_3.py
[2022-08-27 03:08:45,362] {processor.py:641} INFO - Processing file /home/airflow/.local/lib/python3.7/site-packages/airflow/example_dags/example_branch_python_dop_operator_3.py for tasks to queue
[2022-08-27 03:08:45,398] {logging_mixin.py:115} INFO - [2022-08-27 03:08:45,397] {dagbag.py:508} INFO - Filling up the DagBag from /home/airflow/.local/lib/python3.7/site-packages/airflow/example_dags/example_branch_python_dop_operator_3.py
[2022-08-27 03:08:47,087] {processor.py:651} INFO - DAG(s) dict_keys(['example_branch_dop_operator_v3']) retrieved from /home/airflow/.local/lib/python3.7/site-packages/airflow/example_dags/example_branch_python_dop_operator_3.py
[2022-08-27 04:13:43,464] {processor.py:153} INFO - Started process (PID=59154) to work on /home/airflow/.local/lib/python3.7/site-packages/airflow/example_dags/example_branch_python_dop_operator_3.py
[2022-08-27 04:13:43,525] {processor.py:641} INFO - Processing file /home/airflow/.local/lib/python3.7/site-packages/airflow/example_dags/example_branch_python_dop_operator_3.py for tasks to queue
[2022-08-27 04:13:43,581] {logging_mixin.py:115} INFO - [2022-08-27 04:13:43,580] {dagbag.py:508} INFO - Filling up the DagBag from /home/airflow/.local/lib/python3.7/site-packages/airflow/example_dags/example_branch_python_dop_operator_3.py
[2022-08-27 04:13:45,382] {processor.py:651} INFO - DAG(s) dict_keys(['example_branch_dop_operator_v3']) retrieved from /home/airflow/.local/lib/python3.7/site-packages/airflow/example_dags/example_branch_python_dop_operator_3.py
[2022-08-27 04:13:48,394] {logging_mixin.py:115} INFO - [2022-08-27 04:13:48,393] {dag.py:2420} INFO - Sync 1 DAGs
[2022-08-27 04:13:50,695] {logging_mixin.py:115} INFO - [2022-08-27 04:13:50,694] {dag.py:2972} INFO - Setting next_dagrun for example_branch_dop_operator_v3 to 2022-08-27T04:12:00+00:00, run_after=2022-08-27T04:13:00+00:00
[2022-08-27 04:13:51,453] {processor.py:161} INFO - Processing /home/airflow/.local/lib/python3.7/site-packages/airflow/example_dags/example_branch_python_dop_operator_3.py took 7.544 seconds
[2022-08-27 06:54:09,903] {processor.py:153} INFO - Started process (PID=59313) to work on /home/airflow/.local/lib/python3.7/site-packages/airflow/example_dags/example_branch_python_dop_operator_3.py
[2022-08-27 06:54:09,942] {processor.py:641} INFO - Processing file /home/airflow/.local/lib/python3.7/site-packages/airflow/example_dags/example_branch_python_dop_operator_3.py for tasks to queue
[2022-08-27 06:54:10,002] {logging_mixin.py:115} INFO - [2022-08-27 06:54:09,986] {dagbag.py:508} INFO - Filling up the DagBag from /home/airflow/.local/lib/python3.7/site-packages/airflow/example_dags/example_branch_python_dop_operator_3.py
[2022-08-27 06:54:10,744] {processor.py:651} INFO - DAG(s) dict_keys(['example_branch_dop_operator_v3']) retrieved from /home/airflow/.local/lib/python3.7/site-packages/airflow/example_dags/example_branch_python_dop_operator_3.py
[2022-08-27 06:54:12,241] {logging_mixin.py:115} INFO - [2022-08-27 06:54:12,241] {dag.py:2420} INFO - Sync 1 DAGs
[2022-08-27 06:54:14,278] {logging_mixin.py:115} INFO - [2022-08-27 06:54:14,232] {dag.py:2972} INFO - Setting next_dagrun for example_branch_dop_operator_v3 to 2022-08-27T06:53:00+00:00, run_after=2022-08-27T06:54:00+00:00
[2022-08-27 06:54:14,820] {processor.py:161} INFO - Processing /home/airflow/.local/lib/python3.7/site-packages/airflow/example_dags/example_branch_python_dop_operator_3.py took 5.186 seconds
[2022-08-27 13:15:11,754] {processor.py:153} INFO - Started process (PID=59395) to work on /home/airflow/.local/lib/python3.7/site-packages/airflow/example_dags/example_branch_python_dop_operator_3.py
[2022-08-27 13:15:11,761] {processor.py:641} INFO - Processing file /home/airflow/.local/lib/python3.7/site-packages/airflow/example_dags/example_branch_python_dop_operator_3.py for tasks to queue
[2022-08-27 13:15:11,787] {logging_mixin.py:115} INFO - [2022-08-27 13:15:11,786] {dagbag.py:508} INFO - Filling up the DagBag from /home/airflow/.local/lib/python3.7/site-packages/airflow/example_dags/example_branch_python_dop_operator_3.py
[2022-08-27 13:15:12,279] {processor.py:651} INFO - DAG(s) dict_keys(['example_branch_dop_operator_v3']) retrieved from /home/airflow/.local/lib/python3.7/site-packages/airflow/example_dags/example_branch_python_dop_operator_3.py
[2022-08-27 13:15:13,040] {logging_mixin.py:115} INFO - [2022-08-27 13:15:13,040] {dag.py:2420} INFO - Sync 1 DAGs
[2022-08-27 13:15:14,148] {logging_mixin.py:115} INFO - [2022-08-27 13:15:14,132] {dag.py:2972} INFO - Setting next_dagrun for example_branch_dop_operator_v3 to 2022-08-27T13:14:00+00:00, run_after=2022-08-27T13:15:00+00:00
[2022-08-27 13:15:14,744] {processor.py:161} INFO - Processing /home/airflow/.local/lib/python3.7/site-packages/airflow/example_dags/example_branch_python_dop_operator_3.py took 3.168 seconds
