[2022-08-27 00:02:55,407] {processor.py:153} INFO - Started process (PID=58400) to work on /home/airflow/.local/lib/python3.7/site-packages/airflow/example_dags/example_time_delta_sensor_async.py
[2022-08-27 00:02:55,412] {processor.py:641} INFO - Processing file /home/airflow/.local/lib/python3.7/site-packages/airflow/example_dags/example_time_delta_sensor_async.py for tasks to queue
[2022-08-27 00:02:55,417] {logging_mixin.py:115} INFO - [2022-08-27 00:02:55,417] {dagbag.py:508} INFO - Filling up the DagBag from /home/airflow/.local/lib/python3.7/site-packages/airflow/example_dags/example_time_delta_sensor_async.py
[2022-08-27 00:02:55,443] {processor.py:651} INFO - DAG(s) dict_keys(['example_time_delta_sensor_async']) retrieved from /home/airflow/.local/lib/python3.7/site-packages/airflow/example_dags/example_time_delta_sensor_async.py
[2022-08-27 00:02:55,577] {logging_mixin.py:115} INFO - [2022-08-27 00:02:55,577] {dag.py:2420} INFO - Sync 1 DAGs
[2022-08-27 00:02:55,647] {logging_mixin.py:115} INFO - [2022-08-27 00:02:55,647] {dag.py:2972} INFO - Setting next_dagrun for example_time_delta_sensor_async to None, run_after=None
[2022-08-27 00:02:55,679] {processor.py:161} INFO - Processing /home/airflow/.local/lib/python3.7/site-packages/airflow/example_dags/example_time_delta_sensor_async.py took 0.278 seconds
[2022-08-27 00:03:28,526] {processor.py:153} INFO - Started process (PID=58466) to work on /home/airflow/.local/lib/python3.7/site-packages/airflow/example_dags/example_time_delta_sensor_async.py
[2022-08-27 00:03:28,527] {processor.py:641} INFO - Processing file /home/airflow/.local/lib/python3.7/site-packages/airflow/example_dags/example_time_delta_sensor_async.py for tasks to queue
[2022-08-27 00:03:28,528] {logging_mixin.py:115} INFO - [2022-08-27 00:03:28,528] {dagbag.py:508} INFO - Filling up the DagBag from /home/airflow/.local/lib/python3.7/site-packages/airflow/example_dags/example_time_delta_sensor_async.py
[2022-08-27 00:03:28,536] {processor.py:651} INFO - DAG(s) dict_keys(['example_time_delta_sensor_async']) retrieved from /home/airflow/.local/lib/python3.7/site-packages/airflow/example_dags/example_time_delta_sensor_async.py
[2022-08-27 00:03:28,596] {logging_mixin.py:115} INFO - [2022-08-27 00:03:28,596] {dag.py:2420} INFO - Sync 1 DAGs
[2022-08-27 00:03:28,626] {logging_mixin.py:115} INFO - [2022-08-27 00:03:28,626] {dag.py:2972} INFO - Setting next_dagrun for example_time_delta_sensor_async to None, run_after=None
[2022-08-27 00:03:28,643] {processor.py:161} INFO - Processing /home/airflow/.local/lib/python3.7/site-packages/airflow/example_dags/example_time_delta_sensor_async.py took 0.122 seconds
[2022-08-27 00:04:26,300] {processor.py:153} INFO - Started process (PID=58522) to work on /home/airflow/.local/lib/python3.7/site-packages/airflow/example_dags/example_time_delta_sensor_async.py
[2022-08-27 00:04:26,316] {processor.py:641} INFO - Processing file /home/airflow/.local/lib/python3.7/site-packages/airflow/example_dags/example_time_delta_sensor_async.py for tasks to queue
[2022-08-27 00:04:26,332] {logging_mixin.py:115} INFO - [2022-08-27 00:04:26,331] {dagbag.py:508} INFO - Filling up the DagBag from /home/airflow/.local/lib/python3.7/site-packages/airflow/example_dags/example_time_delta_sensor_async.py
[2022-08-27 00:04:26,428] {processor.py:651} INFO - DAG(s) dict_keys(['example_time_delta_sensor_async']) retrieved from /home/airflow/.local/lib/python3.7/site-packages/airflow/example_dags/example_time_delta_sensor_async.py
[2022-08-27 00:04:26,789] {logging_mixin.py:115} INFO - [2022-08-27 00:04:26,789] {dag.py:2420} INFO - Sync 1 DAGs
[2022-08-27 00:04:27,057] {logging_mixin.py:115} INFO - [2022-08-27 00:04:27,057] {dag.py:2972} INFO - Setting next_dagrun for example_time_delta_sensor_async to None, run_after=None
[2022-08-27 00:04:27,151] {processor.py:161} INFO - Processing /home/airflow/.local/lib/python3.7/site-packages/airflow/example_dags/example_time_delta_sensor_async.py took 0.921 seconds
[2022-08-27 00:19:35,326] {processor.py:153} INFO - Started process (PID=58575) to work on /home/airflow/.local/lib/python3.7/site-packages/airflow/example_dags/example_time_delta_sensor_async.py
[2022-08-27 00:19:35,327] {processor.py:641} INFO - Processing file /home/airflow/.local/lib/python3.7/site-packages/airflow/example_dags/example_time_delta_sensor_async.py for tasks to queue
[2022-08-27 00:19:35,329] {logging_mixin.py:115} INFO - [2022-08-27 00:19:35,328] {dagbag.py:508} INFO - Filling up the DagBag from /home/airflow/.local/lib/python3.7/site-packages/airflow/example_dags/example_time_delta_sensor_async.py
[2022-08-27 00:19:35,345] {processor.py:651} INFO - DAG(s) dict_keys(['example_time_delta_sensor_async']) retrieved from /home/airflow/.local/lib/python3.7/site-packages/airflow/example_dags/example_time_delta_sensor_async.py
[2022-08-27 00:19:35,547] {logging_mixin.py:115} INFO - [2022-08-27 00:19:35,547] {dag.py:2420} INFO - Sync 1 DAGs
[2022-08-27 00:19:35,646] {logging_mixin.py:115} INFO - [2022-08-27 00:19:35,646] {dag.py:2972} INFO - Setting next_dagrun for example_time_delta_sensor_async to None, run_after=None
[2022-08-27 00:19:35,712] {processor.py:161} INFO - Processing /home/airflow/.local/lib/python3.7/site-packages/airflow/example_dags/example_time_delta_sensor_async.py took 0.400 seconds
[2022-08-27 00:59:48,531] {processor.py:153} INFO - Started process (PID=58625) to work on /home/airflow/.local/lib/python3.7/site-packages/airflow/example_dags/example_time_delta_sensor_async.py
[2022-08-27 00:59:48,532] {processor.py:641} INFO - Processing file /home/airflow/.local/lib/python3.7/site-packages/airflow/example_dags/example_time_delta_sensor_async.py for tasks to queue
[2022-08-27 00:59:48,534] {logging_mixin.py:115} INFO - [2022-08-27 00:59:48,533] {dagbag.py:508} INFO - Filling up the DagBag from /home/airflow/.local/lib/python3.7/site-packages/airflow/example_dags/example_time_delta_sensor_async.py
[2022-08-27 00:59:48,541] {processor.py:651} INFO - DAG(s) dict_keys(['example_time_delta_sensor_async']) retrieved from /home/airflow/.local/lib/python3.7/site-packages/airflow/example_dags/example_time_delta_sensor_async.py
[2022-08-27 00:59:48,658] {logging_mixin.py:115} INFO - [2022-08-27 00:59:48,658] {dag.py:2420} INFO - Sync 1 DAGs
[2022-08-27 00:59:48,692] {logging_mixin.py:115} INFO - [2022-08-27 00:59:48,692] {dag.py:2972} INFO - Setting next_dagrun for example_time_delta_sensor_async to None, run_after=None
[2022-08-27 00:59:48,706] {processor.py:161} INFO - Processing /home/airflow/.local/lib/python3.7/site-packages/airflow/example_dags/example_time_delta_sensor_async.py took 0.179 seconds
[2022-08-27 01:00:32,226] {processor.py:153} INFO - Started process (PID=58682) to work on /home/airflow/.local/lib/python3.7/site-packages/airflow/example_dags/example_time_delta_sensor_async.py
[2022-08-27 01:00:32,228] {processor.py:641} INFO - Processing file /home/airflow/.local/lib/python3.7/site-packages/airflow/example_dags/example_time_delta_sensor_async.py for tasks to queue
[2022-08-27 01:00:32,230] {logging_mixin.py:115} INFO - [2022-08-27 01:00:32,230] {dagbag.py:508} INFO - Filling up the DagBag from /home/airflow/.local/lib/python3.7/site-packages/airflow/example_dags/example_time_delta_sensor_async.py
[2022-08-27 01:00:32,242] {processor.py:651} INFO - DAG(s) dict_keys(['example_time_delta_sensor_async']) retrieved from /home/airflow/.local/lib/python3.7/site-packages/airflow/example_dags/example_time_delta_sensor_async.py
[2022-08-27 01:00:32,352] {logging_mixin.py:115} INFO - [2022-08-27 01:00:32,352] {dag.py:2420} INFO - Sync 1 DAGs
[2022-08-27 01:00:32,426] {logging_mixin.py:115} INFO - [2022-08-27 01:00:32,425] {dag.py:2972} INFO - Setting next_dagrun for example_time_delta_sensor_async to None, run_after=None
[2022-08-27 01:00:32,459] {processor.py:161} INFO - Processing /home/airflow/.local/lib/python3.7/site-packages/airflow/example_dags/example_time_delta_sensor_async.py took 0.240 seconds
[2022-08-27 01:46:35,515] {processor.py:153} INFO - Started process (PID=58745) to work on /home/airflow/.local/lib/python3.7/site-packages/airflow/example_dags/example_time_delta_sensor_async.py
[2022-08-27 01:46:35,548] {processor.py:641} INFO - Processing file /home/airflow/.local/lib/python3.7/site-packages/airflow/example_dags/example_time_delta_sensor_async.py for tasks to queue
[2022-08-27 01:46:35,605] {logging_mixin.py:115} INFO - [2022-08-27 01:46:35,587] {dagbag.py:508} INFO - Filling up the DagBag from /home/airflow/.local/lib/python3.7/site-packages/airflow/example_dags/example_time_delta_sensor_async.py
[2022-08-27 01:46:35,867] {processor.py:651} INFO - DAG(s) dict_keys(['example_time_delta_sensor_async']) retrieved from /home/airflow/.local/lib/python3.7/site-packages/airflow/example_dags/example_time_delta_sensor_async.py
[2022-08-27 01:46:37,979] {logging_mixin.py:115} INFO - [2022-08-27 01:46:37,978] {dag.py:2420} INFO - Sync 1 DAGs
[2022-08-27 01:46:39,538] {logging_mixin.py:115} INFO - [2022-08-27 01:46:39,537] {dag.py:2972} INFO - Setting next_dagrun for example_time_delta_sensor_async to None, run_after=None
[2022-08-27 01:46:40,671] {processor.py:161} INFO - Processing /home/airflow/.local/lib/python3.7/site-packages/airflow/example_dags/example_time_delta_sensor_async.py took 5.427 seconds
[2022-08-27 01:48:59,007] {processor.py:153} INFO - Started process (PID=58811) to work on /home/airflow/.local/lib/python3.7/site-packages/airflow/example_dags/example_time_delta_sensor_async.py
[2022-08-27 01:48:59,038] {processor.py:641} INFO - Processing file /home/airflow/.local/lib/python3.7/site-packages/airflow/example_dags/example_time_delta_sensor_async.py for tasks to queue
[2022-08-27 01:48:59,073] {logging_mixin.py:115} INFO - [2022-08-27 01:48:59,073] {dagbag.py:508} INFO - Filling up the DagBag from /home/airflow/.local/lib/python3.7/site-packages/airflow/example_dags/example_time_delta_sensor_async.py
[2022-08-27 01:48:59,359] {processor.py:651} INFO - DAG(s) dict_keys(['example_time_delta_sensor_async']) retrieved from /home/airflow/.local/lib/python3.7/site-packages/airflow/example_dags/example_time_delta_sensor_async.py
[2022-08-27 01:49:00,561] {logging_mixin.py:115} INFO - [2022-08-27 01:49:00,560] {dag.py:2420} INFO - Sync 1 DAGs
[2022-08-27 01:49:01,293] {logging_mixin.py:115} INFO - [2022-08-27 01:49:01,291] {dag.py:2972} INFO - Setting next_dagrun for example_time_delta_sensor_async to None, run_after=None
[2022-08-27 01:49:01,676] {processor.py:161} INFO - Processing /home/airflow/.local/lib/python3.7/site-packages/airflow/example_dags/example_time_delta_sensor_async.py took 2.878 seconds
[2022-08-27 02:04:48,205] {processor.py:153} INFO - Started process (PID=58878) to work on /home/airflow/.local/lib/python3.7/site-packages/airflow/example_dags/example_time_delta_sensor_async.py
[2022-08-27 02:04:48,222] {processor.py:641} INFO - Processing file /home/airflow/.local/lib/python3.7/site-packages/airflow/example_dags/example_time_delta_sensor_async.py for tasks to queue
[2022-08-27 02:04:48,252] {logging_mixin.py:115} INFO - [2022-08-27 02:04:48,251] {dagbag.py:508} INFO - Filling up the DagBag from /home/airflow/.local/lib/python3.7/site-packages/airflow/example_dags/example_time_delta_sensor_async.py
[2022-08-27 02:04:48,647] {processor.py:651} INFO - DAG(s) dict_keys(['example_time_delta_sensor_async']) retrieved from /home/airflow/.local/lib/python3.7/site-packages/airflow/example_dags/example_time_delta_sensor_async.py
[2022-08-27 02:04:51,745] {logging_mixin.py:115} INFO - [2022-08-27 02:04:51,744] {dag.py:2420} INFO - Sync 1 DAGs
[2022-08-27 02:04:52,828] {logging_mixin.py:115} INFO - [2022-08-27 02:04:52,828] {dag.py:2972} INFO - Setting next_dagrun for example_time_delta_sensor_async to None, run_after=None
[2022-08-27 02:04:53,196] {processor.py:161} INFO - Processing /home/airflow/.local/lib/python3.7/site-packages/airflow/example_dags/example_time_delta_sensor_async.py took 5.354 seconds
[2022-08-27 04:02:10,110] {processor.py:153} INFO - Started process (PID=59107) to work on /home/airflow/.local/lib/python3.7/site-packages/airflow/example_dags/example_time_delta_sensor_async.py
[2022-08-27 04:02:10,135] {processor.py:641} INFO - Processing file /home/airflow/.local/lib/python3.7/site-packages/airflow/example_dags/example_time_delta_sensor_async.py for tasks to queue
[2022-08-27 04:02:10,200] {logging_mixin.py:115} INFO - [2022-08-27 04:02:10,200] {dagbag.py:508} INFO - Filling up the DagBag from /home/airflow/.local/lib/python3.7/site-packages/airflow/example_dags/example_time_delta_sensor_async.py
[2022-08-27 04:02:11,006] {processor.py:651} INFO - DAG(s) dict_keys(['example_time_delta_sensor_async']) retrieved from /home/airflow/.local/lib/python3.7/site-packages/airflow/example_dags/example_time_delta_sensor_async.py
[2022-08-27 04:35:23,058] {processor.py:153} INFO - Started process (PID=59217) to work on /home/airflow/.local/lib/python3.7/site-packages/airflow/example_dags/example_time_delta_sensor_async.py
[2022-08-27 04:35:23,122] {processor.py:641} INFO - Processing file /home/airflow/.local/lib/python3.7/site-packages/airflow/example_dags/example_time_delta_sensor_async.py for tasks to queue
[2022-08-27 04:35:23,464] {logging_mixin.py:115} INFO - [2022-08-27 04:35:23,147] {dagbag.py:508} INFO - Filling up the DagBag from /home/airflow/.local/lib/python3.7/site-packages/airflow/example_dags/example_time_delta_sensor_async.py
[2022-08-27 04:35:24,518] {processor.py:651} INFO - DAG(s) dict_keys(['example_time_delta_sensor_async']) retrieved from /home/airflow/.local/lib/python3.7/site-packages/airflow/example_dags/example_time_delta_sensor_async.py
[2022-08-27 04:35:28,938] {logging_mixin.py:115} INFO - [2022-08-27 04:35:28,937] {dag.py:2420} INFO - Sync 1 DAGs
[2022-08-27 04:35:30,462] {logging_mixin.py:115} INFO - [2022-08-27 04:35:30,461] {dag.py:2972} INFO - Setting next_dagrun for example_time_delta_sensor_async to None, run_after=None
[2022-08-27 04:35:31,302] {processor.py:161} INFO - Processing /home/airflow/.local/lib/python3.7/site-packages/airflow/example_dags/example_time_delta_sensor_async.py took 8.349 seconds
[2022-08-27 06:53:54,426] {processor.py:153} INFO - Started process (PID=59292) to work on /home/airflow/.local/lib/python3.7/site-packages/airflow/example_dags/example_time_delta_sensor_async.py
[2022-08-27 06:53:54,442] {processor.py:641} INFO - Processing file /home/airflow/.local/lib/python3.7/site-packages/airflow/example_dags/example_time_delta_sensor_async.py for tasks to queue
[2022-08-27 06:53:54,484] {logging_mixin.py:115} INFO - [2022-08-27 06:53:54,484] {dagbag.py:508} INFO - Filling up the DagBag from /home/airflow/.local/lib/python3.7/site-packages/airflow/example_dags/example_time_delta_sensor_async.py
[2022-08-27 06:53:54,957] {processor.py:651} INFO - DAG(s) dict_keys(['example_time_delta_sensor_async']) retrieved from /home/airflow/.local/lib/python3.7/site-packages/airflow/example_dags/example_time_delta_sensor_async.py
[2022-08-27 13:14:59,566] {processor.py:153} INFO - Started process (PID=59376) to work on /home/airflow/.local/lib/python3.7/site-packages/airflow/example_dags/example_time_delta_sensor_async.py
[2022-08-27 13:14:59,571] {processor.py:641} INFO - Processing file /home/airflow/.local/lib/python3.7/site-packages/airflow/example_dags/example_time_delta_sensor_async.py for tasks to queue
[2022-08-27 13:14:59,578] {logging_mixin.py:115} INFO - [2022-08-27 13:14:59,578] {dagbag.py:508} INFO - Filling up the DagBag from /home/airflow/.local/lib/python3.7/site-packages/airflow/example_dags/example_time_delta_sensor_async.py
[2022-08-27 13:14:59,759] {processor.py:651} INFO - DAG(s) dict_keys(['example_time_delta_sensor_async']) retrieved from /home/airflow/.local/lib/python3.7/site-packages/airflow/example_dags/example_time_delta_sensor_async.py
[2022-08-27 13:15:00,539] {logging_mixin.py:115} INFO - [2022-08-27 13:15:00,538] {dag.py:2420} INFO - Sync 1 DAGs
[2022-08-27 13:15:00,692] {logging_mixin.py:115} INFO - [2022-08-27 13:15:00,692] {dag.py:2972} INFO - Setting next_dagrun for example_time_delta_sensor_async to None, run_after=None
[2022-08-27 13:15:00,772] {processor.py:161} INFO - Processing /home/airflow/.local/lib/python3.7/site-packages/airflow/example_dags/example_time_delta_sensor_async.py took 1.264 seconds
[2022-08-27 21:34:34,056] {processor.py:153} INFO - Started process (PID=59434) to work on /home/airflow/.local/lib/python3.7/site-packages/airflow/example_dags/example_time_delta_sensor_async.py
[2022-08-27 21:34:34,127] {processor.py:641} INFO - Processing file /home/airflow/.local/lib/python3.7/site-packages/airflow/example_dags/example_time_delta_sensor_async.py for tasks to queue
[2022-08-27 21:34:34,140] {logging_mixin.py:115} INFO - [2022-08-27 21:34:34,139] {dagbag.py:508} INFO - Filling up the DagBag from /home/airflow/.local/lib/python3.7/site-packages/airflow/example_dags/example_time_delta_sensor_async.py
[2022-08-27 21:34:34,315] {processor.py:651} INFO - DAG(s) dict_keys(['example_time_delta_sensor_async']) retrieved from /home/airflow/.local/lib/python3.7/site-packages/airflow/example_dags/example_time_delta_sensor_async.py
[2022-08-27 21:34:35,884] {logging_mixin.py:115} INFO - [2022-08-27 21:34:35,880] {dag.py:2420} INFO - Sync 1 DAGs
[2022-08-27 21:34:36,952] {logging_mixin.py:115} INFO - [2022-08-27 21:34:36,894] {dag.py:2972} INFO - Setting next_dagrun for example_time_delta_sensor_async to None, run_after=None
[2022-08-27 21:34:37,769] {processor.py:161} INFO - Processing /home/airflow/.local/lib/python3.7/site-packages/airflow/example_dags/example_time_delta_sensor_async.py took 3.797 seconds
