[2022-09-01 19:36:28,276] {taskinstance.py:1179} INFO - Dependencies all met for <TaskInstance: dynamically_branching1.bash_task manual__2022-09-01T19:04:28.785860+00:00 [queued]>
[2022-09-01 19:36:28,303] {taskinstance.py:1179} INFO - Dependencies all met for <TaskInstance: dynamically_branching1.bash_task manual__2022-09-01T19:04:28.785860+00:00 [queued]>
[2022-09-01 19:36:28,311] {taskinstance.py:1376} INFO - 
--------------------------------------------------------------------------------
[2022-09-01 19:36:28,313] {taskinstance.py:1377} INFO - Starting attempt 1 of 1
[2022-09-01 19:36:28,314] {taskinstance.py:1378} INFO - 
--------------------------------------------------------------------------------
[2022-09-01 19:36:28,816] {taskinstance.py:1397} INFO - Executing <Task(BashOperator): bash_task> on 2022-09-01 19:04:28.785860+00:00
[2022-09-01 19:36:29,084] {standard_task_runner.py:52} INFO - Started process 90937 to run task
[2022-09-01 19:36:29,449] {standard_task_runner.py:79} INFO - Running: ['***', 'tasks', 'run', 'dynamically_branching1', 'bash_task', 'manual__2022-09-01T19:04:28.785860+00:00', '--job-id', '3536', '--raw', '--subdir', 'DAGS_FOLDER/jobs_dag.py', '--cfg-path', '/tmp/tmpezzkgjy4', '--error-file', '/tmp/tmpuc5nxee2']
[2022-09-01 19:36:29,466] {standard_task_runner.py:80} INFO - Job 3536: Subtask bash_task
[2022-09-01 19:36:30,155] {task_command.py:371} INFO - Running <TaskInstance: dynamically_branching1.bash_task manual__2022-09-01T19:04:28.785860+00:00 [running]> on host 9d5d2a77e6ba
[2022-09-01 19:36:36,968] {taskinstance.py:1591} INFO - Exporting the following env vars:
AIRFLOW_CTX_DAG_OWNER=***
AIRFLOW_CTX_DAG_ID=dynamically_branching1
AIRFLOW_CTX_TASK_ID=bash_task
AIRFLOW_CTX_EXECUTION_DATE=2022-09-01T19:04:28.785860+00:00
AIRFLOW_CTX_TRY_NUMBER=1
AIRFLOW_CTX_DAG_RUN_ID=manual__2022-09-01T19:04:28.785860+00:00
[2022-09-01 19:36:36,985] {subprocess.py:62} INFO - Tmp dir root location: 
 /tmp
[2022-09-01 19:36:36,999] {subprocess.py:74} INFO - Running command: ['bash', '-c', 'echo $(whoami)']
[2022-09-01 19:36:37,337] {subprocess.py:85} INFO - Output:
[2022-09-01 19:36:37,352] {subprocess.py:92} INFO - default
[2022-09-01 19:36:37,354] {subprocess.py:96} INFO - Command exited with return code 0
[2022-09-01 19:36:39,149] {taskinstance.py:1420} INFO - Marking task as SUCCESS. dag_id=dynamically_branching1, task_id=bash_task, execution_date=20220901T190428, start_date=20220901T193628, end_date=20220901T193639
[2022-09-01 19:36:39,788] {local_task_job.py:156} INFO - Task exited with return code 0
[2022-09-01 19:36:40,932] {local_task_job.py:273} INFO - 1 downstream tasks scheduled from follow-on schedule check
