[2022-08-24 19:13:03,360] {taskinstance.py:1179} INFO - Dependencies all met for <TaskInstance: dynamically_branching1.check_table_exist scheduled__2021-01-21T00:00:00+00:00 [queued]>
[2022-08-24 19:13:03,382] {taskinstance.py:1179} INFO - Dependencies all met for <TaskInstance: dynamically_branching1.check_table_exist scheduled__2021-01-21T00:00:00+00:00 [queued]>
[2022-08-24 19:13:03,383] {taskinstance.py:1376} INFO - 
--------------------------------------------------------------------------------
[2022-08-24 19:13:03,384] {taskinstance.py:1377} INFO - Starting attempt 1 of 1
[2022-08-24 19:13:03,385] {taskinstance.py:1378} INFO - 
--------------------------------------------------------------------------------
[2022-08-24 19:13:03,428] {taskinstance.py:1397} INFO - Executing <Task(BranchPythonOperator): check_table_exist> on 2021-01-21 00:00:00+00:00
[2022-08-24 19:13:03,439] {standard_task_runner.py:52} INFO - Started process 8102 to run task
[2022-08-24 19:13:03,462] {standard_task_runner.py:79} INFO - Running: ['***', 'tasks', 'run', 'dynamically_branching1', 'check_table_exist', 'scheduled__2021-01-21T00:00:00+00:00', '--job-id', '2105', '--raw', '--subdir', 'DAGS_FOLDER/jobs_dag.py', '--cfg-path', '/tmp/tmpb19ofzyi', '--error-file', '/tmp/tmpy130s0ai']
[2022-08-24 19:13:03,466] {standard_task_runner.py:80} INFO - Job 2105: Subtask check_table_exist
[2022-08-24 19:13:03,732] {task_command.py:371} INFO - Running <TaskInstance: dynamically_branching1.check_table_exist scheduled__2021-01-21T00:00:00+00:00 [running]> on host 9d5d2a77e6ba
[2022-08-24 19:13:03,938] {taskinstance.py:1591} INFO - Exporting the following env vars:
AIRFLOW_CTX_DAG_OWNER=***
AIRFLOW_CTX_DAG_ID=dynamically_branching1
AIRFLOW_CTX_TASK_ID=check_table_exist
AIRFLOW_CTX_EXECUTION_DATE=2021-01-21T00:00:00+00:00
AIRFLOW_CTX_TRY_NUMBER=1
AIRFLOW_CTX_DAG_RUN_ID=scheduled__2021-01-21T00:00:00+00:00
[2022-08-24 19:13:03,941] {python.py:173} INFO - Done. Returned value was: insert_row
[2022-08-24 19:13:03,944] {skipmixin.py:140} INFO - Following branch insert_row
[2022-08-24 19:13:03,946] {skipmixin.py:175} INFO - Skipping tasks ['create_table']
[2022-08-24 19:13:04,086] {taskinstance.py:1420} INFO - Marking task as SUCCESS. dag_id=dynamically_branching1, task_id=check_table_exist, execution_date=20210121T000000, start_date=20220824T191303, end_date=20220824T191304
[2022-08-24 19:13:04,155] {local_task_job.py:156} INFO - Task exited with return code 0
[2022-08-24 19:13:04,260] {local_task_job.py:273} INFO - 1 downstream tasks scheduled from follow-on schedule check
