[2022-08-24 19:03:58,571] {taskinstance.py:1179} INFO - Dependencies all met for <TaskInstance: dynamically_branching1.check_table_exist scheduled__2019-12-20T00:00:00+00:00 [queued]>
[2022-08-24 19:03:58,620] {taskinstance.py:1179} INFO - Dependencies all met for <TaskInstance: dynamically_branching1.check_table_exist scheduled__2019-12-20T00:00:00+00:00 [queued]>
[2022-08-24 19:03:58,621] {taskinstance.py:1376} INFO - 
--------------------------------------------------------------------------------
[2022-08-24 19:03:58,622] {taskinstance.py:1377} INFO - Starting attempt 1 of 1
[2022-08-24 19:03:58,623] {taskinstance.py:1378} INFO - 
--------------------------------------------------------------------------------
[2022-08-24 19:03:58,655] {taskinstance.py:1397} INFO - Executing <Task(BranchPythonOperator): check_table_exist> on 2019-12-20 00:00:00+00:00
[2022-08-24 19:03:58,666] {standard_task_runner.py:52} INFO - Started process 5765 to run task
[2022-08-24 19:03:58,681] {standard_task_runner.py:79} INFO - Running: ['***', 'tasks', 'run', 'dynamically_branching1', 'check_table_exist', 'scheduled__2019-12-20T00:00:00+00:00', '--job-id', '1353', '--raw', '--subdir', 'DAGS_FOLDER/jobs_dag.py', '--cfg-path', '/tmp/tmpibvqjjtt', '--error-file', '/tmp/tmpusgh7899']
[2022-08-24 19:03:58,689] {standard_task_runner.py:80} INFO - Job 1353: Subtask check_table_exist
[2022-08-24 19:03:58,891] {task_command.py:371} INFO - Running <TaskInstance: dynamically_branching1.check_table_exist scheduled__2019-12-20T00:00:00+00:00 [running]> on host 9d5d2a77e6ba
[2022-08-24 19:03:59,055] {taskinstance.py:1591} INFO - Exporting the following env vars:
AIRFLOW_CTX_DAG_OWNER=***
AIRFLOW_CTX_DAG_ID=dynamically_branching1
AIRFLOW_CTX_TASK_ID=check_table_exist
AIRFLOW_CTX_EXECUTION_DATE=2019-12-20T00:00:00+00:00
AIRFLOW_CTX_TRY_NUMBER=1
AIRFLOW_CTX_DAG_RUN_ID=scheduled__2019-12-20T00:00:00+00:00
[2022-08-24 19:03:59,057] {python.py:173} INFO - Done. Returned value was: insert_row
[2022-08-24 19:03:59,059] {skipmixin.py:140} INFO - Following branch insert_row
[2022-08-24 19:03:59,060] {skipmixin.py:175} INFO - Skipping tasks ['create_table']
[2022-08-24 19:03:59,145] {taskinstance.py:1420} INFO - Marking task as SUCCESS. dag_id=dynamically_branching1, task_id=check_table_exist, execution_date=20191220T000000, start_date=20220824T190358, end_date=20220824T190359
[2022-08-24 19:03:59,223] {local_task_job.py:156} INFO - Task exited with return code 0
[2022-08-24 19:03:59,293] {local_task_job.py:273} INFO - 1 downstream tasks scheduled from follow-on schedule check
