[2022-08-24 19:21:30,403] {taskinstance.py:1179} INFO - Dependencies all met for <TaskInstance: dynamically_branching1.check_table_exist scheduled__2022-03-30T00:00:00+00:00 [queued]>
[2022-08-24 19:21:30,507] {taskinstance.py:1179} INFO - Dependencies all met for <TaskInstance: dynamically_branching1.check_table_exist scheduled__2022-03-30T00:00:00+00:00 [queued]>
[2022-08-24 19:21:30,513] {taskinstance.py:1376} INFO - 
--------------------------------------------------------------------------------
[2022-08-24 19:21:30,515] {taskinstance.py:1377} INFO - Starting attempt 1 of 1
[2022-08-24 19:21:30,516] {taskinstance.py:1378} INFO - 
--------------------------------------------------------------------------------
[2022-08-24 19:21:30,634] {taskinstance.py:1397} INFO - Executing <Task(BranchPythonOperator): check_table_exist> on 2022-03-30 00:00:00+00:00
[2022-08-24 19:21:30,685] {standard_task_runner.py:52} INFO - Started process 10947 to run task
[2022-08-24 19:21:30,705] {standard_task_runner.py:79} INFO - Running: ['***', 'tasks', 'run', 'dynamically_branching1', 'check_table_exist', 'scheduled__2022-03-30T00:00:00+00:00', '--job-id', '2971', '--raw', '--subdir', 'DAGS_FOLDER/jobs_dag.py', '--cfg-path', '/tmp/tmpyacmrl8_', '--error-file', '/tmp/tmpd9fusru9']
[2022-08-24 19:21:30,715] {standard_task_runner.py:80} INFO - Job 2971: Subtask check_table_exist
[2022-08-24 19:21:31,104] {task_command.py:371} INFO - Running <TaskInstance: dynamically_branching1.check_table_exist scheduled__2022-03-30T00:00:00+00:00 [running]> on host 9d5d2a77e6ba
[2022-08-24 19:21:31,569] {taskinstance.py:1591} INFO - Exporting the following env vars:
AIRFLOW_CTX_DAG_OWNER=***
AIRFLOW_CTX_DAG_ID=dynamically_branching1
AIRFLOW_CTX_TASK_ID=check_table_exist
AIRFLOW_CTX_EXECUTION_DATE=2022-03-30T00:00:00+00:00
AIRFLOW_CTX_TRY_NUMBER=1
AIRFLOW_CTX_DAG_RUN_ID=scheduled__2022-03-30T00:00:00+00:00
[2022-08-24 19:21:31,574] {python.py:173} INFO - Done. Returned value was: insert_row
[2022-08-24 19:21:31,576] {skipmixin.py:140} INFO - Following branch insert_row
[2022-08-24 19:21:31,578] {skipmixin.py:175} INFO - Skipping tasks ['create_table']
[2022-08-24 19:21:31,694] {taskinstance.py:1420} INFO - Marking task as SUCCESS. dag_id=dynamically_branching1, task_id=check_table_exist, execution_date=20220330T000000, start_date=20220824T192130, end_date=20220824T192131
[2022-08-24 19:21:31,750] {local_task_job.py:156} INFO - Task exited with return code 0
[2022-08-24 19:21:32,044] {local_task_job.py:273} INFO - 1 downstream tasks scheduled from follow-on schedule check
