[2022-08-24 19:15:43,126] {taskinstance.py:1179} INFO - Dependencies all met for <TaskInstance: dynamically_branching1.check_table_exist scheduled__2021-06-08T00:00:00+00:00 [queued]>
[2022-08-24 19:15:43,178] {taskinstance.py:1179} INFO - Dependencies all met for <TaskInstance: dynamically_branching1.check_table_exist scheduled__2021-06-08T00:00:00+00:00 [queued]>
[2022-08-24 19:15:43,180] {taskinstance.py:1376} INFO - 
--------------------------------------------------------------------------------
[2022-08-24 19:15:43,183] {taskinstance.py:1377} INFO - Starting attempt 1 of 1
[2022-08-24 19:15:43,183] {taskinstance.py:1378} INFO - 
--------------------------------------------------------------------------------
[2022-08-24 19:15:43,237] {taskinstance.py:1397} INFO - Executing <Task(BranchPythonOperator): check_table_exist> on 2021-06-08 00:00:00+00:00
[2022-08-24 19:15:43,256] {standard_task_runner.py:52} INFO - Started process 9000 to run task
[2022-08-24 19:15:43,271] {standard_task_runner.py:79} INFO - Running: ['***', 'tasks', 'run', 'dynamically_branching1', 'check_table_exist', 'scheduled__2021-06-08T00:00:00+00:00', '--job-id', '2379', '--raw', '--subdir', 'DAGS_FOLDER/jobs_dag.py', '--cfg-path', '/tmp/tmpvszi6i60', '--error-file', '/tmp/tmpca8q0soz']
[2022-08-24 19:15:43,274] {standard_task_runner.py:80} INFO - Job 2379: Subtask check_table_exist
[2022-08-24 19:15:43,537] {task_command.py:371} INFO - Running <TaskInstance: dynamically_branching1.check_table_exist scheduled__2021-06-08T00:00:00+00:00 [running]> on host 9d5d2a77e6ba
[2022-08-24 19:15:44,043] {taskinstance.py:1591} INFO - Exporting the following env vars:
AIRFLOW_CTX_DAG_OWNER=***
AIRFLOW_CTX_DAG_ID=dynamically_branching1
AIRFLOW_CTX_TASK_ID=check_table_exist
AIRFLOW_CTX_EXECUTION_DATE=2021-06-08T00:00:00+00:00
AIRFLOW_CTX_TRY_NUMBER=1
AIRFLOW_CTX_DAG_RUN_ID=scheduled__2021-06-08T00:00:00+00:00
[2022-08-24 19:15:44,048] {python.py:173} INFO - Done. Returned value was: insert_row
[2022-08-24 19:15:44,049] {skipmixin.py:140} INFO - Following branch insert_row
[2022-08-24 19:15:44,050] {skipmixin.py:175} INFO - Skipping tasks ['create_table']
[2022-08-24 19:15:44,340] {taskinstance.py:1420} INFO - Marking task as SUCCESS. dag_id=dynamically_branching1, task_id=check_table_exist, execution_date=20210608T000000, start_date=20220824T191543, end_date=20220824T191544
[2022-08-24 19:15:44,477] {local_task_job.py:156} INFO - Task exited with return code 0
[2022-08-24 19:15:44,729] {local_task_job.py:273} INFO - 0 downstream tasks scheduled from follow-on schedule check
