[2022-08-19 20:51:21,712] {taskinstance.py:1179} INFO - Dependencies all met for <TaskInstance: loop_hello_world_1.hello_world scheduled__2021-08-03T00:00:00+00:00 [queued]>
[2022-08-19 20:51:21,757] {taskinstance.py:1179} INFO - Dependencies all met for <TaskInstance: loop_hello_world_1.hello_world scheduled__2021-08-03T00:00:00+00:00 [queued]>
[2022-08-19 20:51:21,766] {taskinstance.py:1376} INFO - 
--------------------------------------------------------------------------------
[2022-08-19 20:51:21,767] {taskinstance.py:1377} INFO - Starting attempt 1 of 1
[2022-08-19 20:51:21,768] {taskinstance.py:1378} INFO - 
--------------------------------------------------------------------------------
[2022-08-19 20:51:21,814] {taskinstance.py:1397} INFO - Executing <Task(PythonOperator): hello_world> on 2021-08-03 00:00:00+00:00
[2022-08-19 20:51:21,820] {standard_task_runner.py:52} INFO - Started process 16259 to run task
[2022-08-19 20:51:21,836] {standard_task_runner.py:79} INFO - Running: ['***', 'tasks', 'run', 'loop_hello_world_1', 'hello_world', 'scheduled__2021-08-03T00:00:00+00:00', '--job-id', '297', '--raw', '--subdir', 'DAGS_FOLDER/practiceDag1.py', '--cfg-path', '/tmp/tmp657k03sm', '--error-file', '/tmp/tmpvxbpqyuy']
[2022-08-19 20:51:21,839] {standard_task_runner.py:80} INFO - Job 297: Subtask hello_world
[2022-08-19 20:51:22,371] {task_command.py:371} INFO - Running <TaskInstance: loop_hello_world_1.hello_world scheduled__2021-08-03T00:00:00+00:00 [running]> on host 9d5d2a77e6ba
[2022-08-19 20:51:22,798] {taskinstance.py:1591} INFO - Exporting the following env vars:
AIRFLOW_CTX_DAG_OWNER=***
AIRFLOW_CTX_DAG_ID=loop_hello_world_1
AIRFLOW_CTX_TASK_ID=hello_world
AIRFLOW_CTX_EXECUTION_DATE=2021-08-03T00:00:00+00:00
AIRFLOW_CTX_TRY_NUMBER=1
AIRFLOW_CTX_DAG_RUN_ID=scheduled__2021-08-03T00:00:00+00:00
[2022-08-19 20:51:22,802] {logging_mixin.py:115} INFO - Hello World
[2022-08-19 20:51:22,804] {logging_mixin.py:115} INFO - This is DAG: 1
[2022-08-19 20:51:22,805] {python.py:173} INFO - Done. Returned value was: None
[2022-08-19 20:51:22,868] {taskinstance.py:1420} INFO - Marking task as SUCCESS. dag_id=loop_hello_world_1, task_id=hello_world, execution_date=20210803T000000, start_date=20220819T205121, end_date=20220819T205122
[2022-08-19 20:51:22,953] {local_task_job.py:156} INFO - Task exited with return code 0
[2022-08-19 20:51:23,071] {local_task_job.py:273} INFO - 0 downstream tasks scheduled from follow-on schedule check
