[2022-09-02 21:53:34,447] {taskinstance.py:1179} INFO - Dependencies all met for <TaskInstance: dynamically_branching1.bash_task manual__2022-09-02T21:53:33.269896+00:00 [queued]>
[2022-09-02 21:53:34,467] {taskinstance.py:1179} INFO - Dependencies all met for <TaskInstance: dynamically_branching1.bash_task manual__2022-09-02T21:53:33.269896+00:00 [queued]>
[2022-09-02 21:53:34,471] {taskinstance.py:1376} INFO - 
--------------------------------------------------------------------------------
[2022-09-02 21:53:34,472] {taskinstance.py:1377} INFO - Starting attempt 1 of 1
[2022-09-02 21:53:34,473] {taskinstance.py:1378} INFO - 
--------------------------------------------------------------------------------
[2022-09-02 21:53:34,491] {taskinstance.py:1397} INFO - Executing <Task(BashOperator): bash_task> on 2022-09-02 21:53:33.269896+00:00
[2022-09-02 21:53:34,499] {standard_task_runner.py:52} INFO - Started process 396 to run task
[2022-09-02 21:53:34,505] {standard_task_runner.py:79} INFO - Running: ['***', 'tasks', 'run', 'dynamically_branching1', 'bash_task', 'manual__2022-09-02T21:53:33.269896+00:00', '--job-id', '3776', '--raw', '--subdir', 'DAGS_FOLDER/jobs_dag.py', '--cfg-path', '/tmp/tmpko_5of80', '--error-file', '/tmp/tmpmnb559ir']
[2022-09-02 21:53:34,507] {standard_task_runner.py:80} INFO - Job 3776: Subtask bash_task
[2022-09-02 21:53:34,599] {task_command.py:371} INFO - Running <TaskInstance: dynamically_branching1.bash_task manual__2022-09-02T21:53:33.269896+00:00 [running]> on host 643b3d669374
[2022-09-02 21:53:34,741] {taskinstance.py:1591} INFO - Exporting the following env vars:
AIRFLOW_CTX_DAG_OWNER=***
AIRFLOW_CTX_DAG_ID=dynamically_branching1
AIRFLOW_CTX_TASK_ID=bash_task
AIRFLOW_CTX_EXECUTION_DATE=2022-09-02T21:53:33.269896+00:00
AIRFLOW_CTX_TRY_NUMBER=1
AIRFLOW_CTX_DAG_RUN_ID=manual__2022-09-02T21:53:33.269896+00:00
[2022-09-02 21:53:34,744] {subprocess.py:62} INFO - Tmp dir root location: 
 /tmp
[2022-09-02 21:53:34,746] {subprocess.py:74} INFO - Running command: ['bash', '-c', 'echo $(whoami)']
[2022-09-02 21:53:34,758] {subprocess.py:85} INFO - Output:
[2022-09-02 21:53:34,763] {subprocess.py:92} INFO - default
[2022-09-02 21:53:34,764] {subprocess.py:96} INFO - Command exited with return code 0
[2022-09-02 21:53:34,802] {taskinstance.py:1420} INFO - Marking task as SUCCESS. dag_id=dynamically_branching1, task_id=bash_task, execution_date=20220902T215333, start_date=20220902T215334, end_date=20220902T215334
[2022-09-02 21:53:34,837] {local_task_job.py:156} INFO - Task exited with return code 0
[2022-09-02 21:53:34,894] {local_task_job.py:273} INFO - 1 downstream tasks scheduled from follow-on schedule check
