[2022-08-11 19:40:13,631] {taskinstance.py:1179} INFO - Dependencies all met for <TaskInstance: my_dag.training_model_B scheduled__2022-08-10T00:00:00+00:00 [queued]>
[2022-08-11 19:40:13,647] {taskinstance.py:1179} INFO - Dependencies all met for <TaskInstance: my_dag.training_model_B scheduled__2022-08-10T00:00:00+00:00 [queued]>
[2022-08-11 19:40:13,648] {taskinstance.py:1376} INFO - 
--------------------------------------------------------------------------------
[2022-08-11 19:40:13,649] {taskinstance.py:1377} INFO - Starting attempt 1 of 1
[2022-08-11 19:40:13,653] {taskinstance.py:1378} INFO - 
--------------------------------------------------------------------------------
[2022-08-11 19:40:13,671] {taskinstance.py:1397} INFO - Executing <Task(PythonOperator): training_model_B> on 2022-08-10 00:00:00+00:00
[2022-08-11 19:40:13,680] {standard_task_runner.py:52} INFO - Started process 1234 to run task
[2022-08-11 19:40:13,689] {standard_task_runner.py:79} INFO - Running: ['***', 'tasks', 'run', 'my_dag', 'training_model_B', 'scheduled__2022-08-10T00:00:00+00:00', '--job-id', '8', '--raw', '--subdir', 'DAGS_FOLDER/my_dag.py', '--cfg-path', '/tmp/tmpvrhrwlt7', '--error-file', '/tmp/tmp84qp1e4v']
[2022-08-11 19:40:13,690] {standard_task_runner.py:80} INFO - Job 8: Subtask training_model_B
[2022-08-11 19:40:13,789] {task_command.py:371} INFO - Running <TaskInstance: my_dag.training_model_B scheduled__2022-08-10T00:00:00+00:00 [running]> on host 9d5d2a77e6ba
[2022-08-11 19:40:13,895] {taskinstance.py:1591} INFO - Exporting the following env vars:
AIRFLOW_CTX_DAG_OWNER=***
AIRFLOW_CTX_DAG_ID=my_dag
AIRFLOW_CTX_TASK_ID=training_model_B
AIRFLOW_CTX_EXECUTION_DATE=2022-08-10T00:00:00+00:00
AIRFLOW_CTX_TRY_NUMBER=1
AIRFLOW_CTX_DAG_RUN_ID=scheduled__2022-08-10T00:00:00+00:00
[2022-08-11 19:40:13,897] {python.py:173} INFO - Done. Returned value was: 10
[2022-08-11 19:40:13,942] {taskinstance.py:1420} INFO - Marking task as SUCCESS. dag_id=my_dag, task_id=training_model_B, execution_date=20220810T000000, start_date=20220811T194013, end_date=20220811T194013
[2022-08-11 19:40:13,980] {local_task_job.py:156} INFO - Task exited with return code 0
[2022-08-11 19:40:14,038] {local_task_job.py:273} INFO - 0 downstream tasks scheduled from follow-on schedule check
