[2022-08-24 19:14:47,041] {taskinstance.py:1179} INFO - Dependencies all met for <TaskInstance: dynamically_branching1.bash_task scheduled__2021-04-26T00:00:00+00:00 [queued]>
[2022-08-24 19:14:47,169] {taskinstance.py:1179} INFO - Dependencies all met for <TaskInstance: dynamically_branching1.bash_task scheduled__2021-04-26T00:00:00+00:00 [queued]>
[2022-08-24 19:14:47,179] {taskinstance.py:1376} INFO - 
--------------------------------------------------------------------------------
[2022-08-24 19:14:47,183] {taskinstance.py:1377} INFO - Starting attempt 1 of 1
[2022-08-24 19:14:47,192] {taskinstance.py:1378} INFO - 
--------------------------------------------------------------------------------
[2022-08-24 19:14:47,351] {taskinstance.py:1397} INFO - Executing <Task(BashOperator): bash_task> on 2021-04-26 00:00:00+00:00
[2022-08-24 19:14:47,419] {standard_task_runner.py:52} INFO - Started process 8688 to run task
[2022-08-24 19:14:47,440] {standard_task_runner.py:79} INFO - Running: ['***', 'tasks', 'run', 'dynamically_branching1', 'bash_task', 'scheduled__2021-04-26T00:00:00+00:00', '--job-id', '2282', '--raw', '--subdir', 'DAGS_FOLDER/jobs_dag.py', '--cfg-path', '/tmp/tmp5ncdbcok', '--error-file', '/tmp/tmpbfz4k5_g']
[2022-08-24 19:14:47,464] {standard_task_runner.py:80} INFO - Job 2282: Subtask bash_task
[2022-08-24 19:14:48,171] {task_command.py:371} INFO - Running <TaskInstance: dynamically_branching1.bash_task scheduled__2021-04-26T00:00:00+00:00 [running]> on host 9d5d2a77e6ba
[2022-08-24 19:14:48,837] {taskinstance.py:1591} INFO - Exporting the following env vars:
AIRFLOW_CTX_DAG_OWNER=***
AIRFLOW_CTX_DAG_ID=dynamically_branching1
AIRFLOW_CTX_TASK_ID=bash_task
AIRFLOW_CTX_EXECUTION_DATE=2021-04-26T00:00:00+00:00
AIRFLOW_CTX_TRY_NUMBER=1
AIRFLOW_CTX_DAG_RUN_ID=scheduled__2021-04-26T00:00:00+00:00
[2022-08-24 19:14:48,849] {subprocess.py:62} INFO - Tmp dir root location: 
 /tmp
[2022-08-24 19:14:48,871] {subprocess.py:74} INFO - Running command: ['bash', '-c', 'echo $(whoami)']
[2022-08-24 19:14:48,979] {subprocess.py:85} INFO - Output:
[2022-08-24 19:14:49,045] {subprocess.py:92} INFO - default
[2022-08-24 19:14:49,048] {subprocess.py:96} INFO - Command exited with return code 0
[2022-08-24 19:14:49,228] {taskinstance.py:1420} INFO - Marking task as SUCCESS. dag_id=dynamically_branching1, task_id=bash_task, execution_date=20210426T000000, start_date=20220824T191447, end_date=20220824T191449
[2022-08-24 19:14:49,381] {local_task_job.py:156} INFO - Task exited with return code 0
[2022-08-24 19:14:49,589] {local_task_job.py:273} INFO - 1 downstream tasks scheduled from follow-on schedule check
