[2022-09-01 19:37:11,628] {taskinstance.py:1179} INFO - Dependencies all met for <TaskInstance: dynamically_branching1.query_table manual__2022-09-01T18:14:06.998728+00:00 [queued]>
[2022-09-01 19:37:11,782] {taskinstance.py:1179} INFO - Dependencies all met for <TaskInstance: dynamically_branching1.query_table manual__2022-09-01T18:14:06.998728+00:00 [queued]>
[2022-09-01 19:37:11,784] {taskinstance.py:1376} INFO - 
--------------------------------------------------------------------------------
[2022-09-01 19:37:11,788] {taskinstance.py:1377} INFO - Starting attempt 1 of 1
[2022-09-01 19:37:11,789] {taskinstance.py:1378} INFO - 
--------------------------------------------------------------------------------
[2022-09-01 19:37:11,877] {taskinstance.py:1397} INFO - Executing <Task(PythonOperator): query_table> on 2022-09-01 18:14:06.998728+00:00
[2022-09-01 19:37:11,930] {standard_task_runner.py:79} INFO - Running: ['***', 'tasks', 'run', 'dynamically_branching1', 'query_table', 'manual__2022-09-01T18:14:06.998728+00:00', '--job-id', '3581', '--raw', '--subdir', 'DAGS_FOLDER/jobs_dag.py', '--cfg-path', '/tmp/tmprpg1y4t4', '--error-file', '/tmp/tmpzfm4cbsi']
[2022-09-01 19:37:11,932] {standard_task_runner.py:80} INFO - Job 3581: Subtask query_table
[2022-09-01 19:37:11,919] {standard_task_runner.py:52} INFO - Started process 91069 to run task
[2022-09-01 19:37:12,392] {task_command.py:371} INFO - Running <TaskInstance: dynamically_branching1.query_table manual__2022-09-01T18:14:06.998728+00:00 [running]> on host 9d5d2a77e6ba
[2022-09-01 19:37:13,727] {taskinstance.py:1591} INFO - Exporting the following env vars:
AIRFLOW_CTX_DAG_OWNER=***
AIRFLOW_CTX_DAG_ID=dynamically_branching1
AIRFLOW_CTX_TASK_ID=query_table
AIRFLOW_CTX_EXECUTION_DATE=2022-09-01T18:14:06.998728+00:00
AIRFLOW_CTX_TRY_NUMBER=1
AIRFLOW_CTX_DAG_RUN_ID=manual__2022-09-01T18:14:06.998728+00:00
[2022-09-01 19:37:13,832] {python.py:173} INFO - Done. Returned value was: None
[2022-09-01 19:37:13,982] {taskinstance.py:1420} INFO - Marking task as SUCCESS. dag_id=dynamically_branching1, task_id=query_table, execution_date=20220901T181406, start_date=20220901T193711, end_date=20220901T193713
[2022-09-01 19:37:14,246] {local_task_job.py:156} INFO - Task exited with return code 0
[2022-09-01 19:37:14,379] {local_task_job.py:273} INFO - 0 downstream tasks scheduled from follow-on schedule check
