[2022-08-24 19:23:11,137] {taskinstance.py:1179} INFO - Dependencies all met for <TaskInstance: dynamically_branching1.bash_task scheduled__2022-06-29T00:00:00+00:00 [queued]>
[2022-08-24 19:23:11,183] {taskinstance.py:1179} INFO - Dependencies all met for <TaskInstance: dynamically_branching1.bash_task scheduled__2022-06-29T00:00:00+00:00 [queued]>
[2022-08-24 19:23:11,184] {taskinstance.py:1376} INFO - 
--------------------------------------------------------------------------------
[2022-08-24 19:23:11,189] {taskinstance.py:1377} INFO - Starting attempt 1 of 1
[2022-08-24 19:23:11,189] {taskinstance.py:1378} INFO - 
--------------------------------------------------------------------------------
[2022-08-24 19:23:11,320] {taskinstance.py:1397} INFO - Executing <Task(BashOperator): bash_task> on 2022-06-29 00:00:00+00:00
[2022-08-24 19:23:11,369] {standard_task_runner.py:52} INFO - Started process 11506 to run task
[2022-08-24 19:23:11,398] {standard_task_runner.py:79} INFO - Running: ['***', 'tasks', 'run', 'dynamically_branching1', 'bash_task', 'scheduled__2022-06-29T00:00:00+00:00', '--job-id', '3145', '--raw', '--subdir', 'DAGS_FOLDER/jobs_dag.py', '--cfg-path', '/tmp/tmptef7krih', '--error-file', '/tmp/tmpt4d5nikk']
[2022-08-24 19:23:11,400] {standard_task_runner.py:80} INFO - Job 3145: Subtask bash_task
[2022-08-24 19:23:11,783] {task_command.py:371} INFO - Running <TaskInstance: dynamically_branching1.bash_task scheduled__2022-06-29T00:00:00+00:00 [running]> on host 9d5d2a77e6ba
[2022-08-24 19:23:12,169] {taskinstance.py:1591} INFO - Exporting the following env vars:
AIRFLOW_CTX_DAG_OWNER=***
AIRFLOW_CTX_DAG_ID=dynamically_branching1
AIRFLOW_CTX_TASK_ID=bash_task
AIRFLOW_CTX_EXECUTION_DATE=2022-06-29T00:00:00+00:00
AIRFLOW_CTX_TRY_NUMBER=1
AIRFLOW_CTX_DAG_RUN_ID=scheduled__2022-06-29T00:00:00+00:00
[2022-08-24 19:23:12,171] {subprocess.py:62} INFO - Tmp dir root location: 
 /tmp
[2022-08-24 19:23:12,172] {subprocess.py:74} INFO - Running command: ['bash', '-c', 'echo $(whoami)']
[2022-08-24 19:23:12,243] {subprocess.py:85} INFO - Output:
[2022-08-24 19:23:12,250] {subprocess.py:92} INFO - default
[2022-08-24 19:23:12,251] {subprocess.py:96} INFO - Command exited with return code 0
[2022-08-24 19:23:12,327] {taskinstance.py:1420} INFO - Marking task as SUCCESS. dag_id=dynamically_branching1, task_id=bash_task, execution_date=20220629T000000, start_date=20220824T192311, end_date=20220824T192312
[2022-08-24 19:23:12,449] {local_task_job.py:156} INFO - Task exited with return code 0
[2022-08-24 19:23:12,789] {local_task_job.py:273} INFO - 0 downstream tasks scheduled from follow-on schedule check
