[2022-09-06 20:56:49,556] {taskinstance.py:1179} INFO - Dependencies all met for <TaskInstance: tables_name_1.bash_task manual__2022-09-06T20:56:47.540771+00:00 [queued]>
[2022-09-06 20:56:49,565] {taskinstance.py:1179} INFO - Dependencies all met for <TaskInstance: tables_name_1.bash_task manual__2022-09-06T20:56:47.540771+00:00 [queued]>
[2022-09-06 20:56:49,566] {taskinstance.py:1376} INFO - 
--------------------------------------------------------------------------------
[2022-09-06 20:56:49,567] {taskinstance.py:1377} INFO - Starting attempt 1 of 1
[2022-09-06 20:56:49,567] {taskinstance.py:1378} INFO - 
--------------------------------------------------------------------------------
[2022-09-06 20:56:49,588] {taskinstance.py:1397} INFO - Executing <Task(BashOperator): bash_task> on 2022-09-06 20:56:47.540771+00:00
[2022-09-06 20:56:49,596] {standard_task_runner.py:52} INFO - Started process 10849 to run task
[2022-09-06 20:56:49,602] {standard_task_runner.py:79} INFO - Running: ['***', 'tasks', 'run', 'tables_name_1', 'bash_task', 'manual__2022-09-06T20:56:47.540771+00:00', '--job-id', '3896', '--raw', '--subdir', 'DAGS_FOLDER/jobs_dag.py', '--cfg-path', '/tmp/tmpnpbnjcvv', '--error-file', '/tmp/tmpvh7k8z2v']
[2022-09-06 20:56:49,603] {standard_task_runner.py:80} INFO - Job 3896: Subtask bash_task
[2022-09-06 20:56:49,692] {task_command.py:371} INFO - Running <TaskInstance: tables_name_1.bash_task manual__2022-09-06T20:56:47.540771+00:00 [running]> on host eba23da77ca5
[2022-09-06 20:56:49,797] {taskinstance.py:1591} INFO - Exporting the following env vars:
AIRFLOW_CTX_DAG_OWNER=***
AIRFLOW_CTX_DAG_ID=tables_name_1
AIRFLOW_CTX_TASK_ID=bash_task
AIRFLOW_CTX_EXECUTION_DATE=2022-09-06T20:56:47.540771+00:00
AIRFLOW_CTX_TRY_NUMBER=1
AIRFLOW_CTX_DAG_RUN_ID=manual__2022-09-06T20:56:47.540771+00:00
[2022-09-06 20:56:49,800] {subprocess.py:62} INFO - Tmp dir root location: 
 /tmp
[2022-09-06 20:56:49,802] {subprocess.py:74} INFO - Running command: ['bash', '-c', 'whoami']
[2022-09-06 20:56:49,821] {subprocess.py:85} INFO - Output:
[2022-09-06 20:56:49,824] {subprocess.py:92} INFO - default
[2022-09-06 20:56:49,825] {subprocess.py:96} INFO - Command exited with return code 0
[2022-09-06 20:56:49,866] {taskinstance.py:1420} INFO - Marking task as SUCCESS. dag_id=tables_name_1, task_id=bash_task, execution_date=20220906T205647, start_date=20220906T205649, end_date=20220906T205649
[2022-09-06 20:56:49,897] {local_task_job.py:156} INFO - Task exited with return code 0
[2022-09-06 20:56:49,947] {local_task_job.py:273} INFO - 1 downstream tasks scheduled from follow-on schedule check
