[2022-08-30 18:21:18,323] {taskinstance.py:1179} INFO - Dependencies all met for <TaskInstance: dynamically_branching1.bash_task manual__2022-08-30T18:20:45.116278+00:00 [queued]>
[2022-08-30 18:21:18,341] {taskinstance.py:1179} INFO - Dependencies all met for <TaskInstance: dynamically_branching1.bash_task manual__2022-08-30T18:20:45.116278+00:00 [queued]>
[2022-08-30 18:21:18,342] {taskinstance.py:1376} INFO - 
--------------------------------------------------------------------------------
[2022-08-30 18:21:18,343] {taskinstance.py:1377} INFO - Starting attempt 1 of 1
[2022-08-30 18:21:18,344] {taskinstance.py:1378} INFO - 
--------------------------------------------------------------------------------
[2022-08-30 18:21:18,373] {taskinstance.py:1397} INFO - Executing <Task(BashOperator): bash_task> on 2022-08-30 18:20:45.116278+00:00
[2022-08-30 18:21:18,381] {standard_task_runner.py:52} INFO - Started process 75777 to run task
[2022-08-30 18:21:18,404] {standard_task_runner.py:79} INFO - Running: ['***', 'tasks', 'run', 'dynamically_branching1', 'bash_task', 'manual__2022-08-30T18:20:45.116278+00:00', '--job-id', '3371', '--raw', '--subdir', 'DAGS_FOLDER/jobs_dag.py', '--cfg-path', '/tmp/tmp44vyl5hn', '--error-file', '/tmp/tmpxnezpl27']
[2022-08-30 18:21:18,407] {standard_task_runner.py:80} INFO - Job 3371: Subtask bash_task
[2022-08-30 18:21:18,550] {task_command.py:371} INFO - Running <TaskInstance: dynamically_branching1.bash_task manual__2022-08-30T18:20:45.116278+00:00 [running]> on host 9d5d2a77e6ba
[2022-08-30 18:21:18,700] {taskinstance.py:1591} INFO - Exporting the following env vars:
AIRFLOW_CTX_DAG_OWNER=***
AIRFLOW_CTX_DAG_ID=dynamically_branching1
AIRFLOW_CTX_TASK_ID=bash_task
AIRFLOW_CTX_EXECUTION_DATE=2022-08-30T18:20:45.116278+00:00
AIRFLOW_CTX_TRY_NUMBER=1
AIRFLOW_CTX_DAG_RUN_ID=manual__2022-08-30T18:20:45.116278+00:00
[2022-08-30 18:21:18,704] {subprocess.py:62} INFO - Tmp dir root location: 
 /tmp
[2022-08-30 18:21:18,706] {subprocess.py:74} INFO - Running command: ['bash', '-c', 'echo $(whoami)']
[2022-08-30 18:21:18,744] {subprocess.py:85} INFO - Output:
[2022-08-30 18:21:18,757] {subprocess.py:92} INFO - default
[2022-08-30 18:21:18,758] {subprocess.py:96} INFO - Command exited with return code 0
[2022-08-30 18:21:18,806] {taskinstance.py:1420} INFO - Marking task as SUCCESS. dag_id=dynamically_branching1, task_id=bash_task, execution_date=20220830T182045, start_date=20220830T182118, end_date=20220830T182118
[2022-08-30 18:21:18,846] {local_task_job.py:156} INFO - Task exited with return code 0
[2022-08-30 18:21:18,918] {local_task_job.py:273} INFO - 1 downstream tasks scheduled from follow-on schedule check
