[2022-08-24 19:21:03,722] {taskinstance.py:1179} INFO - Dependencies all met for <TaskInstance: dynamically_branching1.bash_task scheduled__2022-03-13T00:00:00+00:00 [queued]>
[2022-08-24 19:21:03,807] {taskinstance.py:1179} INFO - Dependencies all met for <TaskInstance: dynamically_branching1.bash_task scheduled__2022-03-13T00:00:00+00:00 [queued]>
[2022-08-24 19:21:03,808] {taskinstance.py:1376} INFO - 
--------------------------------------------------------------------------------
[2022-08-24 19:21:03,808] {taskinstance.py:1377} INFO - Starting attempt 1 of 1
[2022-08-24 19:21:03,809] {taskinstance.py:1378} INFO - 
--------------------------------------------------------------------------------
[2022-08-24 19:21:03,889] {taskinstance.py:1397} INFO - Executing <Task(BashOperator): bash_task> on 2022-03-13 00:00:00+00:00
[2022-08-24 19:21:03,930] {standard_task_runner.py:52} INFO - Started process 10792 to run task
[2022-08-24 19:21:03,980] {standard_task_runner.py:79} INFO - Running: ['***', 'tasks', 'run', 'dynamically_branching1', 'bash_task', 'scheduled__2022-03-13T00:00:00+00:00', '--job-id', '2923', '--raw', '--subdir', 'DAGS_FOLDER/jobs_dag.py', '--cfg-path', '/tmp/tmp11c6n__l', '--error-file', '/tmp/tmpxdftwj9e']
[2022-08-24 19:21:04,003] {standard_task_runner.py:80} INFO - Job 2923: Subtask bash_task
[2022-08-24 19:21:04,634] {task_command.py:371} INFO - Running <TaskInstance: dynamically_branching1.bash_task scheduled__2022-03-13T00:00:00+00:00 [running]> on host 9d5d2a77e6ba
[2022-08-24 19:21:05,316] {taskinstance.py:1591} INFO - Exporting the following env vars:
AIRFLOW_CTX_DAG_OWNER=***
AIRFLOW_CTX_DAG_ID=dynamically_branching1
AIRFLOW_CTX_TASK_ID=bash_task
AIRFLOW_CTX_EXECUTION_DATE=2022-03-13T00:00:00+00:00
AIRFLOW_CTX_TRY_NUMBER=1
AIRFLOW_CTX_DAG_RUN_ID=scheduled__2022-03-13T00:00:00+00:00
[2022-08-24 19:21:05,332] {subprocess.py:62} INFO - Tmp dir root location: 
 /tmp
[2022-08-24 19:21:05,342] {subprocess.py:74} INFO - Running command: ['bash', '-c', 'echo $(whoami)']
[2022-08-24 19:21:05,460] {subprocess.py:85} INFO - Output:
[2022-08-24 19:21:05,467] {subprocess.py:92} INFO - default
[2022-08-24 19:21:05,469] {subprocess.py:96} INFO - Command exited with return code 0
[2022-08-24 19:21:05,750] {taskinstance.py:1420} INFO - Marking task as SUCCESS. dag_id=dynamically_branching1, task_id=bash_task, execution_date=20220313T000000, start_date=20220824T192103, end_date=20220824T192105
[2022-08-24 19:21:05,964] {local_task_job.py:156} INFO - Task exited with return code 0
[2022-08-24 19:21:06,254] {local_task_job.py:273} INFO - 1 downstream tasks scheduled from follow-on schedule check
