[2022-09-01 22:23:19,142] {taskinstance.py:1179} INFO - Dependencies all met for <TaskInstance: trigger_sensor.process_results.remove_file manual__2022-09-01T22:22:42.537139+00:00 [queued]>
[2022-09-01 22:23:19,157] {taskinstance.py:1179} INFO - Dependencies all met for <TaskInstance: trigger_sensor.process_results.remove_file manual__2022-09-01T22:22:42.537139+00:00 [queued]>
[2022-09-01 22:23:19,158] {taskinstance.py:1376} INFO - 
--------------------------------------------------------------------------------
[2022-09-01 22:23:19,159] {taskinstance.py:1377} INFO - Starting attempt 1 of 1
[2022-09-01 22:23:19,160] {taskinstance.py:1378} INFO - 
--------------------------------------------------------------------------------
[2022-09-01 22:23:19,184] {taskinstance.py:1397} INFO - Executing <Task(BashOperator): process_results.remove_file> on 2022-09-01 22:22:42.537139+00:00
[2022-09-01 22:23:19,191] {standard_task_runner.py:52} INFO - Started process 95034 to run task
[2022-09-01 22:23:19,197] {standard_task_runner.py:79} INFO - Running: ['***', 'tasks', 'run', 'trigger_sensor', 'process_results.remove_file', 'manual__2022-09-01T22:22:42.537139+00:00', '--job-id', '3735', '--raw', '--subdir', 'DAGS_FOLDER/trigger_dag.py', '--cfg-path', '/tmp/tmpn2vvdgr0', '--error-file', '/tmp/tmpi62wuhwz']
[2022-09-01 22:23:19,198] {standard_task_runner.py:80} INFO - Job 3735: Subtask process_results.remove_file
[2022-09-01 22:23:19,302] {task_command.py:371} INFO - Running <TaskInstance: trigger_sensor.process_results.remove_file manual__2022-09-01T22:22:42.537139+00:00 [running]> on host 9d5d2a77e6ba
[2022-09-01 22:23:19,488] {taskinstance.py:1591} INFO - Exporting the following env vars:
AIRFLOW_CTX_DAG_OWNER=***
AIRFLOW_CTX_DAG_ID=trigger_sensor
AIRFLOW_CTX_TASK_ID=process_results.remove_file
AIRFLOW_CTX_EXECUTION_DATE=2022-09-01T22:22:42.537139+00:00
AIRFLOW_CTX_TRY_NUMBER=1
AIRFLOW_CTX_DAG_RUN_ID=manual__2022-09-01T22:22:42.537139+00:00
[2022-09-01 22:23:19,492] {subprocess.py:62} INFO - Tmp dir root location: 
 /tmp
[2022-09-01 22:23:19,494] {subprocess.py:74} INFO - Running command: ['bash', '-c', 'rm /opt/***/dags/test.txt']
[2022-09-01 22:23:19,513] {subprocess.py:85} INFO - Output:
[2022-09-01 22:23:19,521] {subprocess.py:96} INFO - Command exited with return code 0
[2022-09-01 22:23:19,614] {taskinstance.py:1420} INFO - Marking task as SUCCESS. dag_id=trigger_sensor, task_id=process_results.remove_file, execution_date=20220901T222242, start_date=20220901T222319, end_date=20220901T222319
[2022-09-01 22:23:19,657] {local_task_job.py:156} INFO - Task exited with return code 0
[2022-09-01 22:23:19,728] {local_task_job.py:273} INFO - 1 downstream tasks scheduled from follow-on schedule check
