[2022-08-30 18:20:54,988] {taskinstance.py:1179} INFO - Dependencies all met for <TaskInstance: dynamically_branching1.bash_task manual__2022-08-26T19:43:40.232335+00:00 [queued]>
[2022-08-30 18:20:55,167] {taskinstance.py:1179} INFO - Dependencies all met for <TaskInstance: dynamically_branching1.bash_task manual__2022-08-26T19:43:40.232335+00:00 [queued]>
[2022-08-30 18:20:55,185] {taskinstance.py:1376} INFO - 
--------------------------------------------------------------------------------
[2022-08-30 18:20:55,187] {taskinstance.py:1377} INFO - Starting attempt 1 of 1
[2022-08-30 18:20:55,188] {taskinstance.py:1378} INFO - 
--------------------------------------------------------------------------------
[2022-08-30 18:20:55,525] {taskinstance.py:1397} INFO - Executing <Task(BashOperator): bash_task> on 2022-08-26 19:43:40.232335+00:00
[2022-08-30 18:20:55,731] {standard_task_runner.py:52} INFO - Started process 75665 to run task
[2022-08-30 18:20:56,004] {standard_task_runner.py:79} INFO - Running: ['***', 'tasks', 'run', 'dynamically_branching1', 'bash_task', 'manual__2022-08-26T19:43:40.232335+00:00', '--job-id', '3331', '--raw', '--subdir', 'DAGS_FOLDER/jobs_dag.py', '--cfg-path', '/tmp/tmph15ds2k6', '--error-file', '/tmp/tmpu1hhf407']
[2022-08-30 18:20:56,013] {standard_task_runner.py:80} INFO - Job 3331: Subtask bash_task
[2022-08-30 18:20:57,473] {task_command.py:371} INFO - Running <TaskInstance: dynamically_branching1.bash_task manual__2022-08-26T19:43:40.232335+00:00 [running]> on host 9d5d2a77e6ba
[2022-08-30 18:20:58,402] {taskinstance.py:1591} INFO - Exporting the following env vars:
AIRFLOW_CTX_DAG_OWNER=***
AIRFLOW_CTX_DAG_ID=dynamically_branching1
AIRFLOW_CTX_TASK_ID=bash_task
AIRFLOW_CTX_EXECUTION_DATE=2022-08-26T19:43:40.232335+00:00
AIRFLOW_CTX_TRY_NUMBER=1
AIRFLOW_CTX_DAG_RUN_ID=manual__2022-08-26T19:43:40.232335+00:00
[2022-08-30 18:20:58,409] {subprocess.py:62} INFO - Tmp dir root location: 
 /tmp
[2022-08-30 18:20:58,455] {subprocess.py:74} INFO - Running command: ['bash', '-c', 'echo $(whoami)']
[2022-08-30 18:20:58,689] {subprocess.py:85} INFO - Output:
[2022-08-30 18:20:58,767] {subprocess.py:92} INFO - default
[2022-08-30 18:20:58,773] {subprocess.py:96} INFO - Command exited with return code 0
[2022-08-30 18:20:59,251] {taskinstance.py:1420} INFO - Marking task as SUCCESS. dag_id=dynamically_branching1, task_id=bash_task, execution_date=20220826T194340, start_date=20220830T182054, end_date=20220830T182059
[2022-08-30 18:20:59,542] {local_task_job.py:156} INFO - Task exited with return code 0
[2022-08-30 18:21:00,183] {local_task_job.py:273} INFO - 1 downstream tasks scheduled from follow-on schedule check
