[2022-08-17 15:30:55,954] {taskinstance.py:1179} INFO - Dependencies all met for <TaskInstance: my_dag.choose_best_model manual__2022-08-17T15:30:53.369419+00:00 [queued]>
[2022-08-17 15:30:55,968] {taskinstance.py:1179} INFO - Dependencies all met for <TaskInstance: my_dag.choose_best_model manual__2022-08-17T15:30:53.369419+00:00 [queued]>
[2022-08-17 15:30:55,969] {taskinstance.py:1376} INFO - 
--------------------------------------------------------------------------------
[2022-08-17 15:30:55,970] {taskinstance.py:1377} INFO - Starting attempt 1 of 1
[2022-08-17 15:30:55,971] {taskinstance.py:1378} INFO - 
--------------------------------------------------------------------------------
[2022-08-17 15:30:55,991] {taskinstance.py:1397} INFO - Executing <Task(BranchPythonOperator): choose_best_model> on 2022-08-17 15:30:53.369419+00:00
[2022-08-17 15:30:55,997] {standard_task_runner.py:52} INFO - Started process 2287 to run task
[2022-08-17 15:30:56,002] {standard_task_runner.py:79} INFO - Running: ['***', 'tasks', 'run', 'my_dag', 'choose_best_model', 'manual__2022-08-17T15:30:53.369419+00:00', '--job-id', '63', '--raw', '--subdir', 'DAGS_FOLDER/my_dag.py', '--cfg-path', '/tmp/tmpxotp7c_4', '--error-file', '/tmp/tmph0ybqsj5']
[2022-08-17 15:30:56,003] {standard_task_runner.py:80} INFO - Job 63: Subtask choose_best_model
[2022-08-17 15:30:56,096] {task_command.py:371} INFO - Running <TaskInstance: my_dag.choose_best_model manual__2022-08-17T15:30:53.369419+00:00 [running]> on host 9d5d2a77e6ba
[2022-08-17 15:30:56,196] {taskinstance.py:1591} INFO - Exporting the following env vars:
AIRFLOW_CTX_DAG_OWNER=***
AIRFLOW_CTX_DAG_ID=my_dag
AIRFLOW_CTX_TASK_ID=choose_best_model
AIRFLOW_CTX_EXECUTION_DATE=2022-08-17T15:30:53.369419+00:00
AIRFLOW_CTX_TRY_NUMBER=1
AIRFLOW_CTX_DAG_RUN_ID=manual__2022-08-17T15:30:53.369419+00:00
[2022-08-17 15:30:56,215] {python.py:173} INFO - Done. Returned value was: accurate
[2022-08-17 15:30:56,216] {skipmixin.py:140} INFO - Following branch accurate
[2022-08-17 15:30:56,217] {skipmixin.py:175} INFO - Skipping tasks ['inaccurate']
[2022-08-17 15:30:56,276] {taskinstance.py:1420} INFO - Marking task as SUCCESS. dag_id=my_dag, task_id=choose_best_model, execution_date=20220817T153053, start_date=20220817T153055, end_date=20220817T153056
[2022-08-17 15:30:56,337] {local_task_job.py:156} INFO - Task exited with return code 0
[2022-08-17 15:30:56,396] {local_task_job.py:273} INFO - 1 downstream tasks scheduled from follow-on schedule check
