[2022-08-19 20:50:55,759] {taskinstance.py:1179} INFO - Dependencies all met for <TaskInstance: loop_hello_world_1.hello_world scheduled__2021-06-27T00:00:00+00:00 [queued]>
[2022-08-19 20:50:55,780] {taskinstance.py:1179} INFO - Dependencies all met for <TaskInstance: loop_hello_world_1.hello_world scheduled__2021-06-27T00:00:00+00:00 [queued]>
[2022-08-19 20:50:55,781] {taskinstance.py:1376} INFO - 
--------------------------------------------------------------------------------
[2022-08-19 20:50:55,782] {taskinstance.py:1377} INFO - Starting attempt 1 of 1
[2022-08-19 20:50:55,783] {taskinstance.py:1378} INFO - 
--------------------------------------------------------------------------------
[2022-08-19 20:50:55,823] {taskinstance.py:1397} INFO - Executing <Task(PythonOperator): hello_world> on 2021-06-27 00:00:00+00:00
[2022-08-19 20:50:55,830] {standard_task_runner.py:52} INFO - Started process 16174 to run task
[2022-08-19 20:50:55,854] {standard_task_runner.py:79} INFO - Running: ['***', 'tasks', 'run', 'loop_hello_world_1', 'hello_world', 'scheduled__2021-06-27T00:00:00+00:00', '--job-id', '262', '--raw', '--subdir', 'DAGS_FOLDER/practiceDag1.py', '--cfg-path', '/tmp/tmprdysg34a', '--error-file', '/tmp/tmpd5mzwcn7']
[2022-08-19 20:50:55,857] {standard_task_runner.py:80} INFO - Job 262: Subtask hello_world
[2022-08-19 20:50:56,047] {task_command.py:371} INFO - Running <TaskInstance: loop_hello_world_1.hello_world scheduled__2021-06-27T00:00:00+00:00 [running]> on host 9d5d2a77e6ba
[2022-08-19 20:50:56,378] {taskinstance.py:1591} INFO - Exporting the following env vars:
AIRFLOW_CTX_DAG_OWNER=***
AIRFLOW_CTX_DAG_ID=loop_hello_world_1
AIRFLOW_CTX_TASK_ID=hello_world
AIRFLOW_CTX_EXECUTION_DATE=2021-06-27T00:00:00+00:00
AIRFLOW_CTX_TRY_NUMBER=1
AIRFLOW_CTX_DAG_RUN_ID=scheduled__2021-06-27T00:00:00+00:00
[2022-08-19 20:50:56,380] {logging_mixin.py:115} INFO - Hello World
[2022-08-19 20:50:56,381] {logging_mixin.py:115} INFO - This is DAG: 1
[2022-08-19 20:50:56,382] {python.py:173} INFO - Done. Returned value was: None
[2022-08-19 20:50:56,454] {taskinstance.py:1420} INFO - Marking task as SUCCESS. dag_id=loop_hello_world_1, task_id=hello_world, execution_date=20210627T000000, start_date=20220819T205055, end_date=20220819T205056
[2022-08-19 20:50:56,558] {local_task_job.py:156} INFO - Task exited with return code 0
[2022-08-19 20:50:56,857] {local_task_job.py:273} INFO - 0 downstream tasks scheduled from follow-on schedule check
