[2022-08-24 19:18:46,644] {taskinstance.py:1179} INFO - Dependencies all met for <TaskInstance: dynamically_branching1.bash_task scheduled__2021-11-14T00:00:00+00:00 [queued]>
[2022-08-24 19:18:46,690] {taskinstance.py:1179} INFO - Dependencies all met for <TaskInstance: dynamically_branching1.bash_task scheduled__2021-11-14T00:00:00+00:00 [queued]>
[2022-08-24 19:18:46,695] {taskinstance.py:1376} INFO - 
--------------------------------------------------------------------------------
[2022-08-24 19:18:46,696] {taskinstance.py:1377} INFO - Starting attempt 1 of 1
[2022-08-24 19:18:46,699] {taskinstance.py:1378} INFO - 
--------------------------------------------------------------------------------
[2022-08-24 19:18:46,744] {taskinstance.py:1397} INFO - Executing <Task(BashOperator): bash_task> on 2021-11-14 00:00:00+00:00
[2022-08-24 19:18:46,759] {standard_task_runner.py:52} INFO - Started process 10010 to run task
[2022-08-24 19:18:46,781] {standard_task_runner.py:79} INFO - Running: ['***', 'tasks', 'run', 'dynamically_branching1', 'bash_task', 'scheduled__2021-11-14T00:00:00+00:00', '--job-id', '2687', '--raw', '--subdir', 'DAGS_FOLDER/jobs_dag.py', '--cfg-path', '/tmp/tmpcnc95h4g', '--error-file', '/tmp/tmp1_prhi0v']
[2022-08-24 19:18:46,782] {standard_task_runner.py:80} INFO - Job 2687: Subtask bash_task
[2022-08-24 19:18:47,129] {task_command.py:371} INFO - Running <TaskInstance: dynamically_branching1.bash_task scheduled__2021-11-14T00:00:00+00:00 [running]> on host 9d5d2a77e6ba
[2022-08-24 19:18:47,513] {taskinstance.py:1591} INFO - Exporting the following env vars:
AIRFLOW_CTX_DAG_OWNER=***
AIRFLOW_CTX_DAG_ID=dynamically_branching1
AIRFLOW_CTX_TASK_ID=bash_task
AIRFLOW_CTX_EXECUTION_DATE=2021-11-14T00:00:00+00:00
AIRFLOW_CTX_TRY_NUMBER=1
AIRFLOW_CTX_DAG_RUN_ID=scheduled__2021-11-14T00:00:00+00:00
[2022-08-24 19:18:47,519] {subprocess.py:62} INFO - Tmp dir root location: 
 /tmp
[2022-08-24 19:18:47,520] {subprocess.py:74} INFO - Running command: ['bash', '-c', 'echo $(whoami)']
[2022-08-24 19:18:47,605] {subprocess.py:85} INFO - Output:
[2022-08-24 19:18:47,653] {subprocess.py:92} INFO - default
[2022-08-24 19:18:47,655] {subprocess.py:96} INFO - Command exited with return code 0
[2022-08-24 19:18:47,772] {taskinstance.py:1420} INFO - Marking task as SUCCESS. dag_id=dynamically_branching1, task_id=bash_task, execution_date=20211114T000000, start_date=20220824T191846, end_date=20220824T191847
[2022-08-24 19:18:47,972] {local_task_job.py:156} INFO - Task exited with return code 0
[2022-08-24 19:18:48,185] {local_task_job.py:273} INFO - 0 downstream tasks scheduled from follow-on schedule check
