[2022-09-01 19:36:30,879] {taskinstance.py:1179} INFO - Dependencies all met for <TaskInstance: dynamically_branching1.bash_task manual__2022-09-01T18:08:15.544427+00:00 [queued]>
[2022-09-01 19:36:32,328] {taskinstance.py:1179} INFO - Dependencies all met for <TaskInstance: dynamically_branching1.bash_task manual__2022-09-01T18:08:15.544427+00:00 [queued]>
[2022-09-01 19:36:34,652] {taskinstance.py:1376} INFO - 
--------------------------------------------------------------------------------
[2022-09-01 19:36:34,710] {taskinstance.py:1377} INFO - Starting attempt 1 of 1
[2022-09-01 19:36:34,723] {taskinstance.py:1378} INFO - 
--------------------------------------------------------------------------------
[2022-09-01 19:36:35,865] {taskinstance.py:1397} INFO - Executing <Task(BashOperator): bash_task> on 2022-09-01 18:08:15.544427+00:00
[2022-09-01 19:36:36,267] {standard_task_runner.py:52} INFO - Started process 90941 to run task
[2022-09-01 19:36:36,754] {standard_task_runner.py:79} INFO - Running: ['***', 'tasks', 'run', 'dynamically_branching1', 'bash_task', 'manual__2022-09-01T18:08:15.544427+00:00', '--job-id', '3538', '--raw', '--subdir', 'DAGS_FOLDER/jobs_dag.py', '--cfg-path', '/tmp/tmpve9f8jpn', '--error-file', '/tmp/tmpuo975mhw']
[2022-09-01 19:36:36,822] {standard_task_runner.py:80} INFO - Job 3538: Subtask bash_task
[2022-09-01 19:36:40,813] {task_command.py:371} INFO - Running <TaskInstance: dynamically_branching1.bash_task manual__2022-09-01T18:08:15.544427+00:00 [running]> on host 9d5d2a77e6ba
[2022-09-01 19:36:43,058] {taskinstance.py:1591} INFO - Exporting the following env vars:
AIRFLOW_CTX_DAG_OWNER=***
AIRFLOW_CTX_DAG_ID=dynamically_branching1
AIRFLOW_CTX_TASK_ID=bash_task
AIRFLOW_CTX_EXECUTION_DATE=2022-09-01T18:08:15.544427+00:00
AIRFLOW_CTX_TRY_NUMBER=1
AIRFLOW_CTX_DAG_RUN_ID=manual__2022-09-01T18:08:15.544427+00:00
[2022-09-01 19:36:43,062] {subprocess.py:62} INFO - Tmp dir root location: 
 /tmp
[2022-09-01 19:36:43,073] {subprocess.py:74} INFO - Running command: ['bash', '-c', 'echo $(whoami)']
[2022-09-01 19:36:43,195] {subprocess.py:85} INFO - Output:
[2022-09-01 19:36:43,238] {subprocess.py:92} INFO - default
[2022-09-01 19:36:43,239] {subprocess.py:96} INFO - Command exited with return code 0
[2022-09-01 19:36:43,419] {taskinstance.py:1420} INFO - Marking task as SUCCESS. dag_id=dynamically_branching1, task_id=bash_task, execution_date=20220901T180815, start_date=20220901T193630, end_date=20220901T193643
[2022-09-01 19:36:44,078] {local_task_job.py:156} INFO - Task exited with return code 0
[2022-09-01 19:36:44,644] {local_task_job.py:273} INFO - 0 downstream tasks scheduled from follow-on schedule check
