[2022-08-24 18:44:16,674] {taskinstance.py:1179} INFO - Dependencies all met for <TaskInstance: dynamically_branching1.check_table_exist scheduled__2019-02-13T00:00:00+00:00 [queued]>
[2022-08-24 18:44:16,750] {taskinstance.py:1179} INFO - Dependencies all met for <TaskInstance: dynamically_branching1.check_table_exist scheduled__2019-02-13T00:00:00+00:00 [queued]>
[2022-08-24 18:44:16,751] {taskinstance.py:1376} INFO - 
--------------------------------------------------------------------------------
[2022-08-24 18:44:16,752] {taskinstance.py:1377} INFO - Starting attempt 1 of 1
[2022-08-24 18:44:16,753] {taskinstance.py:1378} INFO - 
--------------------------------------------------------------------------------
[2022-08-24 18:44:16,852] {taskinstance.py:1397} INFO - Executing <Task(BranchPythonOperator): check_table_exist> on 2019-02-13 00:00:00+00:00
[2022-08-24 18:44:16,891] {standard_task_runner.py:52} INFO - Started process 4184 to run task
[2022-08-24 18:44:16,934] {standard_task_runner.py:79} INFO - Running: ['***', 'tasks', 'run', 'dynamically_branching1', 'check_table_exist', 'scheduled__2019-02-13T00:00:00+00:00', '--job-id', '1002', '--raw', '--subdir', 'DAGS_FOLDER/jobs_dag.py', '--cfg-path', '/tmp/tmplxggxi9h', '--error-file', '/tmp/tmp81nhqwv6']
[2022-08-24 18:44:16,941] {standard_task_runner.py:80} INFO - Job 1002: Subtask check_table_exist
[2022-08-24 18:44:17,672] {task_command.py:371} INFO - Running <TaskInstance: dynamically_branching1.check_table_exist scheduled__2019-02-13T00:00:00+00:00 [running]> on host 9d5d2a77e6ba
[2022-08-24 18:44:18,479] {taskinstance.py:1591} INFO - Exporting the following env vars:
AIRFLOW_CTX_DAG_OWNER=***
AIRFLOW_CTX_DAG_ID=dynamically_branching1
AIRFLOW_CTX_TASK_ID=check_table_exist
AIRFLOW_CTX_EXECUTION_DATE=2019-02-13T00:00:00+00:00
AIRFLOW_CTX_TRY_NUMBER=1
AIRFLOW_CTX_DAG_RUN_ID=scheduled__2019-02-13T00:00:00+00:00
[2022-08-24 18:44:18,483] {python.py:173} INFO - Done. Returned value was: insert_row
[2022-08-24 18:44:18,485] {skipmixin.py:140} INFO - Following branch insert_row
[2022-08-24 18:44:18,486] {skipmixin.py:175} INFO - Skipping tasks ['create_table']
[2022-08-24 18:44:18,782] {taskinstance.py:1420} INFO - Marking task as SUCCESS. dag_id=dynamically_branching1, task_id=check_table_exist, execution_date=20190213T000000, start_date=20220824T184416, end_date=20220824T184418
[2022-08-24 18:44:18,959] {local_task_job.py:156} INFO - Task exited with return code 0
[2022-08-24 18:44:19,200] {local_task_job.py:273} INFO - 0 downstream tasks scheduled from follow-on schedule check
