[2022-08-24 19:23:29,470] {taskinstance.py:1179} INFO - Dependencies all met for <TaskInstance: dynamically_branching1.check_table_exist scheduled__2022-07-12T00:00:00+00:00 [queued]>
[2022-08-24 19:23:29,531] {taskinstance.py:1179} INFO - Dependencies all met for <TaskInstance: dynamically_branching1.check_table_exist scheduled__2022-07-12T00:00:00+00:00 [queued]>
[2022-08-24 19:23:29,535] {taskinstance.py:1376} INFO - 
--------------------------------------------------------------------------------
[2022-08-24 19:23:29,537] {taskinstance.py:1377} INFO - Starting attempt 1 of 1
[2022-08-24 19:23:29,541] {taskinstance.py:1378} INFO - 
--------------------------------------------------------------------------------
[2022-08-24 19:23:29,613] {taskinstance.py:1397} INFO - Executing <Task(BranchPythonOperator): check_table_exist> on 2022-07-12 00:00:00+00:00
[2022-08-24 19:23:29,636] {standard_task_runner.py:52} INFO - Started process 11622 to run task
[2022-08-24 19:23:29,685] {standard_task_runner.py:79} INFO - Running: ['***', 'tasks', 'run', 'dynamically_branching1', 'check_table_exist', 'scheduled__2022-07-12T00:00:00+00:00', '--job-id', '3179', '--raw', '--subdir', 'DAGS_FOLDER/jobs_dag.py', '--cfg-path', '/tmp/tmpmqqlb95d', '--error-file', '/tmp/tmpu50_75_r']
[2022-08-24 19:23:29,702] {standard_task_runner.py:80} INFO - Job 3179: Subtask check_table_exist
[2022-08-24 19:23:30,138] {task_command.py:371} INFO - Running <TaskInstance: dynamically_branching1.check_table_exist scheduled__2022-07-12T00:00:00+00:00 [running]> on host 9d5d2a77e6ba
[2022-08-24 19:23:30,728] {taskinstance.py:1591} INFO - Exporting the following env vars:
AIRFLOW_CTX_DAG_OWNER=***
AIRFLOW_CTX_DAG_ID=dynamically_branching1
AIRFLOW_CTX_TASK_ID=check_table_exist
AIRFLOW_CTX_EXECUTION_DATE=2022-07-12T00:00:00+00:00
AIRFLOW_CTX_TRY_NUMBER=1
AIRFLOW_CTX_DAG_RUN_ID=scheduled__2022-07-12T00:00:00+00:00
[2022-08-24 19:23:30,730] {python.py:173} INFO - Done. Returned value was: insert_row
[2022-08-24 19:23:30,734] {skipmixin.py:140} INFO - Following branch insert_row
[2022-08-24 19:23:30,739] {skipmixin.py:175} INFO - Skipping tasks ['create_table']
[2022-08-24 19:23:31,310] {taskinstance.py:1420} INFO - Marking task as SUCCESS. dag_id=dynamically_branching1, task_id=check_table_exist, execution_date=20220712T000000, start_date=20220824T192329, end_date=20220824T192331
[2022-08-24 19:23:31,478] {local_task_job.py:156} INFO - Task exited with return code 0
[2022-08-24 19:23:31,785] {local_task_job.py:273} INFO - 1 downstream tasks scheduled from follow-on schedule check
