[2022-08-24 18:43:20,562] {taskinstance.py:1179} INFO - Dependencies all met for <TaskInstance: dynamically_branching1.check_table_exist scheduled__2019-01-03T00:00:00+00:00 [queued]>
[2022-08-24 18:43:20,669] {taskinstance.py:1179} INFO - Dependencies all met for <TaskInstance: dynamically_branching1.check_table_exist scheduled__2019-01-03T00:00:00+00:00 [queued]>
[2022-08-24 18:43:20,670] {taskinstance.py:1376} INFO - 
--------------------------------------------------------------------------------
[2022-08-24 18:43:20,671] {taskinstance.py:1377} INFO - Starting attempt 1 of 1
[2022-08-24 18:43:20,672] {taskinstance.py:1378} INFO - 
--------------------------------------------------------------------------------
[2022-08-24 18:43:20,861] {taskinstance.py:1397} INFO - Executing <Task(BranchPythonOperator): check_table_exist> on 2019-01-03 00:00:00+00:00
[2022-08-24 18:43:20,953] {standard_task_runner.py:52} INFO - Started process 3979 to run task
[2022-08-24 18:43:21,021] {standard_task_runner.py:79} INFO - Running: ['***', 'tasks', 'run', 'dynamically_branching1', 'check_table_exist', 'scheduled__2019-01-03T00:00:00+00:00', '--job-id', '907', '--raw', '--subdir', 'DAGS_FOLDER/jobs_dag.py', '--cfg-path', '/tmp/tmpq2lcva26', '--error-file', '/tmp/tmp5y34hp0a']
[2022-08-24 18:43:21,027] {standard_task_runner.py:80} INFO - Job 907: Subtask check_table_exist
[2022-08-24 18:43:21,592] {task_command.py:371} INFO - Running <TaskInstance: dynamically_branching1.check_table_exist scheduled__2019-01-03T00:00:00+00:00 [running]> on host 9d5d2a77e6ba
[2022-08-24 18:43:22,449] {taskinstance.py:1591} INFO - Exporting the following env vars:
AIRFLOW_CTX_DAG_OWNER=***
AIRFLOW_CTX_DAG_ID=dynamically_branching1
AIRFLOW_CTX_TASK_ID=check_table_exist
AIRFLOW_CTX_EXECUTION_DATE=2019-01-03T00:00:00+00:00
AIRFLOW_CTX_TRY_NUMBER=1
AIRFLOW_CTX_DAG_RUN_ID=scheduled__2019-01-03T00:00:00+00:00
[2022-08-24 18:43:22,460] {python.py:173} INFO - Done. Returned value was: insert_row
[2022-08-24 18:43:22,466] {skipmixin.py:140} INFO - Following branch insert_row
[2022-08-24 18:43:22,473] {skipmixin.py:175} INFO - Skipping tasks ['create_table']
[2022-08-24 18:43:23,325] {taskinstance.py:1420} INFO - Marking task as SUCCESS. dag_id=dynamically_branching1, task_id=check_table_exist, execution_date=20190103T000000, start_date=20220824T184320, end_date=20220824T184323
[2022-08-24 18:43:23,652] {local_task_job.py:156} INFO - Task exited with return code 0
[2022-08-24 18:43:24,014] {local_task_job.py:273} INFO - 0 downstream tasks scheduled from follow-on schedule check
