[2022-08-24 19:08:46,543] {taskinstance.py:1179} INFO - Dependencies all met for <TaskInstance: dynamically_branching1.bash_task scheduled__2020-07-16T00:00:00+00:00 [queued]>
[2022-08-24 19:08:46,661] {taskinstance.py:1179} INFO - Dependencies all met for <TaskInstance: dynamically_branching1.bash_task scheduled__2020-07-16T00:00:00+00:00 [queued]>
[2022-08-24 19:08:46,664] {taskinstance.py:1376} INFO - 
--------------------------------------------------------------------------------
[2022-08-24 19:08:46,665] {taskinstance.py:1377} INFO - Starting attempt 1 of 1
[2022-08-24 19:08:46,666] {taskinstance.py:1378} INFO - 
--------------------------------------------------------------------------------
[2022-08-24 19:08:46,807] {taskinstance.py:1397} INFO - Executing <Task(BashOperator): bash_task> on 2020-07-16 00:00:00+00:00
[2022-08-24 19:08:46,845] {standard_task_runner.py:52} INFO - Started process 6800 to run task
[2022-08-24 19:08:46,872] {standard_task_runner.py:79} INFO - Running: ['***', 'tasks', 'run', 'dynamically_branching1', 'bash_task', 'scheduled__2020-07-16T00:00:00+00:00', '--job-id', '1712', '--raw', '--subdir', 'DAGS_FOLDER/jobs_dag.py', '--cfg-path', '/tmp/tmp2s9m5l9i', '--error-file', '/tmp/tmpiqotdh5n']
[2022-08-24 19:08:46,881] {standard_task_runner.py:80} INFO - Job 1712: Subtask bash_task
[2022-08-24 19:08:47,229] {task_command.py:371} INFO - Running <TaskInstance: dynamically_branching1.bash_task scheduled__2020-07-16T00:00:00+00:00 [running]> on host 9d5d2a77e6ba
[2022-08-24 19:08:47,775] {taskinstance.py:1591} INFO - Exporting the following env vars:
AIRFLOW_CTX_DAG_OWNER=***
AIRFLOW_CTX_DAG_ID=dynamically_branching1
AIRFLOW_CTX_TASK_ID=bash_task
AIRFLOW_CTX_EXECUTION_DATE=2020-07-16T00:00:00+00:00
AIRFLOW_CTX_TRY_NUMBER=1
AIRFLOW_CTX_DAG_RUN_ID=scheduled__2020-07-16T00:00:00+00:00
[2022-08-24 19:08:47,787] {subprocess.py:62} INFO - Tmp dir root location: 
 /tmp
[2022-08-24 19:08:47,816] {subprocess.py:74} INFO - Running command: ['bash', '-c', 'whoami']
[2022-08-24 19:08:48,025] {subprocess.py:85} INFO - Output:
[2022-08-24 19:08:48,076] {subprocess.py:92} INFO - default
[2022-08-24 19:08:48,087] {subprocess.py:96} INFO - Command exited with return code 0
[2022-08-24 19:08:48,623] {taskinstance.py:1420} INFO - Marking task as SUCCESS. dag_id=dynamically_branching1, task_id=bash_task, execution_date=20200716T000000, start_date=20220824T190846, end_date=20220824T190848
[2022-08-24 19:08:48,894] {local_task_job.py:156} INFO - Task exited with return code 0
[2022-08-24 19:08:49,184] {local_task_job.py:273} INFO - 1 downstream tasks scheduled from follow-on schedule check
