[2022-08-24 19:13:36,432] {taskinstance.py:1179} INFO - Dependencies all met for <TaskInstance: dynamically_branching1.check_table_exist scheduled__2021-02-17T00:00:00+00:00 [queued]>
[2022-08-24 19:13:36,464] {taskinstance.py:1179} INFO - Dependencies all met for <TaskInstance: dynamically_branching1.check_table_exist scheduled__2021-02-17T00:00:00+00:00 [queued]>
[2022-08-24 19:13:36,465] {taskinstance.py:1376} INFO - 
--------------------------------------------------------------------------------
[2022-08-24 19:13:36,465] {taskinstance.py:1377} INFO - Starting attempt 1 of 1
[2022-08-24 19:13:36,466] {taskinstance.py:1378} INFO - 
--------------------------------------------------------------------------------
[2022-08-24 19:13:36,506] {taskinstance.py:1397} INFO - Executing <Task(BranchPythonOperator): check_table_exist> on 2021-02-17 00:00:00+00:00
[2022-08-24 19:13:36,521] {standard_task_runner.py:52} INFO - Started process 8282 to run task
[2022-08-24 19:13:36,538] {standard_task_runner.py:79} INFO - Running: ['***', 'tasks', 'run', 'dynamically_branching1', 'check_table_exist', 'scheduled__2021-02-17T00:00:00+00:00', '--job-id', '2157', '--raw', '--subdir', 'DAGS_FOLDER/jobs_dag.py', '--cfg-path', '/tmp/tmpw4y4maqn', '--error-file', '/tmp/tmpmk4nusly']
[2022-08-24 19:13:36,546] {standard_task_runner.py:80} INFO - Job 2157: Subtask check_table_exist
[2022-08-24 19:13:36,872] {task_command.py:371} INFO - Running <TaskInstance: dynamically_branching1.check_table_exist scheduled__2021-02-17T00:00:00+00:00 [running]> on host 9d5d2a77e6ba
[2022-08-24 19:13:37,276] {taskinstance.py:1591} INFO - Exporting the following env vars:
AIRFLOW_CTX_DAG_OWNER=***
AIRFLOW_CTX_DAG_ID=dynamically_branching1
AIRFLOW_CTX_TASK_ID=check_table_exist
AIRFLOW_CTX_EXECUTION_DATE=2021-02-17T00:00:00+00:00
AIRFLOW_CTX_TRY_NUMBER=1
AIRFLOW_CTX_DAG_RUN_ID=scheduled__2021-02-17T00:00:00+00:00
[2022-08-24 19:13:37,282] {python.py:173} INFO - Done. Returned value was: insert_row
[2022-08-24 19:13:37,286] {skipmixin.py:140} INFO - Following branch insert_row
[2022-08-24 19:13:37,289] {skipmixin.py:175} INFO - Skipping tasks ['create_table']
[2022-08-24 19:13:37,767] {taskinstance.py:1420} INFO - Marking task as SUCCESS. dag_id=dynamically_branching1, task_id=check_table_exist, execution_date=20210217T000000, start_date=20220824T191336, end_date=20220824T191337
[2022-08-24 19:13:37,858] {local_task_job.py:156} INFO - Task exited with return code 0
[2022-08-24 19:13:38,273] {local_task_job.py:273} INFO - 1 downstream tasks scheduled from follow-on schedule check
