[2022-08-24 18:42:11,147] {taskinstance.py:1179} INFO - Dependencies all met for <TaskInstance: dynamically_branching1.check_table_exist scheduled__2018-11-22T00:00:00+00:00 [queued]>
[2022-08-24 18:42:11,227] {taskinstance.py:1179} INFO - Dependencies all met for <TaskInstance: dynamically_branching1.check_table_exist scheduled__2018-11-22T00:00:00+00:00 [queued]>
[2022-08-24 18:42:11,230] {taskinstance.py:1376} INFO - 
--------------------------------------------------------------------------------
[2022-08-24 18:42:11,234] {taskinstance.py:1377} INFO - Starting attempt 1 of 1
[2022-08-24 18:42:11,236] {taskinstance.py:1378} INFO - 
--------------------------------------------------------------------------------
[2022-08-24 18:42:11,543] {taskinstance.py:1397} INFO - Executing <Task(BranchPythonOperator): check_table_exist> on 2018-11-22 00:00:00+00:00
[2022-08-24 18:42:11,596] {standard_task_runner.py:52} INFO - Started process 3718 to run task
[2022-08-24 18:42:11,669] {standard_task_runner.py:79} INFO - Running: ['***', 'tasks', 'run', 'dynamically_branching1', 'check_table_exist', 'scheduled__2018-11-22T00:00:00+00:00', '--job-id', '800', '--raw', '--subdir', 'DAGS_FOLDER/jobs_dag.py', '--cfg-path', '/tmp/tmptnr76yvw', '--error-file', '/tmp/tmpqhl_nf2p']
[2022-08-24 18:42:11,682] {standard_task_runner.py:80} INFO - Job 800: Subtask check_table_exist
[2022-08-24 18:42:12,132] {task_command.py:371} INFO - Running <TaskInstance: dynamically_branching1.check_table_exist scheduled__2018-11-22T00:00:00+00:00 [running]> on host 9d5d2a77e6ba
[2022-08-24 18:42:12,591] {taskinstance.py:1591} INFO - Exporting the following env vars:
AIRFLOW_CTX_DAG_OWNER=***
AIRFLOW_CTX_DAG_ID=dynamically_branching1
AIRFLOW_CTX_TASK_ID=check_table_exist
AIRFLOW_CTX_EXECUTION_DATE=2018-11-22T00:00:00+00:00
AIRFLOW_CTX_TRY_NUMBER=1
AIRFLOW_CTX_DAG_RUN_ID=scheduled__2018-11-22T00:00:00+00:00
[2022-08-24 18:42:12,595] {python.py:173} INFO - Done. Returned value was: insert_row
[2022-08-24 18:42:12,597] {skipmixin.py:140} INFO - Following branch insert_row
[2022-08-24 18:42:12,598] {skipmixin.py:175} INFO - Skipping tasks ['create_table']
[2022-08-24 18:42:12,745] {taskinstance.py:1420} INFO - Marking task as SUCCESS. dag_id=dynamically_branching1, task_id=check_table_exist, execution_date=20181122T000000, start_date=20220824T184211, end_date=20220824T184212
[2022-08-24 18:42:12,817] {local_task_job.py:156} INFO - Task exited with return code 0
[2022-08-24 18:42:13,005] {local_task_job.py:273} INFO - 0 downstream tasks scheduled from follow-on schedule check
