[2022-08-24 19:15:54,999] {taskinstance.py:1179} INFO - Dependencies all met for <TaskInstance: dynamically_branching1.bash_task scheduled__2021-06-24T00:00:00+00:00 [queued]>
[2022-08-24 19:15:55,015] {taskinstance.py:1179} INFO - Dependencies all met for <TaskInstance: dynamically_branching1.bash_task scheduled__2021-06-24T00:00:00+00:00 [queued]>
[2022-08-24 19:15:55,016] {taskinstance.py:1376} INFO - 
--------------------------------------------------------------------------------
[2022-08-24 19:15:55,016] {taskinstance.py:1377} INFO - Starting attempt 1 of 1
[2022-08-24 19:15:55,017] {taskinstance.py:1378} INFO - 
--------------------------------------------------------------------------------
[2022-08-24 19:15:55,036] {taskinstance.py:1397} INFO - Executing <Task(BashOperator): bash_task> on 2021-06-24 00:00:00+00:00
[2022-08-24 19:15:55,045] {standard_task_runner.py:52} INFO - Started process 9077 to run task
[2022-08-24 19:15:55,051] {standard_task_runner.py:79} INFO - Running: ['***', 'tasks', 'run', 'dynamically_branching1', 'bash_task', 'scheduled__2021-06-24T00:00:00+00:00', '--job-id', '2405', '--raw', '--subdir', 'DAGS_FOLDER/jobs_dag.py', '--cfg-path', '/tmp/tmpm5h2zeo6', '--error-file', '/tmp/tmpr93com20']
[2022-08-24 19:15:55,052] {standard_task_runner.py:80} INFO - Job 2405: Subtask bash_task
[2022-08-24 19:15:55,154] {task_command.py:371} INFO - Running <TaskInstance: dynamically_branching1.bash_task scheduled__2021-06-24T00:00:00+00:00 [running]> on host 9d5d2a77e6ba
[2022-08-24 19:15:55,262] {taskinstance.py:1591} INFO - Exporting the following env vars:
AIRFLOW_CTX_DAG_OWNER=***
AIRFLOW_CTX_DAG_ID=dynamically_branching1
AIRFLOW_CTX_TASK_ID=bash_task
AIRFLOW_CTX_EXECUTION_DATE=2021-06-24T00:00:00+00:00
AIRFLOW_CTX_TRY_NUMBER=1
AIRFLOW_CTX_DAG_RUN_ID=scheduled__2021-06-24T00:00:00+00:00
[2022-08-24 19:15:55,264] {subprocess.py:62} INFO - Tmp dir root location: 
 /tmp
[2022-08-24 19:15:55,266] {subprocess.py:74} INFO - Running command: ['bash', '-c', 'echo $(whoami)']
[2022-08-24 19:15:55,283] {subprocess.py:85} INFO - Output:
[2022-08-24 19:15:55,295] {subprocess.py:92} INFO - default
[2022-08-24 19:15:55,296] {subprocess.py:96} INFO - Command exited with return code 0
[2022-08-24 19:15:55,347] {taskinstance.py:1420} INFO - Marking task as SUCCESS. dag_id=dynamically_branching1, task_id=bash_task, execution_date=20210624T000000, start_date=20220824T191555, end_date=20220824T191555
[2022-08-24 19:15:55,386] {local_task_job.py:156} INFO - Task exited with return code 0
[2022-08-24 19:15:55,447] {local_task_job.py:273} INFO - 1 downstream tasks scheduled from follow-on schedule check
