[2022-09-01 17:57:19,546] {taskinstance.py:1179} INFO - Dependencies all met for <TaskInstance: trigger_sensor.trigger_task manual__2022-09-01T17:56:57.353439+00:00 [queued]>
[2022-09-01 17:57:19,562] {taskinstance.py:1179} INFO - Dependencies all met for <TaskInstance: trigger_sensor.trigger_task manual__2022-09-01T17:56:57.353439+00:00 [queued]>
[2022-09-01 17:57:19,563] {taskinstance.py:1376} INFO - 
--------------------------------------------------------------------------------
[2022-09-01 17:57:19,564] {taskinstance.py:1377} INFO - Starting attempt 1 of 1
[2022-09-01 17:57:19,565] {taskinstance.py:1378} INFO - 
--------------------------------------------------------------------------------
[2022-09-01 17:57:19,586] {taskinstance.py:1397} INFO - Executing <Task(TriggerDagRunOperator): trigger_task> on 2022-09-01 17:56:57.353439+00:00
[2022-09-01 17:57:19,595] {standard_task_runner.py:52} INFO - Started process 88310 to run task
[2022-09-01 17:57:19,600] {standard_task_runner.py:79} INFO - Running: ['***', 'tasks', 'run', 'trigger_sensor', 'trigger_task', 'manual__2022-09-01T17:56:57.353439+00:00', '--job-id', '3458', '--raw', '--subdir', 'DAGS_FOLDER/trigger_dag.py', '--cfg-path', '/tmp/tmp3ztd_q6r', '--error-file', '/tmp/tmpk3ue1eha']
[2022-09-01 17:57:19,601] {standard_task_runner.py:80} INFO - Job 3458: Subtask trigger_task
[2022-09-01 17:57:19,689] {task_command.py:371} INFO - Running <TaskInstance: trigger_sensor.trigger_task manual__2022-09-01T17:56:57.353439+00:00 [running]> on host 9d5d2a77e6ba
[2022-09-01 17:57:19,783] {taskinstance.py:1591} INFO - Exporting the following env vars:
AIRFLOW_CTX_DAG_OWNER=***
AIRFLOW_CTX_DAG_ID=trigger_sensor
AIRFLOW_CTX_TASK_ID=trigger_task
AIRFLOW_CTX_EXECUTION_DATE=2022-09-01T17:56:57.353439+00:00
AIRFLOW_CTX_TRY_NUMBER=1
AIRFLOW_CTX_DAG_RUN_ID=manual__2022-09-01T17:56:57.353439+00:00
[2022-09-01 17:57:19,944] {taskinstance.py:1420} INFO - Marking task as SUCCESS. dag_id=trigger_sensor, task_id=trigger_task, execution_date=20220901T175657, start_date=20220901T175719, end_date=20220901T175719
[2022-09-01 17:57:19,974] {local_task_job.py:156} INFO - Task exited with return code 0
[2022-09-01 17:57:20,029] {local_task_job.py:273} INFO - 1 downstream tasks scheduled from follow-on schedule check
