[2022-08-24 18:42:33,656] {taskinstance.py:1179} INFO - Dependencies all met for <TaskInstance: dynamically_branching1.check_table_exist scheduled__2018-12-12T00:00:00+00:00 [queued]>
[2022-08-24 18:42:33,696] {taskinstance.py:1179} INFO - Dependencies all met for <TaskInstance: dynamically_branching1.check_table_exist scheduled__2018-12-12T00:00:00+00:00 [queued]>
[2022-08-24 18:42:33,697] {taskinstance.py:1376} INFO - 
--------------------------------------------------------------------------------
[2022-08-24 18:42:33,698] {taskinstance.py:1377} INFO - Starting attempt 1 of 1
[2022-08-24 18:42:33,699] {taskinstance.py:1378} INFO - 
--------------------------------------------------------------------------------
[2022-08-24 18:42:33,776] {taskinstance.py:1397} INFO - Executing <Task(BranchPythonOperator): check_table_exist> on 2018-12-12 00:00:00+00:00
[2022-08-24 18:42:33,805] {standard_task_runner.py:52} INFO - Started process 3817 to run task
[2022-08-24 18:42:33,874] {standard_task_runner.py:79} INFO - Running: ['***', 'tasks', 'run', 'dynamically_branching1', 'check_table_exist', 'scheduled__2018-12-12T00:00:00+00:00', '--job-id', '843', '--raw', '--subdir', 'DAGS_FOLDER/jobs_dag.py', '--cfg-path', '/tmp/tmp91zkmit0', '--error-file', '/tmp/tmpxxb7p7nx']
[2022-08-24 18:42:33,904] {standard_task_runner.py:80} INFO - Job 843: Subtask check_table_exist
[2022-08-24 18:42:35,133] {task_command.py:371} INFO - Running <TaskInstance: dynamically_branching1.check_table_exist scheduled__2018-12-12T00:00:00+00:00 [running]> on host 9d5d2a77e6ba
[2022-08-24 18:42:35,658] {taskinstance.py:1591} INFO - Exporting the following env vars:
AIRFLOW_CTX_DAG_OWNER=***
AIRFLOW_CTX_DAG_ID=dynamically_branching1
AIRFLOW_CTX_TASK_ID=check_table_exist
AIRFLOW_CTX_EXECUTION_DATE=2018-12-12T00:00:00+00:00
AIRFLOW_CTX_TRY_NUMBER=1
AIRFLOW_CTX_DAG_RUN_ID=scheduled__2018-12-12T00:00:00+00:00
[2022-08-24 18:42:35,666] {python.py:173} INFO - Done. Returned value was: create_table
[2022-08-24 18:42:35,669] {skipmixin.py:140} INFO - Following branch create_table
[2022-08-24 18:42:35,670] {skipmixin.py:175} INFO - Skipping tasks []
[2022-08-24 18:42:35,910] {taskinstance.py:1420} INFO - Marking task as SUCCESS. dag_id=dynamically_branching1, task_id=check_table_exist, execution_date=20181212T000000, start_date=20220824T184233, end_date=20220824T184235
[2022-08-24 18:42:36,045] {local_task_job.py:156} INFO - Task exited with return code 0
[2022-08-24 18:42:36,387] {local_task_job.py:273} INFO - 1 downstream tasks scheduled from follow-on schedule check
