[2022-08-19 20:51:10,425] {taskinstance.py:1179} INFO - Dependencies all met for <TaskInstance: loop_hello_world_1.hello_world scheduled__2021-07-12T00:00:00+00:00 [queued]>
[2022-08-19 20:51:10,476] {taskinstance.py:1179} INFO - Dependencies all met for <TaskInstance: loop_hello_world_1.hello_world scheduled__2021-07-12T00:00:00+00:00 [queued]>
[2022-08-19 20:51:10,477] {taskinstance.py:1376} INFO - 
--------------------------------------------------------------------------------
[2022-08-19 20:51:10,478] {taskinstance.py:1377} INFO - Starting attempt 1 of 1
[2022-08-19 20:51:10,479] {taskinstance.py:1378} INFO - 
--------------------------------------------------------------------------------
[2022-08-19 20:51:10,532] {taskinstance.py:1397} INFO - Executing <Task(PythonOperator): hello_world> on 2021-07-12 00:00:00+00:00
[2022-08-19 20:51:10,541] {standard_task_runner.py:52} INFO - Started process 16212 to run task
[2022-08-19 20:51:10,560] {standard_task_runner.py:79} INFO - Running: ['***', 'tasks', 'run', 'loop_hello_world_1', 'hello_world', 'scheduled__2021-07-12T00:00:00+00:00', '--job-id', '277', '--raw', '--subdir', 'DAGS_FOLDER/practiceDag1.py', '--cfg-path', '/tmp/tmpt5epu_pw', '--error-file', '/tmp/tmps28c4mfc']
[2022-08-19 20:51:10,565] {standard_task_runner.py:80} INFO - Job 277: Subtask hello_world
[2022-08-19 20:51:10,836] {task_command.py:371} INFO - Running <TaskInstance: loop_hello_world_1.hello_world scheduled__2021-07-12T00:00:00+00:00 [running]> on host 9d5d2a77e6ba
[2022-08-19 20:51:11,000] {taskinstance.py:1591} INFO - Exporting the following env vars:
AIRFLOW_CTX_DAG_OWNER=***
AIRFLOW_CTX_DAG_ID=loop_hello_world_1
AIRFLOW_CTX_TASK_ID=hello_world
AIRFLOW_CTX_EXECUTION_DATE=2021-07-12T00:00:00+00:00
AIRFLOW_CTX_TRY_NUMBER=1
AIRFLOW_CTX_DAG_RUN_ID=scheduled__2021-07-12T00:00:00+00:00
[2022-08-19 20:51:11,003] {logging_mixin.py:115} INFO - Hello World
[2022-08-19 20:51:11,004] {logging_mixin.py:115} INFO - This is DAG: 1
[2022-08-19 20:51:11,004] {python.py:173} INFO - Done. Returned value was: None
[2022-08-19 20:51:11,026] {taskinstance.py:1420} INFO - Marking task as SUCCESS. dag_id=loop_hello_world_1, task_id=hello_world, execution_date=20210712T000000, start_date=20220819T205110, end_date=20220819T205111
[2022-08-19 20:51:11,101] {local_task_job.py:156} INFO - Task exited with return code 0
[2022-08-19 20:51:11,234] {local_task_job.py:273} INFO - 0 downstream tasks scheduled from follow-on schedule check
