[2022-09-01 21:49:47,195] {taskinstance.py:1179} INFO - Dependencies all met for <TaskInstance: dynamically_branching1.query_table manual__2022-09-01T21:49:43.034635+00:00 [queued]>
[2022-09-01 21:49:47,222] {taskinstance.py:1179} INFO - Dependencies all met for <TaskInstance: dynamically_branching1.query_table manual__2022-09-01T21:49:43.034635+00:00 [queued]>
[2022-09-01 21:49:47,223] {taskinstance.py:1376} INFO - 
--------------------------------------------------------------------------------
[2022-09-01 21:49:47,224] {taskinstance.py:1377} INFO - Starting attempt 1 of 1
[2022-09-01 21:49:47,226] {taskinstance.py:1378} INFO - 
--------------------------------------------------------------------------------
[2022-09-01 21:49:47,264] {taskinstance.py:1397} INFO - Executing <Task(PythonOperator): query_table> on 2022-09-01 21:49:43.034635+00:00
[2022-09-01 21:49:47,272] {standard_task_runner.py:52} INFO - Started process 93438 to run task
[2022-09-01 21:49:47,286] {standard_task_runner.py:79} INFO - Running: ['***', 'tasks', 'run', 'dynamically_branching1', 'query_table', 'manual__2022-09-01T21:49:43.034635+00:00', '--job-id', '3663', '--raw', '--subdir', 'DAGS_FOLDER/jobs_dag.py', '--cfg-path', '/tmp/tmpeuu29k5i', '--error-file', '/tmp/tmpdz4nax4d']
[2022-09-01 21:49:47,287] {standard_task_runner.py:80} INFO - Job 3663: Subtask query_table
[2022-09-01 21:49:47,413] {task_command.py:371} INFO - Running <TaskInstance: dynamically_branching1.query_table manual__2022-09-01T21:49:43.034635+00:00 [running]> on host 9d5d2a77e6ba
[2022-09-01 21:49:47,597] {taskinstance.py:1591} INFO - Exporting the following env vars:
AIRFLOW_CTX_DAG_OWNER=***
AIRFLOW_CTX_DAG_ID=dynamically_branching1
AIRFLOW_CTX_TASK_ID=query_table
AIRFLOW_CTX_EXECUTION_DATE=2022-09-01T21:49:43.034635+00:00
AIRFLOW_CTX_TRY_NUMBER=1
AIRFLOW_CTX_DAG_RUN_ID=manual__2022-09-01T21:49:43.034635+00:00
[2022-09-01 21:49:47,627] {python.py:173} INFO - Done. Returned value was: None
[2022-09-01 21:49:47,665] {taskinstance.py:1420} INFO - Marking task as SUCCESS. dag_id=dynamically_branching1, task_id=query_table, execution_date=20220901T214943, start_date=20220901T214947, end_date=20220901T214947
[2022-09-01 21:49:47,739] {local_task_job.py:156} INFO - Task exited with return code 0
[2022-09-01 21:49:47,822] {local_task_job.py:273} INFO - 0 downstream tasks scheduled from follow-on schedule check
