[2022-09-06 21:07:47,630] {taskinstance.py:1179} INFO - Dependencies all met for <TaskInstance: tables_name_1.check_table_exist manual__2022-09-06T21:07:44.610490+00:00 [queued]>
[2022-09-06 21:07:47,641] {taskinstance.py:1179} INFO - Dependencies all met for <TaskInstance: tables_name_1.check_table_exist manual__2022-09-06T21:07:44.610490+00:00 [queued]>
[2022-09-06 21:07:47,642] {taskinstance.py:1376} INFO - 
--------------------------------------------------------------------------------
[2022-09-06 21:07:47,643] {taskinstance.py:1377} INFO - Starting attempt 1 of 1
[2022-09-06 21:07:47,643] {taskinstance.py:1378} INFO - 
--------------------------------------------------------------------------------
[2022-09-06 21:07:47,660] {taskinstance.py:1397} INFO - Executing <Task(BranchPythonOperator): check_table_exist> on 2022-09-06 21:07:44.610490+00:00
[2022-09-06 21:07:47,667] {standard_task_runner.py:52} INFO - Started process 11413 to run task
[2022-09-06 21:07:47,671] {standard_task_runner.py:79} INFO - Running: ['***', 'tasks', 'run', 'tables_name_1', 'check_table_exist', 'manual__2022-09-06T21:07:44.610490+00:00', '--job-id', '3920', '--raw', '--subdir', 'DAGS_FOLDER/jobs_dag.py', '--cfg-path', '/tmp/tmpwz2man2t', '--error-file', '/tmp/tmp1rk53zi8']
[2022-09-06 21:07:47,672] {standard_task_runner.py:80} INFO - Job 3920: Subtask check_table_exist
[2022-09-06 21:07:47,760] {task_command.py:371} INFO - Running <TaskInstance: tables_name_1.check_table_exist manual__2022-09-06T21:07:44.610490+00:00 [running]> on host eba23da77ca5
[2022-09-06 21:07:47,856] {taskinstance.py:1591} INFO - Exporting the following env vars:
AIRFLOW_CTX_DAG_OWNER=***
AIRFLOW_CTX_DAG_ID=tables_name_1
AIRFLOW_CTX_TASK_ID=check_table_exist
AIRFLOW_CTX_EXECUTION_DATE=2022-09-06T21:07:44.610490+00:00
AIRFLOW_CTX_TRY_NUMBER=1
AIRFLOW_CTX_DAG_RUN_ID=manual__2022-09-06T21:07:44.610490+00:00
[2022-09-06 21:07:47,871] {base.py:68} INFO - Using connection ID 'postgres_default' for task execution.
[2022-09-06 21:07:47,884] {jobs_dag.py:41} INFO - THIS IS FIRST QUERY:
[2022-09-06 21:07:47,885] {jobs_dag.py:42} INFO - [('pg_catalog', 'pg_statistic', 'julitorresma', None, True, False, False, False), ('pg_catalog', 'pg_type', 'julitorresma', None, True, False, False, False), ('public', 'dag_runs', 'julitorresma', None, True, False, False, False), ('pg_catalog', 'pg_foreign_table', 'julitorresma', None, True, False, False, False), ('pg_catalog', 'pg_authid', 'julitorresma', 'pg_global', True, False, False, False), ('public', 'my_table', 'julitorresma', None, False, False, False, False), ('pg_catalog', 'pg_statistic_ext_data', 'julitorresma', None, True, False, False, False), ('pg_catalog', 'pg_user_mapping', 'julitorresma', None, True, False, False, False), ('pg_catalog', 'pg_subscription', 'julitorresma', 'pg_global', True, False, False, False), ('pg_catalog', 'pg_attribute', 'julitorresma', None, True, False, False, False), ('pg_catalog', 'pg_proc', 'julitorresma', None, True, False, False, False), ('pg_catalog', 'pg_class', 'julitorresma', None, True, False, False, False), ('pg_catalog', 'pg_attrdef', 'julitorresma', None, True, False, False, False), ('pg_catalog', 'pg_constraint', 'julitorresma', None, True, False, False, False), ('pg_catalog', 'pg_inherits', 'julitorresma', None, True, False, False, False), ('pg_catalog', 'pg_index', 'julitorresma', None, True, False, False, False), ('pg_catalog', 'pg_operator', 'julitorresma', None, True, False, False, False), ('pg_catalog', 'pg_opfamily', 'julitorresma', None, True, False, False, False), ('pg_catalog', 'pg_opclass', 'julitorresma', None, True, False, False, False), ('pg_catalog', 'pg_am', 'julitorresma', None, True, False, False, False), ('pg_catalog', 'pg_amop', 'julitorresma', None, True, False, False, False), ('pg_catalog', 'pg_amproc', 'julitorresma', None, True, False, False, False), ('pg_catalog', 'pg_language', 'julitorresma', None, True, False, False, False), ('pg_catalog', 'pg_largeobject_metadata', 'julitorresma', None, True, False, False, False), ('pg_catalog', 'pg_aggregate', 'julitorresma', None, True, False, False, False), ('pg_catalog', 'pg_statistic_ext', 'julitorresma', None, True, False, False, False), ('pg_catalog', 'pg_rewrite', 'julitorresma', None, True, False, False, False), ('pg_catalog', 'pg_trigger', 'julitorresma', None, True, False, False, False), ('pg_catalog', 'pg_event_trigger', 'julitorresma', None, True, False, False, False), ('pg_catalog', 'pg_description', 'julitorresma', None, True, False, False, False), ('pg_catalog', 'pg_cast', 'julitorresma', None, True, False, False, False), ('pg_catalog', 'pg_enum', 'julitorresma', None, True, False, False, False), ('pg_catalog', 'pg_namespace', 'julitorresma', None, True, False, False, False), ('pg_catalog', 'pg_conversion', 'julitorresma', None, True, False, False, False), ('pg_catalog', 'pg_depend', 'julitorresma', None, True, False, False, False), ('pg_catalog', 'pg_database', 'julitorresma', 'pg_global', True, False, False, False), ('pg_catalog', 'pg_db_role_setting', 'julitorresma', 'pg_global', True, False, False, False), ('pg_catalog', 'pg_tablespace', 'julitorresma', 'pg_global', True, False, False, False), ('pg_catalog', 'pg_auth_members', 'julitorresma', 'pg_global', True, False, False, False), ('pg_catalog', 'pg_shdepend', 'julitorresma', 'pg_global', True, False, False, False), ('pg_catalog', 'pg_shdescription', 'julitorresma', 'pg_global', True, False, False, False), ('pg_catalog', 'pg_ts_config', 'julitorresma', None, True, False, False, False), ('pg_catalog', 'pg_ts_config_map', 'julitorresma', None, True, False, False, False), ('pg_catalog', 'pg_ts_dict', 'julitorresma', None, True, False, False, False), ('pg_catalog', 'pg_ts_parser', 'julitorresma', None, True, False, False, False), ('pg_catalog', 'pg_ts_template', 'julitorresma', None, True, False, False, False), ('pg_catalog', 'pg_extension', 'julitorresma', None, True, False, False, False), ('pg_catalog', 'pg_foreign_data_wrapper', 'julitorresma', None, True, False, False, False), ('pg_catalog', 'pg_foreign_server', 'julitorresma', None, True, False, False, False), ('pg_catalog', 'pg_policy', 'julitorresma', None, True, False, False, False), ('pg_catalog', 'pg_replication_origin', 'julitorresma', 'pg_global', True, False, False, False), ('pg_catalog', 'pg_default_acl', 'julitorresma', None, True, False, False, False), ('pg_catalog', 'pg_init_privs', 'julitorresma', None, True, False, False, False), ('pg_catalog', 'pg_seclabel', 'julitorresma', None, True, False, False, False), ('pg_catalog', 'pg_shseclabel', 'julitorresma', 'pg_global', True, False, False, False), ('pg_catalog', 'pg_collation', 'julitorresma', None, True, False, False, False), ('pg_catalog', 'pg_partitioned_table', 'julitorresma', None, True, False, False, False), ('pg_catalog', 'pg_range', 'julitorresma', None, True, False, False, False), ('pg_catalog', 'pg_transform', 'julitorresma', None, True, False, False, False), ('pg_catalog', 'pg_sequence', 'julitorresma', None, True, False, False, False), ('pg_catalog', 'pg_publication', 'julitorresma', None, True, False, False, False), ('pg_catalog', 'pg_publication_rel', 'julitorresma', None, True, False, False, False), ('pg_catalog', 'pg_subscription_rel', 'julitorresma', None, True, False, False, False), ('pg_catalog', 'pg_largeobject', 'julitorresma', None, True, False, False, False), ('information_schema', 'sql_parts', 'julitorresma', None, False, False, False, False), ('information_schema', 'sql_implementation_info', 'julitorresma', None, False, False, False, False), ('information_schema', 'sql_features', 'julitorresma', None, False, False, False, False), ('information_schema', 'sql_sizing', 'julitorresma', None, False, False, False, False)]
[2022-09-06 21:07:47,887] {jobs_dag.py:46} INFO - THIS IS THE SCHEMA:
[2022-09-06 21:07:47,887] {jobs_dag.py:47} INFO - public
[2022-09-06 21:07:47,895] {base.py:68} INFO - Using connection ID 'postgres_default' for task execution.
[2022-09-06 21:07:47,907] {jobs_dag.py:52} INFO - THIS IS SECOND QUERY:
[2022-09-06 21:07:47,908] {jobs_dag.py:53} INFO - ('test', 'public', 'dag_runs', 'BASE TABLE', None, None, None, None, None, 'YES', 'NO', None)
[2022-09-06 21:07:47,909] {python.py:173} INFO - Done. Returned value was: insert_row
[2022-09-06 21:07:47,910] {skipmixin.py:140} INFO - Following branch insert_row
[2022-09-06 21:07:47,911] {skipmixin.py:175} INFO - Skipping tasks ['create_table']
[2022-09-06 21:07:47,982] {taskinstance.py:1420} INFO - Marking task as SUCCESS. dag_id=tables_name_1, task_id=check_table_exist, execution_date=20220906T210744, start_date=20220906T210747, end_date=20220906T210747
[2022-09-06 21:07:48,047] {local_task_job.py:156} INFO - Task exited with return code 0
[2022-09-06 21:07:48,115] {local_task_job.py:273} INFO - 1 downstream tasks scheduled from follow-on schedule check
