[2022-08-30 18:21:01,101] {taskinstance.py:1179} INFO - Dependencies all met for <TaskInstance: dynamically_branching1.bash_task manual__2022-08-26T19:37:14.014741+00:00 [queued]>
[2022-08-30 18:21:01,393] {taskinstance.py:1179} INFO - Dependencies all met for <TaskInstance: dynamically_branching1.bash_task manual__2022-08-26T19:37:14.014741+00:00 [queued]>
[2022-08-30 18:21:01,400] {taskinstance.py:1376} INFO - 
--------------------------------------------------------------------------------
[2022-08-30 18:21:01,401] {taskinstance.py:1377} INFO - Starting attempt 1 of 1
[2022-08-30 18:21:01,403] {taskinstance.py:1378} INFO - 
--------------------------------------------------------------------------------
[2022-08-30 18:21:01,593] {taskinstance.py:1397} INFO - Executing <Task(BashOperator): bash_task> on 2022-08-26 19:37:14.014741+00:00
[2022-08-30 18:21:01,656] {standard_task_runner.py:52} INFO - Started process 75711 to run task
[2022-08-30 18:21:01,688] {standard_task_runner.py:79} INFO - Running: ['***', 'tasks', 'run', 'dynamically_branching1', 'bash_task', 'manual__2022-08-26T19:37:14.014741+00:00', '--job-id', '3336', '--raw', '--subdir', 'DAGS_FOLDER/jobs_dag.py', '--cfg-path', '/tmp/tmpzen_lc5i', '--error-file', '/tmp/tmpplkte9oa']
[2022-08-30 18:21:01,705] {standard_task_runner.py:80} INFO - Job 3336: Subtask bash_task
[2022-08-30 18:21:02,115] {task_command.py:371} INFO - Running <TaskInstance: dynamically_branching1.bash_task manual__2022-08-26T19:37:14.014741+00:00 [running]> on host 9d5d2a77e6ba
[2022-08-30 18:21:03,039] {taskinstance.py:1591} INFO - Exporting the following env vars:
AIRFLOW_CTX_DAG_OWNER=***
AIRFLOW_CTX_DAG_ID=dynamically_branching1
AIRFLOW_CTX_TASK_ID=bash_task
AIRFLOW_CTX_EXECUTION_DATE=2022-08-26T19:37:14.014741+00:00
AIRFLOW_CTX_TRY_NUMBER=1
AIRFLOW_CTX_DAG_RUN_ID=manual__2022-08-26T19:37:14.014741+00:00
[2022-08-30 18:21:03,096] {subprocess.py:62} INFO - Tmp dir root location: 
 /tmp
[2022-08-30 18:21:03,120] {subprocess.py:74} INFO - Running command: ['bash', '-c', 'echo $(whoami)']
[2022-08-30 18:21:03,317] {subprocess.py:85} INFO - Output:
[2022-08-30 18:21:03,415] {subprocess.py:92} INFO - default
[2022-08-30 18:21:03,424] {subprocess.py:96} INFO - Command exited with return code 0
[2022-08-30 18:21:03,987] {taskinstance.py:1420} INFO - Marking task as SUCCESS. dag_id=dynamically_branching1, task_id=bash_task, execution_date=20220826T193714, start_date=20220830T182101, end_date=20220830T182103
[2022-08-30 18:21:04,286] {local_task_job.py:156} INFO - Task exited with return code 0
[2022-08-30 18:21:04,781] {local_task_job.py:273} INFO - 0 downstream tasks scheduled from follow-on schedule check
