[2022-09-01 19:29:14,457] {taskinstance.py:1179} INFO - Dependencies all met for <TaskInstance: trigger_sensor.trigger_task manual__2022-09-01T19:29:12.186187+00:00 [queued]>
[2022-09-01 19:29:14,478] {taskinstance.py:1179} INFO - Dependencies all met for <TaskInstance: trigger_sensor.trigger_task manual__2022-09-01T19:29:12.186187+00:00 [queued]>
[2022-09-01 19:29:14,479] {taskinstance.py:1376} INFO - 
--------------------------------------------------------------------------------
[2022-09-01 19:29:14,480] {taskinstance.py:1377} INFO - Starting attempt 1 of 1
[2022-09-01 19:29:14,480] {taskinstance.py:1378} INFO - 
--------------------------------------------------------------------------------
[2022-09-01 19:29:14,511] {taskinstance.py:1397} INFO - Executing <Task(TriggerDagRunOperator): trigger_task> on 2022-09-01 19:29:12.186187+00:00
[2022-09-01 19:29:14,518] {standard_task_runner.py:52} INFO - Started process 90596 to run task
[2022-09-01 19:29:14,526] {standard_task_runner.py:79} INFO - Running: ['***', 'tasks', 'run', 'trigger_sensor', 'trigger_task', 'manual__2022-09-01T19:29:12.186187+00:00', '--job-id', '3530', '--raw', '--subdir', 'DAGS_FOLDER/trigger_dag.py', '--cfg-path', '/tmp/tmpqa4eu4wc', '--error-file', '/tmp/tmp525h9d0z']
[2022-09-01 19:29:14,528] {standard_task_runner.py:80} INFO - Job 3530: Subtask trigger_task
[2022-09-01 19:29:14,640] {task_command.py:371} INFO - Running <TaskInstance: trigger_sensor.trigger_task manual__2022-09-01T19:29:12.186187+00:00 [running]> on host 9d5d2a77e6ba
[2022-09-01 19:29:14,751] {taskinstance.py:1591} INFO - Exporting the following env vars:
AIRFLOW_CTX_DAG_OWNER=***
AIRFLOW_CTX_DAG_ID=trigger_sensor
AIRFLOW_CTX_TASK_ID=trigger_task
AIRFLOW_CTX_EXECUTION_DATE=2022-09-01T19:29:12.186187+00:00
AIRFLOW_CTX_TRY_NUMBER=1
AIRFLOW_CTX_DAG_RUN_ID=manual__2022-09-01T19:29:12.186187+00:00
[2022-09-01 19:29:14,890] {taskinstance.py:1420} INFO - Marking task as SUCCESS. dag_id=trigger_sensor, task_id=trigger_task, execution_date=20220901T192912, start_date=20220901T192914, end_date=20220901T192914
[2022-09-01 19:29:14,938] {local_task_job.py:156} INFO - Task exited with return code 0
[2022-09-01 19:29:14,999] {local_task_job.py:273} INFO - 1 downstream tasks scheduled from follow-on schedule check
