[2022-09-01 17:08:01,181] {taskinstance.py:1179} INFO - Dependencies all met for <TaskInstance: trigger_sensor.process_results.bash_create_file scheduled__2022-08-31T00:00:00+00:00 [queued]>
[2022-09-01 17:08:01,197] {taskinstance.py:1179} INFO - Dependencies all met for <TaskInstance: trigger_sensor.process_results.bash_create_file scheduled__2022-08-31T00:00:00+00:00 [queued]>
[2022-09-01 17:08:01,198] {taskinstance.py:1376} INFO - 
--------------------------------------------------------------------------------
[2022-09-01 17:08:01,199] {taskinstance.py:1377} INFO - Starting attempt 1 of 1
[2022-09-01 17:08:01,200] {taskinstance.py:1378} INFO - 
--------------------------------------------------------------------------------
[2022-09-01 17:08:01,229] {taskinstance.py:1397} INFO - Executing <Task(BashOperator): process_results.bash_create_file> on 2022-08-31 00:00:00+00:00
[2022-09-01 17:08:01,235] {standard_task_runner.py:52} INFO - Started process 87452 to run task
[2022-09-01 17:08:01,247] {standard_task_runner.py:79} INFO - Running: ['***', 'tasks', 'run', 'trigger_sensor', 'process_results.bash_create_file', 'scheduled__2022-08-31T00:00:00+00:00', '--job-id', '3456', '--raw', '--subdir', 'DAGS_FOLDER/trigger_dag.py', '--cfg-path', '/tmp/tmplav3oejf', '--error-file', '/tmp/tmpdu64al2d']
[2022-09-01 17:08:01,249] {standard_task_runner.py:80} INFO - Job 3456: Subtask process_results.bash_create_file
[2022-09-01 17:08:01,367] {task_command.py:371} INFO - Running <TaskInstance: trigger_sensor.process_results.bash_create_file scheduled__2022-08-31T00:00:00+00:00 [running]> on host 9d5d2a77e6ba
[2022-09-01 17:08:01,481] {taskinstance.py:1591} INFO - Exporting the following env vars:
AIRFLOW_CTX_DAG_OWNER=***
AIRFLOW_CTX_DAG_ID=trigger_sensor
AIRFLOW_CTX_TASK_ID=process_results.bash_create_file
AIRFLOW_CTX_EXECUTION_DATE=2022-08-31T00:00:00+00:00
AIRFLOW_CTX_TRY_NUMBER=1
AIRFLOW_CTX_DAG_RUN_ID=scheduled__2022-08-31T00:00:00+00:00
[2022-09-01 17:08:01,483] {subprocess.py:62} INFO - Tmp dir root location: 
 /tmp
[2022-09-01 17:08:01,487] {subprocess.py:74} INFO - Running command: ['bash', '-c', 'echo finished_#{ ts_nodash }']
[2022-09-01 17:08:01,502] {subprocess.py:85} INFO - Output:
[2022-09-01 17:08:01,505] {subprocess.py:92} INFO - finished_#{ ts_nodash }
[2022-09-01 17:08:01,506] {subprocess.py:96} INFO - Command exited with return code 0
[2022-09-01 17:08:01,547] {taskinstance.py:1420} INFO - Marking task as SUCCESS. dag_id=trigger_sensor, task_id=process_results.bash_create_file, execution_date=20220831T000000, start_date=20220901T170801, end_date=20220901T170801
[2022-09-01 17:08:01,615] {local_task_job.py:156} INFO - Task exited with return code 0
[2022-09-01 17:08:01,657] {local_task_job.py:273} INFO - 0 downstream tasks scheduled from follow-on schedule check
