[2022-09-01 16:26:04,190] {taskinstance.py:1179} INFO - Dependencies all met for <TaskInstance: dynamically_branching1.bash_task manual__2022-09-01T16:26:02.290328+00:00 [queued]>
[2022-09-01 16:26:04,203] {taskinstance.py:1179} INFO - Dependencies all met for <TaskInstance: dynamically_branching1.bash_task manual__2022-09-01T16:26:02.290328+00:00 [queued]>
[2022-09-01 16:26:04,204] {taskinstance.py:1376} INFO - 
--------------------------------------------------------------------------------
[2022-09-01 16:26:04,205] {taskinstance.py:1377} INFO - Starting attempt 1 of 1
[2022-09-01 16:26:04,205] {taskinstance.py:1378} INFO - 
--------------------------------------------------------------------------------
[2022-09-01 16:26:04,223] {taskinstance.py:1397} INFO - Executing <Task(BashOperator): bash_task> on 2022-09-01 16:26:02.290328+00:00
[2022-09-01 16:26:04,230] {standard_task_runner.py:52} INFO - Started process 85786 to run task
[2022-09-01 16:26:04,234] {standard_task_runner.py:79} INFO - Running: ['***', 'tasks', 'run', 'dynamically_branching1', 'bash_task', 'manual__2022-09-01T16:26:02.290328+00:00', '--job-id', '3450', '--raw', '--subdir', 'DAGS_FOLDER/jobs_dag.py', '--cfg-path', '/tmp/tmpz3sbjlox', '--error-file', '/tmp/tmpx8yjm42k']
[2022-09-01 16:26:04,235] {standard_task_runner.py:80} INFO - Job 3450: Subtask bash_task
[2022-09-01 16:26:04,323] {task_command.py:371} INFO - Running <TaskInstance: dynamically_branching1.bash_task manual__2022-09-01T16:26:02.290328+00:00 [running]> on host 9d5d2a77e6ba
[2022-09-01 16:26:04,425] {taskinstance.py:1591} INFO - Exporting the following env vars:
AIRFLOW_CTX_DAG_OWNER=***
AIRFLOW_CTX_DAG_ID=dynamically_branching1
AIRFLOW_CTX_TASK_ID=bash_task
AIRFLOW_CTX_EXECUTION_DATE=2022-09-01T16:26:02.290328+00:00
AIRFLOW_CTX_TRY_NUMBER=1
AIRFLOW_CTX_DAG_RUN_ID=manual__2022-09-01T16:26:02.290328+00:00
[2022-09-01 16:26:04,427] {subprocess.py:62} INFO - Tmp dir root location: 
 /tmp
[2022-09-01 16:26:04,428] {subprocess.py:74} INFO - Running command: ['bash', '-c', 'echo $(whoami)']
[2022-09-01 16:26:04,447] {subprocess.py:85} INFO - Output:
[2022-09-01 16:26:04,457] {subprocess.py:92} INFO - default
[2022-09-01 16:26:04,458] {subprocess.py:96} INFO - Command exited with return code 0
[2022-09-01 16:26:04,509] {taskinstance.py:1420} INFO - Marking task as SUCCESS. dag_id=dynamically_branching1, task_id=bash_task, execution_date=20220901T162602, start_date=20220901T162604, end_date=20220901T162604
[2022-09-01 16:26:04,568] {local_task_job.py:156} INFO - Task exited with return code 0
[2022-09-01 16:26:04,628] {local_task_job.py:273} INFO - 1 downstream tasks scheduled from follow-on schedule check
