[2022-08-24 18:44:42,299] {taskinstance.py:1179} INFO - Dependencies all met for <TaskInstance: dynamically_branching1.query_table scheduled__2019-02-14T00:00:00+00:00 [queued]>
[2022-08-24 18:44:42,427] {taskinstance.py:1179} INFO - Dependencies all met for <TaskInstance: dynamically_branching1.query_table scheduled__2019-02-14T00:00:00+00:00 [queued]>
[2022-08-24 18:44:42,432] {taskinstance.py:1376} INFO - 
--------------------------------------------------------------------------------
[2022-08-24 18:44:42,435] {taskinstance.py:1377} INFO - Starting attempt 1 of 1
[2022-08-24 18:44:42,438] {taskinstance.py:1378} INFO - 
--------------------------------------------------------------------------------
[2022-08-24 18:44:42,808] {taskinstance.py:1397} INFO - Executing <Task(PythonOperator): query_table> on 2019-02-14 00:00:00+00:00
[2022-08-24 18:44:42,958] {standard_task_runner.py:52} INFO - Started process 4264 to run task
[2022-08-24 18:44:43,091] {standard_task_runner.py:79} INFO - Running: ['***', 'tasks', 'run', 'dynamically_branching1', 'query_table', 'scheduled__2019-02-14T00:00:00+00:00', '--job-id', '1033', '--raw', '--subdir', 'DAGS_FOLDER/jobs_dag.py', '--cfg-path', '/tmp/tmpn5vb55om', '--error-file', '/tmp/tmp3yy057om']
[2022-08-24 18:44:43,104] {standard_task_runner.py:80} INFO - Job 1033: Subtask query_table
[2022-08-24 18:44:44,393] {task_command.py:371} INFO - Running <TaskInstance: dynamically_branching1.query_table scheduled__2019-02-14T00:00:00+00:00 [running]> on host 9d5d2a77e6ba
[2022-08-24 18:44:45,234] {taskinstance.py:1591} INFO - Exporting the following env vars:
AIRFLOW_CTX_DAG_OWNER=***
AIRFLOW_CTX_DAG_ID=dynamically_branching1
AIRFLOW_CTX_TASK_ID=query_table
AIRFLOW_CTX_EXECUTION_DATE=2019-02-14T00:00:00+00:00
AIRFLOW_CTX_TRY_NUMBER=1
AIRFLOW_CTX_DAG_RUN_ID=scheduled__2019-02-14T00:00:00+00:00
[2022-08-24 18:44:45,243] {python.py:173} INFO - Done. Returned value was: finish
[2022-08-24 18:44:45,475] {taskinstance.py:1420} INFO - Marking task as SUCCESS. dag_id=dynamically_branching1, task_id=query_table, execution_date=20190214T000000, start_date=20220824T184442, end_date=20220824T184445
[2022-08-24 18:44:45,685] {local_task_job.py:156} INFO - Task exited with return code 0
[2022-08-24 18:44:46,451] {local_task_job.py:273} INFO - 0 downstream tasks scheduled from follow-on schedule check
