[2022-08-24 18:43:28,349] {taskinstance.py:1179} INFO - Dependencies all met for <TaskInstance: dynamically_branching1.query_table scheduled__2019-01-08T00:00:00+00:00 [queued]>
[2022-08-24 18:43:28,375] {taskinstance.py:1179} INFO - Dependencies all met for <TaskInstance: dynamically_branching1.query_table scheduled__2019-01-08T00:00:00+00:00 [queued]>
[2022-08-24 18:43:28,376] {taskinstance.py:1376} INFO - 
--------------------------------------------------------------------------------
[2022-08-24 18:43:28,377] {taskinstance.py:1377} INFO - Starting attempt 1 of 1
[2022-08-24 18:43:28,378] {taskinstance.py:1378} INFO - 
--------------------------------------------------------------------------------
[2022-08-24 18:43:28,405] {taskinstance.py:1397} INFO - Executing <Task(PythonOperator): query_table> on 2019-01-08 00:00:00+00:00
[2022-08-24 18:43:28,418] {standard_task_runner.py:52} INFO - Started process 4008 to run task
[2022-08-24 18:43:28,437] {standard_task_runner.py:79} INFO - Running: ['***', 'tasks', 'run', 'dynamically_branching1', 'query_table', 'scheduled__2019-01-08T00:00:00+00:00', '--job-id', '925', '--raw', '--subdir', 'DAGS_FOLDER/jobs_dag.py', '--cfg-path', '/tmp/tmpxpmrk2ij', '--error-file', '/tmp/tmp4mbqmw85']
[2022-08-24 18:43:28,439] {standard_task_runner.py:80} INFO - Job 925: Subtask query_table
[2022-08-24 18:43:28,567] {task_command.py:371} INFO - Running <TaskInstance: dynamically_branching1.query_table scheduled__2019-01-08T00:00:00+00:00 [running]> on host 9d5d2a77e6ba
[2022-08-24 18:43:28,716] {taskinstance.py:1591} INFO - Exporting the following env vars:
AIRFLOW_CTX_DAG_OWNER=***
AIRFLOW_CTX_DAG_ID=dynamically_branching1
AIRFLOW_CTX_TASK_ID=query_table
AIRFLOW_CTX_EXECUTION_DATE=2019-01-08T00:00:00+00:00
AIRFLOW_CTX_TRY_NUMBER=1
AIRFLOW_CTX_DAG_RUN_ID=scheduled__2019-01-08T00:00:00+00:00
[2022-08-24 18:43:28,720] {python.py:173} INFO - Done. Returned value was: finish
[2022-08-24 18:43:28,767] {taskinstance.py:1420} INFO - Marking task as SUCCESS. dag_id=dynamically_branching1, task_id=query_table, execution_date=20190108T000000, start_date=20220824T184328, end_date=20220824T184328
[2022-08-24 18:43:28,807] {local_task_job.py:156} INFO - Task exited with return code 0
[2022-08-24 18:43:28,940] {local_task_job.py:273} INFO - 0 downstream tasks scheduled from follow-on schedule check
