[2022-08-24 19:11:12,113] {taskinstance.py:1179} INFO - Dependencies all met for <TaskInstance: dynamically_branching1.check_table_exist scheduled__2020-10-26T00:00:00+00:00 [queued]>
[2022-08-24 19:11:12,141] {taskinstance.py:1179} INFO - Dependencies all met for <TaskInstance: dynamically_branching1.check_table_exist scheduled__2020-10-26T00:00:00+00:00 [queued]>
[2022-08-24 19:11:12,142] {taskinstance.py:1376} INFO - 
--------------------------------------------------------------------------------
[2022-08-24 19:11:12,144] {taskinstance.py:1377} INFO - Starting attempt 1 of 1
[2022-08-24 19:11:12,145] {taskinstance.py:1378} INFO - 
--------------------------------------------------------------------------------
[2022-08-24 19:11:12,178] {taskinstance.py:1397} INFO - Executing <Task(BranchPythonOperator): check_table_exist> on 2020-10-26 00:00:00+00:00
[2022-08-24 19:11:12,189] {standard_task_runner.py:52} INFO - Started process 7505 to run task
[2022-08-24 19:11:12,206] {standard_task_runner.py:79} INFO - Running: ['***', 'tasks', 'run', 'dynamically_branching1', 'check_table_exist', 'scheduled__2020-10-26T00:00:00+00:00', '--job-id', '1924', '--raw', '--subdir', 'DAGS_FOLDER/jobs_dag.py', '--cfg-path', '/tmp/tmptb4l3972', '--error-file', '/tmp/tmpwy4km4nr']
[2022-08-24 19:11:12,209] {standard_task_runner.py:80} INFO - Job 1924: Subtask check_table_exist
[2022-08-24 19:11:12,601] {task_command.py:371} INFO - Running <TaskInstance: dynamically_branching1.check_table_exist scheduled__2020-10-26T00:00:00+00:00 [running]> on host 9d5d2a77e6ba
[2022-08-24 19:11:12,964] {taskinstance.py:1591} INFO - Exporting the following env vars:
AIRFLOW_CTX_DAG_OWNER=***
AIRFLOW_CTX_DAG_ID=dynamically_branching1
AIRFLOW_CTX_TASK_ID=check_table_exist
AIRFLOW_CTX_EXECUTION_DATE=2020-10-26T00:00:00+00:00
AIRFLOW_CTX_TRY_NUMBER=1
AIRFLOW_CTX_DAG_RUN_ID=scheduled__2020-10-26T00:00:00+00:00
[2022-08-24 19:11:12,972] {python.py:173} INFO - Done. Returned value was: insert_row
[2022-08-24 19:11:12,973] {skipmixin.py:140} INFO - Following branch insert_row
[2022-08-24 19:11:12,975] {skipmixin.py:175} INFO - Skipping tasks ['create_table']
[2022-08-24 19:11:13,070] {taskinstance.py:1420} INFO - Marking task as SUCCESS. dag_id=dynamically_branching1, task_id=check_table_exist, execution_date=20201026T000000, start_date=20220824T191112, end_date=20220824T191113
[2022-08-24 19:11:13,112] {local_task_job.py:156} INFO - Task exited with return code 0
[2022-08-24 19:11:13,220] {local_task_job.py:273} INFO - 1 downstream tasks scheduled from follow-on schedule check
