[2022-08-24 19:16:35,301] {taskinstance.py:1179} INFO - Dependencies all met for <TaskInstance: dynamically_branching1.bash_task scheduled__2021-07-24T00:00:00+00:00 [queued]>
[2022-08-24 19:16:35,334] {taskinstance.py:1179} INFO - Dependencies all met for <TaskInstance: dynamically_branching1.bash_task scheduled__2021-07-24T00:00:00+00:00 [queued]>
[2022-08-24 19:16:35,335] {taskinstance.py:1376} INFO - 
--------------------------------------------------------------------------------
[2022-08-24 19:16:35,336] {taskinstance.py:1377} INFO - Starting attempt 1 of 1
[2022-08-24 19:16:35,336] {taskinstance.py:1378} INFO - 
--------------------------------------------------------------------------------
[2022-08-24 19:16:35,452] {taskinstance.py:1397} INFO - Executing <Task(BashOperator): bash_task> on 2021-07-24 00:00:00+00:00
[2022-08-24 19:16:35,525] {standard_task_runner.py:52} INFO - Started process 9277 to run task
[2022-08-24 19:16:35,548] {standard_task_runner.py:79} INFO - Running: ['***', 'tasks', 'run', 'dynamically_branching1', 'bash_task', 'scheduled__2021-07-24T00:00:00+00:00', '--job-id', '2464', '--raw', '--subdir', 'DAGS_FOLDER/jobs_dag.py', '--cfg-path', '/tmp/tmpln8q_ebm', '--error-file', '/tmp/tmp3pg2kazp']
[2022-08-24 19:16:35,555] {standard_task_runner.py:80} INFO - Job 2464: Subtask bash_task
[2022-08-24 19:16:36,065] {task_command.py:371} INFO - Running <TaskInstance: dynamically_branching1.bash_task scheduled__2021-07-24T00:00:00+00:00 [running]> on host 9d5d2a77e6ba
[2022-08-24 19:16:36,977] {taskinstance.py:1591} INFO - Exporting the following env vars:
AIRFLOW_CTX_DAG_OWNER=***
AIRFLOW_CTX_DAG_ID=dynamically_branching1
AIRFLOW_CTX_TASK_ID=bash_task
AIRFLOW_CTX_EXECUTION_DATE=2021-07-24T00:00:00+00:00
AIRFLOW_CTX_TRY_NUMBER=1
AIRFLOW_CTX_DAG_RUN_ID=scheduled__2021-07-24T00:00:00+00:00
[2022-08-24 19:16:36,981] {subprocess.py:62} INFO - Tmp dir root location: 
 /tmp
[2022-08-24 19:16:36,988] {subprocess.py:74} INFO - Running command: ['bash', '-c', 'echo $(whoami)']
[2022-08-24 19:16:37,096] {subprocess.py:85} INFO - Output:
[2022-08-24 19:16:37,114] {subprocess.py:92} INFO - default
[2022-08-24 19:16:37,117] {subprocess.py:96} INFO - Command exited with return code 0
[2022-08-24 19:16:37,208] {taskinstance.py:1420} INFO - Marking task as SUCCESS. dag_id=dynamically_branching1, task_id=bash_task, execution_date=20210724T000000, start_date=20220824T191635, end_date=20220824T191637
[2022-08-24 19:16:37,416] {local_task_job.py:156} INFO - Task exited with return code 0
[2022-08-24 19:16:37,647] {local_task_job.py:273} INFO - 0 downstream tasks scheduled from follow-on schedule check
