[2022-08-24 19:23:25,983] {taskinstance.py:1179} INFO - Dependencies all met for <TaskInstance: dynamically_branching1.bash_task scheduled__2022-07-13T00:00:00+00:00 [queued]>
[2022-08-24 19:23:26,019] {taskinstance.py:1179} INFO - Dependencies all met for <TaskInstance: dynamically_branching1.bash_task scheduled__2022-07-13T00:00:00+00:00 [queued]>
[2022-08-24 19:23:26,020] {taskinstance.py:1376} INFO - 
--------------------------------------------------------------------------------
[2022-08-24 19:23:26,021] {taskinstance.py:1377} INFO - Starting attempt 1 of 1
[2022-08-24 19:23:26,022] {taskinstance.py:1378} INFO - 
--------------------------------------------------------------------------------
[2022-08-24 19:23:26,075] {taskinstance.py:1397} INFO - Executing <Task(BashOperator): bash_task> on 2022-07-13 00:00:00+00:00
[2022-08-24 19:23:26,083] {standard_task_runner.py:52} INFO - Started process 11589 to run task
[2022-08-24 19:23:26,102] {standard_task_runner.py:79} INFO - Running: ['***', 'tasks', 'run', 'dynamically_branching1', 'bash_task', 'scheduled__2022-07-13T00:00:00+00:00', '--job-id', '3169', '--raw', '--subdir', 'DAGS_FOLDER/jobs_dag.py', '--cfg-path', '/tmp/tmpqclw6cc1', '--error-file', '/tmp/tmpcuhf6rix']
[2022-08-24 19:23:26,103] {standard_task_runner.py:80} INFO - Job 3169: Subtask bash_task
[2022-08-24 19:23:26,459] {task_command.py:371} INFO - Running <TaskInstance: dynamically_branching1.bash_task scheduled__2022-07-13T00:00:00+00:00 [running]> on host 9d5d2a77e6ba
[2022-08-24 19:23:26,865] {taskinstance.py:1591} INFO - Exporting the following env vars:
AIRFLOW_CTX_DAG_OWNER=***
AIRFLOW_CTX_DAG_ID=dynamically_branching1
AIRFLOW_CTX_TASK_ID=bash_task
AIRFLOW_CTX_EXECUTION_DATE=2022-07-13T00:00:00+00:00
AIRFLOW_CTX_TRY_NUMBER=1
AIRFLOW_CTX_DAG_RUN_ID=scheduled__2022-07-13T00:00:00+00:00
[2022-08-24 19:23:26,872] {subprocess.py:62} INFO - Tmp dir root location: 
 /tmp
[2022-08-24 19:23:26,875] {subprocess.py:74} INFO - Running command: ['bash', '-c', 'echo $(whoami)']
[2022-08-24 19:23:26,976] {subprocess.py:85} INFO - Output:
[2022-08-24 19:23:27,008] {subprocess.py:92} INFO - default
[2022-08-24 19:23:27,009] {subprocess.py:96} INFO - Command exited with return code 0
[2022-08-24 19:23:27,089] {taskinstance.py:1420} INFO - Marking task as SUCCESS. dag_id=dynamically_branching1, task_id=bash_task, execution_date=20220713T000000, start_date=20220824T192325, end_date=20220824T192327
[2022-08-24 19:23:27,204] {local_task_job.py:156} INFO - Task exited with return code 0
[2022-08-24 19:23:27,392] {local_task_job.py:273} INFO - 0 downstream tasks scheduled from follow-on schedule check
