[2022-08-24 18:39:11,635] {taskinstance.py:1179} INFO - Dependencies all met for <TaskInstance: dynamically_branching1.Process_Start scheduled__2018-11-06T00:00:00+00:00 [queued]>
[2022-08-24 18:39:11,729] {taskinstance.py:1179} INFO - Dependencies all met for <TaskInstance: dynamically_branching1.Process_Start scheduled__2018-11-06T00:00:00+00:00 [queued]>
[2022-08-24 18:39:11,731] {taskinstance.py:1376} INFO - 
--------------------------------------------------------------------------------
[2022-08-24 18:39:11,732] {taskinstance.py:1377} INFO - Starting attempt 1 of 1
[2022-08-24 18:39:11,739] {taskinstance.py:1378} INFO - 
--------------------------------------------------------------------------------
[2022-08-24 18:39:12,063] {taskinstance.py:1397} INFO - Executing <Task(PythonOperator): Process_Start> on 2018-11-06 00:00:00+00:00
[2022-08-24 18:39:12,299] {standard_task_runner.py:52} INFO - Started process 3477 to run task
[2022-08-24 18:39:12,390] {standard_task_runner.py:79} INFO - Running: ['***', 'tasks', 'run', 'dynamically_branching1', 'Process_Start', 'scheduled__2018-11-06T00:00:00+00:00', '--job-id', '739', '--raw', '--subdir', 'DAGS_FOLDER/jobs_dag.py', '--cfg-path', '/tmp/tmpgclmuz51', '--error-file', '/tmp/tmphkj9ofht']
[2022-08-24 18:39:12,405] {standard_task_runner.py:80} INFO - Job 739: Subtask Process_Start
[2022-08-24 18:39:13,267] {task_command.py:371} INFO - Running <TaskInstance: dynamically_branching1.Process_Start scheduled__2018-11-06T00:00:00+00:00 [running]> on host 9d5d2a77e6ba
[2022-08-24 18:39:13,854] {taskinstance.py:1591} INFO - Exporting the following env vars:
AIRFLOW_CTX_DAG_OWNER=***
AIRFLOW_CTX_DAG_ID=dynamically_branching1
AIRFLOW_CTX_TASK_ID=Process_Start
AIRFLOW_CTX_EXECUTION_DATE=2018-11-06T00:00:00+00:00
AIRFLOW_CTX_TRY_NUMBER=1
AIRFLOW_CTX_DAG_RUN_ID=scheduled__2018-11-06T00:00:00+00:00
[2022-08-24 18:39:13,856] {jobs_dag.py:30} INFO - Process Start!
[2022-08-24 18:39:13,857] {logging_mixin.py:115} INFO - This is DAG: 1
[2022-08-24 18:39:13,858] {python.py:173} INFO - Done. Returned value was: None
[2022-08-24 18:39:13,945] {taskinstance.py:1420} INFO - Marking task as SUCCESS. dag_id=dynamically_branching1, task_id=Process_Start, execution_date=20181106T000000, start_date=20220824T183911, end_date=20220824T183913
[2022-08-24 18:39:14,116] {local_task_job.py:156} INFO - Task exited with return code 0
[2022-08-24 18:39:14,550] {local_task_job.py:273} INFO - 1 downstream tasks scheduled from follow-on schedule check
