[2022-08-24 19:10:19,902] {taskinstance.py:1179} INFO - Dependencies all met for <TaskInstance: dynamically_branching1.check_table_exist scheduled__2020-09-14T00:00:00+00:00 [queued]>
[2022-08-24 19:10:20,013] {taskinstance.py:1179} INFO - Dependencies all met for <TaskInstance: dynamically_branching1.check_table_exist scheduled__2020-09-14T00:00:00+00:00 [queued]>
[2022-08-24 19:10:20,016] {taskinstance.py:1376} INFO - 
--------------------------------------------------------------------------------
[2022-08-24 19:10:20,020] {taskinstance.py:1377} INFO - Starting attempt 1 of 1
[2022-08-24 19:10:20,023] {taskinstance.py:1378} INFO - 
--------------------------------------------------------------------------------
[2022-08-24 19:10:20,104] {taskinstance.py:1397} INFO - Executing <Task(BranchPythonOperator): check_table_exist> on 2020-09-14 00:00:00+00:00
[2022-08-24 19:10:20,118] {standard_task_runner.py:52} INFO - Started process 7242 to run task
[2022-08-24 19:10:20,174] {standard_task_runner.py:79} INFO - Running: ['***', 'tasks', 'run', 'dynamically_branching1', 'check_table_exist', 'scheduled__2020-09-14T00:00:00+00:00', '--job-id', '1845', '--raw', '--subdir', 'DAGS_FOLDER/jobs_dag.py', '--cfg-path', '/tmp/tmphsbtp14v', '--error-file', '/tmp/tmpz20n78m6']
[2022-08-24 19:10:20,176] {standard_task_runner.py:80} INFO - Job 1845: Subtask check_table_exist
[2022-08-24 19:10:20,841] {task_command.py:371} INFO - Running <TaskInstance: dynamically_branching1.check_table_exist scheduled__2020-09-14T00:00:00+00:00 [running]> on host 9d5d2a77e6ba
[2022-08-24 19:10:21,701] {taskinstance.py:1591} INFO - Exporting the following env vars:
AIRFLOW_CTX_DAG_OWNER=***
AIRFLOW_CTX_DAG_ID=dynamically_branching1
AIRFLOW_CTX_TASK_ID=check_table_exist
AIRFLOW_CTX_EXECUTION_DATE=2020-09-14T00:00:00+00:00
AIRFLOW_CTX_TRY_NUMBER=1
AIRFLOW_CTX_DAG_RUN_ID=scheduled__2020-09-14T00:00:00+00:00
[2022-08-24 19:10:21,706] {python.py:173} INFO - Done. Returned value was: insert_row
[2022-08-24 19:10:21,714] {skipmixin.py:140} INFO - Following branch insert_row
[2022-08-24 19:10:21,729] {skipmixin.py:175} INFO - Skipping tasks ['create_table']
[2022-08-24 19:10:21,975] {taskinstance.py:1420} INFO - Marking task as SUCCESS. dag_id=dynamically_branching1, task_id=check_table_exist, execution_date=20200914T000000, start_date=20220824T191019, end_date=20220824T191021
[2022-08-24 19:10:22,098] {local_task_job.py:156} INFO - Task exited with return code 0
[2022-08-24 19:10:22,330] {local_task_job.py:273} INFO - 1 downstream tasks scheduled from follow-on schedule check
