[2022-08-25 00:13:52,341] {processor.py:153} INFO - Started process (PID=17120) to work on /home/airflow/.local/lib/python3.7/site-packages/airflow/example_dags/example_python_operator.py
[2022-08-25 00:13:52,349] {processor.py:641} INFO - Processing file /home/airflow/.local/lib/python3.7/site-packages/airflow/example_dags/example_python_operator.py for tasks to queue
[2022-08-25 00:13:52,398] {logging_mixin.py:115} INFO - [2022-08-25 00:13:52,390] {dagbag.py:508} INFO - Filling up the DagBag from /home/airflow/.local/lib/python3.7/site-packages/airflow/example_dags/example_python_operator.py
[2022-08-25 00:14:09,720] {processor.py:651} INFO - DAG(s) dict_keys(['example_python_operator']) retrieved from /home/airflow/.local/lib/python3.7/site-packages/airflow/example_dags/example_python_operator.py
[2022-08-25 00:14:10,950] {logging_mixin.py:115} INFO - [2022-08-25 00:14:10,935] {dag.py:2420} INFO - Sync 1 DAGs
[2022-08-25 00:14:29,824] {logging_mixin.py:115} INFO - [2022-08-25 00:14:29,823] {dag.py:2972} INFO - Setting next_dagrun for example_python_operator to None, run_after=None
[2022-08-25 00:14:30,401] {processor.py:161} INFO - Processing /home/airflow/.local/lib/python3.7/site-packages/airflow/example_dags/example_python_operator.py took 20.857 seconds
[2022-08-25 03:38:52,584] {processor.py:153} INFO - Started process (PID=17236) to work on /home/airflow/.local/lib/python3.7/site-packages/airflow/example_dags/example_python_operator.py
[2022-08-25 03:38:52,609] {processor.py:641} INFO - Processing file /home/airflow/.local/lib/python3.7/site-packages/airflow/example_dags/example_python_operator.py for tasks to queue
[2022-08-25 03:38:52,656] {logging_mixin.py:115} INFO - [2022-08-25 03:38:52,655] {dagbag.py:508} INFO - Filling up the DagBag from /home/airflow/.local/lib/python3.7/site-packages/airflow/example_dags/example_python_operator.py
[2022-08-25 03:38:54,106] {processor.py:651} INFO - DAG(s) dict_keys(['example_python_operator']) retrieved from /home/airflow/.local/lib/python3.7/site-packages/airflow/example_dags/example_python_operator.py
[2022-08-25 03:38:54,977] {logging_mixin.py:115} INFO - [2022-08-25 03:38:54,973] {dag.py:2420} INFO - Sync 1 DAGs
[2022-08-25 03:38:56,038] {logging_mixin.py:115} INFO - [2022-08-25 03:38:56,038] {dag.py:2972} INFO - Setting next_dagrun for example_python_operator to None, run_after=None
[2022-08-25 03:38:56,626] {processor.py:161} INFO - Processing /home/airflow/.local/lib/python3.7/site-packages/airflow/example_dags/example_python_operator.py took 4.363 seconds
[2022-08-25 03:56:49,107] {processor.py:153} INFO - Started process (PID=17291) to work on /home/airflow/.local/lib/python3.7/site-packages/airflow/example_dags/example_python_operator.py
[2022-08-25 03:56:49,153] {processor.py:641} INFO - Processing file /home/airflow/.local/lib/python3.7/site-packages/airflow/example_dags/example_python_operator.py for tasks to queue
[2022-08-25 03:56:49,204] {logging_mixin.py:115} INFO - [2022-08-25 03:56:49,203] {dagbag.py:508} INFO - Filling up the DagBag from /home/airflow/.local/lib/python3.7/site-packages/airflow/example_dags/example_python_operator.py
[2022-08-25 03:56:50,264] {processor.py:651} INFO - DAG(s) dict_keys(['example_python_operator']) retrieved from /home/airflow/.local/lib/python3.7/site-packages/airflow/example_dags/example_python_operator.py
[2022-08-25 03:56:51,491] {logging_mixin.py:115} INFO - [2022-08-25 03:56:51,489] {dag.py:2420} INFO - Sync 1 DAGs
[2022-08-25 03:56:52,432] {logging_mixin.py:115} INFO - [2022-08-25 03:56:52,431] {dag.py:2972} INFO - Setting next_dagrun for example_python_operator to None, run_after=None
[2022-08-25 03:56:52,936] {processor.py:161} INFO - Processing /home/airflow/.local/lib/python3.7/site-packages/airflow/example_dags/example_python_operator.py took 4.010 seconds
[2022-08-25 22:58:45,719] {processor.py:153} INFO - Started process (PID=17375) to work on /home/airflow/.local/lib/python3.7/site-packages/airflow/example_dags/example_python_operator.py
[2022-08-25 22:58:45,728] {processor.py:641} INFO - Processing file /home/airflow/.local/lib/python3.7/site-packages/airflow/example_dags/example_python_operator.py for tasks to queue
[2022-08-25 22:58:45,732] {logging_mixin.py:115} INFO - [2022-08-25 22:58:45,732] {dagbag.py:508} INFO - Filling up the DagBag from /home/airflow/.local/lib/python3.7/site-packages/airflow/example_dags/example_python_operator.py
[2022-08-25 22:58:45,816] {processor.py:651} INFO - DAG(s) dict_keys(['example_python_operator']) retrieved from /home/airflow/.local/lib/python3.7/site-packages/airflow/example_dags/example_python_operator.py
[2022-08-25 22:58:45,910] {logging_mixin.py:115} INFO - [2022-08-25 22:58:45,910] {dag.py:2420} INFO - Sync 1 DAGs
[2022-08-25 22:58:46,017] {logging_mixin.py:115} INFO - [2022-08-25 22:58:46,017] {dag.py:2972} INFO - Setting next_dagrun for example_python_operator to None, run_after=None
[2022-08-25 22:58:46,063] {processor.py:161} INFO - Processing /home/airflow/.local/lib/python3.7/site-packages/airflow/example_dags/example_python_operator.py took 0.357 seconds
[2022-08-25 23:29:36,027] {processor.py:153} INFO - Started process (PID=17439) to work on /home/airflow/.local/lib/python3.7/site-packages/airflow/example_dags/example_python_operator.py
[2022-08-25 23:29:36,031] {processor.py:641} INFO - Processing file /home/airflow/.local/lib/python3.7/site-packages/airflow/example_dags/example_python_operator.py for tasks to queue
[2022-08-25 23:29:36,040] {logging_mixin.py:115} INFO - [2022-08-25 23:29:36,040] {dagbag.py:508} INFO - Filling up the DagBag from /home/airflow/.local/lib/python3.7/site-packages/airflow/example_dags/example_python_operator.py
[2022-08-25 23:29:36,148] {processor.py:651} INFO - DAG(s) dict_keys(['example_python_operator']) retrieved from /home/airflow/.local/lib/python3.7/site-packages/airflow/example_dags/example_python_operator.py
[2022-08-25 23:29:36,549] {logging_mixin.py:115} INFO - [2022-08-25 23:29:36,549] {dag.py:2420} INFO - Sync 1 DAGs
[2022-08-25 23:29:36,752] {logging_mixin.py:115} INFO - [2022-08-25 23:29:36,752] {dag.py:2972} INFO - Setting next_dagrun for example_python_operator to None, run_after=None
[2022-08-25 23:29:36,897] {processor.py:161} INFO - Processing /home/airflow/.local/lib/python3.7/site-packages/airflow/example_dags/example_python_operator.py took 0.896 seconds
[2022-08-25 23:30:07,315] {processor.py:153} INFO - Started process (PID=17494) to work on /home/airflow/.local/lib/python3.7/site-packages/airflow/example_dags/example_python_operator.py
[2022-08-25 23:30:07,321] {processor.py:641} INFO - Processing file /home/airflow/.local/lib/python3.7/site-packages/airflow/example_dags/example_python_operator.py for tasks to queue
[2022-08-25 23:30:07,325] {logging_mixin.py:115} INFO - [2022-08-25 23:30:07,325] {dagbag.py:508} INFO - Filling up the DagBag from /home/airflow/.local/lib/python3.7/site-packages/airflow/example_dags/example_python_operator.py
[2022-08-25 23:30:07,355] {processor.py:651} INFO - DAG(s) dict_keys(['example_python_operator']) retrieved from /home/airflow/.local/lib/python3.7/site-packages/airflow/example_dags/example_python_operator.py
[2022-08-25 23:30:07,396] {logging_mixin.py:115} INFO - [2022-08-25 23:30:07,396] {dag.py:2420} INFO - Sync 1 DAGs
[2022-08-25 23:30:07,428] {logging_mixin.py:115} INFO - [2022-08-25 23:30:07,428] {dag.py:2972} INFO - Setting next_dagrun for example_python_operator to None, run_after=None
[2022-08-25 23:30:07,461] {processor.py:161} INFO - Processing /home/airflow/.local/lib/python3.7/site-packages/airflow/example_dags/example_python_operator.py took 0.151 seconds
[2022-08-25 23:30:38,082] {processor.py:153} INFO - Started process (PID=17559) to work on /home/airflow/.local/lib/python3.7/site-packages/airflow/example_dags/example_python_operator.py
[2022-08-25 23:30:38,083] {processor.py:641} INFO - Processing file /home/airflow/.local/lib/python3.7/site-packages/airflow/example_dags/example_python_operator.py for tasks to queue
[2022-08-25 23:30:38,084] {logging_mixin.py:115} INFO - [2022-08-25 23:30:38,084] {dagbag.py:508} INFO - Filling up the DagBag from /home/airflow/.local/lib/python3.7/site-packages/airflow/example_dags/example_python_operator.py
[2022-08-25 23:30:38,107] {processor.py:651} INFO - DAG(s) dict_keys(['example_python_operator']) retrieved from /home/airflow/.local/lib/python3.7/site-packages/airflow/example_dags/example_python_operator.py
[2022-08-25 23:30:38,143] {logging_mixin.py:115} INFO - [2022-08-25 23:30:38,143] {dag.py:2420} INFO - Sync 1 DAGs
[2022-08-25 23:30:38,176] {logging_mixin.py:115} INFO - [2022-08-25 23:30:38,176] {dag.py:2972} INFO - Setting next_dagrun for example_python_operator to None, run_after=None
[2022-08-25 23:30:38,192] {processor.py:161} INFO - Processing /home/airflow/.local/lib/python3.7/site-packages/airflow/example_dags/example_python_operator.py took 0.115 seconds
[2022-08-25 23:31:09,089] {processor.py:153} INFO - Started process (PID=17614) to work on /home/airflow/.local/lib/python3.7/site-packages/airflow/example_dags/example_python_operator.py
[2022-08-25 23:31:09,090] {processor.py:641} INFO - Processing file /home/airflow/.local/lib/python3.7/site-packages/airflow/example_dags/example_python_operator.py for tasks to queue
[2022-08-25 23:31:09,092] {logging_mixin.py:115} INFO - [2022-08-25 23:31:09,091] {dagbag.py:508} INFO - Filling up the DagBag from /home/airflow/.local/lib/python3.7/site-packages/airflow/example_dags/example_python_operator.py
[2022-08-25 23:31:09,114] {processor.py:651} INFO - DAG(s) dict_keys(['example_python_operator']) retrieved from /home/airflow/.local/lib/python3.7/site-packages/airflow/example_dags/example_python_operator.py
[2022-08-25 23:31:09,149] {logging_mixin.py:115} INFO - [2022-08-25 23:31:09,149] {dag.py:2420} INFO - Sync 1 DAGs
[2022-08-25 23:31:09,181] {logging_mixin.py:115} INFO - [2022-08-25 23:31:09,181] {dag.py:2972} INFO - Setting next_dagrun for example_python_operator to None, run_after=None
[2022-08-25 23:31:09,198] {processor.py:161} INFO - Processing /home/airflow/.local/lib/python3.7/site-packages/airflow/example_dags/example_python_operator.py took 0.113 seconds
[2022-08-25 23:31:39,746] {processor.py:153} INFO - Started process (PID=17678) to work on /home/airflow/.local/lib/python3.7/site-packages/airflow/example_dags/example_python_operator.py
[2022-08-25 23:31:39,747] {processor.py:641} INFO - Processing file /home/airflow/.local/lib/python3.7/site-packages/airflow/example_dags/example_python_operator.py for tasks to queue
[2022-08-25 23:31:39,748] {logging_mixin.py:115} INFO - [2022-08-25 23:31:39,748] {dagbag.py:508} INFO - Filling up the DagBag from /home/airflow/.local/lib/python3.7/site-packages/airflow/example_dags/example_python_operator.py
[2022-08-25 23:31:39,777] {processor.py:651} INFO - DAG(s) dict_keys(['example_python_operator']) retrieved from /home/airflow/.local/lib/python3.7/site-packages/airflow/example_dags/example_python_operator.py
[2022-08-25 23:31:39,810] {logging_mixin.py:115} INFO - [2022-08-25 23:31:39,809] {dag.py:2420} INFO - Sync 1 DAGs
[2022-08-25 23:31:39,842] {logging_mixin.py:115} INFO - [2022-08-25 23:31:39,842] {dag.py:2972} INFO - Setting next_dagrun for example_python_operator to None, run_after=None
[2022-08-25 23:31:39,855] {processor.py:161} INFO - Processing /home/airflow/.local/lib/python3.7/site-packages/airflow/example_dags/example_python_operator.py took 0.114 seconds
[2022-08-25 23:32:10,199] {processor.py:153} INFO - Started process (PID=17742) to work on /home/airflow/.local/lib/python3.7/site-packages/airflow/example_dags/example_python_operator.py
[2022-08-25 23:32:10,201] {processor.py:641} INFO - Processing file /home/airflow/.local/lib/python3.7/site-packages/airflow/example_dags/example_python_operator.py for tasks to queue
[2022-08-25 23:32:10,202] {logging_mixin.py:115} INFO - [2022-08-25 23:32:10,202] {dagbag.py:508} INFO - Filling up the DagBag from /home/airflow/.local/lib/python3.7/site-packages/airflow/example_dags/example_python_operator.py
[2022-08-25 23:32:10,225] {processor.py:651} INFO - DAG(s) dict_keys(['example_python_operator']) retrieved from /home/airflow/.local/lib/python3.7/site-packages/airflow/example_dags/example_python_operator.py
[2022-08-25 23:32:10,258] {logging_mixin.py:115} INFO - [2022-08-25 23:32:10,258] {dag.py:2420} INFO - Sync 1 DAGs
[2022-08-25 23:32:10,286] {logging_mixin.py:115} INFO - [2022-08-25 23:32:10,286] {dag.py:2972} INFO - Setting next_dagrun for example_python_operator to None, run_after=None
[2022-08-25 23:32:10,299] {processor.py:161} INFO - Processing /home/airflow/.local/lib/python3.7/site-packages/airflow/example_dags/example_python_operator.py took 0.104 seconds
[2022-08-25 23:32:40,865] {processor.py:153} INFO - Started process (PID=17797) to work on /home/airflow/.local/lib/python3.7/site-packages/airflow/example_dags/example_python_operator.py
[2022-08-25 23:32:40,866] {processor.py:641} INFO - Processing file /home/airflow/.local/lib/python3.7/site-packages/airflow/example_dags/example_python_operator.py for tasks to queue
[2022-08-25 23:32:40,867] {logging_mixin.py:115} INFO - [2022-08-25 23:32:40,867] {dagbag.py:508} INFO - Filling up the DagBag from /home/airflow/.local/lib/python3.7/site-packages/airflow/example_dags/example_python_operator.py
[2022-08-25 23:32:40,890] {processor.py:651} INFO - DAG(s) dict_keys(['example_python_operator']) retrieved from /home/airflow/.local/lib/python3.7/site-packages/airflow/example_dags/example_python_operator.py
[2022-08-25 23:32:40,926] {logging_mixin.py:115} INFO - [2022-08-25 23:32:40,926] {dag.py:2420} INFO - Sync 1 DAGs
[2022-08-25 23:32:40,952] {logging_mixin.py:115} INFO - [2022-08-25 23:32:40,952] {dag.py:2972} INFO - Setting next_dagrun for example_python_operator to None, run_after=None
[2022-08-25 23:32:40,968] {processor.py:161} INFO - Processing /home/airflow/.local/lib/python3.7/site-packages/airflow/example_dags/example_python_operator.py took 0.109 seconds
[2022-08-25 23:33:11,400] {processor.py:153} INFO - Started process (PID=17861) to work on /home/airflow/.local/lib/python3.7/site-packages/airflow/example_dags/example_python_operator.py
[2022-08-25 23:33:11,401] {processor.py:641} INFO - Processing file /home/airflow/.local/lib/python3.7/site-packages/airflow/example_dags/example_python_operator.py for tasks to queue
[2022-08-25 23:33:11,402] {logging_mixin.py:115} INFO - [2022-08-25 23:33:11,402] {dagbag.py:508} INFO - Filling up the DagBag from /home/airflow/.local/lib/python3.7/site-packages/airflow/example_dags/example_python_operator.py
[2022-08-25 23:33:11,430] {processor.py:651} INFO - DAG(s) dict_keys(['example_python_operator']) retrieved from /home/airflow/.local/lib/python3.7/site-packages/airflow/example_dags/example_python_operator.py
[2022-08-25 23:33:11,466] {logging_mixin.py:115} INFO - [2022-08-25 23:33:11,466] {dag.py:2420} INFO - Sync 1 DAGs
[2022-08-25 23:33:11,496] {logging_mixin.py:115} INFO - [2022-08-25 23:33:11,496] {dag.py:2972} INFO - Setting next_dagrun for example_python_operator to None, run_after=None
[2022-08-25 23:33:11,512] {processor.py:161} INFO - Processing /home/airflow/.local/lib/python3.7/site-packages/airflow/example_dags/example_python_operator.py took 0.117 seconds
[2022-08-25 23:33:42,233] {processor.py:153} INFO - Started process (PID=17925) to work on /home/airflow/.local/lib/python3.7/site-packages/airflow/example_dags/example_python_operator.py
[2022-08-25 23:33:42,235] {processor.py:641} INFO - Processing file /home/airflow/.local/lib/python3.7/site-packages/airflow/example_dags/example_python_operator.py for tasks to queue
[2022-08-25 23:33:42,236] {logging_mixin.py:115} INFO - [2022-08-25 23:33:42,236] {dagbag.py:508} INFO - Filling up the DagBag from /home/airflow/.local/lib/python3.7/site-packages/airflow/example_dags/example_python_operator.py
[2022-08-25 23:33:42,258] {processor.py:651} INFO - DAG(s) dict_keys(['example_python_operator']) retrieved from /home/airflow/.local/lib/python3.7/site-packages/airflow/example_dags/example_python_operator.py
[2022-08-25 23:33:42,298] {logging_mixin.py:115} INFO - [2022-08-25 23:33:42,298] {dag.py:2420} INFO - Sync 1 DAGs
[2022-08-25 23:33:42,335] {logging_mixin.py:115} INFO - [2022-08-25 23:33:42,335] {dag.py:2972} INFO - Setting next_dagrun for example_python_operator to None, run_after=None
[2022-08-25 23:33:42,351] {processor.py:161} INFO - Processing /home/airflow/.local/lib/python3.7/site-packages/airflow/example_dags/example_python_operator.py took 0.122 seconds
[2022-08-25 23:34:12,912] {processor.py:153} INFO - Started process (PID=17980) to work on /home/airflow/.local/lib/python3.7/site-packages/airflow/example_dags/example_python_operator.py
[2022-08-25 23:34:12,913] {processor.py:641} INFO - Processing file /home/airflow/.local/lib/python3.7/site-packages/airflow/example_dags/example_python_operator.py for tasks to queue
[2022-08-25 23:34:12,914] {logging_mixin.py:115} INFO - [2022-08-25 23:34:12,914] {dagbag.py:508} INFO - Filling up the DagBag from /home/airflow/.local/lib/python3.7/site-packages/airflow/example_dags/example_python_operator.py
[2022-08-25 23:34:12,937] {processor.py:651} INFO - DAG(s) dict_keys(['example_python_operator']) retrieved from /home/airflow/.local/lib/python3.7/site-packages/airflow/example_dags/example_python_operator.py
[2022-08-25 23:34:12,975] {logging_mixin.py:115} INFO - [2022-08-25 23:34:12,975] {dag.py:2420} INFO - Sync 1 DAGs
[2022-08-25 23:34:13,009] {logging_mixin.py:115} INFO - [2022-08-25 23:34:13,009] {dag.py:2972} INFO - Setting next_dagrun for example_python_operator to None, run_after=None
[2022-08-25 23:34:13,025] {processor.py:161} INFO - Processing /home/airflow/.local/lib/python3.7/site-packages/airflow/example_dags/example_python_operator.py took 0.118 seconds
[2022-08-25 23:34:43,692] {processor.py:153} INFO - Started process (PID=18044) to work on /home/airflow/.local/lib/python3.7/site-packages/airflow/example_dags/example_python_operator.py
[2022-08-25 23:34:43,693] {processor.py:641} INFO - Processing file /home/airflow/.local/lib/python3.7/site-packages/airflow/example_dags/example_python_operator.py for tasks to queue
[2022-08-25 23:34:43,694] {logging_mixin.py:115} INFO - [2022-08-25 23:34:43,694] {dagbag.py:508} INFO - Filling up the DagBag from /home/airflow/.local/lib/python3.7/site-packages/airflow/example_dags/example_python_operator.py
[2022-08-25 23:34:43,729] {processor.py:651} INFO - DAG(s) dict_keys(['example_python_operator']) retrieved from /home/airflow/.local/lib/python3.7/site-packages/airflow/example_dags/example_python_operator.py
[2022-08-25 23:34:43,762] {logging_mixin.py:115} INFO - [2022-08-25 23:34:43,762] {dag.py:2420} INFO - Sync 1 DAGs
[2022-08-25 23:34:43,791] {logging_mixin.py:115} INFO - [2022-08-25 23:34:43,791] {dag.py:2972} INFO - Setting next_dagrun for example_python_operator to None, run_after=None
[2022-08-25 23:34:43,808] {processor.py:161} INFO - Processing /home/airflow/.local/lib/python3.7/site-packages/airflow/example_dags/example_python_operator.py took 0.121 seconds
[2022-08-25 23:35:14,509] {processor.py:153} INFO - Started process (PID=18108) to work on /home/airflow/.local/lib/python3.7/site-packages/airflow/example_dags/example_python_operator.py
[2022-08-25 23:35:14,510] {processor.py:641} INFO - Processing file /home/airflow/.local/lib/python3.7/site-packages/airflow/example_dags/example_python_operator.py for tasks to queue
[2022-08-25 23:35:14,511] {logging_mixin.py:115} INFO - [2022-08-25 23:35:14,511] {dagbag.py:508} INFO - Filling up the DagBag from /home/airflow/.local/lib/python3.7/site-packages/airflow/example_dags/example_python_operator.py
[2022-08-25 23:35:14,533] {processor.py:651} INFO - DAG(s) dict_keys(['example_python_operator']) retrieved from /home/airflow/.local/lib/python3.7/site-packages/airflow/example_dags/example_python_operator.py
[2022-08-25 23:35:14,568] {logging_mixin.py:115} INFO - [2022-08-25 23:35:14,567] {dag.py:2420} INFO - Sync 1 DAGs
[2022-08-25 23:35:14,595] {logging_mixin.py:115} INFO - [2022-08-25 23:35:14,594] {dag.py:2972} INFO - Setting next_dagrun for example_python_operator to None, run_after=None
[2022-08-25 23:35:14,610] {processor.py:161} INFO - Processing /home/airflow/.local/lib/python3.7/site-packages/airflow/example_dags/example_python_operator.py took 0.106 seconds
[2022-08-25 23:35:45,360] {processor.py:153} INFO - Started process (PID=18163) to work on /home/airflow/.local/lib/python3.7/site-packages/airflow/example_dags/example_python_operator.py
[2022-08-25 23:35:45,361] {processor.py:641} INFO - Processing file /home/airflow/.local/lib/python3.7/site-packages/airflow/example_dags/example_python_operator.py for tasks to queue
[2022-08-25 23:35:45,362] {logging_mixin.py:115} INFO - [2022-08-25 23:35:45,362] {dagbag.py:508} INFO - Filling up the DagBag from /home/airflow/.local/lib/python3.7/site-packages/airflow/example_dags/example_python_operator.py
[2022-08-25 23:35:45,384] {processor.py:651} INFO - DAG(s) dict_keys(['example_python_operator']) retrieved from /home/airflow/.local/lib/python3.7/site-packages/airflow/example_dags/example_python_operator.py
[2022-08-25 23:35:45,419] {logging_mixin.py:115} INFO - [2022-08-25 23:35:45,419] {dag.py:2420} INFO - Sync 1 DAGs
[2022-08-25 23:35:45,455] {logging_mixin.py:115} INFO - [2022-08-25 23:35:45,455] {dag.py:2972} INFO - Setting next_dagrun for example_python_operator to None, run_after=None
[2022-08-25 23:35:45,469] {processor.py:161} INFO - Processing /home/airflow/.local/lib/python3.7/site-packages/airflow/example_dags/example_python_operator.py took 0.114 seconds
[2022-08-25 23:36:15,888] {processor.py:153} INFO - Started process (PID=18228) to work on /home/airflow/.local/lib/python3.7/site-packages/airflow/example_dags/example_python_operator.py
[2022-08-25 23:36:15,889] {processor.py:641} INFO - Processing file /home/airflow/.local/lib/python3.7/site-packages/airflow/example_dags/example_python_operator.py for tasks to queue
[2022-08-25 23:36:15,891] {logging_mixin.py:115} INFO - [2022-08-25 23:36:15,890] {dagbag.py:508} INFO - Filling up the DagBag from /home/airflow/.local/lib/python3.7/site-packages/airflow/example_dags/example_python_operator.py
[2022-08-25 23:36:15,917] {processor.py:651} INFO - DAG(s) dict_keys(['example_python_operator']) retrieved from /home/airflow/.local/lib/python3.7/site-packages/airflow/example_dags/example_python_operator.py
[2022-08-25 23:36:15,951] {logging_mixin.py:115} INFO - [2022-08-25 23:36:15,951] {dag.py:2420} INFO - Sync 1 DAGs
[2022-08-25 23:36:15,984] {logging_mixin.py:115} INFO - [2022-08-25 23:36:15,984] {dag.py:2972} INFO - Setting next_dagrun for example_python_operator to None, run_after=None
[2022-08-25 23:36:15,996] {processor.py:161} INFO - Processing /home/airflow/.local/lib/python3.7/site-packages/airflow/example_dags/example_python_operator.py took 0.112 seconds
[2022-08-25 23:36:46,554] {processor.py:153} INFO - Started process (PID=18293) to work on /home/airflow/.local/lib/python3.7/site-packages/airflow/example_dags/example_python_operator.py
[2022-08-25 23:36:46,555] {processor.py:641} INFO - Processing file /home/airflow/.local/lib/python3.7/site-packages/airflow/example_dags/example_python_operator.py for tasks to queue
[2022-08-25 23:36:46,556] {logging_mixin.py:115} INFO - [2022-08-25 23:36:46,556] {dagbag.py:508} INFO - Filling up the DagBag from /home/airflow/.local/lib/python3.7/site-packages/airflow/example_dags/example_python_operator.py
[2022-08-25 23:36:46,579] {processor.py:651} INFO - DAG(s) dict_keys(['example_python_operator']) retrieved from /home/airflow/.local/lib/python3.7/site-packages/airflow/example_dags/example_python_operator.py
[2022-08-25 23:36:46,616] {logging_mixin.py:115} INFO - [2022-08-25 23:36:46,616] {dag.py:2420} INFO - Sync 1 DAGs
[2022-08-25 23:36:46,651] {logging_mixin.py:115} INFO - [2022-08-25 23:36:46,651] {dag.py:2972} INFO - Setting next_dagrun for example_python_operator to None, run_after=None
[2022-08-25 23:36:46,665] {processor.py:161} INFO - Processing /home/airflow/.local/lib/python3.7/site-packages/airflow/example_dags/example_python_operator.py took 0.116 seconds
[2022-08-25 23:37:17,199] {processor.py:153} INFO - Started process (PID=18348) to work on /home/airflow/.local/lib/python3.7/site-packages/airflow/example_dags/example_python_operator.py
[2022-08-25 23:37:17,200] {processor.py:641} INFO - Processing file /home/airflow/.local/lib/python3.7/site-packages/airflow/example_dags/example_python_operator.py for tasks to queue
[2022-08-25 23:37:17,202] {logging_mixin.py:115} INFO - [2022-08-25 23:37:17,202] {dagbag.py:508} INFO - Filling up the DagBag from /home/airflow/.local/lib/python3.7/site-packages/airflow/example_dags/example_python_operator.py
[2022-08-25 23:37:17,231] {processor.py:651} INFO - DAG(s) dict_keys(['example_python_operator']) retrieved from /home/airflow/.local/lib/python3.7/site-packages/airflow/example_dags/example_python_operator.py
[2022-08-25 23:37:17,281] {logging_mixin.py:115} INFO - [2022-08-25 23:37:17,280] {dag.py:2420} INFO - Sync 1 DAGs
[2022-08-25 23:37:17,326] {logging_mixin.py:115} INFO - [2022-08-25 23:37:17,326] {dag.py:2972} INFO - Setting next_dagrun for example_python_operator to None, run_after=None
[2022-08-25 23:37:17,343] {processor.py:161} INFO - Processing /home/airflow/.local/lib/python3.7/site-packages/airflow/example_dags/example_python_operator.py took 0.152 seconds
[2022-08-25 23:37:48,005] {processor.py:153} INFO - Started process (PID=18412) to work on /home/airflow/.local/lib/python3.7/site-packages/airflow/example_dags/example_python_operator.py
[2022-08-25 23:37:48,006] {processor.py:641} INFO - Processing file /home/airflow/.local/lib/python3.7/site-packages/airflow/example_dags/example_python_operator.py for tasks to queue
[2022-08-25 23:37:48,008] {logging_mixin.py:115} INFO - [2022-08-25 23:37:48,008] {dagbag.py:508} INFO - Filling up the DagBag from /home/airflow/.local/lib/python3.7/site-packages/airflow/example_dags/example_python_operator.py
[2022-08-25 23:37:48,030] {processor.py:651} INFO - DAG(s) dict_keys(['example_python_operator']) retrieved from /home/airflow/.local/lib/python3.7/site-packages/airflow/example_dags/example_python_operator.py
[2022-08-25 23:37:48,064] {logging_mixin.py:115} INFO - [2022-08-25 23:37:48,063] {dag.py:2420} INFO - Sync 1 DAGs
[2022-08-25 23:37:48,091] {logging_mixin.py:115} INFO - [2022-08-25 23:37:48,091] {dag.py:2972} INFO - Setting next_dagrun for example_python_operator to None, run_after=None
[2022-08-25 23:37:48,107] {processor.py:161} INFO - Processing /home/airflow/.local/lib/python3.7/site-packages/airflow/example_dags/example_python_operator.py took 0.109 seconds
[2022-08-25 23:38:18,850] {processor.py:153} INFO - Started process (PID=18477) to work on /home/airflow/.local/lib/python3.7/site-packages/airflow/example_dags/example_python_operator.py
[2022-08-25 23:38:18,851] {processor.py:641} INFO - Processing file /home/airflow/.local/lib/python3.7/site-packages/airflow/example_dags/example_python_operator.py for tasks to queue
[2022-08-25 23:38:18,853] {logging_mixin.py:115} INFO - [2022-08-25 23:38:18,852] {dagbag.py:508} INFO - Filling up the DagBag from /home/airflow/.local/lib/python3.7/site-packages/airflow/example_dags/example_python_operator.py
[2022-08-25 23:38:18,876] {processor.py:651} INFO - DAG(s) dict_keys(['example_python_operator']) retrieved from /home/airflow/.local/lib/python3.7/site-packages/airflow/example_dags/example_python_operator.py
[2022-08-25 23:38:18,911] {logging_mixin.py:115} INFO - [2022-08-25 23:38:18,911] {dag.py:2420} INFO - Sync 1 DAGs
[2022-08-25 23:38:18,949] {logging_mixin.py:115} INFO - [2022-08-25 23:38:18,949] {dag.py:2972} INFO - Setting next_dagrun for example_python_operator to None, run_after=None
[2022-08-25 23:38:18,968] {processor.py:161} INFO - Processing /home/airflow/.local/lib/python3.7/site-packages/airflow/example_dags/example_python_operator.py took 0.124 seconds
[2022-08-25 23:38:49,592] {processor.py:153} INFO - Started process (PID=18532) to work on /home/airflow/.local/lib/python3.7/site-packages/airflow/example_dags/example_python_operator.py
[2022-08-25 23:38:49,596] {processor.py:641} INFO - Processing file /home/airflow/.local/lib/python3.7/site-packages/airflow/example_dags/example_python_operator.py for tasks to queue
[2022-08-25 23:38:49,600] {logging_mixin.py:115} INFO - [2022-08-25 23:38:49,599] {dagbag.py:508} INFO - Filling up the DagBag from /home/airflow/.local/lib/python3.7/site-packages/airflow/example_dags/example_python_operator.py
[2022-08-25 23:38:49,629] {processor.py:651} INFO - DAG(s) dict_keys(['example_python_operator']) retrieved from /home/airflow/.local/lib/python3.7/site-packages/airflow/example_dags/example_python_operator.py
[2022-08-25 23:38:49,673] {logging_mixin.py:115} INFO - [2022-08-25 23:38:49,673] {dag.py:2420} INFO - Sync 1 DAGs
[2022-08-25 23:38:49,706] {logging_mixin.py:115} INFO - [2022-08-25 23:38:49,706] {dag.py:2972} INFO - Setting next_dagrun for example_python_operator to None, run_after=None
[2022-08-25 23:38:49,723] {processor.py:161} INFO - Processing /home/airflow/.local/lib/python3.7/site-packages/airflow/example_dags/example_python_operator.py took 0.136 seconds
[2022-08-25 23:39:20,145] {processor.py:153} INFO - Started process (PID=18597) to work on /home/airflow/.local/lib/python3.7/site-packages/airflow/example_dags/example_python_operator.py
[2022-08-25 23:39:20,146] {processor.py:641} INFO - Processing file /home/airflow/.local/lib/python3.7/site-packages/airflow/example_dags/example_python_operator.py for tasks to queue
[2022-08-25 23:39:20,147] {logging_mixin.py:115} INFO - [2022-08-25 23:39:20,147] {dagbag.py:508} INFO - Filling up the DagBag from /home/airflow/.local/lib/python3.7/site-packages/airflow/example_dags/example_python_operator.py
[2022-08-25 23:39:20,170] {processor.py:651} INFO - DAG(s) dict_keys(['example_python_operator']) retrieved from /home/airflow/.local/lib/python3.7/site-packages/airflow/example_dags/example_python_operator.py
[2022-08-25 23:39:20,205] {logging_mixin.py:115} INFO - [2022-08-25 23:39:20,205] {dag.py:2420} INFO - Sync 1 DAGs
[2022-08-25 23:39:20,233] {logging_mixin.py:115} INFO - [2022-08-25 23:39:20,232] {dag.py:2972} INFO - Setting next_dagrun for example_python_operator to None, run_after=None
[2022-08-25 23:39:20,251] {processor.py:161} INFO - Processing /home/airflow/.local/lib/python3.7/site-packages/airflow/example_dags/example_python_operator.py took 0.110 seconds
[2022-08-25 23:39:50,969] {processor.py:153} INFO - Started process (PID=18653) to work on /home/airflow/.local/lib/python3.7/site-packages/airflow/example_dags/example_python_operator.py
[2022-08-25 23:39:50,971] {processor.py:641} INFO - Processing file /home/airflow/.local/lib/python3.7/site-packages/airflow/example_dags/example_python_operator.py for tasks to queue
[2022-08-25 23:39:50,974] {logging_mixin.py:115} INFO - [2022-08-25 23:39:50,974] {dagbag.py:508} INFO - Filling up the DagBag from /home/airflow/.local/lib/python3.7/site-packages/airflow/example_dags/example_python_operator.py
[2022-08-25 23:39:51,038] {processor.py:651} INFO - DAG(s) dict_keys(['example_python_operator']) retrieved from /home/airflow/.local/lib/python3.7/site-packages/airflow/example_dags/example_python_operator.py
[2022-08-25 23:39:51,164] {logging_mixin.py:115} INFO - [2022-08-25 23:39:51,164] {dag.py:2420} INFO - Sync 1 DAGs
[2022-08-25 23:39:51,208] {logging_mixin.py:115} INFO - [2022-08-25 23:39:51,208] {dag.py:2972} INFO - Setting next_dagrun for example_python_operator to None, run_after=None
[2022-08-25 23:39:51,224] {processor.py:161} INFO - Processing /home/airflow/.local/lib/python3.7/site-packages/airflow/example_dags/example_python_operator.py took 0.267 seconds
[2022-08-25 23:40:22,106] {processor.py:153} INFO - Started process (PID=18718) to work on /home/airflow/.local/lib/python3.7/site-packages/airflow/example_dags/example_python_operator.py
[2022-08-25 23:40:22,107] {processor.py:641} INFO - Processing file /home/airflow/.local/lib/python3.7/site-packages/airflow/example_dags/example_python_operator.py for tasks to queue
[2022-08-25 23:40:22,108] {logging_mixin.py:115} INFO - [2022-08-25 23:40:22,108] {dagbag.py:508} INFO - Filling up the DagBag from /home/airflow/.local/lib/python3.7/site-packages/airflow/example_dags/example_python_operator.py
[2022-08-25 23:40:22,130] {processor.py:651} INFO - DAG(s) dict_keys(['example_python_operator']) retrieved from /home/airflow/.local/lib/python3.7/site-packages/airflow/example_dags/example_python_operator.py
[2022-08-25 23:40:22,166] {logging_mixin.py:115} INFO - [2022-08-25 23:40:22,165] {dag.py:2420} INFO - Sync 1 DAGs
[2022-08-25 23:40:22,193] {logging_mixin.py:115} INFO - [2022-08-25 23:40:22,193] {dag.py:2972} INFO - Setting next_dagrun for example_python_operator to None, run_after=None
[2022-08-25 23:40:22,208] {processor.py:161} INFO - Processing /home/airflow/.local/lib/python3.7/site-packages/airflow/example_dags/example_python_operator.py took 0.106 seconds
[2022-08-25 23:40:52,339] {processor.py:153} INFO - Started process (PID=18782) to work on /home/airflow/.local/lib/python3.7/site-packages/airflow/example_dags/example_python_operator.py
[2022-08-25 23:40:52,340] {processor.py:641} INFO - Processing file /home/airflow/.local/lib/python3.7/site-packages/airflow/example_dags/example_python_operator.py for tasks to queue
[2022-08-25 23:40:52,341] {logging_mixin.py:115} INFO - [2022-08-25 23:40:52,341] {dagbag.py:508} INFO - Filling up the DagBag from /home/airflow/.local/lib/python3.7/site-packages/airflow/example_dags/example_python_operator.py
[2022-08-25 23:40:52,367] {processor.py:651} INFO - DAG(s) dict_keys(['example_python_operator']) retrieved from /home/airflow/.local/lib/python3.7/site-packages/airflow/example_dags/example_python_operator.py
[2022-08-25 23:40:52,408] {logging_mixin.py:115} INFO - [2022-08-25 23:40:52,408] {dag.py:2420} INFO - Sync 1 DAGs
[2022-08-25 23:40:52,446] {logging_mixin.py:115} INFO - [2022-08-25 23:40:52,446] {dag.py:2972} INFO - Setting next_dagrun for example_python_operator to None, run_after=None
[2022-08-25 23:40:52,460] {processor.py:161} INFO - Processing /home/airflow/.local/lib/python3.7/site-packages/airflow/example_dags/example_python_operator.py took 0.130 seconds
[2022-08-25 23:41:23,303] {processor.py:153} INFO - Started process (PID=18837) to work on /home/airflow/.local/lib/python3.7/site-packages/airflow/example_dags/example_python_operator.py
[2022-08-25 23:41:23,304] {processor.py:641} INFO - Processing file /home/airflow/.local/lib/python3.7/site-packages/airflow/example_dags/example_python_operator.py for tasks to queue
[2022-08-25 23:41:23,306] {logging_mixin.py:115} INFO - [2022-08-25 23:41:23,305] {dagbag.py:508} INFO - Filling up the DagBag from /home/airflow/.local/lib/python3.7/site-packages/airflow/example_dags/example_python_operator.py
[2022-08-25 23:41:23,331] {processor.py:651} INFO - DAG(s) dict_keys(['example_python_operator']) retrieved from /home/airflow/.local/lib/python3.7/site-packages/airflow/example_dags/example_python_operator.py
[2022-08-25 23:41:23,374] {logging_mixin.py:115} INFO - [2022-08-25 23:41:23,374] {dag.py:2420} INFO - Sync 1 DAGs
[2022-08-25 23:41:23,416] {logging_mixin.py:115} INFO - [2022-08-25 23:41:23,416] {dag.py:2972} INFO - Setting next_dagrun for example_python_operator to None, run_after=None
[2022-08-25 23:41:23,431] {processor.py:161} INFO - Processing /home/airflow/.local/lib/python3.7/site-packages/airflow/example_dags/example_python_operator.py took 0.132 seconds
[2022-08-25 23:41:54,141] {processor.py:153} INFO - Started process (PID=18901) to work on /home/airflow/.local/lib/python3.7/site-packages/airflow/example_dags/example_python_operator.py
[2022-08-25 23:41:54,148] {processor.py:641} INFO - Processing file /home/airflow/.local/lib/python3.7/site-packages/airflow/example_dags/example_python_operator.py for tasks to queue
[2022-08-25 23:41:54,154] {logging_mixin.py:115} INFO - [2022-08-25 23:41:54,153] {dagbag.py:508} INFO - Filling up the DagBag from /home/airflow/.local/lib/python3.7/site-packages/airflow/example_dags/example_python_operator.py
[2022-08-25 23:41:54,206] {processor.py:651} INFO - DAG(s) dict_keys(['example_python_operator']) retrieved from /home/airflow/.local/lib/python3.7/site-packages/airflow/example_dags/example_python_operator.py
[2022-08-25 23:41:54,282] {logging_mixin.py:115} INFO - [2022-08-25 23:41:54,281] {dag.py:2420} INFO - Sync 1 DAGs
[2022-08-25 23:41:54,369] {logging_mixin.py:115} INFO - [2022-08-25 23:41:54,369] {dag.py:2972} INFO - Setting next_dagrun for example_python_operator to None, run_after=None
[2022-08-25 23:41:54,431] {processor.py:161} INFO - Processing /home/airflow/.local/lib/python3.7/site-packages/airflow/example_dags/example_python_operator.py took 0.304 seconds
[2022-08-25 23:42:24,642] {processor.py:153} INFO - Started process (PID=18956) to work on /home/airflow/.local/lib/python3.7/site-packages/airflow/example_dags/example_python_operator.py
[2022-08-25 23:42:24,644] {processor.py:641} INFO - Processing file /home/airflow/.local/lib/python3.7/site-packages/airflow/example_dags/example_python_operator.py for tasks to queue
[2022-08-25 23:42:24,645] {logging_mixin.py:115} INFO - [2022-08-25 23:42:24,645] {dagbag.py:508} INFO - Filling up the DagBag from /home/airflow/.local/lib/python3.7/site-packages/airflow/example_dags/example_python_operator.py
[2022-08-25 23:42:24,670] {processor.py:651} INFO - DAG(s) dict_keys(['example_python_operator']) retrieved from /home/airflow/.local/lib/python3.7/site-packages/airflow/example_dags/example_python_operator.py
[2022-08-25 23:42:24,704] {logging_mixin.py:115} INFO - [2022-08-25 23:42:24,704] {dag.py:2420} INFO - Sync 1 DAGs
[2022-08-25 23:42:24,732] {logging_mixin.py:115} INFO - [2022-08-25 23:42:24,732] {dag.py:2972} INFO - Setting next_dagrun for example_python_operator to None, run_after=None
[2022-08-25 23:42:24,749] {processor.py:161} INFO - Processing /home/airflow/.local/lib/python3.7/site-packages/airflow/example_dags/example_python_operator.py took 0.112 seconds
[2022-08-25 23:42:55,196] {processor.py:153} INFO - Started process (PID=19020) to work on /home/airflow/.local/lib/python3.7/site-packages/airflow/example_dags/example_python_operator.py
[2022-08-25 23:42:55,198] {processor.py:641} INFO - Processing file /home/airflow/.local/lib/python3.7/site-packages/airflow/example_dags/example_python_operator.py for tasks to queue
[2022-08-25 23:42:55,199] {logging_mixin.py:115} INFO - [2022-08-25 23:42:55,199] {dagbag.py:508} INFO - Filling up the DagBag from /home/airflow/.local/lib/python3.7/site-packages/airflow/example_dags/example_python_operator.py
[2022-08-25 23:42:55,221] {processor.py:651} INFO - DAG(s) dict_keys(['example_python_operator']) retrieved from /home/airflow/.local/lib/python3.7/site-packages/airflow/example_dags/example_python_operator.py
[2022-08-25 23:42:55,255] {logging_mixin.py:115} INFO - [2022-08-25 23:42:55,255] {dag.py:2420} INFO - Sync 1 DAGs
[2022-08-25 23:42:55,284] {logging_mixin.py:115} INFO - [2022-08-25 23:42:55,284] {dag.py:2972} INFO - Setting next_dagrun for example_python_operator to None, run_after=None
[2022-08-25 23:42:55,310] {processor.py:161} INFO - Processing /home/airflow/.local/lib/python3.7/site-packages/airflow/example_dags/example_python_operator.py took 0.118 seconds
[2022-08-25 23:43:25,689] {processor.py:153} INFO - Started process (PID=19085) to work on /home/airflow/.local/lib/python3.7/site-packages/airflow/example_dags/example_python_operator.py
[2022-08-25 23:43:25,692] {processor.py:641} INFO - Processing file /home/airflow/.local/lib/python3.7/site-packages/airflow/example_dags/example_python_operator.py for tasks to queue
[2022-08-25 23:43:25,694] {logging_mixin.py:115} INFO - [2022-08-25 23:43:25,693] {dagbag.py:508} INFO - Filling up the DagBag from /home/airflow/.local/lib/python3.7/site-packages/airflow/example_dags/example_python_operator.py
[2022-08-25 23:43:25,722] {processor.py:651} INFO - DAG(s) dict_keys(['example_python_operator']) retrieved from /home/airflow/.local/lib/python3.7/site-packages/airflow/example_dags/example_python_operator.py
[2022-08-25 23:43:25,767] {logging_mixin.py:115} INFO - [2022-08-25 23:43:25,767] {dag.py:2420} INFO - Sync 1 DAGs
[2022-08-25 23:43:25,806] {logging_mixin.py:115} INFO - [2022-08-25 23:43:25,805] {dag.py:2972} INFO - Setting next_dagrun for example_python_operator to None, run_after=None
[2022-08-25 23:43:25,837] {processor.py:161} INFO - Processing /home/airflow/.local/lib/python3.7/site-packages/airflow/example_dags/example_python_operator.py took 0.164 seconds
[2022-08-25 23:43:55,956] {processor.py:153} INFO - Started process (PID=19140) to work on /home/airflow/.local/lib/python3.7/site-packages/airflow/example_dags/example_python_operator.py
[2022-08-25 23:43:55,957] {processor.py:641} INFO - Processing file /home/airflow/.local/lib/python3.7/site-packages/airflow/example_dags/example_python_operator.py for tasks to queue
[2022-08-25 23:43:55,958] {logging_mixin.py:115} INFO - [2022-08-25 23:43:55,958] {dagbag.py:508} INFO - Filling up the DagBag from /home/airflow/.local/lib/python3.7/site-packages/airflow/example_dags/example_python_operator.py
[2022-08-25 23:43:55,980] {processor.py:651} INFO - DAG(s) dict_keys(['example_python_operator']) retrieved from /home/airflow/.local/lib/python3.7/site-packages/airflow/example_dags/example_python_operator.py
[2022-08-25 23:43:56,015] {logging_mixin.py:115} INFO - [2022-08-25 23:43:56,015] {dag.py:2420} INFO - Sync 1 DAGs
[2022-08-25 23:43:56,043] {logging_mixin.py:115} INFO - [2022-08-25 23:43:56,043] {dag.py:2972} INFO - Setting next_dagrun for example_python_operator to None, run_after=None
[2022-08-25 23:43:56,059] {processor.py:161} INFO - Processing /home/airflow/.local/lib/python3.7/site-packages/airflow/example_dags/example_python_operator.py took 0.108 seconds
[2022-08-25 23:44:26,691] {processor.py:153} INFO - Started process (PID=19205) to work on /home/airflow/.local/lib/python3.7/site-packages/airflow/example_dags/example_python_operator.py
[2022-08-25 23:44:26,692] {processor.py:641} INFO - Processing file /home/airflow/.local/lib/python3.7/site-packages/airflow/example_dags/example_python_operator.py for tasks to queue
[2022-08-25 23:44:26,693] {logging_mixin.py:115} INFO - [2022-08-25 23:44:26,693] {dagbag.py:508} INFO - Filling up the DagBag from /home/airflow/.local/lib/python3.7/site-packages/airflow/example_dags/example_python_operator.py
[2022-08-25 23:44:26,715] {processor.py:651} INFO - DAG(s) dict_keys(['example_python_operator']) retrieved from /home/airflow/.local/lib/python3.7/site-packages/airflow/example_dags/example_python_operator.py
[2022-08-25 23:44:26,765] {logging_mixin.py:115} INFO - [2022-08-25 23:44:26,765] {dag.py:2420} INFO - Sync 1 DAGs
[2022-08-25 23:44:26,794] {logging_mixin.py:115} INFO - [2022-08-25 23:44:26,794] {dag.py:2972} INFO - Setting next_dagrun for example_python_operator to None, run_after=None
[2022-08-25 23:44:26,808] {processor.py:161} INFO - Processing /home/airflow/.local/lib/python3.7/site-packages/airflow/example_dags/example_python_operator.py took 0.122 seconds
[2022-08-25 23:44:57,105] {processor.py:153} INFO - Started process (PID=19261) to work on /home/airflow/.local/lib/python3.7/site-packages/airflow/example_dags/example_python_operator.py
[2022-08-25 23:44:57,107] {processor.py:641} INFO - Processing file /home/airflow/.local/lib/python3.7/site-packages/airflow/example_dags/example_python_operator.py for tasks to queue
[2022-08-25 23:44:57,108] {logging_mixin.py:115} INFO - [2022-08-25 23:44:57,108] {dagbag.py:508} INFO - Filling up the DagBag from /home/airflow/.local/lib/python3.7/site-packages/airflow/example_dags/example_python_operator.py
[2022-08-25 23:44:57,133] {processor.py:651} INFO - DAG(s) dict_keys(['example_python_operator']) retrieved from /home/airflow/.local/lib/python3.7/site-packages/airflow/example_dags/example_python_operator.py
[2022-08-25 23:44:57,189] {logging_mixin.py:115} INFO - [2022-08-25 23:44:57,189] {dag.py:2420} INFO - Sync 1 DAGs
[2022-08-25 23:44:57,223] {logging_mixin.py:115} INFO - [2022-08-25 23:44:57,223] {dag.py:2972} INFO - Setting next_dagrun for example_python_operator to None, run_after=None
[2022-08-25 23:44:57,240] {processor.py:161} INFO - Processing /home/airflow/.local/lib/python3.7/site-packages/airflow/example_dags/example_python_operator.py took 0.140 seconds
[2022-08-25 23:45:27,387] {processor.py:153} INFO - Started process (PID=19325) to work on /home/airflow/.local/lib/python3.7/site-packages/airflow/example_dags/example_python_operator.py
[2022-08-25 23:45:27,388] {processor.py:641} INFO - Processing file /home/airflow/.local/lib/python3.7/site-packages/airflow/example_dags/example_python_operator.py for tasks to queue
[2022-08-25 23:45:27,390] {logging_mixin.py:115} INFO - [2022-08-25 23:45:27,390] {dagbag.py:508} INFO - Filling up the DagBag from /home/airflow/.local/lib/python3.7/site-packages/airflow/example_dags/example_python_operator.py
[2022-08-25 23:45:27,416] {processor.py:651} INFO - DAG(s) dict_keys(['example_python_operator']) retrieved from /home/airflow/.local/lib/python3.7/site-packages/airflow/example_dags/example_python_operator.py
[2022-08-25 23:45:27,451] {logging_mixin.py:115} INFO - [2022-08-25 23:45:27,451] {dag.py:2420} INFO - Sync 1 DAGs
[2022-08-25 23:45:27,482] {logging_mixin.py:115} INFO - [2022-08-25 23:45:27,481] {dag.py:2972} INFO - Setting next_dagrun for example_python_operator to None, run_after=None
[2022-08-25 23:45:27,499] {processor.py:161} INFO - Processing /home/airflow/.local/lib/python3.7/site-packages/airflow/example_dags/example_python_operator.py took 0.117 seconds
[2022-08-25 23:45:57,994] {processor.py:153} INFO - Started process (PID=19390) to work on /home/airflow/.local/lib/python3.7/site-packages/airflow/example_dags/example_python_operator.py
[2022-08-25 23:45:57,995] {processor.py:641} INFO - Processing file /home/airflow/.local/lib/python3.7/site-packages/airflow/example_dags/example_python_operator.py for tasks to queue
[2022-08-25 23:45:57,996] {logging_mixin.py:115} INFO - [2022-08-25 23:45:57,996] {dagbag.py:508} INFO - Filling up the DagBag from /home/airflow/.local/lib/python3.7/site-packages/airflow/example_dags/example_python_operator.py
[2022-08-25 23:45:58,029] {processor.py:651} INFO - DAG(s) dict_keys(['example_python_operator']) retrieved from /home/airflow/.local/lib/python3.7/site-packages/airflow/example_dags/example_python_operator.py
[2022-08-25 23:45:58,092] {logging_mixin.py:115} INFO - [2022-08-25 23:45:58,092] {dag.py:2420} INFO - Sync 1 DAGs
[2022-08-25 23:45:58,139] {logging_mixin.py:115} INFO - [2022-08-25 23:45:58,139] {dag.py:2972} INFO - Setting next_dagrun for example_python_operator to None, run_after=None
[2022-08-25 23:45:58,158] {processor.py:161} INFO - Processing /home/airflow/.local/lib/python3.7/site-packages/airflow/example_dags/example_python_operator.py took 0.169 seconds
[2022-08-25 23:46:28,246] {processor.py:153} INFO - Started process (PID=19445) to work on /home/airflow/.local/lib/python3.7/site-packages/airflow/example_dags/example_python_operator.py
[2022-08-25 23:46:28,247] {processor.py:641} INFO - Processing file /home/airflow/.local/lib/python3.7/site-packages/airflow/example_dags/example_python_operator.py for tasks to queue
[2022-08-25 23:46:28,249] {logging_mixin.py:115} INFO - [2022-08-25 23:46:28,249] {dagbag.py:508} INFO - Filling up the DagBag from /home/airflow/.local/lib/python3.7/site-packages/airflow/example_dags/example_python_operator.py
[2022-08-25 23:46:28,280] {processor.py:651} INFO - DAG(s) dict_keys(['example_python_operator']) retrieved from /home/airflow/.local/lib/python3.7/site-packages/airflow/example_dags/example_python_operator.py
[2022-08-25 23:46:28,324] {logging_mixin.py:115} INFO - [2022-08-25 23:46:28,324] {dag.py:2420} INFO - Sync 1 DAGs
[2022-08-25 23:46:28,361] {logging_mixin.py:115} INFO - [2022-08-25 23:46:28,361] {dag.py:2972} INFO - Setting next_dagrun for example_python_operator to None, run_after=None
[2022-08-25 23:46:28,377] {processor.py:161} INFO - Processing /home/airflow/.local/lib/python3.7/site-packages/airflow/example_dags/example_python_operator.py took 0.137 seconds
[2022-08-25 23:46:58,960] {processor.py:153} INFO - Started process (PID=19511) to work on /home/airflow/.local/lib/python3.7/site-packages/airflow/example_dags/example_python_operator.py
[2022-08-25 23:46:58,961] {processor.py:641} INFO - Processing file /home/airflow/.local/lib/python3.7/site-packages/airflow/example_dags/example_python_operator.py for tasks to queue
[2022-08-25 23:46:58,962] {logging_mixin.py:115} INFO - [2022-08-25 23:46:58,962] {dagbag.py:508} INFO - Filling up the DagBag from /home/airflow/.local/lib/python3.7/site-packages/airflow/example_dags/example_python_operator.py
[2022-08-25 23:46:58,985] {processor.py:651} INFO - DAG(s) dict_keys(['example_python_operator']) retrieved from /home/airflow/.local/lib/python3.7/site-packages/airflow/example_dags/example_python_operator.py
[2022-08-25 23:46:59,020] {logging_mixin.py:115} INFO - [2022-08-25 23:46:59,020] {dag.py:2420} INFO - Sync 1 DAGs
[2022-08-25 23:46:59,048] {logging_mixin.py:115} INFO - [2022-08-25 23:46:59,048] {dag.py:2972} INFO - Setting next_dagrun for example_python_operator to None, run_after=None
[2022-08-25 23:46:59,062] {processor.py:161} INFO - Processing /home/airflow/.local/lib/python3.7/site-packages/airflow/example_dags/example_python_operator.py took 0.107 seconds
[2022-08-25 23:47:29,941] {processor.py:153} INFO - Started process (PID=19567) to work on /home/airflow/.local/lib/python3.7/site-packages/airflow/example_dags/example_python_operator.py
[2022-08-25 23:47:29,942] {processor.py:641} INFO - Processing file /home/airflow/.local/lib/python3.7/site-packages/airflow/example_dags/example_python_operator.py for tasks to queue
[2022-08-25 23:47:29,943] {logging_mixin.py:115} INFO - [2022-08-25 23:47:29,943] {dagbag.py:508} INFO - Filling up the DagBag from /home/airflow/.local/lib/python3.7/site-packages/airflow/example_dags/example_python_operator.py
[2022-08-25 23:47:29,965] {processor.py:651} INFO - DAG(s) dict_keys(['example_python_operator']) retrieved from /home/airflow/.local/lib/python3.7/site-packages/airflow/example_dags/example_python_operator.py
[2022-08-25 23:47:29,999] {logging_mixin.py:115} INFO - [2022-08-25 23:47:29,999] {dag.py:2420} INFO - Sync 1 DAGs
[2022-08-25 23:47:30,026] {logging_mixin.py:115} INFO - [2022-08-25 23:47:30,026] {dag.py:2972} INFO - Setting next_dagrun for example_python_operator to None, run_after=None
[2022-08-25 23:47:30,049] {processor.py:161} INFO - Processing /home/airflow/.local/lib/python3.7/site-packages/airflow/example_dags/example_python_operator.py took 0.113 seconds
[2022-08-25 23:48:00,926] {processor.py:153} INFO - Started process (PID=19632) to work on /home/airflow/.local/lib/python3.7/site-packages/airflow/example_dags/example_python_operator.py
[2022-08-25 23:48:00,930] {processor.py:641} INFO - Processing file /home/airflow/.local/lib/python3.7/site-packages/airflow/example_dags/example_python_operator.py for tasks to queue
[2022-08-25 23:48:00,932] {logging_mixin.py:115} INFO - [2022-08-25 23:48:00,932] {dagbag.py:508} INFO - Filling up the DagBag from /home/airflow/.local/lib/python3.7/site-packages/airflow/example_dags/example_python_operator.py
[2022-08-25 23:48:00,956] {processor.py:651} INFO - DAG(s) dict_keys(['example_python_operator']) retrieved from /home/airflow/.local/lib/python3.7/site-packages/airflow/example_dags/example_python_operator.py
[2022-08-25 23:48:01,000] {logging_mixin.py:115} INFO - [2022-08-25 23:48:01,000] {dag.py:2420} INFO - Sync 1 DAGs
[2022-08-25 23:48:01,043] {logging_mixin.py:115} INFO - [2022-08-25 23:48:01,043] {dag.py:2972} INFO - Setting next_dagrun for example_python_operator to None, run_after=None
[2022-08-25 23:48:01,063] {processor.py:161} INFO - Processing /home/airflow/.local/lib/python3.7/site-packages/airflow/example_dags/example_python_operator.py took 0.146 seconds
[2022-08-25 23:48:31,109] {processor.py:153} INFO - Started process (PID=19697) to work on /home/airflow/.local/lib/python3.7/site-packages/airflow/example_dags/example_python_operator.py
[2022-08-25 23:48:31,111] {processor.py:641} INFO - Processing file /home/airflow/.local/lib/python3.7/site-packages/airflow/example_dags/example_python_operator.py for tasks to queue
[2022-08-25 23:48:31,112] {logging_mixin.py:115} INFO - [2022-08-25 23:48:31,112] {dagbag.py:508} INFO - Filling up the DagBag from /home/airflow/.local/lib/python3.7/site-packages/airflow/example_dags/example_python_operator.py
[2022-08-25 23:48:31,138] {processor.py:651} INFO - DAG(s) dict_keys(['example_python_operator']) retrieved from /home/airflow/.local/lib/python3.7/site-packages/airflow/example_dags/example_python_operator.py
[2022-08-25 23:48:31,179] {logging_mixin.py:115} INFO - [2022-08-25 23:48:31,179] {dag.py:2420} INFO - Sync 1 DAGs
[2022-08-25 23:48:31,213] {logging_mixin.py:115} INFO - [2022-08-25 23:48:31,212] {dag.py:2972} INFO - Setting next_dagrun for example_python_operator to None, run_after=None
[2022-08-25 23:48:31,229] {processor.py:161} INFO - Processing /home/airflow/.local/lib/python3.7/site-packages/airflow/example_dags/example_python_operator.py took 0.126 seconds
[2022-08-25 23:49:01,960] {processor.py:153} INFO - Started process (PID=19752) to work on /home/airflow/.local/lib/python3.7/site-packages/airflow/example_dags/example_python_operator.py
[2022-08-25 23:49:01,962] {processor.py:641} INFO - Processing file /home/airflow/.local/lib/python3.7/site-packages/airflow/example_dags/example_python_operator.py for tasks to queue
[2022-08-25 23:49:01,965] {logging_mixin.py:115} INFO - [2022-08-25 23:49:01,964] {dagbag.py:508} INFO - Filling up the DagBag from /home/airflow/.local/lib/python3.7/site-packages/airflow/example_dags/example_python_operator.py
[2022-08-25 23:49:01,994] {processor.py:651} INFO - DAG(s) dict_keys(['example_python_operator']) retrieved from /home/airflow/.local/lib/python3.7/site-packages/airflow/example_dags/example_python_operator.py
[2022-08-25 23:49:02,041] {logging_mixin.py:115} INFO - [2022-08-25 23:49:02,041] {dag.py:2420} INFO - Sync 1 DAGs
[2022-08-25 23:49:02,079] {logging_mixin.py:115} INFO - [2022-08-25 23:49:02,078] {dag.py:2972} INFO - Setting next_dagrun for example_python_operator to None, run_after=None
[2022-08-25 23:49:02,098] {processor.py:161} INFO - Processing /home/airflow/.local/lib/python3.7/site-packages/airflow/example_dags/example_python_operator.py took 0.145 seconds
[2022-08-25 23:49:32,450] {processor.py:153} INFO - Started process (PID=19816) to work on /home/airflow/.local/lib/python3.7/site-packages/airflow/example_dags/example_python_operator.py
[2022-08-25 23:49:32,452] {processor.py:641} INFO - Processing file /home/airflow/.local/lib/python3.7/site-packages/airflow/example_dags/example_python_operator.py for tasks to queue
[2022-08-25 23:49:32,453] {logging_mixin.py:115} INFO - [2022-08-25 23:49:32,453] {dagbag.py:508} INFO - Filling up the DagBag from /home/airflow/.local/lib/python3.7/site-packages/airflow/example_dags/example_python_operator.py
[2022-08-25 23:49:32,480] {processor.py:651} INFO - DAG(s) dict_keys(['example_python_operator']) retrieved from /home/airflow/.local/lib/python3.7/site-packages/airflow/example_dags/example_python_operator.py
[2022-08-25 23:49:32,518] {logging_mixin.py:115} INFO - [2022-08-25 23:49:32,518] {dag.py:2420} INFO - Sync 1 DAGs
[2022-08-25 23:49:32,549] {logging_mixin.py:115} INFO - [2022-08-25 23:49:32,549] {dag.py:2972} INFO - Setting next_dagrun for example_python_operator to None, run_after=None
[2022-08-25 23:49:32,572] {processor.py:161} INFO - Processing /home/airflow/.local/lib/python3.7/site-packages/airflow/example_dags/example_python_operator.py took 0.128 seconds
[2022-08-25 23:50:02,872] {processor.py:153} INFO - Started process (PID=19871) to work on /home/airflow/.local/lib/python3.7/site-packages/airflow/example_dags/example_python_operator.py
[2022-08-25 23:50:02,873] {processor.py:641} INFO - Processing file /home/airflow/.local/lib/python3.7/site-packages/airflow/example_dags/example_python_operator.py for tasks to queue
[2022-08-25 23:50:02,874] {logging_mixin.py:115} INFO - [2022-08-25 23:50:02,874] {dagbag.py:508} INFO - Filling up the DagBag from /home/airflow/.local/lib/python3.7/site-packages/airflow/example_dags/example_python_operator.py
[2022-08-25 23:50:02,898] {processor.py:651} INFO - DAG(s) dict_keys(['example_python_operator']) retrieved from /home/airflow/.local/lib/python3.7/site-packages/airflow/example_dags/example_python_operator.py
[2022-08-25 23:50:02,934] {logging_mixin.py:115} INFO - [2022-08-25 23:50:02,934] {dag.py:2420} INFO - Sync 1 DAGs
[2022-08-25 23:50:02,963] {logging_mixin.py:115} INFO - [2022-08-25 23:50:02,963] {dag.py:2972} INFO - Setting next_dagrun for example_python_operator to None, run_after=None
[2022-08-25 23:50:02,979] {processor.py:161} INFO - Processing /home/airflow/.local/lib/python3.7/site-packages/airflow/example_dags/example_python_operator.py took 0.112 seconds
[2022-08-25 23:50:33,300] {processor.py:153} INFO - Started process (PID=19935) to work on /home/airflow/.local/lib/python3.7/site-packages/airflow/example_dags/example_python_operator.py
[2022-08-25 23:50:33,302] {processor.py:641} INFO - Processing file /home/airflow/.local/lib/python3.7/site-packages/airflow/example_dags/example_python_operator.py for tasks to queue
[2022-08-25 23:50:33,303] {logging_mixin.py:115} INFO - [2022-08-25 23:50:33,303] {dagbag.py:508} INFO - Filling up the DagBag from /home/airflow/.local/lib/python3.7/site-packages/airflow/example_dags/example_python_operator.py
[2022-08-25 23:50:33,355] {processor.py:651} INFO - DAG(s) dict_keys(['example_python_operator']) retrieved from /home/airflow/.local/lib/python3.7/site-packages/airflow/example_dags/example_python_operator.py
[2022-08-25 23:50:33,395] {logging_mixin.py:115} INFO - [2022-08-25 23:50:33,395] {dag.py:2420} INFO - Sync 1 DAGs
[2022-08-25 23:50:33,433] {logging_mixin.py:115} INFO - [2022-08-25 23:50:33,432] {dag.py:2972} INFO - Setting next_dagrun for example_python_operator to None, run_after=None
[2022-08-25 23:50:33,450] {processor.py:161} INFO - Processing /home/airflow/.local/lib/python3.7/site-packages/airflow/example_dags/example_python_operator.py took 0.155 seconds
[2022-08-25 23:51:03,703] {processor.py:153} INFO - Started process (PID=19999) to work on /home/airflow/.local/lib/python3.7/site-packages/airflow/example_dags/example_python_operator.py
[2022-08-25 23:51:03,704] {processor.py:641} INFO - Processing file /home/airflow/.local/lib/python3.7/site-packages/airflow/example_dags/example_python_operator.py for tasks to queue
[2022-08-25 23:51:03,706] {logging_mixin.py:115} INFO - [2022-08-25 23:51:03,705] {dagbag.py:508} INFO - Filling up the DagBag from /home/airflow/.local/lib/python3.7/site-packages/airflow/example_dags/example_python_operator.py
[2022-08-25 23:51:03,728] {processor.py:651} INFO - DAG(s) dict_keys(['example_python_operator']) retrieved from /home/airflow/.local/lib/python3.7/site-packages/airflow/example_dags/example_python_operator.py
[2022-08-25 23:51:03,768] {logging_mixin.py:115} INFO - [2022-08-25 23:51:03,767] {dag.py:2420} INFO - Sync 1 DAGs
[2022-08-25 23:51:03,798] {logging_mixin.py:115} INFO - [2022-08-25 23:51:03,798] {dag.py:2972} INFO - Setting next_dagrun for example_python_operator to None, run_after=None
[2022-08-25 23:51:03,813] {processor.py:161} INFO - Processing /home/airflow/.local/lib/python3.7/site-packages/airflow/example_dags/example_python_operator.py took 0.120 seconds
[2022-08-25 23:51:33,975] {processor.py:153} INFO - Started process (PID=20055) to work on /home/airflow/.local/lib/python3.7/site-packages/airflow/example_dags/example_python_operator.py
[2022-08-25 23:51:33,977] {processor.py:641} INFO - Processing file /home/airflow/.local/lib/python3.7/site-packages/airflow/example_dags/example_python_operator.py for tasks to queue
[2022-08-25 23:51:33,978] {logging_mixin.py:115} INFO - [2022-08-25 23:51:33,978] {dagbag.py:508} INFO - Filling up the DagBag from /home/airflow/.local/lib/python3.7/site-packages/airflow/example_dags/example_python_operator.py
[2022-08-25 23:51:34,014] {processor.py:651} INFO - DAG(s) dict_keys(['example_python_operator']) retrieved from /home/airflow/.local/lib/python3.7/site-packages/airflow/example_dags/example_python_operator.py
[2022-08-25 23:51:34,058] {logging_mixin.py:115} INFO - [2022-08-25 23:51:34,058] {dag.py:2420} INFO - Sync 1 DAGs
[2022-08-25 23:51:34,099] {logging_mixin.py:115} INFO - [2022-08-25 23:51:34,099] {dag.py:2972} INFO - Setting next_dagrun for example_python_operator to None, run_after=None
[2022-08-25 23:51:34,115] {processor.py:161} INFO - Processing /home/airflow/.local/lib/python3.7/site-packages/airflow/example_dags/example_python_operator.py took 0.145 seconds
[2022-08-25 23:52:04,997] {processor.py:153} INFO - Started process (PID=20120) to work on /home/airflow/.local/lib/python3.7/site-packages/airflow/example_dags/example_python_operator.py
[2022-08-25 23:52:04,999] {processor.py:641} INFO - Processing file /home/airflow/.local/lib/python3.7/site-packages/airflow/example_dags/example_python_operator.py for tasks to queue
[2022-08-25 23:52:05,000] {logging_mixin.py:115} INFO - [2022-08-25 23:52:05,000] {dagbag.py:508} INFO - Filling up the DagBag from /home/airflow/.local/lib/python3.7/site-packages/airflow/example_dags/example_python_operator.py
[2022-08-25 23:52:05,023] {processor.py:651} INFO - DAG(s) dict_keys(['example_python_operator']) retrieved from /home/airflow/.local/lib/python3.7/site-packages/airflow/example_dags/example_python_operator.py
[2022-08-25 23:52:05,058] {logging_mixin.py:115} INFO - [2022-08-25 23:52:05,058] {dag.py:2420} INFO - Sync 1 DAGs
[2022-08-25 23:52:05,086] {logging_mixin.py:115} INFO - [2022-08-25 23:52:05,085] {dag.py:2972} INFO - Setting next_dagrun for example_python_operator to None, run_after=None
[2022-08-25 23:52:05,102] {processor.py:161} INFO - Processing /home/airflow/.local/lib/python3.7/site-packages/airflow/example_dags/example_python_operator.py took 0.110 seconds
[2022-08-25 23:52:35,934] {processor.py:153} INFO - Started process (PID=20185) to work on /home/airflow/.local/lib/python3.7/site-packages/airflow/example_dags/example_python_operator.py
[2022-08-25 23:52:35,935] {processor.py:641} INFO - Processing file /home/airflow/.local/lib/python3.7/site-packages/airflow/example_dags/example_python_operator.py for tasks to queue
[2022-08-25 23:52:35,936] {logging_mixin.py:115} INFO - [2022-08-25 23:52:35,936] {dagbag.py:508} INFO - Filling up the DagBag from /home/airflow/.local/lib/python3.7/site-packages/airflow/example_dags/example_python_operator.py
[2022-08-25 23:52:35,959] {processor.py:651} INFO - DAG(s) dict_keys(['example_python_operator']) retrieved from /home/airflow/.local/lib/python3.7/site-packages/airflow/example_dags/example_python_operator.py
[2022-08-25 23:52:35,994] {logging_mixin.py:115} INFO - [2022-08-25 23:52:35,994] {dag.py:2420} INFO - Sync 1 DAGs
[2022-08-25 23:52:36,023] {logging_mixin.py:115} INFO - [2022-08-25 23:52:36,023] {dag.py:2972} INFO - Setting next_dagrun for example_python_operator to None, run_after=None
[2022-08-25 23:52:36,044] {processor.py:161} INFO - Processing /home/airflow/.local/lib/python3.7/site-packages/airflow/example_dags/example_python_operator.py took 0.115 seconds
[2022-08-25 23:53:06,812] {processor.py:153} INFO - Started process (PID=20240) to work on /home/airflow/.local/lib/python3.7/site-packages/airflow/example_dags/example_python_operator.py
[2022-08-25 23:53:06,813] {processor.py:641} INFO - Processing file /home/airflow/.local/lib/python3.7/site-packages/airflow/example_dags/example_python_operator.py for tasks to queue
[2022-08-25 23:53:06,814] {logging_mixin.py:115} INFO - [2022-08-25 23:53:06,814] {dagbag.py:508} INFO - Filling up the DagBag from /home/airflow/.local/lib/python3.7/site-packages/airflow/example_dags/example_python_operator.py
[2022-08-25 23:53:06,837] {processor.py:651} INFO - DAG(s) dict_keys(['example_python_operator']) retrieved from /home/airflow/.local/lib/python3.7/site-packages/airflow/example_dags/example_python_operator.py
[2022-08-25 23:53:06,875] {logging_mixin.py:115} INFO - [2022-08-25 23:53:06,875] {dag.py:2420} INFO - Sync 1 DAGs
[2022-08-25 23:53:06,901] {logging_mixin.py:115} INFO - [2022-08-25 23:53:06,901] {dag.py:2972} INFO - Setting next_dagrun for example_python_operator to None, run_after=None
[2022-08-25 23:53:06,919] {processor.py:161} INFO - Processing /home/airflow/.local/lib/python3.7/site-packages/airflow/example_dags/example_python_operator.py took 0.114 seconds
[2022-08-25 23:53:37,642] {processor.py:153} INFO - Started process (PID=20304) to work on /home/airflow/.local/lib/python3.7/site-packages/airflow/example_dags/example_python_operator.py
[2022-08-25 23:53:37,643] {processor.py:641} INFO - Processing file /home/airflow/.local/lib/python3.7/site-packages/airflow/example_dags/example_python_operator.py for tasks to queue
[2022-08-25 23:53:37,645] {logging_mixin.py:115} INFO - [2022-08-25 23:53:37,645] {dagbag.py:508} INFO - Filling up the DagBag from /home/airflow/.local/lib/python3.7/site-packages/airflow/example_dags/example_python_operator.py
[2022-08-25 23:53:37,667] {processor.py:651} INFO - DAG(s) dict_keys(['example_python_operator']) retrieved from /home/airflow/.local/lib/python3.7/site-packages/airflow/example_dags/example_python_operator.py
[2022-08-25 23:53:37,699] {logging_mixin.py:115} INFO - [2022-08-25 23:53:37,699] {dag.py:2420} INFO - Sync 1 DAGs
[2022-08-25 23:53:37,726] {logging_mixin.py:115} INFO - [2022-08-25 23:53:37,726] {dag.py:2972} INFO - Setting next_dagrun for example_python_operator to None, run_after=None
[2022-08-25 23:53:37,743] {processor.py:161} INFO - Processing /home/airflow/.local/lib/python3.7/site-packages/airflow/example_dags/example_python_operator.py took 0.105 seconds
[2022-08-25 23:54:08,628] {processor.py:153} INFO - Started process (PID=20368) to work on /home/airflow/.local/lib/python3.7/site-packages/airflow/example_dags/example_python_operator.py
[2022-08-25 23:54:08,629] {processor.py:641} INFO - Processing file /home/airflow/.local/lib/python3.7/site-packages/airflow/example_dags/example_python_operator.py for tasks to queue
[2022-08-25 23:54:08,631] {logging_mixin.py:115} INFO - [2022-08-25 23:54:08,631] {dagbag.py:508} INFO - Filling up the DagBag from /home/airflow/.local/lib/python3.7/site-packages/airflow/example_dags/example_python_operator.py
[2022-08-25 23:54:08,654] {processor.py:651} INFO - DAG(s) dict_keys(['example_python_operator']) retrieved from /home/airflow/.local/lib/python3.7/site-packages/airflow/example_dags/example_python_operator.py
[2022-08-25 23:54:08,690] {logging_mixin.py:115} INFO - [2022-08-25 23:54:08,689] {dag.py:2420} INFO - Sync 1 DAGs
[2022-08-25 23:54:08,718] {logging_mixin.py:115} INFO - [2022-08-25 23:54:08,718] {dag.py:2972} INFO - Setting next_dagrun for example_python_operator to None, run_after=None
[2022-08-25 23:54:08,736] {processor.py:161} INFO - Processing /home/airflow/.local/lib/python3.7/site-packages/airflow/example_dags/example_python_operator.py took 0.112 seconds
[2022-08-25 23:54:39,263] {processor.py:153} INFO - Started process (PID=20423) to work on /home/airflow/.local/lib/python3.7/site-packages/airflow/example_dags/example_python_operator.py
[2022-08-25 23:54:39,264] {processor.py:641} INFO - Processing file /home/airflow/.local/lib/python3.7/site-packages/airflow/example_dags/example_python_operator.py for tasks to queue
[2022-08-25 23:54:39,266] {logging_mixin.py:115} INFO - [2022-08-25 23:54:39,266] {dagbag.py:508} INFO - Filling up the DagBag from /home/airflow/.local/lib/python3.7/site-packages/airflow/example_dags/example_python_operator.py
[2022-08-25 23:54:39,289] {processor.py:651} INFO - DAG(s) dict_keys(['example_python_operator']) retrieved from /home/airflow/.local/lib/python3.7/site-packages/airflow/example_dags/example_python_operator.py
[2022-08-25 23:54:39,324] {logging_mixin.py:115} INFO - [2022-08-25 23:54:39,324] {dag.py:2420} INFO - Sync 1 DAGs
[2022-08-25 23:54:39,352] {logging_mixin.py:115} INFO - [2022-08-25 23:54:39,352] {dag.py:2972} INFO - Setting next_dagrun for example_python_operator to None, run_after=None
[2022-08-25 23:54:39,366] {processor.py:161} INFO - Processing /home/airflow/.local/lib/python3.7/site-packages/airflow/example_dags/example_python_operator.py took 0.107 seconds
[2022-08-25 23:55:10,122] {processor.py:153} INFO - Started process (PID=20486) to work on /home/airflow/.local/lib/python3.7/site-packages/airflow/example_dags/example_python_operator.py
[2022-08-25 23:55:10,123] {processor.py:641} INFO - Processing file /home/airflow/.local/lib/python3.7/site-packages/airflow/example_dags/example_python_operator.py for tasks to queue
[2022-08-25 23:55:10,124] {logging_mixin.py:115} INFO - [2022-08-25 23:55:10,124] {dagbag.py:508} INFO - Filling up the DagBag from /home/airflow/.local/lib/python3.7/site-packages/airflow/example_dags/example_python_operator.py
[2022-08-25 23:55:10,147] {processor.py:651} INFO - DAG(s) dict_keys(['example_python_operator']) retrieved from /home/airflow/.local/lib/python3.7/site-packages/airflow/example_dags/example_python_operator.py
[2022-08-25 23:55:10,181] {logging_mixin.py:115} INFO - [2022-08-25 23:55:10,181] {dag.py:2420} INFO - Sync 1 DAGs
[2022-08-25 23:55:10,212] {logging_mixin.py:115} INFO - [2022-08-25 23:55:10,211] {dag.py:2972} INFO - Setting next_dagrun for example_python_operator to None, run_after=None
[2022-08-25 23:55:10,229] {processor.py:161} INFO - Processing /home/airflow/.local/lib/python3.7/site-packages/airflow/example_dags/example_python_operator.py took 0.112 seconds
[2022-08-25 23:55:40,775] {processor.py:153} INFO - Started process (PID=20549) to work on /home/airflow/.local/lib/python3.7/site-packages/airflow/example_dags/example_python_operator.py
[2022-08-25 23:55:40,777] {processor.py:641} INFO - Processing file /home/airflow/.local/lib/python3.7/site-packages/airflow/example_dags/example_python_operator.py for tasks to queue
[2022-08-25 23:55:40,779] {logging_mixin.py:115} INFO - [2022-08-25 23:55:40,778] {dagbag.py:508} INFO - Filling up the DagBag from /home/airflow/.local/lib/python3.7/site-packages/airflow/example_dags/example_python_operator.py
[2022-08-25 23:55:40,802] {processor.py:651} INFO - DAG(s) dict_keys(['example_python_operator']) retrieved from /home/airflow/.local/lib/python3.7/site-packages/airflow/example_dags/example_python_operator.py
[2022-08-25 23:55:40,836] {logging_mixin.py:115} INFO - [2022-08-25 23:55:40,836] {dag.py:2420} INFO - Sync 1 DAGs
[2022-08-25 23:55:40,865] {logging_mixin.py:115} INFO - [2022-08-25 23:55:40,864] {dag.py:2972} INFO - Setting next_dagrun for example_python_operator to None, run_after=None
[2022-08-25 23:55:40,897] {processor.py:161} INFO - Processing /home/airflow/.local/lib/python3.7/site-packages/airflow/example_dags/example_python_operator.py took 0.127 seconds
[2022-08-25 23:56:11,555] {processor.py:153} INFO - Started process (PID=20605) to work on /home/airflow/.local/lib/python3.7/site-packages/airflow/example_dags/example_python_operator.py
[2022-08-25 23:56:11,556] {processor.py:641} INFO - Processing file /home/airflow/.local/lib/python3.7/site-packages/airflow/example_dags/example_python_operator.py for tasks to queue
[2022-08-25 23:56:11,558] {logging_mixin.py:115} INFO - [2022-08-25 23:56:11,558] {dagbag.py:508} INFO - Filling up the DagBag from /home/airflow/.local/lib/python3.7/site-packages/airflow/example_dags/example_python_operator.py
[2022-08-25 23:56:11,581] {processor.py:651} INFO - DAG(s) dict_keys(['example_python_operator']) retrieved from /home/airflow/.local/lib/python3.7/site-packages/airflow/example_dags/example_python_operator.py
[2022-08-25 23:56:11,616] {logging_mixin.py:115} INFO - [2022-08-25 23:56:11,616] {dag.py:2420} INFO - Sync 1 DAGs
[2022-08-25 23:56:11,645] {logging_mixin.py:115} INFO - [2022-08-25 23:56:11,645] {dag.py:2972} INFO - Setting next_dagrun for example_python_operator to None, run_after=None
[2022-08-25 23:56:11,662] {processor.py:161} INFO - Processing /home/airflow/.local/lib/python3.7/site-packages/airflow/example_dags/example_python_operator.py took 0.112 seconds
[2022-08-25 23:56:42,511] {processor.py:153} INFO - Started process (PID=20669) to work on /home/airflow/.local/lib/python3.7/site-packages/airflow/example_dags/example_python_operator.py
[2022-08-25 23:56:42,512] {processor.py:641} INFO - Processing file /home/airflow/.local/lib/python3.7/site-packages/airflow/example_dags/example_python_operator.py for tasks to queue
[2022-08-25 23:56:42,513] {logging_mixin.py:115} INFO - [2022-08-25 23:56:42,513] {dagbag.py:508} INFO - Filling up the DagBag from /home/airflow/.local/lib/python3.7/site-packages/airflow/example_dags/example_python_operator.py
[2022-08-25 23:56:42,545] {processor.py:651} INFO - DAG(s) dict_keys(['example_python_operator']) retrieved from /home/airflow/.local/lib/python3.7/site-packages/airflow/example_dags/example_python_operator.py
[2022-08-25 23:56:42,585] {logging_mixin.py:115} INFO - [2022-08-25 23:56:42,585] {dag.py:2420} INFO - Sync 1 DAGs
[2022-08-25 23:56:42,612] {logging_mixin.py:115} INFO - [2022-08-25 23:56:42,612] {dag.py:2972} INFO - Setting next_dagrun for example_python_operator to None, run_after=None
[2022-08-25 23:56:42,633] {processor.py:161} INFO - Processing /home/airflow/.local/lib/python3.7/site-packages/airflow/example_dags/example_python_operator.py took 0.127 seconds
[2022-08-25 23:57:13,448] {processor.py:153} INFO - Started process (PID=20732) to work on /home/airflow/.local/lib/python3.7/site-packages/airflow/example_dags/example_python_operator.py
[2022-08-25 23:57:13,449] {processor.py:641} INFO - Processing file /home/airflow/.local/lib/python3.7/site-packages/airflow/example_dags/example_python_operator.py for tasks to queue
[2022-08-25 23:57:13,450] {logging_mixin.py:115} INFO - [2022-08-25 23:57:13,450] {dagbag.py:508} INFO - Filling up the DagBag from /home/airflow/.local/lib/python3.7/site-packages/airflow/example_dags/example_python_operator.py
[2022-08-25 23:57:13,480] {processor.py:651} INFO - DAG(s) dict_keys(['example_python_operator']) retrieved from /home/airflow/.local/lib/python3.7/site-packages/airflow/example_dags/example_python_operator.py
[2022-08-25 23:57:13,517] {logging_mixin.py:115} INFO - [2022-08-25 23:57:13,516] {dag.py:2420} INFO - Sync 1 DAGs
[2022-08-25 23:57:13,550] {logging_mixin.py:115} INFO - [2022-08-25 23:57:13,550] {dag.py:2972} INFO - Setting next_dagrun for example_python_operator to None, run_after=None
[2022-08-25 23:57:13,567] {processor.py:161} INFO - Processing /home/airflow/.local/lib/python3.7/site-packages/airflow/example_dags/example_python_operator.py took 0.127 seconds
[2022-08-25 23:57:44,490] {processor.py:153} INFO - Started process (PID=20787) to work on /home/airflow/.local/lib/python3.7/site-packages/airflow/example_dags/example_python_operator.py
[2022-08-25 23:57:44,492] {processor.py:641} INFO - Processing file /home/airflow/.local/lib/python3.7/site-packages/airflow/example_dags/example_python_operator.py for tasks to queue
[2022-08-25 23:57:44,493] {logging_mixin.py:115} INFO - [2022-08-25 23:57:44,493] {dagbag.py:508} INFO - Filling up the DagBag from /home/airflow/.local/lib/python3.7/site-packages/airflow/example_dags/example_python_operator.py
[2022-08-25 23:57:44,517] {processor.py:651} INFO - DAG(s) dict_keys(['example_python_operator']) retrieved from /home/airflow/.local/lib/python3.7/site-packages/airflow/example_dags/example_python_operator.py
[2022-08-25 23:57:44,552] {logging_mixin.py:115} INFO - [2022-08-25 23:57:44,552] {dag.py:2420} INFO - Sync 1 DAGs
[2022-08-25 23:57:44,581] {logging_mixin.py:115} INFO - [2022-08-25 23:57:44,581] {dag.py:2972} INFO - Setting next_dagrun for example_python_operator to None, run_after=None
[2022-08-25 23:57:44,599] {processor.py:161} INFO - Processing /home/airflow/.local/lib/python3.7/site-packages/airflow/example_dags/example_python_operator.py took 0.114 seconds
[2022-08-25 23:58:15,433] {processor.py:153} INFO - Started process (PID=20851) to work on /home/airflow/.local/lib/python3.7/site-packages/airflow/example_dags/example_python_operator.py
[2022-08-25 23:58:15,434] {processor.py:641} INFO - Processing file /home/airflow/.local/lib/python3.7/site-packages/airflow/example_dags/example_python_operator.py for tasks to queue
[2022-08-25 23:58:15,435] {logging_mixin.py:115} INFO - [2022-08-25 23:58:15,435] {dagbag.py:508} INFO - Filling up the DagBag from /home/airflow/.local/lib/python3.7/site-packages/airflow/example_dags/example_python_operator.py
[2022-08-25 23:58:15,458] {processor.py:651} INFO - DAG(s) dict_keys(['example_python_operator']) retrieved from /home/airflow/.local/lib/python3.7/site-packages/airflow/example_dags/example_python_operator.py
[2022-08-25 23:58:15,494] {logging_mixin.py:115} INFO - [2022-08-25 23:58:15,494] {dag.py:2420} INFO - Sync 1 DAGs
[2022-08-25 23:58:15,524] {logging_mixin.py:115} INFO - [2022-08-25 23:58:15,524] {dag.py:2972} INFO - Setting next_dagrun for example_python_operator to None, run_after=None
[2022-08-25 23:58:15,539] {processor.py:161} INFO - Processing /home/airflow/.local/lib/python3.7/site-packages/airflow/example_dags/example_python_operator.py took 0.110 seconds
[2022-08-25 23:58:46,051] {processor.py:153} INFO - Started process (PID=20914) to work on /home/airflow/.local/lib/python3.7/site-packages/airflow/example_dags/example_python_operator.py
[2022-08-25 23:58:46,053] {processor.py:641} INFO - Processing file /home/airflow/.local/lib/python3.7/site-packages/airflow/example_dags/example_python_operator.py for tasks to queue
[2022-08-25 23:58:46,054] {logging_mixin.py:115} INFO - [2022-08-25 23:58:46,054] {dagbag.py:508} INFO - Filling up the DagBag from /home/airflow/.local/lib/python3.7/site-packages/airflow/example_dags/example_python_operator.py
[2022-08-25 23:58:46,078] {processor.py:651} INFO - DAG(s) dict_keys(['example_python_operator']) retrieved from /home/airflow/.local/lib/python3.7/site-packages/airflow/example_dags/example_python_operator.py
[2022-08-25 23:58:46,116] {logging_mixin.py:115} INFO - [2022-08-25 23:58:46,116] {dag.py:2420} INFO - Sync 1 DAGs
[2022-08-25 23:58:46,151] {logging_mixin.py:115} INFO - [2022-08-25 23:58:46,151] {dag.py:2972} INFO - Setting next_dagrun for example_python_operator to None, run_after=None
[2022-08-25 23:58:46,167] {processor.py:161} INFO - Processing /home/airflow/.local/lib/python3.7/site-packages/airflow/example_dags/example_python_operator.py took 0.121 seconds
[2022-08-25 23:59:16,983] {processor.py:153} INFO - Started process (PID=20969) to work on /home/airflow/.local/lib/python3.7/site-packages/airflow/example_dags/example_python_operator.py
[2022-08-25 23:59:16,985] {processor.py:641} INFO - Processing file /home/airflow/.local/lib/python3.7/site-packages/airflow/example_dags/example_python_operator.py for tasks to queue
[2022-08-25 23:59:16,986] {logging_mixin.py:115} INFO - [2022-08-25 23:59:16,986] {dagbag.py:508} INFO - Filling up the DagBag from /home/airflow/.local/lib/python3.7/site-packages/airflow/example_dags/example_python_operator.py
[2022-08-25 23:59:17,010] {processor.py:651} INFO - DAG(s) dict_keys(['example_python_operator']) retrieved from /home/airflow/.local/lib/python3.7/site-packages/airflow/example_dags/example_python_operator.py
[2022-08-25 23:59:17,042] {logging_mixin.py:115} INFO - [2022-08-25 23:59:17,042] {dag.py:2420} INFO - Sync 1 DAGs
[2022-08-25 23:59:17,071] {logging_mixin.py:115} INFO - [2022-08-25 23:59:17,071] {dag.py:2972} INFO - Setting next_dagrun for example_python_operator to None, run_after=None
[2022-08-25 23:59:17,086] {processor.py:161} INFO - Processing /home/airflow/.local/lib/python3.7/site-packages/airflow/example_dags/example_python_operator.py took 0.109 seconds
[2022-08-25 23:59:47,832] {processor.py:153} INFO - Started process (PID=21033) to work on /home/airflow/.local/lib/python3.7/site-packages/airflow/example_dags/example_python_operator.py
[2022-08-25 23:59:47,834] {processor.py:641} INFO - Processing file /home/airflow/.local/lib/python3.7/site-packages/airflow/example_dags/example_python_operator.py for tasks to queue
[2022-08-25 23:59:47,835] {logging_mixin.py:115} INFO - [2022-08-25 23:59:47,835] {dagbag.py:508} INFO - Filling up the DagBag from /home/airflow/.local/lib/python3.7/site-packages/airflow/example_dags/example_python_operator.py
[2022-08-25 23:59:47,858] {processor.py:651} INFO - DAG(s) dict_keys(['example_python_operator']) retrieved from /home/airflow/.local/lib/python3.7/site-packages/airflow/example_dags/example_python_operator.py
[2022-08-25 23:59:47,896] {logging_mixin.py:115} INFO - [2022-08-25 23:59:47,896] {dag.py:2420} INFO - Sync 1 DAGs
[2022-08-25 23:59:47,924] {logging_mixin.py:115} INFO - [2022-08-25 23:59:47,924] {dag.py:2972} INFO - Setting next_dagrun for example_python_operator to None, run_after=None
[2022-08-25 23:59:47,938] {processor.py:161} INFO - Processing /home/airflow/.local/lib/python3.7/site-packages/airflow/example_dags/example_python_operator.py took 0.110 seconds
