[2022-08-25 02:17:09,432] {processor.py:153} INFO - Started process (PID=17189) to work on /home/airflow/.local/lib/python3.7/site-packages/airflow/example_dags/example_time_delta_sensor_async.py
[2022-08-25 02:17:09,514] {processor.py:641} INFO - Processing file /home/airflow/.local/lib/python3.7/site-packages/airflow/example_dags/example_time_delta_sensor_async.py for tasks to queue
[2022-08-25 02:17:09,545] {logging_mixin.py:115} INFO - [2022-08-25 02:17:09,544] {dagbag.py:508} INFO - Filling up the DagBag from /home/airflow/.local/lib/python3.7/site-packages/airflow/example_dags/example_time_delta_sensor_async.py
[2022-08-25 02:17:10,076] {processor.py:651} INFO - DAG(s) dict_keys(['example_time_delta_sensor_async']) retrieved from /home/airflow/.local/lib/python3.7/site-packages/airflow/example_dags/example_time_delta_sensor_async.py
[2022-08-25 02:17:12,484] {logging_mixin.py:115} INFO - [2022-08-25 02:17:12,483] {dag.py:2420} INFO - Sync 1 DAGs
[2022-08-25 02:17:16,322] {logging_mixin.py:115} INFO - [2022-08-25 02:17:16,311] {dag.py:2972} INFO - Setting next_dagrun for example_time_delta_sensor_async to None, run_after=None
[2022-08-25 02:17:17,006] {processor.py:161} INFO - Processing /home/airflow/.local/lib/python3.7/site-packages/airflow/example_dags/example_time_delta_sensor_async.py took 7.844 seconds
[2022-08-25 03:57:14,087] {processor.py:153} INFO - Started process (PID=17309) to work on /home/airflow/.local/lib/python3.7/site-packages/airflow/example_dags/example_time_delta_sensor_async.py
[2022-08-25 03:57:14,091] {processor.py:641} INFO - Processing file /home/airflow/.local/lib/python3.7/site-packages/airflow/example_dags/example_time_delta_sensor_async.py for tasks to queue
[2022-08-25 03:57:14,095] {logging_mixin.py:115} INFO - [2022-08-25 03:57:14,095] {dagbag.py:508} INFO - Filling up the DagBag from /home/airflow/.local/lib/python3.7/site-packages/airflow/example_dags/example_time_delta_sensor_async.py
[2022-08-25 03:57:14,121] {processor.py:651} INFO - DAG(s) dict_keys(['example_time_delta_sensor_async']) retrieved from /home/airflow/.local/lib/python3.7/site-packages/airflow/example_dags/example_time_delta_sensor_async.py
[2022-08-25 03:57:14,357] {logging_mixin.py:115} INFO - [2022-08-25 03:57:14,357] {dag.py:2420} INFO - Sync 1 DAGs
[2022-08-25 03:57:14,442] {logging_mixin.py:115} INFO - [2022-08-25 03:57:14,442] {dag.py:2972} INFO - Setting next_dagrun for example_time_delta_sensor_async to None, run_after=None
[2022-08-25 03:57:14,491] {processor.py:161} INFO - Processing /home/airflow/.local/lib/python3.7/site-packages/airflow/example_dags/example_time_delta_sensor_async.py took 0.436 seconds
[2022-08-25 22:58:47,601] {processor.py:153} INFO - Started process (PID=17383) to work on /home/airflow/.local/lib/python3.7/site-packages/airflow/example_dags/example_time_delta_sensor_async.py
[2022-08-25 22:58:47,604] {processor.py:641} INFO - Processing file /home/airflow/.local/lib/python3.7/site-packages/airflow/example_dags/example_time_delta_sensor_async.py for tasks to queue
[2022-08-25 22:58:47,606] {logging_mixin.py:115} INFO - [2022-08-25 22:58:47,606] {dagbag.py:508} INFO - Filling up the DagBag from /home/airflow/.local/lib/python3.7/site-packages/airflow/example_dags/example_time_delta_sensor_async.py
[2022-08-25 22:58:47,617] {processor.py:651} INFO - DAG(s) dict_keys(['example_time_delta_sensor_async']) retrieved from /home/airflow/.local/lib/python3.7/site-packages/airflow/example_dags/example_time_delta_sensor_async.py
[2022-08-25 22:58:47,727] {logging_mixin.py:115} INFO - [2022-08-25 22:58:47,726] {dag.py:2420} INFO - Sync 1 DAGs
[2022-08-25 22:58:47,788] {logging_mixin.py:115} INFO - [2022-08-25 22:58:47,788] {dag.py:2972} INFO - Setting next_dagrun for example_time_delta_sensor_async to None, run_after=None
[2022-08-25 22:58:47,821] {processor.py:161} INFO - Processing /home/airflow/.local/lib/python3.7/site-packages/airflow/example_dags/example_time_delta_sensor_async.py took 0.225 seconds
[2022-08-25 23:29:39,289] {processor.py:153} INFO - Started process (PID=17447) to work on /home/airflow/.local/lib/python3.7/site-packages/airflow/example_dags/example_time_delta_sensor_async.py
[2022-08-25 23:29:39,311] {processor.py:641} INFO - Processing file /home/airflow/.local/lib/python3.7/site-packages/airflow/example_dags/example_time_delta_sensor_async.py for tasks to queue
[2022-08-25 23:29:39,320] {logging_mixin.py:115} INFO - [2022-08-25 23:29:39,320] {dagbag.py:508} INFO - Filling up the DagBag from /home/airflow/.local/lib/python3.7/site-packages/airflow/example_dags/example_time_delta_sensor_async.py
[2022-08-25 23:29:39,344] {processor.py:651} INFO - DAG(s) dict_keys(['example_time_delta_sensor_async']) retrieved from /home/airflow/.local/lib/python3.7/site-packages/airflow/example_dags/example_time_delta_sensor_async.py
[2022-08-25 23:29:39,516] {logging_mixin.py:115} INFO - [2022-08-25 23:29:39,516] {dag.py:2420} INFO - Sync 1 DAGs
[2022-08-25 23:29:39,593] {logging_mixin.py:115} INFO - [2022-08-25 23:29:39,593] {dag.py:2972} INFO - Setting next_dagrun for example_time_delta_sensor_async to None, run_after=None
[2022-08-25 23:29:39,641] {processor.py:161} INFO - Processing /home/airflow/.local/lib/python3.7/site-packages/airflow/example_dags/example_time_delta_sensor_async.py took 0.370 seconds
[2022-08-25 23:30:10,341] {processor.py:153} INFO - Started process (PID=17502) to work on /home/airflow/.local/lib/python3.7/site-packages/airflow/example_dags/example_time_delta_sensor_async.py
[2022-08-25 23:30:10,343] {processor.py:641} INFO - Processing file /home/airflow/.local/lib/python3.7/site-packages/airflow/example_dags/example_time_delta_sensor_async.py for tasks to queue
[2022-08-25 23:30:10,344] {logging_mixin.py:115} INFO - [2022-08-25 23:30:10,344] {dagbag.py:508} INFO - Filling up the DagBag from /home/airflow/.local/lib/python3.7/site-packages/airflow/example_dags/example_time_delta_sensor_async.py
[2022-08-25 23:30:10,367] {processor.py:651} INFO - DAG(s) dict_keys(['example_time_delta_sensor_async']) retrieved from /home/airflow/.local/lib/python3.7/site-packages/airflow/example_dags/example_time_delta_sensor_async.py
[2022-08-25 23:30:10,447] {logging_mixin.py:115} INFO - [2022-08-25 23:30:10,447] {dag.py:2420} INFO - Sync 1 DAGs
[2022-08-25 23:30:10,478] {logging_mixin.py:115} INFO - [2022-08-25 23:30:10,478] {dag.py:2972} INFO - Setting next_dagrun for example_time_delta_sensor_async to None, run_after=None
[2022-08-25 23:30:10,496] {processor.py:161} INFO - Processing /home/airflow/.local/lib/python3.7/site-packages/airflow/example_dags/example_time_delta_sensor_async.py took 0.161 seconds
[2022-08-25 23:30:40,831] {processor.py:153} INFO - Started process (PID=17567) to work on /home/airflow/.local/lib/python3.7/site-packages/airflow/example_dags/example_time_delta_sensor_async.py
[2022-08-25 23:30:40,832] {processor.py:641} INFO - Processing file /home/airflow/.local/lib/python3.7/site-packages/airflow/example_dags/example_time_delta_sensor_async.py for tasks to queue
[2022-08-25 23:30:40,833] {logging_mixin.py:115} INFO - [2022-08-25 23:30:40,833] {dagbag.py:508} INFO - Filling up the DagBag from /home/airflow/.local/lib/python3.7/site-packages/airflow/example_dags/example_time_delta_sensor_async.py
[2022-08-25 23:30:40,841] {processor.py:651} INFO - DAG(s) dict_keys(['example_time_delta_sensor_async']) retrieved from /home/airflow/.local/lib/python3.7/site-packages/airflow/example_dags/example_time_delta_sensor_async.py
[2022-08-25 23:30:40,894] {logging_mixin.py:115} INFO - [2022-08-25 23:30:40,894] {dag.py:2420} INFO - Sync 1 DAGs
[2022-08-25 23:30:40,921] {logging_mixin.py:115} INFO - [2022-08-25 23:30:40,921] {dag.py:2972} INFO - Setting next_dagrun for example_time_delta_sensor_async to None, run_after=None
[2022-08-25 23:30:40,938] {processor.py:161} INFO - Processing /home/airflow/.local/lib/python3.7/site-packages/airflow/example_dags/example_time_delta_sensor_async.py took 0.112 seconds
[2022-08-25 23:31:11,750] {processor.py:153} INFO - Started process (PID=17631) to work on /home/airflow/.local/lib/python3.7/site-packages/airflow/example_dags/example_time_delta_sensor_async.py
[2022-08-25 23:31:11,756] {processor.py:641} INFO - Processing file /home/airflow/.local/lib/python3.7/site-packages/airflow/example_dags/example_time_delta_sensor_async.py for tasks to queue
[2022-08-25 23:31:11,758] {logging_mixin.py:115} INFO - [2022-08-25 23:31:11,757] {dagbag.py:508} INFO - Filling up the DagBag from /home/airflow/.local/lib/python3.7/site-packages/airflow/example_dags/example_time_delta_sensor_async.py
[2022-08-25 23:31:11,766] {processor.py:651} INFO - DAG(s) dict_keys(['example_time_delta_sensor_async']) retrieved from /home/airflow/.local/lib/python3.7/site-packages/airflow/example_dags/example_time_delta_sensor_async.py
[2022-08-25 23:31:11,835] {logging_mixin.py:115} INFO - [2022-08-25 23:31:11,835] {dag.py:2420} INFO - Sync 1 DAGs
[2022-08-25 23:31:11,876] {logging_mixin.py:115} INFO - [2022-08-25 23:31:11,876] {dag.py:2972} INFO - Setting next_dagrun for example_time_delta_sensor_async to None, run_after=None
[2022-08-25 23:31:11,901] {processor.py:161} INFO - Processing /home/airflow/.local/lib/python3.7/site-packages/airflow/example_dags/example_time_delta_sensor_async.py took 0.170 seconds
[2022-08-25 23:31:42,378] {processor.py:153} INFO - Started process (PID=17686) to work on /home/airflow/.local/lib/python3.7/site-packages/airflow/example_dags/example_time_delta_sensor_async.py
[2022-08-25 23:31:42,380] {processor.py:641} INFO - Processing file /home/airflow/.local/lib/python3.7/site-packages/airflow/example_dags/example_time_delta_sensor_async.py for tasks to queue
[2022-08-25 23:31:42,383] {logging_mixin.py:115} INFO - [2022-08-25 23:31:42,383] {dagbag.py:508} INFO - Filling up the DagBag from /home/airflow/.local/lib/python3.7/site-packages/airflow/example_dags/example_time_delta_sensor_async.py
[2022-08-25 23:31:42,396] {processor.py:651} INFO - DAG(s) dict_keys(['example_time_delta_sensor_async']) retrieved from /home/airflow/.local/lib/python3.7/site-packages/airflow/example_dags/example_time_delta_sensor_async.py
[2022-08-25 23:31:42,451] {logging_mixin.py:115} INFO - [2022-08-25 23:31:42,451] {dag.py:2420} INFO - Sync 1 DAGs
[2022-08-25 23:31:42,479] {logging_mixin.py:115} INFO - [2022-08-25 23:31:42,479] {dag.py:2972} INFO - Setting next_dagrun for example_time_delta_sensor_async to None, run_after=None
[2022-08-25 23:31:42,496] {processor.py:161} INFO - Processing /home/airflow/.local/lib/python3.7/site-packages/airflow/example_dags/example_time_delta_sensor_async.py took 0.126 seconds
[2022-08-25 23:32:12,857] {processor.py:153} INFO - Started process (PID=17750) to work on /home/airflow/.local/lib/python3.7/site-packages/airflow/example_dags/example_time_delta_sensor_async.py
[2022-08-25 23:32:12,858] {processor.py:641} INFO - Processing file /home/airflow/.local/lib/python3.7/site-packages/airflow/example_dags/example_time_delta_sensor_async.py for tasks to queue
[2022-08-25 23:32:12,860] {logging_mixin.py:115} INFO - [2022-08-25 23:32:12,859] {dagbag.py:508} INFO - Filling up the DagBag from /home/airflow/.local/lib/python3.7/site-packages/airflow/example_dags/example_time_delta_sensor_async.py
[2022-08-25 23:32:12,867] {processor.py:651} INFO - DAG(s) dict_keys(['example_time_delta_sensor_async']) retrieved from /home/airflow/.local/lib/python3.7/site-packages/airflow/example_dags/example_time_delta_sensor_async.py
[2022-08-25 23:32:12,918] {logging_mixin.py:115} INFO - [2022-08-25 23:32:12,918] {dag.py:2420} INFO - Sync 1 DAGs
[2022-08-25 23:32:12,946] {logging_mixin.py:115} INFO - [2022-08-25 23:32:12,946] {dag.py:2972} INFO - Setting next_dagrun for example_time_delta_sensor_async to None, run_after=None
[2022-08-25 23:32:12,975] {processor.py:161} INFO - Processing /home/airflow/.local/lib/python3.7/site-packages/airflow/example_dags/example_time_delta_sensor_async.py took 0.123 seconds
[2022-08-25 23:32:43,370] {processor.py:153} INFO - Started process (PID=17814) to work on /home/airflow/.local/lib/python3.7/site-packages/airflow/example_dags/example_time_delta_sensor_async.py
[2022-08-25 23:32:43,371] {processor.py:641} INFO - Processing file /home/airflow/.local/lib/python3.7/site-packages/airflow/example_dags/example_time_delta_sensor_async.py for tasks to queue
[2022-08-25 23:32:43,373] {logging_mixin.py:115} INFO - [2022-08-25 23:32:43,373] {dagbag.py:508} INFO - Filling up the DagBag from /home/airflow/.local/lib/python3.7/site-packages/airflow/example_dags/example_time_delta_sensor_async.py
[2022-08-25 23:32:43,380] {processor.py:651} INFO - DAG(s) dict_keys(['example_time_delta_sensor_async']) retrieved from /home/airflow/.local/lib/python3.7/site-packages/airflow/example_dags/example_time_delta_sensor_async.py
[2022-08-25 23:32:43,445] {logging_mixin.py:115} INFO - [2022-08-25 23:32:43,445] {dag.py:2420} INFO - Sync 1 DAGs
[2022-08-25 23:32:43,477] {logging_mixin.py:115} INFO - [2022-08-25 23:32:43,477] {dag.py:2972} INFO - Setting next_dagrun for example_time_delta_sensor_async to None, run_after=None
[2022-08-25 23:32:43,496] {processor.py:161} INFO - Processing /home/airflow/.local/lib/python3.7/site-packages/airflow/example_dags/example_time_delta_sensor_async.py took 0.131 seconds
[2022-08-25 23:33:14,129] {processor.py:153} INFO - Started process (PID=17869) to work on /home/airflow/.local/lib/python3.7/site-packages/airflow/example_dags/example_time_delta_sensor_async.py
[2022-08-25 23:33:14,131] {processor.py:641} INFO - Processing file /home/airflow/.local/lib/python3.7/site-packages/airflow/example_dags/example_time_delta_sensor_async.py for tasks to queue
[2022-08-25 23:33:14,132] {logging_mixin.py:115} INFO - [2022-08-25 23:33:14,132] {dagbag.py:508} INFO - Filling up the DagBag from /home/airflow/.local/lib/python3.7/site-packages/airflow/example_dags/example_time_delta_sensor_async.py
[2022-08-25 23:33:14,139] {processor.py:651} INFO - DAG(s) dict_keys(['example_time_delta_sensor_async']) retrieved from /home/airflow/.local/lib/python3.7/site-packages/airflow/example_dags/example_time_delta_sensor_async.py
[2022-08-25 23:33:14,191] {logging_mixin.py:115} INFO - [2022-08-25 23:33:14,191] {dag.py:2420} INFO - Sync 1 DAGs
[2022-08-25 23:33:14,219] {logging_mixin.py:115} INFO - [2022-08-25 23:33:14,219] {dag.py:2972} INFO - Setting next_dagrun for example_time_delta_sensor_async to None, run_after=None
[2022-08-25 23:33:14,241] {processor.py:161} INFO - Processing /home/airflow/.local/lib/python3.7/site-packages/airflow/example_dags/example_time_delta_sensor_async.py took 0.116 seconds
[2022-08-25 23:33:44,976] {processor.py:153} INFO - Started process (PID=17933) to work on /home/airflow/.local/lib/python3.7/site-packages/airflow/example_dags/example_time_delta_sensor_async.py
[2022-08-25 23:33:44,977] {processor.py:641} INFO - Processing file /home/airflow/.local/lib/python3.7/site-packages/airflow/example_dags/example_time_delta_sensor_async.py for tasks to queue
[2022-08-25 23:33:44,979] {logging_mixin.py:115} INFO - [2022-08-25 23:33:44,979] {dagbag.py:508} INFO - Filling up the DagBag from /home/airflow/.local/lib/python3.7/site-packages/airflow/example_dags/example_time_delta_sensor_async.py
[2022-08-25 23:33:44,987] {processor.py:651} INFO - DAG(s) dict_keys(['example_time_delta_sensor_async']) retrieved from /home/airflow/.local/lib/python3.7/site-packages/airflow/example_dags/example_time_delta_sensor_async.py
[2022-08-25 23:33:45,041] {logging_mixin.py:115} INFO - [2022-08-25 23:33:45,041] {dag.py:2420} INFO - Sync 1 DAGs
[2022-08-25 23:33:45,068] {logging_mixin.py:115} INFO - [2022-08-25 23:33:45,068] {dag.py:2972} INFO - Setting next_dagrun for example_time_delta_sensor_async to None, run_after=None
[2022-08-25 23:33:45,083] {processor.py:161} INFO - Processing /home/airflow/.local/lib/python3.7/site-packages/airflow/example_dags/example_time_delta_sensor_async.py took 0.111 seconds
[2022-08-25 23:34:15,557] {processor.py:153} INFO - Started process (PID=17997) to work on /home/airflow/.local/lib/python3.7/site-packages/airflow/example_dags/example_time_delta_sensor_async.py
[2022-08-25 23:34:15,558] {processor.py:641} INFO - Processing file /home/airflow/.local/lib/python3.7/site-packages/airflow/example_dags/example_time_delta_sensor_async.py for tasks to queue
[2022-08-25 23:34:15,560] {logging_mixin.py:115} INFO - [2022-08-25 23:34:15,560] {dagbag.py:508} INFO - Filling up the DagBag from /home/airflow/.local/lib/python3.7/site-packages/airflow/example_dags/example_time_delta_sensor_async.py
[2022-08-25 23:34:15,568] {processor.py:651} INFO - DAG(s) dict_keys(['example_time_delta_sensor_async']) retrieved from /home/airflow/.local/lib/python3.7/site-packages/airflow/example_dags/example_time_delta_sensor_async.py
[2022-08-25 23:34:15,623] {logging_mixin.py:115} INFO - [2022-08-25 23:34:15,623] {dag.py:2420} INFO - Sync 1 DAGs
[2022-08-25 23:34:15,650] {logging_mixin.py:115} INFO - [2022-08-25 23:34:15,650] {dag.py:2972} INFO - Setting next_dagrun for example_time_delta_sensor_async to None, run_after=None
[2022-08-25 23:34:15,667] {processor.py:161} INFO - Processing /home/airflow/.local/lib/python3.7/site-packages/airflow/example_dags/example_time_delta_sensor_async.py took 0.114 seconds
[2022-08-25 23:34:46,337] {processor.py:153} INFO - Started process (PID=18052) to work on /home/airflow/.local/lib/python3.7/site-packages/airflow/example_dags/example_time_delta_sensor_async.py
[2022-08-25 23:34:46,339] {processor.py:641} INFO - Processing file /home/airflow/.local/lib/python3.7/site-packages/airflow/example_dags/example_time_delta_sensor_async.py for tasks to queue
[2022-08-25 23:34:46,343] {logging_mixin.py:115} INFO - [2022-08-25 23:34:46,343] {dagbag.py:508} INFO - Filling up the DagBag from /home/airflow/.local/lib/python3.7/site-packages/airflow/example_dags/example_time_delta_sensor_async.py
[2022-08-25 23:34:46,351] {processor.py:651} INFO - DAG(s) dict_keys(['example_time_delta_sensor_async']) retrieved from /home/airflow/.local/lib/python3.7/site-packages/airflow/example_dags/example_time_delta_sensor_async.py
[2022-08-25 23:34:46,407] {logging_mixin.py:115} INFO - [2022-08-25 23:34:46,407] {dag.py:2420} INFO - Sync 1 DAGs
[2022-08-25 23:34:46,434] {logging_mixin.py:115} INFO - [2022-08-25 23:34:46,434] {dag.py:2972} INFO - Setting next_dagrun for example_time_delta_sensor_async to None, run_after=None
[2022-08-25 23:34:46,450] {processor.py:161} INFO - Processing /home/airflow/.local/lib/python3.7/site-packages/airflow/example_dags/example_time_delta_sensor_async.py took 0.117 seconds
[2022-08-25 23:35:17,147] {processor.py:153} INFO - Started process (PID=18116) to work on /home/airflow/.local/lib/python3.7/site-packages/airflow/example_dags/example_time_delta_sensor_async.py
[2022-08-25 23:35:17,148] {processor.py:641} INFO - Processing file /home/airflow/.local/lib/python3.7/site-packages/airflow/example_dags/example_time_delta_sensor_async.py for tasks to queue
[2022-08-25 23:35:17,150] {logging_mixin.py:115} INFO - [2022-08-25 23:35:17,150] {dagbag.py:508} INFO - Filling up the DagBag from /home/airflow/.local/lib/python3.7/site-packages/airflow/example_dags/example_time_delta_sensor_async.py
[2022-08-25 23:35:17,157] {processor.py:651} INFO - DAG(s) dict_keys(['example_time_delta_sensor_async']) retrieved from /home/airflow/.local/lib/python3.7/site-packages/airflow/example_dags/example_time_delta_sensor_async.py
[2022-08-25 23:35:17,213] {logging_mixin.py:115} INFO - [2022-08-25 23:35:17,213] {dag.py:2420} INFO - Sync 1 DAGs
[2022-08-25 23:35:17,243] {logging_mixin.py:115} INFO - [2022-08-25 23:35:17,243] {dag.py:2972} INFO - Setting next_dagrun for example_time_delta_sensor_async to None, run_after=None
[2022-08-25 23:35:17,260] {processor.py:161} INFO - Processing /home/airflow/.local/lib/python3.7/site-packages/airflow/example_dags/example_time_delta_sensor_async.py took 0.118 seconds
[2022-08-25 23:35:47,963] {processor.py:153} INFO - Started process (PID=18181) to work on /home/airflow/.local/lib/python3.7/site-packages/airflow/example_dags/example_time_delta_sensor_async.py
[2022-08-25 23:35:47,964] {processor.py:641} INFO - Processing file /home/airflow/.local/lib/python3.7/site-packages/airflow/example_dags/example_time_delta_sensor_async.py for tasks to queue
[2022-08-25 23:35:47,965] {logging_mixin.py:115} INFO - [2022-08-25 23:35:47,965] {dagbag.py:508} INFO - Filling up the DagBag from /home/airflow/.local/lib/python3.7/site-packages/airflow/example_dags/example_time_delta_sensor_async.py
[2022-08-25 23:35:47,974] {processor.py:651} INFO - DAG(s) dict_keys(['example_time_delta_sensor_async']) retrieved from /home/airflow/.local/lib/python3.7/site-packages/airflow/example_dags/example_time_delta_sensor_async.py
[2022-08-25 23:35:48,027] {logging_mixin.py:115} INFO - [2022-08-25 23:35:48,027] {dag.py:2420} INFO - Sync 1 DAGs
[2022-08-25 23:35:48,056] {logging_mixin.py:115} INFO - [2022-08-25 23:35:48,056] {dag.py:2972} INFO - Setting next_dagrun for example_time_delta_sensor_async to None, run_after=None
[2022-08-25 23:35:48,073] {processor.py:161} INFO - Processing /home/airflow/.local/lib/python3.7/site-packages/airflow/example_dags/example_time_delta_sensor_async.py took 0.114 seconds
[2022-08-25 23:36:18,498] {processor.py:153} INFO - Started process (PID=18236) to work on /home/airflow/.local/lib/python3.7/site-packages/airflow/example_dags/example_time_delta_sensor_async.py
[2022-08-25 23:36:18,500] {processor.py:641} INFO - Processing file /home/airflow/.local/lib/python3.7/site-packages/airflow/example_dags/example_time_delta_sensor_async.py for tasks to queue
[2022-08-25 23:36:18,501] {logging_mixin.py:115} INFO - [2022-08-25 23:36:18,501] {dagbag.py:508} INFO - Filling up the DagBag from /home/airflow/.local/lib/python3.7/site-packages/airflow/example_dags/example_time_delta_sensor_async.py
[2022-08-25 23:36:18,509] {processor.py:651} INFO - DAG(s) dict_keys(['example_time_delta_sensor_async']) retrieved from /home/airflow/.local/lib/python3.7/site-packages/airflow/example_dags/example_time_delta_sensor_async.py
[2022-08-25 23:36:18,561] {logging_mixin.py:115} INFO - [2022-08-25 23:36:18,560] {dag.py:2420} INFO - Sync 1 DAGs
[2022-08-25 23:36:18,594] {logging_mixin.py:115} INFO - [2022-08-25 23:36:18,594] {dag.py:2972} INFO - Setting next_dagrun for example_time_delta_sensor_async to None, run_after=None
[2022-08-25 23:36:18,619] {processor.py:161} INFO - Processing /home/airflow/.local/lib/python3.7/site-packages/airflow/example_dags/example_time_delta_sensor_async.py took 0.125 seconds
[2022-08-25 23:36:49,173] {processor.py:153} INFO - Started process (PID=18301) to work on /home/airflow/.local/lib/python3.7/site-packages/airflow/example_dags/example_time_delta_sensor_async.py
[2022-08-25 23:36:49,174] {processor.py:641} INFO - Processing file /home/airflow/.local/lib/python3.7/site-packages/airflow/example_dags/example_time_delta_sensor_async.py for tasks to queue
[2022-08-25 23:36:49,175] {logging_mixin.py:115} INFO - [2022-08-25 23:36:49,175] {dagbag.py:508} INFO - Filling up the DagBag from /home/airflow/.local/lib/python3.7/site-packages/airflow/example_dags/example_time_delta_sensor_async.py
[2022-08-25 23:36:49,183] {processor.py:651} INFO - DAG(s) dict_keys(['example_time_delta_sensor_async']) retrieved from /home/airflow/.local/lib/python3.7/site-packages/airflow/example_dags/example_time_delta_sensor_async.py
[2022-08-25 23:36:49,235] {logging_mixin.py:115} INFO - [2022-08-25 23:36:49,235] {dag.py:2420} INFO - Sync 1 DAGs
[2022-08-25 23:36:49,264] {logging_mixin.py:115} INFO - [2022-08-25 23:36:49,263] {dag.py:2972} INFO - Setting next_dagrun for example_time_delta_sensor_async to None, run_after=None
[2022-08-25 23:36:49,278] {processor.py:161} INFO - Processing /home/airflow/.local/lib/python3.7/site-packages/airflow/example_dags/example_time_delta_sensor_async.py took 0.111 seconds
[2022-08-25 23:37:19,946] {processor.py:153} INFO - Started process (PID=18365) to work on /home/airflow/.local/lib/python3.7/site-packages/airflow/example_dags/example_time_delta_sensor_async.py
[2022-08-25 23:37:19,947] {processor.py:641} INFO - Processing file /home/airflow/.local/lib/python3.7/site-packages/airflow/example_dags/example_time_delta_sensor_async.py for tasks to queue
[2022-08-25 23:37:19,949] {logging_mixin.py:115} INFO - [2022-08-25 23:37:19,949] {dagbag.py:508} INFO - Filling up the DagBag from /home/airflow/.local/lib/python3.7/site-packages/airflow/example_dags/example_time_delta_sensor_async.py
[2022-08-25 23:37:19,957] {processor.py:651} INFO - DAG(s) dict_keys(['example_time_delta_sensor_async']) retrieved from /home/airflow/.local/lib/python3.7/site-packages/airflow/example_dags/example_time_delta_sensor_async.py
[2022-08-25 23:37:20,014] {logging_mixin.py:115} INFO - [2022-08-25 23:37:20,014] {dag.py:2420} INFO - Sync 1 DAGs
[2022-08-25 23:37:20,055] {logging_mixin.py:115} INFO - [2022-08-25 23:37:20,055] {dag.py:2972} INFO - Setting next_dagrun for example_time_delta_sensor_async to None, run_after=None
[2022-08-25 23:37:20,074] {processor.py:161} INFO - Processing /home/airflow/.local/lib/python3.7/site-packages/airflow/example_dags/example_time_delta_sensor_async.py took 0.136 seconds
[2022-08-25 23:37:50,636] {processor.py:153} INFO - Started process (PID=18420) to work on /home/airflow/.local/lib/python3.7/site-packages/airflow/example_dags/example_time_delta_sensor_async.py
[2022-08-25 23:37:50,637] {processor.py:641} INFO - Processing file /home/airflow/.local/lib/python3.7/site-packages/airflow/example_dags/example_time_delta_sensor_async.py for tasks to queue
[2022-08-25 23:37:50,639] {logging_mixin.py:115} INFO - [2022-08-25 23:37:50,639] {dagbag.py:508} INFO - Filling up the DagBag from /home/airflow/.local/lib/python3.7/site-packages/airflow/example_dags/example_time_delta_sensor_async.py
[2022-08-25 23:37:50,646] {processor.py:651} INFO - DAG(s) dict_keys(['example_time_delta_sensor_async']) retrieved from /home/airflow/.local/lib/python3.7/site-packages/airflow/example_dags/example_time_delta_sensor_async.py
[2022-08-25 23:37:50,699] {logging_mixin.py:115} INFO - [2022-08-25 23:37:50,699] {dag.py:2420} INFO - Sync 1 DAGs
[2022-08-25 23:37:50,728] {logging_mixin.py:115} INFO - [2022-08-25 23:37:50,727] {dag.py:2972} INFO - Setting next_dagrun for example_time_delta_sensor_async to None, run_after=None
[2022-08-25 23:37:50,744] {processor.py:161} INFO - Processing /home/airflow/.local/lib/python3.7/site-packages/airflow/example_dags/example_time_delta_sensor_async.py took 0.113 seconds
[2022-08-25 23:38:21,599] {processor.py:153} INFO - Started process (PID=18485) to work on /home/airflow/.local/lib/python3.7/site-packages/airflow/example_dags/example_time_delta_sensor_async.py
[2022-08-25 23:38:21,600] {processor.py:641} INFO - Processing file /home/airflow/.local/lib/python3.7/site-packages/airflow/example_dags/example_time_delta_sensor_async.py for tasks to queue
[2022-08-25 23:38:21,601] {logging_mixin.py:115} INFO - [2022-08-25 23:38:21,601] {dagbag.py:508} INFO - Filling up the DagBag from /home/airflow/.local/lib/python3.7/site-packages/airflow/example_dags/example_time_delta_sensor_async.py
[2022-08-25 23:38:21,609] {processor.py:651} INFO - DAG(s) dict_keys(['example_time_delta_sensor_async']) retrieved from /home/airflow/.local/lib/python3.7/site-packages/airflow/example_dags/example_time_delta_sensor_async.py
[2022-08-25 23:38:21,660] {logging_mixin.py:115} INFO - [2022-08-25 23:38:21,660] {dag.py:2420} INFO - Sync 1 DAGs
[2022-08-25 23:38:21,688] {logging_mixin.py:115} INFO - [2022-08-25 23:38:21,688] {dag.py:2972} INFO - Setting next_dagrun for example_time_delta_sensor_async to None, run_after=None
[2022-08-25 23:38:21,704] {processor.py:161} INFO - Processing /home/airflow/.local/lib/python3.7/site-packages/airflow/example_dags/example_time_delta_sensor_async.py took 0.111 seconds
[2022-08-25 23:38:51,833] {processor.py:153} INFO - Started process (PID=18549) to work on /home/airflow/.local/lib/python3.7/site-packages/airflow/example_dags/example_time_delta_sensor_async.py
[2022-08-25 23:38:51,837] {processor.py:641} INFO - Processing file /home/airflow/.local/lib/python3.7/site-packages/airflow/example_dags/example_time_delta_sensor_async.py for tasks to queue
[2022-08-25 23:38:51,840] {logging_mixin.py:115} INFO - [2022-08-25 23:38:51,840] {dagbag.py:508} INFO - Filling up the DagBag from /home/airflow/.local/lib/python3.7/site-packages/airflow/example_dags/example_time_delta_sensor_async.py
[2022-08-25 23:38:51,858] {processor.py:651} INFO - DAG(s) dict_keys(['example_time_delta_sensor_async']) retrieved from /home/airflow/.local/lib/python3.7/site-packages/airflow/example_dags/example_time_delta_sensor_async.py
[2022-08-25 23:38:51,965] {logging_mixin.py:115} INFO - [2022-08-25 23:38:51,965] {dag.py:2420} INFO - Sync 1 DAGs
[2022-08-25 23:38:52,028] {logging_mixin.py:115} INFO - [2022-08-25 23:38:52,028] {dag.py:2972} INFO - Setting next_dagrun for example_time_delta_sensor_async to None, run_after=None
[2022-08-25 23:38:52,068] {processor.py:161} INFO - Processing /home/airflow/.local/lib/python3.7/site-packages/airflow/example_dags/example_time_delta_sensor_async.py took 0.248 seconds
[2022-08-25 23:39:23,050] {processor.py:153} INFO - Started process (PID=18605) to work on /home/airflow/.local/lib/python3.7/site-packages/airflow/example_dags/example_time_delta_sensor_async.py
[2022-08-25 23:39:23,051] {processor.py:641} INFO - Processing file /home/airflow/.local/lib/python3.7/site-packages/airflow/example_dags/example_time_delta_sensor_async.py for tasks to queue
[2022-08-25 23:39:23,052] {logging_mixin.py:115} INFO - [2022-08-25 23:39:23,052] {dagbag.py:508} INFO - Filling up the DagBag from /home/airflow/.local/lib/python3.7/site-packages/airflow/example_dags/example_time_delta_sensor_async.py
[2022-08-25 23:39:23,063] {processor.py:651} INFO - DAG(s) dict_keys(['example_time_delta_sensor_async']) retrieved from /home/airflow/.local/lib/python3.7/site-packages/airflow/example_dags/example_time_delta_sensor_async.py
[2022-08-25 23:39:23,123] {logging_mixin.py:115} INFO - [2022-08-25 23:39:23,123] {dag.py:2420} INFO - Sync 1 DAGs
[2022-08-25 23:39:23,160] {logging_mixin.py:115} INFO - [2022-08-25 23:39:23,160] {dag.py:2972} INFO - Setting next_dagrun for example_time_delta_sensor_async to None, run_after=None
[2022-08-25 23:39:23,180] {processor.py:161} INFO - Processing /home/airflow/.local/lib/python3.7/site-packages/airflow/example_dags/example_time_delta_sensor_async.py took 0.136 seconds
[2022-08-25 23:39:53,971] {processor.py:153} INFO - Started process (PID=18671) to work on /home/airflow/.local/lib/python3.7/site-packages/airflow/example_dags/example_time_delta_sensor_async.py
[2022-08-25 23:39:53,977] {processor.py:641} INFO - Processing file /home/airflow/.local/lib/python3.7/site-packages/airflow/example_dags/example_time_delta_sensor_async.py for tasks to queue
[2022-08-25 23:39:53,982] {logging_mixin.py:115} INFO - [2022-08-25 23:39:53,982] {dagbag.py:508} INFO - Filling up the DagBag from /home/airflow/.local/lib/python3.7/site-packages/airflow/example_dags/example_time_delta_sensor_async.py
[2022-08-25 23:39:54,007] {processor.py:651} INFO - DAG(s) dict_keys(['example_time_delta_sensor_async']) retrieved from /home/airflow/.local/lib/python3.7/site-packages/airflow/example_dags/example_time_delta_sensor_async.py
[2022-08-25 23:39:54,179] {logging_mixin.py:115} INFO - [2022-08-25 23:39:54,179] {dag.py:2420} INFO - Sync 1 DAGs
[2022-08-25 23:39:54,290] {logging_mixin.py:115} INFO - [2022-08-25 23:39:54,290] {dag.py:2972} INFO - Setting next_dagrun for example_time_delta_sensor_async to None, run_after=None
[2022-08-25 23:39:54,306] {processor.py:161} INFO - Processing /home/airflow/.local/lib/python3.7/site-packages/airflow/example_dags/example_time_delta_sensor_async.py took 0.372 seconds
[2022-08-25 23:40:24,787] {processor.py:153} INFO - Started process (PID=18726) to work on /home/airflow/.local/lib/python3.7/site-packages/airflow/example_dags/example_time_delta_sensor_async.py
[2022-08-25 23:40:24,788] {processor.py:641} INFO - Processing file /home/airflow/.local/lib/python3.7/site-packages/airflow/example_dags/example_time_delta_sensor_async.py for tasks to queue
[2022-08-25 23:40:24,789] {logging_mixin.py:115} INFO - [2022-08-25 23:40:24,789] {dagbag.py:508} INFO - Filling up the DagBag from /home/airflow/.local/lib/python3.7/site-packages/airflow/example_dags/example_time_delta_sensor_async.py
[2022-08-25 23:40:24,797] {processor.py:651} INFO - DAG(s) dict_keys(['example_time_delta_sensor_async']) retrieved from /home/airflow/.local/lib/python3.7/site-packages/airflow/example_dags/example_time_delta_sensor_async.py
[2022-08-25 23:40:24,849] {logging_mixin.py:115} INFO - [2022-08-25 23:40:24,849] {dag.py:2420} INFO - Sync 1 DAGs
[2022-08-25 23:40:24,876] {logging_mixin.py:115} INFO - [2022-08-25 23:40:24,876] {dag.py:2972} INFO - Setting next_dagrun for example_time_delta_sensor_async to None, run_after=None
[2022-08-25 23:40:24,898] {processor.py:161} INFO - Processing /home/airflow/.local/lib/python3.7/site-packages/airflow/example_dags/example_time_delta_sensor_async.py took 0.115 seconds
[2022-08-25 23:40:55,073] {processor.py:153} INFO - Started process (PID=18790) to work on /home/airflow/.local/lib/python3.7/site-packages/airflow/example_dags/example_time_delta_sensor_async.py
[2022-08-25 23:40:55,075] {processor.py:641} INFO - Processing file /home/airflow/.local/lib/python3.7/site-packages/airflow/example_dags/example_time_delta_sensor_async.py for tasks to queue
[2022-08-25 23:40:55,077] {logging_mixin.py:115} INFO - [2022-08-25 23:40:55,077] {dagbag.py:508} INFO - Filling up the DagBag from /home/airflow/.local/lib/python3.7/site-packages/airflow/example_dags/example_time_delta_sensor_async.py
[2022-08-25 23:40:55,085] {processor.py:651} INFO - DAG(s) dict_keys(['example_time_delta_sensor_async']) retrieved from /home/airflow/.local/lib/python3.7/site-packages/airflow/example_dags/example_time_delta_sensor_async.py
[2022-08-25 23:40:55,140] {logging_mixin.py:115} INFO - [2022-08-25 23:40:55,139] {dag.py:2420} INFO - Sync 1 DAGs
[2022-08-25 23:40:55,175] {logging_mixin.py:115} INFO - [2022-08-25 23:40:55,175] {dag.py:2972} INFO - Setting next_dagrun for example_time_delta_sensor_async to None, run_after=None
[2022-08-25 23:40:55,189] {processor.py:161} INFO - Processing /home/airflow/.local/lib/python3.7/site-packages/airflow/example_dags/example_time_delta_sensor_async.py took 0.121 seconds
[2022-08-25 23:41:25,302] {processor.py:153} INFO - Started process (PID=18845) to work on /home/airflow/.local/lib/python3.7/site-packages/airflow/example_dags/example_time_delta_sensor_async.py
[2022-08-25 23:41:25,303] {processor.py:641} INFO - Processing file /home/airflow/.local/lib/python3.7/site-packages/airflow/example_dags/example_time_delta_sensor_async.py for tasks to queue
[2022-08-25 23:41:25,305] {logging_mixin.py:115} INFO - [2022-08-25 23:41:25,304] {dagbag.py:508} INFO - Filling up the DagBag from /home/airflow/.local/lib/python3.7/site-packages/airflow/example_dags/example_time_delta_sensor_async.py
[2022-08-25 23:41:25,315] {processor.py:651} INFO - DAG(s) dict_keys(['example_time_delta_sensor_async']) retrieved from /home/airflow/.local/lib/python3.7/site-packages/airflow/example_dags/example_time_delta_sensor_async.py
[2022-08-25 23:41:25,378] {logging_mixin.py:115} INFO - [2022-08-25 23:41:25,378] {dag.py:2420} INFO - Sync 1 DAGs
[2022-08-25 23:41:25,426] {logging_mixin.py:115} INFO - [2022-08-25 23:41:25,425] {dag.py:2972} INFO - Setting next_dagrun for example_time_delta_sensor_async to None, run_after=None
[2022-08-25 23:41:25,449] {processor.py:161} INFO - Processing /home/airflow/.local/lib/python3.7/site-packages/airflow/example_dags/example_time_delta_sensor_async.py took 0.151 seconds
[2022-08-25 23:41:57,054] {processor.py:153} INFO - Started process (PID=18909) to work on /home/airflow/.local/lib/python3.7/site-packages/airflow/example_dags/example_time_delta_sensor_async.py
[2022-08-25 23:41:57,057] {processor.py:641} INFO - Processing file /home/airflow/.local/lib/python3.7/site-packages/airflow/example_dags/example_time_delta_sensor_async.py for tasks to queue
[2022-08-25 23:41:57,059] {logging_mixin.py:115} INFO - [2022-08-25 23:41:57,059] {dagbag.py:508} INFO - Filling up the DagBag from /home/airflow/.local/lib/python3.7/site-packages/airflow/example_dags/example_time_delta_sensor_async.py
[2022-08-25 23:41:57,083] {processor.py:651} INFO - DAG(s) dict_keys(['example_time_delta_sensor_async']) retrieved from /home/airflow/.local/lib/python3.7/site-packages/airflow/example_dags/example_time_delta_sensor_async.py
[2022-08-25 23:41:57,193] {logging_mixin.py:115} INFO - [2022-08-25 23:41:57,192] {dag.py:2420} INFO - Sync 1 DAGs
[2022-08-25 23:41:57,273] {logging_mixin.py:115} INFO - [2022-08-25 23:41:57,273] {dag.py:2972} INFO - Setting next_dagrun for example_time_delta_sensor_async to None, run_after=None
[2022-08-25 23:41:57,311] {processor.py:161} INFO - Processing /home/airflow/.local/lib/python3.7/site-packages/airflow/example_dags/example_time_delta_sensor_async.py took 0.270 seconds
[2022-08-25 23:42:27,663] {processor.py:153} INFO - Started process (PID=18973) to work on /home/airflow/.local/lib/python3.7/site-packages/airflow/example_dags/example_time_delta_sensor_async.py
[2022-08-25 23:42:27,664] {processor.py:641} INFO - Processing file /home/airflow/.local/lib/python3.7/site-packages/airflow/example_dags/example_time_delta_sensor_async.py for tasks to queue
[2022-08-25 23:42:27,665] {logging_mixin.py:115} INFO - [2022-08-25 23:42:27,665] {dagbag.py:508} INFO - Filling up the DagBag from /home/airflow/.local/lib/python3.7/site-packages/airflow/example_dags/example_time_delta_sensor_async.py
[2022-08-25 23:42:27,673] {processor.py:651} INFO - DAG(s) dict_keys(['example_time_delta_sensor_async']) retrieved from /home/airflow/.local/lib/python3.7/site-packages/airflow/example_dags/example_time_delta_sensor_async.py
[2022-08-25 23:42:27,733] {logging_mixin.py:115} INFO - [2022-08-25 23:42:27,733] {dag.py:2420} INFO - Sync 1 DAGs
[2022-08-25 23:42:27,767] {logging_mixin.py:115} INFO - [2022-08-25 23:42:27,767] {dag.py:2972} INFO - Setting next_dagrun for example_time_delta_sensor_async to None, run_after=None
[2022-08-25 23:42:27,783] {processor.py:161} INFO - Processing /home/airflow/.local/lib/python3.7/site-packages/airflow/example_dags/example_time_delta_sensor_async.py took 0.125 seconds
[2022-08-25 23:42:58,020] {processor.py:153} INFO - Started process (PID=19028) to work on /home/airflow/.local/lib/python3.7/site-packages/airflow/example_dags/example_time_delta_sensor_async.py
[2022-08-25 23:42:58,021] {processor.py:641} INFO - Processing file /home/airflow/.local/lib/python3.7/site-packages/airflow/example_dags/example_time_delta_sensor_async.py for tasks to queue
[2022-08-25 23:42:58,023] {logging_mixin.py:115} INFO - [2022-08-25 23:42:58,023] {dagbag.py:508} INFO - Filling up the DagBag from /home/airflow/.local/lib/python3.7/site-packages/airflow/example_dags/example_time_delta_sensor_async.py
[2022-08-25 23:42:58,031] {processor.py:651} INFO - DAG(s) dict_keys(['example_time_delta_sensor_async']) retrieved from /home/airflow/.local/lib/python3.7/site-packages/airflow/example_dags/example_time_delta_sensor_async.py
[2022-08-25 23:42:58,080] {logging_mixin.py:115} INFO - [2022-08-25 23:42:58,080] {dag.py:2420} INFO - Sync 1 DAGs
[2022-08-25 23:42:58,109] {logging_mixin.py:115} INFO - [2022-08-25 23:42:58,109] {dag.py:2972} INFO - Setting next_dagrun for example_time_delta_sensor_async to None, run_after=None
[2022-08-25 23:42:58,125] {processor.py:161} INFO - Processing /home/airflow/.local/lib/python3.7/site-packages/airflow/example_dags/example_time_delta_sensor_async.py took 0.111 seconds
[2022-08-25 23:43:28,349] {processor.py:153} INFO - Started process (PID=19093) to work on /home/airflow/.local/lib/python3.7/site-packages/airflow/example_dags/example_time_delta_sensor_async.py
[2022-08-25 23:43:28,350] {processor.py:641} INFO - Processing file /home/airflow/.local/lib/python3.7/site-packages/airflow/example_dags/example_time_delta_sensor_async.py for tasks to queue
[2022-08-25 23:43:28,352] {logging_mixin.py:115} INFO - [2022-08-25 23:43:28,351] {dagbag.py:508} INFO - Filling up the DagBag from /home/airflow/.local/lib/python3.7/site-packages/airflow/example_dags/example_time_delta_sensor_async.py
[2022-08-25 23:43:28,359] {processor.py:651} INFO - DAG(s) dict_keys(['example_time_delta_sensor_async']) retrieved from /home/airflow/.local/lib/python3.7/site-packages/airflow/example_dags/example_time_delta_sensor_async.py
[2022-08-25 23:43:28,415] {logging_mixin.py:115} INFO - [2022-08-25 23:43:28,414] {dag.py:2420} INFO - Sync 1 DAGs
[2022-08-25 23:43:28,443] {logging_mixin.py:115} INFO - [2022-08-25 23:43:28,443] {dag.py:2972} INFO - Setting next_dagrun for example_time_delta_sensor_async to None, run_after=None
[2022-08-25 23:43:28,461] {processor.py:161} INFO - Processing /home/airflow/.local/lib/python3.7/site-packages/airflow/example_dags/example_time_delta_sensor_async.py took 0.118 seconds
[2022-08-25 23:43:58,844] {processor.py:153} INFO - Started process (PID=19148) to work on /home/airflow/.local/lib/python3.7/site-packages/airflow/example_dags/example_time_delta_sensor_async.py
[2022-08-25 23:43:58,845] {processor.py:641} INFO - Processing file /home/airflow/.local/lib/python3.7/site-packages/airflow/example_dags/example_time_delta_sensor_async.py for tasks to queue
[2022-08-25 23:43:58,846] {logging_mixin.py:115} INFO - [2022-08-25 23:43:58,846] {dagbag.py:508} INFO - Filling up the DagBag from /home/airflow/.local/lib/python3.7/site-packages/airflow/example_dags/example_time_delta_sensor_async.py
[2022-08-25 23:43:58,853] {processor.py:651} INFO - DAG(s) dict_keys(['example_time_delta_sensor_async']) retrieved from /home/airflow/.local/lib/python3.7/site-packages/airflow/example_dags/example_time_delta_sensor_async.py
[2022-08-25 23:43:58,913] {logging_mixin.py:115} INFO - [2022-08-25 23:43:58,913] {dag.py:2420} INFO - Sync 1 DAGs
[2022-08-25 23:43:58,943] {logging_mixin.py:115} INFO - [2022-08-25 23:43:58,943] {dag.py:2972} INFO - Setting next_dagrun for example_time_delta_sensor_async to None, run_after=None
[2022-08-25 23:43:58,959] {processor.py:161} INFO - Processing /home/airflow/.local/lib/python3.7/site-packages/airflow/example_dags/example_time_delta_sensor_async.py took 0.121 seconds
[2022-08-25 23:44:29,324] {processor.py:153} INFO - Started process (PID=19213) to work on /home/airflow/.local/lib/python3.7/site-packages/airflow/example_dags/example_time_delta_sensor_async.py
[2022-08-25 23:44:29,325] {processor.py:641} INFO - Processing file /home/airflow/.local/lib/python3.7/site-packages/airflow/example_dags/example_time_delta_sensor_async.py for tasks to queue
[2022-08-25 23:44:29,326] {logging_mixin.py:115} INFO - [2022-08-25 23:44:29,326] {dagbag.py:508} INFO - Filling up the DagBag from /home/airflow/.local/lib/python3.7/site-packages/airflow/example_dags/example_time_delta_sensor_async.py
[2022-08-25 23:44:29,333] {processor.py:651} INFO - DAG(s) dict_keys(['example_time_delta_sensor_async']) retrieved from /home/airflow/.local/lib/python3.7/site-packages/airflow/example_dags/example_time_delta_sensor_async.py
[2022-08-25 23:44:29,385] {logging_mixin.py:115} INFO - [2022-08-25 23:44:29,385] {dag.py:2420} INFO - Sync 1 DAGs
[2022-08-25 23:44:29,415] {logging_mixin.py:115} INFO - [2022-08-25 23:44:29,415] {dag.py:2972} INFO - Setting next_dagrun for example_time_delta_sensor_async to None, run_after=None
[2022-08-25 23:44:29,430] {processor.py:161} INFO - Processing /home/airflow/.local/lib/python3.7/site-packages/airflow/example_dags/example_time_delta_sensor_async.py took 0.113 seconds
[2022-08-25 23:44:59,822] {processor.py:153} INFO - Started process (PID=19278) to work on /home/airflow/.local/lib/python3.7/site-packages/airflow/example_dags/example_time_delta_sensor_async.py
[2022-08-25 23:44:59,824] {processor.py:641} INFO - Processing file /home/airflow/.local/lib/python3.7/site-packages/airflow/example_dags/example_time_delta_sensor_async.py for tasks to queue
[2022-08-25 23:44:59,825] {logging_mixin.py:115} INFO - [2022-08-25 23:44:59,825] {dagbag.py:508} INFO - Filling up the DagBag from /home/airflow/.local/lib/python3.7/site-packages/airflow/example_dags/example_time_delta_sensor_async.py
[2022-08-25 23:44:59,832] {processor.py:651} INFO - DAG(s) dict_keys(['example_time_delta_sensor_async']) retrieved from /home/airflow/.local/lib/python3.7/site-packages/airflow/example_dags/example_time_delta_sensor_async.py
[2022-08-25 23:44:59,888] {logging_mixin.py:115} INFO - [2022-08-25 23:44:59,888] {dag.py:2420} INFO - Sync 1 DAGs
[2022-08-25 23:44:59,919] {logging_mixin.py:115} INFO - [2022-08-25 23:44:59,919] {dag.py:2972} INFO - Setting next_dagrun for example_time_delta_sensor_async to None, run_after=None
[2022-08-25 23:44:59,940] {processor.py:161} INFO - Processing /home/airflow/.local/lib/python3.7/site-packages/airflow/example_dags/example_time_delta_sensor_async.py took 0.123 seconds
[2022-08-25 23:45:30,354] {processor.py:153} INFO - Started process (PID=19333) to work on /home/airflow/.local/lib/python3.7/site-packages/airflow/example_dags/example_time_delta_sensor_async.py
[2022-08-25 23:45:30,355] {processor.py:641} INFO - Processing file /home/airflow/.local/lib/python3.7/site-packages/airflow/example_dags/example_time_delta_sensor_async.py for tasks to queue
[2022-08-25 23:45:30,356] {logging_mixin.py:115} INFO - [2022-08-25 23:45:30,356] {dagbag.py:508} INFO - Filling up the DagBag from /home/airflow/.local/lib/python3.7/site-packages/airflow/example_dags/example_time_delta_sensor_async.py
[2022-08-25 23:45:30,368] {processor.py:651} INFO - DAG(s) dict_keys(['example_time_delta_sensor_async']) retrieved from /home/airflow/.local/lib/python3.7/site-packages/airflow/example_dags/example_time_delta_sensor_async.py
[2022-08-25 23:45:30,425] {logging_mixin.py:115} INFO - [2022-08-25 23:45:30,425] {dag.py:2420} INFO - Sync 1 DAGs
[2022-08-25 23:45:30,452] {logging_mixin.py:115} INFO - [2022-08-25 23:45:30,452] {dag.py:2972} INFO - Setting next_dagrun for example_time_delta_sensor_async to None, run_after=None
[2022-08-25 23:45:30,468] {processor.py:161} INFO - Processing /home/airflow/.local/lib/python3.7/site-packages/airflow/example_dags/example_time_delta_sensor_async.py took 0.119 seconds
[2022-08-25 23:46:00,756] {processor.py:153} INFO - Started process (PID=19398) to work on /home/airflow/.local/lib/python3.7/site-packages/airflow/example_dags/example_time_delta_sensor_async.py
[2022-08-25 23:46:00,758] {processor.py:641} INFO - Processing file /home/airflow/.local/lib/python3.7/site-packages/airflow/example_dags/example_time_delta_sensor_async.py for tasks to queue
[2022-08-25 23:46:00,759] {logging_mixin.py:115} INFO - [2022-08-25 23:46:00,759] {dagbag.py:508} INFO - Filling up the DagBag from /home/airflow/.local/lib/python3.7/site-packages/airflow/example_dags/example_time_delta_sensor_async.py
[2022-08-25 23:46:00,770] {processor.py:651} INFO - DAG(s) dict_keys(['example_time_delta_sensor_async']) retrieved from /home/airflow/.local/lib/python3.7/site-packages/airflow/example_dags/example_time_delta_sensor_async.py
[2022-08-25 23:46:00,834] {logging_mixin.py:115} INFO - [2022-08-25 23:46:00,834] {dag.py:2420} INFO - Sync 1 DAGs
[2022-08-25 23:46:00,862] {logging_mixin.py:115} INFO - [2022-08-25 23:46:00,861] {dag.py:2972} INFO - Setting next_dagrun for example_time_delta_sensor_async to None, run_after=None
[2022-08-25 23:46:00,887] {processor.py:161} INFO - Processing /home/airflow/.local/lib/python3.7/site-packages/airflow/example_dags/example_time_delta_sensor_async.py took 0.137 seconds
[2022-08-25 23:46:31,074] {processor.py:153} INFO - Started process (PID=19453) to work on /home/airflow/.local/lib/python3.7/site-packages/airflow/example_dags/example_time_delta_sensor_async.py
[2022-08-25 23:46:31,075] {processor.py:641} INFO - Processing file /home/airflow/.local/lib/python3.7/site-packages/airflow/example_dags/example_time_delta_sensor_async.py for tasks to queue
[2022-08-25 23:46:31,076] {logging_mixin.py:115} INFO - [2022-08-25 23:46:31,076] {dagbag.py:508} INFO - Filling up the DagBag from /home/airflow/.local/lib/python3.7/site-packages/airflow/example_dags/example_time_delta_sensor_async.py
[2022-08-25 23:46:31,083] {processor.py:651} INFO - DAG(s) dict_keys(['example_time_delta_sensor_async']) retrieved from /home/airflow/.local/lib/python3.7/site-packages/airflow/example_dags/example_time_delta_sensor_async.py
[2022-08-25 23:46:31,137] {logging_mixin.py:115} INFO - [2022-08-25 23:46:31,137] {dag.py:2420} INFO - Sync 1 DAGs
[2022-08-25 23:46:31,165] {logging_mixin.py:115} INFO - [2022-08-25 23:46:31,165] {dag.py:2972} INFO - Setting next_dagrun for example_time_delta_sensor_async to None, run_after=None
[2022-08-25 23:46:31,181] {processor.py:161} INFO - Processing /home/airflow/.local/lib/python3.7/site-packages/airflow/example_dags/example_time_delta_sensor_async.py took 0.113 seconds
[2022-08-25 23:47:01,598] {processor.py:153} INFO - Started process (PID=19519) to work on /home/airflow/.local/lib/python3.7/site-packages/airflow/example_dags/example_time_delta_sensor_async.py
[2022-08-25 23:47:01,600] {processor.py:641} INFO - Processing file /home/airflow/.local/lib/python3.7/site-packages/airflow/example_dags/example_time_delta_sensor_async.py for tasks to queue
[2022-08-25 23:47:01,601] {logging_mixin.py:115} INFO - [2022-08-25 23:47:01,601] {dagbag.py:508} INFO - Filling up the DagBag from /home/airflow/.local/lib/python3.7/site-packages/airflow/example_dags/example_time_delta_sensor_async.py
[2022-08-25 23:47:01,608] {processor.py:651} INFO - DAG(s) dict_keys(['example_time_delta_sensor_async']) retrieved from /home/airflow/.local/lib/python3.7/site-packages/airflow/example_dags/example_time_delta_sensor_async.py
[2022-08-25 23:47:01,667] {logging_mixin.py:115} INFO - [2022-08-25 23:47:01,666] {dag.py:2420} INFO - Sync 1 DAGs
[2022-08-25 23:47:01,694] {logging_mixin.py:115} INFO - [2022-08-25 23:47:01,694] {dag.py:2972} INFO - Setting next_dagrun for example_time_delta_sensor_async to None, run_after=None
[2022-08-25 23:47:01,709] {processor.py:161} INFO - Processing /home/airflow/.local/lib/python3.7/site-packages/airflow/example_dags/example_time_delta_sensor_async.py took 0.115 seconds
[2022-08-25 23:47:32,615] {processor.py:153} INFO - Started process (PID=19585) to work on /home/airflow/.local/lib/python3.7/site-packages/airflow/example_dags/example_time_delta_sensor_async.py
[2022-08-25 23:47:32,617] {processor.py:641} INFO - Processing file /home/airflow/.local/lib/python3.7/site-packages/airflow/example_dags/example_time_delta_sensor_async.py for tasks to queue
[2022-08-25 23:47:32,618] {logging_mixin.py:115} INFO - [2022-08-25 23:47:32,618] {dagbag.py:508} INFO - Filling up the DagBag from /home/airflow/.local/lib/python3.7/site-packages/airflow/example_dags/example_time_delta_sensor_async.py
[2022-08-25 23:47:32,629] {processor.py:651} INFO - DAG(s) dict_keys(['example_time_delta_sensor_async']) retrieved from /home/airflow/.local/lib/python3.7/site-packages/airflow/example_dags/example_time_delta_sensor_async.py
[2022-08-25 23:47:32,700] {logging_mixin.py:115} INFO - [2022-08-25 23:47:32,699] {dag.py:2420} INFO - Sync 1 DAGs
[2022-08-25 23:47:32,732] {logging_mixin.py:115} INFO - [2022-08-25 23:47:32,732] {dag.py:2972} INFO - Setting next_dagrun for example_time_delta_sensor_async to None, run_after=None
[2022-08-25 23:47:32,747] {processor.py:161} INFO - Processing /home/airflow/.local/lib/python3.7/site-packages/airflow/example_dags/example_time_delta_sensor_async.py took 0.139 seconds
[2022-08-25 23:48:03,585] {processor.py:153} INFO - Started process (PID=19640) to work on /home/airflow/.local/lib/python3.7/site-packages/airflow/example_dags/example_time_delta_sensor_async.py
[2022-08-25 23:48:03,587] {processor.py:641} INFO - Processing file /home/airflow/.local/lib/python3.7/site-packages/airflow/example_dags/example_time_delta_sensor_async.py for tasks to queue
[2022-08-25 23:48:03,588] {logging_mixin.py:115} INFO - [2022-08-25 23:48:03,588] {dagbag.py:508} INFO - Filling up the DagBag from /home/airflow/.local/lib/python3.7/site-packages/airflow/example_dags/example_time_delta_sensor_async.py
[2022-08-25 23:48:03,597] {processor.py:651} INFO - DAG(s) dict_keys(['example_time_delta_sensor_async']) retrieved from /home/airflow/.local/lib/python3.7/site-packages/airflow/example_dags/example_time_delta_sensor_async.py
[2022-08-25 23:48:03,655] {logging_mixin.py:115} INFO - [2022-08-25 23:48:03,655] {dag.py:2420} INFO - Sync 1 DAGs
[2022-08-25 23:48:03,684] {logging_mixin.py:115} INFO - [2022-08-25 23:48:03,684] {dag.py:2972} INFO - Setting next_dagrun for example_time_delta_sensor_async to None, run_after=None
[2022-08-25 23:48:03,702] {processor.py:161} INFO - Processing /home/airflow/.local/lib/python3.7/site-packages/airflow/example_dags/example_time_delta_sensor_async.py took 0.122 seconds
[2022-08-25 23:48:34,945] {processor.py:153} INFO - Started process (PID=19705) to work on /home/airflow/.local/lib/python3.7/site-packages/airflow/example_dags/example_time_delta_sensor_async.py
[2022-08-25 23:48:34,946] {processor.py:641} INFO - Processing file /home/airflow/.local/lib/python3.7/site-packages/airflow/example_dags/example_time_delta_sensor_async.py for tasks to queue
[2022-08-25 23:48:34,947] {logging_mixin.py:115} INFO - [2022-08-25 23:48:34,947] {dagbag.py:508} INFO - Filling up the DagBag from /home/airflow/.local/lib/python3.7/site-packages/airflow/example_dags/example_time_delta_sensor_async.py
[2022-08-25 23:48:34,954] {processor.py:651} INFO - DAG(s) dict_keys(['example_time_delta_sensor_async']) retrieved from /home/airflow/.local/lib/python3.7/site-packages/airflow/example_dags/example_time_delta_sensor_async.py
[2022-08-25 23:48:35,011] {logging_mixin.py:115} INFO - [2022-08-25 23:48:35,011] {dag.py:2420} INFO - Sync 1 DAGs
[2022-08-25 23:48:35,039] {logging_mixin.py:115} INFO - [2022-08-25 23:48:35,039] {dag.py:2972} INFO - Setting next_dagrun for example_time_delta_sensor_async to None, run_after=None
[2022-08-25 23:48:35,055] {processor.py:161} INFO - Processing /home/airflow/.local/lib/python3.7/site-packages/airflow/example_dags/example_time_delta_sensor_async.py took 0.116 seconds
[2022-08-25 23:49:05,746] {processor.py:153} INFO - Started process (PID=19769) to work on /home/airflow/.local/lib/python3.7/site-packages/airflow/example_dags/example_time_delta_sensor_async.py
[2022-08-25 23:49:05,748] {processor.py:641} INFO - Processing file /home/airflow/.local/lib/python3.7/site-packages/airflow/example_dags/example_time_delta_sensor_async.py for tasks to queue
[2022-08-25 23:49:05,749] {logging_mixin.py:115} INFO - [2022-08-25 23:49:05,749] {dagbag.py:508} INFO - Filling up the DagBag from /home/airflow/.local/lib/python3.7/site-packages/airflow/example_dags/example_time_delta_sensor_async.py
[2022-08-25 23:49:05,756] {processor.py:651} INFO - DAG(s) dict_keys(['example_time_delta_sensor_async']) retrieved from /home/airflow/.local/lib/python3.7/site-packages/airflow/example_dags/example_time_delta_sensor_async.py
[2022-08-25 23:49:05,809] {logging_mixin.py:115} INFO - [2022-08-25 23:49:05,809] {dag.py:2420} INFO - Sync 1 DAGs
[2022-08-25 23:49:05,839] {logging_mixin.py:115} INFO - [2022-08-25 23:49:05,839] {dag.py:2972} INFO - Setting next_dagrun for example_time_delta_sensor_async to None, run_after=None
[2022-08-25 23:49:05,855] {processor.py:161} INFO - Processing /home/airflow/.local/lib/python3.7/site-packages/airflow/example_dags/example_time_delta_sensor_async.py took 0.113 seconds
[2022-08-25 23:49:36,309] {processor.py:153} INFO - Started process (PID=19824) to work on /home/airflow/.local/lib/python3.7/site-packages/airflow/example_dags/example_time_delta_sensor_async.py
[2022-08-25 23:49:36,311] {processor.py:641} INFO - Processing file /home/airflow/.local/lib/python3.7/site-packages/airflow/example_dags/example_time_delta_sensor_async.py for tasks to queue
[2022-08-25 23:49:36,312] {logging_mixin.py:115} INFO - [2022-08-25 23:49:36,312] {dagbag.py:508} INFO - Filling up the DagBag from /home/airflow/.local/lib/python3.7/site-packages/airflow/example_dags/example_time_delta_sensor_async.py
[2022-08-25 23:49:36,319] {processor.py:651} INFO - DAG(s) dict_keys(['example_time_delta_sensor_async']) retrieved from /home/airflow/.local/lib/python3.7/site-packages/airflow/example_dags/example_time_delta_sensor_async.py
[2022-08-25 23:49:36,374] {logging_mixin.py:115} INFO - [2022-08-25 23:49:36,373] {dag.py:2420} INFO - Sync 1 DAGs
[2022-08-25 23:49:36,404] {logging_mixin.py:115} INFO - [2022-08-25 23:49:36,404] {dag.py:2972} INFO - Setting next_dagrun for example_time_delta_sensor_async to None, run_after=None
[2022-08-25 23:49:36,421] {processor.py:161} INFO - Processing /home/airflow/.local/lib/python3.7/site-packages/airflow/example_dags/example_time_delta_sensor_async.py took 0.116 seconds
[2022-08-25 23:50:06,666] {processor.py:153} INFO - Started process (PID=19887) to work on /home/airflow/.local/lib/python3.7/site-packages/airflow/example_dags/example_time_delta_sensor_async.py
[2022-08-25 23:50:06,668] {processor.py:641} INFO - Processing file /home/airflow/.local/lib/python3.7/site-packages/airflow/example_dags/example_time_delta_sensor_async.py for tasks to queue
[2022-08-25 23:50:06,670] {logging_mixin.py:115} INFO - [2022-08-25 23:50:06,669] {dagbag.py:508} INFO - Filling up the DagBag from /home/airflow/.local/lib/python3.7/site-packages/airflow/example_dags/example_time_delta_sensor_async.py
[2022-08-25 23:50:06,684] {processor.py:651} INFO - DAG(s) dict_keys(['example_time_delta_sensor_async']) retrieved from /home/airflow/.local/lib/python3.7/site-packages/airflow/example_dags/example_time_delta_sensor_async.py
[2022-08-25 23:50:06,772] {logging_mixin.py:115} INFO - [2022-08-25 23:50:06,772] {dag.py:2420} INFO - Sync 1 DAGs
[2022-08-25 23:50:06,835] {logging_mixin.py:115} INFO - [2022-08-25 23:50:06,835] {dag.py:2972} INFO - Setting next_dagrun for example_time_delta_sensor_async to None, run_after=None
[2022-08-25 23:50:06,872] {processor.py:161} INFO - Processing /home/airflow/.local/lib/python3.7/site-packages/airflow/example_dags/example_time_delta_sensor_async.py took 0.213 seconds
[2022-08-25 23:50:37,299] {processor.py:153} INFO - Started process (PID=19943) to work on /home/airflow/.local/lib/python3.7/site-packages/airflow/example_dags/example_time_delta_sensor_async.py
[2022-08-25 23:50:37,301] {processor.py:641} INFO - Processing file /home/airflow/.local/lib/python3.7/site-packages/airflow/example_dags/example_time_delta_sensor_async.py for tasks to queue
[2022-08-25 23:50:37,303] {logging_mixin.py:115} INFO - [2022-08-25 23:50:37,303] {dagbag.py:508} INFO - Filling up the DagBag from /home/airflow/.local/lib/python3.7/site-packages/airflow/example_dags/example_time_delta_sensor_async.py
[2022-08-25 23:50:37,313] {processor.py:651} INFO - DAG(s) dict_keys(['example_time_delta_sensor_async']) retrieved from /home/airflow/.local/lib/python3.7/site-packages/airflow/example_dags/example_time_delta_sensor_async.py
[2022-08-25 23:50:37,379] {logging_mixin.py:115} INFO - [2022-08-25 23:50:37,378] {dag.py:2420} INFO - Sync 1 DAGs
[2022-08-25 23:50:37,414] {logging_mixin.py:115} INFO - [2022-08-25 23:50:37,414] {dag.py:2972} INFO - Setting next_dagrun for example_time_delta_sensor_async to None, run_after=None
[2022-08-25 23:50:37,433] {processor.py:161} INFO - Processing /home/airflow/.local/lib/python3.7/site-packages/airflow/example_dags/example_time_delta_sensor_async.py took 0.140 seconds
[2022-08-25 23:51:08,324] {processor.py:153} INFO - Started process (PID=20007) to work on /home/airflow/.local/lib/python3.7/site-packages/airflow/example_dags/example_time_delta_sensor_async.py
[2022-08-25 23:51:08,326] {processor.py:641} INFO - Processing file /home/airflow/.local/lib/python3.7/site-packages/airflow/example_dags/example_time_delta_sensor_async.py for tasks to queue
[2022-08-25 23:51:08,327] {logging_mixin.py:115} INFO - [2022-08-25 23:51:08,327] {dagbag.py:508} INFO - Filling up the DagBag from /home/airflow/.local/lib/python3.7/site-packages/airflow/example_dags/example_time_delta_sensor_async.py
[2022-08-25 23:51:08,334] {processor.py:651} INFO - DAG(s) dict_keys(['example_time_delta_sensor_async']) retrieved from /home/airflow/.local/lib/python3.7/site-packages/airflow/example_dags/example_time_delta_sensor_async.py
[2022-08-25 23:51:08,387] {logging_mixin.py:115} INFO - [2022-08-25 23:51:08,387] {dag.py:2420} INFO - Sync 1 DAGs
[2022-08-25 23:51:08,415] {logging_mixin.py:115} INFO - [2022-08-25 23:51:08,415] {dag.py:2972} INFO - Setting next_dagrun for example_time_delta_sensor_async to None, run_after=None
[2022-08-25 23:51:08,434] {processor.py:161} INFO - Processing /home/airflow/.local/lib/python3.7/site-packages/airflow/example_dags/example_time_delta_sensor_async.py took 0.115 seconds
[2022-08-25 23:51:38,675] {processor.py:153} INFO - Started process (PID=20073) to work on /home/airflow/.local/lib/python3.7/site-packages/airflow/example_dags/example_time_delta_sensor_async.py
[2022-08-25 23:51:38,679] {processor.py:641} INFO - Processing file /home/airflow/.local/lib/python3.7/site-packages/airflow/example_dags/example_time_delta_sensor_async.py for tasks to queue
[2022-08-25 23:51:38,681] {logging_mixin.py:115} INFO - [2022-08-25 23:51:38,681] {dagbag.py:508} INFO - Filling up the DagBag from /home/airflow/.local/lib/python3.7/site-packages/airflow/example_dags/example_time_delta_sensor_async.py
[2022-08-25 23:51:38,695] {processor.py:651} INFO - DAG(s) dict_keys(['example_time_delta_sensor_async']) retrieved from /home/airflow/.local/lib/python3.7/site-packages/airflow/example_dags/example_time_delta_sensor_async.py
[2022-08-25 23:51:38,773] {logging_mixin.py:115} INFO - [2022-08-25 23:51:38,773] {dag.py:2420} INFO - Sync 1 DAGs
[2022-08-25 23:51:38,807] {logging_mixin.py:115} INFO - [2022-08-25 23:51:38,807] {dag.py:2972} INFO - Setting next_dagrun for example_time_delta_sensor_async to None, run_after=None
[2022-08-25 23:51:38,825] {processor.py:161} INFO - Processing /home/airflow/.local/lib/python3.7/site-packages/airflow/example_dags/example_time_delta_sensor_async.py took 0.155 seconds
[2022-08-25 23:52:09,683] {processor.py:153} INFO - Started process (PID=20128) to work on /home/airflow/.local/lib/python3.7/site-packages/airflow/example_dags/example_time_delta_sensor_async.py
[2022-08-25 23:52:09,685] {processor.py:641} INFO - Processing file /home/airflow/.local/lib/python3.7/site-packages/airflow/example_dags/example_time_delta_sensor_async.py for tasks to queue
[2022-08-25 23:52:09,686] {logging_mixin.py:115} INFO - [2022-08-25 23:52:09,686] {dagbag.py:508} INFO - Filling up the DagBag from /home/airflow/.local/lib/python3.7/site-packages/airflow/example_dags/example_time_delta_sensor_async.py
[2022-08-25 23:52:09,693] {processor.py:651} INFO - DAG(s) dict_keys(['example_time_delta_sensor_async']) retrieved from /home/airflow/.local/lib/python3.7/site-packages/airflow/example_dags/example_time_delta_sensor_async.py
[2022-08-25 23:52:09,747] {logging_mixin.py:115} INFO - [2022-08-25 23:52:09,746] {dag.py:2420} INFO - Sync 1 DAGs
[2022-08-25 23:52:09,773] {logging_mixin.py:115} INFO - [2022-08-25 23:52:09,773] {dag.py:2972} INFO - Setting next_dagrun for example_time_delta_sensor_async to None, run_after=None
[2022-08-25 23:52:09,796] {processor.py:161} INFO - Processing /home/airflow/.local/lib/python3.7/site-packages/airflow/example_dags/example_time_delta_sensor_async.py took 0.117 seconds
[2022-08-25 23:52:40,573] {processor.py:153} INFO - Started process (PID=20193) to work on /home/airflow/.local/lib/python3.7/site-packages/airflow/example_dags/example_time_delta_sensor_async.py
[2022-08-25 23:52:40,574] {processor.py:641} INFO - Processing file /home/airflow/.local/lib/python3.7/site-packages/airflow/example_dags/example_time_delta_sensor_async.py for tasks to queue
[2022-08-25 23:52:40,576] {logging_mixin.py:115} INFO - [2022-08-25 23:52:40,576] {dagbag.py:508} INFO - Filling up the DagBag from /home/airflow/.local/lib/python3.7/site-packages/airflow/example_dags/example_time_delta_sensor_async.py
[2022-08-25 23:52:40,588] {processor.py:651} INFO - DAG(s) dict_keys(['example_time_delta_sensor_async']) retrieved from /home/airflow/.local/lib/python3.7/site-packages/airflow/example_dags/example_time_delta_sensor_async.py
[2022-08-25 23:52:40,649] {logging_mixin.py:115} INFO - [2022-08-25 23:52:40,649] {dag.py:2420} INFO - Sync 1 DAGs
[2022-08-25 23:52:40,676] {logging_mixin.py:115} INFO - [2022-08-25 23:52:40,676] {dag.py:2972} INFO - Setting next_dagrun for example_time_delta_sensor_async to None, run_after=None
[2022-08-25 23:52:40,693] {processor.py:161} INFO - Processing /home/airflow/.local/lib/python3.7/site-packages/airflow/example_dags/example_time_delta_sensor_async.py took 0.129 seconds
[2022-08-25 23:53:11,460] {processor.py:153} INFO - Started process (PID=20257) to work on /home/airflow/.local/lib/python3.7/site-packages/airflow/example_dags/example_time_delta_sensor_async.py
[2022-08-25 23:53:11,462] {processor.py:641} INFO - Processing file /home/airflow/.local/lib/python3.7/site-packages/airflow/example_dags/example_time_delta_sensor_async.py for tasks to queue
[2022-08-25 23:53:11,463] {logging_mixin.py:115} INFO - [2022-08-25 23:53:11,463] {dagbag.py:508} INFO - Filling up the DagBag from /home/airflow/.local/lib/python3.7/site-packages/airflow/example_dags/example_time_delta_sensor_async.py
[2022-08-25 23:53:11,471] {processor.py:651} INFO - DAG(s) dict_keys(['example_time_delta_sensor_async']) retrieved from /home/airflow/.local/lib/python3.7/site-packages/airflow/example_dags/example_time_delta_sensor_async.py
[2022-08-25 23:53:11,529] {logging_mixin.py:115} INFO - [2022-08-25 23:53:11,529] {dag.py:2420} INFO - Sync 1 DAGs
[2022-08-25 23:53:11,563] {logging_mixin.py:115} INFO - [2022-08-25 23:53:11,562] {dag.py:2972} INFO - Setting next_dagrun for example_time_delta_sensor_async to None, run_after=None
[2022-08-25 23:53:11,580] {processor.py:161} INFO - Processing /home/airflow/.local/lib/python3.7/site-packages/airflow/example_dags/example_time_delta_sensor_async.py took 0.125 seconds
[2022-08-25 23:53:42,336] {processor.py:153} INFO - Started process (PID=20312) to work on /home/airflow/.local/lib/python3.7/site-packages/airflow/example_dags/example_time_delta_sensor_async.py
[2022-08-25 23:53:42,338] {processor.py:641} INFO - Processing file /home/airflow/.local/lib/python3.7/site-packages/airflow/example_dags/example_time_delta_sensor_async.py for tasks to queue
[2022-08-25 23:53:42,339] {logging_mixin.py:115} INFO - [2022-08-25 23:53:42,339] {dagbag.py:508} INFO - Filling up the DagBag from /home/airflow/.local/lib/python3.7/site-packages/airflow/example_dags/example_time_delta_sensor_async.py
[2022-08-25 23:53:42,347] {processor.py:651} INFO - DAG(s) dict_keys(['example_time_delta_sensor_async']) retrieved from /home/airflow/.local/lib/python3.7/site-packages/airflow/example_dags/example_time_delta_sensor_async.py
[2022-08-25 23:53:42,407] {logging_mixin.py:115} INFO - [2022-08-25 23:53:42,407] {dag.py:2420} INFO - Sync 1 DAGs
[2022-08-25 23:53:42,436] {logging_mixin.py:115} INFO - [2022-08-25 23:53:42,436] {dag.py:2972} INFO - Setting next_dagrun for example_time_delta_sensor_async to None, run_after=None
[2022-08-25 23:53:42,454] {processor.py:161} INFO - Processing /home/airflow/.local/lib/python3.7/site-packages/airflow/example_dags/example_time_delta_sensor_async.py took 0.122 seconds
[2022-08-25 23:54:13,202] {processor.py:153} INFO - Started process (PID=20376) to work on /home/airflow/.local/lib/python3.7/site-packages/airflow/example_dags/example_time_delta_sensor_async.py
[2022-08-25 23:54:13,203] {processor.py:641} INFO - Processing file /home/airflow/.local/lib/python3.7/site-packages/airflow/example_dags/example_time_delta_sensor_async.py for tasks to queue
[2022-08-25 23:54:13,204] {logging_mixin.py:115} INFO - [2022-08-25 23:54:13,204] {dagbag.py:508} INFO - Filling up the DagBag from /home/airflow/.local/lib/python3.7/site-packages/airflow/example_dags/example_time_delta_sensor_async.py
[2022-08-25 23:54:13,211] {processor.py:651} INFO - DAG(s) dict_keys(['example_time_delta_sensor_async']) retrieved from /home/airflow/.local/lib/python3.7/site-packages/airflow/example_dags/example_time_delta_sensor_async.py
[2022-08-25 23:54:13,277] {logging_mixin.py:115} INFO - [2022-08-25 23:54:13,277] {dag.py:2420} INFO - Sync 1 DAGs
[2022-08-25 23:54:13,306] {logging_mixin.py:115} INFO - [2022-08-25 23:54:13,306] {dag.py:2972} INFO - Setting next_dagrun for example_time_delta_sensor_async to None, run_after=None
[2022-08-25 23:54:13,322] {processor.py:161} INFO - Processing /home/airflow/.local/lib/python3.7/site-packages/airflow/example_dags/example_time_delta_sensor_async.py took 0.125 seconds
[2022-08-25 23:54:43,922] {processor.py:153} INFO - Started process (PID=20440) to work on /home/airflow/.local/lib/python3.7/site-packages/airflow/example_dags/example_time_delta_sensor_async.py
[2022-08-25 23:54:43,924] {processor.py:641} INFO - Processing file /home/airflow/.local/lib/python3.7/site-packages/airflow/example_dags/example_time_delta_sensor_async.py for tasks to queue
[2022-08-25 23:54:43,925] {logging_mixin.py:115} INFO - [2022-08-25 23:54:43,925] {dagbag.py:508} INFO - Filling up the DagBag from /home/airflow/.local/lib/python3.7/site-packages/airflow/example_dags/example_time_delta_sensor_async.py
[2022-08-25 23:54:43,935] {processor.py:651} INFO - DAG(s) dict_keys(['example_time_delta_sensor_async']) retrieved from /home/airflow/.local/lib/python3.7/site-packages/airflow/example_dags/example_time_delta_sensor_async.py
[2022-08-25 23:54:43,996] {logging_mixin.py:115} INFO - [2022-08-25 23:54:43,995] {dag.py:2420} INFO - Sync 1 DAGs
[2022-08-25 23:54:44,030] {logging_mixin.py:115} INFO - [2022-08-25 23:54:44,030] {dag.py:2972} INFO - Setting next_dagrun for example_time_delta_sensor_async to None, run_after=None
[2022-08-25 23:54:44,047] {processor.py:161} INFO - Processing /home/airflow/.local/lib/python3.7/site-packages/airflow/example_dags/example_time_delta_sensor_async.py took 0.130 seconds
[2022-08-25 23:55:14,820] {processor.py:153} INFO - Started process (PID=20494) to work on /home/airflow/.local/lib/python3.7/site-packages/airflow/example_dags/example_time_delta_sensor_async.py
[2022-08-25 23:55:14,822] {processor.py:641} INFO - Processing file /home/airflow/.local/lib/python3.7/site-packages/airflow/example_dags/example_time_delta_sensor_async.py for tasks to queue
[2022-08-25 23:55:14,823] {logging_mixin.py:115} INFO - [2022-08-25 23:55:14,823] {dagbag.py:508} INFO - Filling up the DagBag from /home/airflow/.local/lib/python3.7/site-packages/airflow/example_dags/example_time_delta_sensor_async.py
[2022-08-25 23:55:14,833] {processor.py:651} INFO - DAG(s) dict_keys(['example_time_delta_sensor_async']) retrieved from /home/airflow/.local/lib/python3.7/site-packages/airflow/example_dags/example_time_delta_sensor_async.py
[2022-08-25 23:55:14,888] {logging_mixin.py:115} INFO - [2022-08-25 23:55:14,888] {dag.py:2420} INFO - Sync 1 DAGs
[2022-08-25 23:55:14,916] {logging_mixin.py:115} INFO - [2022-08-25 23:55:14,916] {dag.py:2972} INFO - Setting next_dagrun for example_time_delta_sensor_async to None, run_after=None
[2022-08-25 23:55:14,932] {processor.py:161} INFO - Processing /home/airflow/.local/lib/python3.7/site-packages/airflow/example_dags/example_time_delta_sensor_async.py took 0.116 seconds
[2022-08-25 23:55:45,441] {processor.py:153} INFO - Started process (PID=20557) to work on /home/airflow/.local/lib/python3.7/site-packages/airflow/example_dags/example_time_delta_sensor_async.py
[2022-08-25 23:55:45,442] {processor.py:641} INFO - Processing file /home/airflow/.local/lib/python3.7/site-packages/airflow/example_dags/example_time_delta_sensor_async.py for tasks to queue
[2022-08-25 23:55:45,443] {logging_mixin.py:115} INFO - [2022-08-25 23:55:45,443] {dagbag.py:508} INFO - Filling up the DagBag from /home/airflow/.local/lib/python3.7/site-packages/airflow/example_dags/example_time_delta_sensor_async.py
[2022-08-25 23:55:45,450] {processor.py:651} INFO - DAG(s) dict_keys(['example_time_delta_sensor_async']) retrieved from /home/airflow/.local/lib/python3.7/site-packages/airflow/example_dags/example_time_delta_sensor_async.py
[2022-08-25 23:55:45,509] {logging_mixin.py:115} INFO - [2022-08-25 23:55:45,509] {dag.py:2420} INFO - Sync 1 DAGs
[2022-08-25 23:55:45,541] {logging_mixin.py:115} INFO - [2022-08-25 23:55:45,540] {dag.py:2972} INFO - Setting next_dagrun for example_time_delta_sensor_async to None, run_after=None
[2022-08-25 23:55:45,560] {processor.py:161} INFO - Processing /home/airflow/.local/lib/python3.7/site-packages/airflow/example_dags/example_time_delta_sensor_async.py took 0.125 seconds
[2022-08-25 23:56:16,229] {processor.py:153} INFO - Started process (PID=20622) to work on /home/airflow/.local/lib/python3.7/site-packages/airflow/example_dags/example_time_delta_sensor_async.py
[2022-08-25 23:56:16,231] {processor.py:641} INFO - Processing file /home/airflow/.local/lib/python3.7/site-packages/airflow/example_dags/example_time_delta_sensor_async.py for tasks to queue
[2022-08-25 23:56:16,234] {logging_mixin.py:115} INFO - [2022-08-25 23:56:16,234] {dagbag.py:508} INFO - Filling up the DagBag from /home/airflow/.local/lib/python3.7/site-packages/airflow/example_dags/example_time_delta_sensor_async.py
[2022-08-25 23:56:16,247] {processor.py:651} INFO - DAG(s) dict_keys(['example_time_delta_sensor_async']) retrieved from /home/airflow/.local/lib/python3.7/site-packages/airflow/example_dags/example_time_delta_sensor_async.py
[2022-08-25 23:56:16,307] {logging_mixin.py:115} INFO - [2022-08-25 23:56:16,307] {dag.py:2420} INFO - Sync 1 DAGs
[2022-08-25 23:56:16,343] {logging_mixin.py:115} INFO - [2022-08-25 23:56:16,343] {dag.py:2972} INFO - Setting next_dagrun for example_time_delta_sensor_async to None, run_after=None
[2022-08-25 23:56:16,361] {processor.py:161} INFO - Processing /home/airflow/.local/lib/python3.7/site-packages/airflow/example_dags/example_time_delta_sensor_async.py took 0.139 seconds
[2022-08-25 23:56:47,187] {processor.py:153} INFO - Started process (PID=20677) to work on /home/airflow/.local/lib/python3.7/site-packages/airflow/example_dags/example_time_delta_sensor_async.py
[2022-08-25 23:56:47,189] {processor.py:641} INFO - Processing file /home/airflow/.local/lib/python3.7/site-packages/airflow/example_dags/example_time_delta_sensor_async.py for tasks to queue
[2022-08-25 23:56:47,191] {logging_mixin.py:115} INFO - [2022-08-25 23:56:47,191] {dagbag.py:508} INFO - Filling up the DagBag from /home/airflow/.local/lib/python3.7/site-packages/airflow/example_dags/example_time_delta_sensor_async.py
[2022-08-25 23:56:47,206] {processor.py:651} INFO - DAG(s) dict_keys(['example_time_delta_sensor_async']) retrieved from /home/airflow/.local/lib/python3.7/site-packages/airflow/example_dags/example_time_delta_sensor_async.py
[2022-08-25 23:56:47,269] {logging_mixin.py:115} INFO - [2022-08-25 23:56:47,269] {dag.py:2420} INFO - Sync 1 DAGs
[2022-08-25 23:56:47,303] {logging_mixin.py:115} INFO - [2022-08-25 23:56:47,303] {dag.py:2972} INFO - Setting next_dagrun for example_time_delta_sensor_async to None, run_after=None
[2022-08-25 23:56:47,323] {processor.py:161} INFO - Processing /home/airflow/.local/lib/python3.7/site-packages/airflow/example_dags/example_time_delta_sensor_async.py took 0.143 seconds
[2022-08-25 23:57:18,231] {processor.py:153} INFO - Started process (PID=20740) to work on /home/airflow/.local/lib/python3.7/site-packages/airflow/example_dags/example_time_delta_sensor_async.py
[2022-08-25 23:57:18,234] {processor.py:641} INFO - Processing file /home/airflow/.local/lib/python3.7/site-packages/airflow/example_dags/example_time_delta_sensor_async.py for tasks to queue
[2022-08-25 23:57:18,236] {logging_mixin.py:115} INFO - [2022-08-25 23:57:18,235] {dagbag.py:508} INFO - Filling up the DagBag from /home/airflow/.local/lib/python3.7/site-packages/airflow/example_dags/example_time_delta_sensor_async.py
[2022-08-25 23:57:18,247] {processor.py:651} INFO - DAG(s) dict_keys(['example_time_delta_sensor_async']) retrieved from /home/airflow/.local/lib/python3.7/site-packages/airflow/example_dags/example_time_delta_sensor_async.py
[2022-08-25 23:57:18,311] {logging_mixin.py:115} INFO - [2022-08-25 23:57:18,311] {dag.py:2420} INFO - Sync 1 DAGs
[2022-08-25 23:57:18,338] {logging_mixin.py:115} INFO - [2022-08-25 23:57:18,338] {dag.py:2972} INFO - Setting next_dagrun for example_time_delta_sensor_async to None, run_after=None
[2022-08-25 23:57:18,356] {processor.py:161} INFO - Processing /home/airflow/.local/lib/python3.7/site-packages/airflow/example_dags/example_time_delta_sensor_async.py took 0.134 seconds
[2022-08-25 23:57:49,132] {processor.py:153} INFO - Started process (PID=20804) to work on /home/airflow/.local/lib/python3.7/site-packages/airflow/example_dags/example_time_delta_sensor_async.py
[2022-08-25 23:57:49,139] {processor.py:641} INFO - Processing file /home/airflow/.local/lib/python3.7/site-packages/airflow/example_dags/example_time_delta_sensor_async.py for tasks to queue
[2022-08-25 23:57:49,142] {logging_mixin.py:115} INFO - [2022-08-25 23:57:49,142] {dagbag.py:508} INFO - Filling up the DagBag from /home/airflow/.local/lib/python3.7/site-packages/airflow/example_dags/example_time_delta_sensor_async.py
[2022-08-25 23:57:49,150] {processor.py:651} INFO - DAG(s) dict_keys(['example_time_delta_sensor_async']) retrieved from /home/airflow/.local/lib/python3.7/site-packages/airflow/example_dags/example_time_delta_sensor_async.py
[2022-08-25 23:57:49,207] {logging_mixin.py:115} INFO - [2022-08-25 23:57:49,207] {dag.py:2420} INFO - Sync 1 DAGs
[2022-08-25 23:57:49,239] {logging_mixin.py:115} INFO - [2022-08-25 23:57:49,238] {dag.py:2972} INFO - Setting next_dagrun for example_time_delta_sensor_async to None, run_after=None
[2022-08-25 23:57:49,255] {processor.py:161} INFO - Processing /home/airflow/.local/lib/python3.7/site-packages/airflow/example_dags/example_time_delta_sensor_async.py took 0.128 seconds
[2022-08-25 23:58:20,065] {processor.py:153} INFO - Started process (PID=20859) to work on /home/airflow/.local/lib/python3.7/site-packages/airflow/example_dags/example_time_delta_sensor_async.py
[2022-08-25 23:58:20,066] {processor.py:641} INFO - Processing file /home/airflow/.local/lib/python3.7/site-packages/airflow/example_dags/example_time_delta_sensor_async.py for tasks to queue
[2022-08-25 23:58:20,067] {logging_mixin.py:115} INFO - [2022-08-25 23:58:20,067] {dagbag.py:508} INFO - Filling up the DagBag from /home/airflow/.local/lib/python3.7/site-packages/airflow/example_dags/example_time_delta_sensor_async.py
[2022-08-25 23:58:20,074] {processor.py:651} INFO - DAG(s) dict_keys(['example_time_delta_sensor_async']) retrieved from /home/airflow/.local/lib/python3.7/site-packages/airflow/example_dags/example_time_delta_sensor_async.py
[2022-08-25 23:58:20,129] {logging_mixin.py:115} INFO - [2022-08-25 23:58:20,129] {dag.py:2420} INFO - Sync 1 DAGs
[2022-08-25 23:58:20,157] {logging_mixin.py:115} INFO - [2022-08-25 23:58:20,157] {dag.py:2972} INFO - Setting next_dagrun for example_time_delta_sensor_async to None, run_after=None
[2022-08-25 23:58:20,174] {processor.py:161} INFO - Processing /home/airflow/.local/lib/python3.7/site-packages/airflow/example_dags/example_time_delta_sensor_async.py took 0.114 seconds
[2022-08-25 23:58:50,723] {processor.py:153} INFO - Started process (PID=20922) to work on /home/airflow/.local/lib/python3.7/site-packages/airflow/example_dags/example_time_delta_sensor_async.py
[2022-08-25 23:58:50,724] {processor.py:641} INFO - Processing file /home/airflow/.local/lib/python3.7/site-packages/airflow/example_dags/example_time_delta_sensor_async.py for tasks to queue
[2022-08-25 23:58:50,726] {logging_mixin.py:115} INFO - [2022-08-25 23:58:50,725] {dagbag.py:508} INFO - Filling up the DagBag from /home/airflow/.local/lib/python3.7/site-packages/airflow/example_dags/example_time_delta_sensor_async.py
[2022-08-25 23:58:50,733] {processor.py:651} INFO - DAG(s) dict_keys(['example_time_delta_sensor_async']) retrieved from /home/airflow/.local/lib/python3.7/site-packages/airflow/example_dags/example_time_delta_sensor_async.py
[2022-08-25 23:58:50,797] {logging_mixin.py:115} INFO - [2022-08-25 23:58:50,796] {dag.py:2420} INFO - Sync 1 DAGs
[2022-08-25 23:58:50,829] {logging_mixin.py:115} INFO - [2022-08-25 23:58:50,829] {dag.py:2972} INFO - Setting next_dagrun for example_time_delta_sensor_async to None, run_after=None
[2022-08-25 23:58:50,844] {processor.py:161} INFO - Processing /home/airflow/.local/lib/python3.7/site-packages/airflow/example_dags/example_time_delta_sensor_async.py took 0.128 seconds
[2022-08-25 23:59:21,640] {processor.py:153} INFO - Started process (PID=20986) to work on /home/airflow/.local/lib/python3.7/site-packages/airflow/example_dags/example_time_delta_sensor_async.py
[2022-08-25 23:59:21,642] {processor.py:641} INFO - Processing file /home/airflow/.local/lib/python3.7/site-packages/airflow/example_dags/example_time_delta_sensor_async.py for tasks to queue
[2022-08-25 23:59:21,643] {logging_mixin.py:115} INFO - [2022-08-25 23:59:21,643] {dagbag.py:508} INFO - Filling up the DagBag from /home/airflow/.local/lib/python3.7/site-packages/airflow/example_dags/example_time_delta_sensor_async.py
[2022-08-25 23:59:21,651] {processor.py:651} INFO - DAG(s) dict_keys(['example_time_delta_sensor_async']) retrieved from /home/airflow/.local/lib/python3.7/site-packages/airflow/example_dags/example_time_delta_sensor_async.py
[2022-08-25 23:59:21,705] {logging_mixin.py:115} INFO - [2022-08-25 23:59:21,705] {dag.py:2420} INFO - Sync 1 DAGs
[2022-08-25 23:59:21,733] {logging_mixin.py:115} INFO - [2022-08-25 23:59:21,733] {dag.py:2972} INFO - Setting next_dagrun for example_time_delta_sensor_async to None, run_after=None
[2022-08-25 23:59:21,747] {processor.py:161} INFO - Processing /home/airflow/.local/lib/python3.7/site-packages/airflow/example_dags/example_time_delta_sensor_async.py took 0.112 seconds
[2022-08-25 23:59:52,485] {processor.py:153} INFO - Started process (PID=21041) to work on /home/airflow/.local/lib/python3.7/site-packages/airflow/example_dags/example_time_delta_sensor_async.py
[2022-08-25 23:59:52,486] {processor.py:641} INFO - Processing file /home/airflow/.local/lib/python3.7/site-packages/airflow/example_dags/example_time_delta_sensor_async.py for tasks to queue
[2022-08-25 23:59:52,488] {logging_mixin.py:115} INFO - [2022-08-25 23:59:52,487] {dagbag.py:508} INFO - Filling up the DagBag from /home/airflow/.local/lib/python3.7/site-packages/airflow/example_dags/example_time_delta_sensor_async.py
[2022-08-25 23:59:52,495] {processor.py:651} INFO - DAG(s) dict_keys(['example_time_delta_sensor_async']) retrieved from /home/airflow/.local/lib/python3.7/site-packages/airflow/example_dags/example_time_delta_sensor_async.py
[2022-08-25 23:59:52,547] {logging_mixin.py:115} INFO - [2022-08-25 23:59:52,547] {dag.py:2420} INFO - Sync 1 DAGs
[2022-08-25 23:59:52,575] {logging_mixin.py:115} INFO - [2022-08-25 23:59:52,575] {dag.py:2972} INFO - Setting next_dagrun for example_time_delta_sensor_async to None, run_after=None
[2022-08-25 23:59:52,592] {processor.py:161} INFO - Processing /home/airflow/.local/lib/python3.7/site-packages/airflow/example_dags/example_time_delta_sensor_async.py took 0.113 seconds
