[2022-08-25 02:17:30,829] {processor.py:153} INFO - Started process (PID=17200) to work on /home/airflow/.local/lib/python3.7/site-packages/airflow/example_dags/example_branch_python_dop_operator_3.py
[2022-08-25 02:17:30,857] {processor.py:641} INFO - Processing file /home/airflow/.local/lib/python3.7/site-packages/airflow/example_dags/example_branch_python_dop_operator_3.py for tasks to queue
[2022-08-25 02:17:30,898] {logging_mixin.py:115} INFO - [2022-08-25 02:17:30,876] {dagbag.py:508} INFO - Filling up the DagBag from /home/airflow/.local/lib/python3.7/site-packages/airflow/example_dags/example_branch_python_dop_operator_3.py
[2022-08-25 02:17:31,428] {processor.py:651} INFO - DAG(s) dict_keys(['example_branch_dop_operator_v3']) retrieved from /home/airflow/.local/lib/python3.7/site-packages/airflow/example_dags/example_branch_python_dop_operator_3.py
[2022-08-25 02:17:33,584] {logging_mixin.py:115} INFO - [2022-08-25 02:17:33,574] {dag.py:2420} INFO - Sync 1 DAGs
[2022-08-25 02:17:37,717] {logging_mixin.py:115} INFO - [2022-08-25 02:17:37,716] {dag.py:2972} INFO - Setting next_dagrun for example_branch_dop_operator_v3 to 2022-08-25T02:16:00+00:00, run_after=2022-08-25T02:17:00+00:00
[2022-08-25 02:17:38,671] {processor.py:161} INFO - Processing /home/airflow/.local/lib/python3.7/site-packages/airflow/example_dags/example_branch_python_dop_operator_3.py took 8.139 seconds
[2022-08-25 03:57:15,194] {processor.py:153} INFO - Started process (PID=17314) to work on /home/airflow/.local/lib/python3.7/site-packages/airflow/example_dags/example_branch_python_dop_operator_3.py
[2022-08-25 03:57:15,204] {processor.py:641} INFO - Processing file /home/airflow/.local/lib/python3.7/site-packages/airflow/example_dags/example_branch_python_dop_operator_3.py for tasks to queue
[2022-08-25 03:57:15,208] {logging_mixin.py:115} INFO - [2022-08-25 03:57:15,208] {dagbag.py:508} INFO - Filling up the DagBag from /home/airflow/.local/lib/python3.7/site-packages/airflow/example_dags/example_branch_python_dop_operator_3.py
[2022-08-25 03:57:15,238] {processor.py:651} INFO - DAG(s) dict_keys(['example_branch_dop_operator_v3']) retrieved from /home/airflow/.local/lib/python3.7/site-packages/airflow/example_dags/example_branch_python_dop_operator_3.py
[2022-08-25 03:57:15,329] {logging_mixin.py:115} INFO - [2022-08-25 03:57:15,329] {dag.py:2420} INFO - Sync 1 DAGs
[2022-08-25 03:57:15,458] {logging_mixin.py:115} INFO - [2022-08-25 03:57:15,458] {dag.py:2972} INFO - Setting next_dagrun for example_branch_dop_operator_v3 to 2022-08-25T03:56:00+00:00, run_after=2022-08-25T03:57:00+00:00
[2022-08-25 03:57:15,480] {processor.py:161} INFO - Processing /home/airflow/.local/lib/python3.7/site-packages/airflow/example_dags/example_branch_python_dop_operator_3.py took 0.292 seconds
[2022-08-25 22:58:48,641] {processor.py:153} INFO - Started process (PID=17388) to work on /home/airflow/.local/lib/python3.7/site-packages/airflow/example_dags/example_branch_python_dop_operator_3.py
[2022-08-25 22:58:48,643] {processor.py:641} INFO - Processing file /home/airflow/.local/lib/python3.7/site-packages/airflow/example_dags/example_branch_python_dop_operator_3.py for tasks to queue
[2022-08-25 22:58:48,644] {logging_mixin.py:115} INFO - [2022-08-25 22:58:48,644] {dagbag.py:508} INFO - Filling up the DagBag from /home/airflow/.local/lib/python3.7/site-packages/airflow/example_dags/example_branch_python_dop_operator_3.py
[2022-08-25 22:58:48,670] {processor.py:651} INFO - DAG(s) dict_keys(['example_branch_dop_operator_v3']) retrieved from /home/airflow/.local/lib/python3.7/site-packages/airflow/example_dags/example_branch_python_dop_operator_3.py
[2022-08-25 22:58:48,730] {logging_mixin.py:115} INFO - [2022-08-25 22:58:48,729] {dag.py:2420} INFO - Sync 1 DAGs
[2022-08-25 22:58:48,769] {logging_mixin.py:115} INFO - [2022-08-25 22:58:48,768] {dag.py:2972} INFO - Setting next_dagrun for example_branch_dop_operator_v3 to 2022-08-25T22:57:00+00:00, run_after=2022-08-25T22:58:00+00:00
[2022-08-25 22:58:48,788] {processor.py:161} INFO - Processing /home/airflow/.local/lib/python3.7/site-packages/airflow/example_dags/example_branch_python_dop_operator_3.py took 0.158 seconds
[2022-08-25 23:29:41,506] {processor.py:153} INFO - Started process (PID=17459) to work on /home/airflow/.local/lib/python3.7/site-packages/airflow/example_dags/example_branch_python_dop_operator_3.py
[2022-08-25 23:29:41,515] {processor.py:641} INFO - Processing file /home/airflow/.local/lib/python3.7/site-packages/airflow/example_dags/example_branch_python_dop_operator_3.py for tasks to queue
[2022-08-25 23:29:41,517] {logging_mixin.py:115} INFO - [2022-08-25 23:29:41,517] {dagbag.py:508} INFO - Filling up the DagBag from /home/airflow/.local/lib/python3.7/site-packages/airflow/example_dags/example_branch_python_dop_operator_3.py
[2022-08-25 23:29:41,547] {processor.py:651} INFO - DAG(s) dict_keys(['example_branch_dop_operator_v3']) retrieved from /home/airflow/.local/lib/python3.7/site-packages/airflow/example_dags/example_branch_python_dop_operator_3.py
[2022-08-25 23:29:41,604] {logging_mixin.py:115} INFO - [2022-08-25 23:29:41,604] {dag.py:2420} INFO - Sync 1 DAGs
[2022-08-25 23:29:41,673] {logging_mixin.py:115} INFO - [2022-08-25 23:29:41,673] {dag.py:2972} INFO - Setting next_dagrun for example_branch_dop_operator_v3 to 2022-08-25T23:28:00+00:00, run_after=2022-08-25T23:29:00+00:00
[2022-08-25 23:29:41,723] {processor.py:161} INFO - Processing /home/airflow/.local/lib/python3.7/site-packages/airflow/example_dags/example_branch_python_dop_operator_3.py took 0.227 seconds
[2022-08-25 23:30:12,598] {processor.py:153} INFO - Started process (PID=17521) to work on /home/airflow/.local/lib/python3.7/site-packages/airflow/example_dags/example_branch_python_dop_operator_3.py
[2022-08-25 23:30:12,599] {processor.py:641} INFO - Processing file /home/airflow/.local/lib/python3.7/site-packages/airflow/example_dags/example_branch_python_dop_operator_3.py for tasks to queue
[2022-08-25 23:30:12,601] {logging_mixin.py:115} INFO - [2022-08-25 23:30:12,600] {dagbag.py:508} INFO - Filling up the DagBag from /home/airflow/.local/lib/python3.7/site-packages/airflow/example_dags/example_branch_python_dop_operator_3.py
[2022-08-25 23:30:12,615] {processor.py:651} INFO - DAG(s) dict_keys(['example_branch_dop_operator_v3']) retrieved from /home/airflow/.local/lib/python3.7/site-packages/airflow/example_dags/example_branch_python_dop_operator_3.py
[2022-08-25 23:30:12,668] {logging_mixin.py:115} INFO - [2022-08-25 23:30:12,668] {dag.py:2420} INFO - Sync 1 DAGs
[2022-08-25 23:30:12,720] {logging_mixin.py:115} INFO - [2022-08-25 23:30:12,720] {dag.py:2972} INFO - Setting next_dagrun for example_branch_dop_operator_v3 to 2022-08-25T23:29:00+00:00, run_after=2022-08-25T23:30:00+00:00
[2022-08-25 23:30:12,741] {processor.py:161} INFO - Processing /home/airflow/.local/lib/python3.7/site-packages/airflow/example_dags/example_branch_python_dop_operator_3.py took 0.147 seconds
[2022-08-25 23:30:42,867] {processor.py:153} INFO - Started process (PID=17579) to work on /home/airflow/.local/lib/python3.7/site-packages/airflow/example_dags/example_branch_python_dop_operator_3.py
[2022-08-25 23:30:42,868] {processor.py:641} INFO - Processing file /home/airflow/.local/lib/python3.7/site-packages/airflow/example_dags/example_branch_python_dop_operator_3.py for tasks to queue
[2022-08-25 23:30:42,869] {logging_mixin.py:115} INFO - [2022-08-25 23:30:42,869] {dagbag.py:508} INFO - Filling up the DagBag from /home/airflow/.local/lib/python3.7/site-packages/airflow/example_dags/example_branch_python_dop_operator_3.py
[2022-08-25 23:30:42,884] {processor.py:651} INFO - DAG(s) dict_keys(['example_branch_dop_operator_v3']) retrieved from /home/airflow/.local/lib/python3.7/site-packages/airflow/example_dags/example_branch_python_dop_operator_3.py
[2022-08-25 23:30:42,928] {logging_mixin.py:115} INFO - [2022-08-25 23:30:42,928] {dag.py:2420} INFO - Sync 1 DAGs
[2022-08-25 23:30:42,962] {logging_mixin.py:115} INFO - [2022-08-25 23:30:42,962] {dag.py:2972} INFO - Setting next_dagrun for example_branch_dop_operator_v3 to 2022-08-25T23:29:00+00:00, run_after=2022-08-25T23:30:00+00:00
[2022-08-25 23:30:42,979] {processor.py:161} INFO - Processing /home/airflow/.local/lib/python3.7/site-packages/airflow/example_dags/example_branch_python_dop_operator_3.py took 0.117 seconds
[2022-08-25 23:31:13,598] {processor.py:153} INFO - Started process (PID=17643) to work on /home/airflow/.local/lib/python3.7/site-packages/airflow/example_dags/example_branch_python_dop_operator_3.py
[2022-08-25 23:31:13,599] {processor.py:641} INFO - Processing file /home/airflow/.local/lib/python3.7/site-packages/airflow/example_dags/example_branch_python_dop_operator_3.py for tasks to queue
[2022-08-25 23:31:13,601] {logging_mixin.py:115} INFO - [2022-08-25 23:31:13,600] {dagbag.py:508} INFO - Filling up the DagBag from /home/airflow/.local/lib/python3.7/site-packages/airflow/example_dags/example_branch_python_dop_operator_3.py
[2022-08-25 23:31:13,614] {processor.py:651} INFO - DAG(s) dict_keys(['example_branch_dop_operator_v3']) retrieved from /home/airflow/.local/lib/python3.7/site-packages/airflow/example_dags/example_branch_python_dop_operator_3.py
[2022-08-25 23:31:13,648] {logging_mixin.py:115} INFO - [2022-08-25 23:31:13,648] {dag.py:2420} INFO - Sync 1 DAGs
[2022-08-25 23:31:13,682] {logging_mixin.py:115} INFO - [2022-08-25 23:31:13,682] {dag.py:2972} INFO - Setting next_dagrun for example_branch_dop_operator_v3 to 2022-08-25T23:30:00+00:00, run_after=2022-08-25T23:31:00+00:00
[2022-08-25 23:31:13,697] {processor.py:161} INFO - Processing /home/airflow/.local/lib/python3.7/site-packages/airflow/example_dags/example_branch_python_dop_operator_3.py took 0.104 seconds
[2022-08-25 23:31:44,155] {processor.py:153} INFO - Started process (PID=17698) to work on /home/airflow/.local/lib/python3.7/site-packages/airflow/example_dags/example_branch_python_dop_operator_3.py
[2022-08-25 23:31:44,157] {processor.py:641} INFO - Processing file /home/airflow/.local/lib/python3.7/site-packages/airflow/example_dags/example_branch_python_dop_operator_3.py for tasks to queue
[2022-08-25 23:31:44,158] {logging_mixin.py:115} INFO - [2022-08-25 23:31:44,158] {dagbag.py:508} INFO - Filling up the DagBag from /home/airflow/.local/lib/python3.7/site-packages/airflow/example_dags/example_branch_python_dop_operator_3.py
[2022-08-25 23:31:44,170] {processor.py:651} INFO - DAG(s) dict_keys(['example_branch_dop_operator_v3']) retrieved from /home/airflow/.local/lib/python3.7/site-packages/airflow/example_dags/example_branch_python_dop_operator_3.py
[2022-08-25 23:31:44,205] {logging_mixin.py:115} INFO - [2022-08-25 23:31:44,205] {dag.py:2420} INFO - Sync 1 DAGs
[2022-08-25 23:31:44,239] {logging_mixin.py:115} INFO - [2022-08-25 23:31:44,238] {dag.py:2972} INFO - Setting next_dagrun for example_branch_dop_operator_v3 to 2022-08-25T23:30:00+00:00, run_after=2022-08-25T23:31:00+00:00
[2022-08-25 23:31:44,257] {processor.py:161} INFO - Processing /home/airflow/.local/lib/python3.7/site-packages/airflow/example_dags/example_branch_python_dop_operator_3.py took 0.106 seconds
[2022-08-25 23:32:14,636] {processor.py:153} INFO - Started process (PID=17762) to work on /home/airflow/.local/lib/python3.7/site-packages/airflow/example_dags/example_branch_python_dop_operator_3.py
[2022-08-25 23:32:14,637] {processor.py:641} INFO - Processing file /home/airflow/.local/lib/python3.7/site-packages/airflow/example_dags/example_branch_python_dop_operator_3.py for tasks to queue
[2022-08-25 23:32:14,643] {logging_mixin.py:115} INFO - [2022-08-25 23:32:14,642] {dagbag.py:508} INFO - Filling up the DagBag from /home/airflow/.local/lib/python3.7/site-packages/airflow/example_dags/example_branch_python_dop_operator_3.py
[2022-08-25 23:32:14,656] {processor.py:651} INFO - DAG(s) dict_keys(['example_branch_dop_operator_v3']) retrieved from /home/airflow/.local/lib/python3.7/site-packages/airflow/example_dags/example_branch_python_dop_operator_3.py
[2022-08-25 23:32:14,690] {logging_mixin.py:115} INFO - [2022-08-25 23:32:14,690] {dag.py:2420} INFO - Sync 1 DAGs
[2022-08-25 23:32:14,725] {logging_mixin.py:115} INFO - [2022-08-25 23:32:14,725] {dag.py:2972} INFO - Setting next_dagrun for example_branch_dop_operator_v3 to 2022-08-25T23:31:00+00:00, run_after=2022-08-25T23:32:00+00:00
[2022-08-25 23:32:14,744] {processor.py:161} INFO - Processing /home/airflow/.local/lib/python3.7/site-packages/airflow/example_dags/example_branch_python_dop_operator_3.py took 0.112 seconds
[2022-08-25 23:32:45,162] {processor.py:153} INFO - Started process (PID=17826) to work on /home/airflow/.local/lib/python3.7/site-packages/airflow/example_dags/example_branch_python_dop_operator_3.py
[2022-08-25 23:32:45,163] {processor.py:641} INFO - Processing file /home/airflow/.local/lib/python3.7/site-packages/airflow/example_dags/example_branch_python_dop_operator_3.py for tasks to queue
[2022-08-25 23:32:45,165] {logging_mixin.py:115} INFO - [2022-08-25 23:32:45,165] {dagbag.py:508} INFO - Filling up the DagBag from /home/airflow/.local/lib/python3.7/site-packages/airflow/example_dags/example_branch_python_dop_operator_3.py
[2022-08-25 23:32:45,178] {processor.py:651} INFO - DAG(s) dict_keys(['example_branch_dop_operator_v3']) retrieved from /home/airflow/.local/lib/python3.7/site-packages/airflow/example_dags/example_branch_python_dop_operator_3.py
[2022-08-25 23:32:45,216] {logging_mixin.py:115} INFO - [2022-08-25 23:32:45,216] {dag.py:2420} INFO - Sync 1 DAGs
[2022-08-25 23:32:45,250] {logging_mixin.py:115} INFO - [2022-08-25 23:32:45,250] {dag.py:2972} INFO - Setting next_dagrun for example_branch_dop_operator_v3 to 2022-08-25T23:31:00+00:00, run_after=2022-08-25T23:32:00+00:00
[2022-08-25 23:32:45,271] {processor.py:161} INFO - Processing /home/airflow/.local/lib/python3.7/site-packages/airflow/example_dags/example_branch_python_dop_operator_3.py took 0.114 seconds
[2022-08-25 23:33:15,953] {processor.py:153} INFO - Started process (PID=17881) to work on /home/airflow/.local/lib/python3.7/site-packages/airflow/example_dags/example_branch_python_dop_operator_3.py
[2022-08-25 23:33:15,954] {processor.py:641} INFO - Processing file /home/airflow/.local/lib/python3.7/site-packages/airflow/example_dags/example_branch_python_dop_operator_3.py for tasks to queue
[2022-08-25 23:33:15,955] {logging_mixin.py:115} INFO - [2022-08-25 23:33:15,955] {dagbag.py:508} INFO - Filling up the DagBag from /home/airflow/.local/lib/python3.7/site-packages/airflow/example_dags/example_branch_python_dop_operator_3.py
[2022-08-25 23:33:15,969] {processor.py:651} INFO - DAG(s) dict_keys(['example_branch_dop_operator_v3']) retrieved from /home/airflow/.local/lib/python3.7/site-packages/airflow/example_dags/example_branch_python_dop_operator_3.py
[2022-08-25 23:33:16,002] {logging_mixin.py:115} INFO - [2022-08-25 23:33:16,002] {dag.py:2420} INFO - Sync 1 DAGs
[2022-08-25 23:33:16,036] {logging_mixin.py:115} INFO - [2022-08-25 23:33:16,036] {dag.py:2972} INFO - Setting next_dagrun for example_branch_dop_operator_v3 to 2022-08-25T23:32:00+00:00, run_after=2022-08-25T23:33:00+00:00
[2022-08-25 23:33:16,053] {processor.py:161} INFO - Processing /home/airflow/.local/lib/python3.7/site-packages/airflow/example_dags/example_branch_python_dop_operator_3.py took 0.106 seconds
[2022-08-25 23:33:46,802] {processor.py:153} INFO - Started process (PID=17945) to work on /home/airflow/.local/lib/python3.7/site-packages/airflow/example_dags/example_branch_python_dop_operator_3.py
[2022-08-25 23:33:46,803] {processor.py:641} INFO - Processing file /home/airflow/.local/lib/python3.7/site-packages/airflow/example_dags/example_branch_python_dop_operator_3.py for tasks to queue
[2022-08-25 23:33:46,805] {logging_mixin.py:115} INFO - [2022-08-25 23:33:46,804] {dagbag.py:508} INFO - Filling up the DagBag from /home/airflow/.local/lib/python3.7/site-packages/airflow/example_dags/example_branch_python_dop_operator_3.py
[2022-08-25 23:33:46,817] {processor.py:651} INFO - DAG(s) dict_keys(['example_branch_dop_operator_v3']) retrieved from /home/airflow/.local/lib/python3.7/site-packages/airflow/example_dags/example_branch_python_dop_operator_3.py
[2022-08-25 23:33:46,853] {logging_mixin.py:115} INFO - [2022-08-25 23:33:46,852] {dag.py:2420} INFO - Sync 1 DAGs
[2022-08-25 23:33:46,888] {logging_mixin.py:115} INFO - [2022-08-25 23:33:46,888] {dag.py:2972} INFO - Setting next_dagrun for example_branch_dop_operator_v3 to 2022-08-25T23:32:00+00:00, run_after=2022-08-25T23:33:00+00:00
[2022-08-25 23:33:46,904] {processor.py:161} INFO - Processing /home/airflow/.local/lib/python3.7/site-packages/airflow/example_dags/example_branch_python_dop_operator_3.py took 0.107 seconds
[2022-08-25 23:34:17,406] {processor.py:153} INFO - Started process (PID=18009) to work on /home/airflow/.local/lib/python3.7/site-packages/airflow/example_dags/example_branch_python_dop_operator_3.py
[2022-08-25 23:34:17,407] {processor.py:641} INFO - Processing file /home/airflow/.local/lib/python3.7/site-packages/airflow/example_dags/example_branch_python_dop_operator_3.py for tasks to queue
[2022-08-25 23:34:17,408] {logging_mixin.py:115} INFO - [2022-08-25 23:34:17,408] {dagbag.py:508} INFO - Filling up the DagBag from /home/airflow/.local/lib/python3.7/site-packages/airflow/example_dags/example_branch_python_dop_operator_3.py
[2022-08-25 23:34:17,421] {processor.py:651} INFO - DAG(s) dict_keys(['example_branch_dop_operator_v3']) retrieved from /home/airflow/.local/lib/python3.7/site-packages/airflow/example_dags/example_branch_python_dop_operator_3.py
[2022-08-25 23:34:17,457] {logging_mixin.py:115} INFO - [2022-08-25 23:34:17,456] {dag.py:2420} INFO - Sync 1 DAGs
[2022-08-25 23:34:17,491] {logging_mixin.py:115} INFO - [2022-08-25 23:34:17,491] {dag.py:2972} INFO - Setting next_dagrun for example_branch_dop_operator_v3 to 2022-08-25T23:33:00+00:00, run_after=2022-08-25T23:34:00+00:00
[2022-08-25 23:34:17,506] {processor.py:161} INFO - Processing /home/airflow/.local/lib/python3.7/site-packages/airflow/example_dags/example_branch_python_dop_operator_3.py took 0.104 seconds
[2022-08-25 23:34:48,302] {processor.py:153} INFO - Started process (PID=18064) to work on /home/airflow/.local/lib/python3.7/site-packages/airflow/example_dags/example_branch_python_dop_operator_3.py
[2022-08-25 23:34:48,303] {processor.py:641} INFO - Processing file /home/airflow/.local/lib/python3.7/site-packages/airflow/example_dags/example_branch_python_dop_operator_3.py for tasks to queue
[2022-08-25 23:34:48,305] {logging_mixin.py:115} INFO - [2022-08-25 23:34:48,304] {dagbag.py:508} INFO - Filling up the DagBag from /home/airflow/.local/lib/python3.7/site-packages/airflow/example_dags/example_branch_python_dop_operator_3.py
[2022-08-25 23:34:48,318] {processor.py:651} INFO - DAG(s) dict_keys(['example_branch_dop_operator_v3']) retrieved from /home/airflow/.local/lib/python3.7/site-packages/airflow/example_dags/example_branch_python_dop_operator_3.py
[2022-08-25 23:34:48,350] {logging_mixin.py:115} INFO - [2022-08-25 23:34:48,350] {dag.py:2420} INFO - Sync 1 DAGs
[2022-08-25 23:34:48,384] {logging_mixin.py:115} INFO - [2022-08-25 23:34:48,384] {dag.py:2972} INFO - Setting next_dagrun for example_branch_dop_operator_v3 to 2022-08-25T23:33:00+00:00, run_after=2022-08-25T23:34:00+00:00
[2022-08-25 23:34:48,401] {processor.py:161} INFO - Processing /home/airflow/.local/lib/python3.7/site-packages/airflow/example_dags/example_branch_python_dop_operator_3.py took 0.103 seconds
[2022-08-25 23:35:19,108] {processor.py:153} INFO - Started process (PID=18128) to work on /home/airflow/.local/lib/python3.7/site-packages/airflow/example_dags/example_branch_python_dop_operator_3.py
[2022-08-25 23:35:19,109] {processor.py:641} INFO - Processing file /home/airflow/.local/lib/python3.7/site-packages/airflow/example_dags/example_branch_python_dop_operator_3.py for tasks to queue
[2022-08-25 23:35:19,110] {logging_mixin.py:115} INFO - [2022-08-25 23:35:19,110] {dagbag.py:508} INFO - Filling up the DagBag from /home/airflow/.local/lib/python3.7/site-packages/airflow/example_dags/example_branch_python_dop_operator_3.py
[2022-08-25 23:35:19,126] {processor.py:651} INFO - DAG(s) dict_keys(['example_branch_dop_operator_v3']) retrieved from /home/airflow/.local/lib/python3.7/site-packages/airflow/example_dags/example_branch_python_dop_operator_3.py
[2022-08-25 23:35:19,158] {logging_mixin.py:115} INFO - [2022-08-25 23:35:19,158] {dag.py:2420} INFO - Sync 1 DAGs
[2022-08-25 23:35:19,194] {logging_mixin.py:115} INFO - [2022-08-25 23:35:19,194] {dag.py:2972} INFO - Setting next_dagrun for example_branch_dop_operator_v3 to 2022-08-25T23:34:00+00:00, run_after=2022-08-25T23:35:00+00:00
[2022-08-25 23:35:19,212] {processor.py:161} INFO - Processing /home/airflow/.local/lib/python3.7/site-packages/airflow/example_dags/example_branch_python_dop_operator_3.py took 0.109 seconds
[2022-08-25 23:35:49,758] {processor.py:153} INFO - Started process (PID=18193) to work on /home/airflow/.local/lib/python3.7/site-packages/airflow/example_dags/example_branch_python_dop_operator_3.py
[2022-08-25 23:35:49,759] {processor.py:641} INFO - Processing file /home/airflow/.local/lib/python3.7/site-packages/airflow/example_dags/example_branch_python_dop_operator_3.py for tasks to queue
[2022-08-25 23:35:49,760] {logging_mixin.py:115} INFO - [2022-08-25 23:35:49,760] {dagbag.py:508} INFO - Filling up the DagBag from /home/airflow/.local/lib/python3.7/site-packages/airflow/example_dags/example_branch_python_dop_operator_3.py
[2022-08-25 23:35:49,774] {processor.py:651} INFO - DAG(s) dict_keys(['example_branch_dop_operator_v3']) retrieved from /home/airflow/.local/lib/python3.7/site-packages/airflow/example_dags/example_branch_python_dop_operator_3.py
[2022-08-25 23:35:49,807] {logging_mixin.py:115} INFO - [2022-08-25 23:35:49,807] {dag.py:2420} INFO - Sync 1 DAGs
[2022-08-25 23:35:49,842] {logging_mixin.py:115} INFO - [2022-08-25 23:35:49,842] {dag.py:2972} INFO - Setting next_dagrun for example_branch_dop_operator_v3 to 2022-08-25T23:34:00+00:00, run_after=2022-08-25T23:35:00+00:00
[2022-08-25 23:35:49,859] {processor.py:161} INFO - Processing /home/airflow/.local/lib/python3.7/site-packages/airflow/example_dags/example_branch_python_dop_operator_3.py took 0.105 seconds
[2022-08-25 23:36:20,365] {processor.py:153} INFO - Started process (PID=18248) to work on /home/airflow/.local/lib/python3.7/site-packages/airflow/example_dags/example_branch_python_dop_operator_3.py
[2022-08-25 23:36:20,366] {processor.py:641} INFO - Processing file /home/airflow/.local/lib/python3.7/site-packages/airflow/example_dags/example_branch_python_dop_operator_3.py for tasks to queue
[2022-08-25 23:36:20,367] {logging_mixin.py:115} INFO - [2022-08-25 23:36:20,367] {dagbag.py:508} INFO - Filling up the DagBag from /home/airflow/.local/lib/python3.7/site-packages/airflow/example_dags/example_branch_python_dop_operator_3.py
[2022-08-25 23:36:20,380] {processor.py:651} INFO - DAG(s) dict_keys(['example_branch_dop_operator_v3']) retrieved from /home/airflow/.local/lib/python3.7/site-packages/airflow/example_dags/example_branch_python_dop_operator_3.py
[2022-08-25 23:36:20,415] {logging_mixin.py:115} INFO - [2022-08-25 23:36:20,415] {dag.py:2420} INFO - Sync 1 DAGs
[2022-08-25 23:36:20,448] {logging_mixin.py:115} INFO - [2022-08-25 23:36:20,448] {dag.py:2972} INFO - Setting next_dagrun for example_branch_dop_operator_v3 to 2022-08-25T23:35:00+00:00, run_after=2022-08-25T23:36:00+00:00
[2022-08-25 23:36:20,477] {processor.py:161} INFO - Processing /home/airflow/.local/lib/python3.7/site-packages/airflow/example_dags/example_branch_python_dop_operator_3.py took 0.117 seconds
[2022-08-25 23:36:50,932] {processor.py:153} INFO - Started process (PID=18313) to work on /home/airflow/.local/lib/python3.7/site-packages/airflow/example_dags/example_branch_python_dop_operator_3.py
[2022-08-25 23:36:50,933] {processor.py:641} INFO - Processing file /home/airflow/.local/lib/python3.7/site-packages/airflow/example_dags/example_branch_python_dop_operator_3.py for tasks to queue
[2022-08-25 23:36:50,936] {logging_mixin.py:115} INFO - [2022-08-25 23:36:50,936] {dagbag.py:508} INFO - Filling up the DagBag from /home/airflow/.local/lib/python3.7/site-packages/airflow/example_dags/example_branch_python_dop_operator_3.py
[2022-08-25 23:36:50,950] {processor.py:651} INFO - DAG(s) dict_keys(['example_branch_dop_operator_v3']) retrieved from /home/airflow/.local/lib/python3.7/site-packages/airflow/example_dags/example_branch_python_dop_operator_3.py
[2022-08-25 23:36:50,984] {logging_mixin.py:115} INFO - [2022-08-25 23:36:50,984] {dag.py:2420} INFO - Sync 1 DAGs
[2022-08-25 23:36:51,019] {logging_mixin.py:115} INFO - [2022-08-25 23:36:51,019] {dag.py:2972} INFO - Setting next_dagrun for example_branch_dop_operator_v3 to 2022-08-25T23:35:00+00:00, run_after=2022-08-25T23:36:00+00:00
[2022-08-25 23:36:51,035] {processor.py:161} INFO - Processing /home/airflow/.local/lib/python3.7/site-packages/airflow/example_dags/example_branch_python_dop_operator_3.py took 0.108 seconds
[2022-08-25 23:37:21,839] {processor.py:153} INFO - Started process (PID=18377) to work on /home/airflow/.local/lib/python3.7/site-packages/airflow/example_dags/example_branch_python_dop_operator_3.py
[2022-08-25 23:37:21,842] {processor.py:641} INFO - Processing file /home/airflow/.local/lib/python3.7/site-packages/airflow/example_dags/example_branch_python_dop_operator_3.py for tasks to queue
[2022-08-25 23:37:21,843] {logging_mixin.py:115} INFO - [2022-08-25 23:37:21,843] {dagbag.py:508} INFO - Filling up the DagBag from /home/airflow/.local/lib/python3.7/site-packages/airflow/example_dags/example_branch_python_dop_operator_3.py
[2022-08-25 23:37:21,861] {processor.py:651} INFO - DAG(s) dict_keys(['example_branch_dop_operator_v3']) retrieved from /home/airflow/.local/lib/python3.7/site-packages/airflow/example_dags/example_branch_python_dop_operator_3.py
[2022-08-25 23:37:21,906] {logging_mixin.py:115} INFO - [2022-08-25 23:37:21,906] {dag.py:2420} INFO - Sync 1 DAGs
[2022-08-25 23:37:21,950] {logging_mixin.py:115} INFO - [2022-08-25 23:37:21,950] {dag.py:2972} INFO - Setting next_dagrun for example_branch_dop_operator_v3 to 2022-08-25T23:36:00+00:00, run_after=2022-08-25T23:37:00+00:00
[2022-08-25 23:37:21,971] {processor.py:161} INFO - Processing /home/airflow/.local/lib/python3.7/site-packages/airflow/example_dags/example_branch_python_dop_operator_3.py took 0.136 seconds
[2022-08-25 23:37:52,564] {processor.py:153} INFO - Started process (PID=18432) to work on /home/airflow/.local/lib/python3.7/site-packages/airflow/example_dags/example_branch_python_dop_operator_3.py
[2022-08-25 23:37:52,565] {processor.py:641} INFO - Processing file /home/airflow/.local/lib/python3.7/site-packages/airflow/example_dags/example_branch_python_dop_operator_3.py for tasks to queue
[2022-08-25 23:37:52,566] {logging_mixin.py:115} INFO - [2022-08-25 23:37:52,566] {dagbag.py:508} INFO - Filling up the DagBag from /home/airflow/.local/lib/python3.7/site-packages/airflow/example_dags/example_branch_python_dop_operator_3.py
[2022-08-25 23:37:52,580] {processor.py:651} INFO - DAG(s) dict_keys(['example_branch_dop_operator_v3']) retrieved from /home/airflow/.local/lib/python3.7/site-packages/airflow/example_dags/example_branch_python_dop_operator_3.py
[2022-08-25 23:37:52,616] {logging_mixin.py:115} INFO - [2022-08-25 23:37:52,616] {dag.py:2420} INFO - Sync 1 DAGs
[2022-08-25 23:37:52,652] {logging_mixin.py:115} INFO - [2022-08-25 23:37:52,652] {dag.py:2972} INFO - Setting next_dagrun for example_branch_dop_operator_v3 to 2022-08-25T23:36:00+00:00, run_after=2022-08-25T23:37:00+00:00
[2022-08-25 23:37:52,676] {processor.py:161} INFO - Processing /home/airflow/.local/lib/python3.7/site-packages/airflow/example_dags/example_branch_python_dop_operator_3.py took 0.117 seconds
[2022-08-25 23:38:23,410] {processor.py:153} INFO - Started process (PID=18497) to work on /home/airflow/.local/lib/python3.7/site-packages/airflow/example_dags/example_branch_python_dop_operator_3.py
[2022-08-25 23:38:23,411] {processor.py:641} INFO - Processing file /home/airflow/.local/lib/python3.7/site-packages/airflow/example_dags/example_branch_python_dop_operator_3.py for tasks to queue
[2022-08-25 23:38:23,412] {logging_mixin.py:115} INFO - [2022-08-25 23:38:23,412] {dagbag.py:508} INFO - Filling up the DagBag from /home/airflow/.local/lib/python3.7/site-packages/airflow/example_dags/example_branch_python_dop_operator_3.py
[2022-08-25 23:38:23,425] {processor.py:651} INFO - DAG(s) dict_keys(['example_branch_dop_operator_v3']) retrieved from /home/airflow/.local/lib/python3.7/site-packages/airflow/example_dags/example_branch_python_dop_operator_3.py
[2022-08-25 23:38:23,457] {logging_mixin.py:115} INFO - [2022-08-25 23:38:23,457] {dag.py:2420} INFO - Sync 1 DAGs
[2022-08-25 23:38:23,494] {logging_mixin.py:115} INFO - [2022-08-25 23:38:23,494] {dag.py:2972} INFO - Setting next_dagrun for example_branch_dop_operator_v3 to 2022-08-25T23:37:00+00:00, run_after=2022-08-25T23:38:00+00:00
[2022-08-25 23:38:23,518] {processor.py:161} INFO - Processing /home/airflow/.local/lib/python3.7/site-packages/airflow/example_dags/example_branch_python_dop_operator_3.py took 0.113 seconds
[2022-08-25 23:38:53,633] {processor.py:153} INFO - Started process (PID=18561) to work on /home/airflow/.local/lib/python3.7/site-packages/airflow/example_dags/example_branch_python_dop_operator_3.py
[2022-08-25 23:38:53,635] {processor.py:641} INFO - Processing file /home/airflow/.local/lib/python3.7/site-packages/airflow/example_dags/example_branch_python_dop_operator_3.py for tasks to queue
[2022-08-25 23:38:53,637] {logging_mixin.py:115} INFO - [2022-08-25 23:38:53,637] {dagbag.py:508} INFO - Filling up the DagBag from /home/airflow/.local/lib/python3.7/site-packages/airflow/example_dags/example_branch_python_dop_operator_3.py
[2022-08-25 23:38:53,665] {processor.py:651} INFO - DAG(s) dict_keys(['example_branch_dop_operator_v3']) retrieved from /home/airflow/.local/lib/python3.7/site-packages/airflow/example_dags/example_branch_python_dop_operator_3.py
[2022-08-25 23:38:53,731] {logging_mixin.py:115} INFO - [2022-08-25 23:38:53,731] {dag.py:2420} INFO - Sync 1 DAGs
[2022-08-25 23:38:53,807] {logging_mixin.py:115} INFO - [2022-08-25 23:38:53,807] {dag.py:2972} INFO - Setting next_dagrun for example_branch_dop_operator_v3 to 2022-08-25T23:37:00+00:00, run_after=2022-08-25T23:38:00+00:00
[2022-08-25 23:38:53,830] {processor.py:161} INFO - Processing /home/airflow/.local/lib/python3.7/site-packages/airflow/example_dags/example_branch_python_dop_operator_3.py took 0.204 seconds
[2022-08-25 23:39:24,725] {processor.py:153} INFO - Started process (PID=18617) to work on /home/airflow/.local/lib/python3.7/site-packages/airflow/example_dags/example_branch_python_dop_operator_3.py
[2022-08-25 23:39:24,732] {processor.py:641} INFO - Processing file /home/airflow/.local/lib/python3.7/site-packages/airflow/example_dags/example_branch_python_dop_operator_3.py for tasks to queue
[2022-08-25 23:39:24,736] {logging_mixin.py:115} INFO - [2022-08-25 23:39:24,735] {dagbag.py:508} INFO - Filling up the DagBag from /home/airflow/.local/lib/python3.7/site-packages/airflow/example_dags/example_branch_python_dop_operator_3.py
[2022-08-25 23:39:24,768] {processor.py:651} INFO - DAG(s) dict_keys(['example_branch_dop_operator_v3']) retrieved from /home/airflow/.local/lib/python3.7/site-packages/airflow/example_dags/example_branch_python_dop_operator_3.py
[2022-08-25 23:39:24,833] {logging_mixin.py:115} INFO - [2022-08-25 23:39:24,833] {dag.py:2420} INFO - Sync 1 DAGs
[2022-08-25 23:39:24,927] {logging_mixin.py:115} INFO - [2022-08-25 23:39:24,927] {dag.py:2972} INFO - Setting next_dagrun for example_branch_dop_operator_v3 to 2022-08-25T23:38:00+00:00, run_after=2022-08-25T23:39:00+00:00
[2022-08-25 23:39:24,957] {processor.py:161} INFO - Processing /home/airflow/.local/lib/python3.7/site-packages/airflow/example_dags/example_branch_python_dop_operator_3.py took 0.244 seconds
[2022-08-25 23:39:55,241] {processor.py:153} INFO - Started process (PID=18683) to work on /home/airflow/.local/lib/python3.7/site-packages/airflow/example_dags/example_branch_python_dop_operator_3.py
[2022-08-25 23:39:55,242] {processor.py:641} INFO - Processing file /home/airflow/.local/lib/python3.7/site-packages/airflow/example_dags/example_branch_python_dop_operator_3.py for tasks to queue
[2022-08-25 23:39:55,244] {logging_mixin.py:115} INFO - [2022-08-25 23:39:55,243] {dagbag.py:508} INFO - Filling up the DagBag from /home/airflow/.local/lib/python3.7/site-packages/airflow/example_dags/example_branch_python_dop_operator_3.py
[2022-08-25 23:39:55,265] {processor.py:651} INFO - DAG(s) dict_keys(['example_branch_dop_operator_v3']) retrieved from /home/airflow/.local/lib/python3.7/site-packages/airflow/example_dags/example_branch_python_dop_operator_3.py
[2022-08-25 23:39:55,305] {logging_mixin.py:115} INFO - [2022-08-25 23:39:55,304] {dag.py:2420} INFO - Sync 1 DAGs
[2022-08-25 23:39:55,344] {logging_mixin.py:115} INFO - [2022-08-25 23:39:55,344] {dag.py:2972} INFO - Setting next_dagrun for example_branch_dop_operator_v3 to 2022-08-25T23:38:00+00:00, run_after=2022-08-25T23:39:00+00:00
[2022-08-25 23:39:55,359] {processor.py:161} INFO - Processing /home/airflow/.local/lib/python3.7/site-packages/airflow/example_dags/example_branch_python_dop_operator_3.py took 0.123 seconds
[2022-08-25 23:40:25,828] {processor.py:153} INFO - Started process (PID=18738) to work on /home/airflow/.local/lib/python3.7/site-packages/airflow/example_dags/example_branch_python_dop_operator_3.py
[2022-08-25 23:40:25,830] {processor.py:641} INFO - Processing file /home/airflow/.local/lib/python3.7/site-packages/airflow/example_dags/example_branch_python_dop_operator_3.py for tasks to queue
[2022-08-25 23:40:25,832] {logging_mixin.py:115} INFO - [2022-08-25 23:40:25,832] {dagbag.py:508} INFO - Filling up the DagBag from /home/airflow/.local/lib/python3.7/site-packages/airflow/example_dags/example_branch_python_dop_operator_3.py
[2022-08-25 23:40:25,858] {processor.py:651} INFO - DAG(s) dict_keys(['example_branch_dop_operator_v3']) retrieved from /home/airflow/.local/lib/python3.7/site-packages/airflow/example_dags/example_branch_python_dop_operator_3.py
[2022-08-25 23:40:25,936] {logging_mixin.py:115} INFO - [2022-08-25 23:40:25,935] {dag.py:2420} INFO - Sync 1 DAGs
[2022-08-25 23:40:25,998] {logging_mixin.py:115} INFO - [2022-08-25 23:40:25,998] {dag.py:2972} INFO - Setting next_dagrun for example_branch_dop_operator_v3 to 2022-08-25T23:39:00+00:00, run_after=2022-08-25T23:40:00+00:00
[2022-08-25 23:40:26,016] {processor.py:161} INFO - Processing /home/airflow/.local/lib/python3.7/site-packages/airflow/example_dags/example_branch_python_dop_operator_3.py took 0.195 seconds
[2022-08-25 23:40:56,058] {processor.py:153} INFO - Started process (PID=18802) to work on /home/airflow/.local/lib/python3.7/site-packages/airflow/example_dags/example_branch_python_dop_operator_3.py
[2022-08-25 23:40:56,060] {processor.py:641} INFO - Processing file /home/airflow/.local/lib/python3.7/site-packages/airflow/example_dags/example_branch_python_dop_operator_3.py for tasks to queue
[2022-08-25 23:40:56,061] {logging_mixin.py:115} INFO - [2022-08-25 23:40:56,061] {dagbag.py:508} INFO - Filling up the DagBag from /home/airflow/.local/lib/python3.7/site-packages/airflow/example_dags/example_branch_python_dop_operator_3.py
[2022-08-25 23:40:56,075] {processor.py:651} INFO - DAG(s) dict_keys(['example_branch_dop_operator_v3']) retrieved from /home/airflow/.local/lib/python3.7/site-packages/airflow/example_dags/example_branch_python_dop_operator_3.py
[2022-08-25 23:40:56,123] {logging_mixin.py:115} INFO - [2022-08-25 23:40:56,123] {dag.py:2420} INFO - Sync 1 DAGs
[2022-08-25 23:40:56,163] {logging_mixin.py:115} INFO - [2022-08-25 23:40:56,162] {dag.py:2972} INFO - Setting next_dagrun for example_branch_dop_operator_v3 to 2022-08-25T23:39:00+00:00, run_after=2022-08-25T23:40:00+00:00
[2022-08-25 23:40:56,184] {processor.py:161} INFO - Processing /home/airflow/.local/lib/python3.7/site-packages/airflow/example_dags/example_branch_python_dop_operator_3.py took 0.130 seconds
[2022-08-25 23:41:26,635] {processor.py:153} INFO - Started process (PID=18857) to work on /home/airflow/.local/lib/python3.7/site-packages/airflow/example_dags/example_branch_python_dop_operator_3.py
[2022-08-25 23:41:26,636] {processor.py:641} INFO - Processing file /home/airflow/.local/lib/python3.7/site-packages/airflow/example_dags/example_branch_python_dop_operator_3.py for tasks to queue
[2022-08-25 23:41:26,637] {logging_mixin.py:115} INFO - [2022-08-25 23:41:26,637] {dagbag.py:508} INFO - Filling up the DagBag from /home/airflow/.local/lib/python3.7/site-packages/airflow/example_dags/example_branch_python_dop_operator_3.py
[2022-08-25 23:41:26,652] {processor.py:651} INFO - DAG(s) dict_keys(['example_branch_dop_operator_v3']) retrieved from /home/airflow/.local/lib/python3.7/site-packages/airflow/example_dags/example_branch_python_dop_operator_3.py
[2022-08-25 23:41:26,688] {logging_mixin.py:115} INFO - [2022-08-25 23:41:26,688] {dag.py:2420} INFO - Sync 1 DAGs
[2022-08-25 23:41:26,735] {logging_mixin.py:115} INFO - [2022-08-25 23:41:26,735] {dag.py:2972} INFO - Setting next_dagrun for example_branch_dop_operator_v3 to 2022-08-25T23:40:00+00:00, run_after=2022-08-25T23:41:00+00:00
[2022-08-25 23:41:26,753] {processor.py:161} INFO - Processing /home/airflow/.local/lib/python3.7/site-packages/airflow/example_dags/example_branch_python_dop_operator_3.py took 0.123 seconds
[2022-08-25 23:41:58,376] {processor.py:153} INFO - Started process (PID=18921) to work on /home/airflow/.local/lib/python3.7/site-packages/airflow/example_dags/example_branch_python_dop_operator_3.py
[2022-08-25 23:41:58,377] {processor.py:641} INFO - Processing file /home/airflow/.local/lib/python3.7/site-packages/airflow/example_dags/example_branch_python_dop_operator_3.py for tasks to queue
[2022-08-25 23:41:58,379] {logging_mixin.py:115} INFO - [2022-08-25 23:41:58,379] {dagbag.py:508} INFO - Filling up the DagBag from /home/airflow/.local/lib/python3.7/site-packages/airflow/example_dags/example_branch_python_dop_operator_3.py
[2022-08-25 23:41:58,375] {processor.py:651} INFO - DAG(s) dict_keys(['example_branch_dop_operator_v3']) retrieved from /home/airflow/.local/lib/python3.7/site-packages/airflow/example_dags/example_branch_python_dop_operator_3.py
[2022-08-25 23:41:58,416] {logging_mixin.py:115} INFO - [2022-08-25 23:41:58,415] {dag.py:2420} INFO - Sync 1 DAGs
[2022-08-25 23:41:58,459] {logging_mixin.py:115} INFO - [2022-08-25 23:41:58,459] {dag.py:2972} INFO - Setting next_dagrun for example_branch_dop_operator_v3 to 2022-08-25T23:40:00+00:00, run_after=2022-08-25T23:41:00+00:00
[2022-08-25 23:41:58,476] {processor.py:161} INFO - Processing /home/airflow/.local/lib/python3.7/site-packages/airflow/example_dags/example_branch_python_dop_operator_3.py took 0.128 seconds
[2022-08-25 23:42:28,853] {processor.py:153} INFO - Started process (PID=18985) to work on /home/airflow/.local/lib/python3.7/site-packages/airflow/example_dags/example_branch_python_dop_operator_3.py
[2022-08-25 23:42:28,855] {processor.py:641} INFO - Processing file /home/airflow/.local/lib/python3.7/site-packages/airflow/example_dags/example_branch_python_dop_operator_3.py for tasks to queue
[2022-08-25 23:42:28,856] {logging_mixin.py:115} INFO - [2022-08-25 23:42:28,856] {dagbag.py:508} INFO - Filling up the DagBag from /home/airflow/.local/lib/python3.7/site-packages/airflow/example_dags/example_branch_python_dop_operator_3.py
[2022-08-25 23:42:28,876] {processor.py:651} INFO - DAG(s) dict_keys(['example_branch_dop_operator_v3']) retrieved from /home/airflow/.local/lib/python3.7/site-packages/airflow/example_dags/example_branch_python_dop_operator_3.py
[2022-08-25 23:42:28,921] {logging_mixin.py:115} INFO - [2022-08-25 23:42:28,921] {dag.py:2420} INFO - Sync 1 DAGs
[2022-08-25 23:42:28,968] {logging_mixin.py:115} INFO - [2022-08-25 23:42:28,967] {dag.py:2972} INFO - Setting next_dagrun for example_branch_dop_operator_v3 to 2022-08-25T23:41:00+00:00, run_after=2022-08-25T23:42:00+00:00
[2022-08-25 23:42:28,999] {processor.py:161} INFO - Processing /home/airflow/.local/lib/python3.7/site-packages/airflow/example_dags/example_branch_python_dop_operator_3.py took 0.153 seconds
[2022-08-25 23:42:59,260] {processor.py:153} INFO - Started process (PID=19040) to work on /home/airflow/.local/lib/python3.7/site-packages/airflow/example_dags/example_branch_python_dop_operator_3.py
[2022-08-25 23:42:59,261] {processor.py:641} INFO - Processing file /home/airflow/.local/lib/python3.7/site-packages/airflow/example_dags/example_branch_python_dop_operator_3.py for tasks to queue
[2022-08-25 23:42:59,263] {logging_mixin.py:115} INFO - [2022-08-25 23:42:59,263] {dagbag.py:508} INFO - Filling up the DagBag from /home/airflow/.local/lib/python3.7/site-packages/airflow/example_dags/example_branch_python_dop_operator_3.py
[2022-08-25 23:42:59,283] {processor.py:651} INFO - DAG(s) dict_keys(['example_branch_dop_operator_v3']) retrieved from /home/airflow/.local/lib/python3.7/site-packages/airflow/example_dags/example_branch_python_dop_operator_3.py
[2022-08-25 23:42:59,325] {logging_mixin.py:115} INFO - [2022-08-25 23:42:59,325] {dag.py:2420} INFO - Sync 1 DAGs
[2022-08-25 23:42:59,374] {logging_mixin.py:115} INFO - [2022-08-25 23:42:59,374] {dag.py:2972} INFO - Setting next_dagrun for example_branch_dop_operator_v3 to 2022-08-25T23:41:00+00:00, run_after=2022-08-25T23:42:00+00:00
[2022-08-25 23:42:59,405] {processor.py:161} INFO - Processing /home/airflow/.local/lib/python3.7/site-packages/airflow/example_dags/example_branch_python_dop_operator_3.py took 0.151 seconds
[2022-08-25 23:43:29,631] {processor.py:153} INFO - Started process (PID=19105) to work on /home/airflow/.local/lib/python3.7/site-packages/airflow/example_dags/example_branch_python_dop_operator_3.py
[2022-08-25 23:43:29,634] {processor.py:641} INFO - Processing file /home/airflow/.local/lib/python3.7/site-packages/airflow/example_dags/example_branch_python_dop_operator_3.py for tasks to queue
[2022-08-25 23:43:29,638] {logging_mixin.py:115} INFO - [2022-08-25 23:43:29,637] {dagbag.py:508} INFO - Filling up the DagBag from /home/airflow/.local/lib/python3.7/site-packages/airflow/example_dags/example_branch_python_dop_operator_3.py
[2022-08-25 23:43:29,674] {processor.py:651} INFO - DAG(s) dict_keys(['example_branch_dop_operator_v3']) retrieved from /home/airflow/.local/lib/python3.7/site-packages/airflow/example_dags/example_branch_python_dop_operator_3.py
[2022-08-25 23:43:29,765] {logging_mixin.py:115} INFO - [2022-08-25 23:43:29,765] {dag.py:2420} INFO - Sync 1 DAGs
[2022-08-25 23:43:29,825] {logging_mixin.py:115} INFO - [2022-08-25 23:43:29,825] {dag.py:2972} INFO - Setting next_dagrun for example_branch_dop_operator_v3 to 2022-08-25T23:42:00+00:00, run_after=2022-08-25T23:43:00+00:00
[2022-08-25 23:43:29,864] {processor.py:161} INFO - Processing /home/airflow/.local/lib/python3.7/site-packages/airflow/example_dags/example_branch_python_dop_operator_3.py took 0.246 seconds
[2022-08-25 23:44:00,206] {processor.py:153} INFO - Started process (PID=19170) to work on /home/airflow/.local/lib/python3.7/site-packages/airflow/example_dags/example_branch_python_dop_operator_3.py
[2022-08-25 23:44:00,208] {processor.py:641} INFO - Processing file /home/airflow/.local/lib/python3.7/site-packages/airflow/example_dags/example_branch_python_dop_operator_3.py for tasks to queue
[2022-08-25 23:44:00,209] {logging_mixin.py:115} INFO - [2022-08-25 23:44:00,209] {dagbag.py:508} INFO - Filling up the DagBag from /home/airflow/.local/lib/python3.7/site-packages/airflow/example_dags/example_branch_python_dop_operator_3.py
[2022-08-25 23:44:00,232] {processor.py:651} INFO - DAG(s) dict_keys(['example_branch_dop_operator_v3']) retrieved from /home/airflow/.local/lib/python3.7/site-packages/airflow/example_dags/example_branch_python_dop_operator_3.py
[2022-08-25 23:44:00,275] {logging_mixin.py:115} INFO - [2022-08-25 23:44:00,275] {dag.py:2420} INFO - Sync 1 DAGs
[2022-08-25 23:44:00,329] {logging_mixin.py:115} INFO - [2022-08-25 23:44:00,329] {dag.py:2972} INFO - Setting next_dagrun for example_branch_dop_operator_v3 to 2022-08-25T23:43:00+00:00, run_after=2022-08-25T23:44:00+00:00
[2022-08-25 23:44:00,350] {processor.py:161} INFO - Processing /home/airflow/.local/lib/python3.7/site-packages/airflow/example_dags/example_branch_python_dop_operator_3.py took 0.149 seconds
[2022-08-25 23:44:30,550] {processor.py:153} INFO - Started process (PID=19225) to work on /home/airflow/.local/lib/python3.7/site-packages/airflow/example_dags/example_branch_python_dop_operator_3.py
[2022-08-25 23:44:30,551] {processor.py:641} INFO - Processing file /home/airflow/.local/lib/python3.7/site-packages/airflow/example_dags/example_branch_python_dop_operator_3.py for tasks to queue
[2022-08-25 23:44:30,553] {logging_mixin.py:115} INFO - [2022-08-25 23:44:30,553] {dagbag.py:508} INFO - Filling up the DagBag from /home/airflow/.local/lib/python3.7/site-packages/airflow/example_dags/example_branch_python_dop_operator_3.py
[2022-08-25 23:44:30,566] {processor.py:651} INFO - DAG(s) dict_keys(['example_branch_dop_operator_v3']) retrieved from /home/airflow/.local/lib/python3.7/site-packages/airflow/example_dags/example_branch_python_dop_operator_3.py
[2022-08-25 23:44:30,603] {logging_mixin.py:115} INFO - [2022-08-25 23:44:30,603] {dag.py:2420} INFO - Sync 1 DAGs
[2022-08-25 23:44:30,657] {logging_mixin.py:115} INFO - [2022-08-25 23:44:30,656] {dag.py:2972} INFO - Setting next_dagrun for example_branch_dop_operator_v3 to 2022-08-25T23:43:00+00:00, run_after=2022-08-25T23:44:00+00:00
[2022-08-25 23:44:30,672] {processor.py:161} INFO - Processing /home/airflow/.local/lib/python3.7/site-packages/airflow/example_dags/example_branch_python_dop_operator_3.py took 0.127 seconds
[2022-08-25 23:45:01,013] {processor.py:153} INFO - Started process (PID=19290) to work on /home/airflow/.local/lib/python3.7/site-packages/airflow/example_dags/example_branch_python_dop_operator_3.py
[2022-08-25 23:45:01,015] {processor.py:641} INFO - Processing file /home/airflow/.local/lib/python3.7/site-packages/airflow/example_dags/example_branch_python_dop_operator_3.py for tasks to queue
[2022-08-25 23:45:01,016] {logging_mixin.py:115} INFO - [2022-08-25 23:45:01,016] {dagbag.py:508} INFO - Filling up the DagBag from /home/airflow/.local/lib/python3.7/site-packages/airflow/example_dags/example_branch_python_dop_operator_3.py
[2022-08-25 23:45:01,033] {processor.py:651} INFO - DAG(s) dict_keys(['example_branch_dop_operator_v3']) retrieved from /home/airflow/.local/lib/python3.7/site-packages/airflow/example_dags/example_branch_python_dop_operator_3.py
[2022-08-25 23:45:01,069] {logging_mixin.py:115} INFO - [2022-08-25 23:45:01,069] {dag.py:2420} INFO - Sync 1 DAGs
[2022-08-25 23:45:01,112] {logging_mixin.py:115} INFO - [2022-08-25 23:45:01,112] {dag.py:2972} INFO - Setting next_dagrun for example_branch_dop_operator_v3 to 2022-08-25T23:44:00+00:00, run_after=2022-08-25T23:45:00+00:00
[2022-08-25 23:45:01,133] {processor.py:161} INFO - Processing /home/airflow/.local/lib/python3.7/site-packages/airflow/example_dags/example_branch_python_dop_operator_3.py took 0.124 seconds
[2022-08-25 23:45:31,550] {processor.py:153} INFO - Started process (PID=19345) to work on /home/airflow/.local/lib/python3.7/site-packages/airflow/example_dags/example_branch_python_dop_operator_3.py
[2022-08-25 23:45:31,551] {processor.py:641} INFO - Processing file /home/airflow/.local/lib/python3.7/site-packages/airflow/example_dags/example_branch_python_dop_operator_3.py for tasks to queue
[2022-08-25 23:45:31,553] {logging_mixin.py:115} INFO - [2022-08-25 23:45:31,553] {dagbag.py:508} INFO - Filling up the DagBag from /home/airflow/.local/lib/python3.7/site-packages/airflow/example_dags/example_branch_python_dop_operator_3.py
[2022-08-25 23:45:31,578] {processor.py:651} INFO - DAG(s) dict_keys(['example_branch_dop_operator_v3']) retrieved from /home/airflow/.local/lib/python3.7/site-packages/airflow/example_dags/example_branch_python_dop_operator_3.py
[2022-08-25 23:45:31,650] {logging_mixin.py:115} INFO - [2022-08-25 23:45:31,649] {dag.py:2420} INFO - Sync 1 DAGs
[2022-08-25 23:45:31,713] {logging_mixin.py:115} INFO - [2022-08-25 23:45:31,713] {dag.py:2972} INFO - Setting next_dagrun for example_branch_dop_operator_v3 to 2022-08-25T23:44:00+00:00, run_after=2022-08-25T23:45:00+00:00
[2022-08-25 23:45:31,732] {processor.py:161} INFO - Processing /home/airflow/.local/lib/python3.7/site-packages/airflow/example_dags/example_branch_python_dop_operator_3.py took 0.188 seconds
[2022-08-25 23:46:01,817] {processor.py:153} INFO - Started process (PID=19410) to work on /home/airflow/.local/lib/python3.7/site-packages/airflow/example_dags/example_branch_python_dop_operator_3.py
[2022-08-25 23:46:01,819] {processor.py:641} INFO - Processing file /home/airflow/.local/lib/python3.7/site-packages/airflow/example_dags/example_branch_python_dop_operator_3.py for tasks to queue
[2022-08-25 23:46:01,820] {logging_mixin.py:115} INFO - [2022-08-25 23:46:01,820] {dagbag.py:508} INFO - Filling up the DagBag from /home/airflow/.local/lib/python3.7/site-packages/airflow/example_dags/example_branch_python_dop_operator_3.py
[2022-08-25 23:46:01,836] {processor.py:651} INFO - DAG(s) dict_keys(['example_branch_dop_operator_v3']) retrieved from /home/airflow/.local/lib/python3.7/site-packages/airflow/example_dags/example_branch_python_dop_operator_3.py
[2022-08-25 23:46:01,872] {logging_mixin.py:115} INFO - [2022-08-25 23:46:01,872] {dag.py:2420} INFO - Sync 1 DAGs
[2022-08-25 23:46:01,910] {logging_mixin.py:115} INFO - [2022-08-25 23:46:01,910] {dag.py:2972} INFO - Setting next_dagrun for example_branch_dop_operator_v3 to 2022-08-25T23:45:00+00:00, run_after=2022-08-25T23:46:00+00:00
[2022-08-25 23:46:01,931] {processor.py:161} INFO - Processing /home/airflow/.local/lib/python3.7/site-packages/airflow/example_dags/example_branch_python_dop_operator_3.py took 0.119 seconds
[2022-08-25 23:46:31,969] {processor.py:153} INFO - Started process (PID=19464) to work on /home/airflow/.local/lib/python3.7/site-packages/airflow/example_dags/example_branch_python_dop_operator_3.py
[2022-08-25 23:46:31,971] {processor.py:641} INFO - Processing file /home/airflow/.local/lib/python3.7/site-packages/airflow/example_dags/example_branch_python_dop_operator_3.py for tasks to queue
[2022-08-25 23:46:31,972] {logging_mixin.py:115} INFO - [2022-08-25 23:46:31,971] {dagbag.py:508} INFO - Filling up the DagBag from /home/airflow/.local/lib/python3.7/site-packages/airflow/example_dags/example_branch_python_dop_operator_3.py
[2022-08-25 23:46:31,992] {processor.py:651} INFO - DAG(s) dict_keys(['example_branch_dop_operator_v3']) retrieved from /home/airflow/.local/lib/python3.7/site-packages/airflow/example_dags/example_branch_python_dop_operator_3.py
[2022-08-25 23:46:32,032] {logging_mixin.py:115} INFO - [2022-08-25 23:46:32,032] {dag.py:2420} INFO - Sync 1 DAGs
[2022-08-25 23:46:32,070] {logging_mixin.py:115} INFO - [2022-08-25 23:46:32,070] {dag.py:2972} INFO - Setting next_dagrun for example_branch_dop_operator_v3 to 2022-08-25T23:45:00+00:00, run_after=2022-08-25T23:46:00+00:00
[2022-08-25 23:46:32,087] {processor.py:161} INFO - Processing /home/airflow/.local/lib/python3.7/site-packages/airflow/example_dags/example_branch_python_dop_operator_3.py took 0.123 seconds
[2022-08-25 23:47:02,423] {processor.py:153} INFO - Started process (PID=19530) to work on /home/airflow/.local/lib/python3.7/site-packages/airflow/example_dags/example_branch_python_dop_operator_3.py
[2022-08-25 23:47:02,424] {processor.py:641} INFO - Processing file /home/airflow/.local/lib/python3.7/site-packages/airflow/example_dags/example_branch_python_dop_operator_3.py for tasks to queue
[2022-08-25 23:47:02,426] {logging_mixin.py:115} INFO - [2022-08-25 23:47:02,426] {dagbag.py:508} INFO - Filling up the DagBag from /home/airflow/.local/lib/python3.7/site-packages/airflow/example_dags/example_branch_python_dop_operator_3.py
[2022-08-25 23:47:02,439] {processor.py:651} INFO - DAG(s) dict_keys(['example_branch_dop_operator_v3']) retrieved from /home/airflow/.local/lib/python3.7/site-packages/airflow/example_dags/example_branch_python_dop_operator_3.py
[2022-08-25 23:47:02,473] {logging_mixin.py:115} INFO - [2022-08-25 23:47:02,472] {dag.py:2420} INFO - Sync 1 DAGs
[2022-08-25 23:47:02,514] {logging_mixin.py:115} INFO - [2022-08-25 23:47:02,514] {dag.py:2972} INFO - Setting next_dagrun for example_branch_dop_operator_v3 to 2022-08-25T23:46:00+00:00, run_after=2022-08-25T23:47:00+00:00
[2022-08-25 23:47:02,534] {processor.py:161} INFO - Processing /home/airflow/.local/lib/python3.7/site-packages/airflow/example_dags/example_branch_python_dop_operator_3.py took 0.115 seconds
[2022-08-25 23:47:33,655] {processor.py:153} INFO - Started process (PID=19597) to work on /home/airflow/.local/lib/python3.7/site-packages/airflow/example_dags/example_branch_python_dop_operator_3.py
[2022-08-25 23:47:33,657] {processor.py:641} INFO - Processing file /home/airflow/.local/lib/python3.7/site-packages/airflow/example_dags/example_branch_python_dop_operator_3.py for tasks to queue
[2022-08-25 23:47:33,658] {logging_mixin.py:115} INFO - [2022-08-25 23:47:33,658] {dagbag.py:508} INFO - Filling up the DagBag from /home/airflow/.local/lib/python3.7/site-packages/airflow/example_dags/example_branch_python_dop_operator_3.py
[2022-08-25 23:47:33,672] {processor.py:651} INFO - DAG(s) dict_keys(['example_branch_dop_operator_v3']) retrieved from /home/airflow/.local/lib/python3.7/site-packages/airflow/example_dags/example_branch_python_dop_operator_3.py
[2022-08-25 23:47:33,710] {logging_mixin.py:115} INFO - [2022-08-25 23:47:33,710] {dag.py:2420} INFO - Sync 1 DAGs
[2022-08-25 23:47:33,749] {logging_mixin.py:115} INFO - [2022-08-25 23:47:33,749] {dag.py:2972} INFO - Setting next_dagrun for example_branch_dop_operator_v3 to 2022-08-25T23:46:00+00:00, run_after=2022-08-25T23:47:00+00:00
[2022-08-25 23:47:33,764] {processor.py:161} INFO - Processing /home/airflow/.local/lib/python3.7/site-packages/airflow/example_dags/example_branch_python_dop_operator_3.py took 0.114 seconds
[2022-08-25 23:48:04,604] {processor.py:153} INFO - Started process (PID=19652) to work on /home/airflow/.local/lib/python3.7/site-packages/airflow/example_dags/example_branch_python_dop_operator_3.py
[2022-08-25 23:48:04,605] {processor.py:641} INFO - Processing file /home/airflow/.local/lib/python3.7/site-packages/airflow/example_dags/example_branch_python_dop_operator_3.py for tasks to queue
[2022-08-25 23:48:04,606] {logging_mixin.py:115} INFO - [2022-08-25 23:48:04,606] {dagbag.py:508} INFO - Filling up the DagBag from /home/airflow/.local/lib/python3.7/site-packages/airflow/example_dags/example_branch_python_dop_operator_3.py
[2022-08-25 23:48:04,619] {processor.py:651} INFO - DAG(s) dict_keys(['example_branch_dop_operator_v3']) retrieved from /home/airflow/.local/lib/python3.7/site-packages/airflow/example_dags/example_branch_python_dop_operator_3.py
[2022-08-25 23:48:04,660] {logging_mixin.py:115} INFO - [2022-08-25 23:48:04,659] {dag.py:2420} INFO - Sync 1 DAGs
[2022-08-25 23:48:04,696] {logging_mixin.py:115} INFO - [2022-08-25 23:48:04,696] {dag.py:2972} INFO - Setting next_dagrun for example_branch_dop_operator_v3 to 2022-08-25T23:47:00+00:00, run_after=2022-08-25T23:48:00+00:00
[2022-08-25 23:48:04,715] {processor.py:161} INFO - Processing /home/airflow/.local/lib/python3.7/site-packages/airflow/example_dags/example_branch_python_dop_operator_3.py took 0.116 seconds
[2022-08-25 23:48:35,985] {processor.py:153} INFO - Started process (PID=19717) to work on /home/airflow/.local/lib/python3.7/site-packages/airflow/example_dags/example_branch_python_dop_operator_3.py
[2022-08-25 23:48:35,986] {processor.py:641} INFO - Processing file /home/airflow/.local/lib/python3.7/site-packages/airflow/example_dags/example_branch_python_dop_operator_3.py for tasks to queue
[2022-08-25 23:48:35,988] {logging_mixin.py:115} INFO - [2022-08-25 23:48:35,987] {dagbag.py:508} INFO - Filling up the DagBag from /home/airflow/.local/lib/python3.7/site-packages/airflow/example_dags/example_branch_python_dop_operator_3.py
[2022-08-25 23:48:36,002] {processor.py:651} INFO - DAG(s) dict_keys(['example_branch_dop_operator_v3']) retrieved from /home/airflow/.local/lib/python3.7/site-packages/airflow/example_dags/example_branch_python_dop_operator_3.py
[2022-08-25 23:48:36,044] {logging_mixin.py:115} INFO - [2022-08-25 23:48:36,044] {dag.py:2420} INFO - Sync 1 DAGs
[2022-08-25 23:48:36,084] {logging_mixin.py:115} INFO - [2022-08-25 23:48:36,083] {dag.py:2972} INFO - Setting next_dagrun for example_branch_dop_operator_v3 to 2022-08-25T23:47:00+00:00, run_after=2022-08-25T23:48:00+00:00
[2022-08-25 23:48:36,100] {processor.py:161} INFO - Processing /home/airflow/.local/lib/python3.7/site-packages/airflow/example_dags/example_branch_python_dop_operator_3.py took 0.121 seconds
[2022-08-25 23:49:06,979] {processor.py:153} INFO - Started process (PID=19781) to work on /home/airflow/.local/lib/python3.7/site-packages/airflow/example_dags/example_branch_python_dop_operator_3.py
[2022-08-25 23:49:06,980] {processor.py:641} INFO - Processing file /home/airflow/.local/lib/python3.7/site-packages/airflow/example_dags/example_branch_python_dop_operator_3.py for tasks to queue
[2022-08-25 23:49:06,982] {logging_mixin.py:115} INFO - [2022-08-25 23:49:06,982] {dagbag.py:508} INFO - Filling up the DagBag from /home/airflow/.local/lib/python3.7/site-packages/airflow/example_dags/example_branch_python_dop_operator_3.py
[2022-08-25 23:49:07,002] {processor.py:651} INFO - DAG(s) dict_keys(['example_branch_dop_operator_v3']) retrieved from /home/airflow/.local/lib/python3.7/site-packages/airflow/example_dags/example_branch_python_dop_operator_3.py
[2022-08-25 23:49:07,056] {logging_mixin.py:115} INFO - [2022-08-25 23:49:07,056] {dag.py:2420} INFO - Sync 1 DAGs
[2022-08-25 23:49:07,108] {logging_mixin.py:115} INFO - [2022-08-25 23:49:07,108] {dag.py:2972} INFO - Setting next_dagrun for example_branch_dop_operator_v3 to 2022-08-25T23:48:00+00:00, run_after=2022-08-25T23:49:00+00:00
[2022-08-25 23:49:07,127] {processor.py:161} INFO - Processing /home/airflow/.local/lib/python3.7/site-packages/airflow/example_dags/example_branch_python_dop_operator_3.py took 0.153 seconds
[2022-08-25 23:49:38,081] {processor.py:153} INFO - Started process (PID=19836) to work on /home/airflow/.local/lib/python3.7/site-packages/airflow/example_dags/example_branch_python_dop_operator_3.py
[2022-08-25 23:49:38,083] {processor.py:641} INFO - Processing file /home/airflow/.local/lib/python3.7/site-packages/airflow/example_dags/example_branch_python_dop_operator_3.py for tasks to queue
[2022-08-25 23:49:38,085] {logging_mixin.py:115} INFO - [2022-08-25 23:49:38,085] {dagbag.py:508} INFO - Filling up the DagBag from /home/airflow/.local/lib/python3.7/site-packages/airflow/example_dags/example_branch_python_dop_operator_3.py
[2022-08-25 23:49:38,108] {processor.py:651} INFO - DAG(s) dict_keys(['example_branch_dop_operator_v3']) retrieved from /home/airflow/.local/lib/python3.7/site-packages/airflow/example_dags/example_branch_python_dop_operator_3.py
[2022-08-25 23:49:38,162] {logging_mixin.py:115} INFO - [2022-08-25 23:49:38,162] {dag.py:2420} INFO - Sync 1 DAGs
[2022-08-25 23:49:38,218] {logging_mixin.py:115} INFO - [2022-08-25 23:49:38,218] {dag.py:2972} INFO - Setting next_dagrun for example_branch_dop_operator_v3 to 2022-08-25T23:48:00+00:00, run_after=2022-08-25T23:49:00+00:00
[2022-08-25 23:49:38,236] {processor.py:161} INFO - Processing /home/airflow/.local/lib/python3.7/site-packages/airflow/example_dags/example_branch_python_dop_operator_3.py took 0.165 seconds
[2022-08-25 23:50:08,870] {processor.py:153} INFO - Started process (PID=19900) to work on /home/airflow/.local/lib/python3.7/site-packages/airflow/example_dags/example_branch_python_dop_operator_3.py
[2022-08-25 23:50:08,871] {processor.py:641} INFO - Processing file /home/airflow/.local/lib/python3.7/site-packages/airflow/example_dags/example_branch_python_dop_operator_3.py for tasks to queue
[2022-08-25 23:50:08,873] {logging_mixin.py:115} INFO - [2022-08-25 23:50:08,873] {dagbag.py:508} INFO - Filling up the DagBag from /home/airflow/.local/lib/python3.7/site-packages/airflow/example_dags/example_branch_python_dop_operator_3.py
[2022-08-25 23:50:08,896] {processor.py:651} INFO - DAG(s) dict_keys(['example_branch_dop_operator_v3']) retrieved from /home/airflow/.local/lib/python3.7/site-packages/airflow/example_dags/example_branch_python_dop_operator_3.py
[2022-08-25 23:50:08,938] {logging_mixin.py:115} INFO - [2022-08-25 23:50:08,938] {dag.py:2420} INFO - Sync 1 DAGs
[2022-08-25 23:50:08,973] {logging_mixin.py:115} INFO - [2022-08-25 23:50:08,973] {dag.py:2972} INFO - Setting next_dagrun for example_branch_dop_operator_v3 to 2022-08-25T23:49:00+00:00, run_after=2022-08-25T23:50:00+00:00
[2022-08-25 23:50:09,001] {processor.py:161} INFO - Processing /home/airflow/.local/lib/python3.7/site-packages/airflow/example_dags/example_branch_python_dop_operator_3.py took 0.136 seconds
[2022-08-25 23:50:39,309] {processor.py:153} INFO - Started process (PID=19962) to work on /home/airflow/.local/lib/python3.7/site-packages/airflow/example_dags/example_branch_python_dop_operator_3.py
[2022-08-25 23:50:39,311] {processor.py:641} INFO - Processing file /home/airflow/.local/lib/python3.7/site-packages/airflow/example_dags/example_branch_python_dop_operator_3.py for tasks to queue
[2022-08-25 23:50:39,313] {logging_mixin.py:115} INFO - [2022-08-25 23:50:39,313] {dagbag.py:508} INFO - Filling up the DagBag from /home/airflow/.local/lib/python3.7/site-packages/airflow/example_dags/example_branch_python_dop_operator_3.py
[2022-08-25 23:50:39,332] {processor.py:651} INFO - DAG(s) dict_keys(['example_branch_dop_operator_v3']) retrieved from /home/airflow/.local/lib/python3.7/site-packages/airflow/example_dags/example_branch_python_dop_operator_3.py
[2022-08-25 23:50:39,373] {logging_mixin.py:115} INFO - [2022-08-25 23:50:39,373] {dag.py:2420} INFO - Sync 1 DAGs
[2022-08-25 23:50:39,421] {logging_mixin.py:115} INFO - [2022-08-25 23:50:39,421] {dag.py:2972} INFO - Setting next_dagrun for example_branch_dop_operator_v3 to 2022-08-25T23:49:00+00:00, run_after=2022-08-25T23:50:00+00:00
[2022-08-25 23:50:39,439] {processor.py:161} INFO - Processing /home/airflow/.local/lib/python3.7/site-packages/airflow/example_dags/example_branch_python_dop_operator_3.py took 0.137 seconds
[2022-08-25 23:51:10,331] {processor.py:153} INFO - Started process (PID=20019) to work on /home/airflow/.local/lib/python3.7/site-packages/airflow/example_dags/example_branch_python_dop_operator_3.py
[2022-08-25 23:51:10,332] {processor.py:641} INFO - Processing file /home/airflow/.local/lib/python3.7/site-packages/airflow/example_dags/example_branch_python_dop_operator_3.py for tasks to queue
[2022-08-25 23:51:10,333] {logging_mixin.py:115} INFO - [2022-08-25 23:51:10,333] {dagbag.py:508} INFO - Filling up the DagBag from /home/airflow/.local/lib/python3.7/site-packages/airflow/example_dags/example_branch_python_dop_operator_3.py
[2022-08-25 23:51:10,349] {processor.py:651} INFO - DAG(s) dict_keys(['example_branch_dop_operator_v3']) retrieved from /home/airflow/.local/lib/python3.7/site-packages/airflow/example_dags/example_branch_python_dop_operator_3.py
[2022-08-25 23:51:10,385] {logging_mixin.py:115} INFO - [2022-08-25 23:51:10,385] {dag.py:2420} INFO - Sync 1 DAGs
[2022-08-25 23:51:10,420] {logging_mixin.py:115} INFO - [2022-08-25 23:51:10,420] {dag.py:2972} INFO - Setting next_dagrun for example_branch_dop_operator_v3 to 2022-08-25T23:50:00+00:00, run_after=2022-08-25T23:51:00+00:00
[2022-08-25 23:51:10,435] {processor.py:161} INFO - Processing /home/airflow/.local/lib/python3.7/site-packages/airflow/example_dags/example_branch_python_dop_operator_3.py took 0.110 seconds
[2022-08-25 23:51:40,519] {processor.py:153} INFO - Started process (PID=20084) to work on /home/airflow/.local/lib/python3.7/site-packages/airflow/example_dags/example_branch_python_dop_operator_3.py
[2022-08-25 23:51:40,520] {processor.py:641} INFO - Processing file /home/airflow/.local/lib/python3.7/site-packages/airflow/example_dags/example_branch_python_dop_operator_3.py for tasks to queue
[2022-08-25 23:51:40,521] {logging_mixin.py:115} INFO - [2022-08-25 23:51:40,521] {dagbag.py:508} INFO - Filling up the DagBag from /home/airflow/.local/lib/python3.7/site-packages/airflow/example_dags/example_branch_python_dop_operator_3.py
[2022-08-25 23:51:40,535] {processor.py:651} INFO - DAG(s) dict_keys(['example_branch_dop_operator_v3']) retrieved from /home/airflow/.local/lib/python3.7/site-packages/airflow/example_dags/example_branch_python_dop_operator_3.py
[2022-08-25 23:51:40,569] {logging_mixin.py:115} INFO - [2022-08-25 23:51:40,569] {dag.py:2420} INFO - Sync 1 DAGs
[2022-08-25 23:51:40,603] {logging_mixin.py:115} INFO - [2022-08-25 23:51:40,602] {dag.py:2972} INFO - Setting next_dagrun for example_branch_dop_operator_v3 to 2022-08-25T23:50:00+00:00, run_after=2022-08-25T23:51:00+00:00
[2022-08-25 23:51:40,620] {processor.py:161} INFO - Processing /home/airflow/.local/lib/python3.7/site-packages/airflow/example_dags/example_branch_python_dop_operator_3.py took 0.106 seconds
[2022-08-25 23:52:11,692] {processor.py:153} INFO - Started process (PID=20140) to work on /home/airflow/.local/lib/python3.7/site-packages/airflow/example_dags/example_branch_python_dop_operator_3.py
[2022-08-25 23:52:11,693] {processor.py:641} INFO - Processing file /home/airflow/.local/lib/python3.7/site-packages/airflow/example_dags/example_branch_python_dop_operator_3.py for tasks to queue
[2022-08-25 23:52:11,694] {logging_mixin.py:115} INFO - [2022-08-25 23:52:11,694] {dagbag.py:508} INFO - Filling up the DagBag from /home/airflow/.local/lib/python3.7/site-packages/airflow/example_dags/example_branch_python_dop_operator_3.py
[2022-08-25 23:52:11,711] {processor.py:651} INFO - DAG(s) dict_keys(['example_branch_dop_operator_v3']) retrieved from /home/airflow/.local/lib/python3.7/site-packages/airflow/example_dags/example_branch_python_dop_operator_3.py
[2022-08-25 23:52:11,753] {logging_mixin.py:115} INFO - [2022-08-25 23:52:11,753] {dag.py:2420} INFO - Sync 1 DAGs
[2022-08-25 23:52:11,793] {logging_mixin.py:115} INFO - [2022-08-25 23:52:11,793] {dag.py:2972} INFO - Setting next_dagrun for example_branch_dop_operator_v3 to 2022-08-25T23:51:00+00:00, run_after=2022-08-25T23:52:00+00:00
[2022-08-25 23:52:11,809] {processor.py:161} INFO - Processing /home/airflow/.local/lib/python3.7/site-packages/airflow/example_dags/example_branch_python_dop_operator_3.py took 0.123 seconds
[2022-08-25 23:52:42,546] {processor.py:153} INFO - Started process (PID=20205) to work on /home/airflow/.local/lib/python3.7/site-packages/airflow/example_dags/example_branch_python_dop_operator_3.py
[2022-08-25 23:52:42,547] {processor.py:641} INFO - Processing file /home/airflow/.local/lib/python3.7/site-packages/airflow/example_dags/example_branch_python_dop_operator_3.py for tasks to queue
[2022-08-25 23:52:42,549] {logging_mixin.py:115} INFO - [2022-08-25 23:52:42,548] {dagbag.py:508} INFO - Filling up the DagBag from /home/airflow/.local/lib/python3.7/site-packages/airflow/example_dags/example_branch_python_dop_operator_3.py
[2022-08-25 23:52:42,562] {processor.py:651} INFO - DAG(s) dict_keys(['example_branch_dop_operator_v3']) retrieved from /home/airflow/.local/lib/python3.7/site-packages/airflow/example_dags/example_branch_python_dop_operator_3.py
[2022-08-25 23:52:42,601] {logging_mixin.py:115} INFO - [2022-08-25 23:52:42,601] {dag.py:2420} INFO - Sync 1 DAGs
[2022-08-25 23:52:42,642] {logging_mixin.py:115} INFO - [2022-08-25 23:52:42,641] {dag.py:2972} INFO - Setting next_dagrun for example_branch_dop_operator_v3 to 2022-08-25T23:51:00+00:00, run_after=2022-08-25T23:52:00+00:00
[2022-08-25 23:52:42,675] {processor.py:161} INFO - Processing /home/airflow/.local/lib/python3.7/site-packages/airflow/example_dags/example_branch_python_dop_operator_3.py took 0.134 seconds
[2022-08-25 23:53:13,435] {processor.py:153} INFO - Started process (PID=20269) to work on /home/airflow/.local/lib/python3.7/site-packages/airflow/example_dags/example_branch_python_dop_operator_3.py
[2022-08-25 23:53:13,437] {processor.py:641} INFO - Processing file /home/airflow/.local/lib/python3.7/site-packages/airflow/example_dags/example_branch_python_dop_operator_3.py for tasks to queue
[2022-08-25 23:53:13,438] {logging_mixin.py:115} INFO - [2022-08-25 23:53:13,438] {dagbag.py:508} INFO - Filling up the DagBag from /home/airflow/.local/lib/python3.7/site-packages/airflow/example_dags/example_branch_python_dop_operator_3.py
[2022-08-25 23:53:13,452] {processor.py:651} INFO - DAG(s) dict_keys(['example_branch_dop_operator_v3']) retrieved from /home/airflow/.local/lib/python3.7/site-packages/airflow/example_dags/example_branch_python_dop_operator_3.py
[2022-08-25 23:53:13,489] {logging_mixin.py:115} INFO - [2022-08-25 23:53:13,488] {dag.py:2420} INFO - Sync 1 DAGs
[2022-08-25 23:53:13,525] {logging_mixin.py:115} INFO - [2022-08-25 23:53:13,525] {dag.py:2972} INFO - Setting next_dagrun for example_branch_dop_operator_v3 to 2022-08-25T23:52:00+00:00, run_after=2022-08-25T23:53:00+00:00
[2022-08-25 23:53:13,542] {processor.py:161} INFO - Processing /home/airflow/.local/lib/python3.7/site-packages/airflow/example_dags/example_branch_python_dop_operator_3.py took 0.113 seconds
[2022-08-25 23:53:44,408] {processor.py:153} INFO - Started process (PID=20324) to work on /home/airflow/.local/lib/python3.7/site-packages/airflow/example_dags/example_branch_python_dop_operator_3.py
[2022-08-25 23:53:44,410] {processor.py:641} INFO - Processing file /home/airflow/.local/lib/python3.7/site-packages/airflow/example_dags/example_branch_python_dop_operator_3.py for tasks to queue
[2022-08-25 23:53:44,411] {logging_mixin.py:115} INFO - [2022-08-25 23:53:44,411] {dagbag.py:508} INFO - Filling up the DagBag from /home/airflow/.local/lib/python3.7/site-packages/airflow/example_dags/example_branch_python_dop_operator_3.py
[2022-08-25 23:53:44,428] {processor.py:651} INFO - DAG(s) dict_keys(['example_branch_dop_operator_v3']) retrieved from /home/airflow/.local/lib/python3.7/site-packages/airflow/example_dags/example_branch_python_dop_operator_3.py
[2022-08-25 23:53:44,471] {logging_mixin.py:115} INFO - [2022-08-25 23:53:44,471] {dag.py:2420} INFO - Sync 1 DAGs
[2022-08-25 23:53:44,514] {logging_mixin.py:115} INFO - [2022-08-25 23:53:44,514] {dag.py:2972} INFO - Setting next_dagrun for example_branch_dop_operator_v3 to 2022-08-25T23:52:00+00:00, run_after=2022-08-25T23:53:00+00:00
[2022-08-25 23:53:44,530] {processor.py:161} INFO - Processing /home/airflow/.local/lib/python3.7/site-packages/airflow/example_dags/example_branch_python_dop_operator_3.py took 0.128 seconds
[2022-08-25 23:54:15,077] {processor.py:153} INFO - Started process (PID=20388) to work on /home/airflow/.local/lib/python3.7/site-packages/airflow/example_dags/example_branch_python_dop_operator_3.py
[2022-08-25 23:54:15,078] {processor.py:641} INFO - Processing file /home/airflow/.local/lib/python3.7/site-packages/airflow/example_dags/example_branch_python_dop_operator_3.py for tasks to queue
[2022-08-25 23:54:15,079] {logging_mixin.py:115} INFO - [2022-08-25 23:54:15,079] {dagbag.py:508} INFO - Filling up the DagBag from /home/airflow/.local/lib/python3.7/site-packages/airflow/example_dags/example_branch_python_dop_operator_3.py
[2022-08-25 23:54:15,094] {processor.py:651} INFO - DAG(s) dict_keys(['example_branch_dop_operator_v3']) retrieved from /home/airflow/.local/lib/python3.7/site-packages/airflow/example_dags/example_branch_python_dop_operator_3.py
[2022-08-25 23:54:15,130] {logging_mixin.py:115} INFO - [2022-08-25 23:54:15,130] {dag.py:2420} INFO - Sync 1 DAGs
[2022-08-25 23:54:15,164] {logging_mixin.py:115} INFO - [2022-08-25 23:54:15,164] {dag.py:2972} INFO - Setting next_dagrun for example_branch_dop_operator_v3 to 2022-08-25T23:53:00+00:00, run_after=2022-08-25T23:54:00+00:00
[2022-08-25 23:54:15,182] {processor.py:161} INFO - Processing /home/airflow/.local/lib/python3.7/site-packages/airflow/example_dags/example_branch_python_dop_operator_3.py took 0.109 seconds
[2022-08-25 23:54:45,918] {processor.py:153} INFO - Started process (PID=20452) to work on /home/airflow/.local/lib/python3.7/site-packages/airflow/example_dags/example_branch_python_dop_operator_3.py
[2022-08-25 23:54:45,919] {processor.py:641} INFO - Processing file /home/airflow/.local/lib/python3.7/site-packages/airflow/example_dags/example_branch_python_dop_operator_3.py for tasks to queue
[2022-08-25 23:54:45,920] {logging_mixin.py:115} INFO - [2022-08-25 23:54:45,920] {dagbag.py:508} INFO - Filling up the DagBag from /home/airflow/.local/lib/python3.7/site-packages/airflow/example_dags/example_branch_python_dop_operator_3.py
[2022-08-25 23:54:45,935] {processor.py:651} INFO - DAG(s) dict_keys(['example_branch_dop_operator_v3']) retrieved from /home/airflow/.local/lib/python3.7/site-packages/airflow/example_dags/example_branch_python_dop_operator_3.py
[2022-08-25 23:54:45,970] {logging_mixin.py:115} INFO - [2022-08-25 23:54:45,969] {dag.py:2420} INFO - Sync 1 DAGs
[2022-08-25 23:54:46,007] {logging_mixin.py:115} INFO - [2022-08-25 23:54:46,007] {dag.py:2972} INFO - Setting next_dagrun for example_branch_dop_operator_v3 to 2022-08-25T23:53:00+00:00, run_after=2022-08-25T23:54:00+00:00
[2022-08-25 23:54:46,023] {processor.py:161} INFO - Processing /home/airflow/.local/lib/python3.7/site-packages/airflow/example_dags/example_branch_python_dop_operator_3.py took 0.109 seconds
[2022-08-25 23:55:16,756] {processor.py:153} INFO - Started process (PID=20506) to work on /home/airflow/.local/lib/python3.7/site-packages/airflow/example_dags/example_branch_python_dop_operator_3.py
[2022-08-25 23:55:16,758] {processor.py:641} INFO - Processing file /home/airflow/.local/lib/python3.7/site-packages/airflow/example_dags/example_branch_python_dop_operator_3.py for tasks to queue
[2022-08-25 23:55:16,759] {logging_mixin.py:115} INFO - [2022-08-25 23:55:16,759] {dagbag.py:508} INFO - Filling up the DagBag from /home/airflow/.local/lib/python3.7/site-packages/airflow/example_dags/example_branch_python_dop_operator_3.py
[2022-08-25 23:55:16,773] {processor.py:651} INFO - DAG(s) dict_keys(['example_branch_dop_operator_v3']) retrieved from /home/airflow/.local/lib/python3.7/site-packages/airflow/example_dags/example_branch_python_dop_operator_3.py
[2022-08-25 23:55:16,808] {logging_mixin.py:115} INFO - [2022-08-25 23:55:16,808] {dag.py:2420} INFO - Sync 1 DAGs
[2022-08-25 23:55:16,843] {logging_mixin.py:115} INFO - [2022-08-25 23:55:16,843] {dag.py:2972} INFO - Setting next_dagrun for example_branch_dop_operator_v3 to 2022-08-25T23:54:00+00:00, run_after=2022-08-25T23:55:00+00:00
[2022-08-25 23:55:16,859] {processor.py:161} INFO - Processing /home/airflow/.local/lib/python3.7/site-packages/airflow/example_dags/example_branch_python_dop_operator_3.py took 0.107 seconds
[2022-08-25 23:55:47,407] {processor.py:153} INFO - Started process (PID=20569) to work on /home/airflow/.local/lib/python3.7/site-packages/airflow/example_dags/example_branch_python_dop_operator_3.py
[2022-08-25 23:55:47,408] {processor.py:641} INFO - Processing file /home/airflow/.local/lib/python3.7/site-packages/airflow/example_dags/example_branch_python_dop_operator_3.py for tasks to queue
[2022-08-25 23:55:47,410] {logging_mixin.py:115} INFO - [2022-08-25 23:55:47,410] {dagbag.py:508} INFO - Filling up the DagBag from /home/airflow/.local/lib/python3.7/site-packages/airflow/example_dags/example_branch_python_dop_operator_3.py
[2022-08-25 23:55:47,427] {processor.py:651} INFO - DAG(s) dict_keys(['example_branch_dop_operator_v3']) retrieved from /home/airflow/.local/lib/python3.7/site-packages/airflow/example_dags/example_branch_python_dop_operator_3.py
[2022-08-25 23:55:47,474] {logging_mixin.py:115} INFO - [2022-08-25 23:55:47,474] {dag.py:2420} INFO - Sync 1 DAGs
[2022-08-25 23:55:47,514] {logging_mixin.py:115} INFO - [2022-08-25 23:55:47,514] {dag.py:2972} INFO - Setting next_dagrun for example_branch_dop_operator_v3 to 2022-08-25T23:54:00+00:00, run_after=2022-08-25T23:55:00+00:00
[2022-08-25 23:55:47,530] {processor.py:161} INFO - Processing /home/airflow/.local/lib/python3.7/site-packages/airflow/example_dags/example_branch_python_dop_operator_3.py took 0.129 seconds
[2022-08-25 23:56:18,376] {processor.py:153} INFO - Started process (PID=20634) to work on /home/airflow/.local/lib/python3.7/site-packages/airflow/example_dags/example_branch_python_dop_operator_3.py
[2022-08-25 23:56:18,377] {processor.py:641} INFO - Processing file /home/airflow/.local/lib/python3.7/site-packages/airflow/example_dags/example_branch_python_dop_operator_3.py for tasks to queue
[2022-08-25 23:56:18,378] {logging_mixin.py:115} INFO - [2022-08-25 23:56:18,378] {dagbag.py:508} INFO - Filling up the DagBag from /home/airflow/.local/lib/python3.7/site-packages/airflow/example_dags/example_branch_python_dop_operator_3.py
[2022-08-25 23:56:18,392] {processor.py:651} INFO - DAG(s) dict_keys(['example_branch_dop_operator_v3']) retrieved from /home/airflow/.local/lib/python3.7/site-packages/airflow/example_dags/example_branch_python_dop_operator_3.py
[2022-08-25 23:56:18,427] {logging_mixin.py:115} INFO - [2022-08-25 23:56:18,427] {dag.py:2420} INFO - Sync 1 DAGs
[2022-08-25 23:56:18,463] {logging_mixin.py:115} INFO - [2022-08-25 23:56:18,463] {dag.py:2972} INFO - Setting next_dagrun for example_branch_dop_operator_v3 to 2022-08-25T23:55:00+00:00, run_after=2022-08-25T23:56:00+00:00
[2022-08-25 23:56:18,479] {processor.py:161} INFO - Processing /home/airflow/.local/lib/python3.7/site-packages/airflow/example_dags/example_branch_python_dop_operator_3.py took 0.107 seconds
[2022-08-25 23:56:49,161] {processor.py:153} INFO - Started process (PID=20689) to work on /home/airflow/.local/lib/python3.7/site-packages/airflow/example_dags/example_branch_python_dop_operator_3.py
[2022-08-25 23:56:49,163] {processor.py:641} INFO - Processing file /home/airflow/.local/lib/python3.7/site-packages/airflow/example_dags/example_branch_python_dop_operator_3.py for tasks to queue
[2022-08-25 23:56:49,164] {logging_mixin.py:115} INFO - [2022-08-25 23:56:49,164] {dagbag.py:508} INFO - Filling up the DagBag from /home/airflow/.local/lib/python3.7/site-packages/airflow/example_dags/example_branch_python_dop_operator_3.py
[2022-08-25 23:56:49,177] {processor.py:651} INFO - DAG(s) dict_keys(['example_branch_dop_operator_v3']) retrieved from /home/airflow/.local/lib/python3.7/site-packages/airflow/example_dags/example_branch_python_dop_operator_3.py
[2022-08-25 23:56:49,216] {logging_mixin.py:115} INFO - [2022-08-25 23:56:49,216] {dag.py:2420} INFO - Sync 1 DAGs
[2022-08-25 23:56:49,255] {logging_mixin.py:115} INFO - [2022-08-25 23:56:49,255] {dag.py:2972} INFO - Setting next_dagrun for example_branch_dop_operator_v3 to 2022-08-25T23:55:00+00:00, run_after=2022-08-25T23:56:00+00:00
[2022-08-25 23:56:49,272] {processor.py:161} INFO - Processing /home/airflow/.local/lib/python3.7/site-packages/airflow/example_dags/example_branch_python_dop_operator_3.py took 0.115 seconds
[2022-08-25 23:57:20,212] {processor.py:153} INFO - Started process (PID=20752) to work on /home/airflow/.local/lib/python3.7/site-packages/airflow/example_dags/example_branch_python_dop_operator_3.py
[2022-08-25 23:57:20,214] {processor.py:641} INFO - Processing file /home/airflow/.local/lib/python3.7/site-packages/airflow/example_dags/example_branch_python_dop_operator_3.py for tasks to queue
[2022-08-25 23:57:20,215] {logging_mixin.py:115} INFO - [2022-08-25 23:57:20,215] {dagbag.py:508} INFO - Filling up the DagBag from /home/airflow/.local/lib/python3.7/site-packages/airflow/example_dags/example_branch_python_dop_operator_3.py
[2022-08-25 23:57:20,240] {processor.py:651} INFO - DAG(s) dict_keys(['example_branch_dop_operator_v3']) retrieved from /home/airflow/.local/lib/python3.7/site-packages/airflow/example_dags/example_branch_python_dop_operator_3.py
[2022-08-25 23:57:20,287] {logging_mixin.py:115} INFO - [2022-08-25 23:57:20,286] {dag.py:2420} INFO - Sync 1 DAGs
[2022-08-25 23:57:20,326] {logging_mixin.py:115} INFO - [2022-08-25 23:57:20,326] {dag.py:2972} INFO - Setting next_dagrun for example_branch_dop_operator_v3 to 2022-08-25T23:56:00+00:00, run_after=2022-08-25T23:57:00+00:00
[2022-08-25 23:57:20,347] {processor.py:161} INFO - Processing /home/airflow/.local/lib/python3.7/site-packages/airflow/example_dags/example_branch_python_dop_operator_3.py took 0.141 seconds
[2022-08-25 23:57:51,148] {processor.py:153} INFO - Started process (PID=20816) to work on /home/airflow/.local/lib/python3.7/site-packages/airflow/example_dags/example_branch_python_dop_operator_3.py
[2022-08-25 23:57:51,149] {processor.py:641} INFO - Processing file /home/airflow/.local/lib/python3.7/site-packages/airflow/example_dags/example_branch_python_dop_operator_3.py for tasks to queue
[2022-08-25 23:57:51,150] {logging_mixin.py:115} INFO - [2022-08-25 23:57:51,150] {dagbag.py:508} INFO - Filling up the DagBag from /home/airflow/.local/lib/python3.7/site-packages/airflow/example_dags/example_branch_python_dop_operator_3.py
[2022-08-25 23:57:51,164] {processor.py:651} INFO - DAG(s) dict_keys(['example_branch_dop_operator_v3']) retrieved from /home/airflow/.local/lib/python3.7/site-packages/airflow/example_dags/example_branch_python_dop_operator_3.py
[2022-08-25 23:57:51,204] {logging_mixin.py:115} INFO - [2022-08-25 23:57:51,204] {dag.py:2420} INFO - Sync 1 DAGs
[2022-08-25 23:57:51,240] {logging_mixin.py:115} INFO - [2022-08-25 23:57:51,239] {dag.py:2972} INFO - Setting next_dagrun for example_branch_dop_operator_v3 to 2022-08-25T23:56:00+00:00, run_after=2022-08-25T23:57:00+00:00
[2022-08-25 23:57:51,256] {processor.py:161} INFO - Processing /home/airflow/.local/lib/python3.7/site-packages/airflow/example_dags/example_branch_python_dop_operator_3.py took 0.113 seconds
[2022-08-25 23:58:21,890] {processor.py:153} INFO - Started process (PID=20877) to work on /home/airflow/.local/lib/python3.7/site-packages/airflow/example_dags/example_branch_python_dop_operator_3.py
[2022-08-25 23:58:21,892] {processor.py:641} INFO - Processing file /home/airflow/.local/lib/python3.7/site-packages/airflow/example_dags/example_branch_python_dop_operator_3.py for tasks to queue
[2022-08-25 23:58:21,893] {logging_mixin.py:115} INFO - [2022-08-25 23:58:21,893] {dagbag.py:508} INFO - Filling up the DagBag from /home/airflow/.local/lib/python3.7/site-packages/airflow/example_dags/example_branch_python_dop_operator_3.py
[2022-08-25 23:58:21,908] {processor.py:651} INFO - DAG(s) dict_keys(['example_branch_dop_operator_v3']) retrieved from /home/airflow/.local/lib/python3.7/site-packages/airflow/example_dags/example_branch_python_dop_operator_3.py
[2022-08-25 23:58:21,943] {logging_mixin.py:115} INFO - [2022-08-25 23:58:21,943] {dag.py:2420} INFO - Sync 1 DAGs
[2022-08-25 23:58:21,978] {logging_mixin.py:115} INFO - [2022-08-25 23:58:21,978] {dag.py:2972} INFO - Setting next_dagrun for example_branch_dop_operator_v3 to 2022-08-25T23:57:00+00:00, run_after=2022-08-25T23:58:00+00:00
[2022-08-25 23:58:21,999] {processor.py:161} INFO - Processing /home/airflow/.local/lib/python3.7/site-packages/airflow/example_dags/example_branch_python_dop_operator_3.py took 0.113 seconds
[2022-08-25 23:58:52,701] {processor.py:153} INFO - Started process (PID=20934) to work on /home/airflow/.local/lib/python3.7/site-packages/airflow/example_dags/example_branch_python_dop_operator_3.py
[2022-08-25 23:58:52,703] {processor.py:641} INFO - Processing file /home/airflow/.local/lib/python3.7/site-packages/airflow/example_dags/example_branch_python_dop_operator_3.py for tasks to queue
[2022-08-25 23:58:52,704] {logging_mixin.py:115} INFO - [2022-08-25 23:58:52,704] {dagbag.py:508} INFO - Filling up the DagBag from /home/airflow/.local/lib/python3.7/site-packages/airflow/example_dags/example_branch_python_dop_operator_3.py
[2022-08-25 23:58:52,719] {processor.py:651} INFO - DAG(s) dict_keys(['example_branch_dop_operator_v3']) retrieved from /home/airflow/.local/lib/python3.7/site-packages/airflow/example_dags/example_branch_python_dop_operator_3.py
[2022-08-25 23:58:52,764] {logging_mixin.py:115} INFO - [2022-08-25 23:58:52,763] {dag.py:2420} INFO - Sync 1 DAGs
[2022-08-25 23:58:52,796] {logging_mixin.py:115} INFO - [2022-08-25 23:58:52,796] {dag.py:2972} INFO - Setting next_dagrun for example_branch_dop_operator_v3 to 2022-08-25T23:57:00+00:00, run_after=2022-08-25T23:58:00+00:00
[2022-08-25 23:58:52,810] {processor.py:161} INFO - Processing /home/airflow/.local/lib/python3.7/site-packages/airflow/example_dags/example_branch_python_dop_operator_3.py took 0.114 seconds
[2022-08-25 23:59:23,468] {processor.py:153} INFO - Started process (PID=20998) to work on /home/airflow/.local/lib/python3.7/site-packages/airflow/example_dags/example_branch_python_dop_operator_3.py
[2022-08-25 23:59:23,469] {processor.py:641} INFO - Processing file /home/airflow/.local/lib/python3.7/site-packages/airflow/example_dags/example_branch_python_dop_operator_3.py for tasks to queue
[2022-08-25 23:59:23,470] {logging_mixin.py:115} INFO - [2022-08-25 23:59:23,470] {dagbag.py:508} INFO - Filling up the DagBag from /home/airflow/.local/lib/python3.7/site-packages/airflow/example_dags/example_branch_python_dop_operator_3.py
[2022-08-25 23:59:23,484] {processor.py:651} INFO - DAG(s) dict_keys(['example_branch_dop_operator_v3']) retrieved from /home/airflow/.local/lib/python3.7/site-packages/airflow/example_dags/example_branch_python_dop_operator_3.py
[2022-08-25 23:59:23,519] {logging_mixin.py:115} INFO - [2022-08-25 23:59:23,519] {dag.py:2420} INFO - Sync 1 DAGs
[2022-08-25 23:59:23,553] {logging_mixin.py:115} INFO - [2022-08-25 23:59:23,553] {dag.py:2972} INFO - Setting next_dagrun for example_branch_dop_operator_v3 to 2022-08-25T23:58:00+00:00, run_after=2022-08-25T23:59:00+00:00
[2022-08-25 23:59:23,567] {processor.py:161} INFO - Processing /home/airflow/.local/lib/python3.7/site-packages/airflow/example_dags/example_branch_python_dop_operator_3.py took 0.104 seconds
[2022-08-25 23:59:54,482] {processor.py:153} INFO - Started process (PID=21062) to work on /home/airflow/.local/lib/python3.7/site-packages/airflow/example_dags/example_branch_python_dop_operator_3.py
[2022-08-25 23:59:54,483] {processor.py:641} INFO - Processing file /home/airflow/.local/lib/python3.7/site-packages/airflow/example_dags/example_branch_python_dop_operator_3.py for tasks to queue
[2022-08-25 23:59:54,485] {logging_mixin.py:115} INFO - [2022-08-25 23:59:54,485] {dagbag.py:508} INFO - Filling up the DagBag from /home/airflow/.local/lib/python3.7/site-packages/airflow/example_dags/example_branch_python_dop_operator_3.py
[2022-08-25 23:59:54,500] {processor.py:651} INFO - DAG(s) dict_keys(['example_branch_dop_operator_v3']) retrieved from /home/airflow/.local/lib/python3.7/site-packages/airflow/example_dags/example_branch_python_dop_operator_3.py
[2022-08-25 23:59:54,538] {logging_mixin.py:115} INFO - [2022-08-25 23:59:54,538] {dag.py:2420} INFO - Sync 1 DAGs
[2022-08-25 23:59:54,579] {logging_mixin.py:115} INFO - [2022-08-25 23:59:54,579] {dag.py:2972} INFO - Setting next_dagrun for example_branch_dop_operator_v3 to 2022-08-25T23:58:00+00:00, run_after=2022-08-25T23:59:00+00:00
[2022-08-25 23:59:54,602] {processor.py:161} INFO - Processing /home/airflow/.local/lib/python3.7/site-packages/airflow/example_dags/example_branch_python_dop_operator_3.py took 0.125 seconds
