[2022-08-25 00:14:52,622] {processor.py:153} INFO - Started process (PID=17150) to work on /home/airflow/.local/lib/python3.7/site-packages/airflow/example_dags/example_dag_decorator.py
[2022-08-25 00:14:52,650] {processor.py:641} INFO - Processing file /home/airflow/.local/lib/python3.7/site-packages/airflow/example_dags/example_dag_decorator.py for tasks to queue
[2022-08-25 00:14:52,658] {logging_mixin.py:115} INFO - [2022-08-25 00:14:52,657] {dagbag.py:508} INFO - Filling up the DagBag from /home/airflow/.local/lib/python3.7/site-packages/airflow/example_dags/example_dag_decorator.py
[2022-08-25 00:14:54,563] {processor.py:651} INFO - DAG(s) dict_keys(['example_dag_decorator']) retrieved from /home/airflow/.local/lib/python3.7/site-packages/airflow/example_dags/example_dag_decorator.py
[2022-08-25 00:15:00,756] {logging_mixin.py:115} INFO - [2022-08-25 00:15:00,755] {dag.py:2420} INFO - Sync 1 DAGs
[2022-08-25 00:15:02,109] {logging_mixin.py:115} INFO - [2022-08-25 00:15:02,108] {dag.py:2972} INFO - Setting next_dagrun for example_dag_decorator to None, run_after=None
[2022-08-25 00:15:02,782] {processor.py:161} INFO - Processing /home/airflow/.local/lib/python3.7/site-packages/airflow/example_dags/example_dag_decorator.py took 9.648 seconds
[2022-08-25 03:56:25,550] {processor.py:153} INFO - Started process (PID=17267) to work on /home/airflow/.local/lib/python3.7/site-packages/airflow/example_dags/example_dag_decorator.py
[2022-08-25 03:56:25,552] {processor.py:641} INFO - Processing file /home/airflow/.local/lib/python3.7/site-packages/airflow/example_dags/example_dag_decorator.py for tasks to queue
[2022-08-25 03:56:25,554] {logging_mixin.py:115} INFO - [2022-08-25 03:56:25,554] {dagbag.py:508} INFO - Filling up the DagBag from /home/airflow/.local/lib/python3.7/site-packages/airflow/example_dags/example_dag_decorator.py
[2022-08-25 03:56:25,889] {processor.py:651} INFO - DAG(s) dict_keys(['example_dag_decorator']) retrieved from /home/airflow/.local/lib/python3.7/site-packages/airflow/example_dags/example_dag_decorator.py
[2022-08-25 03:56:26,594] {logging_mixin.py:115} INFO - [2022-08-25 03:56:26,594] {dag.py:2420} INFO - Sync 1 DAGs
[2022-08-25 03:56:26,697] {logging_mixin.py:115} INFO - [2022-08-25 03:56:26,696] {dag.py:2972} INFO - Setting next_dagrun for example_dag_decorator to None, run_after=None
[2022-08-25 03:56:26,782] {processor.py:161} INFO - Processing /home/airflow/.local/lib/python3.7/site-packages/airflow/example_dags/example_dag_decorator.py took 1.262 seconds
[2022-08-25 13:27:27,401] {processor.py:153} INFO - Started process (PID=17351) to work on /home/airflow/.local/lib/python3.7/site-packages/airflow/example_dags/example_dag_decorator.py
[2022-08-25 13:27:27,409] {processor.py:641} INFO - Processing file /home/airflow/.local/lib/python3.7/site-packages/airflow/example_dags/example_dag_decorator.py for tasks to queue
[2022-08-25 13:27:27,415] {logging_mixin.py:115} INFO - [2022-08-25 13:27:27,414] {dagbag.py:508} INFO - Filling up the DagBag from /home/airflow/.local/lib/python3.7/site-packages/airflow/example_dags/example_dag_decorator.py
[2022-08-25 13:27:27,684] {processor.py:651} INFO - DAG(s) dict_keys(['example_dag_decorator']) retrieved from /home/airflow/.local/lib/python3.7/site-packages/airflow/example_dags/example_dag_decorator.py
[2022-08-25 13:27:31,740] {logging_mixin.py:115} INFO - [2022-08-25 13:27:31,740] {dag.py:2420} INFO - Sync 1 DAGs
[2022-08-25 13:27:32,338] {logging_mixin.py:115} INFO - [2022-08-25 13:27:32,330] {dag.py:2972} INFO - Setting next_dagrun for example_dag_decorator to None, run_after=None
[2022-08-25 13:27:32,869] {processor.py:161} INFO - Processing /home/airflow/.local/lib/python3.7/site-packages/airflow/example_dags/example_dag_decorator.py took 5.479 seconds
[2022-08-25 22:58:50,771] {processor.py:153} INFO - Started process (PID=17406) to work on /home/airflow/.local/lib/python3.7/site-packages/airflow/example_dags/example_dag_decorator.py
[2022-08-25 22:58:50,773] {processor.py:641} INFO - Processing file /home/airflow/.local/lib/python3.7/site-packages/airflow/example_dags/example_dag_decorator.py for tasks to queue
[2022-08-25 22:58:50,776] {logging_mixin.py:115} INFO - [2022-08-25 22:58:50,776] {dagbag.py:508} INFO - Filling up the DagBag from /home/airflow/.local/lib/python3.7/site-packages/airflow/example_dags/example_dag_decorator.py
[2022-08-25 22:58:50,837] {processor.py:651} INFO - DAG(s) dict_keys(['example_dag_decorator']) retrieved from /home/airflow/.local/lib/python3.7/site-packages/airflow/example_dags/example_dag_decorator.py
[2022-08-25 22:58:51,024] {logging_mixin.py:115} INFO - [2022-08-25 22:58:51,023] {dag.py:2420} INFO - Sync 1 DAGs
[2022-08-25 22:58:51,070] {logging_mixin.py:115} INFO - [2022-08-25 22:58:51,070] {dag.py:2972} INFO - Setting next_dagrun for example_dag_decorator to None, run_after=None
[2022-08-25 22:58:51,117] {processor.py:161} INFO - Processing /home/airflow/.local/lib/python3.7/site-packages/airflow/example_dags/example_dag_decorator.py took 0.354 seconds
[2022-08-25 23:29:40,787] {processor.py:153} INFO - Started process (PID=17455) to work on /home/airflow/.local/lib/python3.7/site-packages/airflow/example_dags/example_dag_decorator.py
[2022-08-25 23:29:40,796] {processor.py:641} INFO - Processing file /home/airflow/.local/lib/python3.7/site-packages/airflow/example_dags/example_dag_decorator.py for tasks to queue
[2022-08-25 23:29:40,798] {logging_mixin.py:115} INFO - [2022-08-25 23:29:40,798] {dagbag.py:508} INFO - Filling up the DagBag from /home/airflow/.local/lib/python3.7/site-packages/airflow/example_dags/example_dag_decorator.py
[2022-08-25 23:29:40,866] {processor.py:651} INFO - DAG(s) dict_keys(['example_dag_decorator']) retrieved from /home/airflow/.local/lib/python3.7/site-packages/airflow/example_dags/example_dag_decorator.py
[2022-08-25 23:29:41,068] {logging_mixin.py:115} INFO - [2022-08-25 23:29:41,068] {dag.py:2420} INFO - Sync 1 DAGs
[2022-08-25 23:29:41,128] {logging_mixin.py:115} INFO - [2022-08-25 23:29:41,128] {dag.py:2972} INFO - Setting next_dagrun for example_dag_decorator to None, run_after=None
[2022-08-25 23:29:41,153] {processor.py:161} INFO - Processing /home/airflow/.local/lib/python3.7/site-packages/airflow/example_dags/example_dag_decorator.py took 0.372 seconds
[2022-08-25 23:30:11,235] {processor.py:153} INFO - Started process (PID=17510) to work on /home/airflow/.local/lib/python3.7/site-packages/airflow/example_dags/example_dag_decorator.py
[2022-08-25 23:30:11,236] {processor.py:641} INFO - Processing file /home/airflow/.local/lib/python3.7/site-packages/airflow/example_dags/example_dag_decorator.py for tasks to queue
[2022-08-25 23:30:11,238] {logging_mixin.py:115} INFO - [2022-08-25 23:30:11,237] {dagbag.py:508} INFO - Filling up the DagBag from /home/airflow/.local/lib/python3.7/site-packages/airflow/example_dags/example_dag_decorator.py
[2022-08-25 23:30:11,267] {processor.py:651} INFO - DAG(s) dict_keys(['example_dag_decorator']) retrieved from /home/airflow/.local/lib/python3.7/site-packages/airflow/example_dags/example_dag_decorator.py
[2022-08-25 23:30:11,348] {logging_mixin.py:115} INFO - [2022-08-25 23:30:11,348] {dag.py:2420} INFO - Sync 1 DAGs
[2022-08-25 23:30:11,373] {logging_mixin.py:115} INFO - [2022-08-25 23:30:11,373] {dag.py:2972} INFO - Setting next_dagrun for example_dag_decorator to None, run_after=None
[2022-08-25 23:30:11,390] {processor.py:161} INFO - Processing /home/airflow/.local/lib/python3.7/site-packages/airflow/example_dags/example_dag_decorator.py took 0.160 seconds
[2022-08-25 23:30:41,434] {processor.py:153} INFO - Started process (PID=17575) to work on /home/airflow/.local/lib/python3.7/site-packages/airflow/example_dags/example_dag_decorator.py
[2022-08-25 23:30:41,436] {processor.py:641} INFO - Processing file /home/airflow/.local/lib/python3.7/site-packages/airflow/example_dags/example_dag_decorator.py for tasks to queue
[2022-08-25 23:30:41,437] {logging_mixin.py:115} INFO - [2022-08-25 23:30:41,437] {dagbag.py:508} INFO - Filling up the DagBag from /home/airflow/.local/lib/python3.7/site-packages/airflow/example_dags/example_dag_decorator.py
[2022-08-25 23:30:41,466] {processor.py:651} INFO - DAG(s) dict_keys(['example_dag_decorator']) retrieved from /home/airflow/.local/lib/python3.7/site-packages/airflow/example_dags/example_dag_decorator.py
[2022-08-25 23:30:41,544] {logging_mixin.py:115} INFO - [2022-08-25 23:30:41,544] {dag.py:2420} INFO - Sync 1 DAGs
[2022-08-25 23:30:41,568] {logging_mixin.py:115} INFO - [2022-08-25 23:30:41,568] {dag.py:2972} INFO - Setting next_dagrun for example_dag_decorator to None, run_after=None
[2022-08-25 23:30:41,585] {processor.py:161} INFO - Processing /home/airflow/.local/lib/python3.7/site-packages/airflow/example_dags/example_dag_decorator.py took 0.155 seconds
[2022-08-25 23:31:12,383] {processor.py:153} INFO - Started process (PID=17639) to work on /home/airflow/.local/lib/python3.7/site-packages/airflow/example_dags/example_dag_decorator.py
[2022-08-25 23:31:12,384] {processor.py:641} INFO - Processing file /home/airflow/.local/lib/python3.7/site-packages/airflow/example_dags/example_dag_decorator.py for tasks to queue
[2022-08-25 23:31:12,386] {logging_mixin.py:115} INFO - [2022-08-25 23:31:12,386] {dagbag.py:508} INFO - Filling up the DagBag from /home/airflow/.local/lib/python3.7/site-packages/airflow/example_dags/example_dag_decorator.py
[2022-08-25 23:31:12,417] {processor.py:651} INFO - DAG(s) dict_keys(['example_dag_decorator']) retrieved from /home/airflow/.local/lib/python3.7/site-packages/airflow/example_dags/example_dag_decorator.py
[2022-08-25 23:31:12,501] {logging_mixin.py:115} INFO - [2022-08-25 23:31:12,501] {dag.py:2420} INFO - Sync 1 DAGs
[2022-08-25 23:31:12,530] {logging_mixin.py:115} INFO - [2022-08-25 23:31:12,529] {dag.py:2972} INFO - Setting next_dagrun for example_dag_decorator to None, run_after=None
[2022-08-25 23:31:12,546] {processor.py:161} INFO - Processing /home/airflow/.local/lib/python3.7/site-packages/airflow/example_dags/example_dag_decorator.py took 0.167 seconds
[2022-08-25 23:31:42,985] {processor.py:153} INFO - Started process (PID=17694) to work on /home/airflow/.local/lib/python3.7/site-packages/airflow/example_dags/example_dag_decorator.py
[2022-08-25 23:31:42,986] {processor.py:641} INFO - Processing file /home/airflow/.local/lib/python3.7/site-packages/airflow/example_dags/example_dag_decorator.py for tasks to queue
[2022-08-25 23:31:42,988] {logging_mixin.py:115} INFO - [2022-08-25 23:31:42,988] {dagbag.py:508} INFO - Filling up the DagBag from /home/airflow/.local/lib/python3.7/site-packages/airflow/example_dags/example_dag_decorator.py
[2022-08-25 23:31:43,019] {processor.py:651} INFO - DAG(s) dict_keys(['example_dag_decorator']) retrieved from /home/airflow/.local/lib/python3.7/site-packages/airflow/example_dags/example_dag_decorator.py
[2022-08-25 23:31:43,050] {logging_mixin.py:115} INFO - [2022-08-25 23:31:43,050] {dag.py:2420} INFO - Sync 1 DAGs
[2022-08-25 23:31:43,076] {logging_mixin.py:115} INFO - [2022-08-25 23:31:43,076] {dag.py:2972} INFO - Setting next_dagrun for example_dag_decorator to None, run_after=None
[2022-08-25 23:31:43,096] {processor.py:161} INFO - Processing /home/airflow/.local/lib/python3.7/site-packages/airflow/example_dags/example_dag_decorator.py took 0.116 seconds
[2022-08-25 23:32:13,435] {processor.py:153} INFO - Started process (PID=17758) to work on /home/airflow/.local/lib/python3.7/site-packages/airflow/example_dags/example_dag_decorator.py
[2022-08-25 23:32:13,436] {processor.py:641} INFO - Processing file /home/airflow/.local/lib/python3.7/site-packages/airflow/example_dags/example_dag_decorator.py for tasks to queue
[2022-08-25 23:32:13,437] {logging_mixin.py:115} INFO - [2022-08-25 23:32:13,437] {dagbag.py:508} INFO - Filling up the DagBag from /home/airflow/.local/lib/python3.7/site-packages/airflow/example_dags/example_dag_decorator.py
[2022-08-25 23:32:13,465] {processor.py:651} INFO - DAG(s) dict_keys(['example_dag_decorator']) retrieved from /home/airflow/.local/lib/python3.7/site-packages/airflow/example_dags/example_dag_decorator.py
[2022-08-25 23:32:13,545] {logging_mixin.py:115} INFO - [2022-08-25 23:32:13,545] {dag.py:2420} INFO - Sync 1 DAGs
[2022-08-25 23:32:13,574] {logging_mixin.py:115} INFO - [2022-08-25 23:32:13,574] {dag.py:2972} INFO - Setting next_dagrun for example_dag_decorator to None, run_after=None
[2022-08-25 23:32:13,591] {processor.py:161} INFO - Processing /home/airflow/.local/lib/python3.7/site-packages/airflow/example_dags/example_dag_decorator.py took 0.161 seconds
[2022-08-25 23:32:43,975] {processor.py:153} INFO - Started process (PID=17822) to work on /home/airflow/.local/lib/python3.7/site-packages/airflow/example_dags/example_dag_decorator.py
[2022-08-25 23:32:43,977] {processor.py:641} INFO - Processing file /home/airflow/.local/lib/python3.7/site-packages/airflow/example_dags/example_dag_decorator.py for tasks to queue
[2022-08-25 23:32:43,978] {logging_mixin.py:115} INFO - [2022-08-25 23:32:43,978] {dagbag.py:508} INFO - Filling up the DagBag from /home/airflow/.local/lib/python3.7/site-packages/airflow/example_dags/example_dag_decorator.py
[2022-08-25 23:32:44,009] {processor.py:651} INFO - DAG(s) dict_keys(['example_dag_decorator']) retrieved from /home/airflow/.local/lib/python3.7/site-packages/airflow/example_dags/example_dag_decorator.py
[2022-08-25 23:32:44,042] {logging_mixin.py:115} INFO - [2022-08-25 23:32:44,042] {dag.py:2420} INFO - Sync 1 DAGs
[2022-08-25 23:32:44,068] {logging_mixin.py:115} INFO - [2022-08-25 23:32:44,068] {dag.py:2972} INFO - Setting next_dagrun for example_dag_decorator to None, run_after=None
[2022-08-25 23:32:44,085] {processor.py:161} INFO - Processing /home/airflow/.local/lib/python3.7/site-packages/airflow/example_dags/example_dag_decorator.py took 0.114 seconds
[2022-08-25 23:33:14,742] {processor.py:153} INFO - Started process (PID=17877) to work on /home/airflow/.local/lib/python3.7/site-packages/airflow/example_dags/example_dag_decorator.py
[2022-08-25 23:33:14,743] {processor.py:641} INFO - Processing file /home/airflow/.local/lib/python3.7/site-packages/airflow/example_dags/example_dag_decorator.py for tasks to queue
[2022-08-25 23:33:14,745] {logging_mixin.py:115} INFO - [2022-08-25 23:33:14,745] {dagbag.py:508} INFO - Filling up the DagBag from /home/airflow/.local/lib/python3.7/site-packages/airflow/example_dags/example_dag_decorator.py
[2022-08-25 23:33:14,776] {processor.py:651} INFO - DAG(s) dict_keys(['example_dag_decorator']) retrieved from /home/airflow/.local/lib/python3.7/site-packages/airflow/example_dags/example_dag_decorator.py
[2022-08-25 23:33:14,859] {logging_mixin.py:115} INFO - [2022-08-25 23:33:14,859] {dag.py:2420} INFO - Sync 1 DAGs
[2022-08-25 23:33:14,884] {logging_mixin.py:115} INFO - [2022-08-25 23:33:14,884] {dag.py:2972} INFO - Setting next_dagrun for example_dag_decorator to None, run_after=None
[2022-08-25 23:33:14,903] {processor.py:161} INFO - Processing /home/airflow/.local/lib/python3.7/site-packages/airflow/example_dags/example_dag_decorator.py took 0.165 seconds
[2022-08-25 23:33:45,569] {processor.py:153} INFO - Started process (PID=17941) to work on /home/airflow/.local/lib/python3.7/site-packages/airflow/example_dags/example_dag_decorator.py
[2022-08-25 23:33:45,570] {processor.py:641} INFO - Processing file /home/airflow/.local/lib/python3.7/site-packages/airflow/example_dags/example_dag_decorator.py for tasks to queue
[2022-08-25 23:33:45,571] {logging_mixin.py:115} INFO - [2022-08-25 23:33:45,571] {dagbag.py:508} INFO - Filling up the DagBag from /home/airflow/.local/lib/python3.7/site-packages/airflow/example_dags/example_dag_decorator.py
[2022-08-25 23:33:45,599] {processor.py:651} INFO - DAG(s) dict_keys(['example_dag_decorator']) retrieved from /home/airflow/.local/lib/python3.7/site-packages/airflow/example_dags/example_dag_decorator.py
[2022-08-25 23:33:45,692] {logging_mixin.py:115} INFO - [2022-08-25 23:33:45,691] {dag.py:2420} INFO - Sync 1 DAGs
[2022-08-25 23:33:45,715] {logging_mixin.py:115} INFO - [2022-08-25 23:33:45,715] {dag.py:2972} INFO - Setting next_dagrun for example_dag_decorator to None, run_after=None
[2022-08-25 23:33:45,730] {processor.py:161} INFO - Processing /home/airflow/.local/lib/python3.7/site-packages/airflow/example_dags/example_dag_decorator.py took 0.166 seconds
[2022-08-25 23:34:16,158] {processor.py:153} INFO - Started process (PID=18005) to work on /home/airflow/.local/lib/python3.7/site-packages/airflow/example_dags/example_dag_decorator.py
[2022-08-25 23:34:16,159] {processor.py:641} INFO - Processing file /home/airflow/.local/lib/python3.7/site-packages/airflow/example_dags/example_dag_decorator.py for tasks to queue
[2022-08-25 23:34:16,160] {logging_mixin.py:115} INFO - [2022-08-25 23:34:16,160] {dagbag.py:508} INFO - Filling up the DagBag from /home/airflow/.local/lib/python3.7/site-packages/airflow/example_dags/example_dag_decorator.py
[2022-08-25 23:34:16,204] {processor.py:651} INFO - DAG(s) dict_keys(['example_dag_decorator']) retrieved from /home/airflow/.local/lib/python3.7/site-packages/airflow/example_dags/example_dag_decorator.py
[2022-08-25 23:34:16,288] {logging_mixin.py:115} INFO - [2022-08-25 23:34:16,288] {dag.py:2420} INFO - Sync 1 DAGs
[2022-08-25 23:34:16,330] {logging_mixin.py:115} INFO - [2022-08-25 23:34:16,329] {dag.py:2972} INFO - Setting next_dagrun for example_dag_decorator to None, run_after=None
[2022-08-25 23:34:16,354] {processor.py:161} INFO - Processing /home/airflow/.local/lib/python3.7/site-packages/airflow/example_dags/example_dag_decorator.py took 0.201 seconds
[2022-08-25 23:34:47,097] {processor.py:153} INFO - Started process (PID=18061) to work on /home/airflow/.local/lib/python3.7/site-packages/airflow/example_dags/example_dag_decorator.py
[2022-08-25 23:34:47,099] {processor.py:641} INFO - Processing file /home/airflow/.local/lib/python3.7/site-packages/airflow/example_dags/example_dag_decorator.py for tasks to queue
[2022-08-25 23:34:47,100] {logging_mixin.py:115} INFO - [2022-08-25 23:34:47,100] {dagbag.py:508} INFO - Filling up the DagBag from /home/airflow/.local/lib/python3.7/site-packages/airflow/example_dags/example_dag_decorator.py
[2022-08-25 23:34:47,128] {processor.py:651} INFO - DAG(s) dict_keys(['example_dag_decorator']) retrieved from /home/airflow/.local/lib/python3.7/site-packages/airflow/example_dags/example_dag_decorator.py
[2022-08-25 23:34:47,207] {logging_mixin.py:115} INFO - [2022-08-25 23:34:47,207] {dag.py:2420} INFO - Sync 1 DAGs
[2022-08-25 23:34:47,230] {logging_mixin.py:115} INFO - [2022-08-25 23:34:47,230] {dag.py:2972} INFO - Setting next_dagrun for example_dag_decorator to None, run_after=None
[2022-08-25 23:34:47,247] {processor.py:161} INFO - Processing /home/airflow/.local/lib/python3.7/site-packages/airflow/example_dags/example_dag_decorator.py took 0.155 seconds
[2022-08-25 23:35:17,975] {processor.py:153} INFO - Started process (PID=18125) to work on /home/airflow/.local/lib/python3.7/site-packages/airflow/example_dags/example_dag_decorator.py
[2022-08-25 23:35:17,976] {processor.py:641} INFO - Processing file /home/airflow/.local/lib/python3.7/site-packages/airflow/example_dags/example_dag_decorator.py for tasks to queue
[2022-08-25 23:35:17,977] {logging_mixin.py:115} INFO - [2022-08-25 23:35:17,977] {dagbag.py:508} INFO - Filling up the DagBag from /home/airflow/.local/lib/python3.7/site-packages/airflow/example_dags/example_dag_decorator.py
[2022-08-25 23:35:18,012] {processor.py:651} INFO - DAG(s) dict_keys(['example_dag_decorator']) retrieved from /home/airflow/.local/lib/python3.7/site-packages/airflow/example_dags/example_dag_decorator.py
[2022-08-25 23:35:18,113] {logging_mixin.py:115} INFO - [2022-08-25 23:35:18,113] {dag.py:2420} INFO - Sync 1 DAGs
[2022-08-25 23:35:18,137] {logging_mixin.py:115} INFO - [2022-08-25 23:35:18,136] {dag.py:2972} INFO - Setting next_dagrun for example_dag_decorator to None, run_after=None
[2022-08-25 23:35:18,157] {processor.py:161} INFO - Processing /home/airflow/.local/lib/python3.7/site-packages/airflow/example_dags/example_dag_decorator.py took 0.187 seconds
[2022-08-25 23:35:48,537] {processor.py:153} INFO - Started process (PID=18189) to work on /home/airflow/.local/lib/python3.7/site-packages/airflow/example_dags/example_dag_decorator.py
[2022-08-25 23:35:48,538] {processor.py:641} INFO - Processing file /home/airflow/.local/lib/python3.7/site-packages/airflow/example_dags/example_dag_decorator.py for tasks to queue
[2022-08-25 23:35:48,540] {logging_mixin.py:115} INFO - [2022-08-25 23:35:48,540] {dagbag.py:508} INFO - Filling up the DagBag from /home/airflow/.local/lib/python3.7/site-packages/airflow/example_dags/example_dag_decorator.py
[2022-08-25 23:35:48,569] {processor.py:651} INFO - DAG(s) dict_keys(['example_dag_decorator']) retrieved from /home/airflow/.local/lib/python3.7/site-packages/airflow/example_dags/example_dag_decorator.py
[2022-08-25 23:35:48,650] {logging_mixin.py:115} INFO - [2022-08-25 23:35:48,650] {dag.py:2420} INFO - Sync 1 DAGs
[2022-08-25 23:35:48,675] {logging_mixin.py:115} INFO - [2022-08-25 23:35:48,675] {dag.py:2972} INFO - Setting next_dagrun for example_dag_decorator to None, run_after=None
[2022-08-25 23:35:48,698] {processor.py:161} INFO - Processing /home/airflow/.local/lib/python3.7/site-packages/airflow/example_dags/example_dag_decorator.py took 0.165 seconds
[2022-08-25 23:36:19,130] {processor.py:153} INFO - Started process (PID=18244) to work on /home/airflow/.local/lib/python3.7/site-packages/airflow/example_dags/example_dag_decorator.py
[2022-08-25 23:36:19,132] {processor.py:641} INFO - Processing file /home/airflow/.local/lib/python3.7/site-packages/airflow/example_dags/example_dag_decorator.py for tasks to queue
[2022-08-25 23:36:19,133] {logging_mixin.py:115} INFO - [2022-08-25 23:36:19,133] {dagbag.py:508} INFO - Filling up the DagBag from /home/airflow/.local/lib/python3.7/site-packages/airflow/example_dags/example_dag_decorator.py
[2022-08-25 23:36:19,162] {processor.py:651} INFO - DAG(s) dict_keys(['example_dag_decorator']) retrieved from /home/airflow/.local/lib/python3.7/site-packages/airflow/example_dags/example_dag_decorator.py
[2022-08-25 23:36:19,245] {logging_mixin.py:115} INFO - [2022-08-25 23:36:19,245] {dag.py:2420} INFO - Sync 1 DAGs
[2022-08-25 23:36:19,269] {logging_mixin.py:115} INFO - [2022-08-25 23:36:19,269] {dag.py:2972} INFO - Setting next_dagrun for example_dag_decorator to None, run_after=None
[2022-08-25 23:36:19,286] {processor.py:161} INFO - Processing /home/airflow/.local/lib/python3.7/site-packages/airflow/example_dags/example_dag_decorator.py took 0.160 seconds
[2022-08-25 23:36:49,729] {processor.py:153} INFO - Started process (PID=18309) to work on /home/airflow/.local/lib/python3.7/site-packages/airflow/example_dags/example_dag_decorator.py
[2022-08-25 23:36:49,731] {processor.py:641} INFO - Processing file /home/airflow/.local/lib/python3.7/site-packages/airflow/example_dags/example_dag_decorator.py for tasks to queue
[2022-08-25 23:36:49,732] {logging_mixin.py:115} INFO - [2022-08-25 23:36:49,732] {dagbag.py:508} INFO - Filling up the DagBag from /home/airflow/.local/lib/python3.7/site-packages/airflow/example_dags/example_dag_decorator.py
[2022-08-25 23:36:49,761] {processor.py:651} INFO - DAG(s) dict_keys(['example_dag_decorator']) retrieved from /home/airflow/.local/lib/python3.7/site-packages/airflow/example_dags/example_dag_decorator.py
[2022-08-25 23:36:49,841] {logging_mixin.py:115} INFO - [2022-08-25 23:36:49,841] {dag.py:2420} INFO - Sync 1 DAGs
[2022-08-25 23:36:49,866] {logging_mixin.py:115} INFO - [2022-08-25 23:36:49,866] {dag.py:2972} INFO - Setting next_dagrun for example_dag_decorator to None, run_after=None
[2022-08-25 23:36:49,883] {processor.py:161} INFO - Processing /home/airflow/.local/lib/python3.7/site-packages/airflow/example_dags/example_dag_decorator.py took 0.158 seconds
[2022-08-25 23:37:20,572] {processor.py:153} INFO - Started process (PID=18373) to work on /home/airflow/.local/lib/python3.7/site-packages/airflow/example_dags/example_dag_decorator.py
[2022-08-25 23:37:20,573] {processor.py:641} INFO - Processing file /home/airflow/.local/lib/python3.7/site-packages/airflow/example_dags/example_dag_decorator.py for tasks to queue
[2022-08-25 23:37:20,574] {logging_mixin.py:115} INFO - [2022-08-25 23:37:20,574] {dagbag.py:508} INFO - Filling up the DagBag from /home/airflow/.local/lib/python3.7/site-packages/airflow/example_dags/example_dag_decorator.py
[2022-08-25 23:37:20,603] {processor.py:651} INFO - DAG(s) dict_keys(['example_dag_decorator']) retrieved from /home/airflow/.local/lib/python3.7/site-packages/airflow/example_dags/example_dag_decorator.py
[2022-08-25 23:37:20,690] {logging_mixin.py:115} INFO - [2022-08-25 23:37:20,690] {dag.py:2420} INFO - Sync 1 DAGs
[2022-08-25 23:37:20,718] {logging_mixin.py:115} INFO - [2022-08-25 23:37:20,718] {dag.py:2972} INFO - Setting next_dagrun for example_dag_decorator to None, run_after=None
[2022-08-25 23:37:20,738] {processor.py:161} INFO - Processing /home/airflow/.local/lib/python3.7/site-packages/airflow/example_dags/example_dag_decorator.py took 0.171 seconds
[2022-08-25 23:37:51,231] {processor.py:153} INFO - Started process (PID=18428) to work on /home/airflow/.local/lib/python3.7/site-packages/airflow/example_dags/example_dag_decorator.py
[2022-08-25 23:37:51,234] {processor.py:641} INFO - Processing file /home/airflow/.local/lib/python3.7/site-packages/airflow/example_dags/example_dag_decorator.py for tasks to queue
[2022-08-25 23:37:51,236] {logging_mixin.py:115} INFO - [2022-08-25 23:37:51,236] {dagbag.py:508} INFO - Filling up the DagBag from /home/airflow/.local/lib/python3.7/site-packages/airflow/example_dags/example_dag_decorator.py
[2022-08-25 23:37:51,270] {processor.py:651} INFO - DAG(s) dict_keys(['example_dag_decorator']) retrieved from /home/airflow/.local/lib/python3.7/site-packages/airflow/example_dags/example_dag_decorator.py
[2022-08-25 23:37:51,418] {logging_mixin.py:115} INFO - [2022-08-25 23:37:51,418] {dag.py:2420} INFO - Sync 1 DAGs
[2022-08-25 23:37:51,466] {logging_mixin.py:115} INFO - [2022-08-25 23:37:51,465] {dag.py:2972} INFO - Setting next_dagrun for example_dag_decorator to None, run_after=None
[2022-08-25 23:37:51,503] {processor.py:161} INFO - Processing /home/airflow/.local/lib/python3.7/site-packages/airflow/example_dags/example_dag_decorator.py took 0.280 seconds
[2022-08-25 23:38:22,203] {processor.py:153} INFO - Started process (PID=18493) to work on /home/airflow/.local/lib/python3.7/site-packages/airflow/example_dags/example_dag_decorator.py
[2022-08-25 23:38:22,205] {processor.py:641} INFO - Processing file /home/airflow/.local/lib/python3.7/site-packages/airflow/example_dags/example_dag_decorator.py for tasks to queue
[2022-08-25 23:38:22,206] {logging_mixin.py:115} INFO - [2022-08-25 23:38:22,206] {dagbag.py:508} INFO - Filling up the DagBag from /home/airflow/.local/lib/python3.7/site-packages/airflow/example_dags/example_dag_decorator.py
[2022-08-25 23:38:22,241] {processor.py:651} INFO - DAG(s) dict_keys(['example_dag_decorator']) retrieved from /home/airflow/.local/lib/python3.7/site-packages/airflow/example_dags/example_dag_decorator.py
[2022-08-25 23:38:22,319] {logging_mixin.py:115} INFO - [2022-08-25 23:38:22,319] {dag.py:2420} INFO - Sync 1 DAGs
[2022-08-25 23:38:22,345] {logging_mixin.py:115} INFO - [2022-08-25 23:38:22,344] {dag.py:2972} INFO - Setting next_dagrun for example_dag_decorator to None, run_after=None
[2022-08-25 23:38:22,360] {processor.py:161} INFO - Processing /home/airflow/.local/lib/python3.7/site-packages/airflow/example_dags/example_dag_decorator.py took 0.163 seconds
[2022-08-25 23:38:53,002] {processor.py:153} INFO - Started process (PID=18557) to work on /home/airflow/.local/lib/python3.7/site-packages/airflow/example_dags/example_dag_decorator.py
[2022-08-25 23:38:53,004] {processor.py:641} INFO - Processing file /home/airflow/.local/lib/python3.7/site-packages/airflow/example_dags/example_dag_decorator.py for tasks to queue
[2022-08-25 23:38:53,007] {logging_mixin.py:115} INFO - [2022-08-25 23:38:53,007] {dagbag.py:508} INFO - Filling up the DagBag from /home/airflow/.local/lib/python3.7/site-packages/airflow/example_dags/example_dag_decorator.py
[2022-08-25 23:38:53,045] {processor.py:651} INFO - DAG(s) dict_keys(['example_dag_decorator']) retrieved from /home/airflow/.local/lib/python3.7/site-packages/airflow/example_dags/example_dag_decorator.py
[2022-08-25 23:38:53,176] {logging_mixin.py:115} INFO - [2022-08-25 23:38:53,175] {dag.py:2420} INFO - Sync 1 DAGs
[2022-08-25 23:38:53,243] {logging_mixin.py:115} INFO - [2022-08-25 23:38:53,242] {dag.py:2972} INFO - Setting next_dagrun for example_dag_decorator to None, run_after=None
[2022-08-25 23:38:53,266] {processor.py:161} INFO - Processing /home/airflow/.local/lib/python3.7/site-packages/airflow/example_dags/example_dag_decorator.py took 0.272 seconds
[2022-08-25 23:39:24,140] {processor.py:153} INFO - Started process (PID=18613) to work on /home/airflow/.local/lib/python3.7/site-packages/airflow/example_dags/example_dag_decorator.py
[2022-08-25 23:39:24,143] {processor.py:641} INFO - Processing file /home/airflow/.local/lib/python3.7/site-packages/airflow/example_dags/example_dag_decorator.py for tasks to queue
[2022-08-25 23:39:24,146] {logging_mixin.py:115} INFO - [2022-08-25 23:39:24,146] {dagbag.py:508} INFO - Filling up the DagBag from /home/airflow/.local/lib/python3.7/site-packages/airflow/example_dags/example_dag_decorator.py
[2022-08-25 23:39:24,215] {processor.py:651} INFO - DAG(s) dict_keys(['example_dag_decorator']) retrieved from /home/airflow/.local/lib/python3.7/site-packages/airflow/example_dags/example_dag_decorator.py
[2022-08-25 23:39:24,392] {logging_mixin.py:115} INFO - [2022-08-25 23:39:24,391] {dag.py:2420} INFO - Sync 1 DAGs
[2022-08-25 23:39:24,431] {logging_mixin.py:115} INFO - [2022-08-25 23:39:24,430] {dag.py:2972} INFO - Setting next_dagrun for example_dag_decorator to None, run_after=None
[2022-08-25 23:39:24,464] {processor.py:161} INFO - Processing /home/airflow/.local/lib/python3.7/site-packages/airflow/example_dags/example_dag_decorator.py took 0.337 seconds
[2022-08-25 23:39:54,904] {processor.py:153} INFO - Started process (PID=18679) to work on /home/airflow/.local/lib/python3.7/site-packages/airflow/example_dags/example_dag_decorator.py
[2022-08-25 23:39:54,906] {processor.py:641} INFO - Processing file /home/airflow/.local/lib/python3.7/site-packages/airflow/example_dags/example_dag_decorator.py for tasks to queue
[2022-08-25 23:39:54,907] {logging_mixin.py:115} INFO - [2022-08-25 23:39:54,907] {dagbag.py:508} INFO - Filling up the DagBag from /home/airflow/.local/lib/python3.7/site-packages/airflow/example_dags/example_dag_decorator.py
[2022-08-25 23:39:54,945] {processor.py:651} INFO - DAG(s) dict_keys(['example_dag_decorator']) retrieved from /home/airflow/.local/lib/python3.7/site-packages/airflow/example_dags/example_dag_decorator.py
[2022-08-25 23:39:55,058] {logging_mixin.py:115} INFO - [2022-08-25 23:39:55,058] {dag.py:2420} INFO - Sync 1 DAGs
[2022-08-25 23:39:55,086] {logging_mixin.py:115} INFO - [2022-08-25 23:39:55,086] {dag.py:2972} INFO - Setting next_dagrun for example_dag_decorator to None, run_after=None
[2022-08-25 23:39:55,116] {processor.py:161} INFO - Processing /home/airflow/.local/lib/python3.7/site-packages/airflow/example_dags/example_dag_decorator.py took 0.216 seconds
[2022-08-25 23:40:25,406] {processor.py:153} INFO - Started process (PID=18734) to work on /home/airflow/.local/lib/python3.7/site-packages/airflow/example_dags/example_dag_decorator.py
[2022-08-25 23:40:25,407] {processor.py:641} INFO - Processing file /home/airflow/.local/lib/python3.7/site-packages/airflow/example_dags/example_dag_decorator.py for tasks to queue
[2022-08-25 23:40:25,409] {logging_mixin.py:115} INFO - [2022-08-25 23:40:25,409] {dagbag.py:508} INFO - Filling up the DagBag from /home/airflow/.local/lib/python3.7/site-packages/airflow/example_dags/example_dag_decorator.py
[2022-08-25 23:40:25,449] {processor.py:651} INFO - DAG(s) dict_keys(['example_dag_decorator']) retrieved from /home/airflow/.local/lib/python3.7/site-packages/airflow/example_dags/example_dag_decorator.py
[2022-08-25 23:40:25,529] {logging_mixin.py:115} INFO - [2022-08-25 23:40:25,529] {dag.py:2420} INFO - Sync 1 DAGs
[2022-08-25 23:40:25,568] {logging_mixin.py:115} INFO - [2022-08-25 23:40:25,568] {dag.py:2972} INFO - Setting next_dagrun for example_dag_decorator to None, run_after=None
[2022-08-25 23:40:25,589] {processor.py:161} INFO - Processing /home/airflow/.local/lib/python3.7/site-packages/airflow/example_dags/example_dag_decorator.py took 0.188 seconds
[2022-08-25 23:40:55,790] {processor.py:153} INFO - Started process (PID=18798) to work on /home/airflow/.local/lib/python3.7/site-packages/airflow/example_dags/example_dag_decorator.py
[2022-08-25 23:40:55,791] {processor.py:641} INFO - Processing file /home/airflow/.local/lib/python3.7/site-packages/airflow/example_dags/example_dag_decorator.py for tasks to queue
[2022-08-25 23:40:55,793] {logging_mixin.py:115} INFO - [2022-08-25 23:40:55,792] {dagbag.py:508} INFO - Filling up the DagBag from /home/airflow/.local/lib/python3.7/site-packages/airflow/example_dags/example_dag_decorator.py
[2022-08-25 23:40:55,828] {processor.py:651} INFO - DAG(s) dict_keys(['example_dag_decorator']) retrieved from /home/airflow/.local/lib/python3.7/site-packages/airflow/example_dags/example_dag_decorator.py
[2022-08-25 23:40:55,864] {logging_mixin.py:115} INFO - [2022-08-25 23:40:55,864] {dag.py:2420} INFO - Sync 1 DAGs
[2022-08-25 23:40:55,890] {logging_mixin.py:115} INFO - [2022-08-25 23:40:55,890] {dag.py:2972} INFO - Setting next_dagrun for example_dag_decorator to None, run_after=None
[2022-08-25 23:40:55,907] {processor.py:161} INFO - Processing /home/airflow/.local/lib/python3.7/site-packages/airflow/example_dags/example_dag_decorator.py took 0.122 seconds
[2022-08-25 23:41:26,190] {processor.py:153} INFO - Started process (PID=18853) to work on /home/airflow/.local/lib/python3.7/site-packages/airflow/example_dags/example_dag_decorator.py
[2022-08-25 23:41:26,192] {processor.py:641} INFO - Processing file /home/airflow/.local/lib/python3.7/site-packages/airflow/example_dags/example_dag_decorator.py for tasks to queue
[2022-08-25 23:41:26,193] {logging_mixin.py:115} INFO - [2022-08-25 23:41:26,193] {dagbag.py:508} INFO - Filling up the DagBag from /home/airflow/.local/lib/python3.7/site-packages/airflow/example_dags/example_dag_decorator.py
[2022-08-25 23:41:26,224] {processor.py:651} INFO - DAG(s) dict_keys(['example_dag_decorator']) retrieved from /home/airflow/.local/lib/python3.7/site-packages/airflow/example_dags/example_dag_decorator.py
[2022-08-25 23:41:26,322] {logging_mixin.py:115} INFO - [2022-08-25 23:41:26,322] {dag.py:2420} INFO - Sync 1 DAGs
[2022-08-25 23:41:26,369] {logging_mixin.py:115} INFO - [2022-08-25 23:41:26,369] {dag.py:2972} INFO - Setting next_dagrun for example_dag_decorator to None, run_after=None
[2022-08-25 23:41:26,409] {processor.py:161} INFO - Processing /home/airflow/.local/lib/python3.7/site-packages/airflow/example_dags/example_dag_decorator.py took 0.223 seconds
[2022-08-25 23:41:58,060] {processor.py:153} INFO - Started process (PID=18917) to work on /home/airflow/.local/lib/python3.7/site-packages/airflow/example_dags/example_dag_decorator.py
[2022-08-25 23:41:58,062] {processor.py:641} INFO - Processing file /home/airflow/.local/lib/python3.7/site-packages/airflow/example_dags/example_dag_decorator.py for tasks to queue
[2022-08-25 23:41:58,065] {logging_mixin.py:115} INFO - [2022-08-25 23:41:58,064] {dagbag.py:508} INFO - Filling up the DagBag from /home/airflow/.local/lib/python3.7/site-packages/airflow/example_dags/example_dag_decorator.py
[2022-08-25 23:41:58,100] {processor.py:651} INFO - DAG(s) dict_keys(['example_dag_decorator']) retrieved from /home/airflow/.local/lib/python3.7/site-packages/airflow/example_dags/example_dag_decorator.py
[2022-08-25 23:41:58,134] {logging_mixin.py:115} INFO - [2022-08-25 23:41:58,134] {dag.py:2420} INFO - Sync 1 DAGs
[2022-08-25 23:41:58,161] {logging_mixin.py:115} INFO - [2022-08-25 23:41:58,161] {dag.py:2972} INFO - Setting next_dagrun for example_dag_decorator to None, run_after=None
[2022-08-25 23:41:58,183] {processor.py:161} INFO - Processing /home/airflow/.local/lib/python3.7/site-packages/airflow/example_dags/example_dag_decorator.py took 0.131 seconds
[2022-08-25 23:42:28,386] {processor.py:153} INFO - Started process (PID=18981) to work on /home/airflow/.local/lib/python3.7/site-packages/airflow/example_dags/example_dag_decorator.py
[2022-08-25 23:42:28,390] {processor.py:641} INFO - Processing file /home/airflow/.local/lib/python3.7/site-packages/airflow/example_dags/example_dag_decorator.py for tasks to queue
[2022-08-25 23:42:28,391] {logging_mixin.py:115} INFO - [2022-08-25 23:42:28,391] {dagbag.py:508} INFO - Filling up the DagBag from /home/airflow/.local/lib/python3.7/site-packages/airflow/example_dags/example_dag_decorator.py
[2022-08-25 23:42:28,435] {processor.py:651} INFO - DAG(s) dict_keys(['example_dag_decorator']) retrieved from /home/airflow/.local/lib/python3.7/site-packages/airflow/example_dags/example_dag_decorator.py
[2022-08-25 23:42:28,554] {logging_mixin.py:115} INFO - [2022-08-25 23:42:28,553] {dag.py:2420} INFO - Sync 1 DAGs
[2022-08-25 23:42:28,586] {logging_mixin.py:115} INFO - [2022-08-25 23:42:28,586] {dag.py:2972} INFO - Setting next_dagrun for example_dag_decorator to None, run_after=None
[2022-08-25 23:42:28,610] {processor.py:161} INFO - Processing /home/airflow/.local/lib/python3.7/site-packages/airflow/example_dags/example_dag_decorator.py took 0.232 seconds
[2022-08-25 23:42:58,833] {processor.py:153} INFO - Started process (PID=19036) to work on /home/airflow/.local/lib/python3.7/site-packages/airflow/example_dags/example_dag_decorator.py
[2022-08-25 23:42:58,834] {processor.py:641} INFO - Processing file /home/airflow/.local/lib/python3.7/site-packages/airflow/example_dags/example_dag_decorator.py for tasks to queue
[2022-08-25 23:42:58,836] {logging_mixin.py:115} INFO - [2022-08-25 23:42:58,835] {dagbag.py:508} INFO - Filling up the DagBag from /home/airflow/.local/lib/python3.7/site-packages/airflow/example_dags/example_dag_decorator.py
[2022-08-25 23:42:58,873] {processor.py:651} INFO - DAG(s) dict_keys(['example_dag_decorator']) retrieved from /home/airflow/.local/lib/python3.7/site-packages/airflow/example_dags/example_dag_decorator.py
[2022-08-25 23:42:58,990] {logging_mixin.py:115} INFO - [2022-08-25 23:42:58,990] {dag.py:2420} INFO - Sync 1 DAGs
[2022-08-25 23:42:59,047] {logging_mixin.py:115} INFO - [2022-08-25 23:42:59,047] {dag.py:2972} INFO - Setting next_dagrun for example_dag_decorator to None, run_after=None
[2022-08-25 23:42:59,081] {processor.py:161} INFO - Processing /home/airflow/.local/lib/python3.7/site-packages/airflow/example_dags/example_dag_decorator.py took 0.253 seconds
[2022-08-25 23:43:29,238] {processor.py:153} INFO - Started process (PID=19102) to work on /home/airflow/.local/lib/python3.7/site-packages/airflow/example_dags/example_dag_decorator.py
[2022-08-25 23:43:29,239] {processor.py:641} INFO - Processing file /home/airflow/.local/lib/python3.7/site-packages/airflow/example_dags/example_dag_decorator.py for tasks to queue
[2022-08-25 23:43:29,240] {logging_mixin.py:115} INFO - [2022-08-25 23:43:29,240] {dagbag.py:508} INFO - Filling up the DagBag from /home/airflow/.local/lib/python3.7/site-packages/airflow/example_dags/example_dag_decorator.py
[2022-08-25 23:43:29,274] {processor.py:651} INFO - DAG(s) dict_keys(['example_dag_decorator']) retrieved from /home/airflow/.local/lib/python3.7/site-packages/airflow/example_dags/example_dag_decorator.py
[2022-08-25 23:43:29,374] {logging_mixin.py:115} INFO - [2022-08-25 23:43:29,374] {dag.py:2420} INFO - Sync 1 DAGs
[2022-08-25 23:43:29,404] {logging_mixin.py:115} INFO - [2022-08-25 23:43:29,404] {dag.py:2972} INFO - Setting next_dagrun for example_dag_decorator to None, run_after=None
[2022-08-25 23:43:29,426] {processor.py:161} INFO - Processing /home/airflow/.local/lib/python3.7/site-packages/airflow/example_dags/example_dag_decorator.py took 0.194 seconds
[2022-08-25 23:43:59,723] {processor.py:153} INFO - Started process (PID=19163) to work on /home/airflow/.local/lib/python3.7/site-packages/airflow/example_dags/example_dag_decorator.py
[2022-08-25 23:43:59,724] {processor.py:641} INFO - Processing file /home/airflow/.local/lib/python3.7/site-packages/airflow/example_dags/example_dag_decorator.py for tasks to queue
[2022-08-25 23:43:59,726] {logging_mixin.py:115} INFO - [2022-08-25 23:43:59,726] {dagbag.py:508} INFO - Filling up the DagBag from /home/airflow/.local/lib/python3.7/site-packages/airflow/example_dags/example_dag_decorator.py
[2022-08-25 23:43:59,763] {processor.py:651} INFO - DAG(s) dict_keys(['example_dag_decorator']) retrieved from /home/airflow/.local/lib/python3.7/site-packages/airflow/example_dags/example_dag_decorator.py
[2022-08-25 23:43:59,876] {logging_mixin.py:115} INFO - [2022-08-25 23:43:59,876] {dag.py:2420} INFO - Sync 1 DAGs
[2022-08-25 23:43:59,922] {logging_mixin.py:115} INFO - [2022-08-25 23:43:59,922] {dag.py:2972} INFO - Setting next_dagrun for example_dag_decorator to None, run_after=None
[2022-08-25 23:43:59,958] {processor.py:161} INFO - Processing /home/airflow/.local/lib/python3.7/site-packages/airflow/example_dags/example_dag_decorator.py took 0.248 seconds
[2022-08-25 23:44:30,069] {processor.py:153} INFO - Started process (PID=19221) to work on /home/airflow/.local/lib/python3.7/site-packages/airflow/example_dags/example_dag_decorator.py
[2022-08-25 23:44:30,070] {processor.py:641} INFO - Processing file /home/airflow/.local/lib/python3.7/site-packages/airflow/example_dags/example_dag_decorator.py for tasks to queue
[2022-08-25 23:44:30,071] {logging_mixin.py:115} INFO - [2022-08-25 23:44:30,071] {dagbag.py:508} INFO - Filling up the DagBag from /home/airflow/.local/lib/python3.7/site-packages/airflow/example_dags/example_dag_decorator.py
[2022-08-25 23:44:30,116] {processor.py:651} INFO - DAG(s) dict_keys(['example_dag_decorator']) retrieved from /home/airflow/.local/lib/python3.7/site-packages/airflow/example_dags/example_dag_decorator.py
[2022-08-25 23:44:30,194] {logging_mixin.py:115} INFO - [2022-08-25 23:44:30,194] {dag.py:2420} INFO - Sync 1 DAGs
[2022-08-25 23:44:30,219] {logging_mixin.py:115} INFO - [2022-08-25 23:44:30,219] {dag.py:2972} INFO - Setting next_dagrun for example_dag_decorator to None, run_after=None
[2022-08-25 23:44:30,239] {processor.py:161} INFO - Processing /home/airflow/.local/lib/python3.7/site-packages/airflow/example_dags/example_dag_decorator.py took 0.175 seconds
[2022-08-25 23:45:00,476] {processor.py:153} INFO - Started process (PID=19286) to work on /home/airflow/.local/lib/python3.7/site-packages/airflow/example_dags/example_dag_decorator.py
[2022-08-25 23:45:00,477] {processor.py:641} INFO - Processing file /home/airflow/.local/lib/python3.7/site-packages/airflow/example_dags/example_dag_decorator.py for tasks to queue
[2022-08-25 23:45:00,478] {logging_mixin.py:115} INFO - [2022-08-25 23:45:00,478] {dagbag.py:508} INFO - Filling up the DagBag from /home/airflow/.local/lib/python3.7/site-packages/airflow/example_dags/example_dag_decorator.py
[2022-08-25 23:45:00,516] {processor.py:651} INFO - DAG(s) dict_keys(['example_dag_decorator']) retrieved from /home/airflow/.local/lib/python3.7/site-packages/airflow/example_dags/example_dag_decorator.py
[2022-08-25 23:45:00,605] {logging_mixin.py:115} INFO - [2022-08-25 23:45:00,605] {dag.py:2420} INFO - Sync 1 DAGs
[2022-08-25 23:45:00,635] {logging_mixin.py:115} INFO - [2022-08-25 23:45:00,635] {dag.py:2972} INFO - Setting next_dagrun for example_dag_decorator to None, run_after=None
[2022-08-25 23:45:00,661] {processor.py:161} INFO - Processing /home/airflow/.local/lib/python3.7/site-packages/airflow/example_dags/example_dag_decorator.py took 0.192 seconds
[2022-08-25 23:45:31,045] {processor.py:153} INFO - Started process (PID=19341) to work on /home/airflow/.local/lib/python3.7/site-packages/airflow/example_dags/example_dag_decorator.py
[2022-08-25 23:45:31,048] {processor.py:641} INFO - Processing file /home/airflow/.local/lib/python3.7/site-packages/airflow/example_dags/example_dag_decorator.py for tasks to queue
[2022-08-25 23:45:31,050] {logging_mixin.py:115} INFO - [2022-08-25 23:45:31,050] {dagbag.py:508} INFO - Filling up the DagBag from /home/airflow/.local/lib/python3.7/site-packages/airflow/example_dags/example_dag_decorator.py
[2022-08-25 23:45:31,104] {processor.py:651} INFO - DAG(s) dict_keys(['example_dag_decorator']) retrieved from /home/airflow/.local/lib/python3.7/site-packages/airflow/example_dags/example_dag_decorator.py
[2022-08-25 23:45:31,220] {logging_mixin.py:115} INFO - [2022-08-25 23:45:31,220] {dag.py:2420} INFO - Sync 1 DAGs
[2022-08-25 23:45:31,265] {logging_mixin.py:115} INFO - [2022-08-25 23:45:31,265] {dag.py:2972} INFO - Setting next_dagrun for example_dag_decorator to None, run_after=None
[2022-08-25 23:45:31,305] {processor.py:161} INFO - Processing /home/airflow/.local/lib/python3.7/site-packages/airflow/example_dags/example_dag_decorator.py took 0.268 seconds
[2022-08-25 23:46:01,500] {processor.py:153} INFO - Started process (PID=19406) to work on /home/airflow/.local/lib/python3.7/site-packages/airflow/example_dags/example_dag_decorator.py
[2022-08-25 23:46:01,501] {processor.py:641} INFO - Processing file /home/airflow/.local/lib/python3.7/site-packages/airflow/example_dags/example_dag_decorator.py for tasks to queue
[2022-08-25 23:46:01,502] {logging_mixin.py:115} INFO - [2022-08-25 23:46:01,502] {dagbag.py:508} INFO - Filling up the DagBag from /home/airflow/.local/lib/python3.7/site-packages/airflow/example_dags/example_dag_decorator.py
[2022-08-25 23:46:01,532] {processor.py:651} INFO - DAG(s) dict_keys(['example_dag_decorator']) retrieved from /home/airflow/.local/lib/python3.7/site-packages/airflow/example_dags/example_dag_decorator.py
[2022-08-25 23:46:01,614] {logging_mixin.py:115} INFO - [2022-08-25 23:46:01,614] {dag.py:2420} INFO - Sync 1 DAGs
[2022-08-25 23:46:01,638] {logging_mixin.py:115} INFO - [2022-08-25 23:46:01,638] {dag.py:2972} INFO - Setting next_dagrun for example_dag_decorator to None, run_after=None
[2022-08-25 23:46:01,659] {processor.py:161} INFO - Processing /home/airflow/.local/lib/python3.7/site-packages/airflow/example_dags/example_dag_decorator.py took 0.164 seconds
[2022-08-25 23:46:31,730] {processor.py:153} INFO - Started process (PID=19461) to work on /home/airflow/.local/lib/python3.7/site-packages/airflow/example_dags/example_dag_decorator.py
[2022-08-25 23:46:31,732] {processor.py:641} INFO - Processing file /home/airflow/.local/lib/python3.7/site-packages/airflow/example_dags/example_dag_decorator.py for tasks to queue
[2022-08-25 23:46:31,734] {logging_mixin.py:115} INFO - [2022-08-25 23:46:31,734] {dagbag.py:508} INFO - Filling up the DagBag from /home/airflow/.local/lib/python3.7/site-packages/airflow/example_dags/example_dag_decorator.py
[2022-08-25 23:46:31,763] {processor.py:651} INFO - DAG(s) dict_keys(['example_dag_decorator']) retrieved from /home/airflow/.local/lib/python3.7/site-packages/airflow/example_dags/example_dag_decorator.py
[2022-08-25 23:46:31,857] {logging_mixin.py:115} INFO - [2022-08-25 23:46:31,857] {dag.py:2420} INFO - Sync 1 DAGs
[2022-08-25 23:46:31,884] {logging_mixin.py:115} INFO - [2022-08-25 23:46:31,884] {dag.py:2972} INFO - Setting next_dagrun for example_dag_decorator to None, run_after=None
[2022-08-25 23:46:31,903] {processor.py:161} INFO - Processing /home/airflow/.local/lib/python3.7/site-packages/airflow/example_dags/example_dag_decorator.py took 0.178 seconds
[2022-08-25 23:47:02,180] {processor.py:153} INFO - Started process (PID=19527) to work on /home/airflow/.local/lib/python3.7/site-packages/airflow/example_dags/example_dag_decorator.py
[2022-08-25 23:47:02,182] {processor.py:641} INFO - Processing file /home/airflow/.local/lib/python3.7/site-packages/airflow/example_dags/example_dag_decorator.py for tasks to queue
[2022-08-25 23:47:02,184] {logging_mixin.py:115} INFO - [2022-08-25 23:47:02,183] {dagbag.py:508} INFO - Filling up the DagBag from /home/airflow/.local/lib/python3.7/site-packages/airflow/example_dags/example_dag_decorator.py
[2022-08-25 23:47:02,214] {processor.py:651} INFO - DAG(s) dict_keys(['example_dag_decorator']) retrieved from /home/airflow/.local/lib/python3.7/site-packages/airflow/example_dags/example_dag_decorator.py
[2022-08-25 23:47:02,298] {logging_mixin.py:115} INFO - [2022-08-25 23:47:02,298] {dag.py:2420} INFO - Sync 1 DAGs
[2022-08-25 23:47:02,322] {logging_mixin.py:115} INFO - [2022-08-25 23:47:02,322] {dag.py:2972} INFO - Setting next_dagrun for example_dag_decorator to None, run_after=None
[2022-08-25 23:47:02,345] {processor.py:161} INFO - Processing /home/airflow/.local/lib/python3.7/site-packages/airflow/example_dags/example_dag_decorator.py took 0.169 seconds
[2022-08-25 23:47:33,314] {processor.py:153} INFO - Started process (PID=19593) to work on /home/airflow/.local/lib/python3.7/site-packages/airflow/example_dags/example_dag_decorator.py
[2022-08-25 23:47:33,315] {processor.py:641} INFO - Processing file /home/airflow/.local/lib/python3.7/site-packages/airflow/example_dags/example_dag_decorator.py for tasks to queue
[2022-08-25 23:47:33,316] {logging_mixin.py:115} INFO - [2022-08-25 23:47:33,316] {dagbag.py:508} INFO - Filling up the DagBag from /home/airflow/.local/lib/python3.7/site-packages/airflow/example_dags/example_dag_decorator.py
[2022-08-25 23:47:33,349] {processor.py:651} INFO - DAG(s) dict_keys(['example_dag_decorator']) retrieved from /home/airflow/.local/lib/python3.7/site-packages/airflow/example_dags/example_dag_decorator.py
[2022-08-25 23:47:33,432] {logging_mixin.py:115} INFO - [2022-08-25 23:47:33,432] {dag.py:2420} INFO - Sync 1 DAGs
[2022-08-25 23:47:33,455] {logging_mixin.py:115} INFO - [2022-08-25 23:47:33,455] {dag.py:2972} INFO - Setting next_dagrun for example_dag_decorator to None, run_after=None
[2022-08-25 23:47:33,475] {processor.py:161} INFO - Processing /home/airflow/.local/lib/python3.7/site-packages/airflow/example_dags/example_dag_decorator.py took 0.165 seconds
[2022-08-25 23:48:04,266] {processor.py:153} INFO - Started process (PID=19648) to work on /home/airflow/.local/lib/python3.7/site-packages/airflow/example_dags/example_dag_decorator.py
[2022-08-25 23:48:04,268] {processor.py:641} INFO - Processing file /home/airflow/.local/lib/python3.7/site-packages/airflow/example_dags/example_dag_decorator.py for tasks to queue
[2022-08-25 23:48:04,269] {logging_mixin.py:115} INFO - [2022-08-25 23:48:04,269] {dagbag.py:508} INFO - Filling up the DagBag from /home/airflow/.local/lib/python3.7/site-packages/airflow/example_dags/example_dag_decorator.py
[2022-08-25 23:48:04,300] {processor.py:651} INFO - DAG(s) dict_keys(['example_dag_decorator']) retrieved from /home/airflow/.local/lib/python3.7/site-packages/airflow/example_dags/example_dag_decorator.py
[2022-08-25 23:48:04,394] {logging_mixin.py:115} INFO - [2022-08-25 23:48:04,394] {dag.py:2420} INFO - Sync 1 DAGs
[2022-08-25 23:48:04,417] {logging_mixin.py:115} INFO - [2022-08-25 23:48:04,417] {dag.py:2972} INFO - Setting next_dagrun for example_dag_decorator to None, run_after=None
[2022-08-25 23:48:04,437] {processor.py:161} INFO - Processing /home/airflow/.local/lib/python3.7/site-packages/airflow/example_dags/example_dag_decorator.py took 0.176 seconds
[2022-08-25 23:48:35,627] {processor.py:153} INFO - Started process (PID=19713) to work on /home/airflow/.local/lib/python3.7/site-packages/airflow/example_dags/example_dag_decorator.py
[2022-08-25 23:48:35,629] {processor.py:641} INFO - Processing file /home/airflow/.local/lib/python3.7/site-packages/airflow/example_dags/example_dag_decorator.py for tasks to queue
[2022-08-25 23:48:35,631] {logging_mixin.py:115} INFO - [2022-08-25 23:48:35,631] {dagbag.py:508} INFO - Filling up the DagBag from /home/airflow/.local/lib/python3.7/site-packages/airflow/example_dags/example_dag_decorator.py
[2022-08-25 23:48:35,669] {processor.py:651} INFO - DAG(s) dict_keys(['example_dag_decorator']) retrieved from /home/airflow/.local/lib/python3.7/site-packages/airflow/example_dags/example_dag_decorator.py
[2022-08-25 23:48:35,756] {logging_mixin.py:115} INFO - [2022-08-25 23:48:35,756] {dag.py:2420} INFO - Sync 1 DAGs
[2022-08-25 23:48:35,786] {logging_mixin.py:115} INFO - [2022-08-25 23:48:35,786] {dag.py:2972} INFO - Setting next_dagrun for example_dag_decorator to None, run_after=None
[2022-08-25 23:48:35,811] {processor.py:161} INFO - Processing /home/airflow/.local/lib/python3.7/site-packages/airflow/example_dags/example_dag_decorator.py took 0.192 seconds
[2022-08-25 23:49:06,522] {processor.py:153} INFO - Started process (PID=19777) to work on /home/airflow/.local/lib/python3.7/site-packages/airflow/example_dags/example_dag_decorator.py
[2022-08-25 23:49:06,524] {processor.py:641} INFO - Processing file /home/airflow/.local/lib/python3.7/site-packages/airflow/example_dags/example_dag_decorator.py for tasks to queue
[2022-08-25 23:49:06,525] {logging_mixin.py:115} INFO - [2022-08-25 23:49:06,525] {dagbag.py:508} INFO - Filling up the DagBag from /home/airflow/.local/lib/python3.7/site-packages/airflow/example_dags/example_dag_decorator.py
[2022-08-25 23:49:06,556] {processor.py:651} INFO - DAG(s) dict_keys(['example_dag_decorator']) retrieved from /home/airflow/.local/lib/python3.7/site-packages/airflow/example_dags/example_dag_decorator.py
[2022-08-25 23:49:06,645] {logging_mixin.py:115} INFO - [2022-08-25 23:49:06,645] {dag.py:2420} INFO - Sync 1 DAGs
[2022-08-25 23:49:06,673] {logging_mixin.py:115} INFO - [2022-08-25 23:49:06,673] {dag.py:2972} INFO - Setting next_dagrun for example_dag_decorator to None, run_after=None
[2022-08-25 23:49:06,699] {processor.py:161} INFO - Processing /home/airflow/.local/lib/python3.7/site-packages/airflow/example_dags/example_dag_decorator.py took 0.182 seconds
[2022-08-25 23:49:37,623] {processor.py:153} INFO - Started process (PID=19832) to work on /home/airflow/.local/lib/python3.7/site-packages/airflow/example_dags/example_dag_decorator.py
[2022-08-25 23:49:37,626] {processor.py:641} INFO - Processing file /home/airflow/.local/lib/python3.7/site-packages/airflow/example_dags/example_dag_decorator.py for tasks to queue
[2022-08-25 23:49:37,628] {logging_mixin.py:115} INFO - [2022-08-25 23:49:37,628] {dagbag.py:508} INFO - Filling up the DagBag from /home/airflow/.local/lib/python3.7/site-packages/airflow/example_dags/example_dag_decorator.py
[2022-08-25 23:49:37,674] {processor.py:651} INFO - DAG(s) dict_keys(['example_dag_decorator']) retrieved from /home/airflow/.local/lib/python3.7/site-packages/airflow/example_dags/example_dag_decorator.py
[2022-08-25 23:49:37,825] {logging_mixin.py:115} INFO - [2022-08-25 23:49:37,825] {dag.py:2420} INFO - Sync 1 DAGs
[2022-08-25 23:49:37,864] {logging_mixin.py:115} INFO - [2022-08-25 23:49:37,864] {dag.py:2972} INFO - Setting next_dagrun for example_dag_decorator to None, run_after=None
[2022-08-25 23:49:37,881] {processor.py:161} INFO - Processing /home/airflow/.local/lib/python3.7/site-packages/airflow/example_dags/example_dag_decorator.py took 0.265 seconds
[2022-08-25 23:50:08,555] {processor.py:153} INFO - Started process (PID=19896) to work on /home/airflow/.local/lib/python3.7/site-packages/airflow/example_dags/example_dag_decorator.py
[2022-08-25 23:50:08,557] {processor.py:641} INFO - Processing file /home/airflow/.local/lib/python3.7/site-packages/airflow/example_dags/example_dag_decorator.py for tasks to queue
[2022-08-25 23:50:08,558] {logging_mixin.py:115} INFO - [2022-08-25 23:50:08,558] {dagbag.py:508} INFO - Filling up the DagBag from /home/airflow/.local/lib/python3.7/site-packages/airflow/example_dags/example_dag_decorator.py
[2022-08-25 23:50:08,591] {processor.py:651} INFO - DAG(s) dict_keys(['example_dag_decorator']) retrieved from /home/airflow/.local/lib/python3.7/site-packages/airflow/example_dags/example_dag_decorator.py
[2022-08-25 23:50:08,675] {logging_mixin.py:115} INFO - [2022-08-25 23:50:08,675] {dag.py:2420} INFO - Sync 1 DAGs
[2022-08-25 23:50:08,713] {logging_mixin.py:115} INFO - [2022-08-25 23:50:08,713] {dag.py:2972} INFO - Setting next_dagrun for example_dag_decorator to None, run_after=None
[2022-08-25 23:50:08,732] {processor.py:161} INFO - Processing /home/airflow/.local/lib/python3.7/site-packages/airflow/example_dags/example_dag_decorator.py took 0.182 seconds
[2022-08-25 23:50:39,131] {processor.py:153} INFO - Started process (PID=19959) to work on /home/airflow/.local/lib/python3.7/site-packages/airflow/example_dags/example_dag_decorator.py
[2022-08-25 23:50:39,133] {processor.py:641} INFO - Processing file /home/airflow/.local/lib/python3.7/site-packages/airflow/example_dags/example_dag_decorator.py for tasks to queue
[2022-08-25 23:50:39,135] {logging_mixin.py:115} INFO - [2022-08-25 23:50:39,135] {dagbag.py:508} INFO - Filling up the DagBag from /home/airflow/.local/lib/python3.7/site-packages/airflow/example_dags/example_dag_decorator.py
[2022-08-25 23:50:39,170] {processor.py:651} INFO - DAG(s) dict_keys(['example_dag_decorator']) retrieved from /home/airflow/.local/lib/python3.7/site-packages/airflow/example_dags/example_dag_decorator.py
[2022-08-25 23:50:39,208] {logging_mixin.py:115} INFO - [2022-08-25 23:50:39,208] {dag.py:2420} INFO - Sync 1 DAGs
[2022-08-25 23:50:39,249] {logging_mixin.py:115} INFO - [2022-08-25 23:50:39,248] {dag.py:2972} INFO - Setting next_dagrun for example_dag_decorator to None, run_after=None
[2022-08-25 23:50:39,271] {processor.py:161} INFO - Processing /home/airflow/.local/lib/python3.7/site-packages/airflow/example_dags/example_dag_decorator.py took 0.148 seconds
[2022-08-25 23:51:09,971] {processor.py:153} INFO - Started process (PID=20015) to work on /home/airflow/.local/lib/python3.7/site-packages/airflow/example_dags/example_dag_decorator.py
[2022-08-25 23:51:09,973] {processor.py:641} INFO - Processing file /home/airflow/.local/lib/python3.7/site-packages/airflow/example_dags/example_dag_decorator.py for tasks to queue
[2022-08-25 23:51:09,975] {logging_mixin.py:115} INFO - [2022-08-25 23:51:09,975] {dagbag.py:508} INFO - Filling up the DagBag from /home/airflow/.local/lib/python3.7/site-packages/airflow/example_dags/example_dag_decorator.py
[2022-08-25 23:51:10,014] {processor.py:651} INFO - DAG(s) dict_keys(['example_dag_decorator']) retrieved from /home/airflow/.local/lib/python3.7/site-packages/airflow/example_dags/example_dag_decorator.py
[2022-08-25 23:51:10,116] {logging_mixin.py:115} INFO - [2022-08-25 23:51:10,115] {dag.py:2420} INFO - Sync 1 DAGs
[2022-08-25 23:51:10,144] {logging_mixin.py:115} INFO - [2022-08-25 23:51:10,144] {dag.py:2972} INFO - Setting next_dagrun for example_dag_decorator to None, run_after=None
[2022-08-25 23:51:10,164] {processor.py:161} INFO - Processing /home/airflow/.local/lib/python3.7/site-packages/airflow/example_dags/example_dag_decorator.py took 0.203 seconds
[2022-08-25 23:51:40,242] {processor.py:153} INFO - Started process (PID=20081) to work on /home/airflow/.local/lib/python3.7/site-packages/airflow/example_dags/example_dag_decorator.py
[2022-08-25 23:51:40,244] {processor.py:641} INFO - Processing file /home/airflow/.local/lib/python3.7/site-packages/airflow/example_dags/example_dag_decorator.py for tasks to queue
[2022-08-25 23:51:40,245] {logging_mixin.py:115} INFO - [2022-08-25 23:51:40,245] {dagbag.py:508} INFO - Filling up the DagBag from /home/airflow/.local/lib/python3.7/site-packages/airflow/example_dags/example_dag_decorator.py
[2022-08-25 23:51:40,285] {processor.py:651} INFO - DAG(s) dict_keys(['example_dag_decorator']) retrieved from /home/airflow/.local/lib/python3.7/site-packages/airflow/example_dags/example_dag_decorator.py
[2022-08-25 23:51:40,393] {logging_mixin.py:115} INFO - [2022-08-25 23:51:40,393] {dag.py:2420} INFO - Sync 1 DAGs
[2022-08-25 23:51:40,429] {logging_mixin.py:115} INFO - [2022-08-25 23:51:40,429] {dag.py:2972} INFO - Setting next_dagrun for example_dag_decorator to None, run_after=None
[2022-08-25 23:51:40,445] {processor.py:161} INFO - Processing /home/airflow/.local/lib/python3.7/site-packages/airflow/example_dags/example_dag_decorator.py took 0.212 seconds
[2022-08-25 23:52:11,432] {processor.py:153} INFO - Started process (PID=20136) to work on /home/airflow/.local/lib/python3.7/site-packages/airflow/example_dags/example_dag_decorator.py
[2022-08-25 23:52:11,435] {processor.py:641} INFO - Processing file /home/airflow/.local/lib/python3.7/site-packages/airflow/example_dags/example_dag_decorator.py for tasks to queue
[2022-08-25 23:52:11,437] {logging_mixin.py:115} INFO - [2022-08-25 23:52:11,436] {dagbag.py:508} INFO - Filling up the DagBag from /home/airflow/.local/lib/python3.7/site-packages/airflow/example_dags/example_dag_decorator.py
[2022-08-25 23:52:11,479] {processor.py:651} INFO - DAG(s) dict_keys(['example_dag_decorator']) retrieved from /home/airflow/.local/lib/python3.7/site-packages/airflow/example_dags/example_dag_decorator.py
[2022-08-25 23:52:11,561] {logging_mixin.py:115} INFO - [2022-08-25 23:52:11,561] {dag.py:2420} INFO - Sync 1 DAGs
[2022-08-25 23:52:11,588] {logging_mixin.py:115} INFO - [2022-08-25 23:52:11,587] {dag.py:2972} INFO - Setting next_dagrun for example_dag_decorator to None, run_after=None
[2022-08-25 23:52:11,604] {processor.py:161} INFO - Processing /home/airflow/.local/lib/python3.7/site-packages/airflow/example_dags/example_dag_decorator.py took 0.179 seconds
[2022-08-25 23:52:42,214] {processor.py:153} INFO - Started process (PID=20201) to work on /home/airflow/.local/lib/python3.7/site-packages/airflow/example_dags/example_dag_decorator.py
[2022-08-25 23:52:42,215] {processor.py:641} INFO - Processing file /home/airflow/.local/lib/python3.7/site-packages/airflow/example_dags/example_dag_decorator.py for tasks to queue
[2022-08-25 23:52:42,216] {logging_mixin.py:115} INFO - [2022-08-25 23:52:42,216] {dagbag.py:508} INFO - Filling up the DagBag from /home/airflow/.local/lib/python3.7/site-packages/airflow/example_dags/example_dag_decorator.py
[2022-08-25 23:52:42,253] {processor.py:651} INFO - DAG(s) dict_keys(['example_dag_decorator']) retrieved from /home/airflow/.local/lib/python3.7/site-packages/airflow/example_dags/example_dag_decorator.py
[2022-08-25 23:52:42,345] {logging_mixin.py:115} INFO - [2022-08-25 23:52:42,345] {dag.py:2420} INFO - Sync 1 DAGs
[2022-08-25 23:52:42,371] {logging_mixin.py:115} INFO - [2022-08-25 23:52:42,370] {dag.py:2972} INFO - Setting next_dagrun for example_dag_decorator to None, run_after=None
[2022-08-25 23:52:42,390] {processor.py:161} INFO - Processing /home/airflow/.local/lib/python3.7/site-packages/airflow/example_dags/example_dag_decorator.py took 0.181 seconds
[2022-08-25 23:53:13,071] {processor.py:153} INFO - Started process (PID=20265) to work on /home/airflow/.local/lib/python3.7/site-packages/airflow/example_dags/example_dag_decorator.py
[2022-08-25 23:53:13,072] {processor.py:641} INFO - Processing file /home/airflow/.local/lib/python3.7/site-packages/airflow/example_dags/example_dag_decorator.py for tasks to queue
[2022-08-25 23:53:13,073] {logging_mixin.py:115} INFO - [2022-08-25 23:53:13,073] {dagbag.py:508} INFO - Filling up the DagBag from /home/airflow/.local/lib/python3.7/site-packages/airflow/example_dags/example_dag_decorator.py
[2022-08-25 23:53:13,108] {processor.py:651} INFO - DAG(s) dict_keys(['example_dag_decorator']) retrieved from /home/airflow/.local/lib/python3.7/site-packages/airflow/example_dags/example_dag_decorator.py
[2022-08-25 23:53:13,201] {logging_mixin.py:115} INFO - [2022-08-25 23:53:13,201] {dag.py:2420} INFO - Sync 1 DAGs
[2022-08-25 23:53:13,232] {logging_mixin.py:115} INFO - [2022-08-25 23:53:13,232] {dag.py:2972} INFO - Setting next_dagrun for example_dag_decorator to None, run_after=None
[2022-08-25 23:53:13,256] {processor.py:161} INFO - Processing /home/airflow/.local/lib/python3.7/site-packages/airflow/example_dags/example_dag_decorator.py took 0.190 seconds
[2022-08-25 23:53:44,012] {processor.py:153} INFO - Started process (PID=20320) to work on /home/airflow/.local/lib/python3.7/site-packages/airflow/example_dags/example_dag_decorator.py
[2022-08-25 23:53:44,014] {processor.py:641} INFO - Processing file /home/airflow/.local/lib/python3.7/site-packages/airflow/example_dags/example_dag_decorator.py for tasks to queue
[2022-08-25 23:53:44,016] {logging_mixin.py:115} INFO - [2022-08-25 23:53:44,016] {dagbag.py:508} INFO - Filling up the DagBag from /home/airflow/.local/lib/python3.7/site-packages/airflow/example_dags/example_dag_decorator.py
[2022-08-25 23:53:44,058] {processor.py:651} INFO - DAG(s) dict_keys(['example_dag_decorator']) retrieved from /home/airflow/.local/lib/python3.7/site-packages/airflow/example_dags/example_dag_decorator.py
[2022-08-25 23:53:44,167] {logging_mixin.py:115} INFO - [2022-08-25 23:53:44,167] {dag.py:2420} INFO - Sync 1 DAGs
[2022-08-25 23:53:44,199] {logging_mixin.py:115} INFO - [2022-08-25 23:53:44,199] {dag.py:2972} INFO - Setting next_dagrun for example_dag_decorator to None, run_after=None
[2022-08-25 23:53:44,218] {processor.py:161} INFO - Processing /home/airflow/.local/lib/python3.7/site-packages/airflow/example_dags/example_dag_decorator.py took 0.211 seconds
[2022-08-25 23:54:14,771] {processor.py:153} INFO - Started process (PID=20384) to work on /home/airflow/.local/lib/python3.7/site-packages/airflow/example_dags/example_dag_decorator.py
[2022-08-25 23:54:14,772] {processor.py:641} INFO - Processing file /home/airflow/.local/lib/python3.7/site-packages/airflow/example_dags/example_dag_decorator.py for tasks to queue
[2022-08-25 23:54:14,774] {logging_mixin.py:115} INFO - [2022-08-25 23:54:14,773] {dagbag.py:508} INFO - Filling up the DagBag from /home/airflow/.local/lib/python3.7/site-packages/airflow/example_dags/example_dag_decorator.py
[2022-08-25 23:54:14,810] {processor.py:651} INFO - DAG(s) dict_keys(['example_dag_decorator']) retrieved from /home/airflow/.local/lib/python3.7/site-packages/airflow/example_dags/example_dag_decorator.py
[2022-08-25 23:54:14,849] {logging_mixin.py:115} INFO - [2022-08-25 23:54:14,849] {dag.py:2420} INFO - Sync 1 DAGs
[2022-08-25 23:54:14,886] {logging_mixin.py:115} INFO - [2022-08-25 23:54:14,886] {dag.py:2972} INFO - Setting next_dagrun for example_dag_decorator to None, run_after=None
[2022-08-25 23:54:14,904] {processor.py:161} INFO - Processing /home/airflow/.local/lib/python3.7/site-packages/airflow/example_dags/example_dag_decorator.py took 0.138 seconds
[2022-08-25 23:54:45,571] {processor.py:153} INFO - Started process (PID=20448) to work on /home/airflow/.local/lib/python3.7/site-packages/airflow/example_dags/example_dag_decorator.py
[2022-08-25 23:54:45,572] {processor.py:641} INFO - Processing file /home/airflow/.local/lib/python3.7/site-packages/airflow/example_dags/example_dag_decorator.py for tasks to queue
[2022-08-25 23:54:45,574] {logging_mixin.py:115} INFO - [2022-08-25 23:54:45,574] {dagbag.py:508} INFO - Filling up the DagBag from /home/airflow/.local/lib/python3.7/site-packages/airflow/example_dags/example_dag_decorator.py
[2022-08-25 23:54:45,612] {processor.py:651} INFO - DAG(s) dict_keys(['example_dag_decorator']) retrieved from /home/airflow/.local/lib/python3.7/site-packages/airflow/example_dags/example_dag_decorator.py
[2022-08-25 23:54:45,715] {logging_mixin.py:115} INFO - [2022-08-25 23:54:45,715] {dag.py:2420} INFO - Sync 1 DAGs
[2022-08-25 23:54:45,744] {logging_mixin.py:115} INFO - [2022-08-25 23:54:45,744] {dag.py:2972} INFO - Setting next_dagrun for example_dag_decorator to None, run_after=None
[2022-08-25 23:54:45,762] {processor.py:161} INFO - Processing /home/airflow/.local/lib/python3.7/site-packages/airflow/example_dags/example_dag_decorator.py took 0.196 seconds
[2022-08-25 23:55:16,411] {processor.py:153} INFO - Started process (PID=20502) to work on /home/airflow/.local/lib/python3.7/site-packages/airflow/example_dags/example_dag_decorator.py
[2022-08-25 23:55:16,413] {processor.py:641} INFO - Processing file /home/airflow/.local/lib/python3.7/site-packages/airflow/example_dags/example_dag_decorator.py for tasks to queue
[2022-08-25 23:55:16,414] {logging_mixin.py:115} INFO - [2022-08-25 23:55:16,414] {dagbag.py:508} INFO - Filling up the DagBag from /home/airflow/.local/lib/python3.7/site-packages/airflow/example_dags/example_dag_decorator.py
[2022-08-25 23:55:16,456] {processor.py:651} INFO - DAG(s) dict_keys(['example_dag_decorator']) retrieved from /home/airflow/.local/lib/python3.7/site-packages/airflow/example_dags/example_dag_decorator.py
[2022-08-25 23:55:16,547] {logging_mixin.py:115} INFO - [2022-08-25 23:55:16,547] {dag.py:2420} INFO - Sync 1 DAGs
[2022-08-25 23:55:16,572] {logging_mixin.py:115} INFO - [2022-08-25 23:55:16,572] {dag.py:2972} INFO - Setting next_dagrun for example_dag_decorator to None, run_after=None
[2022-08-25 23:55:16,592] {processor.py:161} INFO - Processing /home/airflow/.local/lib/python3.7/site-packages/airflow/example_dags/example_dag_decorator.py took 0.185 seconds
[2022-08-25 23:55:47,079] {processor.py:153} INFO - Started process (PID=20565) to work on /home/airflow/.local/lib/python3.7/site-packages/airflow/example_dags/example_dag_decorator.py
[2022-08-25 23:55:47,081] {processor.py:641} INFO - Processing file /home/airflow/.local/lib/python3.7/site-packages/airflow/example_dags/example_dag_decorator.py for tasks to queue
[2022-08-25 23:55:47,082] {logging_mixin.py:115} INFO - [2022-08-25 23:55:47,082] {dagbag.py:508} INFO - Filling up the DagBag from /home/airflow/.local/lib/python3.7/site-packages/airflow/example_dags/example_dag_decorator.py
[2022-08-25 23:55:47,111] {processor.py:651} INFO - DAG(s) dict_keys(['example_dag_decorator']) retrieved from /home/airflow/.local/lib/python3.7/site-packages/airflow/example_dags/example_dag_decorator.py
[2022-08-25 23:55:47,193] {logging_mixin.py:115} INFO - [2022-08-25 23:55:47,193] {dag.py:2420} INFO - Sync 1 DAGs
[2022-08-25 23:55:47,219] {logging_mixin.py:115} INFO - [2022-08-25 23:55:47,219] {dag.py:2972} INFO - Setting next_dagrun for example_dag_decorator to None, run_after=None
[2022-08-25 23:55:47,234] {processor.py:161} INFO - Processing /home/airflow/.local/lib/python3.7/site-packages/airflow/example_dags/example_dag_decorator.py took 0.160 seconds
[2022-08-25 23:56:18,015] {processor.py:153} INFO - Started process (PID=20630) to work on /home/airflow/.local/lib/python3.7/site-packages/airflow/example_dags/example_dag_decorator.py
[2022-08-25 23:56:18,017] {processor.py:641} INFO - Processing file /home/airflow/.local/lib/python3.7/site-packages/airflow/example_dags/example_dag_decorator.py for tasks to queue
[2022-08-25 23:56:18,019] {logging_mixin.py:115} INFO - [2022-08-25 23:56:18,018] {dagbag.py:508} INFO - Filling up the DagBag from /home/airflow/.local/lib/python3.7/site-packages/airflow/example_dags/example_dag_decorator.py
[2022-08-25 23:56:18,051] {processor.py:651} INFO - DAG(s) dict_keys(['example_dag_decorator']) retrieved from /home/airflow/.local/lib/python3.7/site-packages/airflow/example_dags/example_dag_decorator.py
[2022-08-25 23:56:18,153] {logging_mixin.py:115} INFO - [2022-08-25 23:56:18,153] {dag.py:2420} INFO - Sync 1 DAGs
[2022-08-25 23:56:18,180] {logging_mixin.py:115} INFO - [2022-08-25 23:56:18,179] {dag.py:2972} INFO - Setting next_dagrun for example_dag_decorator to None, run_after=None
[2022-08-25 23:56:18,199] {processor.py:161} INFO - Processing /home/airflow/.local/lib/python3.7/site-packages/airflow/example_dags/example_dag_decorator.py took 0.193 seconds
[2022-08-25 23:56:48,832] {processor.py:153} INFO - Started process (PID=20685) to work on /home/airflow/.local/lib/python3.7/site-packages/airflow/example_dags/example_dag_decorator.py
[2022-08-25 23:56:48,833] {processor.py:641} INFO - Processing file /home/airflow/.local/lib/python3.7/site-packages/airflow/example_dags/example_dag_decorator.py for tasks to queue
[2022-08-25 23:56:48,834] {logging_mixin.py:115} INFO - [2022-08-25 23:56:48,834] {dagbag.py:508} INFO - Filling up the DagBag from /home/airflow/.local/lib/python3.7/site-packages/airflow/example_dags/example_dag_decorator.py
[2022-08-25 23:56:48,863] {processor.py:651} INFO - DAG(s) dict_keys(['example_dag_decorator']) retrieved from /home/airflow/.local/lib/python3.7/site-packages/airflow/example_dags/example_dag_decorator.py
[2022-08-25 23:56:48,945] {logging_mixin.py:115} INFO - [2022-08-25 23:56:48,945] {dag.py:2420} INFO - Sync 1 DAGs
[2022-08-25 23:56:48,975] {logging_mixin.py:115} INFO - [2022-08-25 23:56:48,975] {dag.py:2972} INFO - Setting next_dagrun for example_dag_decorator to None, run_after=None
[2022-08-25 23:56:48,993] {processor.py:161} INFO - Processing /home/airflow/.local/lib/python3.7/site-packages/airflow/example_dags/example_dag_decorator.py took 0.166 seconds
[2022-08-25 23:57:19,891] {processor.py:153} INFO - Started process (PID=20748) to work on /home/airflow/.local/lib/python3.7/site-packages/airflow/example_dags/example_dag_decorator.py
[2022-08-25 23:57:19,892] {processor.py:641} INFO - Processing file /home/airflow/.local/lib/python3.7/site-packages/airflow/example_dags/example_dag_decorator.py for tasks to queue
[2022-08-25 23:57:19,894] {logging_mixin.py:115} INFO - [2022-08-25 23:57:19,894] {dagbag.py:508} INFO - Filling up the DagBag from /home/airflow/.local/lib/python3.7/site-packages/airflow/example_dags/example_dag_decorator.py
[2022-08-25 23:57:19,923] {processor.py:651} INFO - DAG(s) dict_keys(['example_dag_decorator']) retrieved from /home/airflow/.local/lib/python3.7/site-packages/airflow/example_dags/example_dag_decorator.py
[2022-08-25 23:57:20,005] {logging_mixin.py:115} INFO - [2022-08-25 23:57:20,005] {dag.py:2420} INFO - Sync 1 DAGs
[2022-08-25 23:57:20,033] {logging_mixin.py:115} INFO - [2022-08-25 23:57:20,032] {dag.py:2972} INFO - Setting next_dagrun for example_dag_decorator to None, run_after=None
[2022-08-25 23:57:20,049] {processor.py:161} INFO - Processing /home/airflow/.local/lib/python3.7/site-packages/airflow/example_dags/example_dag_decorator.py took 0.162 seconds
[2022-08-25 23:57:50,794] {processor.py:153} INFO - Started process (PID=20812) to work on /home/airflow/.local/lib/python3.7/site-packages/airflow/example_dags/example_dag_decorator.py
[2022-08-25 23:57:50,795] {processor.py:641} INFO - Processing file /home/airflow/.local/lib/python3.7/site-packages/airflow/example_dags/example_dag_decorator.py for tasks to queue
[2022-08-25 23:57:50,797] {logging_mixin.py:115} INFO - [2022-08-25 23:57:50,796] {dagbag.py:508} INFO - Filling up the DagBag from /home/airflow/.local/lib/python3.7/site-packages/airflow/example_dags/example_dag_decorator.py
[2022-08-25 23:57:50,832] {processor.py:651} INFO - DAG(s) dict_keys(['example_dag_decorator']) retrieved from /home/airflow/.local/lib/python3.7/site-packages/airflow/example_dags/example_dag_decorator.py
[2022-08-25 23:57:50,936] {logging_mixin.py:115} INFO - [2022-08-25 23:57:50,935] {dag.py:2420} INFO - Sync 1 DAGs
[2022-08-25 23:57:50,966] {logging_mixin.py:115} INFO - [2022-08-25 23:57:50,965] {dag.py:2972} INFO - Setting next_dagrun for example_dag_decorator to None, run_after=None
[2022-08-25 23:57:50,985] {processor.py:161} INFO - Processing /home/airflow/.local/lib/python3.7/site-packages/airflow/example_dags/example_dag_decorator.py took 0.198 seconds
[2022-08-25 23:58:21,554] {processor.py:153} INFO - Started process (PID=20867) to work on /home/airflow/.local/lib/python3.7/site-packages/airflow/example_dags/example_dag_decorator.py
[2022-08-25 23:58:21,556] {processor.py:641} INFO - Processing file /home/airflow/.local/lib/python3.7/site-packages/airflow/example_dags/example_dag_decorator.py for tasks to queue
[2022-08-25 23:58:21,557] {logging_mixin.py:115} INFO - [2022-08-25 23:58:21,557] {dagbag.py:508} INFO - Filling up the DagBag from /home/airflow/.local/lib/python3.7/site-packages/airflow/example_dags/example_dag_decorator.py
[2022-08-25 23:58:21,588] {processor.py:651} INFO - DAG(s) dict_keys(['example_dag_decorator']) retrieved from /home/airflow/.local/lib/python3.7/site-packages/airflow/example_dags/example_dag_decorator.py
[2022-08-25 23:58:21,686] {logging_mixin.py:115} INFO - [2022-08-25 23:58:21,686] {dag.py:2420} INFO - Sync 1 DAGs
[2022-08-25 23:58:21,709] {logging_mixin.py:115} INFO - [2022-08-25 23:58:21,709] {dag.py:2972} INFO - Setting next_dagrun for example_dag_decorator to None, run_after=None
[2022-08-25 23:58:21,727] {processor.py:161} INFO - Processing /home/airflow/.local/lib/python3.7/site-packages/airflow/example_dags/example_dag_decorator.py took 0.178 seconds
[2022-08-25 23:58:52,357] {processor.py:153} INFO - Started process (PID=20930) to work on /home/airflow/.local/lib/python3.7/site-packages/airflow/example_dags/example_dag_decorator.py
[2022-08-25 23:58:52,359] {processor.py:641} INFO - Processing file /home/airflow/.local/lib/python3.7/site-packages/airflow/example_dags/example_dag_decorator.py for tasks to queue
[2022-08-25 23:58:52,360] {logging_mixin.py:115} INFO - [2022-08-25 23:58:52,359] {dagbag.py:508} INFO - Filling up the DagBag from /home/airflow/.local/lib/python3.7/site-packages/airflow/example_dags/example_dag_decorator.py
[2022-08-25 23:58:52,389] {processor.py:651} INFO - DAG(s) dict_keys(['example_dag_decorator']) retrieved from /home/airflow/.local/lib/python3.7/site-packages/airflow/example_dags/example_dag_decorator.py
[2022-08-25 23:58:52,479] {logging_mixin.py:115} INFO - [2022-08-25 23:58:52,479] {dag.py:2420} INFO - Sync 1 DAGs
[2022-08-25 23:58:52,509] {logging_mixin.py:115} INFO - [2022-08-25 23:58:52,509] {dag.py:2972} INFO - Setting next_dagrun for example_dag_decorator to None, run_after=None
[2022-08-25 23:58:52,533] {processor.py:161} INFO - Processing /home/airflow/.local/lib/python3.7/site-packages/airflow/example_dags/example_dag_decorator.py took 0.180 seconds
[2022-08-25 23:59:23,159] {processor.py:153} INFO - Started process (PID=20994) to work on /home/airflow/.local/lib/python3.7/site-packages/airflow/example_dags/example_dag_decorator.py
[2022-08-25 23:59:23,161] {processor.py:641} INFO - Processing file /home/airflow/.local/lib/python3.7/site-packages/airflow/example_dags/example_dag_decorator.py for tasks to queue
[2022-08-25 23:59:23,162] {logging_mixin.py:115} INFO - [2022-08-25 23:59:23,162] {dagbag.py:508} INFO - Filling up the DagBag from /home/airflow/.local/lib/python3.7/site-packages/airflow/example_dags/example_dag_decorator.py
[2022-08-25 23:59:23,191] {processor.py:651} INFO - DAG(s) dict_keys(['example_dag_decorator']) retrieved from /home/airflow/.local/lib/python3.7/site-packages/airflow/example_dags/example_dag_decorator.py
[2022-08-25 23:59:23,272] {logging_mixin.py:115} INFO - [2022-08-25 23:59:23,272] {dag.py:2420} INFO - Sync 1 DAGs
[2022-08-25 23:59:23,298] {logging_mixin.py:115} INFO - [2022-08-25 23:59:23,298] {dag.py:2972} INFO - Setting next_dagrun for example_dag_decorator to None, run_after=None
[2022-08-25 23:59:23,313] {processor.py:161} INFO - Processing /home/airflow/.local/lib/python3.7/site-packages/airflow/example_dags/example_dag_decorator.py took 0.159 seconds
[2022-08-25 23:59:54,109] {processor.py:153} INFO - Started process (PID=21056) to work on /home/airflow/.local/lib/python3.7/site-packages/airflow/example_dags/example_dag_decorator.py
[2022-08-25 23:59:54,111] {processor.py:641} INFO - Processing file /home/airflow/.local/lib/python3.7/site-packages/airflow/example_dags/example_dag_decorator.py for tasks to queue
[2022-08-25 23:59:54,113] {logging_mixin.py:115} INFO - [2022-08-25 23:59:54,112] {dagbag.py:508} INFO - Filling up the DagBag from /home/airflow/.local/lib/python3.7/site-packages/airflow/example_dags/example_dag_decorator.py
[2022-08-25 23:59:54,147] {processor.py:651} INFO - DAG(s) dict_keys(['example_dag_decorator']) retrieved from /home/airflow/.local/lib/python3.7/site-packages/airflow/example_dags/example_dag_decorator.py
[2022-08-25 23:59:54,249] {logging_mixin.py:115} INFO - [2022-08-25 23:59:54,248] {dag.py:2420} INFO - Sync 1 DAGs
[2022-08-25 23:59:54,277] {logging_mixin.py:115} INFO - [2022-08-25 23:59:54,277] {dag.py:2972} INFO - Setting next_dagrun for example_dag_decorator to None, run_after=None
[2022-08-25 23:59:54,295] {processor.py:161} INFO - Processing /home/airflow/.local/lib/python3.7/site-packages/airflow/example_dags/example_dag_decorator.py took 0.191 seconds
