[2022-08-25 00:15:19,197] {processor.py:153} INFO - Started process (PID=17166) to work on /home/airflow/.local/lib/python3.7/site-packages/airflow/example_dags/example_kubernetes_executor.py
[2022-08-25 00:15:19,206] {processor.py:641} INFO - Processing file /home/airflow/.local/lib/python3.7/site-packages/airflow/example_dags/example_kubernetes_executor.py for tasks to queue
[2022-08-25 00:15:19,219] {logging_mixin.py:115} INFO - [2022-08-25 00:15:19,218] {dagbag.py:508} INFO - Filling up the DagBag from /home/airflow/.local/lib/python3.7/site-packages/airflow/example_dags/example_kubernetes_executor.py
[2022-08-25 00:15:21,020] {processor.py:651} INFO - DAG(s) dict_keys(['example_kubernetes_executor']) retrieved from /home/airflow/.local/lib/python3.7/site-packages/airflow/example_dags/example_kubernetes_executor.py
[2022-08-25 02:16:53,311] {logging_mixin.py:115} INFO - [2022-08-25 02:16:53,310] {dag.py:2420} INFO - Sync 1 DAGs
[2022-08-25 02:16:54,366] {logging_mixin.py:115} INFO - [2022-08-25 02:16:54,339] {dag.py:2972} INFO - Setting next_dagrun for example_kubernetes_executor to None, run_after=None
[2022-08-25 03:38:42,838] {processor.py:153} INFO - Started process (PID=17228) to work on /home/airflow/.local/lib/python3.7/site-packages/airflow/example_dags/example_kubernetes_executor.py
[2022-08-25 03:38:42,851] {processor.py:641} INFO - Processing file /home/airflow/.local/lib/python3.7/site-packages/airflow/example_dags/example_kubernetes_executor.py for tasks to queue
[2022-08-25 03:38:42,862] {logging_mixin.py:115} INFO - [2022-08-25 03:38:42,861] {dagbag.py:508} INFO - Filling up the DagBag from /home/airflow/.local/lib/python3.7/site-packages/airflow/example_dags/example_kubernetes_executor.py
[2022-08-25 03:38:43,239] {processor.py:651} INFO - DAG(s) dict_keys(['example_kubernetes_executor']) retrieved from /home/airflow/.local/lib/python3.7/site-packages/airflow/example_dags/example_kubernetes_executor.py
[2022-08-25 03:38:43,475] {logging_mixin.py:115} INFO - [2022-08-25 03:38:43,475] {dag.py:2420} INFO - Sync 1 DAGs
[2022-08-25 03:38:43,613] {logging_mixin.py:115} INFO - [2022-08-25 03:38:43,612] {dag.py:2972} INFO - Setting next_dagrun for example_kubernetes_executor to None, run_after=None
[2022-08-25 03:38:43,710] {processor.py:161} INFO - Processing /home/airflow/.local/lib/python3.7/site-packages/airflow/example_dags/example_kubernetes_executor.py took 0.902 seconds
[2022-08-25 03:56:28,747] {processor.py:153} INFO - Started process (PID=17274) to work on /home/airflow/.local/lib/python3.7/site-packages/airflow/example_dags/example_kubernetes_executor.py
[2022-08-25 03:56:28,761] {processor.py:641} INFO - Processing file /home/airflow/.local/lib/python3.7/site-packages/airflow/example_dags/example_kubernetes_executor.py for tasks to queue
[2022-08-25 03:56:28,782] {logging_mixin.py:115} INFO - [2022-08-25 03:56:28,781] {dagbag.py:508} INFO - Filling up the DagBag from /home/airflow/.local/lib/python3.7/site-packages/airflow/example_dags/example_kubernetes_executor.py
[2022-08-25 03:56:32,608] {processor.py:651} INFO - DAG(s) dict_keys(['example_kubernetes_executor']) retrieved from /home/airflow/.local/lib/python3.7/site-packages/airflow/example_dags/example_kubernetes_executor.py
[2022-08-25 03:56:33,297] {logging_mixin.py:115} INFO - [2022-08-25 03:56:33,297] {dag.py:2420} INFO - Sync 1 DAGs
[2022-08-25 03:56:34,362] {logging_mixin.py:115} INFO - [2022-08-25 03:56:34,361] {dag.py:2972} INFO - Setting next_dagrun for example_kubernetes_executor to None, run_after=None
[2022-08-25 03:56:34,741] {processor.py:161} INFO - Processing /home/airflow/.local/lib/python3.7/site-packages/airflow/example_dags/example_kubernetes_executor.py took 6.105 seconds
[2022-08-25 03:57:20,277] {processor.py:153} INFO - Started process (PID=17323) to work on /home/airflow/.local/lib/python3.7/site-packages/airflow/example_dags/example_kubernetes_executor.py
[2022-08-25 03:57:20,296] {processor.py:641} INFO - Processing file /home/airflow/.local/lib/python3.7/site-packages/airflow/example_dags/example_kubernetes_executor.py for tasks to queue
[2022-08-25 03:57:20,322] {logging_mixin.py:115} INFO - [2022-08-25 03:57:20,322] {dagbag.py:508} INFO - Filling up the DagBag from /home/airflow/.local/lib/python3.7/site-packages/airflow/example_dags/example_kubernetes_executor.py
[2022-08-25 03:57:21,419] {processor.py:651} INFO - DAG(s) dict_keys(['example_kubernetes_executor']) retrieved from /home/airflow/.local/lib/python3.7/site-packages/airflow/example_dags/example_kubernetes_executor.py
[2022-08-25 08:42:02,281] {logging_mixin.py:115} INFO - [2022-08-25 08:42:02,281] {dag.py:2420} INFO - Sync 1 DAGs
[2022-08-25 08:42:02,918] {logging_mixin.py:115} INFO - [2022-08-25 08:42:02,918] {dag.py:2972} INFO - Setting next_dagrun for example_kubernetes_executor to None, run_after=None
[2022-08-25 08:42:05,121] {processor.py:161} INFO - Processing /home/airflow/.local/lib/python3.7/site-packages/airflow/example_dags/example_kubernetes_executor.py took 7.276 seconds
[2022-08-25 13:27:40,686] {processor.py:153} INFO - Started process (PID=17358) to work on /home/airflow/.local/lib/python3.7/site-packages/airflow/example_dags/example_kubernetes_executor.py
[2022-08-25 13:27:40,703] {processor.py:641} INFO - Processing file /home/airflow/.local/lib/python3.7/site-packages/airflow/example_dags/example_kubernetes_executor.py for tasks to queue
[2022-08-25 13:27:40,718] {logging_mixin.py:115} INFO - [2022-08-25 13:27:40,718] {dagbag.py:508} INFO - Filling up the DagBag from /home/airflow/.local/lib/python3.7/site-packages/airflow/example_dags/example_kubernetes_executor.py
[2022-08-25 13:27:41,224] {processor.py:651} INFO - DAG(s) dict_keys(['example_kubernetes_executor']) retrieved from /home/airflow/.local/lib/python3.7/site-packages/airflow/example_dags/example_kubernetes_executor.py
[2022-08-25 13:27:42,151] {logging_mixin.py:115} INFO - [2022-08-25 13:27:42,151] {dag.py:2420} INFO - Sync 1 DAGs
[2022-08-25 13:27:43,232] {logging_mixin.py:115} INFO - [2022-08-25 13:27:43,232] {dag.py:2972} INFO - Setting next_dagrun for example_kubernetes_executor to None, run_after=None
[2022-08-25 13:27:43,953] {processor.py:161} INFO - Processing /home/airflow/.local/lib/python3.7/site-packages/airflow/example_dags/example_kubernetes_executor.py took 3.412 seconds
[2022-08-25 22:58:49,760] {processor.py:153} INFO - Started process (PID=17397) to work on /home/airflow/.local/lib/python3.7/site-packages/airflow/example_dags/example_kubernetes_executor.py
[2022-08-25 22:58:49,762] {processor.py:641} INFO - Processing file /home/airflow/.local/lib/python3.7/site-packages/airflow/example_dags/example_kubernetes_executor.py for tasks to queue
[2022-08-25 22:58:49,763] {logging_mixin.py:115} INFO - [2022-08-25 22:58:49,763] {dagbag.py:508} INFO - Filling up the DagBag from /home/airflow/.local/lib/python3.7/site-packages/airflow/example_dags/example_kubernetes_executor.py
[2022-08-25 22:58:49,809] {processor.py:651} INFO - DAG(s) dict_keys(['example_kubernetes_executor']) retrieved from /home/airflow/.local/lib/python3.7/site-packages/airflow/example_dags/example_kubernetes_executor.py
[2022-08-25 22:58:49,858] {logging_mixin.py:115} INFO - [2022-08-25 22:58:49,858] {dag.py:2420} INFO - Sync 1 DAGs
[2022-08-25 22:58:49,895] {logging_mixin.py:115} INFO - [2022-08-25 22:58:49,895] {dag.py:2972} INFO - Setting next_dagrun for example_kubernetes_executor to None, run_after=None
[2022-08-25 22:58:49,920] {processor.py:161} INFO - Processing /home/airflow/.local/lib/python3.7/site-packages/airflow/example_dags/example_kubernetes_executor.py took 0.170 seconds
[2022-08-25 23:29:33,164] {processor.py:153} INFO - Started process (PID=17431) to work on /home/airflow/.local/lib/python3.7/site-packages/airflow/example_dags/example_kubernetes_executor.py
[2022-08-25 23:29:33,168] {processor.py:641} INFO - Processing file /home/airflow/.local/lib/python3.7/site-packages/airflow/example_dags/example_kubernetes_executor.py for tasks to queue
[2022-08-25 23:29:33,173] {logging_mixin.py:115} INFO - [2022-08-25 23:29:33,173] {dagbag.py:508} INFO - Filling up the DagBag from /home/airflow/.local/lib/python3.7/site-packages/airflow/example_dags/example_kubernetes_executor.py
[2022-08-25 23:29:33,377] {processor.py:651} INFO - DAG(s) dict_keys(['example_kubernetes_executor']) retrieved from /home/airflow/.local/lib/python3.7/site-packages/airflow/example_dags/example_kubernetes_executor.py
[2022-08-25 23:29:33,969] {logging_mixin.py:115} INFO - [2022-08-25 23:29:33,969] {dag.py:2420} INFO - Sync 1 DAGs
[2022-08-25 23:29:34,086] {logging_mixin.py:115} INFO - [2022-08-25 23:29:34,086] {dag.py:2972} INFO - Setting next_dagrun for example_kubernetes_executor to None, run_after=None
[2022-08-25 23:29:34,146] {processor.py:161} INFO - Processing /home/airflow/.local/lib/python3.7/site-packages/airflow/example_dags/example_kubernetes_executor.py took 1.004 seconds
[2022-08-25 23:30:04,671] {processor.py:153} INFO - Started process (PID=17486) to work on /home/airflow/.local/lib/python3.7/site-packages/airflow/example_dags/example_kubernetes_executor.py
[2022-08-25 23:30:04,673] {processor.py:641} INFO - Processing file /home/airflow/.local/lib/python3.7/site-packages/airflow/example_dags/example_kubernetes_executor.py for tasks to queue
[2022-08-25 23:30:04,674] {logging_mixin.py:115} INFO - [2022-08-25 23:30:04,674] {dagbag.py:508} INFO - Filling up the DagBag from /home/airflow/.local/lib/python3.7/site-packages/airflow/example_dags/example_kubernetes_executor.py
[2022-08-25 23:30:04,705] {processor.py:651} INFO - DAG(s) dict_keys(['example_kubernetes_executor']) retrieved from /home/airflow/.local/lib/python3.7/site-packages/airflow/example_dags/example_kubernetes_executor.py
[2022-08-25 23:30:04,741] {logging_mixin.py:115} INFO - [2022-08-25 23:30:04,741] {dag.py:2420} INFO - Sync 1 DAGs
[2022-08-25 23:30:04,773] {logging_mixin.py:115} INFO - [2022-08-25 23:30:04,773] {dag.py:2972} INFO - Setting next_dagrun for example_kubernetes_executor to None, run_after=None
[2022-08-25 23:30:04,792] {processor.py:161} INFO - Processing /home/airflow/.local/lib/python3.7/site-packages/airflow/example_dags/example_kubernetes_executor.py took 0.125 seconds
[2022-08-25 23:30:35,446] {processor.py:153} INFO - Started process (PID=17541) to work on /home/airflow/.local/lib/python3.7/site-packages/airflow/example_dags/example_kubernetes_executor.py
[2022-08-25 23:30:35,447] {processor.py:641} INFO - Processing file /home/airflow/.local/lib/python3.7/site-packages/airflow/example_dags/example_kubernetes_executor.py for tasks to queue
[2022-08-25 23:30:35,451] {logging_mixin.py:115} INFO - [2022-08-25 23:30:35,451] {dagbag.py:508} INFO - Filling up the DagBag from /home/airflow/.local/lib/python3.7/site-packages/airflow/example_dags/example_kubernetes_executor.py
[2022-08-25 23:30:35,490] {processor.py:651} INFO - DAG(s) dict_keys(['example_kubernetes_executor']) retrieved from /home/airflow/.local/lib/python3.7/site-packages/airflow/example_dags/example_kubernetes_executor.py
[2022-08-25 23:30:35,532] {logging_mixin.py:115} INFO - [2022-08-25 23:30:35,532] {dag.py:2420} INFO - Sync 1 DAGs
[2022-08-25 23:30:35,563] {logging_mixin.py:115} INFO - [2022-08-25 23:30:35,563] {dag.py:2972} INFO - Setting next_dagrun for example_kubernetes_executor to None, run_after=None
[2022-08-25 23:30:35,589] {processor.py:161} INFO - Processing /home/airflow/.local/lib/python3.7/site-packages/airflow/example_dags/example_kubernetes_executor.py took 0.150 seconds
[2022-08-25 23:31:06,558] {processor.py:153} INFO - Started process (PID=17606) to work on /home/airflow/.local/lib/python3.7/site-packages/airflow/example_dags/example_kubernetes_executor.py
[2022-08-25 23:31:06,559] {processor.py:641} INFO - Processing file /home/airflow/.local/lib/python3.7/site-packages/airflow/example_dags/example_kubernetes_executor.py for tasks to queue
[2022-08-25 23:31:06,561] {logging_mixin.py:115} INFO - [2022-08-25 23:31:06,561] {dagbag.py:508} INFO - Filling up the DagBag from /home/airflow/.local/lib/python3.7/site-packages/airflow/example_dags/example_kubernetes_executor.py
[2022-08-25 23:31:06,591] {processor.py:651} INFO - DAG(s) dict_keys(['example_kubernetes_executor']) retrieved from /home/airflow/.local/lib/python3.7/site-packages/airflow/example_dags/example_kubernetes_executor.py
[2022-08-25 23:31:06,634] {logging_mixin.py:115} INFO - [2022-08-25 23:31:06,633] {dag.py:2420} INFO - Sync 1 DAGs
[2022-08-25 23:31:06,660] {logging_mixin.py:115} INFO - [2022-08-25 23:31:06,660] {dag.py:2972} INFO - Setting next_dagrun for example_kubernetes_executor to None, run_after=None
[2022-08-25 23:31:06,681] {processor.py:161} INFO - Processing /home/airflow/.local/lib/python3.7/site-packages/airflow/example_dags/example_kubernetes_executor.py took 0.128 seconds
[2022-08-25 23:31:37,237] {processor.py:153} INFO - Started process (PID=17670) to work on /home/airflow/.local/lib/python3.7/site-packages/airflow/example_dags/example_kubernetes_executor.py
[2022-08-25 23:31:37,238] {processor.py:641} INFO - Processing file /home/airflow/.local/lib/python3.7/site-packages/airflow/example_dags/example_kubernetes_executor.py for tasks to queue
[2022-08-25 23:31:37,239] {logging_mixin.py:115} INFO - [2022-08-25 23:31:37,239] {dagbag.py:508} INFO - Filling up the DagBag from /home/airflow/.local/lib/python3.7/site-packages/airflow/example_dags/example_kubernetes_executor.py
[2022-08-25 23:31:37,269] {processor.py:651} INFO - DAG(s) dict_keys(['example_kubernetes_executor']) retrieved from /home/airflow/.local/lib/python3.7/site-packages/airflow/example_dags/example_kubernetes_executor.py
[2022-08-25 23:31:37,306] {logging_mixin.py:115} INFO - [2022-08-25 23:31:37,306] {dag.py:2420} INFO - Sync 1 DAGs
[2022-08-25 23:31:37,334] {logging_mixin.py:115} INFO - [2022-08-25 23:31:37,334] {dag.py:2972} INFO - Setting next_dagrun for example_kubernetes_executor to None, run_after=None
[2022-08-25 23:31:37,350] {processor.py:161} INFO - Processing /home/airflow/.local/lib/python3.7/site-packages/airflow/example_dags/example_kubernetes_executor.py took 0.118 seconds
[2022-08-25 23:32:07,740] {processor.py:153} INFO - Started process (PID=17725) to work on /home/airflow/.local/lib/python3.7/site-packages/airflow/example_dags/example_kubernetes_executor.py
[2022-08-25 23:32:07,742] {processor.py:641} INFO - Processing file /home/airflow/.local/lib/python3.7/site-packages/airflow/example_dags/example_kubernetes_executor.py for tasks to queue
[2022-08-25 23:32:07,743] {logging_mixin.py:115} INFO - [2022-08-25 23:32:07,743] {dagbag.py:508} INFO - Filling up the DagBag from /home/airflow/.local/lib/python3.7/site-packages/airflow/example_dags/example_kubernetes_executor.py
[2022-08-25 23:32:07,772] {processor.py:651} INFO - DAG(s) dict_keys(['example_kubernetes_executor']) retrieved from /home/airflow/.local/lib/python3.7/site-packages/airflow/example_dags/example_kubernetes_executor.py
[2022-08-25 23:32:07,806] {logging_mixin.py:115} INFO - [2022-08-25 23:32:07,806] {dag.py:2420} INFO - Sync 1 DAGs
[2022-08-25 23:32:07,835] {logging_mixin.py:115} INFO - [2022-08-25 23:32:07,835] {dag.py:2972} INFO - Setting next_dagrun for example_kubernetes_executor to None, run_after=None
[2022-08-25 23:32:07,852] {processor.py:161} INFO - Processing /home/airflow/.local/lib/python3.7/site-packages/airflow/example_dags/example_kubernetes_executor.py took 0.117 seconds
[2022-08-25 23:32:38,341] {processor.py:153} INFO - Started process (PID=17789) to work on /home/airflow/.local/lib/python3.7/site-packages/airflow/example_dags/example_kubernetes_executor.py
[2022-08-25 23:32:38,343] {processor.py:641} INFO - Processing file /home/airflow/.local/lib/python3.7/site-packages/airflow/example_dags/example_kubernetes_executor.py for tasks to queue
[2022-08-25 23:32:38,344] {logging_mixin.py:115} INFO - [2022-08-25 23:32:38,344] {dagbag.py:508} INFO - Filling up the DagBag from /home/airflow/.local/lib/python3.7/site-packages/airflow/example_dags/example_kubernetes_executor.py
[2022-08-25 23:32:38,374] {processor.py:651} INFO - DAG(s) dict_keys(['example_kubernetes_executor']) retrieved from /home/airflow/.local/lib/python3.7/site-packages/airflow/example_dags/example_kubernetes_executor.py
[2022-08-25 23:32:38,413] {logging_mixin.py:115} INFO - [2022-08-25 23:32:38,413] {dag.py:2420} INFO - Sync 1 DAGs
[2022-08-25 23:32:38,445] {logging_mixin.py:115} INFO - [2022-08-25 23:32:38,445] {dag.py:2972} INFO - Setting next_dagrun for example_kubernetes_executor to None, run_after=None
[2022-08-25 23:32:38,462] {processor.py:161} INFO - Processing /home/airflow/.local/lib/python3.7/site-packages/airflow/example_dags/example_kubernetes_executor.py took 0.126 seconds
[2022-08-25 23:33:08,897] {processor.py:153} INFO - Started process (PID=17853) to work on /home/airflow/.local/lib/python3.7/site-packages/airflow/example_dags/example_kubernetes_executor.py
[2022-08-25 23:33:08,898] {processor.py:641} INFO - Processing file /home/airflow/.local/lib/python3.7/site-packages/airflow/example_dags/example_kubernetes_executor.py for tasks to queue
[2022-08-25 23:33:08,899] {logging_mixin.py:115} INFO - [2022-08-25 23:33:08,899] {dagbag.py:508} INFO - Filling up the DagBag from /home/airflow/.local/lib/python3.7/site-packages/airflow/example_dags/example_kubernetes_executor.py
[2022-08-25 23:33:08,933] {processor.py:651} INFO - DAG(s) dict_keys(['example_kubernetes_executor']) retrieved from /home/airflow/.local/lib/python3.7/site-packages/airflow/example_dags/example_kubernetes_executor.py
[2022-08-25 23:33:08,965] {logging_mixin.py:115} INFO - [2022-08-25 23:33:08,965] {dag.py:2420} INFO - Sync 1 DAGs
[2022-08-25 23:33:08,993] {logging_mixin.py:115} INFO - [2022-08-25 23:33:08,993] {dag.py:2972} INFO - Setting next_dagrun for example_kubernetes_executor to None, run_after=None
[2022-08-25 23:33:09,009] {processor.py:161} INFO - Processing /home/airflow/.local/lib/python3.7/site-packages/airflow/example_dags/example_kubernetes_executor.py took 0.116 seconds
[2022-08-25 23:33:39,727] {processor.py:153} INFO - Started process (PID=17908) to work on /home/airflow/.local/lib/python3.7/site-packages/airflow/example_dags/example_kubernetes_executor.py
[2022-08-25 23:33:39,728] {processor.py:641} INFO - Processing file /home/airflow/.local/lib/python3.7/site-packages/airflow/example_dags/example_kubernetes_executor.py for tasks to queue
[2022-08-25 23:33:39,730] {logging_mixin.py:115} INFO - [2022-08-25 23:33:39,730] {dagbag.py:508} INFO - Filling up the DagBag from /home/airflow/.local/lib/python3.7/site-packages/airflow/example_dags/example_kubernetes_executor.py
[2022-08-25 23:33:39,762] {processor.py:651} INFO - DAG(s) dict_keys(['example_kubernetes_executor']) retrieved from /home/airflow/.local/lib/python3.7/site-packages/airflow/example_dags/example_kubernetes_executor.py
[2022-08-25 23:33:39,812] {logging_mixin.py:115} INFO - [2022-08-25 23:33:39,812] {dag.py:2420} INFO - Sync 1 DAGs
[2022-08-25 23:33:39,849] {logging_mixin.py:115} INFO - [2022-08-25 23:33:39,849] {dag.py:2972} INFO - Setting next_dagrun for example_kubernetes_executor to None, run_after=None
[2022-08-25 23:33:39,866] {processor.py:161} INFO - Processing /home/airflow/.local/lib/python3.7/site-packages/airflow/example_dags/example_kubernetes_executor.py took 0.148 seconds
[2022-08-25 23:34:10,416] {processor.py:153} INFO - Started process (PID=17972) to work on /home/airflow/.local/lib/python3.7/site-packages/airflow/example_dags/example_kubernetes_executor.py
[2022-08-25 23:34:10,418] {processor.py:641} INFO - Processing file /home/airflow/.local/lib/python3.7/site-packages/airflow/example_dags/example_kubernetes_executor.py for tasks to queue
[2022-08-25 23:34:10,420] {logging_mixin.py:115} INFO - [2022-08-25 23:34:10,420] {dagbag.py:508} INFO - Filling up the DagBag from /home/airflow/.local/lib/python3.7/site-packages/airflow/example_dags/example_kubernetes_executor.py
[2022-08-25 23:34:10,451] {processor.py:651} INFO - DAG(s) dict_keys(['example_kubernetes_executor']) retrieved from /home/airflow/.local/lib/python3.7/site-packages/airflow/example_dags/example_kubernetes_executor.py
[2022-08-25 23:34:10,494] {logging_mixin.py:115} INFO - [2022-08-25 23:34:10,493] {dag.py:2420} INFO - Sync 1 DAGs
[2022-08-25 23:34:10,521] {logging_mixin.py:115} INFO - [2022-08-25 23:34:10,521] {dag.py:2972} INFO - Setting next_dagrun for example_kubernetes_executor to None, run_after=None
[2022-08-25 23:34:10,536] {processor.py:161} INFO - Processing /home/airflow/.local/lib/python3.7/site-packages/airflow/example_dags/example_kubernetes_executor.py took 0.126 seconds
[2022-08-25 23:34:41,178] {processor.py:153} INFO - Started process (PID=18036) to work on /home/airflow/.local/lib/python3.7/site-packages/airflow/example_dags/example_kubernetes_executor.py
[2022-08-25 23:34:41,179] {processor.py:641} INFO - Processing file /home/airflow/.local/lib/python3.7/site-packages/airflow/example_dags/example_kubernetes_executor.py for tasks to queue
[2022-08-25 23:34:41,180] {logging_mixin.py:115} INFO - [2022-08-25 23:34:41,180] {dagbag.py:508} INFO - Filling up the DagBag from /home/airflow/.local/lib/python3.7/site-packages/airflow/example_dags/example_kubernetes_executor.py
[2022-08-25 23:34:41,210] {processor.py:651} INFO - DAG(s) dict_keys(['example_kubernetes_executor']) retrieved from /home/airflow/.local/lib/python3.7/site-packages/airflow/example_dags/example_kubernetes_executor.py
[2022-08-25 23:34:41,262] {logging_mixin.py:115} INFO - [2022-08-25 23:34:41,262] {dag.py:2420} INFO - Sync 1 DAGs
[2022-08-25 23:34:41,296] {logging_mixin.py:115} INFO - [2022-08-25 23:34:41,296] {dag.py:2972} INFO - Setting next_dagrun for example_kubernetes_executor to None, run_after=None
[2022-08-25 23:34:41,317] {processor.py:161} INFO - Processing /home/airflow/.local/lib/python3.7/site-packages/airflow/example_dags/example_kubernetes_executor.py took 0.143 seconds
[2022-08-25 23:35:12,016] {processor.py:153} INFO - Started process (PID=18091) to work on /home/airflow/.local/lib/python3.7/site-packages/airflow/example_dags/example_kubernetes_executor.py
[2022-08-25 23:35:12,018] {processor.py:641} INFO - Processing file /home/airflow/.local/lib/python3.7/site-packages/airflow/example_dags/example_kubernetes_executor.py for tasks to queue
[2022-08-25 23:35:12,020] {logging_mixin.py:115} INFO - [2022-08-25 23:35:12,020] {dagbag.py:508} INFO - Filling up the DagBag from /home/airflow/.local/lib/python3.7/site-packages/airflow/example_dags/example_kubernetes_executor.py
[2022-08-25 23:35:12,050] {processor.py:651} INFO - DAG(s) dict_keys(['example_kubernetes_executor']) retrieved from /home/airflow/.local/lib/python3.7/site-packages/airflow/example_dags/example_kubernetes_executor.py
[2022-08-25 23:35:12,090] {logging_mixin.py:115} INFO - [2022-08-25 23:35:12,090] {dag.py:2420} INFO - Sync 1 DAGs
[2022-08-25 23:35:12,117] {logging_mixin.py:115} INFO - [2022-08-25 23:35:12,117] {dag.py:2972} INFO - Setting next_dagrun for example_kubernetes_executor to None, run_after=None
[2022-08-25 23:35:12,140] {processor.py:161} INFO - Processing /home/airflow/.local/lib/python3.7/site-packages/airflow/example_dags/example_kubernetes_executor.py took 0.128 seconds
[2022-08-25 23:35:42,889] {processor.py:153} INFO - Started process (PID=18155) to work on /home/airflow/.local/lib/python3.7/site-packages/airflow/example_dags/example_kubernetes_executor.py
[2022-08-25 23:35:42,891] {processor.py:641} INFO - Processing file /home/airflow/.local/lib/python3.7/site-packages/airflow/example_dags/example_kubernetes_executor.py for tasks to queue
[2022-08-25 23:35:42,892] {logging_mixin.py:115} INFO - [2022-08-25 23:35:42,892] {dagbag.py:508} INFO - Filling up the DagBag from /home/airflow/.local/lib/python3.7/site-packages/airflow/example_dags/example_kubernetes_executor.py
[2022-08-25 23:35:42,929] {processor.py:651} INFO - DAG(s) dict_keys(['example_kubernetes_executor']) retrieved from /home/airflow/.local/lib/python3.7/site-packages/airflow/example_dags/example_kubernetes_executor.py
[2022-08-25 23:35:42,973] {logging_mixin.py:115} INFO - [2022-08-25 23:35:42,973] {dag.py:2420} INFO - Sync 1 DAGs
[2022-08-25 23:35:43,003] {logging_mixin.py:115} INFO - [2022-08-25 23:35:43,003] {dag.py:2972} INFO - Setting next_dagrun for example_kubernetes_executor to None, run_after=None
[2022-08-25 23:35:43,019] {processor.py:161} INFO - Processing /home/airflow/.local/lib/python3.7/site-packages/airflow/example_dags/example_kubernetes_executor.py took 0.135 seconds
[2022-08-25 23:36:13,375] {processor.py:153} INFO - Started process (PID=18220) to work on /home/airflow/.local/lib/python3.7/site-packages/airflow/example_dags/example_kubernetes_executor.py
[2022-08-25 23:36:13,376] {processor.py:641} INFO - Processing file /home/airflow/.local/lib/python3.7/site-packages/airflow/example_dags/example_kubernetes_executor.py for tasks to queue
[2022-08-25 23:36:13,378] {logging_mixin.py:115} INFO - [2022-08-25 23:36:13,378] {dagbag.py:508} INFO - Filling up the DagBag from /home/airflow/.local/lib/python3.7/site-packages/airflow/example_dags/example_kubernetes_executor.py
[2022-08-25 23:36:13,412] {processor.py:651} INFO - DAG(s) dict_keys(['example_kubernetes_executor']) retrieved from /home/airflow/.local/lib/python3.7/site-packages/airflow/example_dags/example_kubernetes_executor.py
[2022-08-25 23:36:13,447] {logging_mixin.py:115} INFO - [2022-08-25 23:36:13,447] {dag.py:2420} INFO - Sync 1 DAGs
[2022-08-25 23:36:13,477] {logging_mixin.py:115} INFO - [2022-08-25 23:36:13,477] {dag.py:2972} INFO - Setting next_dagrun for example_kubernetes_executor to None, run_after=None
[2022-08-25 23:36:13,493] {processor.py:161} INFO - Processing /home/airflow/.local/lib/python3.7/site-packages/airflow/example_dags/example_kubernetes_executor.py took 0.122 seconds
[2022-08-25 23:36:44,078] {processor.py:153} INFO - Started process (PID=18276) to work on /home/airflow/.local/lib/python3.7/site-packages/airflow/example_dags/example_kubernetes_executor.py
[2022-08-25 23:36:44,079] {processor.py:641} INFO - Processing file /home/airflow/.local/lib/python3.7/site-packages/airflow/example_dags/example_kubernetes_executor.py for tasks to queue
[2022-08-25 23:36:44,081] {logging_mixin.py:115} INFO - [2022-08-25 23:36:44,081] {dagbag.py:508} INFO - Filling up the DagBag from /home/airflow/.local/lib/python3.7/site-packages/airflow/example_dags/example_kubernetes_executor.py
[2022-08-25 23:36:44,112] {processor.py:651} INFO - DAG(s) dict_keys(['example_kubernetes_executor']) retrieved from /home/airflow/.local/lib/python3.7/site-packages/airflow/example_dags/example_kubernetes_executor.py
[2022-08-25 23:36:44,149] {logging_mixin.py:115} INFO - [2022-08-25 23:36:44,148] {dag.py:2420} INFO - Sync 1 DAGs
[2022-08-25 23:36:44,178] {logging_mixin.py:115} INFO - [2022-08-25 23:36:44,178] {dag.py:2972} INFO - Setting next_dagrun for example_kubernetes_executor to None, run_after=None
[2022-08-25 23:36:44,199] {processor.py:161} INFO - Processing /home/airflow/.local/lib/python3.7/site-packages/airflow/example_dags/example_kubernetes_executor.py took 0.126 seconds
[2022-08-25 23:37:14,669] {processor.py:153} INFO - Started process (PID=18340) to work on /home/airflow/.local/lib/python3.7/site-packages/airflow/example_dags/example_kubernetes_executor.py
[2022-08-25 23:37:14,671] {processor.py:641} INFO - Processing file /home/airflow/.local/lib/python3.7/site-packages/airflow/example_dags/example_kubernetes_executor.py for tasks to queue
[2022-08-25 23:37:14,672] {logging_mixin.py:115} INFO - [2022-08-25 23:37:14,672] {dagbag.py:508} INFO - Filling up the DagBag from /home/airflow/.local/lib/python3.7/site-packages/airflow/example_dags/example_kubernetes_executor.py
[2022-08-25 23:37:14,706] {processor.py:651} INFO - DAG(s) dict_keys(['example_kubernetes_executor']) retrieved from /home/airflow/.local/lib/python3.7/site-packages/airflow/example_dags/example_kubernetes_executor.py
[2022-08-25 23:37:14,747] {logging_mixin.py:115} INFO - [2022-08-25 23:37:14,747] {dag.py:2420} INFO - Sync 1 DAGs
[2022-08-25 23:37:14,785] {logging_mixin.py:115} INFO - [2022-08-25 23:37:14,785] {dag.py:2972} INFO - Setting next_dagrun for example_kubernetes_executor to None, run_after=None
[2022-08-25 23:37:14,809] {processor.py:161} INFO - Processing /home/airflow/.local/lib/python3.7/site-packages/airflow/example_dags/example_kubernetes_executor.py took 0.148 seconds
[2022-08-25 23:37:45,553] {processor.py:153} INFO - Started process (PID=18404) to work on /home/airflow/.local/lib/python3.7/site-packages/airflow/example_dags/example_kubernetes_executor.py
[2022-08-25 23:37:45,555] {processor.py:641} INFO - Processing file /home/airflow/.local/lib/python3.7/site-packages/airflow/example_dags/example_kubernetes_executor.py for tasks to queue
[2022-08-25 23:37:45,556] {logging_mixin.py:115} INFO - [2022-08-25 23:37:45,556] {dagbag.py:508} INFO - Filling up the DagBag from /home/airflow/.local/lib/python3.7/site-packages/airflow/example_dags/example_kubernetes_executor.py
[2022-08-25 23:37:45,586] {processor.py:651} INFO - DAG(s) dict_keys(['example_kubernetes_executor']) retrieved from /home/airflow/.local/lib/python3.7/site-packages/airflow/example_dags/example_kubernetes_executor.py
[2022-08-25 23:37:45,620] {logging_mixin.py:115} INFO - [2022-08-25 23:37:45,620] {dag.py:2420} INFO - Sync 1 DAGs
[2022-08-25 23:37:45,647] {logging_mixin.py:115} INFO - [2022-08-25 23:37:45,647] {dag.py:2972} INFO - Setting next_dagrun for example_kubernetes_executor to None, run_after=None
[2022-08-25 23:37:45,667] {processor.py:161} INFO - Processing /home/airflow/.local/lib/python3.7/site-packages/airflow/example_dags/example_kubernetes_executor.py took 0.119 seconds
[2022-08-25 23:38:16,328] {processor.py:153} INFO - Started process (PID=18460) to work on /home/airflow/.local/lib/python3.7/site-packages/airflow/example_dags/example_kubernetes_executor.py
[2022-08-25 23:38:16,334] {processor.py:641} INFO - Processing file /home/airflow/.local/lib/python3.7/site-packages/airflow/example_dags/example_kubernetes_executor.py for tasks to queue
[2022-08-25 23:38:16,342] {logging_mixin.py:115} INFO - [2022-08-25 23:38:16,342] {dagbag.py:508} INFO - Filling up the DagBag from /home/airflow/.local/lib/python3.7/site-packages/airflow/example_dags/example_kubernetes_executor.py
[2022-08-25 23:38:16,399] {processor.py:651} INFO - DAG(s) dict_keys(['example_kubernetes_executor']) retrieved from /home/airflow/.local/lib/python3.7/site-packages/airflow/example_dags/example_kubernetes_executor.py
[2022-08-25 23:38:16,460] {logging_mixin.py:115} INFO - [2022-08-25 23:38:16,460] {dag.py:2420} INFO - Sync 1 DAGs
[2022-08-25 23:38:16,492] {logging_mixin.py:115} INFO - [2022-08-25 23:38:16,492] {dag.py:2972} INFO - Setting next_dagrun for example_kubernetes_executor to None, run_after=None
[2022-08-25 23:38:16,508] {processor.py:161} INFO - Processing /home/airflow/.local/lib/python3.7/site-packages/airflow/example_dags/example_kubernetes_executor.py took 0.184 seconds
[2022-08-25 23:38:47,031] {processor.py:153} INFO - Started process (PID=18524) to work on /home/airflow/.local/lib/python3.7/site-packages/airflow/example_dags/example_kubernetes_executor.py
[2022-08-25 23:38:47,032] {processor.py:641} INFO - Processing file /home/airflow/.local/lib/python3.7/site-packages/airflow/example_dags/example_kubernetes_executor.py for tasks to queue
[2022-08-25 23:38:47,034] {logging_mixin.py:115} INFO - [2022-08-25 23:38:47,034] {dagbag.py:508} INFO - Filling up the DagBag from /home/airflow/.local/lib/python3.7/site-packages/airflow/example_dags/example_kubernetes_executor.py
[2022-08-25 23:38:47,067] {processor.py:651} INFO - DAG(s) dict_keys(['example_kubernetes_executor']) retrieved from /home/airflow/.local/lib/python3.7/site-packages/airflow/example_dags/example_kubernetes_executor.py
[2022-08-25 23:38:47,104] {logging_mixin.py:115} INFO - [2022-08-25 23:38:47,104] {dag.py:2420} INFO - Sync 1 DAGs
[2022-08-25 23:38:47,132] {logging_mixin.py:115} INFO - [2022-08-25 23:38:47,132] {dag.py:2972} INFO - Setting next_dagrun for example_kubernetes_executor to None, run_after=None
[2022-08-25 23:38:47,151] {processor.py:161} INFO - Processing /home/airflow/.local/lib/python3.7/site-packages/airflow/example_dags/example_kubernetes_executor.py took 0.127 seconds
[2022-08-25 23:39:17,517] {processor.py:153} INFO - Started process (PID=18589) to work on /home/airflow/.local/lib/python3.7/site-packages/airflow/example_dags/example_kubernetes_executor.py
[2022-08-25 23:39:17,519] {processor.py:641} INFO - Processing file /home/airflow/.local/lib/python3.7/site-packages/airflow/example_dags/example_kubernetes_executor.py for tasks to queue
[2022-08-25 23:39:17,521] {logging_mixin.py:115} INFO - [2022-08-25 23:39:17,521] {dagbag.py:508} INFO - Filling up the DagBag from /home/airflow/.local/lib/python3.7/site-packages/airflow/example_dags/example_kubernetes_executor.py
[2022-08-25 23:39:17,589] {processor.py:651} INFO - DAG(s) dict_keys(['example_kubernetes_executor']) retrieved from /home/airflow/.local/lib/python3.7/site-packages/airflow/example_dags/example_kubernetes_executor.py
[2022-08-25 23:39:17,674] {logging_mixin.py:115} INFO - [2022-08-25 23:39:17,674] {dag.py:2420} INFO - Sync 1 DAGs
[2022-08-25 23:39:17,719] {logging_mixin.py:115} INFO - [2022-08-25 23:39:17,719] {dag.py:2972} INFO - Setting next_dagrun for example_kubernetes_executor to None, run_after=None
[2022-08-25 23:39:17,752] {processor.py:161} INFO - Processing /home/airflow/.local/lib/python3.7/site-packages/airflow/example_dags/example_kubernetes_executor.py took 0.245 seconds
[2022-08-25 23:39:47,806] {processor.py:153} INFO - Started process (PID=18645) to work on /home/airflow/.local/lib/python3.7/site-packages/airflow/example_dags/example_kubernetes_executor.py
[2022-08-25 23:39:47,807] {processor.py:641} INFO - Processing file /home/airflow/.local/lib/python3.7/site-packages/airflow/example_dags/example_kubernetes_executor.py for tasks to queue
[2022-08-25 23:39:47,808] {logging_mixin.py:115} INFO - [2022-08-25 23:39:47,808] {dagbag.py:508} INFO - Filling up the DagBag from /home/airflow/.local/lib/python3.7/site-packages/airflow/example_dags/example_kubernetes_executor.py
[2022-08-25 23:39:47,839] {processor.py:651} INFO - DAG(s) dict_keys(['example_kubernetes_executor']) retrieved from /home/airflow/.local/lib/python3.7/site-packages/airflow/example_dags/example_kubernetes_executor.py
[2022-08-25 23:39:47,876] {logging_mixin.py:115} INFO - [2022-08-25 23:39:47,876] {dag.py:2420} INFO - Sync 1 DAGs
[2022-08-25 23:39:47,905] {logging_mixin.py:115} INFO - [2022-08-25 23:39:47,905] {dag.py:2972} INFO - Setting next_dagrun for example_kubernetes_executor to None, run_after=None
[2022-08-25 23:39:47,921] {processor.py:161} INFO - Processing /home/airflow/.local/lib/python3.7/site-packages/airflow/example_dags/example_kubernetes_executor.py took 0.119 seconds
[2022-08-25 23:40:19,085] {processor.py:153} INFO - Started process (PID=18710) to work on /home/airflow/.local/lib/python3.7/site-packages/airflow/example_dags/example_kubernetes_executor.py
[2022-08-25 23:40:19,087] {processor.py:641} INFO - Processing file /home/airflow/.local/lib/python3.7/site-packages/airflow/example_dags/example_kubernetes_executor.py for tasks to queue
[2022-08-25 23:40:19,089] {logging_mixin.py:115} INFO - [2022-08-25 23:40:19,089] {dagbag.py:508} INFO - Filling up the DagBag from /home/airflow/.local/lib/python3.7/site-packages/airflow/example_dags/example_kubernetes_executor.py
[2022-08-25 23:40:19,123] {processor.py:651} INFO - DAG(s) dict_keys(['example_kubernetes_executor']) retrieved from /home/airflow/.local/lib/python3.7/site-packages/airflow/example_dags/example_kubernetes_executor.py
[2022-08-25 23:40:19,172] {logging_mixin.py:115} INFO - [2022-08-25 23:40:19,171] {dag.py:2420} INFO - Sync 1 DAGs
[2022-08-25 23:40:19,225] {logging_mixin.py:115} INFO - [2022-08-25 23:40:19,225] {dag.py:2972} INFO - Setting next_dagrun for example_kubernetes_executor to None, run_after=None
[2022-08-25 23:40:19,244] {processor.py:161} INFO - Processing /home/airflow/.local/lib/python3.7/site-packages/airflow/example_dags/example_kubernetes_executor.py took 0.164 seconds
[2022-08-25 23:40:49,685] {processor.py:153} INFO - Started process (PID=18765) to work on /home/airflow/.local/lib/python3.7/site-packages/airflow/example_dags/example_kubernetes_executor.py
[2022-08-25 23:40:49,687] {processor.py:641} INFO - Processing file /home/airflow/.local/lib/python3.7/site-packages/airflow/example_dags/example_kubernetes_executor.py for tasks to queue
[2022-08-25 23:40:49,689] {logging_mixin.py:115} INFO - [2022-08-25 23:40:49,688] {dagbag.py:508} INFO - Filling up the DagBag from /home/airflow/.local/lib/python3.7/site-packages/airflow/example_dags/example_kubernetes_executor.py
[2022-08-25 23:40:49,726] {processor.py:651} INFO - DAG(s) dict_keys(['example_kubernetes_executor']) retrieved from /home/airflow/.local/lib/python3.7/site-packages/airflow/example_dags/example_kubernetes_executor.py
[2022-08-25 23:40:49,767] {logging_mixin.py:115} INFO - [2022-08-25 23:40:49,766] {dag.py:2420} INFO - Sync 1 DAGs
[2022-08-25 23:40:49,800] {logging_mixin.py:115} INFO - [2022-08-25 23:40:49,800] {dag.py:2972} INFO - Setting next_dagrun for example_kubernetes_executor to None, run_after=None
[2022-08-25 23:40:49,817] {processor.py:161} INFO - Processing /home/airflow/.local/lib/python3.7/site-packages/airflow/example_dags/example_kubernetes_executor.py took 0.150 seconds
[2022-08-25 23:41:20,803] {processor.py:153} INFO - Started process (PID=18829) to work on /home/airflow/.local/lib/python3.7/site-packages/airflow/example_dags/example_kubernetes_executor.py
[2022-08-25 23:41:20,806] {processor.py:641} INFO - Processing file /home/airflow/.local/lib/python3.7/site-packages/airflow/example_dags/example_kubernetes_executor.py for tasks to queue
[2022-08-25 23:41:20,807] {logging_mixin.py:115} INFO - [2022-08-25 23:41:20,807] {dagbag.py:508} INFO - Filling up the DagBag from /home/airflow/.local/lib/python3.7/site-packages/airflow/example_dags/example_kubernetes_executor.py
[2022-08-25 23:41:20,837] {processor.py:651} INFO - DAG(s) dict_keys(['example_kubernetes_executor']) retrieved from /home/airflow/.local/lib/python3.7/site-packages/airflow/example_dags/example_kubernetes_executor.py
[2022-08-25 23:41:20,882] {logging_mixin.py:115} INFO - [2022-08-25 23:41:20,882] {dag.py:2420} INFO - Sync 1 DAGs
[2022-08-25 23:41:20,910] {logging_mixin.py:115} INFO - [2022-08-25 23:41:20,910] {dag.py:2972} INFO - Setting next_dagrun for example_kubernetes_executor to None, run_after=None
[2022-08-25 23:41:20,925] {processor.py:161} INFO - Processing /home/airflow/.local/lib/python3.7/site-packages/airflow/example_dags/example_kubernetes_executor.py took 0.127 seconds
[2022-08-25 23:41:51,575] {processor.py:153} INFO - Started process (PID=18893) to work on /home/airflow/.local/lib/python3.7/site-packages/airflow/example_dags/example_kubernetes_executor.py
[2022-08-25 23:41:51,577] {processor.py:641} INFO - Processing file /home/airflow/.local/lib/python3.7/site-packages/airflow/example_dags/example_kubernetes_executor.py for tasks to queue
[2022-08-25 23:41:51,579] {logging_mixin.py:115} INFO - [2022-08-25 23:41:51,578] {dagbag.py:508} INFO - Filling up the DagBag from /home/airflow/.local/lib/python3.7/site-packages/airflow/example_dags/example_kubernetes_executor.py
[2022-08-25 23:41:51,614] {processor.py:651} INFO - DAG(s) dict_keys(['example_kubernetes_executor']) retrieved from /home/airflow/.local/lib/python3.7/site-packages/airflow/example_dags/example_kubernetes_executor.py
[2022-08-25 23:41:51,649] {logging_mixin.py:115} INFO - [2022-08-25 23:41:51,649] {dag.py:2420} INFO - Sync 1 DAGs
[2022-08-25 23:41:51,681] {logging_mixin.py:115} INFO - [2022-08-25 23:41:51,681] {dag.py:2972} INFO - Setting next_dagrun for example_kubernetes_executor to None, run_after=None
[2022-08-25 23:41:51,700] {processor.py:161} INFO - Processing /home/airflow/.local/lib/python3.7/site-packages/airflow/example_dags/example_kubernetes_executor.py took 0.129 seconds
[2022-08-25 23:42:22,067] {processor.py:153} INFO - Started process (PID=18948) to work on /home/airflow/.local/lib/python3.7/site-packages/airflow/example_dags/example_kubernetes_executor.py
[2022-08-25 23:42:22,068] {processor.py:641} INFO - Processing file /home/airflow/.local/lib/python3.7/site-packages/airflow/example_dags/example_kubernetes_executor.py for tasks to queue
[2022-08-25 23:42:22,069] {logging_mixin.py:115} INFO - [2022-08-25 23:42:22,069] {dagbag.py:508} INFO - Filling up the DagBag from /home/airflow/.local/lib/python3.7/site-packages/airflow/example_dags/example_kubernetes_executor.py
[2022-08-25 23:42:22,098] {processor.py:651} INFO - DAG(s) dict_keys(['example_kubernetes_executor']) retrieved from /home/airflow/.local/lib/python3.7/site-packages/airflow/example_dags/example_kubernetes_executor.py
[2022-08-25 23:42:22,132] {logging_mixin.py:115} INFO - [2022-08-25 23:42:22,132] {dag.py:2420} INFO - Sync 1 DAGs
[2022-08-25 23:42:22,160] {logging_mixin.py:115} INFO - [2022-08-25 23:42:22,159] {dag.py:2972} INFO - Setting next_dagrun for example_kubernetes_executor to None, run_after=None
[2022-08-25 23:42:22,178] {processor.py:161} INFO - Processing /home/airflow/.local/lib/python3.7/site-packages/airflow/example_dags/example_kubernetes_executor.py took 0.116 seconds
[2022-08-25 23:42:52,604] {processor.py:153} INFO - Started process (PID=19012) to work on /home/airflow/.local/lib/python3.7/site-packages/airflow/example_dags/example_kubernetes_executor.py
[2022-08-25 23:42:52,605] {processor.py:641} INFO - Processing file /home/airflow/.local/lib/python3.7/site-packages/airflow/example_dags/example_kubernetes_executor.py for tasks to queue
[2022-08-25 23:42:52,606] {logging_mixin.py:115} INFO - [2022-08-25 23:42:52,606] {dagbag.py:508} INFO - Filling up the DagBag from /home/airflow/.local/lib/python3.7/site-packages/airflow/example_dags/example_kubernetes_executor.py
[2022-08-25 23:42:52,636] {processor.py:651} INFO - DAG(s) dict_keys(['example_kubernetes_executor']) retrieved from /home/airflow/.local/lib/python3.7/site-packages/airflow/example_dags/example_kubernetes_executor.py
[2022-08-25 23:42:52,672] {logging_mixin.py:115} INFO - [2022-08-25 23:42:52,671] {dag.py:2420} INFO - Sync 1 DAGs
[2022-08-25 23:42:52,706] {logging_mixin.py:115} INFO - [2022-08-25 23:42:52,705] {dag.py:2972} INFO - Setting next_dagrun for example_kubernetes_executor to None, run_after=None
[2022-08-25 23:42:52,718] {processor.py:161} INFO - Processing /home/airflow/.local/lib/python3.7/site-packages/airflow/example_dags/example_kubernetes_executor.py took 0.119 seconds
[2022-08-25 23:43:23,061] {processor.py:153} INFO - Started process (PID=19068) to work on /home/airflow/.local/lib/python3.7/site-packages/airflow/example_dags/example_kubernetes_executor.py
[2022-08-25 23:43:23,062] {processor.py:641} INFO - Processing file /home/airflow/.local/lib/python3.7/site-packages/airflow/example_dags/example_kubernetes_executor.py for tasks to queue
[2022-08-25 23:43:23,064] {logging_mixin.py:115} INFO - [2022-08-25 23:43:23,064] {dagbag.py:508} INFO - Filling up the DagBag from /home/airflow/.local/lib/python3.7/site-packages/airflow/example_dags/example_kubernetes_executor.py
[2022-08-25 23:43:23,094] {processor.py:651} INFO - DAG(s) dict_keys(['example_kubernetes_executor']) retrieved from /home/airflow/.local/lib/python3.7/site-packages/airflow/example_dags/example_kubernetes_executor.py
[2022-08-25 23:43:23,132] {logging_mixin.py:115} INFO - [2022-08-25 23:43:23,132] {dag.py:2420} INFO - Sync 1 DAGs
[2022-08-25 23:43:23,167] {logging_mixin.py:115} INFO - [2022-08-25 23:43:23,167] {dag.py:2972} INFO - Setting next_dagrun for example_kubernetes_executor to None, run_after=None
[2022-08-25 23:43:23,184] {processor.py:161} INFO - Processing /home/airflow/.local/lib/python3.7/site-packages/airflow/example_dags/example_kubernetes_executor.py took 0.127 seconds
[2022-08-25 23:43:53,449] {processor.py:153} INFO - Started process (PID=19132) to work on /home/airflow/.local/lib/python3.7/site-packages/airflow/example_dags/example_kubernetes_executor.py
[2022-08-25 23:43:53,450] {processor.py:641} INFO - Processing file /home/airflow/.local/lib/python3.7/site-packages/airflow/example_dags/example_kubernetes_executor.py for tasks to queue
[2022-08-25 23:43:53,452] {logging_mixin.py:115} INFO - [2022-08-25 23:43:53,451] {dagbag.py:508} INFO - Filling up the DagBag from /home/airflow/.local/lib/python3.7/site-packages/airflow/example_dags/example_kubernetes_executor.py
[2022-08-25 23:43:53,484] {processor.py:651} INFO - DAG(s) dict_keys(['example_kubernetes_executor']) retrieved from /home/airflow/.local/lib/python3.7/site-packages/airflow/example_dags/example_kubernetes_executor.py
[2022-08-25 23:43:53,519] {logging_mixin.py:115} INFO - [2022-08-25 23:43:53,519] {dag.py:2420} INFO - Sync 1 DAGs
[2022-08-25 23:43:53,546] {logging_mixin.py:115} INFO - [2022-08-25 23:43:53,546] {dag.py:2972} INFO - Setting next_dagrun for example_kubernetes_executor to None, run_after=None
[2022-08-25 23:43:53,562] {processor.py:161} INFO - Processing /home/airflow/.local/lib/python3.7/site-packages/airflow/example_dags/example_kubernetes_executor.py took 0.118 seconds
[2022-08-25 23:44:24,015] {processor.py:153} INFO - Started process (PID=19197) to work on /home/airflow/.local/lib/python3.7/site-packages/airflow/example_dags/example_kubernetes_executor.py
[2022-08-25 23:44:24,016] {processor.py:641} INFO - Processing file /home/airflow/.local/lib/python3.7/site-packages/airflow/example_dags/example_kubernetes_executor.py for tasks to queue
[2022-08-25 23:44:24,018] {logging_mixin.py:115} INFO - [2022-08-25 23:44:24,018] {dagbag.py:508} INFO - Filling up the DagBag from /home/airflow/.local/lib/python3.7/site-packages/airflow/example_dags/example_kubernetes_executor.py
[2022-08-25 23:44:24,051] {processor.py:651} INFO - DAG(s) dict_keys(['example_kubernetes_executor']) retrieved from /home/airflow/.local/lib/python3.7/site-packages/airflow/example_dags/example_kubernetes_executor.py
[2022-08-25 23:44:24,090] {logging_mixin.py:115} INFO - [2022-08-25 23:44:24,090] {dag.py:2420} INFO - Sync 1 DAGs
[2022-08-25 23:44:24,132] {logging_mixin.py:115} INFO - [2022-08-25 23:44:24,132] {dag.py:2972} INFO - Setting next_dagrun for example_kubernetes_executor to None, run_after=None
[2022-08-25 23:44:24,154] {processor.py:161} INFO - Processing /home/airflow/.local/lib/python3.7/site-packages/airflow/example_dags/example_kubernetes_executor.py took 0.145 seconds
[2022-08-25 23:44:54,363] {processor.py:153} INFO - Started process (PID=19253) to work on /home/airflow/.local/lib/python3.7/site-packages/airflow/example_dags/example_kubernetes_executor.py
[2022-08-25 23:44:54,364] {processor.py:641} INFO - Processing file /home/airflow/.local/lib/python3.7/site-packages/airflow/example_dags/example_kubernetes_executor.py for tasks to queue
[2022-08-25 23:44:54,365] {logging_mixin.py:115} INFO - [2022-08-25 23:44:54,365] {dagbag.py:508} INFO - Filling up the DagBag from /home/airflow/.local/lib/python3.7/site-packages/airflow/example_dags/example_kubernetes_executor.py
[2022-08-25 23:44:54,396] {processor.py:651} INFO - DAG(s) dict_keys(['example_kubernetes_executor']) retrieved from /home/airflow/.local/lib/python3.7/site-packages/airflow/example_dags/example_kubernetes_executor.py
[2022-08-25 23:44:54,432] {logging_mixin.py:115} INFO - [2022-08-25 23:44:54,432] {dag.py:2420} INFO - Sync 1 DAGs
[2022-08-25 23:44:54,461] {logging_mixin.py:115} INFO - [2022-08-25 23:44:54,461] {dag.py:2972} INFO - Setting next_dagrun for example_kubernetes_executor to None, run_after=None
[2022-08-25 23:44:54,480] {processor.py:161} INFO - Processing /home/airflow/.local/lib/python3.7/site-packages/airflow/example_dags/example_kubernetes_executor.py took 0.123 seconds
[2022-08-25 23:45:24,819] {processor.py:153} INFO - Started process (PID=19317) to work on /home/airflow/.local/lib/python3.7/site-packages/airflow/example_dags/example_kubernetes_executor.py
[2022-08-25 23:45:24,820] {processor.py:641} INFO - Processing file /home/airflow/.local/lib/python3.7/site-packages/airflow/example_dags/example_kubernetes_executor.py for tasks to queue
[2022-08-25 23:45:24,822] {logging_mixin.py:115} INFO - [2022-08-25 23:45:24,821] {dagbag.py:508} INFO - Filling up the DagBag from /home/airflow/.local/lib/python3.7/site-packages/airflow/example_dags/example_kubernetes_executor.py
[2022-08-25 23:45:24,871] {processor.py:651} INFO - DAG(s) dict_keys(['example_kubernetes_executor']) retrieved from /home/airflow/.local/lib/python3.7/site-packages/airflow/example_dags/example_kubernetes_executor.py
[2022-08-25 23:45:24,918] {logging_mixin.py:115} INFO - [2022-08-25 23:45:24,918] {dag.py:2420} INFO - Sync 1 DAGs
[2022-08-25 23:45:24,953] {logging_mixin.py:115} INFO - [2022-08-25 23:45:24,953] {dag.py:2972} INFO - Setting next_dagrun for example_kubernetes_executor to None, run_after=None
[2022-08-25 23:45:24,975] {processor.py:161} INFO - Processing /home/airflow/.local/lib/python3.7/site-packages/airflow/example_dags/example_kubernetes_executor.py took 0.161 seconds
[2022-08-25 23:45:55,454] {processor.py:153} INFO - Started process (PID=19372) to work on /home/airflow/.local/lib/python3.7/site-packages/airflow/example_dags/example_kubernetes_executor.py
[2022-08-25 23:45:55,456] {processor.py:641} INFO - Processing file /home/airflow/.local/lib/python3.7/site-packages/airflow/example_dags/example_kubernetes_executor.py for tasks to queue
[2022-08-25 23:45:55,457] {logging_mixin.py:115} INFO - [2022-08-25 23:45:55,457] {dagbag.py:508} INFO - Filling up the DagBag from /home/airflow/.local/lib/python3.7/site-packages/airflow/example_dags/example_kubernetes_executor.py
[2022-08-25 23:45:55,495] {processor.py:651} INFO - DAG(s) dict_keys(['example_kubernetes_executor']) retrieved from /home/airflow/.local/lib/python3.7/site-packages/airflow/example_dags/example_kubernetes_executor.py
[2022-08-25 23:45:55,533] {logging_mixin.py:115} INFO - [2022-08-25 23:45:55,533] {dag.py:2420} INFO - Sync 1 DAGs
[2022-08-25 23:45:55,565] {logging_mixin.py:115} INFO - [2022-08-25 23:45:55,564] {dag.py:2972} INFO - Setting next_dagrun for example_kubernetes_executor to None, run_after=None
[2022-08-25 23:45:55,579] {processor.py:161} INFO - Processing /home/airflow/.local/lib/python3.7/site-packages/airflow/example_dags/example_kubernetes_executor.py took 0.132 seconds
[2022-08-25 23:46:25,671] {processor.py:153} INFO - Started process (PID=19437) to work on /home/airflow/.local/lib/python3.7/site-packages/airflow/example_dags/example_kubernetes_executor.py
[2022-08-25 23:46:25,672] {processor.py:641} INFO - Processing file /home/airflow/.local/lib/python3.7/site-packages/airflow/example_dags/example_kubernetes_executor.py for tasks to queue
[2022-08-25 23:46:25,673] {logging_mixin.py:115} INFO - [2022-08-25 23:46:25,673] {dagbag.py:508} INFO - Filling up the DagBag from /home/airflow/.local/lib/python3.7/site-packages/airflow/example_dags/example_kubernetes_executor.py
[2022-08-25 23:46:25,714] {processor.py:651} INFO - DAG(s) dict_keys(['example_kubernetes_executor']) retrieved from /home/airflow/.local/lib/python3.7/site-packages/airflow/example_dags/example_kubernetes_executor.py
[2022-08-25 23:46:25,756] {logging_mixin.py:115} INFO - [2022-08-25 23:46:25,755] {dag.py:2420} INFO - Sync 1 DAGs
[2022-08-25 23:46:25,783] {logging_mixin.py:115} INFO - [2022-08-25 23:46:25,783] {dag.py:2972} INFO - Setting next_dagrun for example_kubernetes_executor to None, run_after=None
[2022-08-25 23:46:25,798] {processor.py:161} INFO - Processing /home/airflow/.local/lib/python3.7/site-packages/airflow/example_dags/example_kubernetes_executor.py took 0.133 seconds
[2022-08-25 23:46:55,906] {processor.py:153} INFO - Started process (PID=19501) to work on /home/airflow/.local/lib/python3.7/site-packages/airflow/example_dags/example_kubernetes_executor.py
[2022-08-25 23:46:55,907] {processor.py:641} INFO - Processing file /home/airflow/.local/lib/python3.7/site-packages/airflow/example_dags/example_kubernetes_executor.py for tasks to queue
[2022-08-25 23:46:55,910] {logging_mixin.py:115} INFO - [2022-08-25 23:46:55,910] {dagbag.py:508} INFO - Filling up the DagBag from /home/airflow/.local/lib/python3.7/site-packages/airflow/example_dags/example_kubernetes_executor.py
[2022-08-25 23:46:55,965] {processor.py:651} INFO - DAG(s) dict_keys(['example_kubernetes_executor']) retrieved from /home/airflow/.local/lib/python3.7/site-packages/airflow/example_dags/example_kubernetes_executor.py
[2022-08-25 23:46:56,008] {logging_mixin.py:115} INFO - [2022-08-25 23:46:56,008] {dag.py:2420} INFO - Sync 1 DAGs
[2022-08-25 23:46:56,045] {logging_mixin.py:115} INFO - [2022-08-25 23:46:56,045] {dag.py:2972} INFO - Setting next_dagrun for example_kubernetes_executor to None, run_after=None
[2022-08-25 23:46:56,071] {processor.py:161} INFO - Processing /home/airflow/.local/lib/python3.7/site-packages/airflow/example_dags/example_kubernetes_executor.py took 0.174 seconds
[2022-08-25 23:47:26,300] {processor.py:153} INFO - Started process (PID=19559) to work on /home/airflow/.local/lib/python3.7/site-packages/airflow/example_dags/example_kubernetes_executor.py
[2022-08-25 23:47:26,301] {processor.py:641} INFO - Processing file /home/airflow/.local/lib/python3.7/site-packages/airflow/example_dags/example_kubernetes_executor.py for tasks to queue
[2022-08-25 23:47:26,302] {logging_mixin.py:115} INFO - [2022-08-25 23:47:26,302] {dagbag.py:508} INFO - Filling up the DagBag from /home/airflow/.local/lib/python3.7/site-packages/airflow/example_dags/example_kubernetes_executor.py
[2022-08-25 23:47:26,332] {processor.py:651} INFO - DAG(s) dict_keys(['example_kubernetes_executor']) retrieved from /home/airflow/.local/lib/python3.7/site-packages/airflow/example_dags/example_kubernetes_executor.py
[2022-08-25 23:47:26,368] {logging_mixin.py:115} INFO - [2022-08-25 23:47:26,367] {dag.py:2420} INFO - Sync 1 DAGs
[2022-08-25 23:47:26,394] {logging_mixin.py:115} INFO - [2022-08-25 23:47:26,394] {dag.py:2972} INFO - Setting next_dagrun for example_kubernetes_executor to None, run_after=None
[2022-08-25 23:47:26,416] {processor.py:161} INFO - Processing /home/airflow/.local/lib/python3.7/site-packages/airflow/example_dags/example_kubernetes_executor.py took 0.122 seconds
[2022-08-25 23:47:57,658] {processor.py:153} INFO - Started process (PID=19624) to work on /home/airflow/.local/lib/python3.7/site-packages/airflow/example_dags/example_kubernetes_executor.py
[2022-08-25 23:47:57,660] {processor.py:641} INFO - Processing file /home/airflow/.local/lib/python3.7/site-packages/airflow/example_dags/example_kubernetes_executor.py for tasks to queue
[2022-08-25 23:47:57,661] {logging_mixin.py:115} INFO - [2022-08-25 23:47:57,661] {dagbag.py:508} INFO - Filling up the DagBag from /home/airflow/.local/lib/python3.7/site-packages/airflow/example_dags/example_kubernetes_executor.py
[2022-08-25 23:47:57,786] {processor.py:651} INFO - DAG(s) dict_keys(['example_kubernetes_executor']) retrieved from /home/airflow/.local/lib/python3.7/site-packages/airflow/example_dags/example_kubernetes_executor.py
[2022-08-25 23:47:57,873] {logging_mixin.py:115} INFO - [2022-08-25 23:47:57,873] {dag.py:2420} INFO - Sync 1 DAGs
[2022-08-25 23:47:57,912] {logging_mixin.py:115} INFO - [2022-08-25 23:47:57,911] {dag.py:2972} INFO - Setting next_dagrun for example_kubernetes_executor to None, run_after=None
[2022-08-25 23:47:57,946] {processor.py:161} INFO - Processing /home/airflow/.local/lib/python3.7/site-packages/airflow/example_dags/example_kubernetes_executor.py took 0.300 seconds
[2022-08-25 23:48:28,414] {processor.py:153} INFO - Started process (PID=19679) to work on /home/airflow/.local/lib/python3.7/site-packages/airflow/example_dags/example_kubernetes_executor.py
[2022-08-25 23:48:28,416] {processor.py:641} INFO - Processing file /home/airflow/.local/lib/python3.7/site-packages/airflow/example_dags/example_kubernetes_executor.py for tasks to queue
[2022-08-25 23:48:28,417] {logging_mixin.py:115} INFO - [2022-08-25 23:48:28,417] {dagbag.py:508} INFO - Filling up the DagBag from /home/airflow/.local/lib/python3.7/site-packages/airflow/example_dags/example_kubernetes_executor.py
[2022-08-25 23:48:28,452] {processor.py:651} INFO - DAG(s) dict_keys(['example_kubernetes_executor']) retrieved from /home/airflow/.local/lib/python3.7/site-packages/airflow/example_dags/example_kubernetes_executor.py
[2022-08-25 23:48:28,491] {logging_mixin.py:115} INFO - [2022-08-25 23:48:28,491] {dag.py:2420} INFO - Sync 1 DAGs
[2022-08-25 23:48:28,522] {logging_mixin.py:115} INFO - [2022-08-25 23:48:28,522] {dag.py:2972} INFO - Setting next_dagrun for example_kubernetes_executor to None, run_after=None
[2022-08-25 23:48:28,539] {processor.py:161} INFO - Processing /home/airflow/.local/lib/python3.7/site-packages/airflow/example_dags/example_kubernetes_executor.py took 0.129 seconds
[2022-08-25 23:48:58,829] {processor.py:153} INFO - Started process (PID=19744) to work on /home/airflow/.local/lib/python3.7/site-packages/airflow/example_dags/example_kubernetes_executor.py
[2022-08-25 23:48:58,833] {processor.py:641} INFO - Processing file /home/airflow/.local/lib/python3.7/site-packages/airflow/example_dags/example_kubernetes_executor.py for tasks to queue
[2022-08-25 23:48:58,836] {logging_mixin.py:115} INFO - [2022-08-25 23:48:58,835] {dagbag.py:508} INFO - Filling up the DagBag from /home/airflow/.local/lib/python3.7/site-packages/airflow/example_dags/example_kubernetes_executor.py
[2022-08-25 23:48:58,887] {processor.py:651} INFO - DAG(s) dict_keys(['example_kubernetes_executor']) retrieved from /home/airflow/.local/lib/python3.7/site-packages/airflow/example_dags/example_kubernetes_executor.py
[2022-08-25 23:48:58,926] {logging_mixin.py:115} INFO - [2022-08-25 23:48:58,926] {dag.py:2420} INFO - Sync 1 DAGs
[2022-08-25 23:48:58,962] {logging_mixin.py:115} INFO - [2022-08-25 23:48:58,962] {dag.py:2972} INFO - Setting next_dagrun for example_kubernetes_executor to None, run_after=None
[2022-08-25 23:48:58,991] {processor.py:161} INFO - Processing /home/airflow/.local/lib/python3.7/site-packages/airflow/example_dags/example_kubernetes_executor.py took 0.170 seconds
[2022-08-25 23:49:29,736] {processor.py:153} INFO - Started process (PID=19808) to work on /home/airflow/.local/lib/python3.7/site-packages/airflow/example_dags/example_kubernetes_executor.py
[2022-08-25 23:49:29,738] {processor.py:641} INFO - Processing file /home/airflow/.local/lib/python3.7/site-packages/airflow/example_dags/example_kubernetes_executor.py for tasks to queue
[2022-08-25 23:49:29,739] {logging_mixin.py:115} INFO - [2022-08-25 23:49:29,739] {dagbag.py:508} INFO - Filling up the DagBag from /home/airflow/.local/lib/python3.7/site-packages/airflow/example_dags/example_kubernetes_executor.py
[2022-08-25 23:49:29,774] {processor.py:651} INFO - DAG(s) dict_keys(['example_kubernetes_executor']) retrieved from /home/airflow/.local/lib/python3.7/site-packages/airflow/example_dags/example_kubernetes_executor.py
[2022-08-25 23:49:29,811] {logging_mixin.py:115} INFO - [2022-08-25 23:49:29,811] {dag.py:2420} INFO - Sync 1 DAGs
[2022-08-25 23:49:29,843] {logging_mixin.py:115} INFO - [2022-08-25 23:49:29,843] {dag.py:2972} INFO - Setting next_dagrun for example_kubernetes_executor to None, run_after=None
[2022-08-25 23:49:29,867] {processor.py:161} INFO - Processing /home/airflow/.local/lib/python3.7/site-packages/airflow/example_dags/example_kubernetes_executor.py took 0.136 seconds
[2022-08-25 23:49:59,926] {processor.py:153} INFO - Started process (PID=19863) to work on /home/airflow/.local/lib/python3.7/site-packages/airflow/example_dags/example_kubernetes_executor.py
[2022-08-25 23:49:59,927] {processor.py:641} INFO - Processing file /home/airflow/.local/lib/python3.7/site-packages/airflow/example_dags/example_kubernetes_executor.py for tasks to queue
[2022-08-25 23:49:59,929] {logging_mixin.py:115} INFO - [2022-08-25 23:49:59,929] {dagbag.py:508} INFO - Filling up the DagBag from /home/airflow/.local/lib/python3.7/site-packages/airflow/example_dags/example_kubernetes_executor.py
[2022-08-25 23:49:59,974] {processor.py:651} INFO - DAG(s) dict_keys(['example_kubernetes_executor']) retrieved from /home/airflow/.local/lib/python3.7/site-packages/airflow/example_dags/example_kubernetes_executor.py
[2022-08-25 23:50:00,013] {logging_mixin.py:115} INFO - [2022-08-25 23:50:00,012] {dag.py:2420} INFO - Sync 1 DAGs
[2022-08-25 23:50:00,045] {logging_mixin.py:115} INFO - [2022-08-25 23:50:00,045] {dag.py:2972} INFO - Setting next_dagrun for example_kubernetes_executor to None, run_after=None
[2022-08-25 23:50:00,064] {processor.py:161} INFO - Processing /home/airflow/.local/lib/python3.7/site-packages/airflow/example_dags/example_kubernetes_executor.py took 0.146 seconds
[2022-08-25 23:50:30,755] {processor.py:153} INFO - Started process (PID=19927) to work on /home/airflow/.local/lib/python3.7/site-packages/airflow/example_dags/example_kubernetes_executor.py
[2022-08-25 23:50:30,757] {processor.py:641} INFO - Processing file /home/airflow/.local/lib/python3.7/site-packages/airflow/example_dags/example_kubernetes_executor.py for tasks to queue
[2022-08-25 23:50:30,758] {logging_mixin.py:115} INFO - [2022-08-25 23:50:30,758] {dagbag.py:508} INFO - Filling up the DagBag from /home/airflow/.local/lib/python3.7/site-packages/airflow/example_dags/example_kubernetes_executor.py
[2022-08-25 23:50:30,788] {processor.py:651} INFO - DAG(s) dict_keys(['example_kubernetes_executor']) retrieved from /home/airflow/.local/lib/python3.7/site-packages/airflow/example_dags/example_kubernetes_executor.py
[2022-08-25 23:50:30,824] {logging_mixin.py:115} INFO - [2022-08-25 23:50:30,824] {dag.py:2420} INFO - Sync 1 DAGs
[2022-08-25 23:50:30,851] {logging_mixin.py:115} INFO - [2022-08-25 23:50:30,851] {dag.py:2972} INFO - Setting next_dagrun for example_kubernetes_executor to None, run_after=None
[2022-08-25 23:50:30,866] {processor.py:161} INFO - Processing /home/airflow/.local/lib/python3.7/site-packages/airflow/example_dags/example_kubernetes_executor.py took 0.116 seconds
[2022-08-25 23:51:01,101] {processor.py:153} INFO - Started process (PID=19982) to work on /home/airflow/.local/lib/python3.7/site-packages/airflow/example_dags/example_kubernetes_executor.py
[2022-08-25 23:51:01,102] {processor.py:641} INFO - Processing file /home/airflow/.local/lib/python3.7/site-packages/airflow/example_dags/example_kubernetes_executor.py for tasks to queue
[2022-08-25 23:51:01,103] {logging_mixin.py:115} INFO - [2022-08-25 23:51:01,103] {dagbag.py:508} INFO - Filling up the DagBag from /home/airflow/.local/lib/python3.7/site-packages/airflow/example_dags/example_kubernetes_executor.py
[2022-08-25 23:51:01,133] {processor.py:651} INFO - DAG(s) dict_keys(['example_kubernetes_executor']) retrieved from /home/airflow/.local/lib/python3.7/site-packages/airflow/example_dags/example_kubernetes_executor.py
[2022-08-25 23:51:01,167] {logging_mixin.py:115} INFO - [2022-08-25 23:51:01,167] {dag.py:2420} INFO - Sync 1 DAGs
[2022-08-25 23:51:01,194] {logging_mixin.py:115} INFO - [2022-08-25 23:51:01,194] {dag.py:2972} INFO - Setting next_dagrun for example_kubernetes_executor to None, run_after=None
[2022-08-25 23:51:01,211] {processor.py:161} INFO - Processing /home/airflow/.local/lib/python3.7/site-packages/airflow/example_dags/example_kubernetes_executor.py took 0.115 seconds
[2022-08-25 23:51:32,115] {processor.py:153} INFO - Started process (PID=20047) to work on /home/airflow/.local/lib/python3.7/site-packages/airflow/example_dags/example_kubernetes_executor.py
[2022-08-25 23:51:32,117] {processor.py:641} INFO - Processing file /home/airflow/.local/lib/python3.7/site-packages/airflow/example_dags/example_kubernetes_executor.py for tasks to queue
[2022-08-25 23:51:32,118] {logging_mixin.py:115} INFO - [2022-08-25 23:51:32,118] {dagbag.py:508} INFO - Filling up the DagBag from /home/airflow/.local/lib/python3.7/site-packages/airflow/example_dags/example_kubernetes_executor.py
[2022-08-25 23:51:32,152] {processor.py:651} INFO - DAG(s) dict_keys(['example_kubernetes_executor']) retrieved from /home/airflow/.local/lib/python3.7/site-packages/airflow/example_dags/example_kubernetes_executor.py
[2022-08-25 23:51:32,191] {logging_mixin.py:115} INFO - [2022-08-25 23:51:32,191] {dag.py:2420} INFO - Sync 1 DAGs
[2022-08-25 23:51:32,222] {logging_mixin.py:115} INFO - [2022-08-25 23:51:32,222] {dag.py:2972} INFO - Setting next_dagrun for example_kubernetes_executor to None, run_after=None
[2022-08-25 23:51:32,246] {processor.py:161} INFO - Processing /home/airflow/.local/lib/python3.7/site-packages/airflow/example_dags/example_kubernetes_executor.py took 0.136 seconds
[2022-08-25 23:52:02,405] {processor.py:153} INFO - Started process (PID=20112) to work on /home/airflow/.local/lib/python3.7/site-packages/airflow/example_dags/example_kubernetes_executor.py
[2022-08-25 23:52:02,406] {processor.py:641} INFO - Processing file /home/airflow/.local/lib/python3.7/site-packages/airflow/example_dags/example_kubernetes_executor.py for tasks to queue
[2022-08-25 23:52:02,408] {logging_mixin.py:115} INFO - [2022-08-25 23:52:02,408] {dagbag.py:508} INFO - Filling up the DagBag from /home/airflow/.local/lib/python3.7/site-packages/airflow/example_dags/example_kubernetes_executor.py
[2022-08-25 23:52:02,439] {processor.py:651} INFO - DAG(s) dict_keys(['example_kubernetes_executor']) retrieved from /home/airflow/.local/lib/python3.7/site-packages/airflow/example_dags/example_kubernetes_executor.py
[2022-08-25 23:52:02,475] {logging_mixin.py:115} INFO - [2022-08-25 23:52:02,475] {dag.py:2420} INFO - Sync 1 DAGs
[2022-08-25 23:52:02,504] {logging_mixin.py:115} INFO - [2022-08-25 23:52:02,504] {dag.py:2972} INFO - Setting next_dagrun for example_kubernetes_executor to None, run_after=None
[2022-08-25 23:52:02,521] {processor.py:161} INFO - Processing /home/airflow/.local/lib/python3.7/site-packages/airflow/example_dags/example_kubernetes_executor.py took 0.122 seconds
[2022-08-25 23:52:33,453] {processor.py:153} INFO - Started process (PID=20168) to work on /home/airflow/.local/lib/python3.7/site-packages/airflow/example_dags/example_kubernetes_executor.py
[2022-08-25 23:52:33,455] {processor.py:641} INFO - Processing file /home/airflow/.local/lib/python3.7/site-packages/airflow/example_dags/example_kubernetes_executor.py for tasks to queue
[2022-08-25 23:52:33,457] {logging_mixin.py:115} INFO - [2022-08-25 23:52:33,456] {dagbag.py:508} INFO - Filling up the DagBag from /home/airflow/.local/lib/python3.7/site-packages/airflow/example_dags/example_kubernetes_executor.py
[2022-08-25 23:52:33,488] {processor.py:651} INFO - DAG(s) dict_keys(['example_kubernetes_executor']) retrieved from /home/airflow/.local/lib/python3.7/site-packages/airflow/example_dags/example_kubernetes_executor.py
[2022-08-25 23:52:33,524] {logging_mixin.py:115} INFO - [2022-08-25 23:52:33,524] {dag.py:2420} INFO - Sync 1 DAGs
[2022-08-25 23:52:33,560] {logging_mixin.py:115} INFO - [2022-08-25 23:52:33,560] {dag.py:2972} INFO - Setting next_dagrun for example_kubernetes_executor to None, run_after=None
[2022-08-25 23:52:33,574] {processor.py:161} INFO - Processing /home/airflow/.local/lib/python3.7/site-packages/airflow/example_dags/example_kubernetes_executor.py took 0.129 seconds
[2022-08-25 23:53:04,248] {processor.py:153} INFO - Started process (PID=20232) to work on /home/airflow/.local/lib/python3.7/site-packages/airflow/example_dags/example_kubernetes_executor.py
[2022-08-25 23:53:04,250] {processor.py:641} INFO - Processing file /home/airflow/.local/lib/python3.7/site-packages/airflow/example_dags/example_kubernetes_executor.py for tasks to queue
[2022-08-25 23:53:04,252] {logging_mixin.py:115} INFO - [2022-08-25 23:53:04,251] {dagbag.py:508} INFO - Filling up the DagBag from /home/airflow/.local/lib/python3.7/site-packages/airflow/example_dags/example_kubernetes_executor.py
[2022-08-25 23:53:04,284] {processor.py:651} INFO - DAG(s) dict_keys(['example_kubernetes_executor']) retrieved from /home/airflow/.local/lib/python3.7/site-packages/airflow/example_dags/example_kubernetes_executor.py
[2022-08-25 23:53:04,319] {logging_mixin.py:115} INFO - [2022-08-25 23:53:04,318] {dag.py:2420} INFO - Sync 1 DAGs
[2022-08-25 23:53:04,349] {logging_mixin.py:115} INFO - [2022-08-25 23:53:04,349] {dag.py:2972} INFO - Setting next_dagrun for example_kubernetes_executor to None, run_after=None
[2022-08-25 23:53:04,364] {processor.py:161} INFO - Processing /home/airflow/.local/lib/python3.7/site-packages/airflow/example_dags/example_kubernetes_executor.py took 0.123 seconds
[2022-08-25 23:53:35,084] {processor.py:153} INFO - Started process (PID=20296) to work on /home/airflow/.local/lib/python3.7/site-packages/airflow/example_dags/example_kubernetes_executor.py
[2022-08-25 23:53:35,086] {processor.py:641} INFO - Processing file /home/airflow/.local/lib/python3.7/site-packages/airflow/example_dags/example_kubernetes_executor.py for tasks to queue
[2022-08-25 23:53:35,087] {logging_mixin.py:115} INFO - [2022-08-25 23:53:35,087] {dagbag.py:508} INFO - Filling up the DagBag from /home/airflow/.local/lib/python3.7/site-packages/airflow/example_dags/example_kubernetes_executor.py
[2022-08-25 23:53:35,118] {processor.py:651} INFO - DAG(s) dict_keys(['example_kubernetes_executor']) retrieved from /home/airflow/.local/lib/python3.7/site-packages/airflow/example_dags/example_kubernetes_executor.py
[2022-08-25 23:53:35,153] {logging_mixin.py:115} INFO - [2022-08-25 23:53:35,153] {dag.py:2420} INFO - Sync 1 DAGs
[2022-08-25 23:53:35,180] {logging_mixin.py:115} INFO - [2022-08-25 23:53:35,180] {dag.py:2972} INFO - Setting next_dagrun for example_kubernetes_executor to None, run_after=None
[2022-08-25 23:53:35,195] {processor.py:161} INFO - Processing /home/airflow/.local/lib/python3.7/site-packages/airflow/example_dags/example_kubernetes_executor.py took 0.116 seconds
[2022-08-25 23:54:06,103] {processor.py:153} INFO - Started process (PID=20351) to work on /home/airflow/.local/lib/python3.7/site-packages/airflow/example_dags/example_kubernetes_executor.py
[2022-08-25 23:54:06,105] {processor.py:641} INFO - Processing file /home/airflow/.local/lib/python3.7/site-packages/airflow/example_dags/example_kubernetes_executor.py for tasks to queue
[2022-08-25 23:54:06,106] {logging_mixin.py:115} INFO - [2022-08-25 23:54:06,106] {dagbag.py:508} INFO - Filling up the DagBag from /home/airflow/.local/lib/python3.7/site-packages/airflow/example_dags/example_kubernetes_executor.py
[2022-08-25 23:54:06,137] {processor.py:651} INFO - DAG(s) dict_keys(['example_kubernetes_executor']) retrieved from /home/airflow/.local/lib/python3.7/site-packages/airflow/example_dags/example_kubernetes_executor.py
[2022-08-25 23:54:06,178] {logging_mixin.py:115} INFO - [2022-08-25 23:54:06,178] {dag.py:2420} INFO - Sync 1 DAGs
[2022-08-25 23:54:06,207] {logging_mixin.py:115} INFO - [2022-08-25 23:54:06,206] {dag.py:2972} INFO - Setting next_dagrun for example_kubernetes_executor to None, run_after=None
[2022-08-25 23:54:06,223] {processor.py:161} INFO - Processing /home/airflow/.local/lib/python3.7/site-packages/airflow/example_dags/example_kubernetes_executor.py took 0.124 seconds
[2022-08-25 23:54:36,777] {processor.py:153} INFO - Started process (PID=20415) to work on /home/airflow/.local/lib/python3.7/site-packages/airflow/example_dags/example_kubernetes_executor.py
[2022-08-25 23:54:36,778] {processor.py:641} INFO - Processing file /home/airflow/.local/lib/python3.7/site-packages/airflow/example_dags/example_kubernetes_executor.py for tasks to queue
[2022-08-25 23:54:36,779] {logging_mixin.py:115} INFO - [2022-08-25 23:54:36,779] {dagbag.py:508} INFO - Filling up the DagBag from /home/airflow/.local/lib/python3.7/site-packages/airflow/example_dags/example_kubernetes_executor.py
[2022-08-25 23:54:36,810] {processor.py:651} INFO - DAG(s) dict_keys(['example_kubernetes_executor']) retrieved from /home/airflow/.local/lib/python3.7/site-packages/airflow/example_dags/example_kubernetes_executor.py
[2022-08-25 23:54:36,845] {logging_mixin.py:115} INFO - [2022-08-25 23:54:36,845] {dag.py:2420} INFO - Sync 1 DAGs
[2022-08-25 23:54:36,873] {logging_mixin.py:115} INFO - [2022-08-25 23:54:36,873] {dag.py:2972} INFO - Setting next_dagrun for example_kubernetes_executor to None, run_after=None
[2022-08-25 23:54:36,890] {processor.py:161} INFO - Processing /home/airflow/.local/lib/python3.7/site-packages/airflow/example_dags/example_kubernetes_executor.py took 0.121 seconds
[2022-08-25 23:55:07,546] {processor.py:153} INFO - Started process (PID=20478) to work on /home/airflow/.local/lib/python3.7/site-packages/airflow/example_dags/example_kubernetes_executor.py
[2022-08-25 23:55:07,548] {processor.py:641} INFO - Processing file /home/airflow/.local/lib/python3.7/site-packages/airflow/example_dags/example_kubernetes_executor.py for tasks to queue
[2022-08-25 23:55:07,549] {logging_mixin.py:115} INFO - [2022-08-25 23:55:07,549] {dagbag.py:508} INFO - Filling up the DagBag from /home/airflow/.local/lib/python3.7/site-packages/airflow/example_dags/example_kubernetes_executor.py
[2022-08-25 23:55:07,578] {processor.py:651} INFO - DAG(s) dict_keys(['example_kubernetes_executor']) retrieved from /home/airflow/.local/lib/python3.7/site-packages/airflow/example_dags/example_kubernetes_executor.py
[2022-08-25 23:55:07,615] {logging_mixin.py:115} INFO - [2022-08-25 23:55:07,615] {dag.py:2420} INFO - Sync 1 DAGs
[2022-08-25 23:55:07,642] {logging_mixin.py:115} INFO - [2022-08-25 23:55:07,642] {dag.py:2972} INFO - Setting next_dagrun for example_kubernetes_executor to None, run_after=None
[2022-08-25 23:55:07,659] {processor.py:161} INFO - Processing /home/airflow/.local/lib/python3.7/site-packages/airflow/example_dags/example_kubernetes_executor.py took 0.117 seconds
[2022-08-25 23:55:38,066] {processor.py:153} INFO - Started process (PID=20532) to work on /home/airflow/.local/lib/python3.7/site-packages/airflow/example_dags/example_kubernetes_executor.py
[2022-08-25 23:55:38,068] {processor.py:641} INFO - Processing file /home/airflow/.local/lib/python3.7/site-packages/airflow/example_dags/example_kubernetes_executor.py for tasks to queue
[2022-08-25 23:55:38,069] {logging_mixin.py:115} INFO - [2022-08-25 23:55:38,069] {dagbag.py:508} INFO - Filling up the DagBag from /home/airflow/.local/lib/python3.7/site-packages/airflow/example_dags/example_kubernetes_executor.py
[2022-08-25 23:55:38,117] {processor.py:651} INFO - DAG(s) dict_keys(['example_kubernetes_executor']) retrieved from /home/airflow/.local/lib/python3.7/site-packages/airflow/example_dags/example_kubernetes_executor.py
[2022-08-25 23:55:38,156] {logging_mixin.py:115} INFO - [2022-08-25 23:55:38,156] {dag.py:2420} INFO - Sync 1 DAGs
[2022-08-25 23:55:38,185] {logging_mixin.py:115} INFO - [2022-08-25 23:55:38,185] {dag.py:2972} INFO - Setting next_dagrun for example_kubernetes_executor to None, run_after=None
[2022-08-25 23:55:38,203] {processor.py:161} INFO - Processing /home/airflow/.local/lib/python3.7/site-packages/airflow/example_dags/example_kubernetes_executor.py took 0.145 seconds
[2022-08-25 23:56:09,060] {processor.py:153} INFO - Started process (PID=20597) to work on /home/airflow/.local/lib/python3.7/site-packages/airflow/example_dags/example_kubernetes_executor.py
[2022-08-25 23:56:09,062] {processor.py:641} INFO - Processing file /home/airflow/.local/lib/python3.7/site-packages/airflow/example_dags/example_kubernetes_executor.py for tasks to queue
[2022-08-25 23:56:09,063] {logging_mixin.py:115} INFO - [2022-08-25 23:56:09,063] {dagbag.py:508} INFO - Filling up the DagBag from /home/airflow/.local/lib/python3.7/site-packages/airflow/example_dags/example_kubernetes_executor.py
[2022-08-25 23:56:09,095] {processor.py:651} INFO - DAG(s) dict_keys(['example_kubernetes_executor']) retrieved from /home/airflow/.local/lib/python3.7/site-packages/airflow/example_dags/example_kubernetes_executor.py
[2022-08-25 23:56:09,130] {logging_mixin.py:115} INFO - [2022-08-25 23:56:09,130] {dag.py:2420} INFO - Sync 1 DAGs
[2022-08-25 23:56:09,157] {logging_mixin.py:115} INFO - [2022-08-25 23:56:09,157] {dag.py:2972} INFO - Setting next_dagrun for example_kubernetes_executor to None, run_after=None
[2022-08-25 23:56:09,172] {processor.py:161} INFO - Processing /home/airflow/.local/lib/python3.7/site-packages/airflow/example_dags/example_kubernetes_executor.py took 0.116 seconds
[2022-08-25 23:56:40,023] {processor.py:153} INFO - Started process (PID=20661) to work on /home/airflow/.local/lib/python3.7/site-packages/airflow/example_dags/example_kubernetes_executor.py
[2022-08-25 23:56:40,024] {processor.py:641} INFO - Processing file /home/airflow/.local/lib/python3.7/site-packages/airflow/example_dags/example_kubernetes_executor.py for tasks to queue
[2022-08-25 23:56:40,026] {logging_mixin.py:115} INFO - [2022-08-25 23:56:40,026] {dagbag.py:508} INFO - Filling up the DagBag from /home/airflow/.local/lib/python3.7/site-packages/airflow/example_dags/example_kubernetes_executor.py
[2022-08-25 23:56:40,068] {processor.py:651} INFO - DAG(s) dict_keys(['example_kubernetes_executor']) retrieved from /home/airflow/.local/lib/python3.7/site-packages/airflow/example_dags/example_kubernetes_executor.py
[2022-08-25 23:56:40,106] {logging_mixin.py:115} INFO - [2022-08-25 23:56:40,106] {dag.py:2420} INFO - Sync 1 DAGs
[2022-08-25 23:56:40,142] {logging_mixin.py:115} INFO - [2022-08-25 23:56:40,142] {dag.py:2972} INFO - Setting next_dagrun for example_kubernetes_executor to None, run_after=None
[2022-08-25 23:56:40,165] {processor.py:161} INFO - Processing /home/airflow/.local/lib/python3.7/site-packages/airflow/example_dags/example_kubernetes_executor.py took 0.151 seconds
[2022-08-25 23:57:10,839] {processor.py:153} INFO - Started process (PID=20715) to work on /home/airflow/.local/lib/python3.7/site-packages/airflow/example_dags/example_kubernetes_executor.py
[2022-08-25 23:57:10,841] {processor.py:641} INFO - Processing file /home/airflow/.local/lib/python3.7/site-packages/airflow/example_dags/example_kubernetes_executor.py for tasks to queue
[2022-08-25 23:57:10,843] {logging_mixin.py:115} INFO - [2022-08-25 23:57:10,842] {dagbag.py:508} INFO - Filling up the DagBag from /home/airflow/.local/lib/python3.7/site-packages/airflow/example_dags/example_kubernetes_executor.py
[2022-08-25 23:57:10,877] {processor.py:651} INFO - DAG(s) dict_keys(['example_kubernetes_executor']) retrieved from /home/airflow/.local/lib/python3.7/site-packages/airflow/example_dags/example_kubernetes_executor.py
[2022-08-25 23:57:10,911] {logging_mixin.py:115} INFO - [2022-08-25 23:57:10,911] {dag.py:2420} INFO - Sync 1 DAGs
[2022-08-25 23:57:10,938] {logging_mixin.py:115} INFO - [2022-08-25 23:57:10,938] {dag.py:2972} INFO - Setting next_dagrun for example_kubernetes_executor to None, run_after=None
[2022-08-25 23:57:10,956] {processor.py:161} INFO - Processing /home/airflow/.local/lib/python3.7/site-packages/airflow/example_dags/example_kubernetes_executor.py took 0.122 seconds
[2022-08-25 23:57:41,917] {processor.py:153} INFO - Started process (PID=20779) to work on /home/airflow/.local/lib/python3.7/site-packages/airflow/example_dags/example_kubernetes_executor.py
[2022-08-25 23:57:41,919] {processor.py:641} INFO - Processing file /home/airflow/.local/lib/python3.7/site-packages/airflow/example_dags/example_kubernetes_executor.py for tasks to queue
[2022-08-25 23:57:41,920] {logging_mixin.py:115} INFO - [2022-08-25 23:57:41,920] {dagbag.py:508} INFO - Filling up the DagBag from /home/airflow/.local/lib/python3.7/site-packages/airflow/example_dags/example_kubernetes_executor.py
[2022-08-25 23:57:41,949] {processor.py:651} INFO - DAG(s) dict_keys(['example_kubernetes_executor']) retrieved from /home/airflow/.local/lib/python3.7/site-packages/airflow/example_dags/example_kubernetes_executor.py
[2022-08-25 23:57:41,983] {logging_mixin.py:115} INFO - [2022-08-25 23:57:41,983] {dag.py:2420} INFO - Sync 1 DAGs
[2022-08-25 23:57:42,009] {logging_mixin.py:115} INFO - [2022-08-25 23:57:42,009] {dag.py:2972} INFO - Setting next_dagrun for example_kubernetes_executor to None, run_after=None
[2022-08-25 23:57:42,027] {processor.py:161} INFO - Processing /home/airflow/.local/lib/python3.7/site-packages/airflow/example_dags/example_kubernetes_executor.py took 0.114 seconds
[2022-08-25 23:58:12,851] {processor.py:153} INFO - Started process (PID=20843) to work on /home/airflow/.local/lib/python3.7/site-packages/airflow/example_dags/example_kubernetes_executor.py
[2022-08-25 23:58:12,852] {processor.py:641} INFO - Processing file /home/airflow/.local/lib/python3.7/site-packages/airflow/example_dags/example_kubernetes_executor.py for tasks to queue
[2022-08-25 23:58:12,854] {logging_mixin.py:115} INFO - [2022-08-25 23:58:12,853] {dagbag.py:508} INFO - Filling up the DagBag from /home/airflow/.local/lib/python3.7/site-packages/airflow/example_dags/example_kubernetes_executor.py
[2022-08-25 23:58:12,883] {processor.py:651} INFO - DAG(s) dict_keys(['example_kubernetes_executor']) retrieved from /home/airflow/.local/lib/python3.7/site-packages/airflow/example_dags/example_kubernetes_executor.py
[2022-08-25 23:58:12,917] {logging_mixin.py:115} INFO - [2022-08-25 23:58:12,917] {dag.py:2420} INFO - Sync 1 DAGs
[2022-08-25 23:58:12,944] {logging_mixin.py:115} INFO - [2022-08-25 23:58:12,944] {dag.py:2972} INFO - Setting next_dagrun for example_kubernetes_executor to None, run_after=None
[2022-08-25 23:58:12,962] {processor.py:161} INFO - Processing /home/airflow/.local/lib/python3.7/site-packages/airflow/example_dags/example_kubernetes_executor.py took 0.116 seconds
[2022-08-25 23:58:43,598] {processor.py:153} INFO - Started process (PID=20897) to work on /home/airflow/.local/lib/python3.7/site-packages/airflow/example_dags/example_kubernetes_executor.py
[2022-08-25 23:58:43,600] {processor.py:641} INFO - Processing file /home/airflow/.local/lib/python3.7/site-packages/airflow/example_dags/example_kubernetes_executor.py for tasks to queue
[2022-08-25 23:58:43,601] {logging_mixin.py:115} INFO - [2022-08-25 23:58:43,601] {dagbag.py:508} INFO - Filling up the DagBag from /home/airflow/.local/lib/python3.7/site-packages/airflow/example_dags/example_kubernetes_executor.py
[2022-08-25 23:58:43,632] {processor.py:651} INFO - DAG(s) dict_keys(['example_kubernetes_executor']) retrieved from /home/airflow/.local/lib/python3.7/site-packages/airflow/example_dags/example_kubernetes_executor.py
[2022-08-25 23:58:43,673] {logging_mixin.py:115} INFO - [2022-08-25 23:58:43,673] {dag.py:2420} INFO - Sync 1 DAGs
[2022-08-25 23:58:43,702] {logging_mixin.py:115} INFO - [2022-08-25 23:58:43,702] {dag.py:2972} INFO - Setting next_dagrun for example_kubernetes_executor to None, run_after=None
[2022-08-25 23:58:43,719] {processor.py:161} INFO - Processing /home/airflow/.local/lib/python3.7/site-packages/airflow/example_dags/example_kubernetes_executor.py took 0.126 seconds
[2022-08-25 23:59:14,434] {processor.py:153} INFO - Started process (PID=20961) to work on /home/airflow/.local/lib/python3.7/site-packages/airflow/example_dags/example_kubernetes_executor.py
[2022-08-25 23:59:14,435] {processor.py:641} INFO - Processing file /home/airflow/.local/lib/python3.7/site-packages/airflow/example_dags/example_kubernetes_executor.py for tasks to queue
[2022-08-25 23:59:14,437] {logging_mixin.py:115} INFO - [2022-08-25 23:59:14,437] {dagbag.py:508} INFO - Filling up the DagBag from /home/airflow/.local/lib/python3.7/site-packages/airflow/example_dags/example_kubernetes_executor.py
[2022-08-25 23:59:14,474] {processor.py:651} INFO - DAG(s) dict_keys(['example_kubernetes_executor']) retrieved from /home/airflow/.local/lib/python3.7/site-packages/airflow/example_dags/example_kubernetes_executor.py
[2022-08-25 23:59:14,518] {logging_mixin.py:115} INFO - [2022-08-25 23:59:14,518] {dag.py:2420} INFO - Sync 1 DAGs
[2022-08-25 23:59:14,554] {logging_mixin.py:115} INFO - [2022-08-25 23:59:14,554] {dag.py:2972} INFO - Setting next_dagrun for example_kubernetes_executor to None, run_after=None
[2022-08-25 23:59:14,576] {processor.py:161} INFO - Processing /home/airflow/.local/lib/python3.7/site-packages/airflow/example_dags/example_kubernetes_executor.py took 0.149 seconds
[2022-08-25 23:59:45,252] {processor.py:153} INFO - Started process (PID=21025) to work on /home/airflow/.local/lib/python3.7/site-packages/airflow/example_dags/example_kubernetes_executor.py
[2022-08-25 23:59:45,254] {processor.py:641} INFO - Processing file /home/airflow/.local/lib/python3.7/site-packages/airflow/example_dags/example_kubernetes_executor.py for tasks to queue
[2022-08-25 23:59:45,255] {logging_mixin.py:115} INFO - [2022-08-25 23:59:45,255] {dagbag.py:508} INFO - Filling up the DagBag from /home/airflow/.local/lib/python3.7/site-packages/airflow/example_dags/example_kubernetes_executor.py
[2022-08-25 23:59:45,284] {processor.py:651} INFO - DAG(s) dict_keys(['example_kubernetes_executor']) retrieved from /home/airflow/.local/lib/python3.7/site-packages/airflow/example_dags/example_kubernetes_executor.py
[2022-08-25 23:59:45,320] {logging_mixin.py:115} INFO - [2022-08-25 23:59:45,320] {dag.py:2420} INFO - Sync 1 DAGs
[2022-08-25 23:59:45,346] {logging_mixin.py:115} INFO - [2022-08-25 23:59:45,346] {dag.py:2972} INFO - Setting next_dagrun for example_kubernetes_executor to None, run_after=None
[2022-08-25 23:59:45,364] {processor.py:161} INFO - Processing /home/airflow/.local/lib/python3.7/site-packages/airflow/example_dags/example_kubernetes_executor.py took 0.116 seconds
