[2022-08-25 00:14:32,598] {processor.py:153} INFO - Started process (PID=17132) to work on /home/airflow/.local/lib/python3.7/site-packages/airflow/example_dags/example_trigger_target_dag.py
[2022-08-25 00:14:32,673] {processor.py:641} INFO - Processing file /home/airflow/.local/lib/python3.7/site-packages/airflow/example_dags/example_trigger_target_dag.py for tasks to queue
[2022-08-25 00:14:32,702] {logging_mixin.py:115} INFO - [2022-08-25 00:14:32,701] {dagbag.py:508} INFO - Filling up the DagBag from /home/airflow/.local/lib/python3.7/site-packages/airflow/example_dags/example_trigger_target_dag.py
[2022-08-25 00:14:33,448] {processor.py:651} INFO - DAG(s) dict_keys(['example_trigger_target_dag']) retrieved from /home/airflow/.local/lib/python3.7/site-packages/airflow/example_dags/example_trigger_target_dag.py
[2022-08-25 00:14:34,260] {logging_mixin.py:115} INFO - [2022-08-25 00:14:34,259] {dag.py:2420} INFO - Sync 1 DAGs
[2022-08-25 00:14:34,585] {logging_mixin.py:115} INFO - [2022-08-25 00:14:34,584] {dag.py:2972} INFO - Setting next_dagrun for example_trigger_target_dag to None, run_after=None
[2022-08-25 00:14:34,973] {processor.py:161} INFO - Processing /home/airflow/.local/lib/python3.7/site-packages/airflow/example_dags/example_trigger_target_dag.py took 2.588 seconds
[2022-08-25 03:39:05,846] {processor.py:153} INFO - Started process (PID=17247) to work on /home/airflow/.local/lib/python3.7/site-packages/airflow/example_dags/example_trigger_target_dag.py
[2022-08-25 03:39:05,865] {processor.py:641} INFO - Processing file /home/airflow/.local/lib/python3.7/site-packages/airflow/example_dags/example_trigger_target_dag.py for tasks to queue
[2022-08-25 03:39:05,937] {logging_mixin.py:115} INFO - [2022-08-25 03:39:05,936] {dagbag.py:508} INFO - Filling up the DagBag from /home/airflow/.local/lib/python3.7/site-packages/airflow/example_dags/example_trigger_target_dag.py
[2022-08-25 03:39:08,098] {processor.py:651} INFO - DAG(s) dict_keys(['example_trigger_target_dag']) retrieved from /home/airflow/.local/lib/python3.7/site-packages/airflow/example_dags/example_trigger_target_dag.py
[2022-08-25 03:39:11,202] {logging_mixin.py:115} INFO - [2022-08-25 03:39:11,201] {dag.py:2420} INFO - Sync 1 DAGs
[2022-08-25 03:39:13,134] {logging_mixin.py:115} INFO - [2022-08-25 03:39:13,133] {dag.py:2972} INFO - Setting next_dagrun for example_trigger_target_dag to None, run_after=None
[2022-08-25 03:39:13,981] {processor.py:161} INFO - Processing /home/airflow/.local/lib/python3.7/site-packages/airflow/example_dags/example_trigger_target_dag.py took 8.026 seconds
[2022-08-25 03:57:13,016] {processor.py:153} INFO - Started process (PID=17302) to work on /home/airflow/.local/lib/python3.7/site-packages/airflow/example_dags/example_trigger_target_dag.py
[2022-08-25 03:57:13,026] {processor.py:641} INFO - Processing file /home/airflow/.local/lib/python3.7/site-packages/airflow/example_dags/example_trigger_target_dag.py for tasks to queue
[2022-08-25 03:57:13,034] {logging_mixin.py:115} INFO - [2022-08-25 03:57:13,034] {dagbag.py:508} INFO - Filling up the DagBag from /home/airflow/.local/lib/python3.7/site-packages/airflow/example_dags/example_trigger_target_dag.py
[2022-08-25 03:57:13,117] {processor.py:651} INFO - DAG(s) dict_keys(['example_trigger_target_dag']) retrieved from /home/airflow/.local/lib/python3.7/site-packages/airflow/example_dags/example_trigger_target_dag.py
[2022-08-25 03:57:13,286] {logging_mixin.py:115} INFO - [2022-08-25 03:57:13,286] {dag.py:2420} INFO - Sync 1 DAGs
[2022-08-25 03:57:13,381] {logging_mixin.py:115} INFO - [2022-08-25 03:57:13,381] {dag.py:2972} INFO - Setting next_dagrun for example_trigger_target_dag to None, run_after=None
[2022-08-25 03:57:13,424] {processor.py:161} INFO - Processing /home/airflow/.local/lib/python3.7/site-packages/airflow/example_dags/example_trigger_target_dag.py took 0.479 seconds
[2022-08-25 22:58:46,735] {processor.py:153} INFO - Started process (PID=17378) to work on /home/airflow/.local/lib/python3.7/site-packages/airflow/example_dags/example_trigger_target_dag.py
[2022-08-25 22:58:46,738] {processor.py:641} INFO - Processing file /home/airflow/.local/lib/python3.7/site-packages/airflow/example_dags/example_trigger_target_dag.py for tasks to queue
[2022-08-25 22:58:46,746] {logging_mixin.py:115} INFO - [2022-08-25 22:58:46,746] {dagbag.py:508} INFO - Filling up the DagBag from /home/airflow/.local/lib/python3.7/site-packages/airflow/example_dags/example_trigger_target_dag.py
[2022-08-25 22:58:46,823] {processor.py:651} INFO - DAG(s) dict_keys(['example_trigger_target_dag']) retrieved from /home/airflow/.local/lib/python3.7/site-packages/airflow/example_dags/example_trigger_target_dag.py
[2022-08-25 22:58:46,957] {logging_mixin.py:115} INFO - [2022-08-25 22:58:46,957] {dag.py:2420} INFO - Sync 1 DAGs
[2022-08-25 22:58:47,021] {logging_mixin.py:115} INFO - [2022-08-25 22:58:47,021] {dag.py:2972} INFO - Setting next_dagrun for example_trigger_target_dag to None, run_after=None
[2022-08-25 22:58:47,060] {processor.py:161} INFO - Processing /home/airflow/.local/lib/python3.7/site-packages/airflow/example_dags/example_trigger_target_dag.py took 0.334 seconds
[2022-08-25 23:29:38,025] {processor.py:153} INFO - Started process (PID=17442) to work on /home/airflow/.local/lib/python3.7/site-packages/airflow/example_dags/example_trigger_target_dag.py
[2022-08-25 23:29:38,031] {processor.py:641} INFO - Processing file /home/airflow/.local/lib/python3.7/site-packages/airflow/example_dags/example_trigger_target_dag.py for tasks to queue
[2022-08-25 23:29:38,036] {logging_mixin.py:115} INFO - [2022-08-25 23:29:38,036] {dagbag.py:508} INFO - Filling up the DagBag from /home/airflow/.local/lib/python3.7/site-packages/airflow/example_dags/example_trigger_target_dag.py
[2022-08-25 23:29:38,107] {processor.py:651} INFO - DAG(s) dict_keys(['example_trigger_target_dag']) retrieved from /home/airflow/.local/lib/python3.7/site-packages/airflow/example_dags/example_trigger_target_dag.py
[2022-08-25 23:29:38,224] {logging_mixin.py:115} INFO - [2022-08-25 23:29:38,224] {dag.py:2420} INFO - Sync 1 DAGs
[2022-08-25 23:29:38,334] {logging_mixin.py:115} INFO - [2022-08-25 23:29:38,334] {dag.py:2972} INFO - Setting next_dagrun for example_trigger_target_dag to None, run_after=None
[2022-08-25 23:29:38,380] {processor.py:161} INFO - Processing /home/airflow/.local/lib/python3.7/site-packages/airflow/example_dags/example_trigger_target_dag.py took 0.375 seconds
[2022-08-25 23:30:08,733] {processor.py:153} INFO - Started process (PID=17497) to work on /home/airflow/.local/lib/python3.7/site-packages/airflow/example_dags/example_trigger_target_dag.py
[2022-08-25 23:30:08,738] {processor.py:641} INFO - Processing file /home/airflow/.local/lib/python3.7/site-packages/airflow/example_dags/example_trigger_target_dag.py for tasks to queue
[2022-08-25 23:30:08,739] {logging_mixin.py:115} INFO - [2022-08-25 23:30:08,739] {dagbag.py:508} INFO - Filling up the DagBag from /home/airflow/.local/lib/python3.7/site-packages/airflow/example_dags/example_trigger_target_dag.py
[2022-08-25 23:30:08,814] {processor.py:651} INFO - DAG(s) dict_keys(['example_trigger_target_dag']) retrieved from /home/airflow/.local/lib/python3.7/site-packages/airflow/example_dags/example_trigger_target_dag.py
[2022-08-25 23:30:08,896] {logging_mixin.py:115} INFO - [2022-08-25 23:30:08,896] {dag.py:2420} INFO - Sync 1 DAGs
[2022-08-25 23:30:08,982] {logging_mixin.py:115} INFO - [2022-08-25 23:30:08,982] {dag.py:2972} INFO - Setting next_dagrun for example_trigger_target_dag to None, run_after=None
[2022-08-25 23:30:09,010] {processor.py:161} INFO - Processing /home/airflow/.local/lib/python3.7/site-packages/airflow/example_dags/example_trigger_target_dag.py took 0.282 seconds
[2022-08-25 23:30:39,408] {processor.py:153} INFO - Started process (PID=17562) to work on /home/airflow/.local/lib/python3.7/site-packages/airflow/example_dags/example_trigger_target_dag.py
[2022-08-25 23:30:39,409] {processor.py:641} INFO - Processing file /home/airflow/.local/lib/python3.7/site-packages/airflow/example_dags/example_trigger_target_dag.py for tasks to queue
[2022-08-25 23:30:39,410] {logging_mixin.py:115} INFO - [2022-08-25 23:30:39,410] {dagbag.py:508} INFO - Filling up the DagBag from /home/airflow/.local/lib/python3.7/site-packages/airflow/example_dags/example_trigger_target_dag.py
[2022-08-25 23:30:39,431] {processor.py:651} INFO - DAG(s) dict_keys(['example_trigger_target_dag']) retrieved from /home/airflow/.local/lib/python3.7/site-packages/airflow/example_dags/example_trigger_target_dag.py
[2022-08-25 23:30:39,463] {logging_mixin.py:115} INFO - [2022-08-25 23:30:39,463] {dag.py:2420} INFO - Sync 1 DAGs
[2022-08-25 23:30:39,495] {logging_mixin.py:115} INFO - [2022-08-25 23:30:39,495] {dag.py:2972} INFO - Setting next_dagrun for example_trigger_target_dag to None, run_after=None
[2022-08-25 23:30:39,517] {processor.py:161} INFO - Processing /home/airflow/.local/lib/python3.7/site-packages/airflow/example_dags/example_trigger_target_dag.py took 0.114 seconds
[2022-08-25 23:31:10,353] {processor.py:153} INFO - Started process (PID=17617) to work on /home/airflow/.local/lib/python3.7/site-packages/airflow/example_dags/example_trigger_target_dag.py
[2022-08-25 23:31:10,354] {processor.py:641} INFO - Processing file /home/airflow/.local/lib/python3.7/site-packages/airflow/example_dags/example_trigger_target_dag.py for tasks to queue
[2022-08-25 23:31:10,355] {logging_mixin.py:115} INFO - [2022-08-25 23:31:10,355] {dagbag.py:508} INFO - Filling up the DagBag from /home/airflow/.local/lib/python3.7/site-packages/airflow/example_dags/example_trigger_target_dag.py
[2022-08-25 23:31:10,378] {processor.py:651} INFO - DAG(s) dict_keys(['example_trigger_target_dag']) retrieved from /home/airflow/.local/lib/python3.7/site-packages/airflow/example_dags/example_trigger_target_dag.py
[2022-08-25 23:31:10,414] {logging_mixin.py:115} INFO - [2022-08-25 23:31:10,414] {dag.py:2420} INFO - Sync 1 DAGs
[2022-08-25 23:31:10,443] {logging_mixin.py:115} INFO - [2022-08-25 23:31:10,443] {dag.py:2972} INFO - Setting next_dagrun for example_trigger_target_dag to None, run_after=None
[2022-08-25 23:31:10,459] {processor.py:161} INFO - Processing /home/airflow/.local/lib/python3.7/site-packages/airflow/example_dags/example_trigger_target_dag.py took 0.111 seconds
[2022-08-25 23:31:41,087] {processor.py:153} INFO - Started process (PID=17681) to work on /home/airflow/.local/lib/python3.7/site-packages/airflow/example_dags/example_trigger_target_dag.py
[2022-08-25 23:31:41,088] {processor.py:641} INFO - Processing file /home/airflow/.local/lib/python3.7/site-packages/airflow/example_dags/example_trigger_target_dag.py for tasks to queue
[2022-08-25 23:31:41,089] {logging_mixin.py:115} INFO - [2022-08-25 23:31:41,089] {dagbag.py:508} INFO - Filling up the DagBag from /home/airflow/.local/lib/python3.7/site-packages/airflow/example_dags/example_trigger_target_dag.py
[2022-08-25 23:31:41,111] {processor.py:651} INFO - DAG(s) dict_keys(['example_trigger_target_dag']) retrieved from /home/airflow/.local/lib/python3.7/site-packages/airflow/example_dags/example_trigger_target_dag.py
[2022-08-25 23:31:41,147] {logging_mixin.py:115} INFO - [2022-08-25 23:31:41,146] {dag.py:2420} INFO - Sync 1 DAGs
[2022-08-25 23:31:41,173] {logging_mixin.py:115} INFO - [2022-08-25 23:31:41,173] {dag.py:2972} INFO - Setting next_dagrun for example_trigger_target_dag to None, run_after=None
[2022-08-25 23:31:41,191] {processor.py:161} INFO - Processing /home/airflow/.local/lib/python3.7/site-packages/airflow/example_dags/example_trigger_target_dag.py took 0.108 seconds
[2022-08-25 23:32:11,528] {processor.py:153} INFO - Started process (PID=17745) to work on /home/airflow/.local/lib/python3.7/site-packages/airflow/example_dags/example_trigger_target_dag.py
[2022-08-25 23:32:11,529] {processor.py:641} INFO - Processing file /home/airflow/.local/lib/python3.7/site-packages/airflow/example_dags/example_trigger_target_dag.py for tasks to queue
[2022-08-25 23:32:11,530] {logging_mixin.py:115} INFO - [2022-08-25 23:32:11,530] {dagbag.py:508} INFO - Filling up the DagBag from /home/airflow/.local/lib/python3.7/site-packages/airflow/example_dags/example_trigger_target_dag.py
[2022-08-25 23:32:11,553] {processor.py:651} INFO - DAG(s) dict_keys(['example_trigger_target_dag']) retrieved from /home/airflow/.local/lib/python3.7/site-packages/airflow/example_dags/example_trigger_target_dag.py
[2022-08-25 23:32:11,588] {logging_mixin.py:115} INFO - [2022-08-25 23:32:11,587] {dag.py:2420} INFO - Sync 1 DAGs
[2022-08-25 23:32:11,615] {logging_mixin.py:115} INFO - [2022-08-25 23:32:11,615] {dag.py:2972} INFO - Setting next_dagrun for example_trigger_target_dag to None, run_after=None
[2022-08-25 23:32:11,628] {processor.py:161} INFO - Processing /home/airflow/.local/lib/python3.7/site-packages/airflow/example_dags/example_trigger_target_dag.py took 0.106 seconds
[2022-08-25 23:32:42,021] {processor.py:153} INFO - Started process (PID=17800) to work on /home/airflow/.local/lib/python3.7/site-packages/airflow/example_dags/example_trigger_target_dag.py
[2022-08-25 23:32:42,022] {processor.py:641} INFO - Processing file /home/airflow/.local/lib/python3.7/site-packages/airflow/example_dags/example_trigger_target_dag.py for tasks to queue
[2022-08-25 23:32:42,024] {logging_mixin.py:115} INFO - [2022-08-25 23:32:42,024] {dagbag.py:508} INFO - Filling up the DagBag from /home/airflow/.local/lib/python3.7/site-packages/airflow/example_dags/example_trigger_target_dag.py
[2022-08-25 23:32:42,044] {processor.py:651} INFO - DAG(s) dict_keys(['example_trigger_target_dag']) retrieved from /home/airflow/.local/lib/python3.7/site-packages/airflow/example_dags/example_trigger_target_dag.py
[2022-08-25 23:32:42,082] {logging_mixin.py:115} INFO - [2022-08-25 23:32:42,082] {dag.py:2420} INFO - Sync 1 DAGs
[2022-08-25 23:32:42,109] {logging_mixin.py:115} INFO - [2022-08-25 23:32:42,109] {dag.py:2972} INFO - Setting next_dagrun for example_trigger_target_dag to None, run_after=None
[2022-08-25 23:32:42,123] {processor.py:161} INFO - Processing /home/airflow/.local/lib/python3.7/site-packages/airflow/example_dags/example_trigger_target_dag.py took 0.107 seconds
[2022-08-25 23:33:12,720] {processor.py:153} INFO - Started process (PID=17864) to work on /home/airflow/.local/lib/python3.7/site-packages/airflow/example_dags/example_trigger_target_dag.py
[2022-08-25 23:33:12,721] {processor.py:641} INFO - Processing file /home/airflow/.local/lib/python3.7/site-packages/airflow/example_dags/example_trigger_target_dag.py for tasks to queue
[2022-08-25 23:33:12,722] {logging_mixin.py:115} INFO - [2022-08-25 23:33:12,722] {dagbag.py:508} INFO - Filling up the DagBag from /home/airflow/.local/lib/python3.7/site-packages/airflow/example_dags/example_trigger_target_dag.py
[2022-08-25 23:33:12,741] {processor.py:651} INFO - DAG(s) dict_keys(['example_trigger_target_dag']) retrieved from /home/airflow/.local/lib/python3.7/site-packages/airflow/example_dags/example_trigger_target_dag.py
[2022-08-25 23:33:12,775] {logging_mixin.py:115} INFO - [2022-08-25 23:33:12,775] {dag.py:2420} INFO - Sync 1 DAGs
[2022-08-25 23:33:12,801] {logging_mixin.py:115} INFO - [2022-08-25 23:33:12,801] {dag.py:2972} INFO - Setting next_dagrun for example_trigger_target_dag to None, run_after=None
[2022-08-25 23:33:12,816] {processor.py:161} INFO - Processing /home/airflow/.local/lib/python3.7/site-packages/airflow/example_dags/example_trigger_target_dag.py took 0.101 seconds
[2022-08-25 23:33:43,548] {processor.py:153} INFO - Started process (PID=17928) to work on /home/airflow/.local/lib/python3.7/site-packages/airflow/example_dags/example_trigger_target_dag.py
[2022-08-25 23:33:43,549] {processor.py:641} INFO - Processing file /home/airflow/.local/lib/python3.7/site-packages/airflow/example_dags/example_trigger_target_dag.py for tasks to queue
[2022-08-25 23:33:43,550] {logging_mixin.py:115} INFO - [2022-08-25 23:33:43,550] {dagbag.py:508} INFO - Filling up the DagBag from /home/airflow/.local/lib/python3.7/site-packages/airflow/example_dags/example_trigger_target_dag.py
[2022-08-25 23:33:43,570] {processor.py:651} INFO - DAG(s) dict_keys(['example_trigger_target_dag']) retrieved from /home/airflow/.local/lib/python3.7/site-packages/airflow/example_dags/example_trigger_target_dag.py
[2022-08-25 23:33:43,602] {logging_mixin.py:115} INFO - [2022-08-25 23:33:43,602] {dag.py:2420} INFO - Sync 1 DAGs
[2022-08-25 23:33:43,628] {logging_mixin.py:115} INFO - [2022-08-25 23:33:43,628] {dag.py:2972} INFO - Setting next_dagrun for example_trigger_target_dag to None, run_after=None
[2022-08-25 23:33:43,644] {processor.py:161} INFO - Processing /home/airflow/.local/lib/python3.7/site-packages/airflow/example_dags/example_trigger_target_dag.py took 0.101 seconds
[2022-08-25 23:34:14,229] {processor.py:153} INFO - Started process (PID=17983) to work on /home/airflow/.local/lib/python3.7/site-packages/airflow/example_dags/example_trigger_target_dag.py
[2022-08-25 23:34:14,232] {processor.py:641} INFO - Processing file /home/airflow/.local/lib/python3.7/site-packages/airflow/example_dags/example_trigger_target_dag.py for tasks to queue
[2022-08-25 23:34:14,236] {logging_mixin.py:115} INFO - [2022-08-25 23:34:14,236] {dagbag.py:508} INFO - Filling up the DagBag from /home/airflow/.local/lib/python3.7/site-packages/airflow/example_dags/example_trigger_target_dag.py
[2022-08-25 23:34:14,263] {processor.py:651} INFO - DAG(s) dict_keys(['example_trigger_target_dag']) retrieved from /home/airflow/.local/lib/python3.7/site-packages/airflow/example_dags/example_trigger_target_dag.py
[2022-08-25 23:34:14,298] {logging_mixin.py:115} INFO - [2022-08-25 23:34:14,298] {dag.py:2420} INFO - Sync 1 DAGs
[2022-08-25 23:34:14,327] {logging_mixin.py:115} INFO - [2022-08-25 23:34:14,327] {dag.py:2972} INFO - Setting next_dagrun for example_trigger_target_dag to None, run_after=None
[2022-08-25 23:34:14,346] {processor.py:161} INFO - Processing /home/airflow/.local/lib/python3.7/site-packages/airflow/example_dags/example_trigger_target_dag.py took 0.121 seconds
[2022-08-25 23:34:44,921] {processor.py:153} INFO - Started process (PID=18047) to work on /home/airflow/.local/lib/python3.7/site-packages/airflow/example_dags/example_trigger_target_dag.py
[2022-08-25 23:34:44,922] {processor.py:641} INFO - Processing file /home/airflow/.local/lib/python3.7/site-packages/airflow/example_dags/example_trigger_target_dag.py for tasks to queue
[2022-08-25 23:34:44,924] {logging_mixin.py:115} INFO - [2022-08-25 23:34:44,923] {dagbag.py:508} INFO - Filling up the DagBag from /home/airflow/.local/lib/python3.7/site-packages/airflow/example_dags/example_trigger_target_dag.py
[2022-08-25 23:34:44,943] {processor.py:651} INFO - DAG(s) dict_keys(['example_trigger_target_dag']) retrieved from /home/airflow/.local/lib/python3.7/site-packages/airflow/example_dags/example_trigger_target_dag.py
[2022-08-25 23:34:44,977] {logging_mixin.py:115} INFO - [2022-08-25 23:34:44,977] {dag.py:2420} INFO - Sync 1 DAGs
[2022-08-25 23:34:45,003] {logging_mixin.py:115} INFO - [2022-08-25 23:34:45,003] {dag.py:2972} INFO - Setting next_dagrun for example_trigger_target_dag to None, run_after=None
[2022-08-25 23:34:45,019] {processor.py:161} INFO - Processing /home/airflow/.local/lib/python3.7/site-packages/airflow/example_dags/example_trigger_target_dag.py took 0.103 seconds
[2022-08-25 23:35:15,778] {processor.py:153} INFO - Started process (PID=18111) to work on /home/airflow/.local/lib/python3.7/site-packages/airflow/example_dags/example_trigger_target_dag.py
[2022-08-25 23:35:15,779] {processor.py:641} INFO - Processing file /home/airflow/.local/lib/python3.7/site-packages/airflow/example_dags/example_trigger_target_dag.py for tasks to queue
[2022-08-25 23:35:15,780] {logging_mixin.py:115} INFO - [2022-08-25 23:35:15,780] {dagbag.py:508} INFO - Filling up the DagBag from /home/airflow/.local/lib/python3.7/site-packages/airflow/example_dags/example_trigger_target_dag.py
[2022-08-25 23:35:15,799] {processor.py:651} INFO - DAG(s) dict_keys(['example_trigger_target_dag']) retrieved from /home/airflow/.local/lib/python3.7/site-packages/airflow/example_dags/example_trigger_target_dag.py
[2022-08-25 23:35:15,833] {logging_mixin.py:115} INFO - [2022-08-25 23:35:15,833] {dag.py:2420} INFO - Sync 1 DAGs
[2022-08-25 23:35:15,860] {logging_mixin.py:115} INFO - [2022-08-25 23:35:15,860] {dag.py:2972} INFO - Setting next_dagrun for example_trigger_target_dag to None, run_after=None
[2022-08-25 23:35:15,875] {processor.py:161} INFO - Processing /home/airflow/.local/lib/python3.7/site-packages/airflow/example_dags/example_trigger_target_dag.py took 0.102 seconds
[2022-08-25 23:35:46,640] {processor.py:153} INFO - Started process (PID=18166) to work on /home/airflow/.local/lib/python3.7/site-packages/airflow/example_dags/example_trigger_target_dag.py
[2022-08-25 23:35:46,641] {processor.py:641} INFO - Processing file /home/airflow/.local/lib/python3.7/site-packages/airflow/example_dags/example_trigger_target_dag.py for tasks to queue
[2022-08-25 23:35:46,642] {logging_mixin.py:115} INFO - [2022-08-25 23:35:46,642] {dagbag.py:508} INFO - Filling up the DagBag from /home/airflow/.local/lib/python3.7/site-packages/airflow/example_dags/example_trigger_target_dag.py
[2022-08-25 23:35:46,663] {processor.py:651} INFO - DAG(s) dict_keys(['example_trigger_target_dag']) retrieved from /home/airflow/.local/lib/python3.7/site-packages/airflow/example_dags/example_trigger_target_dag.py
[2022-08-25 23:35:46,697] {logging_mixin.py:115} INFO - [2022-08-25 23:35:46,697] {dag.py:2420} INFO - Sync 1 DAGs
[2022-08-25 23:35:46,725] {logging_mixin.py:115} INFO - [2022-08-25 23:35:46,725] {dag.py:2972} INFO - Setting next_dagrun for example_trigger_target_dag to None, run_after=None
[2022-08-25 23:35:46,743] {processor.py:161} INFO - Processing /home/airflow/.local/lib/python3.7/site-packages/airflow/example_dags/example_trigger_target_dag.py took 0.108 seconds
[2022-08-25 23:36:17,183] {processor.py:153} INFO - Started process (PID=18231) to work on /home/airflow/.local/lib/python3.7/site-packages/airflow/example_dags/example_trigger_target_dag.py
[2022-08-25 23:36:17,185] {processor.py:641} INFO - Processing file /home/airflow/.local/lib/python3.7/site-packages/airflow/example_dags/example_trigger_target_dag.py for tasks to queue
[2022-08-25 23:36:17,187] {logging_mixin.py:115} INFO - [2022-08-25 23:36:17,187] {dagbag.py:508} INFO - Filling up the DagBag from /home/airflow/.local/lib/python3.7/site-packages/airflow/example_dags/example_trigger_target_dag.py
[2022-08-25 23:36:17,212] {processor.py:651} INFO - DAG(s) dict_keys(['example_trigger_target_dag']) retrieved from /home/airflow/.local/lib/python3.7/site-packages/airflow/example_dags/example_trigger_target_dag.py
[2022-08-25 23:36:17,251] {logging_mixin.py:115} INFO - [2022-08-25 23:36:17,250] {dag.py:2420} INFO - Sync 1 DAGs
[2022-08-25 23:36:17,278] {logging_mixin.py:115} INFO - [2022-08-25 23:36:17,278] {dag.py:2972} INFO - Setting next_dagrun for example_trigger_target_dag to None, run_after=None
[2022-08-25 23:36:17,295] {processor.py:161} INFO - Processing /home/airflow/.local/lib/python3.7/site-packages/airflow/example_dags/example_trigger_target_dag.py took 0.123 seconds
[2022-08-25 23:36:47,873] {processor.py:153} INFO - Started process (PID=18296) to work on /home/airflow/.local/lib/python3.7/site-packages/airflow/example_dags/example_trigger_target_dag.py
[2022-08-25 23:36:47,874] {processor.py:641} INFO - Processing file /home/airflow/.local/lib/python3.7/site-packages/airflow/example_dags/example_trigger_target_dag.py for tasks to queue
[2022-08-25 23:36:47,875] {logging_mixin.py:115} INFO - [2022-08-25 23:36:47,875] {dagbag.py:508} INFO - Filling up the DagBag from /home/airflow/.local/lib/python3.7/site-packages/airflow/example_dags/example_trigger_target_dag.py
[2022-08-25 23:36:47,897] {processor.py:651} INFO - DAG(s) dict_keys(['example_trigger_target_dag']) retrieved from /home/airflow/.local/lib/python3.7/site-packages/airflow/example_dags/example_trigger_target_dag.py
[2022-08-25 23:36:47,929] {logging_mixin.py:115} INFO - [2022-08-25 23:36:47,929] {dag.py:2420} INFO - Sync 1 DAGs
[2022-08-25 23:36:47,956] {logging_mixin.py:115} INFO - [2022-08-25 23:36:47,956] {dag.py:2972} INFO - Setting next_dagrun for example_trigger_target_dag to None, run_after=None
[2022-08-25 23:36:47,971] {processor.py:161} INFO - Processing /home/airflow/.local/lib/python3.7/site-packages/airflow/example_dags/example_trigger_target_dag.py took 0.103 seconds
[2022-08-25 23:37:18,527] {processor.py:153} INFO - Started process (PID=18351) to work on /home/airflow/.local/lib/python3.7/site-packages/airflow/example_dags/example_trigger_target_dag.py
[2022-08-25 23:37:18,528] {processor.py:641} INFO - Processing file /home/airflow/.local/lib/python3.7/site-packages/airflow/example_dags/example_trigger_target_dag.py for tasks to queue
[2022-08-25 23:37:18,530] {logging_mixin.py:115} INFO - [2022-08-25 23:37:18,530] {dagbag.py:508} INFO - Filling up the DagBag from /home/airflow/.local/lib/python3.7/site-packages/airflow/example_dags/example_trigger_target_dag.py
[2022-08-25 23:37:18,550] {processor.py:651} INFO - DAG(s) dict_keys(['example_trigger_target_dag']) retrieved from /home/airflow/.local/lib/python3.7/site-packages/airflow/example_dags/example_trigger_target_dag.py
[2022-08-25 23:37:18,583] {logging_mixin.py:115} INFO - [2022-08-25 23:37:18,583] {dag.py:2420} INFO - Sync 1 DAGs
[2022-08-25 23:37:18,609] {logging_mixin.py:115} INFO - [2022-08-25 23:37:18,609] {dag.py:2972} INFO - Setting next_dagrun for example_trigger_target_dag to None, run_after=None
[2022-08-25 23:37:18,626] {processor.py:161} INFO - Processing /home/airflow/.local/lib/python3.7/site-packages/airflow/example_dags/example_trigger_target_dag.py took 0.104 seconds
[2022-08-25 23:37:49,335] {processor.py:153} INFO - Started process (PID=18415) to work on /home/airflow/.local/lib/python3.7/site-packages/airflow/example_dags/example_trigger_target_dag.py
[2022-08-25 23:37:49,337] {processor.py:641} INFO - Processing file /home/airflow/.local/lib/python3.7/site-packages/airflow/example_dags/example_trigger_target_dag.py for tasks to queue
[2022-08-25 23:37:49,339] {logging_mixin.py:115} INFO - [2022-08-25 23:37:49,339] {dagbag.py:508} INFO - Filling up the DagBag from /home/airflow/.local/lib/python3.7/site-packages/airflow/example_dags/example_trigger_target_dag.py
[2022-08-25 23:37:49,361] {processor.py:651} INFO - DAG(s) dict_keys(['example_trigger_target_dag']) retrieved from /home/airflow/.local/lib/python3.7/site-packages/airflow/example_dags/example_trigger_target_dag.py
[2022-08-25 23:37:49,394] {logging_mixin.py:115} INFO - [2022-08-25 23:37:49,394] {dag.py:2420} INFO - Sync 1 DAGs
[2022-08-25 23:37:49,423] {logging_mixin.py:115} INFO - [2022-08-25 23:37:49,422] {dag.py:2972} INFO - Setting next_dagrun for example_trigger_target_dag to None, run_after=None
[2022-08-25 23:37:49,443] {processor.py:161} INFO - Processing /home/airflow/.local/lib/python3.7/site-packages/airflow/example_dags/example_trigger_target_dag.py took 0.114 seconds
[2022-08-25 23:38:20,168] {processor.py:153} INFO - Started process (PID=18480) to work on /home/airflow/.local/lib/python3.7/site-packages/airflow/example_dags/example_trigger_target_dag.py
[2022-08-25 23:38:20,169] {processor.py:641} INFO - Processing file /home/airflow/.local/lib/python3.7/site-packages/airflow/example_dags/example_trigger_target_dag.py for tasks to queue
[2022-08-25 23:38:20,171] {logging_mixin.py:115} INFO - [2022-08-25 23:38:20,170] {dagbag.py:508} INFO - Filling up the DagBag from /home/airflow/.local/lib/python3.7/site-packages/airflow/example_dags/example_trigger_target_dag.py
[2022-08-25 23:38:20,190] {processor.py:651} INFO - DAG(s) dict_keys(['example_trigger_target_dag']) retrieved from /home/airflow/.local/lib/python3.7/site-packages/airflow/example_dags/example_trigger_target_dag.py
[2022-08-25 23:38:20,223] {logging_mixin.py:115} INFO - [2022-08-25 23:38:20,223] {dag.py:2420} INFO - Sync 1 DAGs
[2022-08-25 23:38:20,249] {logging_mixin.py:115} INFO - [2022-08-25 23:38:20,249] {dag.py:2972} INFO - Setting next_dagrun for example_trigger_target_dag to None, run_after=None
[2022-08-25 23:38:20,266] {processor.py:161} INFO - Processing /home/airflow/.local/lib/python3.7/site-packages/airflow/example_dags/example_trigger_target_dag.py took 0.102 seconds
[2022-08-25 23:38:51,087] {processor.py:153} INFO - Started process (PID=18535) to work on /home/airflow/.local/lib/python3.7/site-packages/airflow/example_dags/example_trigger_target_dag.py
[2022-08-25 23:38:51,090] {processor.py:641} INFO - Processing file /home/airflow/.local/lib/python3.7/site-packages/airflow/example_dags/example_trigger_target_dag.py for tasks to queue
[2022-08-25 23:38:51,093] {logging_mixin.py:115} INFO - [2022-08-25 23:38:51,093] {dagbag.py:508} INFO - Filling up the DagBag from /home/airflow/.local/lib/python3.7/site-packages/airflow/example_dags/example_trigger_target_dag.py
[2022-08-25 23:38:51,131] {processor.py:651} INFO - DAG(s) dict_keys(['example_trigger_target_dag']) retrieved from /home/airflow/.local/lib/python3.7/site-packages/airflow/example_dags/example_trigger_target_dag.py
[2022-08-25 23:38:51,182] {logging_mixin.py:115} INFO - [2022-08-25 23:38:51,182] {dag.py:2420} INFO - Sync 1 DAGs
[2022-08-25 23:38:51,222] {logging_mixin.py:115} INFO - [2022-08-25 23:38:51,222] {dag.py:2972} INFO - Setting next_dagrun for example_trigger_target_dag to None, run_after=None
[2022-08-25 23:38:51,250] {processor.py:161} INFO - Processing /home/airflow/.local/lib/python3.7/site-packages/airflow/example_dags/example_trigger_target_dag.py took 0.174 seconds
[2022-08-25 23:39:21,427] {processor.py:153} INFO - Started process (PID=18600) to work on /home/airflow/.local/lib/python3.7/site-packages/airflow/example_dags/example_trigger_target_dag.py
[2022-08-25 23:39:21,429] {processor.py:641} INFO - Processing file /home/airflow/.local/lib/python3.7/site-packages/airflow/example_dags/example_trigger_target_dag.py for tasks to queue
[2022-08-25 23:39:21,430] {logging_mixin.py:115} INFO - [2022-08-25 23:39:21,430] {dagbag.py:508} INFO - Filling up the DagBag from /home/airflow/.local/lib/python3.7/site-packages/airflow/example_dags/example_trigger_target_dag.py
[2022-08-25 23:39:21,453] {processor.py:651} INFO - DAG(s) dict_keys(['example_trigger_target_dag']) retrieved from /home/airflow/.local/lib/python3.7/site-packages/airflow/example_dags/example_trigger_target_dag.py
[2022-08-25 23:39:21,491] {logging_mixin.py:115} INFO - [2022-08-25 23:39:21,491] {dag.py:2420} INFO - Sync 1 DAGs
[2022-08-25 23:39:21,521] {logging_mixin.py:115} INFO - [2022-08-25 23:39:21,521] {dag.py:2972} INFO - Setting next_dagrun for example_trigger_target_dag to None, run_after=None
[2022-08-25 23:39:21,539] {processor.py:161} INFO - Processing /home/airflow/.local/lib/python3.7/site-packages/airflow/example_dags/example_trigger_target_dag.py took 0.117 seconds
[2022-08-25 23:39:52,395] {processor.py:153} INFO - Started process (PID=18664) to work on /home/airflow/.local/lib/python3.7/site-packages/airflow/example_dags/example_trigger_target_dag.py
[2022-08-25 23:39:52,397] {processor.py:641} INFO - Processing file /home/airflow/.local/lib/python3.7/site-packages/airflow/example_dags/example_trigger_target_dag.py for tasks to queue
[2022-08-25 23:39:52,398] {logging_mixin.py:115} INFO - [2022-08-25 23:39:52,398] {dagbag.py:508} INFO - Filling up the DagBag from /home/airflow/.local/lib/python3.7/site-packages/airflow/example_dags/example_trigger_target_dag.py
[2022-08-25 23:39:52,422] {processor.py:651} INFO - DAG(s) dict_keys(['example_trigger_target_dag']) retrieved from /home/airflow/.local/lib/python3.7/site-packages/airflow/example_dags/example_trigger_target_dag.py
[2022-08-25 23:39:52,462] {logging_mixin.py:115} INFO - [2022-08-25 23:39:52,461] {dag.py:2420} INFO - Sync 1 DAGs
[2022-08-25 23:39:52,494] {logging_mixin.py:115} INFO - [2022-08-25 23:39:52,494] {dag.py:2972} INFO - Setting next_dagrun for example_trigger_target_dag to None, run_after=None
[2022-08-25 23:39:52,509] {processor.py:161} INFO - Processing /home/airflow/.local/lib/python3.7/site-packages/airflow/example_dags/example_trigger_target_dag.py took 0.118 seconds
[2022-08-25 23:40:23,475] {processor.py:153} INFO - Started process (PID=18721) to work on /home/airflow/.local/lib/python3.7/site-packages/airflow/example_dags/example_trigger_target_dag.py
[2022-08-25 23:40:23,478] {processor.py:641} INFO - Processing file /home/airflow/.local/lib/python3.7/site-packages/airflow/example_dags/example_trigger_target_dag.py for tasks to queue
[2022-08-25 23:40:23,482] {logging_mixin.py:115} INFO - [2022-08-25 23:40:23,482] {dagbag.py:508} INFO - Filling up the DagBag from /home/airflow/.local/lib/python3.7/site-packages/airflow/example_dags/example_trigger_target_dag.py
[2022-08-25 23:40:23,513] {processor.py:651} INFO - DAG(s) dict_keys(['example_trigger_target_dag']) retrieved from /home/airflow/.local/lib/python3.7/site-packages/airflow/example_dags/example_trigger_target_dag.py
[2022-08-25 23:40:23,548] {logging_mixin.py:115} INFO - [2022-08-25 23:40:23,547] {dag.py:2420} INFO - Sync 1 DAGs
[2022-08-25 23:40:23,575] {logging_mixin.py:115} INFO - [2022-08-25 23:40:23,574] {dag.py:2972} INFO - Setting next_dagrun for example_trigger_target_dag to None, run_after=None
[2022-08-25 23:40:23,591] {processor.py:161} INFO - Processing /home/airflow/.local/lib/python3.7/site-packages/airflow/example_dags/example_trigger_target_dag.py took 0.125 seconds
[2022-08-25 23:40:53,650] {processor.py:153} INFO - Started process (PID=18785) to work on /home/airflow/.local/lib/python3.7/site-packages/airflow/example_dags/example_trigger_target_dag.py
[2022-08-25 23:40:53,652] {processor.py:641} INFO - Processing file /home/airflow/.local/lib/python3.7/site-packages/airflow/example_dags/example_trigger_target_dag.py for tasks to queue
[2022-08-25 23:40:53,653] {logging_mixin.py:115} INFO - [2022-08-25 23:40:53,653] {dagbag.py:508} INFO - Filling up the DagBag from /home/airflow/.local/lib/python3.7/site-packages/airflow/example_dags/example_trigger_target_dag.py
[2022-08-25 23:40:53,672] {processor.py:651} INFO - DAG(s) dict_keys(['example_trigger_target_dag']) retrieved from /home/airflow/.local/lib/python3.7/site-packages/airflow/example_dags/example_trigger_target_dag.py
[2022-08-25 23:40:53,703] {logging_mixin.py:115} INFO - [2022-08-25 23:40:53,703] {dag.py:2420} INFO - Sync 1 DAGs
[2022-08-25 23:40:53,729] {logging_mixin.py:115} INFO - [2022-08-25 23:40:53,729] {dag.py:2972} INFO - Setting next_dagrun for example_trigger_target_dag to None, run_after=None
[2022-08-25 23:40:53,745] {processor.py:161} INFO - Processing /home/airflow/.local/lib/python3.7/site-packages/airflow/example_dags/example_trigger_target_dag.py took 0.100 seconds
[2022-08-25 23:41:24,648] {processor.py:153} INFO - Started process (PID=18840) to work on /home/airflow/.local/lib/python3.7/site-packages/airflow/example_dags/example_trigger_target_dag.py
[2022-08-25 23:41:24,650] {processor.py:641} INFO - Processing file /home/airflow/.local/lib/python3.7/site-packages/airflow/example_dags/example_trigger_target_dag.py for tasks to queue
[2022-08-25 23:41:24,651] {logging_mixin.py:115} INFO - [2022-08-25 23:41:24,651] {dagbag.py:508} INFO - Filling up the DagBag from /home/airflow/.local/lib/python3.7/site-packages/airflow/example_dags/example_trigger_target_dag.py
[2022-08-25 23:41:24,669] {processor.py:651} INFO - DAG(s) dict_keys(['example_trigger_target_dag']) retrieved from /home/airflow/.local/lib/python3.7/site-packages/airflow/example_dags/example_trigger_target_dag.py
[2022-08-25 23:41:24,705] {logging_mixin.py:115} INFO - [2022-08-25 23:41:24,704] {dag.py:2420} INFO - Sync 1 DAGs
[2022-08-25 23:41:24,738] {logging_mixin.py:115} INFO - [2022-08-25 23:41:24,738] {dag.py:2972} INFO - Setting next_dagrun for example_trigger_target_dag to None, run_after=None
[2022-08-25 23:41:24,758] {processor.py:161} INFO - Processing /home/airflow/.local/lib/python3.7/site-packages/airflow/example_dags/example_trigger_target_dag.py took 0.114 seconds
[2022-08-25 23:41:56,077] {processor.py:153} INFO - Started process (PID=18904) to work on /home/airflow/.local/lib/python3.7/site-packages/airflow/example_dags/example_trigger_target_dag.py
[2022-08-25 23:41:56,078] {processor.py:641} INFO - Processing file /home/airflow/.local/lib/python3.7/site-packages/airflow/example_dags/example_trigger_target_dag.py for tasks to queue
[2022-08-25 23:41:56,080] {logging_mixin.py:115} INFO - [2022-08-25 23:41:56,080] {dagbag.py:508} INFO - Filling up the DagBag from /home/airflow/.local/lib/python3.7/site-packages/airflow/example_dags/example_trigger_target_dag.py
[2022-08-25 23:41:56,106] {processor.py:651} INFO - DAG(s) dict_keys(['example_trigger_target_dag']) retrieved from /home/airflow/.local/lib/python3.7/site-packages/airflow/example_dags/example_trigger_target_dag.py
[2022-08-25 23:41:56,162] {logging_mixin.py:115} INFO - [2022-08-25 23:41:56,162] {dag.py:2420} INFO - Sync 1 DAGs
[2022-08-25 23:41:56,213] {logging_mixin.py:115} INFO - [2022-08-25 23:41:56,213] {dag.py:2972} INFO - Setting next_dagrun for example_trigger_target_dag to None, run_after=None
[2022-08-25 23:41:56,239] {processor.py:161} INFO - Processing /home/airflow/.local/lib/python3.7/site-packages/airflow/example_dags/example_trigger_target_dag.py took 0.170 seconds
[2022-08-25 23:42:27,113] {processor.py:153} INFO - Started process (PID=18968) to work on /home/airflow/.local/lib/python3.7/site-packages/airflow/example_dags/example_trigger_target_dag.py
[2022-08-25 23:42:27,115] {processor.py:641} INFO - Processing file /home/airflow/.local/lib/python3.7/site-packages/airflow/example_dags/example_trigger_target_dag.py for tasks to queue
[2022-08-25 23:42:27,117] {logging_mixin.py:115} INFO - [2022-08-25 23:42:27,116] {dagbag.py:508} INFO - Filling up the DagBag from /home/airflow/.local/lib/python3.7/site-packages/airflow/example_dags/example_trigger_target_dag.py
[2022-08-25 23:42:27,138] {processor.py:651} INFO - DAG(s) dict_keys(['example_trigger_target_dag']) retrieved from /home/airflow/.local/lib/python3.7/site-packages/airflow/example_dags/example_trigger_target_dag.py
[2022-08-25 23:42:27,179] {logging_mixin.py:115} INFO - [2022-08-25 23:42:27,179] {dag.py:2420} INFO - Sync 1 DAGs
[2022-08-25 23:42:27,207] {logging_mixin.py:115} INFO - [2022-08-25 23:42:27,207] {dag.py:2972} INFO - Setting next_dagrun for example_trigger_target_dag to None, run_after=None
[2022-08-25 23:42:27,225] {processor.py:161} INFO - Processing /home/airflow/.local/lib/python3.7/site-packages/airflow/example_dags/example_trigger_target_dag.py took 0.118 seconds
[2022-08-25 23:42:57,631] {processor.py:153} INFO - Started process (PID=19023) to work on /home/airflow/.local/lib/python3.7/site-packages/airflow/example_dags/example_trigger_target_dag.py
[2022-08-25 23:42:57,636] {processor.py:641} INFO - Processing file /home/airflow/.local/lib/python3.7/site-packages/airflow/example_dags/example_trigger_target_dag.py for tasks to queue
[2022-08-25 23:42:57,638] {logging_mixin.py:115} INFO - [2022-08-25 23:42:57,638] {dagbag.py:508} INFO - Filling up the DagBag from /home/airflow/.local/lib/python3.7/site-packages/airflow/example_dags/example_trigger_target_dag.py
[2022-08-25 23:42:57,677] {processor.py:651} INFO - DAG(s) dict_keys(['example_trigger_target_dag']) retrieved from /home/airflow/.local/lib/python3.7/site-packages/airflow/example_dags/example_trigger_target_dag.py
[2022-08-25 23:42:57,727] {logging_mixin.py:115} INFO - [2022-08-25 23:42:57,727] {dag.py:2420} INFO - Sync 1 DAGs
[2022-08-25 23:42:57,765] {logging_mixin.py:115} INFO - [2022-08-25 23:42:57,765] {dag.py:2972} INFO - Setting next_dagrun for example_trigger_target_dag to None, run_after=None
[2022-08-25 23:42:57,786] {processor.py:161} INFO - Processing /home/airflow/.local/lib/python3.7/site-packages/airflow/example_dags/example_trigger_target_dag.py took 0.166 seconds
[2022-08-25 23:43:28,037] {processor.py:153} INFO - Started process (PID=19088) to work on /home/airflow/.local/lib/python3.7/site-packages/airflow/example_dags/example_trigger_target_dag.py
[2022-08-25 23:43:28,038] {processor.py:641} INFO - Processing file /home/airflow/.local/lib/python3.7/site-packages/airflow/example_dags/example_trigger_target_dag.py for tasks to queue
[2022-08-25 23:43:28,039] {logging_mixin.py:115} INFO - [2022-08-25 23:43:28,039] {dagbag.py:508} INFO - Filling up the DagBag from /home/airflow/.local/lib/python3.7/site-packages/airflow/example_dags/example_trigger_target_dag.py
[2022-08-25 23:43:28,061] {processor.py:651} INFO - DAG(s) dict_keys(['example_trigger_target_dag']) retrieved from /home/airflow/.local/lib/python3.7/site-packages/airflow/example_dags/example_trigger_target_dag.py
[2022-08-25 23:43:28,094] {logging_mixin.py:115} INFO - [2022-08-25 23:43:28,094] {dag.py:2420} INFO - Sync 1 DAGs
[2022-08-25 23:43:28,121] {logging_mixin.py:115} INFO - [2022-08-25 23:43:28,121] {dag.py:2972} INFO - Setting next_dagrun for example_trigger_target_dag to None, run_after=None
[2022-08-25 23:43:28,138] {processor.py:161} INFO - Processing /home/airflow/.local/lib/python3.7/site-packages/airflow/example_dags/example_trigger_target_dag.py took 0.106 seconds
[2022-08-25 23:43:58,291] {processor.py:153} INFO - Started process (PID=19143) to work on /home/airflow/.local/lib/python3.7/site-packages/airflow/example_dags/example_trigger_target_dag.py
[2022-08-25 23:43:58,293] {processor.py:641} INFO - Processing file /home/airflow/.local/lib/python3.7/site-packages/airflow/example_dags/example_trigger_target_dag.py for tasks to queue
[2022-08-25 23:43:58,296] {logging_mixin.py:115} INFO - [2022-08-25 23:43:58,296] {dagbag.py:508} INFO - Filling up the DagBag from /home/airflow/.local/lib/python3.7/site-packages/airflow/example_dags/example_trigger_target_dag.py
[2022-08-25 23:43:58,321] {processor.py:651} INFO - DAG(s) dict_keys(['example_trigger_target_dag']) retrieved from /home/airflow/.local/lib/python3.7/site-packages/airflow/example_dags/example_trigger_target_dag.py
[2022-08-25 23:43:58,368] {logging_mixin.py:115} INFO - [2022-08-25 23:43:58,367] {dag.py:2420} INFO - Sync 1 DAGs
[2022-08-25 23:43:58,442] {logging_mixin.py:115} INFO - [2022-08-25 23:43:58,442] {dag.py:2972} INFO - Setting next_dagrun for example_trigger_target_dag to None, run_after=None
[2022-08-25 23:43:58,466] {processor.py:161} INFO - Processing /home/airflow/.local/lib/python3.7/site-packages/airflow/example_dags/example_trigger_target_dag.py took 0.180 seconds
[2022-08-25 23:44:29,011] {processor.py:153} INFO - Started process (PID=19208) to work on /home/airflow/.local/lib/python3.7/site-packages/airflow/example_dags/example_trigger_target_dag.py
[2022-08-25 23:44:29,012] {processor.py:641} INFO - Processing file /home/airflow/.local/lib/python3.7/site-packages/airflow/example_dags/example_trigger_target_dag.py for tasks to queue
[2022-08-25 23:44:29,014] {logging_mixin.py:115} INFO - [2022-08-25 23:44:29,013] {dagbag.py:508} INFO - Filling up the DagBag from /home/airflow/.local/lib/python3.7/site-packages/airflow/example_dags/example_trigger_target_dag.py
[2022-08-25 23:44:29,037] {processor.py:651} INFO - DAG(s) dict_keys(['example_trigger_target_dag']) retrieved from /home/airflow/.local/lib/python3.7/site-packages/airflow/example_dags/example_trigger_target_dag.py
[2022-08-25 23:44:29,069] {logging_mixin.py:115} INFO - [2022-08-25 23:44:29,069] {dag.py:2420} INFO - Sync 1 DAGs
[2022-08-25 23:44:29,097] {logging_mixin.py:115} INFO - [2022-08-25 23:44:29,097] {dag.py:2972} INFO - Setting next_dagrun for example_trigger_target_dag to None, run_after=None
[2022-08-25 23:44:29,114] {processor.py:161} INFO - Processing /home/airflow/.local/lib/python3.7/site-packages/airflow/example_dags/example_trigger_target_dag.py took 0.107 seconds
[2022-08-25 23:44:59,472] {processor.py:153} INFO - Started process (PID=19273) to work on /home/airflow/.local/lib/python3.7/site-packages/airflow/example_dags/example_trigger_target_dag.py
[2022-08-25 23:44:59,474] {processor.py:641} INFO - Processing file /home/airflow/.local/lib/python3.7/site-packages/airflow/example_dags/example_trigger_target_dag.py for tasks to queue
[2022-08-25 23:44:59,478] {logging_mixin.py:115} INFO - [2022-08-25 23:44:59,478] {dagbag.py:508} INFO - Filling up the DagBag from /home/airflow/.local/lib/python3.7/site-packages/airflow/example_dags/example_trigger_target_dag.py
[2022-08-25 23:44:59,504] {processor.py:651} INFO - DAG(s) dict_keys(['example_trigger_target_dag']) retrieved from /home/airflow/.local/lib/python3.7/site-packages/airflow/example_dags/example_trigger_target_dag.py
[2022-08-25 23:44:59,544] {logging_mixin.py:115} INFO - [2022-08-25 23:44:59,544] {dag.py:2420} INFO - Sync 1 DAGs
[2022-08-25 23:44:59,578] {logging_mixin.py:115} INFO - [2022-08-25 23:44:59,578] {dag.py:2972} INFO - Setting next_dagrun for example_trigger_target_dag to None, run_after=None
[2022-08-25 23:44:59,606] {processor.py:161} INFO - Processing /home/airflow/.local/lib/python3.7/site-packages/airflow/example_dags/example_trigger_target_dag.py took 0.148 seconds
[2022-08-25 23:45:29,746] {processor.py:153} INFO - Started process (PID=19328) to work on /home/airflow/.local/lib/python3.7/site-packages/airflow/example_dags/example_trigger_target_dag.py
[2022-08-25 23:45:29,748] {processor.py:641} INFO - Processing file /home/airflow/.local/lib/python3.7/site-packages/airflow/example_dags/example_trigger_target_dag.py for tasks to queue
[2022-08-25 23:45:29,751] {logging_mixin.py:115} INFO - [2022-08-25 23:45:29,751] {dagbag.py:508} INFO - Filling up the DagBag from /home/airflow/.local/lib/python3.7/site-packages/airflow/example_dags/example_trigger_target_dag.py
[2022-08-25 23:45:29,780] {processor.py:651} INFO - DAG(s) dict_keys(['example_trigger_target_dag']) retrieved from /home/airflow/.local/lib/python3.7/site-packages/airflow/example_dags/example_trigger_target_dag.py
[2022-08-25 23:45:29,863] {logging_mixin.py:115} INFO - [2022-08-25 23:45:29,862] {dag.py:2420} INFO - Sync 1 DAGs
[2022-08-25 23:45:29,903] {logging_mixin.py:115} INFO - [2022-08-25 23:45:29,903] {dag.py:2972} INFO - Setting next_dagrun for example_trigger_target_dag to None, run_after=None
[2022-08-25 23:45:29,920] {processor.py:161} INFO - Processing /home/airflow/.local/lib/python3.7/site-packages/airflow/example_dags/example_trigger_target_dag.py took 0.183 seconds
[2022-08-25 23:46:00,400] {processor.py:153} INFO - Started process (PID=19393) to work on /home/airflow/.local/lib/python3.7/site-packages/airflow/example_dags/example_trigger_target_dag.py
[2022-08-25 23:46:00,401] {processor.py:641} INFO - Processing file /home/airflow/.local/lib/python3.7/site-packages/airflow/example_dags/example_trigger_target_dag.py for tasks to queue
[2022-08-25 23:46:00,403] {logging_mixin.py:115} INFO - [2022-08-25 23:46:00,403] {dagbag.py:508} INFO - Filling up the DagBag from /home/airflow/.local/lib/python3.7/site-packages/airflow/example_dags/example_trigger_target_dag.py
[2022-08-25 23:46:00,430] {processor.py:651} INFO - DAG(s) dict_keys(['example_trigger_target_dag']) retrieved from /home/airflow/.local/lib/python3.7/site-packages/airflow/example_dags/example_trigger_target_dag.py
[2022-08-25 23:46:00,466] {logging_mixin.py:115} INFO - [2022-08-25 23:46:00,466] {dag.py:2420} INFO - Sync 1 DAGs
[2022-08-25 23:46:00,496] {logging_mixin.py:115} INFO - [2022-08-25 23:46:00,496] {dag.py:2972} INFO - Setting next_dagrun for example_trigger_target_dag to None, run_after=None
[2022-08-25 23:46:00,512] {processor.py:161} INFO - Processing /home/airflow/.local/lib/python3.7/site-packages/airflow/example_dags/example_trigger_target_dag.py took 0.119 seconds
[2022-08-25 23:46:30,621] {processor.py:153} INFO - Started process (PID=19448) to work on /home/airflow/.local/lib/python3.7/site-packages/airflow/example_dags/example_trigger_target_dag.py
[2022-08-25 23:46:30,623] {processor.py:641} INFO - Processing file /home/airflow/.local/lib/python3.7/site-packages/airflow/example_dags/example_trigger_target_dag.py for tasks to queue
[2022-08-25 23:46:30,624] {logging_mixin.py:115} INFO - [2022-08-25 23:46:30,624] {dagbag.py:508} INFO - Filling up the DagBag from /home/airflow/.local/lib/python3.7/site-packages/airflow/example_dags/example_trigger_target_dag.py
[2022-08-25 23:46:30,645] {processor.py:651} INFO - DAG(s) dict_keys(['example_trigger_target_dag']) retrieved from /home/airflow/.local/lib/python3.7/site-packages/airflow/example_dags/example_trigger_target_dag.py
[2022-08-25 23:46:30,681] {logging_mixin.py:115} INFO - [2022-08-25 23:46:30,681] {dag.py:2420} INFO - Sync 1 DAGs
[2022-08-25 23:46:30,711] {logging_mixin.py:115} INFO - [2022-08-25 23:46:30,711] {dag.py:2972} INFO - Setting next_dagrun for example_trigger_target_dag to None, run_after=None
[2022-08-25 23:46:30,732] {processor.py:161} INFO - Processing /home/airflow/.local/lib/python3.7/site-packages/airflow/example_dags/example_trigger_target_dag.py took 0.116 seconds
[2022-08-25 23:47:01,259] {processor.py:153} INFO - Started process (PID=19514) to work on /home/airflow/.local/lib/python3.7/site-packages/airflow/example_dags/example_trigger_target_dag.py
[2022-08-25 23:47:01,261] {processor.py:641} INFO - Processing file /home/airflow/.local/lib/python3.7/site-packages/airflow/example_dags/example_trigger_target_dag.py for tasks to queue
[2022-08-25 23:47:01,262] {logging_mixin.py:115} INFO - [2022-08-25 23:47:01,262] {dagbag.py:508} INFO - Filling up the DagBag from /home/airflow/.local/lib/python3.7/site-packages/airflow/example_dags/example_trigger_target_dag.py
[2022-08-25 23:47:01,282] {processor.py:651} INFO - DAG(s) dict_keys(['example_trigger_target_dag']) retrieved from /home/airflow/.local/lib/python3.7/site-packages/airflow/example_dags/example_trigger_target_dag.py
[2022-08-25 23:47:01,317] {logging_mixin.py:115} INFO - [2022-08-25 23:47:01,317] {dag.py:2420} INFO - Sync 1 DAGs
[2022-08-25 23:47:01,347] {logging_mixin.py:115} INFO - [2022-08-25 23:47:01,347] {dag.py:2972} INFO - Setting next_dagrun for example_trigger_target_dag to None, run_after=None
[2022-08-25 23:47:01,363] {processor.py:161} INFO - Processing /home/airflow/.local/lib/python3.7/site-packages/airflow/example_dags/example_trigger_target_dag.py took 0.111 seconds
[2022-08-25 23:47:32,262] {processor.py:153} INFO - Started process (PID=19580) to work on /home/airflow/.local/lib/python3.7/site-packages/airflow/example_dags/example_trigger_target_dag.py
[2022-08-25 23:47:32,263] {processor.py:641} INFO - Processing file /home/airflow/.local/lib/python3.7/site-packages/airflow/example_dags/example_trigger_target_dag.py for tasks to queue
[2022-08-25 23:47:32,264] {logging_mixin.py:115} INFO - [2022-08-25 23:47:32,264] {dagbag.py:508} INFO - Filling up the DagBag from /home/airflow/.local/lib/python3.7/site-packages/airflow/example_dags/example_trigger_target_dag.py
[2022-08-25 23:47:32,286] {processor.py:651} INFO - DAG(s) dict_keys(['example_trigger_target_dag']) retrieved from /home/airflow/.local/lib/python3.7/site-packages/airflow/example_dags/example_trigger_target_dag.py
[2022-08-25 23:47:32,317] {logging_mixin.py:115} INFO - [2022-08-25 23:47:32,317] {dag.py:2420} INFO - Sync 1 DAGs
[2022-08-25 23:47:32,343] {logging_mixin.py:115} INFO - [2022-08-25 23:47:32,343] {dag.py:2972} INFO - Setting next_dagrun for example_trigger_target_dag to None, run_after=None
[2022-08-25 23:47:32,360] {processor.py:161} INFO - Processing /home/airflow/.local/lib/python3.7/site-packages/airflow/example_dags/example_trigger_target_dag.py took 0.103 seconds
[2022-08-25 23:48:03,272] {processor.py:153} INFO - Started process (PID=19635) to work on /home/airflow/.local/lib/python3.7/site-packages/airflow/example_dags/example_trigger_target_dag.py
[2022-08-25 23:48:03,273] {processor.py:641} INFO - Processing file /home/airflow/.local/lib/python3.7/site-packages/airflow/example_dags/example_trigger_target_dag.py for tasks to queue
[2022-08-25 23:48:03,274] {logging_mixin.py:115} INFO - [2022-08-25 23:48:03,274] {dagbag.py:508} INFO - Filling up the DagBag from /home/airflow/.local/lib/python3.7/site-packages/airflow/example_dags/example_trigger_target_dag.py
[2022-08-25 23:48:03,295] {processor.py:651} INFO - DAG(s) dict_keys(['example_trigger_target_dag']) retrieved from /home/airflow/.local/lib/python3.7/site-packages/airflow/example_dags/example_trigger_target_dag.py
[2022-08-25 23:48:03,328] {logging_mixin.py:115} INFO - [2022-08-25 23:48:03,328] {dag.py:2420} INFO - Sync 1 DAGs
[2022-08-25 23:48:03,362] {logging_mixin.py:115} INFO - [2022-08-25 23:48:03,362] {dag.py:2972} INFO - Setting next_dagrun for example_trigger_target_dag to None, run_after=None
[2022-08-25 23:48:03,382] {processor.py:161} INFO - Processing /home/airflow/.local/lib/python3.7/site-packages/airflow/example_dags/example_trigger_target_dag.py took 0.116 seconds
[2022-08-25 23:48:34,470] {processor.py:153} INFO - Started process (PID=19700) to work on /home/airflow/.local/lib/python3.7/site-packages/airflow/example_dags/example_trigger_target_dag.py
[2022-08-25 23:48:34,473] {processor.py:641} INFO - Processing file /home/airflow/.local/lib/python3.7/site-packages/airflow/example_dags/example_trigger_target_dag.py for tasks to queue
[2022-08-25 23:48:34,476] {logging_mixin.py:115} INFO - [2022-08-25 23:48:34,476] {dagbag.py:508} INFO - Filling up the DagBag from /home/airflow/.local/lib/python3.7/site-packages/airflow/example_dags/example_trigger_target_dag.py
[2022-08-25 23:48:34,505] {processor.py:651} INFO - DAG(s) dict_keys(['example_trigger_target_dag']) retrieved from /home/airflow/.local/lib/python3.7/site-packages/airflow/example_dags/example_trigger_target_dag.py
[2022-08-25 23:48:34,547] {logging_mixin.py:115} INFO - [2022-08-25 23:48:34,546] {dag.py:2420} INFO - Sync 1 DAGs
[2022-08-25 23:48:34,575] {logging_mixin.py:115} INFO - [2022-08-25 23:48:34,575] {dag.py:2972} INFO - Setting next_dagrun for example_trigger_target_dag to None, run_after=None
[2022-08-25 23:48:34,592] {processor.py:161} INFO - Processing /home/airflow/.local/lib/python3.7/site-packages/airflow/example_dags/example_trigger_target_dag.py took 0.132 seconds
[2022-08-25 23:49:05,335] {processor.py:153} INFO - Started process (PID=19764) to work on /home/airflow/.local/lib/python3.7/site-packages/airflow/example_dags/example_trigger_target_dag.py
[2022-08-25 23:49:05,337] {processor.py:641} INFO - Processing file /home/airflow/.local/lib/python3.7/site-packages/airflow/example_dags/example_trigger_target_dag.py for tasks to queue
[2022-08-25 23:49:05,338] {logging_mixin.py:115} INFO - [2022-08-25 23:49:05,338] {dagbag.py:508} INFO - Filling up the DagBag from /home/airflow/.local/lib/python3.7/site-packages/airflow/example_dags/example_trigger_target_dag.py
[2022-08-25 23:49:05,363] {processor.py:651} INFO - DAG(s) dict_keys(['example_trigger_target_dag']) retrieved from /home/airflow/.local/lib/python3.7/site-packages/airflow/example_dags/example_trigger_target_dag.py
[2022-08-25 23:49:05,399] {logging_mixin.py:115} INFO - [2022-08-25 23:49:05,399] {dag.py:2420} INFO - Sync 1 DAGs
[2022-08-25 23:49:05,427] {logging_mixin.py:115} INFO - [2022-08-25 23:49:05,427] {dag.py:2972} INFO - Setting next_dagrun for example_trigger_target_dag to None, run_after=None
[2022-08-25 23:49:05,446] {processor.py:161} INFO - Processing /home/airflow/.local/lib/python3.7/site-packages/airflow/example_dags/example_trigger_target_dag.py took 0.116 seconds
[2022-08-25 23:49:35,883] {processor.py:153} INFO - Started process (PID=19819) to work on /home/airflow/.local/lib/python3.7/site-packages/airflow/example_dags/example_trigger_target_dag.py
[2022-08-25 23:49:35,885] {processor.py:641} INFO - Processing file /home/airflow/.local/lib/python3.7/site-packages/airflow/example_dags/example_trigger_target_dag.py for tasks to queue
[2022-08-25 23:49:35,886] {logging_mixin.py:115} INFO - [2022-08-25 23:49:35,886] {dagbag.py:508} INFO - Filling up the DagBag from /home/airflow/.local/lib/python3.7/site-packages/airflow/example_dags/example_trigger_target_dag.py
[2022-08-25 23:49:35,927] {processor.py:651} INFO - DAG(s) dict_keys(['example_trigger_target_dag']) retrieved from /home/airflow/.local/lib/python3.7/site-packages/airflow/example_dags/example_trigger_target_dag.py
[2022-08-25 23:49:35,977] {logging_mixin.py:115} INFO - [2022-08-25 23:49:35,977] {dag.py:2420} INFO - Sync 1 DAGs
[2022-08-25 23:49:36,016] {logging_mixin.py:115} INFO - [2022-08-25 23:49:36,016] {dag.py:2972} INFO - Setting next_dagrun for example_trigger_target_dag to None, run_after=None
[2022-08-25 23:49:36,040] {processor.py:161} INFO - Processing /home/airflow/.local/lib/python3.7/site-packages/airflow/example_dags/example_trigger_target_dag.py took 0.165 seconds
[2022-08-25 23:50:06,216] {processor.py:153} INFO - Started process (PID=19883) to work on /home/airflow/.local/lib/python3.7/site-packages/airflow/example_dags/example_trigger_target_dag.py
[2022-08-25 23:50:06,218] {processor.py:641} INFO - Processing file /home/airflow/.local/lib/python3.7/site-packages/airflow/example_dags/example_trigger_target_dag.py for tasks to queue
[2022-08-25 23:50:06,219] {logging_mixin.py:115} INFO - [2022-08-25 23:50:06,219] {dagbag.py:508} INFO - Filling up the DagBag from /home/airflow/.local/lib/python3.7/site-packages/airflow/example_dags/example_trigger_target_dag.py
[2022-08-25 23:50:06,241] {processor.py:651} INFO - DAG(s) dict_keys(['example_trigger_target_dag']) retrieved from /home/airflow/.local/lib/python3.7/site-packages/airflow/example_dags/example_trigger_target_dag.py
[2022-08-25 23:50:06,275] {logging_mixin.py:115} INFO - [2022-08-25 23:50:06,275] {dag.py:2420} INFO - Sync 1 DAGs
[2022-08-25 23:50:06,304] {logging_mixin.py:115} INFO - [2022-08-25 23:50:06,304] {dag.py:2972} INFO - Setting next_dagrun for example_trigger_target_dag to None, run_after=None
[2022-08-25 23:50:06,322] {processor.py:161} INFO - Processing /home/airflow/.local/lib/python3.7/site-packages/airflow/example_dags/example_trigger_target_dag.py took 0.112 seconds
[2022-08-25 23:50:36,818] {processor.py:153} INFO - Started process (PID=19938) to work on /home/airflow/.local/lib/python3.7/site-packages/airflow/example_dags/example_trigger_target_dag.py
[2022-08-25 23:50:36,821] {processor.py:641} INFO - Processing file /home/airflow/.local/lib/python3.7/site-packages/airflow/example_dags/example_trigger_target_dag.py for tasks to queue
[2022-08-25 23:50:36,822] {logging_mixin.py:115} INFO - [2022-08-25 23:50:36,822] {dagbag.py:508} INFO - Filling up the DagBag from /home/airflow/.local/lib/python3.7/site-packages/airflow/example_dags/example_trigger_target_dag.py
[2022-08-25 23:50:36,848] {processor.py:651} INFO - DAG(s) dict_keys(['example_trigger_target_dag']) retrieved from /home/airflow/.local/lib/python3.7/site-packages/airflow/example_dags/example_trigger_target_dag.py
[2022-08-25 23:50:36,895] {logging_mixin.py:115} INFO - [2022-08-25 23:50:36,895] {dag.py:2420} INFO - Sync 1 DAGs
[2022-08-25 23:50:36,928] {logging_mixin.py:115} INFO - [2022-08-25 23:50:36,928] {dag.py:2972} INFO - Setting next_dagrun for example_trigger_target_dag to None, run_after=None
[2022-08-25 23:50:36,956] {processor.py:161} INFO - Processing /home/airflow/.local/lib/python3.7/site-packages/airflow/example_dags/example_trigger_target_dag.py took 0.146 seconds
[2022-08-25 23:51:06,998] {processor.py:153} INFO - Started process (PID=20002) to work on /home/airflow/.local/lib/python3.7/site-packages/airflow/example_dags/example_trigger_target_dag.py
[2022-08-25 23:51:06,999] {processor.py:641} INFO - Processing file /home/airflow/.local/lib/python3.7/site-packages/airflow/example_dags/example_trigger_target_dag.py for tasks to queue
[2022-08-25 23:51:07,001] {logging_mixin.py:115} INFO - [2022-08-25 23:51:07,001] {dagbag.py:508} INFO - Filling up the DagBag from /home/airflow/.local/lib/python3.7/site-packages/airflow/example_dags/example_trigger_target_dag.py
[2022-08-25 23:51:07,026] {processor.py:651} INFO - DAG(s) dict_keys(['example_trigger_target_dag']) retrieved from /home/airflow/.local/lib/python3.7/site-packages/airflow/example_dags/example_trigger_target_dag.py
[2022-08-25 23:51:07,066] {logging_mixin.py:115} INFO - [2022-08-25 23:51:07,066] {dag.py:2420} INFO - Sync 1 DAGs
[2022-08-25 23:51:07,095] {logging_mixin.py:115} INFO - [2022-08-25 23:51:07,094] {dag.py:2972} INFO - Setting next_dagrun for example_trigger_target_dag to None, run_after=None
[2022-08-25 23:51:07,114] {processor.py:161} INFO - Processing /home/airflow/.local/lib/python3.7/site-packages/airflow/example_dags/example_trigger_target_dag.py took 0.125 seconds
[2022-08-25 23:51:37,351] {processor.py:153} INFO - Started process (PID=20058) to work on /home/airflow/.local/lib/python3.7/site-packages/airflow/example_dags/example_trigger_target_dag.py
[2022-08-25 23:51:37,352] {processor.py:641} INFO - Processing file /home/airflow/.local/lib/python3.7/site-packages/airflow/example_dags/example_trigger_target_dag.py for tasks to queue
[2022-08-25 23:51:37,353] {logging_mixin.py:115} INFO - [2022-08-25 23:51:37,353] {dagbag.py:508} INFO - Filling up the DagBag from /home/airflow/.local/lib/python3.7/site-packages/airflow/example_dags/example_trigger_target_dag.py
[2022-08-25 23:51:37,373] {processor.py:651} INFO - DAG(s) dict_keys(['example_trigger_target_dag']) retrieved from /home/airflow/.local/lib/python3.7/site-packages/airflow/example_dags/example_trigger_target_dag.py
[2022-08-25 23:51:37,407] {logging_mixin.py:115} INFO - [2022-08-25 23:51:37,407] {dag.py:2420} INFO - Sync 1 DAGs
[2022-08-25 23:51:37,433] {logging_mixin.py:115} INFO - [2022-08-25 23:51:37,433] {dag.py:2972} INFO - Setting next_dagrun for example_trigger_target_dag to None, run_after=None
[2022-08-25 23:51:37,451] {processor.py:161} INFO - Processing /home/airflow/.local/lib/python3.7/site-packages/airflow/example_dags/example_trigger_target_dag.py took 0.106 seconds
[2022-08-25 23:52:08,323] {processor.py:153} INFO - Started process (PID=20123) to work on /home/airflow/.local/lib/python3.7/site-packages/airflow/example_dags/example_trigger_target_dag.py
[2022-08-25 23:52:08,324] {processor.py:641} INFO - Processing file /home/airflow/.local/lib/python3.7/site-packages/airflow/example_dags/example_trigger_target_dag.py for tasks to queue
[2022-08-25 23:52:08,326] {logging_mixin.py:115} INFO - [2022-08-25 23:52:08,326] {dagbag.py:508} INFO - Filling up the DagBag from /home/airflow/.local/lib/python3.7/site-packages/airflow/example_dags/example_trigger_target_dag.py
[2022-08-25 23:52:08,350] {processor.py:651} INFO - DAG(s) dict_keys(['example_trigger_target_dag']) retrieved from /home/airflow/.local/lib/python3.7/site-packages/airflow/example_dags/example_trigger_target_dag.py
[2022-08-25 23:52:08,385] {logging_mixin.py:115} INFO - [2022-08-25 23:52:08,385] {dag.py:2420} INFO - Sync 1 DAGs
[2022-08-25 23:52:08,417] {logging_mixin.py:115} INFO - [2022-08-25 23:52:08,417] {dag.py:2972} INFO - Setting next_dagrun for example_trigger_target_dag to None, run_after=None
[2022-08-25 23:52:08,438] {processor.py:161} INFO - Processing /home/airflow/.local/lib/python3.7/site-packages/airflow/example_dags/example_trigger_target_dag.py took 0.119 seconds
[2022-08-25 23:52:39,267] {processor.py:153} INFO - Started process (PID=20188) to work on /home/airflow/.local/lib/python3.7/site-packages/airflow/example_dags/example_trigger_target_dag.py
[2022-08-25 23:52:39,269] {processor.py:641} INFO - Processing file /home/airflow/.local/lib/python3.7/site-packages/airflow/example_dags/example_trigger_target_dag.py for tasks to queue
[2022-08-25 23:52:39,270] {logging_mixin.py:115} INFO - [2022-08-25 23:52:39,270] {dagbag.py:508} INFO - Filling up the DagBag from /home/airflow/.local/lib/python3.7/site-packages/airflow/example_dags/example_trigger_target_dag.py
[2022-08-25 23:52:39,289] {processor.py:651} INFO - DAG(s) dict_keys(['example_trigger_target_dag']) retrieved from /home/airflow/.local/lib/python3.7/site-packages/airflow/example_dags/example_trigger_target_dag.py
[2022-08-25 23:52:39,323] {logging_mixin.py:115} INFO - [2022-08-25 23:52:39,323] {dag.py:2420} INFO - Sync 1 DAGs
[2022-08-25 23:52:39,354] {logging_mixin.py:115} INFO - [2022-08-25 23:52:39,354] {dag.py:2972} INFO - Setting next_dagrun for example_trigger_target_dag to None, run_after=None
[2022-08-25 23:52:39,371] {processor.py:161} INFO - Processing /home/airflow/.local/lib/python3.7/site-packages/airflow/example_dags/example_trigger_target_dag.py took 0.108 seconds
[2022-08-25 23:53:10,145] {processor.py:153} INFO - Started process (PID=20250) to work on /home/airflow/.local/lib/python3.7/site-packages/airflow/example_dags/example_trigger_target_dag.py
[2022-08-25 23:53:10,146] {processor.py:641} INFO - Processing file /home/airflow/.local/lib/python3.7/site-packages/airflow/example_dags/example_trigger_target_dag.py for tasks to queue
[2022-08-25 23:53:10,147] {logging_mixin.py:115} INFO - [2022-08-25 23:53:10,147] {dagbag.py:508} INFO - Filling up the DagBag from /home/airflow/.local/lib/python3.7/site-packages/airflow/example_dags/example_trigger_target_dag.py
[2022-08-25 23:53:10,168] {processor.py:651} INFO - DAG(s) dict_keys(['example_trigger_target_dag']) retrieved from /home/airflow/.local/lib/python3.7/site-packages/airflow/example_dags/example_trigger_target_dag.py
[2022-08-25 23:53:10,202] {logging_mixin.py:115} INFO - [2022-08-25 23:53:10,202] {dag.py:2420} INFO - Sync 1 DAGs
[2022-08-25 23:53:10,231] {logging_mixin.py:115} INFO - [2022-08-25 23:53:10,231] {dag.py:2972} INFO - Setting next_dagrun for example_trigger_target_dag to None, run_after=None
[2022-08-25 23:53:10,247] {processor.py:161} INFO - Processing /home/airflow/.local/lib/python3.7/site-packages/airflow/example_dags/example_trigger_target_dag.py took 0.106 seconds
[2022-08-25 23:53:40,933] {processor.py:153} INFO - Started process (PID=20307) to work on /home/airflow/.local/lib/python3.7/site-packages/airflow/example_dags/example_trigger_target_dag.py
[2022-08-25 23:53:40,935] {processor.py:641} INFO - Processing file /home/airflow/.local/lib/python3.7/site-packages/airflow/example_dags/example_trigger_target_dag.py for tasks to queue
[2022-08-25 23:53:40,936] {logging_mixin.py:115} INFO - [2022-08-25 23:53:40,936] {dagbag.py:508} INFO - Filling up the DagBag from /home/airflow/.local/lib/python3.7/site-packages/airflow/example_dags/example_trigger_target_dag.py
[2022-08-25 23:53:40,965] {processor.py:651} INFO - DAG(s) dict_keys(['example_trigger_target_dag']) retrieved from /home/airflow/.local/lib/python3.7/site-packages/airflow/example_dags/example_trigger_target_dag.py
[2022-08-25 23:53:41,000] {logging_mixin.py:115} INFO - [2022-08-25 23:53:41,000] {dag.py:2420} INFO - Sync 1 DAGs
[2022-08-25 23:53:41,027] {logging_mixin.py:115} INFO - [2022-08-25 23:53:41,027] {dag.py:2972} INFO - Setting next_dagrun for example_trigger_target_dag to None, run_after=None
[2022-08-25 23:53:41,044] {processor.py:161} INFO - Processing /home/airflow/.local/lib/python3.7/site-packages/airflow/example_dags/example_trigger_target_dag.py took 0.117 seconds
[2022-08-25 23:54:11,886] {processor.py:153} INFO - Started process (PID=20371) to work on /home/airflow/.local/lib/python3.7/site-packages/airflow/example_dags/example_trigger_target_dag.py
[2022-08-25 23:54:11,887] {processor.py:641} INFO - Processing file /home/airflow/.local/lib/python3.7/site-packages/airflow/example_dags/example_trigger_target_dag.py for tasks to queue
[2022-08-25 23:54:11,888] {logging_mixin.py:115} INFO - [2022-08-25 23:54:11,888] {dagbag.py:508} INFO - Filling up the DagBag from /home/airflow/.local/lib/python3.7/site-packages/airflow/example_dags/example_trigger_target_dag.py
[2022-08-25 23:54:11,908] {processor.py:651} INFO - DAG(s) dict_keys(['example_trigger_target_dag']) retrieved from /home/airflow/.local/lib/python3.7/site-packages/airflow/example_dags/example_trigger_target_dag.py
[2022-08-25 23:54:11,941] {logging_mixin.py:115} INFO - [2022-08-25 23:54:11,941] {dag.py:2420} INFO - Sync 1 DAGs
[2022-08-25 23:54:11,968] {logging_mixin.py:115} INFO - [2022-08-25 23:54:11,968] {dag.py:2972} INFO - Setting next_dagrun for example_trigger_target_dag to None, run_after=None
[2022-08-25 23:54:11,983] {processor.py:161} INFO - Processing /home/airflow/.local/lib/python3.7/site-packages/airflow/example_dags/example_trigger_target_dag.py took 0.102 seconds
[2022-08-25 23:54:42,636] {processor.py:153} INFO - Started process (PID=20433) to work on /home/airflow/.local/lib/python3.7/site-packages/airflow/example_dags/example_trigger_target_dag.py
[2022-08-25 23:54:42,637] {processor.py:641} INFO - Processing file /home/airflow/.local/lib/python3.7/site-packages/airflow/example_dags/example_trigger_target_dag.py for tasks to queue
[2022-08-25 23:54:42,639] {logging_mixin.py:115} INFO - [2022-08-25 23:54:42,639] {dagbag.py:508} INFO - Filling up the DagBag from /home/airflow/.local/lib/python3.7/site-packages/airflow/example_dags/example_trigger_target_dag.py
[2022-08-25 23:54:42,662] {processor.py:651} INFO - DAG(s) dict_keys(['example_trigger_target_dag']) retrieved from /home/airflow/.local/lib/python3.7/site-packages/airflow/example_dags/example_trigger_target_dag.py
[2022-08-25 23:54:42,707] {logging_mixin.py:115} INFO - [2022-08-25 23:54:42,707] {dag.py:2420} INFO - Sync 1 DAGs
[2022-08-25 23:54:42,750] {logging_mixin.py:115} INFO - [2022-08-25 23:54:42,750] {dag.py:2972} INFO - Setting next_dagrun for example_trigger_target_dag to None, run_after=None
[2022-08-25 23:54:42,774] {processor.py:161} INFO - Processing /home/airflow/.local/lib/python3.7/site-packages/airflow/example_dags/example_trigger_target_dag.py took 0.142 seconds
[2022-08-25 23:55:13,483] {processor.py:153} INFO - Started process (PID=20489) to work on /home/airflow/.local/lib/python3.7/site-packages/airflow/example_dags/example_trigger_target_dag.py
[2022-08-25 23:55:13,484] {processor.py:641} INFO - Processing file /home/airflow/.local/lib/python3.7/site-packages/airflow/example_dags/example_trigger_target_dag.py for tasks to queue
[2022-08-25 23:55:13,486] {logging_mixin.py:115} INFO - [2022-08-25 23:55:13,486] {dagbag.py:508} INFO - Filling up the DagBag from /home/airflow/.local/lib/python3.7/site-packages/airflow/example_dags/example_trigger_target_dag.py
[2022-08-25 23:55:13,506] {processor.py:651} INFO - DAG(s) dict_keys(['example_trigger_target_dag']) retrieved from /home/airflow/.local/lib/python3.7/site-packages/airflow/example_dags/example_trigger_target_dag.py
[2022-08-25 23:55:13,540] {logging_mixin.py:115} INFO - [2022-08-25 23:55:13,540] {dag.py:2420} INFO - Sync 1 DAGs
[2022-08-25 23:55:13,569] {logging_mixin.py:115} INFO - [2022-08-25 23:55:13,569] {dag.py:2972} INFO - Setting next_dagrun for example_trigger_target_dag to None, run_after=None
[2022-08-25 23:55:13,588] {processor.py:161} INFO - Processing /home/airflow/.local/lib/python3.7/site-packages/airflow/example_dags/example_trigger_target_dag.py took 0.110 seconds
[2022-08-25 23:55:44,145] {processor.py:153} INFO - Started process (PID=20552) to work on /home/airflow/.local/lib/python3.7/site-packages/airflow/example_dags/example_trigger_target_dag.py
[2022-08-25 23:55:44,146] {processor.py:641} INFO - Processing file /home/airflow/.local/lib/python3.7/site-packages/airflow/example_dags/example_trigger_target_dag.py for tasks to queue
[2022-08-25 23:55:44,147] {logging_mixin.py:115} INFO - [2022-08-25 23:55:44,147] {dagbag.py:508} INFO - Filling up the DagBag from /home/airflow/.local/lib/python3.7/site-packages/airflow/example_dags/example_trigger_target_dag.py
[2022-08-25 23:55:44,167] {processor.py:651} INFO - DAG(s) dict_keys(['example_trigger_target_dag']) retrieved from /home/airflow/.local/lib/python3.7/site-packages/airflow/example_dags/example_trigger_target_dag.py
[2022-08-25 23:55:44,200] {logging_mixin.py:115} INFO - [2022-08-25 23:55:44,200] {dag.py:2420} INFO - Sync 1 DAGs
[2022-08-25 23:55:44,230] {logging_mixin.py:115} INFO - [2022-08-25 23:55:44,230] {dag.py:2972} INFO - Setting next_dagrun for example_trigger_target_dag to None, run_after=None
[2022-08-25 23:55:44,250] {processor.py:161} INFO - Processing /home/airflow/.local/lib/python3.7/site-packages/airflow/example_dags/example_trigger_target_dag.py took 0.110 seconds
[2022-08-25 23:56:14,843] {processor.py:153} INFO - Started process (PID=20608) to work on /home/airflow/.local/lib/python3.7/site-packages/airflow/example_dags/example_trigger_target_dag.py
[2022-08-25 23:56:14,844] {processor.py:641} INFO - Processing file /home/airflow/.local/lib/python3.7/site-packages/airflow/example_dags/example_trigger_target_dag.py for tasks to queue
[2022-08-25 23:56:14,845] {logging_mixin.py:115} INFO - [2022-08-25 23:56:14,845] {dagbag.py:508} INFO - Filling up the DagBag from /home/airflow/.local/lib/python3.7/site-packages/airflow/example_dags/example_trigger_target_dag.py
[2022-08-25 23:56:14,866] {processor.py:651} INFO - DAG(s) dict_keys(['example_trigger_target_dag']) retrieved from /home/airflow/.local/lib/python3.7/site-packages/airflow/example_dags/example_trigger_target_dag.py
[2022-08-25 23:56:14,906] {logging_mixin.py:115} INFO - [2022-08-25 23:56:14,906] {dag.py:2420} INFO - Sync 1 DAGs
[2022-08-25 23:56:14,936] {logging_mixin.py:115} INFO - [2022-08-25 23:56:14,936] {dag.py:2972} INFO - Setting next_dagrun for example_trigger_target_dag to None, run_after=None
[2022-08-25 23:56:14,953] {processor.py:161} INFO - Processing /home/airflow/.local/lib/python3.7/site-packages/airflow/example_dags/example_trigger_target_dag.py took 0.116 seconds
[2022-08-25 23:56:45,817] {processor.py:153} INFO - Started process (PID=20672) to work on /home/airflow/.local/lib/python3.7/site-packages/airflow/example_dags/example_trigger_target_dag.py
[2022-08-25 23:56:45,818] {processor.py:641} INFO - Processing file /home/airflow/.local/lib/python3.7/site-packages/airflow/example_dags/example_trigger_target_dag.py for tasks to queue
[2022-08-25 23:56:45,819] {logging_mixin.py:115} INFO - [2022-08-25 23:56:45,819] {dagbag.py:508} INFO - Filling up the DagBag from /home/airflow/.local/lib/python3.7/site-packages/airflow/example_dags/example_trigger_target_dag.py
[2022-08-25 23:56:45,839] {processor.py:651} INFO - DAG(s) dict_keys(['example_trigger_target_dag']) retrieved from /home/airflow/.local/lib/python3.7/site-packages/airflow/example_dags/example_trigger_target_dag.py
[2022-08-25 23:56:45,871] {logging_mixin.py:115} INFO - [2022-08-25 23:56:45,871] {dag.py:2420} INFO - Sync 1 DAGs
[2022-08-25 23:56:45,897] {logging_mixin.py:115} INFO - [2022-08-25 23:56:45,897] {dag.py:2972} INFO - Setting next_dagrun for example_trigger_target_dag to None, run_after=None
[2022-08-25 23:56:45,913] {processor.py:161} INFO - Processing /home/airflow/.local/lib/python3.7/site-packages/airflow/example_dags/example_trigger_target_dag.py took 0.100 seconds
[2022-08-25 23:57:16,750] {processor.py:153} INFO - Started process (PID=20735) to work on /home/airflow/.local/lib/python3.7/site-packages/airflow/example_dags/example_trigger_target_dag.py
[2022-08-25 23:57:16,751] {processor.py:641} INFO - Processing file /home/airflow/.local/lib/python3.7/site-packages/airflow/example_dags/example_trigger_target_dag.py for tasks to queue
[2022-08-25 23:57:16,752] {logging_mixin.py:115} INFO - [2022-08-25 23:57:16,752] {dagbag.py:508} INFO - Filling up the DagBag from /home/airflow/.local/lib/python3.7/site-packages/airflow/example_dags/example_trigger_target_dag.py
[2022-08-25 23:57:16,776] {processor.py:651} INFO - DAG(s) dict_keys(['example_trigger_target_dag']) retrieved from /home/airflow/.local/lib/python3.7/site-packages/airflow/example_dags/example_trigger_target_dag.py
[2022-08-25 23:57:16,814] {logging_mixin.py:115} INFO - [2022-08-25 23:57:16,814] {dag.py:2420} INFO - Sync 1 DAGs
[2022-08-25 23:57:16,842] {logging_mixin.py:115} INFO - [2022-08-25 23:57:16,842] {dag.py:2972} INFO - Setting next_dagrun for example_trigger_target_dag to None, run_after=None
[2022-08-25 23:57:16,859] {processor.py:161} INFO - Processing /home/airflow/.local/lib/python3.7/site-packages/airflow/example_dags/example_trigger_target_dag.py took 0.114 seconds
[2022-08-25 23:57:47,834] {processor.py:153} INFO - Started process (PID=20799) to work on /home/airflow/.local/lib/python3.7/site-packages/airflow/example_dags/example_trigger_target_dag.py
[2022-08-25 23:57:47,835] {processor.py:641} INFO - Processing file /home/airflow/.local/lib/python3.7/site-packages/airflow/example_dags/example_trigger_target_dag.py for tasks to queue
[2022-08-25 23:57:47,836] {logging_mixin.py:115} INFO - [2022-08-25 23:57:47,836] {dagbag.py:508} INFO - Filling up the DagBag from /home/airflow/.local/lib/python3.7/site-packages/airflow/example_dags/example_trigger_target_dag.py
[2022-08-25 23:57:47,856] {processor.py:651} INFO - DAG(s) dict_keys(['example_trigger_target_dag']) retrieved from /home/airflow/.local/lib/python3.7/site-packages/airflow/example_dags/example_trigger_target_dag.py
[2022-08-25 23:57:47,889] {logging_mixin.py:115} INFO - [2022-08-25 23:57:47,889] {dag.py:2420} INFO - Sync 1 DAGs
[2022-08-25 23:57:47,917] {logging_mixin.py:115} INFO - [2022-08-25 23:57:47,917] {dag.py:2972} INFO - Setting next_dagrun for example_trigger_target_dag to None, run_after=None
[2022-08-25 23:57:47,934] {processor.py:161} INFO - Processing /home/airflow/.local/lib/python3.7/site-packages/airflow/example_dags/example_trigger_target_dag.py took 0.105 seconds
[2022-08-25 23:58:18,756] {processor.py:153} INFO - Started process (PID=20854) to work on /home/airflow/.local/lib/python3.7/site-packages/airflow/example_dags/example_trigger_target_dag.py
[2022-08-25 23:58:18,757] {processor.py:641} INFO - Processing file /home/airflow/.local/lib/python3.7/site-packages/airflow/example_dags/example_trigger_target_dag.py for tasks to queue
[2022-08-25 23:58:18,758] {logging_mixin.py:115} INFO - [2022-08-25 23:58:18,758] {dagbag.py:508} INFO - Filling up the DagBag from /home/airflow/.local/lib/python3.7/site-packages/airflow/example_dags/example_trigger_target_dag.py
[2022-08-25 23:58:18,783] {processor.py:651} INFO - DAG(s) dict_keys(['example_trigger_target_dag']) retrieved from /home/airflow/.local/lib/python3.7/site-packages/airflow/example_dags/example_trigger_target_dag.py
[2022-08-25 23:58:18,816] {logging_mixin.py:115} INFO - [2022-08-25 23:58:18,816] {dag.py:2420} INFO - Sync 1 DAGs
[2022-08-25 23:58:18,844] {logging_mixin.py:115} INFO - [2022-08-25 23:58:18,844] {dag.py:2972} INFO - Setting next_dagrun for example_trigger_target_dag to None, run_after=None
[2022-08-25 23:58:18,860] {processor.py:161} INFO - Processing /home/airflow/.local/lib/python3.7/site-packages/airflow/example_dags/example_trigger_target_dag.py took 0.109 seconds
[2022-08-25 23:58:49,399] {processor.py:153} INFO - Started process (PID=20917) to work on /home/airflow/.local/lib/python3.7/site-packages/airflow/example_dags/example_trigger_target_dag.py
[2022-08-25 23:58:49,400] {processor.py:641} INFO - Processing file /home/airflow/.local/lib/python3.7/site-packages/airflow/example_dags/example_trigger_target_dag.py for tasks to queue
[2022-08-25 23:58:49,401] {logging_mixin.py:115} INFO - [2022-08-25 23:58:49,401] {dagbag.py:508} INFO - Filling up the DagBag from /home/airflow/.local/lib/python3.7/site-packages/airflow/example_dags/example_trigger_target_dag.py
[2022-08-25 23:58:49,424] {processor.py:651} INFO - DAG(s) dict_keys(['example_trigger_target_dag']) retrieved from /home/airflow/.local/lib/python3.7/site-packages/airflow/example_dags/example_trigger_target_dag.py
[2022-08-25 23:58:49,463] {logging_mixin.py:115} INFO - [2022-08-25 23:58:49,462] {dag.py:2420} INFO - Sync 1 DAGs
[2022-08-25 23:58:49,490] {logging_mixin.py:115} INFO - [2022-08-25 23:58:49,489] {dag.py:2972} INFO - Setting next_dagrun for example_trigger_target_dag to None, run_after=None
[2022-08-25 23:58:49,505] {processor.py:161} INFO - Processing /home/airflow/.local/lib/python3.7/site-packages/airflow/example_dags/example_trigger_target_dag.py took 0.111 seconds
[2022-08-25 23:59:20,301] {processor.py:153} INFO - Started process (PID=20981) to work on /home/airflow/.local/lib/python3.7/site-packages/airflow/example_dags/example_trigger_target_dag.py
[2022-08-25 23:59:20,303] {processor.py:641} INFO - Processing file /home/airflow/.local/lib/python3.7/site-packages/airflow/example_dags/example_trigger_target_dag.py for tasks to queue
[2022-08-25 23:59:20,305] {logging_mixin.py:115} INFO - [2022-08-25 23:59:20,304] {dagbag.py:508} INFO - Filling up the DagBag from /home/airflow/.local/lib/python3.7/site-packages/airflow/example_dags/example_trigger_target_dag.py
[2022-08-25 23:59:20,332] {processor.py:651} INFO - DAG(s) dict_keys(['example_trigger_target_dag']) retrieved from /home/airflow/.local/lib/python3.7/site-packages/airflow/example_dags/example_trigger_target_dag.py
[2022-08-25 23:59:20,368] {logging_mixin.py:115} INFO - [2022-08-25 23:59:20,368] {dag.py:2420} INFO - Sync 1 DAGs
[2022-08-25 23:59:20,396] {logging_mixin.py:115} INFO - [2022-08-25 23:59:20,396] {dag.py:2972} INFO - Setting next_dagrun for example_trigger_target_dag to None, run_after=None
[2022-08-25 23:59:20,413] {processor.py:161} INFO - Processing /home/airflow/.local/lib/python3.7/site-packages/airflow/example_dags/example_trigger_target_dag.py took 0.121 seconds
[2022-08-25 23:59:51,155] {processor.py:153} INFO - Started process (PID=21036) to work on /home/airflow/.local/lib/python3.7/site-packages/airflow/example_dags/example_trigger_target_dag.py
[2022-08-25 23:59:51,156] {processor.py:641} INFO - Processing file /home/airflow/.local/lib/python3.7/site-packages/airflow/example_dags/example_trigger_target_dag.py for tasks to queue
[2022-08-25 23:59:51,157] {logging_mixin.py:115} INFO - [2022-08-25 23:59:51,157] {dagbag.py:508} INFO - Filling up the DagBag from /home/airflow/.local/lib/python3.7/site-packages/airflow/example_dags/example_trigger_target_dag.py
[2022-08-25 23:59:51,177] {processor.py:651} INFO - DAG(s) dict_keys(['example_trigger_target_dag']) retrieved from /home/airflow/.local/lib/python3.7/site-packages/airflow/example_dags/example_trigger_target_dag.py
[2022-08-25 23:59:51,210] {logging_mixin.py:115} INFO - [2022-08-25 23:59:51,210] {dag.py:2420} INFO - Sync 1 DAGs
[2022-08-25 23:59:51,240] {logging_mixin.py:115} INFO - [2022-08-25 23:59:51,240] {dag.py:2972} INFO - Setting next_dagrun for example_trigger_target_dag to None, run_after=None
[2022-08-25 23:59:51,254] {processor.py:161} INFO - Processing /home/airflow/.local/lib/python3.7/site-packages/airflow/example_dags/example_trigger_target_dag.py took 0.104 seconds
