[2022-08-25 02:17:18,032] {processor.py:153} INFO - Started process (PID=17197) to work on /home/airflow/.local/lib/python3.7/site-packages/airflow/example_dags/example_branch_operator_decorator.py
[2022-08-25 02:17:18,041] {processor.py:641} INFO - Processing file /home/airflow/.local/lib/python3.7/site-packages/airflow/example_dags/example_branch_operator_decorator.py for tasks to queue
[2022-08-25 02:17:18,050] {logging_mixin.py:115} INFO - [2022-08-25 02:17:18,049] {dagbag.py:508} INFO - Filling up the DagBag from /home/airflow/.local/lib/python3.7/site-packages/airflow/example_dags/example_branch_operator_decorator.py
[2022-08-25 02:17:19,410] {processor.py:651} INFO - DAG(s) dict_keys(['example_branch_python_operator_decorator']) retrieved from /home/airflow/.local/lib/python3.7/site-packages/airflow/example_dags/example_branch_operator_decorator.py
[2022-08-25 02:17:21,187] {logging_mixin.py:115} INFO - [2022-08-25 02:17:21,186] {dag.py:2420} INFO - Sync 1 DAGs
[2022-08-25 02:17:21,666] {logging_mixin.py:115} INFO - [2022-08-25 02:17:21,665] {dag.py:2972} INFO - Setting next_dagrun for example_branch_python_operator_decorator to 2022-08-24T00:00:00+00:00, run_after=2022-08-25T00:00:00+00:00
[2022-08-25 02:17:22,365] {processor.py:161} INFO - Processing /home/airflow/.local/lib/python3.7/site-packages/airflow/example_dags/example_branch_operator_decorator.py took 4.705 seconds
[2022-08-25 03:57:14,553] {processor.py:153} INFO - Started process (PID=17311) to work on /home/airflow/.local/lib/python3.7/site-packages/airflow/example_dags/example_branch_operator_decorator.py
[2022-08-25 03:57:14,557] {processor.py:641} INFO - Processing file /home/airflow/.local/lib/python3.7/site-packages/airflow/example_dags/example_branch_operator_decorator.py for tasks to queue
[2022-08-25 03:57:14,560] {logging_mixin.py:115} INFO - [2022-08-25 03:57:14,559] {dagbag.py:508} INFO - Filling up the DagBag from /home/airflow/.local/lib/python3.7/site-packages/airflow/example_dags/example_branch_operator_decorator.py
[2022-08-25 03:57:14,608] {processor.py:651} INFO - DAG(s) dict_keys(['example_branch_python_operator_decorator']) retrieved from /home/airflow/.local/lib/python3.7/site-packages/airflow/example_dags/example_branch_operator_decorator.py
[2022-08-25 03:57:14,675] {logging_mixin.py:115} INFO - [2022-08-25 03:57:14,675] {dag.py:2420} INFO - Sync 1 DAGs
[2022-08-25 03:57:14,742] {logging_mixin.py:115} INFO - [2022-08-25 03:57:14,742] {dag.py:2972} INFO - Setting next_dagrun for example_branch_python_operator_decorator to 2022-08-24T00:00:00+00:00, run_after=2022-08-25T00:00:00+00:00
[2022-08-25 03:57:14,772] {processor.py:161} INFO - Processing /home/airflow/.local/lib/python3.7/site-packages/airflow/example_dags/example_branch_operator_decorator.py took 0.223 seconds
[2022-08-25 22:58:47,987] {processor.py:153} INFO - Started process (PID=17385) to work on /home/airflow/.local/lib/python3.7/site-packages/airflow/example_dags/example_branch_operator_decorator.py
[2022-08-25 22:58:47,989] {processor.py:641} INFO - Processing file /home/airflow/.local/lib/python3.7/site-packages/airflow/example_dags/example_branch_operator_decorator.py for tasks to queue
[2022-08-25 22:58:47,991] {logging_mixin.py:115} INFO - [2022-08-25 22:58:47,991] {dagbag.py:508} INFO - Filling up the DagBag from /home/airflow/.local/lib/python3.7/site-packages/airflow/example_dags/example_branch_operator_decorator.py
[2022-08-25 22:58:48,051] {processor.py:651} INFO - DAG(s) dict_keys(['example_branch_python_operator_decorator']) retrieved from /home/airflow/.local/lib/python3.7/site-packages/airflow/example_dags/example_branch_operator_decorator.py
[2022-08-25 22:58:48,145] {logging_mixin.py:115} INFO - [2022-08-25 22:58:48,145] {dag.py:2420} INFO - Sync 1 DAGs
[2022-08-25 22:58:48,222] {logging_mixin.py:115} INFO - [2022-08-25 22:58:48,222] {dag.py:2972} INFO - Setting next_dagrun for example_branch_python_operator_decorator to 2022-08-24T00:00:00+00:00, run_after=2022-08-25T00:00:00+00:00
[2022-08-25 22:58:48,263] {processor.py:161} INFO - Processing /home/airflow/.local/lib/python3.7/site-packages/airflow/example_dags/example_branch_operator_decorator.py took 0.293 seconds
[2022-08-25 23:29:39,713] {processor.py:153} INFO - Started process (PID=17449) to work on /home/airflow/.local/lib/python3.7/site-packages/airflow/example_dags/example_branch_operator_decorator.py
[2022-08-25 23:29:39,719] {processor.py:641} INFO - Processing file /home/airflow/.local/lib/python3.7/site-packages/airflow/example_dags/example_branch_operator_decorator.py for tasks to queue
[2022-08-25 23:29:39,724] {logging_mixin.py:115} INFO - [2022-08-25 23:29:39,724] {dagbag.py:508} INFO - Filling up the DagBag from /home/airflow/.local/lib/python3.7/site-packages/airflow/example_dags/example_branch_operator_decorator.py
[2022-08-25 23:29:39,833] {processor.py:651} INFO - DAG(s) dict_keys(['example_branch_python_operator_decorator']) retrieved from /home/airflow/.local/lib/python3.7/site-packages/airflow/example_dags/example_branch_operator_decorator.py
[2022-08-25 23:29:39,917] {logging_mixin.py:115} INFO - [2022-08-25 23:29:39,916] {dag.py:2420} INFO - Sync 1 DAGs
[2022-08-25 23:29:39,976] {logging_mixin.py:115} INFO - [2022-08-25 23:29:39,976] {dag.py:2972} INFO - Setting next_dagrun for example_branch_python_operator_decorator to 2022-08-24T00:00:00+00:00, run_after=2022-08-25T00:00:00+00:00
[2022-08-25 23:29:40,020] {processor.py:161} INFO - Processing /home/airflow/.local/lib/python3.7/site-packages/airflow/example_dags/example_branch_operator_decorator.py took 0.321 seconds
[2022-08-25 23:30:10,546] {processor.py:153} INFO - Started process (PID=17504) to work on /home/airflow/.local/lib/python3.7/site-packages/airflow/example_dags/example_branch_operator_decorator.py
[2022-08-25 23:30:10,547] {processor.py:641} INFO - Processing file /home/airflow/.local/lib/python3.7/site-packages/airflow/example_dags/example_branch_operator_decorator.py for tasks to queue
[2022-08-25 23:30:10,548] {logging_mixin.py:115} INFO - [2022-08-25 23:30:10,548] {dagbag.py:508} INFO - Filling up the DagBag from /home/airflow/.local/lib/python3.7/site-packages/airflow/example_dags/example_branch_operator_decorator.py
[2022-08-25 23:30:10,587] {processor.py:651} INFO - DAG(s) dict_keys(['example_branch_python_operator_decorator']) retrieved from /home/airflow/.local/lib/python3.7/site-packages/airflow/example_dags/example_branch_operator_decorator.py
[2022-08-25 23:30:10,632] {logging_mixin.py:115} INFO - [2022-08-25 23:30:10,632] {dag.py:2420} INFO - Sync 1 DAGs
[2022-08-25 23:30:10,665] {logging_mixin.py:115} INFO - [2022-08-25 23:30:10,665] {dag.py:2972} INFO - Setting next_dagrun for example_branch_python_operator_decorator to 2022-08-24T00:00:00+00:00, run_after=2022-08-25T00:00:00+00:00
[2022-08-25 23:30:10,705] {processor.py:161} INFO - Processing /home/airflow/.local/lib/python3.7/site-packages/airflow/example_dags/example_branch_operator_decorator.py took 0.164 seconds
[2022-08-25 23:30:40,970] {processor.py:153} INFO - Started process (PID=17569) to work on /home/airflow/.local/lib/python3.7/site-packages/airflow/example_dags/example_branch_operator_decorator.py
[2022-08-25 23:30:40,972] {processor.py:641} INFO - Processing file /home/airflow/.local/lib/python3.7/site-packages/airflow/example_dags/example_branch_operator_decorator.py for tasks to queue
[2022-08-25 23:30:40,973] {logging_mixin.py:115} INFO - [2022-08-25 23:30:40,973] {dagbag.py:508} INFO - Filling up the DagBag from /home/airflow/.local/lib/python3.7/site-packages/airflow/example_dags/example_branch_operator_decorator.py
[2022-08-25 23:30:40,999] {processor.py:651} INFO - DAG(s) dict_keys(['example_branch_python_operator_decorator']) retrieved from /home/airflow/.local/lib/python3.7/site-packages/airflow/example_dags/example_branch_operator_decorator.py
[2022-08-25 23:30:41,037] {logging_mixin.py:115} INFO - [2022-08-25 23:30:41,037] {dag.py:2420} INFO - Sync 1 DAGs
[2022-08-25 23:30:41,066] {logging_mixin.py:115} INFO - [2022-08-25 23:30:41,066] {dag.py:2972} INFO - Setting next_dagrun for example_branch_python_operator_decorator to 2022-08-24T00:00:00+00:00, run_after=2022-08-25T00:00:00+00:00
[2022-08-25 23:30:41,083] {processor.py:161} INFO - Processing /home/airflow/.local/lib/python3.7/site-packages/airflow/example_dags/example_branch_operator_decorator.py took 0.118 seconds
[2022-08-25 23:31:11,887] {processor.py:153} INFO - Started process (PID=17633) to work on /home/airflow/.local/lib/python3.7/site-packages/airflow/example_dags/example_branch_operator_decorator.py
[2022-08-25 23:31:11,888] {processor.py:641} INFO - Processing file /home/airflow/.local/lib/python3.7/site-packages/airflow/example_dags/example_branch_operator_decorator.py for tasks to queue
[2022-08-25 23:31:11,890] {logging_mixin.py:115} INFO - [2022-08-25 23:31:11,890] {dagbag.py:508} INFO - Filling up the DagBag from /home/airflow/.local/lib/python3.7/site-packages/airflow/example_dags/example_branch_operator_decorator.py
[2022-08-25 23:31:11,915] {processor.py:651} INFO - DAG(s) dict_keys(['example_branch_python_operator_decorator']) retrieved from /home/airflow/.local/lib/python3.7/site-packages/airflow/example_dags/example_branch_operator_decorator.py
[2022-08-25 23:31:11,954] {logging_mixin.py:115} INFO - [2022-08-25 23:31:11,954] {dag.py:2420} INFO - Sync 1 DAGs
[2022-08-25 23:31:11,987] {logging_mixin.py:115} INFO - [2022-08-25 23:31:11,987] {dag.py:2972} INFO - Setting next_dagrun for example_branch_python_operator_decorator to 2022-08-24T00:00:00+00:00, run_after=2022-08-25T00:00:00+00:00
[2022-08-25 23:31:12,006] {processor.py:161} INFO - Processing /home/airflow/.local/lib/python3.7/site-packages/airflow/example_dags/example_branch_operator_decorator.py took 0.125 seconds
[2022-08-25 23:31:42,528] {processor.py:153} INFO - Started process (PID=17688) to work on /home/airflow/.local/lib/python3.7/site-packages/airflow/example_dags/example_branch_operator_decorator.py
[2022-08-25 23:31:42,530] {processor.py:641} INFO - Processing file /home/airflow/.local/lib/python3.7/site-packages/airflow/example_dags/example_branch_operator_decorator.py for tasks to queue
[2022-08-25 23:31:42,532] {logging_mixin.py:115} INFO - [2022-08-25 23:31:42,532] {dagbag.py:508} INFO - Filling up the DagBag from /home/airflow/.local/lib/python3.7/site-packages/airflow/example_dags/example_branch_operator_decorator.py
[2022-08-25 23:31:42,568] {processor.py:651} INFO - DAG(s) dict_keys(['example_branch_python_operator_decorator']) retrieved from /home/airflow/.local/lib/python3.7/site-packages/airflow/example_dags/example_branch_operator_decorator.py
[2022-08-25 23:31:42,613] {logging_mixin.py:115} INFO - [2022-08-25 23:31:42,613] {dag.py:2420} INFO - Sync 1 DAGs
[2022-08-25 23:31:42,647] {logging_mixin.py:115} INFO - [2022-08-25 23:31:42,646] {dag.py:2972} INFO - Setting next_dagrun for example_branch_python_operator_decorator to 2022-08-24T00:00:00+00:00, run_after=2022-08-25T00:00:00+00:00
[2022-08-25 23:31:42,664] {processor.py:161} INFO - Processing /home/airflow/.local/lib/python3.7/site-packages/airflow/example_dags/example_branch_operator_decorator.py took 0.142 seconds
[2022-08-25 23:32:13,007] {processor.py:153} INFO - Started process (PID=17752) to work on /home/airflow/.local/lib/python3.7/site-packages/airflow/example_dags/example_branch_operator_decorator.py
[2022-08-25 23:32:13,008] {processor.py:641} INFO - Processing file /home/airflow/.local/lib/python3.7/site-packages/airflow/example_dags/example_branch_operator_decorator.py for tasks to queue
[2022-08-25 23:32:13,010] {logging_mixin.py:115} INFO - [2022-08-25 23:32:13,010] {dagbag.py:508} INFO - Filling up the DagBag from /home/airflow/.local/lib/python3.7/site-packages/airflow/example_dags/example_branch_operator_decorator.py
[2022-08-25 23:32:13,037] {processor.py:651} INFO - DAG(s) dict_keys(['example_branch_python_operator_decorator']) retrieved from /home/airflow/.local/lib/python3.7/site-packages/airflow/example_dags/example_branch_operator_decorator.py
[2022-08-25 23:32:13,073] {logging_mixin.py:115} INFO - [2022-08-25 23:32:13,073] {dag.py:2420} INFO - Sync 1 DAGs
[2022-08-25 23:32:13,102] {logging_mixin.py:115} INFO - [2022-08-25 23:32:13,102] {dag.py:2972} INFO - Setting next_dagrun for example_branch_python_operator_decorator to 2022-08-24T00:00:00+00:00, run_after=2022-08-25T00:00:00+00:00
[2022-08-25 23:32:13,124] {processor.py:161} INFO - Processing /home/airflow/.local/lib/python3.7/site-packages/airflow/example_dags/example_branch_operator_decorator.py took 0.123 seconds
[2022-08-25 23:32:43,529] {processor.py:153} INFO - Started process (PID=17816) to work on /home/airflow/.local/lib/python3.7/site-packages/airflow/example_dags/example_branch_operator_decorator.py
[2022-08-25 23:32:43,530] {processor.py:641} INFO - Processing file /home/airflow/.local/lib/python3.7/site-packages/airflow/example_dags/example_branch_operator_decorator.py for tasks to queue
[2022-08-25 23:32:43,532] {logging_mixin.py:115} INFO - [2022-08-25 23:32:43,532] {dagbag.py:508} INFO - Filling up the DagBag from /home/airflow/.local/lib/python3.7/site-packages/airflow/example_dags/example_branch_operator_decorator.py
[2022-08-25 23:32:43,562] {processor.py:651} INFO - DAG(s) dict_keys(['example_branch_python_operator_decorator']) retrieved from /home/airflow/.local/lib/python3.7/site-packages/airflow/example_dags/example_branch_operator_decorator.py
[2022-08-25 23:32:43,598] {logging_mixin.py:115} INFO - [2022-08-25 23:32:43,598] {dag.py:2420} INFO - Sync 1 DAGs
[2022-08-25 23:32:43,632] {logging_mixin.py:115} INFO - [2022-08-25 23:32:43,632] {dag.py:2972} INFO - Setting next_dagrun for example_branch_python_operator_decorator to 2022-08-24T00:00:00+00:00, run_after=2022-08-25T00:00:00+00:00
[2022-08-25 23:32:43,645] {processor.py:161} INFO - Processing /home/airflow/.local/lib/python3.7/site-packages/airflow/example_dags/example_branch_operator_decorator.py took 0.122 seconds
[2022-08-25 23:33:14,299] {processor.py:153} INFO - Started process (PID=17871) to work on /home/airflow/.local/lib/python3.7/site-packages/airflow/example_dags/example_branch_operator_decorator.py
[2022-08-25 23:33:14,301] {processor.py:641} INFO - Processing file /home/airflow/.local/lib/python3.7/site-packages/airflow/example_dags/example_branch_operator_decorator.py for tasks to queue
[2022-08-25 23:33:14,304] {logging_mixin.py:115} INFO - [2022-08-25 23:33:14,304] {dagbag.py:508} INFO - Filling up the DagBag from /home/airflow/.local/lib/python3.7/site-packages/airflow/example_dags/example_branch_operator_decorator.py
[2022-08-25 23:33:14,333] {processor.py:651} INFO - DAG(s) dict_keys(['example_branch_python_operator_decorator']) retrieved from /home/airflow/.local/lib/python3.7/site-packages/airflow/example_dags/example_branch_operator_decorator.py
[2022-08-25 23:33:14,374] {logging_mixin.py:115} INFO - [2022-08-25 23:33:14,374] {dag.py:2420} INFO - Sync 1 DAGs
[2022-08-25 23:33:14,408] {logging_mixin.py:115} INFO - [2022-08-25 23:33:14,408] {dag.py:2972} INFO - Setting next_dagrun for example_branch_python_operator_decorator to 2022-08-24T00:00:00+00:00, run_after=2022-08-25T00:00:00+00:00
[2022-08-25 23:33:14,422] {processor.py:161} INFO - Processing /home/airflow/.local/lib/python3.7/site-packages/airflow/example_dags/example_branch_operator_decorator.py took 0.128 seconds
[2022-08-25 23:33:45,115] {processor.py:153} INFO - Started process (PID=17935) to work on /home/airflow/.local/lib/python3.7/site-packages/airflow/example_dags/example_branch_operator_decorator.py
[2022-08-25 23:33:45,116] {processor.py:641} INFO - Processing file /home/airflow/.local/lib/python3.7/site-packages/airflow/example_dags/example_branch_operator_decorator.py for tasks to queue
[2022-08-25 23:33:45,118] {logging_mixin.py:115} INFO - [2022-08-25 23:33:45,118] {dagbag.py:508} INFO - Filling up the DagBag from /home/airflow/.local/lib/python3.7/site-packages/airflow/example_dags/example_branch_operator_decorator.py
[2022-08-25 23:33:45,154] {processor.py:651} INFO - DAG(s) dict_keys(['example_branch_python_operator_decorator']) retrieved from /home/airflow/.local/lib/python3.7/site-packages/airflow/example_dags/example_branch_operator_decorator.py
[2022-08-25 23:33:45,200] {logging_mixin.py:115} INFO - [2022-08-25 23:33:45,200] {dag.py:2420} INFO - Sync 1 DAGs
[2022-08-25 23:33:45,231] {logging_mixin.py:115} INFO - [2022-08-25 23:33:45,231] {dag.py:2972} INFO - Setting next_dagrun for example_branch_python_operator_decorator to 2022-08-24T00:00:00+00:00, run_after=2022-08-25T00:00:00+00:00
[2022-08-25 23:33:45,250] {processor.py:161} INFO - Processing /home/airflow/.local/lib/python3.7/site-packages/airflow/example_dags/example_branch_operator_decorator.py took 0.142 seconds
[2022-08-25 23:34:15,709] {processor.py:153} INFO - Started process (PID=17999) to work on /home/airflow/.local/lib/python3.7/site-packages/airflow/example_dags/example_branch_operator_decorator.py
[2022-08-25 23:34:15,711] {processor.py:641} INFO - Processing file /home/airflow/.local/lib/python3.7/site-packages/airflow/example_dags/example_branch_operator_decorator.py for tasks to queue
[2022-08-25 23:34:15,713] {logging_mixin.py:115} INFO - [2022-08-25 23:34:15,713] {dagbag.py:508} INFO - Filling up the DagBag from /home/airflow/.local/lib/python3.7/site-packages/airflow/example_dags/example_branch_operator_decorator.py
[2022-08-25 23:34:15,748] {processor.py:651} INFO - DAG(s) dict_keys(['example_branch_python_operator_decorator']) retrieved from /home/airflow/.local/lib/python3.7/site-packages/airflow/example_dags/example_branch_operator_decorator.py
[2022-08-25 23:34:15,791] {logging_mixin.py:115} INFO - [2022-08-25 23:34:15,790] {dag.py:2420} INFO - Sync 1 DAGs
[2022-08-25 23:34:15,819] {logging_mixin.py:115} INFO - [2022-08-25 23:34:15,819] {dag.py:2972} INFO - Setting next_dagrun for example_branch_python_operator_decorator to 2022-08-24T00:00:00+00:00, run_after=2022-08-25T00:00:00+00:00
[2022-08-25 23:34:15,834] {processor.py:161} INFO - Processing /home/airflow/.local/lib/python3.7/site-packages/airflow/example_dags/example_branch_operator_decorator.py took 0.134 seconds
[2022-08-25 23:34:46,484] {processor.py:153} INFO - Started process (PID=18054) to work on /home/airflow/.local/lib/python3.7/site-packages/airflow/example_dags/example_branch_operator_decorator.py
[2022-08-25 23:34:46,485] {processor.py:641} INFO - Processing file /home/airflow/.local/lib/python3.7/site-packages/airflow/example_dags/example_branch_operator_decorator.py for tasks to queue
[2022-08-25 23:34:46,487] {logging_mixin.py:115} INFO - [2022-08-25 23:34:46,487] {dagbag.py:508} INFO - Filling up the DagBag from /home/airflow/.local/lib/python3.7/site-packages/airflow/example_dags/example_branch_operator_decorator.py
[2022-08-25 23:34:46,522] {processor.py:651} INFO - DAG(s) dict_keys(['example_branch_python_operator_decorator']) retrieved from /home/airflow/.local/lib/python3.7/site-packages/airflow/example_dags/example_branch_operator_decorator.py
[2022-08-25 23:34:46,572] {logging_mixin.py:115} INFO - [2022-08-25 23:34:46,572] {dag.py:2420} INFO - Sync 1 DAGs
[2022-08-25 23:34:46,604] {logging_mixin.py:115} INFO - [2022-08-25 23:34:46,604] {dag.py:2972} INFO - Setting next_dagrun for example_branch_python_operator_decorator to 2022-08-24T00:00:00+00:00, run_after=2022-08-25T00:00:00+00:00
[2022-08-25 23:34:46,621] {processor.py:161} INFO - Processing /home/airflow/.local/lib/python3.7/site-packages/airflow/example_dags/example_branch_operator_decorator.py took 0.144 seconds
[2022-08-25 23:35:17,301] {processor.py:153} INFO - Started process (PID=18118) to work on /home/airflow/.local/lib/python3.7/site-packages/airflow/example_dags/example_branch_operator_decorator.py
[2022-08-25 23:35:17,303] {processor.py:641} INFO - Processing file /home/airflow/.local/lib/python3.7/site-packages/airflow/example_dags/example_branch_operator_decorator.py for tasks to queue
[2022-08-25 23:35:17,304] {logging_mixin.py:115} INFO - [2022-08-25 23:35:17,304] {dagbag.py:508} INFO - Filling up the DagBag from /home/airflow/.local/lib/python3.7/site-packages/airflow/example_dags/example_branch_operator_decorator.py
[2022-08-25 23:35:17,333] {processor.py:651} INFO - DAG(s) dict_keys(['example_branch_python_operator_decorator']) retrieved from /home/airflow/.local/lib/python3.7/site-packages/airflow/example_dags/example_branch_operator_decorator.py
[2022-08-25 23:35:17,375] {logging_mixin.py:115} INFO - [2022-08-25 23:35:17,375] {dag.py:2420} INFO - Sync 1 DAGs
[2022-08-25 23:35:17,404] {logging_mixin.py:115} INFO - [2022-08-25 23:35:17,404] {dag.py:2972} INFO - Setting next_dagrun for example_branch_python_operator_decorator to 2022-08-24T00:00:00+00:00, run_after=2022-08-25T00:00:00+00:00
[2022-08-25 23:35:17,420] {processor.py:161} INFO - Processing /home/airflow/.local/lib/python3.7/site-packages/airflow/example_dags/example_branch_operator_decorator.py took 0.132 seconds
[2022-08-25 23:35:48,106] {processor.py:153} INFO - Started process (PID=18183) to work on /home/airflow/.local/lib/python3.7/site-packages/airflow/example_dags/example_branch_operator_decorator.py
[2022-08-25 23:35:48,107] {processor.py:641} INFO - Processing file /home/airflow/.local/lib/python3.7/site-packages/airflow/example_dags/example_branch_operator_decorator.py for tasks to queue
[2022-08-25 23:35:48,109] {logging_mixin.py:115} INFO - [2022-08-25 23:35:48,109] {dagbag.py:508} INFO - Filling up the DagBag from /home/airflow/.local/lib/python3.7/site-packages/airflow/example_dags/example_branch_operator_decorator.py
[2022-08-25 23:35:48,140] {processor.py:651} INFO - DAG(s) dict_keys(['example_branch_python_operator_decorator']) retrieved from /home/airflow/.local/lib/python3.7/site-packages/airflow/example_dags/example_branch_operator_decorator.py
[2022-08-25 23:35:48,176] {logging_mixin.py:115} INFO - [2022-08-25 23:35:48,176] {dag.py:2420} INFO - Sync 1 DAGs
[2022-08-25 23:35:48,205] {logging_mixin.py:115} INFO - [2022-08-25 23:35:48,204] {dag.py:2972} INFO - Setting next_dagrun for example_branch_python_operator_decorator to 2022-08-24T00:00:00+00:00, run_after=2022-08-25T00:00:00+00:00
[2022-08-25 23:35:48,221] {processor.py:161} INFO - Processing /home/airflow/.local/lib/python3.7/site-packages/airflow/example_dags/example_branch_operator_decorator.py took 0.122 seconds
[2022-08-25 23:36:18,660] {processor.py:153} INFO - Started process (PID=18238) to work on /home/airflow/.local/lib/python3.7/site-packages/airflow/example_dags/example_branch_operator_decorator.py
[2022-08-25 23:36:18,661] {processor.py:641} INFO - Processing file /home/airflow/.local/lib/python3.7/site-packages/airflow/example_dags/example_branch_operator_decorator.py for tasks to queue
[2022-08-25 23:36:18,663] {logging_mixin.py:115} INFO - [2022-08-25 23:36:18,663] {dagbag.py:508} INFO - Filling up the DagBag from /home/airflow/.local/lib/python3.7/site-packages/airflow/example_dags/example_branch_operator_decorator.py
[2022-08-25 23:36:18,705] {processor.py:651} INFO - DAG(s) dict_keys(['example_branch_python_operator_decorator']) retrieved from /home/airflow/.local/lib/python3.7/site-packages/airflow/example_dags/example_branch_operator_decorator.py
[2022-08-25 23:36:18,745] {logging_mixin.py:115} INFO - [2022-08-25 23:36:18,745] {dag.py:2420} INFO - Sync 1 DAGs
[2022-08-25 23:36:18,782] {logging_mixin.py:115} INFO - [2022-08-25 23:36:18,782] {dag.py:2972} INFO - Setting next_dagrun for example_branch_python_operator_decorator to 2022-08-24T00:00:00+00:00, run_after=2022-08-25T00:00:00+00:00
[2022-08-25 23:36:18,799] {processor.py:161} INFO - Processing /home/airflow/.local/lib/python3.7/site-packages/airflow/example_dags/example_branch_operator_decorator.py took 0.145 seconds
[2022-08-25 23:36:49,312] {processor.py:153} INFO - Started process (PID=18303) to work on /home/airflow/.local/lib/python3.7/site-packages/airflow/example_dags/example_branch_operator_decorator.py
[2022-08-25 23:36:49,314] {processor.py:641} INFO - Processing file /home/airflow/.local/lib/python3.7/site-packages/airflow/example_dags/example_branch_operator_decorator.py for tasks to queue
[2022-08-25 23:36:49,315] {logging_mixin.py:115} INFO - [2022-08-25 23:36:49,315] {dagbag.py:508} INFO - Filling up the DagBag from /home/airflow/.local/lib/python3.7/site-packages/airflow/example_dags/example_branch_operator_decorator.py
[2022-08-25 23:36:49,346] {processor.py:651} INFO - DAG(s) dict_keys(['example_branch_python_operator_decorator']) retrieved from /home/airflow/.local/lib/python3.7/site-packages/airflow/example_dags/example_branch_operator_decorator.py
[2022-08-25 23:36:49,385] {logging_mixin.py:115} INFO - [2022-08-25 23:36:49,385] {dag.py:2420} INFO - Sync 1 DAGs
[2022-08-25 23:36:49,414] {logging_mixin.py:115} INFO - [2022-08-25 23:36:49,413] {dag.py:2972} INFO - Setting next_dagrun for example_branch_python_operator_decorator to 2022-08-24T00:00:00+00:00, run_after=2022-08-25T00:00:00+00:00
[2022-08-25 23:36:49,430] {processor.py:161} INFO - Processing /home/airflow/.local/lib/python3.7/site-packages/airflow/example_dags/example_branch_operator_decorator.py took 0.124 seconds
[2022-08-25 23:37:20,116] {processor.py:153} INFO - Started process (PID=18367) to work on /home/airflow/.local/lib/python3.7/site-packages/airflow/example_dags/example_branch_operator_decorator.py
[2022-08-25 23:37:20,118] {processor.py:641} INFO - Processing file /home/airflow/.local/lib/python3.7/site-packages/airflow/example_dags/example_branch_operator_decorator.py for tasks to queue
[2022-08-25 23:37:20,122] {logging_mixin.py:115} INFO - [2022-08-25 23:37:20,122] {dagbag.py:508} INFO - Filling up the DagBag from /home/airflow/.local/lib/python3.7/site-packages/airflow/example_dags/example_branch_operator_decorator.py
[2022-08-25 23:37:20,164] {processor.py:651} INFO - DAG(s) dict_keys(['example_branch_python_operator_decorator']) retrieved from /home/airflow/.local/lib/python3.7/site-packages/airflow/example_dags/example_branch_operator_decorator.py
[2022-08-25 23:37:20,201] {logging_mixin.py:115} INFO - [2022-08-25 23:37:20,201] {dag.py:2420} INFO - Sync 1 DAGs
[2022-08-25 23:37:20,237] {logging_mixin.py:115} INFO - [2022-08-25 23:37:20,237] {dag.py:2972} INFO - Setting next_dagrun for example_branch_python_operator_decorator to 2022-08-24T00:00:00+00:00, run_after=2022-08-25T00:00:00+00:00
[2022-08-25 23:37:20,256] {processor.py:161} INFO - Processing /home/airflow/.local/lib/python3.7/site-packages/airflow/example_dags/example_branch_operator_decorator.py took 0.151 seconds
[2022-08-25 23:37:50,779] {processor.py:153} INFO - Started process (PID=18422) to work on /home/airflow/.local/lib/python3.7/site-packages/airflow/example_dags/example_branch_operator_decorator.py
[2022-08-25 23:37:50,781] {processor.py:641} INFO - Processing file /home/airflow/.local/lib/python3.7/site-packages/airflow/example_dags/example_branch_operator_decorator.py for tasks to queue
[2022-08-25 23:37:50,782] {logging_mixin.py:115} INFO - [2022-08-25 23:37:50,782] {dagbag.py:508} INFO - Filling up the DagBag from /home/airflow/.local/lib/python3.7/site-packages/airflow/example_dags/example_branch_operator_decorator.py
[2022-08-25 23:37:50,812] {processor.py:651} INFO - DAG(s) dict_keys(['example_branch_python_operator_decorator']) retrieved from /home/airflow/.local/lib/python3.7/site-packages/airflow/example_dags/example_branch_operator_decorator.py
[2022-08-25 23:37:50,854] {logging_mixin.py:115} INFO - [2022-08-25 23:37:50,854] {dag.py:2420} INFO - Sync 1 DAGs
[2022-08-25 23:37:50,885] {logging_mixin.py:115} INFO - [2022-08-25 23:37:50,884] {dag.py:2972} INFO - Setting next_dagrun for example_branch_python_operator_decorator to 2022-08-24T00:00:00+00:00, run_after=2022-08-25T00:00:00+00:00
[2022-08-25 23:37:50,901] {processor.py:161} INFO - Processing /home/airflow/.local/lib/python3.7/site-packages/airflow/example_dags/example_branch_operator_decorator.py took 0.127 seconds
[2022-08-25 23:38:21,736] {processor.py:153} INFO - Started process (PID=18487) to work on /home/airflow/.local/lib/python3.7/site-packages/airflow/example_dags/example_branch_operator_decorator.py
[2022-08-25 23:38:21,739] {processor.py:641} INFO - Processing file /home/airflow/.local/lib/python3.7/site-packages/airflow/example_dags/example_branch_operator_decorator.py for tasks to queue
[2022-08-25 23:38:21,740] {logging_mixin.py:115} INFO - [2022-08-25 23:38:21,740] {dagbag.py:508} INFO - Filling up the DagBag from /home/airflow/.local/lib/python3.7/site-packages/airflow/example_dags/example_branch_operator_decorator.py
[2022-08-25 23:38:21,779] {processor.py:651} INFO - DAG(s) dict_keys(['example_branch_python_operator_decorator']) retrieved from /home/airflow/.local/lib/python3.7/site-packages/airflow/example_dags/example_branch_operator_decorator.py
[2022-08-25 23:38:21,816] {logging_mixin.py:115} INFO - [2022-08-25 23:38:21,816] {dag.py:2420} INFO - Sync 1 DAGs
[2022-08-25 23:38:21,851] {logging_mixin.py:115} INFO - [2022-08-25 23:38:21,850] {dag.py:2972} INFO - Setting next_dagrun for example_branch_python_operator_decorator to 2022-08-24T00:00:00+00:00, run_after=2022-08-25T00:00:00+00:00
[2022-08-25 23:38:21,867] {processor.py:161} INFO - Processing /home/airflow/.local/lib/python3.7/site-packages/airflow/example_dags/example_branch_operator_decorator.py took 0.138 seconds
[2022-08-25 23:38:52,199] {processor.py:153} INFO - Started process (PID=18551) to work on /home/airflow/.local/lib/python3.7/site-packages/airflow/example_dags/example_branch_operator_decorator.py
[2022-08-25 23:38:52,205] {processor.py:641} INFO - Processing file /home/airflow/.local/lib/python3.7/site-packages/airflow/example_dags/example_branch_operator_decorator.py for tasks to queue
[2022-08-25 23:38:52,207] {logging_mixin.py:115} INFO - [2022-08-25 23:38:52,207] {dagbag.py:508} INFO - Filling up the DagBag from /home/airflow/.local/lib/python3.7/site-packages/airflow/example_dags/example_branch_operator_decorator.py
[2022-08-25 23:38:52,259] {processor.py:651} INFO - DAG(s) dict_keys(['example_branch_python_operator_decorator']) retrieved from /home/airflow/.local/lib/python3.7/site-packages/airflow/example_dags/example_branch_operator_decorator.py
[2022-08-25 23:38:52,314] {logging_mixin.py:115} INFO - [2022-08-25 23:38:52,314] {dag.py:2420} INFO - Sync 1 DAGs
[2022-08-25 23:38:52,378] {logging_mixin.py:115} INFO - [2022-08-25 23:38:52,378] {dag.py:2972} INFO - Setting next_dagrun for example_branch_python_operator_decorator to 2022-08-24T00:00:00+00:00, run_after=2022-08-25T00:00:00+00:00
[2022-08-25 23:38:52,403] {processor.py:161} INFO - Processing /home/airflow/.local/lib/python3.7/site-packages/airflow/example_dags/example_branch_operator_decorator.py took 0.219 seconds
[2022-08-25 23:39:23,218] {processor.py:153} INFO - Started process (PID=18607) to work on /home/airflow/.local/lib/python3.7/site-packages/airflow/example_dags/example_branch_operator_decorator.py
[2022-08-25 23:39:23,220] {processor.py:641} INFO - Processing file /home/airflow/.local/lib/python3.7/site-packages/airflow/example_dags/example_branch_operator_decorator.py for tasks to queue
[2022-08-25 23:39:23,221] {logging_mixin.py:115} INFO - [2022-08-25 23:39:23,221] {dagbag.py:508} INFO - Filling up the DagBag from /home/airflow/.local/lib/python3.7/site-packages/airflow/example_dags/example_branch_operator_decorator.py
[2022-08-25 23:39:23,256] {processor.py:651} INFO - DAG(s) dict_keys(['example_branch_python_operator_decorator']) retrieved from /home/airflow/.local/lib/python3.7/site-packages/airflow/example_dags/example_branch_operator_decorator.py
[2022-08-25 23:39:23,300] {logging_mixin.py:115} INFO - [2022-08-25 23:39:23,300] {dag.py:2420} INFO - Sync 1 DAGs
[2022-08-25 23:39:23,338] {logging_mixin.py:115} INFO - [2022-08-25 23:39:23,338] {dag.py:2972} INFO - Setting next_dagrun for example_branch_python_operator_decorator to 2022-08-24T00:00:00+00:00, run_after=2022-08-25T00:00:00+00:00
[2022-08-25 23:39:23,358] {processor.py:161} INFO - Processing /home/airflow/.local/lib/python3.7/site-packages/airflow/example_dags/example_branch_operator_decorator.py took 0.147 seconds
[2022-08-25 23:39:54,361] {processor.py:153} INFO - Started process (PID=18673) to work on /home/airflow/.local/lib/python3.7/site-packages/airflow/example_dags/example_branch_operator_decorator.py
[2022-08-25 23:39:54,362] {processor.py:641} INFO - Processing file /home/airflow/.local/lib/python3.7/site-packages/airflow/example_dags/example_branch_operator_decorator.py for tasks to queue
[2022-08-25 23:39:54,364] {logging_mixin.py:115} INFO - [2022-08-25 23:39:54,364] {dagbag.py:508} INFO - Filling up the DagBag from /home/airflow/.local/lib/python3.7/site-packages/airflow/example_dags/example_branch_operator_decorator.py
[2022-08-25 23:39:54,410] {processor.py:651} INFO - DAG(s) dict_keys(['example_branch_python_operator_decorator']) retrieved from /home/airflow/.local/lib/python3.7/site-packages/airflow/example_dags/example_branch_operator_decorator.py
[2022-08-25 23:39:54,454] {logging_mixin.py:115} INFO - [2022-08-25 23:39:54,454] {dag.py:2420} INFO - Sync 1 DAGs
[2022-08-25 23:39:54,506] {logging_mixin.py:115} INFO - [2022-08-25 23:39:54,505] {dag.py:2972} INFO - Setting next_dagrun for example_branch_python_operator_decorator to 2022-08-24T00:00:00+00:00, run_after=2022-08-25T00:00:00+00:00
[2022-08-25 23:39:54,527] {processor.py:161} INFO - Processing /home/airflow/.local/lib/python3.7/site-packages/airflow/example_dags/example_branch_operator_decorator.py took 0.172 seconds
[2022-08-25 23:40:24,938] {processor.py:153} INFO - Started process (PID=18728) to work on /home/airflow/.local/lib/python3.7/site-packages/airflow/example_dags/example_branch_operator_decorator.py
[2022-08-25 23:40:24,939] {processor.py:641} INFO - Processing file /home/airflow/.local/lib/python3.7/site-packages/airflow/example_dags/example_branch_operator_decorator.py for tasks to queue
[2022-08-25 23:40:24,940] {logging_mixin.py:115} INFO - [2022-08-25 23:40:24,940] {dagbag.py:508} INFO - Filling up the DagBag from /home/airflow/.local/lib/python3.7/site-packages/airflow/example_dags/example_branch_operator_decorator.py
[2022-08-25 23:40:24,976] {processor.py:651} INFO - DAG(s) dict_keys(['example_branch_python_operator_decorator']) retrieved from /home/airflow/.local/lib/python3.7/site-packages/airflow/example_dags/example_branch_operator_decorator.py
[2022-08-25 23:40:25,015] {logging_mixin.py:115} INFO - [2022-08-25 23:40:25,015] {dag.py:2420} INFO - Sync 1 DAGs
[2022-08-25 23:40:25,045] {logging_mixin.py:115} INFO - [2022-08-25 23:40:25,045] {dag.py:2972} INFO - Setting next_dagrun for example_branch_python_operator_decorator to 2022-08-24T00:00:00+00:00, run_after=2022-08-25T00:00:00+00:00
[2022-08-25 23:40:25,061] {processor.py:161} INFO - Processing /home/airflow/.local/lib/python3.7/site-packages/airflow/example_dags/example_branch_operator_decorator.py took 0.128 seconds
[2022-08-25 23:40:55,220] {processor.py:153} INFO - Started process (PID=18792) to work on /home/airflow/.local/lib/python3.7/site-packages/airflow/example_dags/example_branch_operator_decorator.py
[2022-08-25 23:40:55,222] {processor.py:641} INFO - Processing file /home/airflow/.local/lib/python3.7/site-packages/airflow/example_dags/example_branch_operator_decorator.py for tasks to queue
[2022-08-25 23:40:55,223] {logging_mixin.py:115} INFO - [2022-08-25 23:40:55,223] {dagbag.py:508} INFO - Filling up the DagBag from /home/airflow/.local/lib/python3.7/site-packages/airflow/example_dags/example_branch_operator_decorator.py
[2022-08-25 23:40:55,248] {processor.py:651} INFO - DAG(s) dict_keys(['example_branch_python_operator_decorator']) retrieved from /home/airflow/.local/lib/python3.7/site-packages/airflow/example_dags/example_branch_operator_decorator.py
[2022-08-25 23:40:55,286] {logging_mixin.py:115} INFO - [2022-08-25 23:40:55,285] {dag.py:2420} INFO - Sync 1 DAGs
[2022-08-25 23:40:55,316] {logging_mixin.py:115} INFO - [2022-08-25 23:40:55,316] {dag.py:2972} INFO - Setting next_dagrun for example_branch_python_operator_decorator to 2022-08-24T00:00:00+00:00, run_after=2022-08-25T00:00:00+00:00
[2022-08-25 23:40:55,331] {processor.py:161} INFO - Processing /home/airflow/.local/lib/python3.7/site-packages/airflow/example_dags/example_branch_operator_decorator.py took 0.118 seconds
[2022-08-25 23:41:25,501] {processor.py:153} INFO - Started process (PID=18847) to work on /home/airflow/.local/lib/python3.7/site-packages/airflow/example_dags/example_branch_operator_decorator.py
[2022-08-25 23:41:25,502] {processor.py:641} INFO - Processing file /home/airflow/.local/lib/python3.7/site-packages/airflow/example_dags/example_branch_operator_decorator.py for tasks to queue
[2022-08-25 23:41:25,504] {logging_mixin.py:115} INFO - [2022-08-25 23:41:25,504] {dagbag.py:508} INFO - Filling up the DagBag from /home/airflow/.local/lib/python3.7/site-packages/airflow/example_dags/example_branch_operator_decorator.py
[2022-08-25 23:41:25,530] {processor.py:651} INFO - DAG(s) dict_keys(['example_branch_python_operator_decorator']) retrieved from /home/airflow/.local/lib/python3.7/site-packages/airflow/example_dags/example_branch_operator_decorator.py
[2022-08-25 23:41:25,563] {logging_mixin.py:115} INFO - [2022-08-25 23:41:25,563] {dag.py:2420} INFO - Sync 1 DAGs
[2022-08-25 23:41:25,591] {logging_mixin.py:115} INFO - [2022-08-25 23:41:25,591] {dag.py:2972} INFO - Setting next_dagrun for example_branch_python_operator_decorator to 2022-08-24T00:00:00+00:00, run_after=2022-08-25T00:00:00+00:00
[2022-08-25 23:41:25,618] {processor.py:161} INFO - Processing /home/airflow/.local/lib/python3.7/site-packages/airflow/example_dags/example_branch_operator_decorator.py took 0.125 seconds
[2022-08-25 23:41:57,376] {processor.py:153} INFO - Started process (PID=18911) to work on /home/airflow/.local/lib/python3.7/site-packages/airflow/example_dags/example_branch_operator_decorator.py
[2022-08-25 23:41:57,380] {processor.py:641} INFO - Processing file /home/airflow/.local/lib/python3.7/site-packages/airflow/example_dags/example_branch_operator_decorator.py for tasks to queue
[2022-08-25 23:41:57,384] {logging_mixin.py:115} INFO - [2022-08-25 23:41:57,383] {dagbag.py:508} INFO - Filling up the DagBag from /home/airflow/.local/lib/python3.7/site-packages/airflow/example_dags/example_branch_operator_decorator.py
[2022-08-25 23:41:57,418] {processor.py:651} INFO - DAG(s) dict_keys(['example_branch_python_operator_decorator']) retrieved from /home/airflow/.local/lib/python3.7/site-packages/airflow/example_dags/example_branch_operator_decorator.py
[2022-08-25 23:41:57,467] {logging_mixin.py:115} INFO - [2022-08-25 23:41:57,467] {dag.py:2420} INFO - Sync 1 DAGs
[2022-08-25 23:41:57,504] {logging_mixin.py:115} INFO - [2022-08-25 23:41:57,504] {dag.py:2972} INFO - Setting next_dagrun for example_branch_python_operator_decorator to 2022-08-24T00:00:00+00:00, run_after=2022-08-25T00:00:00+00:00
[2022-08-25 23:41:57,534] {processor.py:161} INFO - Processing /home/airflow/.local/lib/python3.7/site-packages/airflow/example_dags/example_branch_operator_decorator.py took 0.176 seconds
[2022-08-25 23:42:27,842] {processor.py:153} INFO - Started process (PID=18975) to work on /home/airflow/.local/lib/python3.7/site-packages/airflow/example_dags/example_branch_operator_decorator.py
[2022-08-25 23:42:27,844] {processor.py:641} INFO - Processing file /home/airflow/.local/lib/python3.7/site-packages/airflow/example_dags/example_branch_operator_decorator.py for tasks to queue
[2022-08-25 23:42:27,845] {logging_mixin.py:115} INFO - [2022-08-25 23:42:27,845] {dagbag.py:508} INFO - Filling up the DagBag from /home/airflow/.local/lib/python3.7/site-packages/airflow/example_dags/example_branch_operator_decorator.py
[2022-08-25 23:42:27,870] {processor.py:651} INFO - DAG(s) dict_keys(['example_branch_python_operator_decorator']) retrieved from /home/airflow/.local/lib/python3.7/site-packages/airflow/example_dags/example_branch_operator_decorator.py
[2022-08-25 23:42:27,904] {logging_mixin.py:115} INFO - [2022-08-25 23:42:27,903] {dag.py:2420} INFO - Sync 1 DAGs
[2022-08-25 23:42:27,938] {logging_mixin.py:115} INFO - [2022-08-25 23:42:27,938] {dag.py:2972} INFO - Setting next_dagrun for example_branch_python_operator_decorator to 2022-08-24T00:00:00+00:00, run_after=2022-08-25T00:00:00+00:00
[2022-08-25 23:42:27,958] {processor.py:161} INFO - Processing /home/airflow/.local/lib/python3.7/site-packages/airflow/example_dags/example_branch_operator_decorator.py took 0.120 seconds
[2022-08-25 23:42:58,314] {processor.py:153} INFO - Started process (PID=19030) to work on /home/airflow/.local/lib/python3.7/site-packages/airflow/example_dags/example_branch_operator_decorator.py
[2022-08-25 23:42:58,315] {processor.py:641} INFO - Processing file /home/airflow/.local/lib/python3.7/site-packages/airflow/example_dags/example_branch_operator_decorator.py for tasks to queue
[2022-08-25 23:42:58,317] {logging_mixin.py:115} INFO - [2022-08-25 23:42:58,317] {dagbag.py:508} INFO - Filling up the DagBag from /home/airflow/.local/lib/python3.7/site-packages/airflow/example_dags/example_branch_operator_decorator.py
[2022-08-25 23:42:58,348] {processor.py:651} INFO - DAG(s) dict_keys(['example_branch_python_operator_decorator']) retrieved from /home/airflow/.local/lib/python3.7/site-packages/airflow/example_dags/example_branch_operator_decorator.py
[2022-08-25 23:42:58,371] {logging_mixin.py:115} INFO - [2022-08-25 23:42:58,370] {dag.py:2420} INFO - Sync 1 DAGs
[2022-08-25 23:42:58,403] {logging_mixin.py:115} INFO - [2022-08-25 23:42:58,403] {dag.py:2972} INFO - Setting next_dagrun for example_branch_python_operator_decorator to 2022-08-24T00:00:00+00:00, run_after=2022-08-25T00:00:00+00:00
[2022-08-25 23:42:58,420] {processor.py:161} INFO - Processing /home/airflow/.local/lib/python3.7/site-packages/airflow/example_dags/example_branch_operator_decorator.py took 0.134 seconds
[2022-08-25 23:43:28,489] {processor.py:153} INFO - Started process (PID=19095) to work on /home/airflow/.local/lib/python3.7/site-packages/airflow/example_dags/example_branch_operator_decorator.py
[2022-08-25 23:43:28,491] {processor.py:641} INFO - Processing file /home/airflow/.local/lib/python3.7/site-packages/airflow/example_dags/example_branch_operator_decorator.py for tasks to queue
[2022-08-25 23:43:28,492] {logging_mixin.py:115} INFO - [2022-08-25 23:43:28,492] {dagbag.py:508} INFO - Filling up the DagBag from /home/airflow/.local/lib/python3.7/site-packages/airflow/example_dags/example_branch_operator_decorator.py
[2022-08-25 23:43:28,524] {processor.py:651} INFO - DAG(s) dict_keys(['example_branch_python_operator_decorator']) retrieved from /home/airflow/.local/lib/python3.7/site-packages/airflow/example_dags/example_branch_operator_decorator.py
[2022-08-25 23:43:28,567] {logging_mixin.py:115} INFO - [2022-08-25 23:43:28,566] {dag.py:2420} INFO - Sync 1 DAGs
[2022-08-25 23:43:28,612] {logging_mixin.py:115} INFO - [2022-08-25 23:43:28,612] {dag.py:2972} INFO - Setting next_dagrun for example_branch_python_operator_decorator to 2022-08-24T00:00:00+00:00, run_after=2022-08-25T00:00:00+00:00
[2022-08-25 23:43:28,647] {processor.py:161} INFO - Processing /home/airflow/.local/lib/python3.7/site-packages/airflow/example_dags/example_branch_operator_decorator.py took 0.162 seconds
[2022-08-25 23:43:59,086] {processor.py:153} INFO - Started process (PID=19150) to work on /home/airflow/.local/lib/python3.7/site-packages/airflow/example_dags/example_branch_operator_decorator.py
[2022-08-25 23:43:59,087] {processor.py:641} INFO - Processing file /home/airflow/.local/lib/python3.7/site-packages/airflow/example_dags/example_branch_operator_decorator.py for tasks to queue
[2022-08-25 23:43:59,089] {logging_mixin.py:115} INFO - [2022-08-25 23:43:59,088] {dagbag.py:508} INFO - Filling up the DagBag from /home/airflow/.local/lib/python3.7/site-packages/airflow/example_dags/example_branch_operator_decorator.py
[2022-08-25 23:43:59,123] {processor.py:651} INFO - DAG(s) dict_keys(['example_branch_python_operator_decorator']) retrieved from /home/airflow/.local/lib/python3.7/site-packages/airflow/example_dags/example_branch_operator_decorator.py
[2022-08-25 23:43:59,167] {logging_mixin.py:115} INFO - [2022-08-25 23:43:59,167] {dag.py:2420} INFO - Sync 1 DAGs
[2022-08-25 23:43:59,197] {logging_mixin.py:115} INFO - [2022-08-25 23:43:59,197] {dag.py:2972} INFO - Setting next_dagrun for example_branch_python_operator_decorator to 2022-08-24T00:00:00+00:00, run_after=2022-08-25T00:00:00+00:00
[2022-08-25 23:43:59,212] {processor.py:161} INFO - Processing /home/airflow/.local/lib/python3.7/site-packages/airflow/example_dags/example_branch_operator_decorator.py took 0.133 seconds
[2022-08-25 23:44:29,471] {processor.py:153} INFO - Started process (PID=19215) to work on /home/airflow/.local/lib/python3.7/site-packages/airflow/example_dags/example_branch_operator_decorator.py
[2022-08-25 23:44:29,473] {processor.py:641} INFO - Processing file /home/airflow/.local/lib/python3.7/site-packages/airflow/example_dags/example_branch_operator_decorator.py for tasks to queue
[2022-08-25 23:44:29,474] {logging_mixin.py:115} INFO - [2022-08-25 23:44:29,474] {dagbag.py:508} INFO - Filling up the DagBag from /home/airflow/.local/lib/python3.7/site-packages/airflow/example_dags/example_branch_operator_decorator.py
[2022-08-25 23:44:29,500] {processor.py:651} INFO - DAG(s) dict_keys(['example_branch_python_operator_decorator']) retrieved from /home/airflow/.local/lib/python3.7/site-packages/airflow/example_dags/example_branch_operator_decorator.py
[2022-08-25 23:44:29,535] {logging_mixin.py:115} INFO - [2022-08-25 23:44:29,535] {dag.py:2420} INFO - Sync 1 DAGs
[2022-08-25 23:44:29,564] {logging_mixin.py:115} INFO - [2022-08-25 23:44:29,564] {dag.py:2972} INFO - Setting next_dagrun for example_branch_python_operator_decorator to 2022-08-24T00:00:00+00:00, run_after=2022-08-25T00:00:00+00:00
[2022-08-25 23:44:29,581] {processor.py:161} INFO - Processing /home/airflow/.local/lib/python3.7/site-packages/airflow/example_dags/example_branch_operator_decorator.py took 0.114 seconds
[2022-08-25 23:44:59,997] {processor.py:153} INFO - Started process (PID=19280) to work on /home/airflow/.local/lib/python3.7/site-packages/airflow/example_dags/example_branch_operator_decorator.py
[2022-08-25 23:44:59,999] {processor.py:641} INFO - Processing file /home/airflow/.local/lib/python3.7/site-packages/airflow/example_dags/example_branch_operator_decorator.py for tasks to queue
[2022-08-25 23:45:00,000] {logging_mixin.py:115} INFO - [2022-08-25 23:45:00,000] {dagbag.py:508} INFO - Filling up the DagBag from /home/airflow/.local/lib/python3.7/site-packages/airflow/example_dags/example_branch_operator_decorator.py
[2022-08-25 23:45:00,026] {processor.py:651} INFO - DAG(s) dict_keys(['example_branch_python_operator_decorator']) retrieved from /home/airflow/.local/lib/python3.7/site-packages/airflow/example_dags/example_branch_operator_decorator.py
[2022-08-25 23:45:00,062] {logging_mixin.py:115} INFO - [2022-08-25 23:45:00,062] {dag.py:2420} INFO - Sync 1 DAGs
[2022-08-25 23:45:00,092] {logging_mixin.py:115} INFO - [2022-08-25 23:45:00,092] {dag.py:2972} INFO - Setting next_dagrun for example_branch_python_operator_decorator to 2022-08-24T00:00:00+00:00, run_after=2022-08-25T00:00:00+00:00
[2022-08-25 23:45:00,111] {processor.py:161} INFO - Processing /home/airflow/.local/lib/python3.7/site-packages/airflow/example_dags/example_branch_operator_decorator.py took 0.119 seconds
[2022-08-25 23:45:30,366] {processor.py:153} INFO - Started process (PID=19334) to work on /home/airflow/.local/lib/python3.7/site-packages/airflow/example_dags/example_branch_operator_decorator.py
[2022-08-25 23:45:30,368] {processor.py:641} INFO - Processing file /home/airflow/.local/lib/python3.7/site-packages/airflow/example_dags/example_branch_operator_decorator.py for tasks to queue
[2022-08-25 23:45:30,370] {logging_mixin.py:115} INFO - [2022-08-25 23:45:30,369] {dagbag.py:508} INFO - Filling up the DagBag from /home/airflow/.local/lib/python3.7/site-packages/airflow/example_dags/example_branch_operator_decorator.py
[2022-08-25 23:45:30,402] {processor.py:651} INFO - DAG(s) dict_keys(['example_branch_python_operator_decorator']) retrieved from /home/airflow/.local/lib/python3.7/site-packages/airflow/example_dags/example_branch_operator_decorator.py
[2022-08-25 23:45:30,445] {logging_mixin.py:115} INFO - [2022-08-25 23:45:30,444] {dag.py:2420} INFO - Sync 1 DAGs
[2022-08-25 23:45:30,490] {logging_mixin.py:115} INFO - [2022-08-25 23:45:30,490] {dag.py:2972} INFO - Setting next_dagrun for example_branch_python_operator_decorator to 2022-08-24T00:00:00+00:00, run_after=2022-08-25T00:00:00+00:00
[2022-08-25 23:45:30,507] {processor.py:161} INFO - Processing /home/airflow/.local/lib/python3.7/site-packages/airflow/example_dags/example_branch_operator_decorator.py took 0.148 seconds
[2022-08-25 23:46:00,895] {processor.py:153} INFO - Started process (PID=19399) to work on /home/airflow/.local/lib/python3.7/site-packages/airflow/example_dags/example_branch_operator_decorator.py
[2022-08-25 23:46:00,896] {processor.py:641} INFO - Processing file /home/airflow/.local/lib/python3.7/site-packages/airflow/example_dags/example_branch_operator_decorator.py for tasks to queue
[2022-08-25 23:46:00,899] {logging_mixin.py:115} INFO - [2022-08-25 23:46:00,898] {dagbag.py:508} INFO - Filling up the DagBag from /home/airflow/.local/lib/python3.7/site-packages/airflow/example_dags/example_branch_operator_decorator.py
[2022-08-25 23:46:00,923] {processor.py:651} INFO - DAG(s) dict_keys(['example_branch_python_operator_decorator']) retrieved from /home/airflow/.local/lib/python3.7/site-packages/airflow/example_dags/example_branch_operator_decorator.py
[2022-08-25 23:46:00,966] {logging_mixin.py:115} INFO - [2022-08-25 23:46:00,966] {dag.py:2420} INFO - Sync 1 DAGs
[2022-08-25 23:46:01,007] {logging_mixin.py:115} INFO - [2022-08-25 23:46:01,007] {dag.py:2972} INFO - Setting next_dagrun for example_branch_python_operator_decorator to 2022-08-24T00:00:00+00:00, run_after=2022-08-25T00:00:00+00:00
[2022-08-25 23:46:01,028] {processor.py:161} INFO - Processing /home/airflow/.local/lib/python3.7/site-packages/airflow/example_dags/example_branch_operator_decorator.py took 0.139 seconds
[2022-08-25 23:46:31,203] {processor.py:153} INFO - Started process (PID=19454) to work on /home/airflow/.local/lib/python3.7/site-packages/airflow/example_dags/example_branch_operator_decorator.py
[2022-08-25 23:46:31,204] {processor.py:641} INFO - Processing file /home/airflow/.local/lib/python3.7/site-packages/airflow/example_dags/example_branch_operator_decorator.py for tasks to queue
[2022-08-25 23:46:31,205] {logging_mixin.py:115} INFO - [2022-08-25 23:46:31,205] {dagbag.py:508} INFO - Filling up the DagBag from /home/airflow/.local/lib/python3.7/site-packages/airflow/example_dags/example_branch_operator_decorator.py
[2022-08-25 23:46:31,231] {processor.py:651} INFO - DAG(s) dict_keys(['example_branch_python_operator_decorator']) retrieved from /home/airflow/.local/lib/python3.7/site-packages/airflow/example_dags/example_branch_operator_decorator.py
[2022-08-25 23:46:31,270] {logging_mixin.py:115} INFO - [2022-08-25 23:46:31,270] {dag.py:2420} INFO - Sync 1 DAGs
[2022-08-25 23:46:31,301] {logging_mixin.py:115} INFO - [2022-08-25 23:46:31,301] {dag.py:2972} INFO - Setting next_dagrun for example_branch_python_operator_decorator to 2022-08-24T00:00:00+00:00, run_after=2022-08-25T00:00:00+00:00
[2022-08-25 23:46:31,318] {processor.py:161} INFO - Processing /home/airflow/.local/lib/python3.7/site-packages/airflow/example_dags/example_branch_operator_decorator.py took 0.119 seconds
[2022-08-25 23:47:01,740] {processor.py:153} INFO - Started process (PID=19521) to work on /home/airflow/.local/lib/python3.7/site-packages/airflow/example_dags/example_branch_operator_decorator.py
[2022-08-25 23:47:01,741] {processor.py:641} INFO - Processing file /home/airflow/.local/lib/python3.7/site-packages/airflow/example_dags/example_branch_operator_decorator.py for tasks to queue
[2022-08-25 23:47:01,742] {logging_mixin.py:115} INFO - [2022-08-25 23:47:01,742] {dagbag.py:508} INFO - Filling up the DagBag from /home/airflow/.local/lib/python3.7/site-packages/airflow/example_dags/example_branch_operator_decorator.py
[2022-08-25 23:47:01,770] {processor.py:651} INFO - DAG(s) dict_keys(['example_branch_python_operator_decorator']) retrieved from /home/airflow/.local/lib/python3.7/site-packages/airflow/example_dags/example_branch_operator_decorator.py
[2022-08-25 23:47:01,812] {logging_mixin.py:115} INFO - [2022-08-25 23:47:01,811] {dag.py:2420} INFO - Sync 1 DAGs
[2022-08-25 23:47:01,853] {logging_mixin.py:115} INFO - [2022-08-25 23:47:01,853] {dag.py:2972} INFO - Setting next_dagrun for example_branch_python_operator_decorator to 2022-08-24T00:00:00+00:00, run_after=2022-08-25T00:00:00+00:00
[2022-08-25 23:47:01,869] {processor.py:161} INFO - Processing /home/airflow/.local/lib/python3.7/site-packages/airflow/example_dags/example_branch_operator_decorator.py took 0.133 seconds
[2022-08-25 23:47:32,781] {processor.py:153} INFO - Started process (PID=19587) to work on /home/airflow/.local/lib/python3.7/site-packages/airflow/example_dags/example_branch_operator_decorator.py
[2022-08-25 23:47:32,782] {processor.py:641} INFO - Processing file /home/airflow/.local/lib/python3.7/site-packages/airflow/example_dags/example_branch_operator_decorator.py for tasks to queue
[2022-08-25 23:47:32,783] {logging_mixin.py:115} INFO - [2022-08-25 23:47:32,783] {dagbag.py:508} INFO - Filling up the DagBag from /home/airflow/.local/lib/python3.7/site-packages/airflow/example_dags/example_branch_operator_decorator.py
[2022-08-25 23:47:32,832] {processor.py:651} INFO - DAG(s) dict_keys(['example_branch_python_operator_decorator']) retrieved from /home/airflow/.local/lib/python3.7/site-packages/airflow/example_dags/example_branch_operator_decorator.py
[2022-08-25 23:47:32,877] {logging_mixin.py:115} INFO - [2022-08-25 23:47:32,877] {dag.py:2420} INFO - Sync 1 DAGs
[2022-08-25 23:47:32,907] {logging_mixin.py:115} INFO - [2022-08-25 23:47:32,907] {dag.py:2972} INFO - Setting next_dagrun for example_branch_python_operator_decorator to 2022-08-24T00:00:00+00:00, run_after=2022-08-25T00:00:00+00:00
[2022-08-25 23:47:32,923] {processor.py:161} INFO - Processing /home/airflow/.local/lib/python3.7/site-packages/airflow/example_dags/example_branch_operator_decorator.py took 0.147 seconds
[2022-08-25 23:48:03,766] {processor.py:153} INFO - Started process (PID=19642) to work on /home/airflow/.local/lib/python3.7/site-packages/airflow/example_dags/example_branch_operator_decorator.py
[2022-08-25 23:48:03,767] {processor.py:641} INFO - Processing file /home/airflow/.local/lib/python3.7/site-packages/airflow/example_dags/example_branch_operator_decorator.py for tasks to queue
[2022-08-25 23:48:03,768] {logging_mixin.py:115} INFO - [2022-08-25 23:48:03,768] {dagbag.py:508} INFO - Filling up the DagBag from /home/airflow/.local/lib/python3.7/site-packages/airflow/example_dags/example_branch_operator_decorator.py
[2022-08-25 23:48:03,800] {processor.py:651} INFO - DAG(s) dict_keys(['example_branch_python_operator_decorator']) retrieved from /home/airflow/.local/lib/python3.7/site-packages/airflow/example_dags/example_branch_operator_decorator.py
[2022-08-25 23:48:03,837] {logging_mixin.py:115} INFO - [2022-08-25 23:48:03,837] {dag.py:2420} INFO - Sync 1 DAGs
[2022-08-25 23:48:03,867] {logging_mixin.py:115} INFO - [2022-08-25 23:48:03,867] {dag.py:2972} INFO - Setting next_dagrun for example_branch_python_operator_decorator to 2022-08-24T00:00:00+00:00, run_after=2022-08-25T00:00:00+00:00
[2022-08-25 23:48:03,884] {processor.py:161} INFO - Processing /home/airflow/.local/lib/python3.7/site-packages/airflow/example_dags/example_branch_operator_decorator.py took 0.123 seconds
[2022-08-25 23:48:35,090] {processor.py:153} INFO - Started process (PID=19707) to work on /home/airflow/.local/lib/python3.7/site-packages/airflow/example_dags/example_branch_operator_decorator.py
[2022-08-25 23:48:35,091] {processor.py:641} INFO - Processing file /home/airflow/.local/lib/python3.7/site-packages/airflow/example_dags/example_branch_operator_decorator.py for tasks to queue
[2022-08-25 23:48:35,093] {logging_mixin.py:115} INFO - [2022-08-25 23:48:35,093] {dagbag.py:508} INFO - Filling up the DagBag from /home/airflow/.local/lib/python3.7/site-packages/airflow/example_dags/example_branch_operator_decorator.py
[2022-08-25 23:48:35,120] {processor.py:651} INFO - DAG(s) dict_keys(['example_branch_python_operator_decorator']) retrieved from /home/airflow/.local/lib/python3.7/site-packages/airflow/example_dags/example_branch_operator_decorator.py
[2022-08-25 23:48:35,162] {logging_mixin.py:115} INFO - [2022-08-25 23:48:35,162] {dag.py:2420} INFO - Sync 1 DAGs
[2022-08-25 23:48:35,195] {logging_mixin.py:115} INFO - [2022-08-25 23:48:35,195] {dag.py:2972} INFO - Setting next_dagrun for example_branch_python_operator_decorator to 2022-08-24T00:00:00+00:00, run_after=2022-08-25T00:00:00+00:00
[2022-08-25 23:48:35,211] {processor.py:161} INFO - Processing /home/airflow/.local/lib/python3.7/site-packages/airflow/example_dags/example_branch_operator_decorator.py took 0.126 seconds
[2022-08-25 23:49:05,916] {processor.py:153} INFO - Started process (PID=19771) to work on /home/airflow/.local/lib/python3.7/site-packages/airflow/example_dags/example_branch_operator_decorator.py
[2022-08-25 23:49:05,917] {processor.py:641} INFO - Processing file /home/airflow/.local/lib/python3.7/site-packages/airflow/example_dags/example_branch_operator_decorator.py for tasks to queue
[2022-08-25 23:49:05,919] {logging_mixin.py:115} INFO - [2022-08-25 23:49:05,919] {dagbag.py:508} INFO - Filling up the DagBag from /home/airflow/.local/lib/python3.7/site-packages/airflow/example_dags/example_branch_operator_decorator.py
[2022-08-25 23:49:05,946] {processor.py:651} INFO - DAG(s) dict_keys(['example_branch_python_operator_decorator']) retrieved from /home/airflow/.local/lib/python3.7/site-packages/airflow/example_dags/example_branch_operator_decorator.py
[2022-08-25 23:49:05,987] {logging_mixin.py:115} INFO - [2022-08-25 23:49:05,987] {dag.py:2420} INFO - Sync 1 DAGs
[2022-08-25 23:49:06,031] {logging_mixin.py:115} INFO - [2022-08-25 23:49:06,030] {dag.py:2972} INFO - Setting next_dagrun for example_branch_python_operator_decorator to 2022-08-24T00:00:00+00:00, run_after=2022-08-25T00:00:00+00:00
[2022-08-25 23:49:06,052] {processor.py:161} INFO - Processing /home/airflow/.local/lib/python3.7/site-packages/airflow/example_dags/example_branch_operator_decorator.py took 0.141 seconds
[2022-08-25 23:49:36,507] {processor.py:153} INFO - Started process (PID=19826) to work on /home/airflow/.local/lib/python3.7/site-packages/airflow/example_dags/example_branch_operator_decorator.py
[2022-08-25 23:49:36,509] {processor.py:641} INFO - Processing file /home/airflow/.local/lib/python3.7/site-packages/airflow/example_dags/example_branch_operator_decorator.py for tasks to queue
[2022-08-25 23:49:36,511] {logging_mixin.py:115} INFO - [2022-08-25 23:49:36,510] {dagbag.py:508} INFO - Filling up the DagBag from /home/airflow/.local/lib/python3.7/site-packages/airflow/example_dags/example_branch_operator_decorator.py
[2022-08-25 23:49:36,551] {processor.py:651} INFO - DAG(s) dict_keys(['example_branch_python_operator_decorator']) retrieved from /home/airflow/.local/lib/python3.7/site-packages/airflow/example_dags/example_branch_operator_decorator.py
[2022-08-25 23:49:36,621] {logging_mixin.py:115} INFO - [2022-08-25 23:49:36,621] {dag.py:2420} INFO - Sync 1 DAGs
[2022-08-25 23:49:36,666] {logging_mixin.py:115} INFO - [2022-08-25 23:49:36,666] {dag.py:2972} INFO - Setting next_dagrun for example_branch_python_operator_decorator to 2022-08-24T00:00:00+00:00, run_after=2022-08-25T00:00:00+00:00
[2022-08-25 23:49:36,709] {processor.py:161} INFO - Processing /home/airflow/.local/lib/python3.7/site-packages/airflow/example_dags/example_branch_operator_decorator.py took 0.208 seconds
[2022-08-25 23:50:06,971] {processor.py:153} INFO - Started process (PID=19890) to work on /home/airflow/.local/lib/python3.7/site-packages/airflow/example_dags/example_branch_operator_decorator.py
[2022-08-25 23:50:06,973] {processor.py:641} INFO - Processing file /home/airflow/.local/lib/python3.7/site-packages/airflow/example_dags/example_branch_operator_decorator.py for tasks to queue
[2022-08-25 23:50:06,974] {logging_mixin.py:115} INFO - [2022-08-25 23:50:06,974] {dagbag.py:508} INFO - Filling up the DagBag from /home/airflow/.local/lib/python3.7/site-packages/airflow/example_dags/example_branch_operator_decorator.py
[2022-08-25 23:50:06,999] {processor.py:651} INFO - DAG(s) dict_keys(['example_branch_python_operator_decorator']) retrieved from /home/airflow/.local/lib/python3.7/site-packages/airflow/example_dags/example_branch_operator_decorator.py
[2022-08-25 23:50:07,037] {logging_mixin.py:115} INFO - [2022-08-25 23:50:07,037] {dag.py:2420} INFO - Sync 1 DAGs
[2022-08-25 23:50:07,072] {logging_mixin.py:115} INFO - [2022-08-25 23:50:07,072] {dag.py:2972} INFO - Setting next_dagrun for example_branch_python_operator_decorator to 2022-08-24T00:00:00+00:00, run_after=2022-08-25T00:00:00+00:00
[2022-08-25 23:50:07,088] {processor.py:161} INFO - Processing /home/airflow/.local/lib/python3.7/site-packages/airflow/example_dags/example_branch_operator_decorator.py took 0.122 seconds
[2022-08-25 23:50:37,469] {processor.py:153} INFO - Started process (PID=19945) to work on /home/airflow/.local/lib/python3.7/site-packages/airflow/example_dags/example_branch_operator_decorator.py
[2022-08-25 23:50:37,470] {processor.py:641} INFO - Processing file /home/airflow/.local/lib/python3.7/site-packages/airflow/example_dags/example_branch_operator_decorator.py for tasks to queue
[2022-08-25 23:50:37,472] {logging_mixin.py:115} INFO - [2022-08-25 23:50:37,472] {dagbag.py:508} INFO - Filling up the DagBag from /home/airflow/.local/lib/python3.7/site-packages/airflow/example_dags/example_branch_operator_decorator.py
[2022-08-25 23:50:37,498] {processor.py:651} INFO - DAG(s) dict_keys(['example_branch_python_operator_decorator']) retrieved from /home/airflow/.local/lib/python3.7/site-packages/airflow/example_dags/example_branch_operator_decorator.py
[2022-08-25 23:50:37,542] {logging_mixin.py:115} INFO - [2022-08-25 23:50:37,541] {dag.py:2420} INFO - Sync 1 DAGs
[2022-08-25 23:50:37,576] {logging_mixin.py:115} INFO - [2022-08-25 23:50:37,576] {dag.py:2972} INFO - Setting next_dagrun for example_branch_python_operator_decorator to 2022-08-24T00:00:00+00:00, run_after=2022-08-25T00:00:00+00:00
[2022-08-25 23:50:37,593] {processor.py:161} INFO - Processing /home/airflow/.local/lib/python3.7/site-packages/airflow/example_dags/example_branch_operator_decorator.py took 0.129 seconds
[2022-08-25 23:51:08,501] {processor.py:153} INFO - Started process (PID=20009) to work on /home/airflow/.local/lib/python3.7/site-packages/airflow/example_dags/example_branch_operator_decorator.py
[2022-08-25 23:51:08,502] {processor.py:641} INFO - Processing file /home/airflow/.local/lib/python3.7/site-packages/airflow/example_dags/example_branch_operator_decorator.py for tasks to queue
[2022-08-25 23:51:08,503] {logging_mixin.py:115} INFO - [2022-08-25 23:51:08,503] {dagbag.py:508} INFO - Filling up the DagBag from /home/airflow/.local/lib/python3.7/site-packages/airflow/example_dags/example_branch_operator_decorator.py
[2022-08-25 23:51:08,529] {processor.py:651} INFO - DAG(s) dict_keys(['example_branch_python_operator_decorator']) retrieved from /home/airflow/.local/lib/python3.7/site-packages/airflow/example_dags/example_branch_operator_decorator.py
[2022-08-25 23:51:08,564] {logging_mixin.py:115} INFO - [2022-08-25 23:51:08,564] {dag.py:2420} INFO - Sync 1 DAGs
[2022-08-25 23:51:08,594] {logging_mixin.py:115} INFO - [2022-08-25 23:51:08,594] {dag.py:2972} INFO - Setting next_dagrun for example_branch_python_operator_decorator to 2022-08-24T00:00:00+00:00, run_after=2022-08-25T00:00:00+00:00
[2022-08-25 23:51:08,611] {processor.py:161} INFO - Processing /home/airflow/.local/lib/python3.7/site-packages/airflow/example_dags/example_branch_operator_decorator.py took 0.115 seconds
[2022-08-25 23:51:38,862] {processor.py:153} INFO - Started process (PID=20075) to work on /home/airflow/.local/lib/python3.7/site-packages/airflow/example_dags/example_branch_operator_decorator.py
[2022-08-25 23:51:38,863] {processor.py:641} INFO - Processing file /home/airflow/.local/lib/python3.7/site-packages/airflow/example_dags/example_branch_operator_decorator.py for tasks to queue
[2022-08-25 23:51:38,865] {logging_mixin.py:115} INFO - [2022-08-25 23:51:38,865] {dagbag.py:508} INFO - Filling up the DagBag from /home/airflow/.local/lib/python3.7/site-packages/airflow/example_dags/example_branch_operator_decorator.py
[2022-08-25 23:51:38,900] {processor.py:651} INFO - DAG(s) dict_keys(['example_branch_python_operator_decorator']) retrieved from /home/airflow/.local/lib/python3.7/site-packages/airflow/example_dags/example_branch_operator_decorator.py
[2022-08-25 23:51:38,947] {logging_mixin.py:115} INFO - [2022-08-25 23:51:38,947] {dag.py:2420} INFO - Sync 1 DAGs
[2022-08-25 23:51:38,986] {logging_mixin.py:115} INFO - [2022-08-25 23:51:38,986] {dag.py:2972} INFO - Setting next_dagrun for example_branch_python_operator_decorator to 2022-08-24T00:00:00+00:00, run_after=2022-08-25T00:00:00+00:00
[2022-08-25 23:51:39,000] {processor.py:161} INFO - Processing /home/airflow/.local/lib/python3.7/site-packages/airflow/example_dags/example_branch_operator_decorator.py took 0.145 seconds
[2022-08-25 23:52:09,833] {processor.py:153} INFO - Started process (PID=20130) to work on /home/airflow/.local/lib/python3.7/site-packages/airflow/example_dags/example_branch_operator_decorator.py
[2022-08-25 23:52:09,834] {processor.py:641} INFO - Processing file /home/airflow/.local/lib/python3.7/site-packages/airflow/example_dags/example_branch_operator_decorator.py for tasks to queue
[2022-08-25 23:52:09,835] {logging_mixin.py:115} INFO - [2022-08-25 23:52:09,835] {dagbag.py:508} INFO - Filling up the DagBag from /home/airflow/.local/lib/python3.7/site-packages/airflow/example_dags/example_branch_operator_decorator.py
[2022-08-25 23:52:09,861] {processor.py:651} INFO - DAG(s) dict_keys(['example_branch_python_operator_decorator']) retrieved from /home/airflow/.local/lib/python3.7/site-packages/airflow/example_dags/example_branch_operator_decorator.py
[2022-08-25 23:52:09,905] {logging_mixin.py:115} INFO - [2022-08-25 23:52:09,905] {dag.py:2420} INFO - Sync 1 DAGs
[2022-08-25 23:52:09,971] {logging_mixin.py:115} INFO - [2022-08-25 23:52:09,971] {dag.py:2972} INFO - Setting next_dagrun for example_branch_python_operator_decorator to 2022-08-24T00:00:00+00:00, run_after=2022-08-25T00:00:00+00:00
[2022-08-25 23:52:09,998] {processor.py:161} INFO - Processing /home/airflow/.local/lib/python3.7/site-packages/airflow/example_dags/example_branch_operator_decorator.py took 0.171 seconds
[2022-08-25 23:52:40,760] {processor.py:153} INFO - Started process (PID=20195) to work on /home/airflow/.local/lib/python3.7/site-packages/airflow/example_dags/example_branch_operator_decorator.py
[2022-08-25 23:52:40,761] {processor.py:641} INFO - Processing file /home/airflow/.local/lib/python3.7/site-packages/airflow/example_dags/example_branch_operator_decorator.py for tasks to queue
[2022-08-25 23:52:40,763] {logging_mixin.py:115} INFO - [2022-08-25 23:52:40,762] {dagbag.py:508} INFO - Filling up the DagBag from /home/airflow/.local/lib/python3.7/site-packages/airflow/example_dags/example_branch_operator_decorator.py
[2022-08-25 23:52:40,787] {processor.py:651} INFO - DAG(s) dict_keys(['example_branch_python_operator_decorator']) retrieved from /home/airflow/.local/lib/python3.7/site-packages/airflow/example_dags/example_branch_operator_decorator.py
[2022-08-25 23:52:40,822] {logging_mixin.py:115} INFO - [2022-08-25 23:52:40,822] {dag.py:2420} INFO - Sync 1 DAGs
[2022-08-25 23:52:40,853] {logging_mixin.py:115} INFO - [2022-08-25 23:52:40,853] {dag.py:2972} INFO - Setting next_dagrun for example_branch_python_operator_decorator to 2022-08-24T00:00:00+00:00, run_after=2022-08-25T00:00:00+00:00
[2022-08-25 23:52:40,869] {processor.py:161} INFO - Processing /home/airflow/.local/lib/python3.7/site-packages/airflow/example_dags/example_branch_operator_decorator.py took 0.115 seconds
[2022-08-25 23:53:11,610] {processor.py:153} INFO - Started process (PID=20259) to work on /home/airflow/.local/lib/python3.7/site-packages/airflow/example_dags/example_branch_operator_decorator.py
[2022-08-25 23:53:11,611] {processor.py:641} INFO - Processing file /home/airflow/.local/lib/python3.7/site-packages/airflow/example_dags/example_branch_operator_decorator.py for tasks to queue
[2022-08-25 23:53:11,612] {logging_mixin.py:115} INFO - [2022-08-25 23:53:11,612] {dagbag.py:508} INFO - Filling up the DagBag from /home/airflow/.local/lib/python3.7/site-packages/airflow/example_dags/example_branch_operator_decorator.py
[2022-08-25 23:53:11,638] {processor.py:651} INFO - DAG(s) dict_keys(['example_branch_python_operator_decorator']) retrieved from /home/airflow/.local/lib/python3.7/site-packages/airflow/example_dags/example_branch_operator_decorator.py
[2022-08-25 23:53:11,679] {logging_mixin.py:115} INFO - [2022-08-25 23:53:11,679] {dag.py:2420} INFO - Sync 1 DAGs
[2022-08-25 23:53:11,731] {logging_mixin.py:115} INFO - [2022-08-25 23:53:11,731] {dag.py:2972} INFO - Setting next_dagrun for example_branch_python_operator_decorator to 2022-08-24T00:00:00+00:00, run_after=2022-08-25T00:00:00+00:00
[2022-08-25 23:53:11,748] {processor.py:161} INFO - Processing /home/airflow/.local/lib/python3.7/site-packages/airflow/example_dags/example_branch_operator_decorator.py took 0.144 seconds
[2022-08-25 23:53:42,521] {processor.py:153} INFO - Started process (PID=20314) to work on /home/airflow/.local/lib/python3.7/site-packages/airflow/example_dags/example_branch_operator_decorator.py
[2022-08-25 23:53:42,522] {processor.py:641} INFO - Processing file /home/airflow/.local/lib/python3.7/site-packages/airflow/example_dags/example_branch_operator_decorator.py for tasks to queue
[2022-08-25 23:53:42,523] {logging_mixin.py:115} INFO - [2022-08-25 23:53:42,523] {dagbag.py:508} INFO - Filling up the DagBag from /home/airflow/.local/lib/python3.7/site-packages/airflow/example_dags/example_branch_operator_decorator.py
[2022-08-25 23:53:42,554] {processor.py:651} INFO - DAG(s) dict_keys(['example_branch_python_operator_decorator']) retrieved from /home/airflow/.local/lib/python3.7/site-packages/airflow/example_dags/example_branch_operator_decorator.py
[2022-08-25 23:53:42,588] {logging_mixin.py:115} INFO - [2022-08-25 23:53:42,588] {dag.py:2420} INFO - Sync 1 DAGs
[2022-08-25 23:53:42,618] {logging_mixin.py:115} INFO - [2022-08-25 23:53:42,618] {dag.py:2972} INFO - Setting next_dagrun for example_branch_python_operator_decorator to 2022-08-24T00:00:00+00:00, run_after=2022-08-25T00:00:00+00:00
[2022-08-25 23:53:42,637] {processor.py:161} INFO - Processing /home/airflow/.local/lib/python3.7/site-packages/airflow/example_dags/example_branch_operator_decorator.py took 0.122 seconds
[2022-08-25 23:54:13,353] {processor.py:153} INFO - Started process (PID=20378) to work on /home/airflow/.local/lib/python3.7/site-packages/airflow/example_dags/example_branch_operator_decorator.py
[2022-08-25 23:54:13,355] {processor.py:641} INFO - Processing file /home/airflow/.local/lib/python3.7/site-packages/airflow/example_dags/example_branch_operator_decorator.py for tasks to queue
[2022-08-25 23:54:13,356] {logging_mixin.py:115} INFO - [2022-08-25 23:54:13,356] {dagbag.py:508} INFO - Filling up the DagBag from /home/airflow/.local/lib/python3.7/site-packages/airflow/example_dags/example_branch_operator_decorator.py
[2022-08-25 23:54:13,381] {processor.py:651} INFO - DAG(s) dict_keys(['example_branch_python_operator_decorator']) retrieved from /home/airflow/.local/lib/python3.7/site-packages/airflow/example_dags/example_branch_operator_decorator.py
[2022-08-25 23:54:13,417] {logging_mixin.py:115} INFO - [2022-08-25 23:54:13,417] {dag.py:2420} INFO - Sync 1 DAGs
[2022-08-25 23:54:13,450] {logging_mixin.py:115} INFO - [2022-08-25 23:54:13,449] {dag.py:2972} INFO - Setting next_dagrun for example_branch_python_operator_decorator to 2022-08-24T00:00:00+00:00, run_after=2022-08-25T00:00:00+00:00
[2022-08-25 23:54:13,466] {processor.py:161} INFO - Processing /home/airflow/.local/lib/python3.7/site-packages/airflow/example_dags/example_branch_operator_decorator.py took 0.118 seconds
[2022-08-25 23:54:44,111] {processor.py:153} INFO - Started process (PID=20442) to work on /home/airflow/.local/lib/python3.7/site-packages/airflow/example_dags/example_branch_operator_decorator.py
[2022-08-25 23:54:44,112] {processor.py:641} INFO - Processing file /home/airflow/.local/lib/python3.7/site-packages/airflow/example_dags/example_branch_operator_decorator.py for tasks to queue
[2022-08-25 23:54:44,114] {logging_mixin.py:115} INFO - [2022-08-25 23:54:44,113] {dagbag.py:508} INFO - Filling up the DagBag from /home/airflow/.local/lib/python3.7/site-packages/airflow/example_dags/example_branch_operator_decorator.py
[2022-08-25 23:54:44,144] {processor.py:651} INFO - DAG(s) dict_keys(['example_branch_python_operator_decorator']) retrieved from /home/airflow/.local/lib/python3.7/site-packages/airflow/example_dags/example_branch_operator_decorator.py
[2022-08-25 23:54:44,182] {logging_mixin.py:115} INFO - [2022-08-25 23:54:44,182] {dag.py:2420} INFO - Sync 1 DAGs
[2022-08-25 23:54:44,218] {logging_mixin.py:115} INFO - [2022-08-25 23:54:44,218] {dag.py:2972} INFO - Setting next_dagrun for example_branch_python_operator_decorator to 2022-08-24T00:00:00+00:00, run_after=2022-08-25T00:00:00+00:00
[2022-08-25 23:54:44,240] {processor.py:161} INFO - Processing /home/airflow/.local/lib/python3.7/site-packages/airflow/example_dags/example_branch_operator_decorator.py took 0.133 seconds
[2022-08-25 23:55:15,024] {processor.py:153} INFO - Started process (PID=20496) to work on /home/airflow/.local/lib/python3.7/site-packages/airflow/example_dags/example_branch_operator_decorator.py
[2022-08-25 23:55:15,025] {processor.py:641} INFO - Processing file /home/airflow/.local/lib/python3.7/site-packages/airflow/example_dags/example_branch_operator_decorator.py for tasks to queue
[2022-08-25 23:55:15,027] {logging_mixin.py:115} INFO - [2022-08-25 23:55:15,026] {dagbag.py:508} INFO - Filling up the DagBag from /home/airflow/.local/lib/python3.7/site-packages/airflow/example_dags/example_branch_operator_decorator.py
[2022-08-25 23:55:15,060] {processor.py:651} INFO - DAG(s) dict_keys(['example_branch_python_operator_decorator']) retrieved from /home/airflow/.local/lib/python3.7/site-packages/airflow/example_dags/example_branch_operator_decorator.py
[2022-08-25 23:55:15,101] {logging_mixin.py:115} INFO - [2022-08-25 23:55:15,101] {dag.py:2420} INFO - Sync 1 DAGs
[2022-08-25 23:55:15,145] {logging_mixin.py:115} INFO - [2022-08-25 23:55:15,145] {dag.py:2972} INFO - Setting next_dagrun for example_branch_python_operator_decorator to 2022-08-24T00:00:00+00:00, run_after=2022-08-25T00:00:00+00:00
[2022-08-25 23:55:15,164] {processor.py:161} INFO - Processing /home/airflow/.local/lib/python3.7/site-packages/airflow/example_dags/example_branch_operator_decorator.py took 0.147 seconds
[2022-08-25 23:55:45,623] {processor.py:153} INFO - Started process (PID=20559) to work on /home/airflow/.local/lib/python3.7/site-packages/airflow/example_dags/example_branch_operator_decorator.py
[2022-08-25 23:55:45,625] {processor.py:641} INFO - Processing file /home/airflow/.local/lib/python3.7/site-packages/airflow/example_dags/example_branch_operator_decorator.py for tasks to queue
[2022-08-25 23:55:45,626] {logging_mixin.py:115} INFO - [2022-08-25 23:55:45,626] {dagbag.py:508} INFO - Filling up the DagBag from /home/airflow/.local/lib/python3.7/site-packages/airflow/example_dags/example_branch_operator_decorator.py
[2022-08-25 23:55:45,659] {processor.py:651} INFO - DAG(s) dict_keys(['example_branch_python_operator_decorator']) retrieved from /home/airflow/.local/lib/python3.7/site-packages/airflow/example_dags/example_branch_operator_decorator.py
[2022-08-25 23:55:45,694] {logging_mixin.py:115} INFO - [2022-08-25 23:55:45,694] {dag.py:2420} INFO - Sync 1 DAGs
[2022-08-25 23:55:45,723] {logging_mixin.py:115} INFO - [2022-08-25 23:55:45,723] {dag.py:2972} INFO - Setting next_dagrun for example_branch_python_operator_decorator to 2022-08-24T00:00:00+00:00, run_after=2022-08-25T00:00:00+00:00
[2022-08-25 23:55:45,741] {processor.py:161} INFO - Processing /home/airflow/.local/lib/python3.7/site-packages/airflow/example_dags/example_branch_operator_decorator.py took 0.122 seconds
[2022-08-25 23:56:16,534] {processor.py:153} INFO - Started process (PID=20624) to work on /home/airflow/.local/lib/python3.7/site-packages/airflow/example_dags/example_branch_operator_decorator.py
[2022-08-25 23:56:16,535] {processor.py:641} INFO - Processing file /home/airflow/.local/lib/python3.7/site-packages/airflow/example_dags/example_branch_operator_decorator.py for tasks to queue
[2022-08-25 23:56:16,536] {logging_mixin.py:115} INFO - [2022-08-25 23:56:16,536] {dagbag.py:508} INFO - Filling up the DagBag from /home/airflow/.local/lib/python3.7/site-packages/airflow/example_dags/example_branch_operator_decorator.py
[2022-08-25 23:56:16,562] {processor.py:651} INFO - DAG(s) dict_keys(['example_branch_python_operator_decorator']) retrieved from /home/airflow/.local/lib/python3.7/site-packages/airflow/example_dags/example_branch_operator_decorator.py
[2022-08-25 23:56:16,598] {logging_mixin.py:115} INFO - [2022-08-25 23:56:16,598] {dag.py:2420} INFO - Sync 1 DAGs
[2022-08-25 23:56:16,629] {logging_mixin.py:115} INFO - [2022-08-25 23:56:16,628] {dag.py:2972} INFO - Setting next_dagrun for example_branch_python_operator_decorator to 2022-08-24T00:00:00+00:00, run_after=2022-08-25T00:00:00+00:00
[2022-08-25 23:56:16,646] {processor.py:161} INFO - Processing /home/airflow/.local/lib/python3.7/site-packages/airflow/example_dags/example_branch_operator_decorator.py took 0.117 seconds
[2022-08-25 23:56:47,379] {processor.py:153} INFO - Started process (PID=20679) to work on /home/airflow/.local/lib/python3.7/site-packages/airflow/example_dags/example_branch_operator_decorator.py
[2022-08-25 23:56:47,381] {processor.py:641} INFO - Processing file /home/airflow/.local/lib/python3.7/site-packages/airflow/example_dags/example_branch_operator_decorator.py for tasks to queue
[2022-08-25 23:56:47,382] {logging_mixin.py:115} INFO - [2022-08-25 23:56:47,382] {dagbag.py:508} INFO - Filling up the DagBag from /home/airflow/.local/lib/python3.7/site-packages/airflow/example_dags/example_branch_operator_decorator.py
[2022-08-25 23:56:47,406] {processor.py:651} INFO - DAG(s) dict_keys(['example_branch_python_operator_decorator']) retrieved from /home/airflow/.local/lib/python3.7/site-packages/airflow/example_dags/example_branch_operator_decorator.py
[2022-08-25 23:56:47,441] {logging_mixin.py:115} INFO - [2022-08-25 23:56:47,441] {dag.py:2420} INFO - Sync 1 DAGs
[2022-08-25 23:56:47,471] {logging_mixin.py:115} INFO - [2022-08-25 23:56:47,471] {dag.py:2972} INFO - Setting next_dagrun for example_branch_python_operator_decorator to 2022-08-24T00:00:00+00:00, run_after=2022-08-25T00:00:00+00:00
[2022-08-25 23:56:47,492] {processor.py:161} INFO - Processing /home/airflow/.local/lib/python3.7/site-packages/airflow/example_dags/example_branch_operator_decorator.py took 0.117 seconds
[2022-08-25 23:57:18,446] {processor.py:153} INFO - Started process (PID=20742) to work on /home/airflow/.local/lib/python3.7/site-packages/airflow/example_dags/example_branch_operator_decorator.py
[2022-08-25 23:57:18,448] {processor.py:641} INFO - Processing file /home/airflow/.local/lib/python3.7/site-packages/airflow/example_dags/example_branch_operator_decorator.py for tasks to queue
[2022-08-25 23:57:18,449] {logging_mixin.py:115} INFO - [2022-08-25 23:57:18,449] {dagbag.py:508} INFO - Filling up the DagBag from /home/airflow/.local/lib/python3.7/site-packages/airflow/example_dags/example_branch_operator_decorator.py
[2022-08-25 23:57:18,474] {processor.py:651} INFO - DAG(s) dict_keys(['example_branch_python_operator_decorator']) retrieved from /home/airflow/.local/lib/python3.7/site-packages/airflow/example_dags/example_branch_operator_decorator.py
[2022-08-25 23:57:18,518] {logging_mixin.py:115} INFO - [2022-08-25 23:57:18,518] {dag.py:2420} INFO - Sync 1 DAGs
[2022-08-25 23:57:18,552] {logging_mixin.py:115} INFO - [2022-08-25 23:57:18,551] {dag.py:2972} INFO - Setting next_dagrun for example_branch_python_operator_decorator to 2022-08-24T00:00:00+00:00, run_after=2022-08-25T00:00:00+00:00
[2022-08-25 23:57:18,570] {processor.py:161} INFO - Processing /home/airflow/.local/lib/python3.7/site-packages/airflow/example_dags/example_branch_operator_decorator.py took 0.129 seconds
[2022-08-25 23:57:49,325] {processor.py:153} INFO - Started process (PID=20806) to work on /home/airflow/.local/lib/python3.7/site-packages/airflow/example_dags/example_branch_operator_decorator.py
[2022-08-25 23:57:49,327] {processor.py:641} INFO - Processing file /home/airflow/.local/lib/python3.7/site-packages/airflow/example_dags/example_branch_operator_decorator.py for tasks to queue
[2022-08-25 23:57:49,329] {logging_mixin.py:115} INFO - [2022-08-25 23:57:49,329] {dagbag.py:508} INFO - Filling up the DagBag from /home/airflow/.local/lib/python3.7/site-packages/airflow/example_dags/example_branch_operator_decorator.py
[2022-08-25 23:57:49,354] {processor.py:651} INFO - DAG(s) dict_keys(['example_branch_python_operator_decorator']) retrieved from /home/airflow/.local/lib/python3.7/site-packages/airflow/example_dags/example_branch_operator_decorator.py
[2022-08-25 23:57:49,389] {logging_mixin.py:115} INFO - [2022-08-25 23:57:49,389] {dag.py:2420} INFO - Sync 1 DAGs
[2022-08-25 23:57:49,421] {logging_mixin.py:115} INFO - [2022-08-25 23:57:49,421] {dag.py:2972} INFO - Setting next_dagrun for example_branch_python_operator_decorator to 2022-08-24T00:00:00+00:00, run_after=2022-08-25T00:00:00+00:00
[2022-08-25 23:57:49,441] {processor.py:161} INFO - Processing /home/airflow/.local/lib/python3.7/site-packages/airflow/example_dags/example_branch_operator_decorator.py took 0.120 seconds
[2022-08-25 23:58:20,244] {processor.py:153} INFO - Started process (PID=20861) to work on /home/airflow/.local/lib/python3.7/site-packages/airflow/example_dags/example_branch_operator_decorator.py
[2022-08-25 23:58:20,245] {processor.py:641} INFO - Processing file /home/airflow/.local/lib/python3.7/site-packages/airflow/example_dags/example_branch_operator_decorator.py for tasks to queue
[2022-08-25 23:58:20,246] {logging_mixin.py:115} INFO - [2022-08-25 23:58:20,246] {dagbag.py:508} INFO - Filling up the DagBag from /home/airflow/.local/lib/python3.7/site-packages/airflow/example_dags/example_branch_operator_decorator.py
[2022-08-25 23:58:20,271] {processor.py:651} INFO - DAG(s) dict_keys(['example_branch_python_operator_decorator']) retrieved from /home/airflow/.local/lib/python3.7/site-packages/airflow/example_dags/example_branch_operator_decorator.py
[2022-08-25 23:58:20,305] {logging_mixin.py:115} INFO - [2022-08-25 23:58:20,305] {dag.py:2420} INFO - Sync 1 DAGs
[2022-08-25 23:58:20,335] {logging_mixin.py:115} INFO - [2022-08-25 23:58:20,335] {dag.py:2972} INFO - Setting next_dagrun for example_branch_python_operator_decorator to 2022-08-24T00:00:00+00:00, run_after=2022-08-25T00:00:00+00:00
[2022-08-25 23:58:20,352] {processor.py:161} INFO - Processing /home/airflow/.local/lib/python3.7/site-packages/airflow/example_dags/example_branch_operator_decorator.py took 0.114 seconds
[2022-08-25 23:58:50,899] {processor.py:153} INFO - Started process (PID=20924) to work on /home/airflow/.local/lib/python3.7/site-packages/airflow/example_dags/example_branch_operator_decorator.py
[2022-08-25 23:58:50,900] {processor.py:641} INFO - Processing file /home/airflow/.local/lib/python3.7/site-packages/airflow/example_dags/example_branch_operator_decorator.py for tasks to queue
[2022-08-25 23:58:50,902] {logging_mixin.py:115} INFO - [2022-08-25 23:58:50,901] {dagbag.py:508} INFO - Filling up the DagBag from /home/airflow/.local/lib/python3.7/site-packages/airflow/example_dags/example_branch_operator_decorator.py
[2022-08-25 23:58:50,926] {processor.py:651} INFO - DAG(s) dict_keys(['example_branch_python_operator_decorator']) retrieved from /home/airflow/.local/lib/python3.7/site-packages/airflow/example_dags/example_branch_operator_decorator.py
[2022-08-25 23:58:50,979] {logging_mixin.py:115} INFO - [2022-08-25 23:58:50,979] {dag.py:2420} INFO - Sync 1 DAGs
[2022-08-25 23:58:51,011] {logging_mixin.py:115} INFO - [2022-08-25 23:58:51,011] {dag.py:2972} INFO - Setting next_dagrun for example_branch_python_operator_decorator to 2022-08-24T00:00:00+00:00, run_after=2022-08-25T00:00:00+00:00
[2022-08-25 23:58:51,029] {processor.py:161} INFO - Processing /home/airflow/.local/lib/python3.7/site-packages/airflow/example_dags/example_branch_operator_decorator.py took 0.135 seconds
[2022-08-25 23:59:21,777] {processor.py:153} INFO - Started process (PID=20988) to work on /home/airflow/.local/lib/python3.7/site-packages/airflow/example_dags/example_branch_operator_decorator.py
[2022-08-25 23:59:21,779] {processor.py:641} INFO - Processing file /home/airflow/.local/lib/python3.7/site-packages/airflow/example_dags/example_branch_operator_decorator.py for tasks to queue
[2022-08-25 23:59:21,781] {logging_mixin.py:115} INFO - [2022-08-25 23:59:21,781] {dagbag.py:508} INFO - Filling up the DagBag from /home/airflow/.local/lib/python3.7/site-packages/airflow/example_dags/example_branch_operator_decorator.py
[2022-08-25 23:59:21,822] {processor.py:651} INFO - DAG(s) dict_keys(['example_branch_python_operator_decorator']) retrieved from /home/airflow/.local/lib/python3.7/site-packages/airflow/example_dags/example_branch_operator_decorator.py
[2022-08-25 23:59:21,872] {logging_mixin.py:115} INFO - [2022-08-25 23:59:21,871] {dag.py:2420} INFO - Sync 1 DAGs
[2022-08-25 23:59:21,904] {logging_mixin.py:115} INFO - [2022-08-25 23:59:21,904] {dag.py:2972} INFO - Setting next_dagrun for example_branch_python_operator_decorator to 2022-08-24T00:00:00+00:00, run_after=2022-08-25T00:00:00+00:00
[2022-08-25 23:59:21,919] {processor.py:161} INFO - Processing /home/airflow/.local/lib/python3.7/site-packages/airflow/example_dags/example_branch_operator_decorator.py took 0.146 seconds
[2022-08-25 23:59:52,665] {processor.py:153} INFO - Started process (PID=21043) to work on /home/airflow/.local/lib/python3.7/site-packages/airflow/example_dags/example_branch_operator_decorator.py
[2022-08-25 23:59:52,666] {processor.py:641} INFO - Processing file /home/airflow/.local/lib/python3.7/site-packages/airflow/example_dags/example_branch_operator_decorator.py for tasks to queue
[2022-08-25 23:59:52,667] {logging_mixin.py:115} INFO - [2022-08-25 23:59:52,667] {dagbag.py:508} INFO - Filling up the DagBag from /home/airflow/.local/lib/python3.7/site-packages/airflow/example_dags/example_branch_operator_decorator.py
[2022-08-25 23:59:52,691] {processor.py:651} INFO - DAG(s) dict_keys(['example_branch_python_operator_decorator']) retrieved from /home/airflow/.local/lib/python3.7/site-packages/airflow/example_dags/example_branch_operator_decorator.py
[2022-08-25 23:59:52,726] {logging_mixin.py:115} INFO - [2022-08-25 23:59:52,726] {dag.py:2420} INFO - Sync 1 DAGs
[2022-08-25 23:59:52,755] {logging_mixin.py:115} INFO - [2022-08-25 23:59:52,754] {dag.py:2972} INFO - Setting next_dagrun for example_branch_python_operator_decorator to 2022-08-24T00:00:00+00:00, run_after=2022-08-25T00:00:00+00:00
[2022-08-25 23:59:52,770] {processor.py:161} INFO - Processing /home/airflow/.local/lib/python3.7/site-packages/airflow/example_dags/example_branch_operator_decorator.py took 0.110 seconds
