[2022-08-25 00:14:49,856] {processor.py:153} INFO - Started process (PID=17149) to work on /home/airflow/.local/lib/python3.7/site-packages/airflow/example_dags/tutorial.py
[2022-08-25 00:14:49,893] {processor.py:641} INFO - Processing file /home/airflow/.local/lib/python3.7/site-packages/airflow/example_dags/tutorial.py for tasks to queue
[2022-08-25 00:14:49,931] {logging_mixin.py:115} INFO - [2022-08-25 00:14:49,930] {dagbag.py:508} INFO - Filling up the DagBag from /home/airflow/.local/lib/python3.7/site-packages/airflow/example_dags/tutorial.py
[2022-08-25 00:14:50,154] {processor.py:651} INFO - DAG(s) dict_keys(['tutorial']) retrieved from /home/airflow/.local/lib/python3.7/site-packages/airflow/example_dags/tutorial.py
[2022-08-25 00:14:51,840] {logging_mixin.py:115} INFO - [2022-08-25 00:14:51,839] {dag.py:2420} INFO - Sync 1 DAGs
[2022-08-25 00:14:52,121] {logging_mixin.py:115} INFO - [2022-08-25 00:14:52,121] {dag.py:2972} INFO - Setting next_dagrun for tutorial to 2022-08-24T00:14:52.119757+00:00, run_after=2022-08-25T00:14:52.119757+00:00
[2022-08-25 00:14:52,670] {processor.py:161} INFO - Processing /home/airflow/.local/lib/python3.7/site-packages/airflow/example_dags/tutorial.py took 2.907 seconds
[2022-08-25 03:56:25,128] {processor.py:153} INFO - Started process (PID=17266) to work on /home/airflow/.local/lib/python3.7/site-packages/airflow/example_dags/tutorial.py
[2022-08-25 03:56:25,133] {processor.py:641} INFO - Processing file /home/airflow/.local/lib/python3.7/site-packages/airflow/example_dags/tutorial.py for tasks to queue
[2022-08-25 03:56:25,137] {logging_mixin.py:115} INFO - [2022-08-25 03:56:25,137] {dagbag.py:508} INFO - Filling up the DagBag from /home/airflow/.local/lib/python3.7/site-packages/airflow/example_dags/tutorial.py
[2022-08-25 03:56:25,190] {processor.py:651} INFO - DAG(s) dict_keys(['tutorial']) retrieved from /home/airflow/.local/lib/python3.7/site-packages/airflow/example_dags/tutorial.py
[2022-08-25 03:56:25,277] {logging_mixin.py:115} INFO - [2022-08-25 03:56:25,277] {dag.py:2420} INFO - Sync 1 DAGs
[2022-08-25 03:56:25,339] {logging_mixin.py:115} INFO - [2022-08-25 03:56:25,339] {dag.py:2972} INFO - Setting next_dagrun for tutorial to 2022-08-24T03:56:25.339310+00:00, run_after=2022-08-25T03:56:25.339310+00:00
[2022-08-25 03:56:25,371] {processor.py:161} INFO - Processing /home/airflow/.local/lib/python3.7/site-packages/airflow/example_dags/tutorial.py took 0.254 seconds
[2022-08-25 13:27:26,619] {processor.py:153} INFO - Started process (PID=17348) to work on /home/airflow/.local/lib/python3.7/site-packages/airflow/example_dags/tutorial.py
[2022-08-25 13:27:26,622] {processor.py:641} INFO - Processing file /home/airflow/.local/lib/python3.7/site-packages/airflow/example_dags/tutorial.py for tasks to queue
[2022-08-25 13:27:26,629] {logging_mixin.py:115} INFO - [2022-08-25 13:27:26,628] {dagbag.py:508} INFO - Filling up the DagBag from /home/airflow/.local/lib/python3.7/site-packages/airflow/example_dags/tutorial.py
[2022-08-25 13:27:26,671] {processor.py:651} INFO - DAG(s) dict_keys(['tutorial']) retrieved from /home/airflow/.local/lib/python3.7/site-packages/airflow/example_dags/tutorial.py
[2022-08-25 13:27:26,921] {logging_mixin.py:115} INFO - [2022-08-25 13:27:26,921] {dag.py:2420} INFO - Sync 1 DAGs
[2022-08-25 13:27:27,163] {logging_mixin.py:115} INFO - [2022-08-25 13:27:27,163] {dag.py:2972} INFO - Setting next_dagrun for tutorial to 2022-08-24T13:27:27.155980+00:00, run_after=2022-08-25T13:27:27.155980+00:00
[2022-08-25 13:27:27,279] {processor.py:161} INFO - Processing /home/airflow/.local/lib/python3.7/site-packages/airflow/example_dags/tutorial.py took 0.686 seconds
[2022-08-25 22:58:50,714] {processor.py:153} INFO - Started process (PID=17405) to work on /home/airflow/.local/lib/python3.7/site-packages/airflow/example_dags/tutorial.py
[2022-08-25 22:58:50,716] {processor.py:641} INFO - Processing file /home/airflow/.local/lib/python3.7/site-packages/airflow/example_dags/tutorial.py for tasks to queue
[2022-08-25 22:58:50,717] {logging_mixin.py:115} INFO - [2022-08-25 22:58:50,717] {dagbag.py:508} INFO - Filling up the DagBag from /home/airflow/.local/lib/python3.7/site-packages/airflow/example_dags/tutorial.py
[2022-08-25 22:58:50,733] {processor.py:651} INFO - DAG(s) dict_keys(['tutorial']) retrieved from /home/airflow/.local/lib/python3.7/site-packages/airflow/example_dags/tutorial.py
[2022-08-25 22:58:50,838] {logging_mixin.py:115} INFO - [2022-08-25 22:58:50,838] {dag.py:2420} INFO - Sync 1 DAGs
[2022-08-25 22:58:50,888] {logging_mixin.py:115} INFO - [2022-08-25 22:58:50,888] {dag.py:2972} INFO - Setting next_dagrun for tutorial to 2022-08-24T22:58:50.888053+00:00, run_after=2022-08-25T22:58:50.888053+00:00
[2022-08-25 22:58:50,917] {processor.py:161} INFO - Processing /home/airflow/.local/lib/python3.7/site-packages/airflow/example_dags/tutorial.py took 0.214 seconds
[2022-08-25 23:29:40,544] {processor.py:153} INFO - Started process (PID=17454) to work on /home/airflow/.local/lib/python3.7/site-packages/airflow/example_dags/tutorial.py
[2022-08-25 23:29:40,555] {processor.py:641} INFO - Processing file /home/airflow/.local/lib/python3.7/site-packages/airflow/example_dags/tutorial.py for tasks to queue
[2022-08-25 23:29:40,563] {logging_mixin.py:115} INFO - [2022-08-25 23:29:40,563] {dagbag.py:508} INFO - Filling up the DagBag from /home/airflow/.local/lib/python3.7/site-packages/airflow/example_dags/tutorial.py
[2022-08-25 23:29:40,594] {processor.py:651} INFO - DAG(s) dict_keys(['tutorial']) retrieved from /home/airflow/.local/lib/python3.7/site-packages/airflow/example_dags/tutorial.py
[2022-08-25 23:29:40,746] {logging_mixin.py:115} INFO - [2022-08-25 23:29:40,744] {dag.py:2420} INFO - Sync 1 DAGs
[2022-08-25 23:29:40,830] {logging_mixin.py:115} INFO - [2022-08-25 23:29:40,824] {dag.py:2972} INFO - Setting next_dagrun for tutorial to 2022-08-24T23:29:40.824221+00:00, run_after=2022-08-25T23:29:40.824221+00:00
[2022-08-25 23:29:40,856] {processor.py:161} INFO - Processing /home/airflow/.local/lib/python3.7/site-packages/airflow/example_dags/tutorial.py took 0.322 seconds
[2022-08-25 23:30:11,106] {processor.py:153} INFO - Started process (PID=17509) to work on /home/airflow/.local/lib/python3.7/site-packages/airflow/example_dags/tutorial.py
[2022-08-25 23:30:11,107] {processor.py:641} INFO - Processing file /home/airflow/.local/lib/python3.7/site-packages/airflow/example_dags/tutorial.py for tasks to queue
[2022-08-25 23:30:11,108] {logging_mixin.py:115} INFO - [2022-08-25 23:30:11,108] {dagbag.py:508} INFO - Filling up the DagBag from /home/airflow/.local/lib/python3.7/site-packages/airflow/example_dags/tutorial.py
[2022-08-25 23:30:11,116] {processor.py:651} INFO - DAG(s) dict_keys(['tutorial']) retrieved from /home/airflow/.local/lib/python3.7/site-packages/airflow/example_dags/tutorial.py
[2022-08-25 23:30:11,156] {logging_mixin.py:115} INFO - [2022-08-25 23:30:11,155] {dag.py:2420} INFO - Sync 1 DAGs
[2022-08-25 23:30:11,184] {logging_mixin.py:115} INFO - [2022-08-25 23:30:11,184] {dag.py:2972} INFO - Setting next_dagrun for tutorial to 2022-08-24T23:30:11.183947+00:00, run_after=2022-08-25T23:30:11.183947+00:00
[2022-08-25 23:30:11,201] {processor.py:161} INFO - Processing /home/airflow/.local/lib/python3.7/site-packages/airflow/example_dags/tutorial.py took 0.099 seconds
[2022-08-25 23:30:41,311] {processor.py:153} INFO - Started process (PID=17574) to work on /home/airflow/.local/lib/python3.7/site-packages/airflow/example_dags/tutorial.py
[2022-08-25 23:30:41,313] {processor.py:641} INFO - Processing file /home/airflow/.local/lib/python3.7/site-packages/airflow/example_dags/tutorial.py for tasks to queue
[2022-08-25 23:30:41,315] {logging_mixin.py:115} INFO - [2022-08-25 23:30:41,315] {dagbag.py:508} INFO - Filling up the DagBag from /home/airflow/.local/lib/python3.7/site-packages/airflow/example_dags/tutorial.py
[2022-08-25 23:30:41,325] {processor.py:651} INFO - DAG(s) dict_keys(['tutorial']) retrieved from /home/airflow/.local/lib/python3.7/site-packages/airflow/example_dags/tutorial.py
[2022-08-25 23:30:41,359] {logging_mixin.py:115} INFO - [2022-08-25 23:30:41,359] {dag.py:2420} INFO - Sync 1 DAGs
[2022-08-25 23:30:41,391] {logging_mixin.py:115} INFO - [2022-08-25 23:30:41,391] {dag.py:2972} INFO - Setting next_dagrun for tutorial to 2022-08-24T23:30:41.390749+00:00, run_after=2022-08-25T23:30:41.390749+00:00
[2022-08-25 23:30:41,406] {processor.py:161} INFO - Processing /home/airflow/.local/lib/python3.7/site-packages/airflow/example_dags/tutorial.py took 0.101 seconds
[2022-08-25 23:31:12,285] {processor.py:153} INFO - Started process (PID=17638) to work on /home/airflow/.local/lib/python3.7/site-packages/airflow/example_dags/tutorial.py
[2022-08-25 23:31:12,286] {processor.py:641} INFO - Processing file /home/airflow/.local/lib/python3.7/site-packages/airflow/example_dags/tutorial.py for tasks to queue
[2022-08-25 23:31:12,287] {logging_mixin.py:115} INFO - [2022-08-25 23:31:12,287] {dagbag.py:508} INFO - Filling up the DagBag from /home/airflow/.local/lib/python3.7/site-packages/airflow/example_dags/tutorial.py
[2022-08-25 23:31:12,297] {processor.py:651} INFO - DAG(s) dict_keys(['tutorial']) retrieved from /home/airflow/.local/lib/python3.7/site-packages/airflow/example_dags/tutorial.py
[2022-08-25 23:31:12,339] {logging_mixin.py:115} INFO - [2022-08-25 23:31:12,339] {dag.py:2420} INFO - Sync 1 DAGs
[2022-08-25 23:31:12,373] {logging_mixin.py:115} INFO - [2022-08-25 23:31:12,373] {dag.py:2972} INFO - Setting next_dagrun for tutorial to 2022-08-24T23:31:12.372752+00:00, run_after=2022-08-25T23:31:12.372752+00:00
[2022-08-25 23:31:12,394] {processor.py:161} INFO - Processing /home/airflow/.local/lib/python3.7/site-packages/airflow/example_dags/tutorial.py took 0.113 seconds
[2022-08-25 23:31:42,877] {processor.py:153} INFO - Started process (PID=17693) to work on /home/airflow/.local/lib/python3.7/site-packages/airflow/example_dags/tutorial.py
[2022-08-25 23:31:42,878] {processor.py:641} INFO - Processing file /home/airflow/.local/lib/python3.7/site-packages/airflow/example_dags/tutorial.py for tasks to queue
[2022-08-25 23:31:42,879] {logging_mixin.py:115} INFO - [2022-08-25 23:31:42,879] {dagbag.py:508} INFO - Filling up the DagBag from /home/airflow/.local/lib/python3.7/site-packages/airflow/example_dags/tutorial.py
[2022-08-25 23:31:42,890] {processor.py:651} INFO - DAG(s) dict_keys(['tutorial']) retrieved from /home/airflow/.local/lib/python3.7/site-packages/airflow/example_dags/tutorial.py
[2022-08-25 23:31:42,927] {logging_mixin.py:115} INFO - [2022-08-25 23:31:42,927] {dag.py:2420} INFO - Sync 1 DAGs
[2022-08-25 23:31:42,957] {logging_mixin.py:115} INFO - [2022-08-25 23:31:42,957] {dag.py:2972} INFO - Setting next_dagrun for tutorial to 2022-08-24T23:31:42.956777+00:00, run_after=2022-08-25T23:31:42.956777+00:00
[2022-08-25 23:31:42,977] {processor.py:161} INFO - Processing /home/airflow/.local/lib/python3.7/site-packages/airflow/example_dags/tutorial.py took 0.108 seconds
[2022-08-25 23:32:13,324] {processor.py:153} INFO - Started process (PID=17757) to work on /home/airflow/.local/lib/python3.7/site-packages/airflow/example_dags/tutorial.py
[2022-08-25 23:32:13,325] {processor.py:641} INFO - Processing file /home/airflow/.local/lib/python3.7/site-packages/airflow/example_dags/tutorial.py for tasks to queue
[2022-08-25 23:32:13,326] {logging_mixin.py:115} INFO - [2022-08-25 23:32:13,326] {dagbag.py:508} INFO - Filling up the DagBag from /home/airflow/.local/lib/python3.7/site-packages/airflow/example_dags/tutorial.py
[2022-08-25 23:32:13,334] {processor.py:651} INFO - DAG(s) dict_keys(['tutorial']) retrieved from /home/airflow/.local/lib/python3.7/site-packages/airflow/example_dags/tutorial.py
[2022-08-25 23:32:13,369] {logging_mixin.py:115} INFO - [2022-08-25 23:32:13,369] {dag.py:2420} INFO - Sync 1 DAGs
[2022-08-25 23:32:13,398] {logging_mixin.py:115} INFO - [2022-08-25 23:32:13,398] {dag.py:2972} INFO - Setting next_dagrun for tutorial to 2022-08-24T23:32:13.397873+00:00, run_after=2022-08-25T23:32:13.397873+00:00
[2022-08-25 23:32:13,412] {processor.py:161} INFO - Processing /home/airflow/.local/lib/python3.7/site-packages/airflow/example_dags/tutorial.py took 0.093 seconds
[2022-08-25 23:32:43,888] {processor.py:153} INFO - Started process (PID=17821) to work on /home/airflow/.local/lib/python3.7/site-packages/airflow/example_dags/tutorial.py
[2022-08-25 23:32:43,890] {processor.py:641} INFO - Processing file /home/airflow/.local/lib/python3.7/site-packages/airflow/example_dags/tutorial.py for tasks to queue
[2022-08-25 23:32:43,891] {logging_mixin.py:115} INFO - [2022-08-25 23:32:43,891] {dagbag.py:508} INFO - Filling up the DagBag from /home/airflow/.local/lib/python3.7/site-packages/airflow/example_dags/tutorial.py
[2022-08-25 23:32:43,898] {processor.py:651} INFO - DAG(s) dict_keys(['tutorial']) retrieved from /home/airflow/.local/lib/python3.7/site-packages/airflow/example_dags/tutorial.py
[2022-08-25 23:32:43,933] {logging_mixin.py:115} INFO - [2022-08-25 23:32:43,933] {dag.py:2420} INFO - Sync 1 DAGs
[2022-08-25 23:32:43,966] {logging_mixin.py:115} INFO - [2022-08-25 23:32:43,966] {dag.py:2972} INFO - Setting next_dagrun for tutorial to 2022-08-24T23:32:43.965787+00:00, run_after=2022-08-25T23:32:43.965787+00:00
[2022-08-25 23:32:43,985] {processor.py:161} INFO - Processing /home/airflow/.local/lib/python3.7/site-packages/airflow/example_dags/tutorial.py took 0.103 seconds
[2022-08-25 23:33:14,668] {processor.py:153} INFO - Started process (PID=17876) to work on /home/airflow/.local/lib/python3.7/site-packages/airflow/example_dags/tutorial.py
[2022-08-25 23:33:14,670] {processor.py:641} INFO - Processing file /home/airflow/.local/lib/python3.7/site-packages/airflow/example_dags/tutorial.py for tasks to queue
[2022-08-25 23:33:14,671] {logging_mixin.py:115} INFO - [2022-08-25 23:33:14,671] {dagbag.py:508} INFO - Filling up the DagBag from /home/airflow/.local/lib/python3.7/site-packages/airflow/example_dags/tutorial.py
[2022-08-25 23:33:14,680] {processor.py:651} INFO - DAG(s) dict_keys(['tutorial']) retrieved from /home/airflow/.local/lib/python3.7/site-packages/airflow/example_dags/tutorial.py
[2022-08-25 23:33:14,720] {logging_mixin.py:115} INFO - [2022-08-25 23:33:14,720] {dag.py:2420} INFO - Sync 1 DAGs
[2022-08-25 23:33:14,754] {logging_mixin.py:115} INFO - [2022-08-25 23:33:14,754] {dag.py:2972} INFO - Setting next_dagrun for tutorial to 2022-08-24T23:33:14.754408+00:00, run_after=2022-08-25T23:33:14.754408+00:00
[2022-08-25 23:33:14,769] {processor.py:161} INFO - Processing /home/airflow/.local/lib/python3.7/site-packages/airflow/example_dags/tutorial.py took 0.110 seconds
[2022-08-25 23:33:45,535] {processor.py:153} INFO - Started process (PID=17940) to work on /home/airflow/.local/lib/python3.7/site-packages/airflow/example_dags/tutorial.py
[2022-08-25 23:33:45,537] {processor.py:641} INFO - Processing file /home/airflow/.local/lib/python3.7/site-packages/airflow/example_dags/tutorial.py for tasks to queue
[2022-08-25 23:33:45,544] {logging_mixin.py:115} INFO - [2022-08-25 23:33:45,543] {dagbag.py:508} INFO - Filling up the DagBag from /home/airflow/.local/lib/python3.7/site-packages/airflow/example_dags/tutorial.py
[2022-08-25 23:33:45,553] {processor.py:651} INFO - DAG(s) dict_keys(['tutorial']) retrieved from /home/airflow/.local/lib/python3.7/site-packages/airflow/example_dags/tutorial.py
[2022-08-25 23:33:45,587] {logging_mixin.py:115} INFO - [2022-08-25 23:33:45,587] {dag.py:2420} INFO - Sync 1 DAGs
[2022-08-25 23:33:45,615] {logging_mixin.py:115} INFO - [2022-08-25 23:33:45,615] {dag.py:2972} INFO - Setting next_dagrun for tutorial to 2022-08-24T23:33:45.614880+00:00, run_after=2022-08-25T23:33:45.614880+00:00
[2022-08-25 23:33:45,633] {processor.py:161} INFO - Processing /home/airflow/.local/lib/python3.7/site-packages/airflow/example_dags/tutorial.py took 0.102 seconds
[2022-08-25 23:34:16,069] {processor.py:153} INFO - Started process (PID=18004) to work on /home/airflow/.local/lib/python3.7/site-packages/airflow/example_dags/tutorial.py
[2022-08-25 23:34:16,070] {processor.py:641} INFO - Processing file /home/airflow/.local/lib/python3.7/site-packages/airflow/example_dags/tutorial.py for tasks to queue
[2022-08-25 23:34:16,071] {logging_mixin.py:115} INFO - [2022-08-25 23:34:16,071] {dagbag.py:508} INFO - Filling up the DagBag from /home/airflow/.local/lib/python3.7/site-packages/airflow/example_dags/tutorial.py
[2022-08-25 23:34:16,083] {processor.py:651} INFO - DAG(s) dict_keys(['tutorial']) retrieved from /home/airflow/.local/lib/python3.7/site-packages/airflow/example_dags/tutorial.py
[2022-08-25 23:34:16,124] {logging_mixin.py:115} INFO - [2022-08-25 23:34:16,124] {dag.py:2420} INFO - Sync 1 DAGs
[2022-08-25 23:34:16,158] {logging_mixin.py:115} INFO - [2022-08-25 23:34:16,158] {dag.py:2972} INFO - Setting next_dagrun for tutorial to 2022-08-24T23:34:16.158043+00:00, run_after=2022-08-25T23:34:16.158043+00:00
[2022-08-25 23:34:16,174] {processor.py:161} INFO - Processing /home/airflow/.local/lib/python3.7/site-packages/airflow/example_dags/tutorial.py took 0.112 seconds
[2022-08-25 23:34:46,965] {processor.py:153} INFO - Started process (PID=18059) to work on /home/airflow/.local/lib/python3.7/site-packages/airflow/example_dags/tutorial.py
[2022-08-25 23:34:46,966] {processor.py:641} INFO - Processing file /home/airflow/.local/lib/python3.7/site-packages/airflow/example_dags/tutorial.py for tasks to queue
[2022-08-25 23:34:46,968] {logging_mixin.py:115} INFO - [2022-08-25 23:34:46,968] {dagbag.py:508} INFO - Filling up the DagBag from /home/airflow/.local/lib/python3.7/site-packages/airflow/example_dags/tutorial.py
[2022-08-25 23:34:46,977] {processor.py:651} INFO - DAG(s) dict_keys(['tutorial']) retrieved from /home/airflow/.local/lib/python3.7/site-packages/airflow/example_dags/tutorial.py
[2022-08-25 23:34:47,017] {logging_mixin.py:115} INFO - [2022-08-25 23:34:47,017] {dag.py:2420} INFO - Sync 1 DAGs
[2022-08-25 23:34:47,047] {logging_mixin.py:115} INFO - [2022-08-25 23:34:47,047] {dag.py:2972} INFO - Setting next_dagrun for tutorial to 2022-08-24T23:34:47.047365+00:00, run_after=2022-08-25T23:34:47.047365+00:00
[2022-08-25 23:34:47,066] {processor.py:161} INFO - Processing /home/airflow/.local/lib/python3.7/site-packages/airflow/example_dags/tutorial.py took 0.106 seconds
[2022-08-25 23:35:17,725] {processor.py:153} INFO - Started process (PID=18123) to work on /home/airflow/.local/lib/python3.7/site-packages/airflow/example_dags/tutorial.py
[2022-08-25 23:35:17,726] {processor.py:641} INFO - Processing file /home/airflow/.local/lib/python3.7/site-packages/airflow/example_dags/tutorial.py for tasks to queue
[2022-08-25 23:35:17,727] {logging_mixin.py:115} INFO - [2022-08-25 23:35:17,727] {dagbag.py:508} INFO - Filling up the DagBag from /home/airflow/.local/lib/python3.7/site-packages/airflow/example_dags/tutorial.py
[2022-08-25 23:35:17,735] {processor.py:651} INFO - DAG(s) dict_keys(['tutorial']) retrieved from /home/airflow/.local/lib/python3.7/site-packages/airflow/example_dags/tutorial.py
[2022-08-25 23:35:17,768] {logging_mixin.py:115} INFO - [2022-08-25 23:35:17,768] {dag.py:2420} INFO - Sync 1 DAGs
[2022-08-25 23:35:17,796] {logging_mixin.py:115} INFO - [2022-08-25 23:35:17,796] {dag.py:2972} INFO - Setting next_dagrun for tutorial to 2022-08-24T23:35:17.795824+00:00, run_after=2022-08-25T23:35:17.795824+00:00
[2022-08-25 23:35:17,813] {processor.py:161} INFO - Processing /home/airflow/.local/lib/python3.7/site-packages/airflow/example_dags/tutorial.py took 0.092 seconds
[2022-08-25 23:35:48,424] {processor.py:153} INFO - Started process (PID=18188) to work on /home/airflow/.local/lib/python3.7/site-packages/airflow/example_dags/tutorial.py
[2022-08-25 23:35:48,425] {processor.py:641} INFO - Processing file /home/airflow/.local/lib/python3.7/site-packages/airflow/example_dags/tutorial.py for tasks to queue
[2022-08-25 23:35:48,426] {logging_mixin.py:115} INFO - [2022-08-25 23:35:48,426] {dagbag.py:508} INFO - Filling up the DagBag from /home/airflow/.local/lib/python3.7/site-packages/airflow/example_dags/tutorial.py
[2022-08-25 23:35:48,434] {processor.py:651} INFO - DAG(s) dict_keys(['tutorial']) retrieved from /home/airflow/.local/lib/python3.7/site-packages/airflow/example_dags/tutorial.py
[2022-08-25 23:35:48,468] {logging_mixin.py:115} INFO - [2022-08-25 23:35:48,468] {dag.py:2420} INFO - Sync 1 DAGs
[2022-08-25 23:35:48,498] {logging_mixin.py:115} INFO - [2022-08-25 23:35:48,498] {dag.py:2972} INFO - Setting next_dagrun for tutorial to 2022-08-24T23:35:48.498302+00:00, run_after=2022-08-25T23:35:48.498302+00:00
[2022-08-25 23:35:48,514] {processor.py:161} INFO - Processing /home/airflow/.local/lib/python3.7/site-packages/airflow/example_dags/tutorial.py took 0.095 seconds
[2022-08-25 23:36:19,061] {processor.py:153} INFO - Started process (PID=18243) to work on /home/airflow/.local/lib/python3.7/site-packages/airflow/example_dags/tutorial.py
[2022-08-25 23:36:19,062] {processor.py:641} INFO - Processing file /home/airflow/.local/lib/python3.7/site-packages/airflow/example_dags/tutorial.py for tasks to queue
[2022-08-25 23:36:19,064] {logging_mixin.py:115} INFO - [2022-08-25 23:36:19,064] {dagbag.py:508} INFO - Filling up the DagBag from /home/airflow/.local/lib/python3.7/site-packages/airflow/example_dags/tutorial.py
[2022-08-25 23:36:19,072] {processor.py:651} INFO - DAG(s) dict_keys(['tutorial']) retrieved from /home/airflow/.local/lib/python3.7/site-packages/airflow/example_dags/tutorial.py
[2022-08-25 23:36:19,113] {logging_mixin.py:115} INFO - [2022-08-25 23:36:19,113] {dag.py:2420} INFO - Sync 1 DAGs
[2022-08-25 23:36:19,145] {logging_mixin.py:115} INFO - [2022-08-25 23:36:19,144] {dag.py:2972} INFO - Setting next_dagrun for tutorial to 2022-08-24T23:36:19.144528+00:00, run_after=2022-08-25T23:36:19.144528+00:00
[2022-08-25 23:36:19,162] {processor.py:161} INFO - Processing /home/airflow/.local/lib/python3.7/site-packages/airflow/example_dags/tutorial.py took 0.105 seconds
[2022-08-25 23:36:49,636] {processor.py:153} INFO - Started process (PID=18308) to work on /home/airflow/.local/lib/python3.7/site-packages/airflow/example_dags/tutorial.py
[2022-08-25 23:36:49,638] {processor.py:641} INFO - Processing file /home/airflow/.local/lib/python3.7/site-packages/airflow/example_dags/tutorial.py for tasks to queue
[2022-08-25 23:36:49,639] {logging_mixin.py:115} INFO - [2022-08-25 23:36:49,639] {dagbag.py:508} INFO - Filling up the DagBag from /home/airflow/.local/lib/python3.7/site-packages/airflow/example_dags/tutorial.py
[2022-08-25 23:36:49,647] {processor.py:651} INFO - DAG(s) dict_keys(['tutorial']) retrieved from /home/airflow/.local/lib/python3.7/site-packages/airflow/example_dags/tutorial.py
[2022-08-25 23:36:49,683] {logging_mixin.py:115} INFO - [2022-08-25 23:36:49,683] {dag.py:2420} INFO - Sync 1 DAGs
[2022-08-25 23:36:49,711] {logging_mixin.py:115} INFO - [2022-08-25 23:36:49,711] {dag.py:2972} INFO - Setting next_dagrun for tutorial to 2022-08-24T23:36:49.711051+00:00, run_after=2022-08-25T23:36:49.711051+00:00
[2022-08-25 23:36:49,738] {processor.py:161} INFO - Processing /home/airflow/.local/lib/python3.7/site-packages/airflow/example_dags/tutorial.py took 0.106 seconds
[2022-08-25 23:37:20,556] {processor.py:153} INFO - Started process (PID=18372) to work on /home/airflow/.local/lib/python3.7/site-packages/airflow/example_dags/tutorial.py
[2022-08-25 23:37:20,557] {processor.py:641} INFO - Processing file /home/airflow/.local/lib/python3.7/site-packages/airflow/example_dags/tutorial.py for tasks to queue
[2022-08-25 23:37:20,558] {logging_mixin.py:115} INFO - [2022-08-25 23:37:20,558] {dagbag.py:508} INFO - Filling up the DagBag from /home/airflow/.local/lib/python3.7/site-packages/airflow/example_dags/tutorial.py
[2022-08-25 23:37:20,567] {processor.py:651} INFO - DAG(s) dict_keys(['tutorial']) retrieved from /home/airflow/.local/lib/python3.7/site-packages/airflow/example_dags/tutorial.py
[2022-08-25 23:37:20,600] {logging_mixin.py:115} INFO - [2022-08-25 23:37:20,600] {dag.py:2420} INFO - Sync 1 DAGs
[2022-08-25 23:37:20,629] {logging_mixin.py:115} INFO - [2022-08-25 23:37:20,629] {dag.py:2972} INFO - Setting next_dagrun for tutorial to 2022-08-24T23:37:20.628845+00:00, run_after=2022-08-25T23:37:20.628845+00:00
[2022-08-25 23:37:20,643] {processor.py:161} INFO - Processing /home/airflow/.local/lib/python3.7/site-packages/airflow/example_dags/tutorial.py took 0.092 seconds
[2022-08-25 23:37:51,136] {processor.py:153} INFO - Started process (PID=18427) to work on /home/airflow/.local/lib/python3.7/site-packages/airflow/example_dags/tutorial.py
[2022-08-25 23:37:51,138] {processor.py:641} INFO - Processing file /home/airflow/.local/lib/python3.7/site-packages/airflow/example_dags/tutorial.py for tasks to queue
[2022-08-25 23:37:51,139] {logging_mixin.py:115} INFO - [2022-08-25 23:37:51,139] {dagbag.py:508} INFO - Filling up the DagBag from /home/airflow/.local/lib/python3.7/site-packages/airflow/example_dags/tutorial.py
[2022-08-25 23:37:51,148] {processor.py:651} INFO - DAG(s) dict_keys(['tutorial']) retrieved from /home/airflow/.local/lib/python3.7/site-packages/airflow/example_dags/tutorial.py
[2022-08-25 23:37:51,187] {logging_mixin.py:115} INFO - [2022-08-25 23:37:51,187] {dag.py:2420} INFO - Sync 1 DAGs
[2022-08-25 23:37:51,227] {logging_mixin.py:115} INFO - [2022-08-25 23:37:51,227] {dag.py:2972} INFO - Setting next_dagrun for tutorial to 2022-08-24T23:37:51.226774+00:00, run_after=2022-08-25T23:37:51.226774+00:00
[2022-08-25 23:37:51,256] {processor.py:161} INFO - Processing /home/airflow/.local/lib/python3.7/site-packages/airflow/example_dags/tutorial.py took 0.125 seconds
[2022-08-25 23:38:22,123] {processor.py:153} INFO - Started process (PID=18492) to work on /home/airflow/.local/lib/python3.7/site-packages/airflow/example_dags/tutorial.py
[2022-08-25 23:38:22,125] {processor.py:641} INFO - Processing file /home/airflow/.local/lib/python3.7/site-packages/airflow/example_dags/tutorial.py for tasks to queue
[2022-08-25 23:38:22,126] {logging_mixin.py:115} INFO - [2022-08-25 23:38:22,126] {dagbag.py:508} INFO - Filling up the DagBag from /home/airflow/.local/lib/python3.7/site-packages/airflow/example_dags/tutorial.py
[2022-08-25 23:38:22,138] {processor.py:651} INFO - DAG(s) dict_keys(['tutorial']) retrieved from /home/airflow/.local/lib/python3.7/site-packages/airflow/example_dags/tutorial.py
[2022-08-25 23:38:22,174] {logging_mixin.py:115} INFO - [2022-08-25 23:38:22,174] {dag.py:2420} INFO - Sync 1 DAGs
[2022-08-25 23:38:22,208] {logging_mixin.py:115} INFO - [2022-08-25 23:38:22,207] {dag.py:2972} INFO - Setting next_dagrun for tutorial to 2022-08-24T23:38:22.207630+00:00, run_after=2022-08-25T23:38:22.207630+00:00
[2022-08-25 23:38:22,222] {processor.py:161} INFO - Processing /home/airflow/.local/lib/python3.7/site-packages/airflow/example_dags/tutorial.py took 0.112 seconds
[2022-08-25 23:38:52,733] {processor.py:153} INFO - Started process (PID=18556) to work on /home/airflow/.local/lib/python3.7/site-packages/airflow/example_dags/tutorial.py
[2022-08-25 23:38:52,738] {processor.py:641} INFO - Processing file /home/airflow/.local/lib/python3.7/site-packages/airflow/example_dags/tutorial.py for tasks to queue
[2022-08-25 23:38:52,740] {logging_mixin.py:115} INFO - [2022-08-25 23:38:52,739] {dagbag.py:508} INFO - Filling up the DagBag from /home/airflow/.local/lib/python3.7/site-packages/airflow/example_dags/tutorial.py
[2022-08-25 23:38:52,780] {processor.py:651} INFO - DAG(s) dict_keys(['tutorial']) retrieved from /home/airflow/.local/lib/python3.7/site-packages/airflow/example_dags/tutorial.py
[2022-08-25 23:38:52,861] {logging_mixin.py:115} INFO - [2022-08-25 23:38:52,861] {dag.py:2420} INFO - Sync 1 DAGs
[2022-08-25 23:38:52,930] {logging_mixin.py:115} INFO - [2022-08-25 23:38:52,930] {dag.py:2972} INFO - Setting next_dagrun for tutorial to 2022-08-24T23:38:52.929732+00:00, run_after=2022-08-25T23:38:52.929732+00:00
[2022-08-25 23:38:52,962] {processor.py:161} INFO - Processing /home/airflow/.local/lib/python3.7/site-packages/airflow/example_dags/tutorial.py took 0.240 seconds
[2022-08-25 23:39:24,064] {processor.py:153} INFO - Started process (PID=18612) to work on /home/airflow/.local/lib/python3.7/site-packages/airflow/example_dags/tutorial.py
[2022-08-25 23:39:24,067] {processor.py:641} INFO - Processing file /home/airflow/.local/lib/python3.7/site-packages/airflow/example_dags/tutorial.py for tasks to queue
[2022-08-25 23:39:24,070] {logging_mixin.py:115} INFO - [2022-08-25 23:39:24,070] {dagbag.py:508} INFO - Filling up the DagBag from /home/airflow/.local/lib/python3.7/site-packages/airflow/example_dags/tutorial.py
[2022-08-25 23:39:24,087] {processor.py:651} INFO - DAG(s) dict_keys(['tutorial']) retrieved from /home/airflow/.local/lib/python3.7/site-packages/airflow/example_dags/tutorial.py
[2022-08-25 23:39:24,168] {logging_mixin.py:115} INFO - [2022-08-25 23:39:24,168] {dag.py:2420} INFO - Sync 1 DAGs
[2022-08-25 23:39:24,246] {logging_mixin.py:115} INFO - [2022-08-25 23:39:24,246] {dag.py:2972} INFO - Setting next_dagrun for tutorial to 2022-08-24T23:39:24.246025+00:00, run_after=2022-08-25T23:39:24.246025+00:00
[2022-08-25 23:39:24,282] {processor.py:161} INFO - Processing /home/airflow/.local/lib/python3.7/site-packages/airflow/example_dags/tutorial.py took 0.231 seconds
[2022-08-25 23:39:54,808] {processor.py:153} INFO - Started process (PID=18678) to work on /home/airflow/.local/lib/python3.7/site-packages/airflow/example_dags/tutorial.py
[2022-08-25 23:39:54,810] {processor.py:641} INFO - Processing file /home/airflow/.local/lib/python3.7/site-packages/airflow/example_dags/tutorial.py for tasks to queue
[2022-08-25 23:39:54,811] {logging_mixin.py:115} INFO - [2022-08-25 23:39:54,811] {dagbag.py:508} INFO - Filling up the DagBag from /home/airflow/.local/lib/python3.7/site-packages/airflow/example_dags/tutorial.py
[2022-08-25 23:39:54,820] {processor.py:651} INFO - DAG(s) dict_keys(['tutorial']) retrieved from /home/airflow/.local/lib/python3.7/site-packages/airflow/example_dags/tutorial.py
[2022-08-25 23:39:54,856] {logging_mixin.py:115} INFO - [2022-08-25 23:39:54,856] {dag.py:2420} INFO - Sync 1 DAGs
[2022-08-25 23:39:54,891] {logging_mixin.py:115} INFO - [2022-08-25 23:39:54,891] {dag.py:2972} INFO - Setting next_dagrun for tutorial to 2022-08-24T23:39:54.890884+00:00, run_after=2022-08-25T23:39:54.890884+00:00
[2022-08-25 23:39:54,912] {processor.py:161} INFO - Processing /home/airflow/.local/lib/python3.7/site-packages/airflow/example_dags/tutorial.py took 0.109 seconds
[2022-08-25 23:40:25,310] {processor.py:153} INFO - Started process (PID=18733) to work on /home/airflow/.local/lib/python3.7/site-packages/airflow/example_dags/tutorial.py
[2022-08-25 23:40:25,311] {processor.py:641} INFO - Processing file /home/airflow/.local/lib/python3.7/site-packages/airflow/example_dags/tutorial.py for tasks to queue
[2022-08-25 23:40:25,312] {logging_mixin.py:115} INFO - [2022-08-25 23:40:25,312] {dagbag.py:508} INFO - Filling up the DagBag from /home/airflow/.local/lib/python3.7/site-packages/airflow/example_dags/tutorial.py
[2022-08-25 23:40:25,320] {processor.py:651} INFO - DAG(s) dict_keys(['tutorial']) retrieved from /home/airflow/.local/lib/python3.7/site-packages/airflow/example_dags/tutorial.py
[2022-08-25 23:40:25,374] {logging_mixin.py:115} INFO - [2022-08-25 23:40:25,373] {dag.py:2420} INFO - Sync 1 DAGs
[2022-08-25 23:40:25,404] {logging_mixin.py:115} INFO - [2022-08-25 23:40:25,403] {dag.py:2972} INFO - Setting next_dagrun for tutorial to 2022-08-24T23:40:25.403591+00:00, run_after=2022-08-25T23:40:25.403591+00:00
[2022-08-25 23:40:25,424] {processor.py:161} INFO - Processing /home/airflow/.local/lib/python3.7/site-packages/airflow/example_dags/tutorial.py took 0.119 seconds
[2022-08-25 23:40:55,698] {processor.py:153} INFO - Started process (PID=18797) to work on /home/airflow/.local/lib/python3.7/site-packages/airflow/example_dags/tutorial.py
[2022-08-25 23:40:55,699] {processor.py:641} INFO - Processing file /home/airflow/.local/lib/python3.7/site-packages/airflow/example_dags/tutorial.py for tasks to queue
[2022-08-25 23:40:55,700] {logging_mixin.py:115} INFO - [2022-08-25 23:40:55,700] {dagbag.py:508} INFO - Filling up the DagBag from /home/airflow/.local/lib/python3.7/site-packages/airflow/example_dags/tutorial.py
[2022-08-25 23:40:55,710] {processor.py:651} INFO - DAG(s) dict_keys(['tutorial']) retrieved from /home/airflow/.local/lib/python3.7/site-packages/airflow/example_dags/tutorial.py
[2022-08-25 23:40:55,753] {logging_mixin.py:115} INFO - [2022-08-25 23:40:55,753] {dag.py:2420} INFO - Sync 1 DAGs
[2022-08-25 23:40:55,787] {logging_mixin.py:115} INFO - [2022-08-25 23:40:55,787] {dag.py:2972} INFO - Setting next_dagrun for tutorial to 2022-08-24T23:40:55.787143+00:00, run_after=2022-08-25T23:40:55.787143+00:00
[2022-08-25 23:40:55,801] {processor.py:161} INFO - Processing /home/airflow/.local/lib/python3.7/site-packages/airflow/example_dags/tutorial.py took 0.109 seconds
[2022-08-25 23:41:26,184] {processor.py:153} INFO - Started process (PID=18852) to work on /home/airflow/.local/lib/python3.7/site-packages/airflow/example_dags/tutorial.py
[2022-08-25 23:41:26,185] {processor.py:641} INFO - Processing file /home/airflow/.local/lib/python3.7/site-packages/airflow/example_dags/tutorial.py for tasks to queue
[2022-08-25 23:41:26,186] {logging_mixin.py:115} INFO - [2022-08-25 23:41:26,186] {dagbag.py:508} INFO - Filling up the DagBag from /home/airflow/.local/lib/python3.7/site-packages/airflow/example_dags/tutorial.py
[2022-08-25 23:41:26,195] {processor.py:651} INFO - DAG(s) dict_keys(['tutorial']) retrieved from /home/airflow/.local/lib/python3.7/site-packages/airflow/example_dags/tutorial.py
[2022-08-25 23:41:26,232] {logging_mixin.py:115} INFO - [2022-08-25 23:41:26,231] {dag.py:2420} INFO - Sync 1 DAGs
[2022-08-25 23:41:26,263] {logging_mixin.py:115} INFO - [2022-08-25 23:41:26,263] {dag.py:2972} INFO - Setting next_dagrun for tutorial to 2022-08-24T23:41:26.263145+00:00, run_after=2022-08-25T23:41:26.263145+00:00
[2022-08-25 23:41:26,281] {processor.py:161} INFO - Processing /home/airflow/.local/lib/python3.7/site-packages/airflow/example_dags/tutorial.py took 0.102 seconds
[2022-08-25 23:41:58,001] {processor.py:153} INFO - Started process (PID=18916) to work on /home/airflow/.local/lib/python3.7/site-packages/airflow/example_dags/tutorial.py
[2022-08-25 23:41:58,003] {processor.py:641} INFO - Processing file /home/airflow/.local/lib/python3.7/site-packages/airflow/example_dags/tutorial.py for tasks to queue
[2022-08-25 23:41:58,004] {logging_mixin.py:115} INFO - [2022-08-25 23:41:58,004] {dagbag.py:508} INFO - Filling up the DagBag from /home/airflow/.local/lib/python3.7/site-packages/airflow/example_dags/tutorial.py
[2022-08-25 23:41:58,012] {processor.py:651} INFO - DAG(s) dict_keys(['tutorial']) retrieved from /home/airflow/.local/lib/python3.7/site-packages/airflow/example_dags/tutorial.py
[2022-08-25 23:41:58,053] {logging_mixin.py:115} INFO - [2022-08-25 23:41:58,053] {dag.py:2420} INFO - Sync 1 DAGs
[2022-08-25 23:41:58,086] {logging_mixin.py:115} INFO - [2022-08-25 23:41:58,086] {dag.py:2972} INFO - Setting next_dagrun for tutorial to 2022-08-24T23:41:58.086092+00:00, run_after=2022-08-25T23:41:58.086092+00:00
[2022-08-25 23:41:58,104] {processor.py:161} INFO - Processing /home/airflow/.local/lib/python3.7/site-packages/airflow/example_dags/tutorial.py took 0.108 seconds
[2022-08-25 23:42:28,348] {processor.py:153} INFO - Started process (PID=18980) to work on /home/airflow/.local/lib/python3.7/site-packages/airflow/example_dags/tutorial.py
[2022-08-25 23:42:28,349] {processor.py:641} INFO - Processing file /home/airflow/.local/lib/python3.7/site-packages/airflow/example_dags/tutorial.py for tasks to queue
[2022-08-25 23:42:28,351] {logging_mixin.py:115} INFO - [2022-08-25 23:42:28,351] {dagbag.py:508} INFO - Filling up the DagBag from /home/airflow/.local/lib/python3.7/site-packages/airflow/example_dags/tutorial.py
[2022-08-25 23:42:28,359] {processor.py:651} INFO - DAG(s) dict_keys(['tutorial']) retrieved from /home/airflow/.local/lib/python3.7/site-packages/airflow/example_dags/tutorial.py
[2022-08-25 23:42:28,382] {logging_mixin.py:115} INFO - [2022-08-25 23:42:28,382] {dag.py:2420} INFO - Sync 1 DAGs
[2022-08-25 23:42:28,420] {logging_mixin.py:115} INFO - [2022-08-25 23:42:28,420] {dag.py:2972} INFO - Setting next_dagrun for tutorial to 2022-08-24T23:42:28.420053+00:00, run_after=2022-08-25T23:42:28.420053+00:00
[2022-08-25 23:42:28,443] {processor.py:161} INFO - Processing /home/airflow/.local/lib/python3.7/site-packages/airflow/example_dags/tutorial.py took 0.127 seconds
[2022-08-25 23:42:58,761] {processor.py:153} INFO - Started process (PID=19035) to work on /home/airflow/.local/lib/python3.7/site-packages/airflow/example_dags/tutorial.py
[2022-08-25 23:42:58,763] {processor.py:641} INFO - Processing file /home/airflow/.local/lib/python3.7/site-packages/airflow/example_dags/tutorial.py for tasks to queue
[2022-08-25 23:42:58,764] {logging_mixin.py:115} INFO - [2022-08-25 23:42:58,764] {dagbag.py:508} INFO - Filling up the DagBag from /home/airflow/.local/lib/python3.7/site-packages/airflow/example_dags/tutorial.py
[2022-08-25 23:42:58,772] {processor.py:651} INFO - DAG(s) dict_keys(['tutorial']) retrieved from /home/airflow/.local/lib/python3.7/site-packages/airflow/example_dags/tutorial.py
[2022-08-25 23:42:58,819] {logging_mixin.py:115} INFO - [2022-08-25 23:42:58,819] {dag.py:2420} INFO - Sync 1 DAGs
[2022-08-25 23:42:58,851] {logging_mixin.py:115} INFO - [2022-08-25 23:42:58,851] {dag.py:2972} INFO - Setting next_dagrun for tutorial to 2022-08-24T23:42:58.851501+00:00, run_after=2022-08-25T23:42:58.851501+00:00
[2022-08-25 23:42:58,872] {processor.py:161} INFO - Processing /home/airflow/.local/lib/python3.7/site-packages/airflow/example_dags/tutorial.py took 0.116 seconds
[2022-08-25 23:43:28,972] {processor.py:153} INFO - Started process (PID=19100) to work on /home/airflow/.local/lib/python3.7/site-packages/airflow/example_dags/tutorial.py
[2022-08-25 23:43:28,973] {processor.py:641} INFO - Processing file /home/airflow/.local/lib/python3.7/site-packages/airflow/example_dags/tutorial.py for tasks to queue
[2022-08-25 23:43:28,975] {logging_mixin.py:115} INFO - [2022-08-25 23:43:28,975] {dagbag.py:508} INFO - Filling up the DagBag from /home/airflow/.local/lib/python3.7/site-packages/airflow/example_dags/tutorial.py
[2022-08-25 23:43:28,984] {processor.py:651} INFO - DAG(s) dict_keys(['tutorial']) retrieved from /home/airflow/.local/lib/python3.7/site-packages/airflow/example_dags/tutorial.py
[2022-08-25 23:43:29,025] {logging_mixin.py:115} INFO - [2022-08-25 23:43:29,025] {dag.py:2420} INFO - Sync 1 DAGs
[2022-08-25 23:43:29,056] {logging_mixin.py:115} INFO - [2022-08-25 23:43:29,055] {dag.py:2972} INFO - Setting next_dagrun for tutorial to 2022-08-24T23:43:29.055556+00:00, run_after=2022-08-25T23:43:29.055556+00:00
[2022-08-25 23:43:29,074] {processor.py:161} INFO - Processing /home/airflow/.local/lib/python3.7/site-packages/airflow/example_dags/tutorial.py took 0.107 seconds
[2022-08-25 23:43:59,711] {processor.py:153} INFO - Started process (PID=19162) to work on /home/airflow/.local/lib/python3.7/site-packages/airflow/example_dags/tutorial.py
[2022-08-25 23:43:59,712] {processor.py:641} INFO - Processing file /home/airflow/.local/lib/python3.7/site-packages/airflow/example_dags/tutorial.py for tasks to queue
[2022-08-25 23:43:59,713] {logging_mixin.py:115} INFO - [2022-08-25 23:43:59,713] {dagbag.py:508} INFO - Filling up the DagBag from /home/airflow/.local/lib/python3.7/site-packages/airflow/example_dags/tutorial.py
[2022-08-25 23:43:59,730] {processor.py:651} INFO - DAG(s) dict_keys(['tutorial']) retrieved from /home/airflow/.local/lib/python3.7/site-packages/airflow/example_dags/tutorial.py
[2022-08-25 23:43:59,772] {logging_mixin.py:115} INFO - [2022-08-25 23:43:59,772] {dag.py:2420} INFO - Sync 1 DAGs
[2022-08-25 23:43:59,808] {logging_mixin.py:115} INFO - [2022-08-25 23:43:59,808] {dag.py:2972} INFO - Setting next_dagrun for tutorial to 2022-08-24T23:43:59.808200+00:00, run_after=2022-08-25T23:43:59.808200+00:00
[2022-08-25 23:43:59,829] {processor.py:161} INFO - Processing /home/airflow/.local/lib/python3.7/site-packages/airflow/example_dags/tutorial.py took 0.129 seconds
[2022-08-25 23:44:29,914] {processor.py:153} INFO - Started process (PID=19220) to work on /home/airflow/.local/lib/python3.7/site-packages/airflow/example_dags/tutorial.py
[2022-08-25 23:44:29,919] {processor.py:641} INFO - Processing file /home/airflow/.local/lib/python3.7/site-packages/airflow/example_dags/tutorial.py for tasks to queue
[2022-08-25 23:44:29,922] {logging_mixin.py:115} INFO - [2022-08-25 23:44:29,922] {dagbag.py:508} INFO - Filling up the DagBag from /home/airflow/.local/lib/python3.7/site-packages/airflow/example_dags/tutorial.py
[2022-08-25 23:44:29,938] {processor.py:651} INFO - DAG(s) dict_keys(['tutorial']) retrieved from /home/airflow/.local/lib/python3.7/site-packages/airflow/example_dags/tutorial.py
[2022-08-25 23:44:29,974] {logging_mixin.py:115} INFO - [2022-08-25 23:44:29,974] {dag.py:2420} INFO - Sync 1 DAGs
[2022-08-25 23:44:30,017] {logging_mixin.py:115} INFO - [2022-08-25 23:44:30,017] {dag.py:2972} INFO - Setting next_dagrun for tutorial to 2022-08-24T23:44:30.016573+00:00, run_after=2022-08-25T23:44:30.016573+00:00
[2022-08-25 23:44:30,039] {processor.py:161} INFO - Processing /home/airflow/.local/lib/python3.7/site-packages/airflow/example_dags/tutorial.py took 0.131 seconds
[2022-08-25 23:45:00,437] {processor.py:153} INFO - Started process (PID=19285) to work on /home/airflow/.local/lib/python3.7/site-packages/airflow/example_dags/tutorial.py
[2022-08-25 23:45:00,439] {processor.py:641} INFO - Processing file /home/airflow/.local/lib/python3.7/site-packages/airflow/example_dags/tutorial.py for tasks to queue
[2022-08-25 23:45:00,440] {logging_mixin.py:115} INFO - [2022-08-25 23:45:00,440] {dagbag.py:508} INFO - Filling up the DagBag from /home/airflow/.local/lib/python3.7/site-packages/airflow/example_dags/tutorial.py
[2022-08-25 23:45:00,449] {processor.py:651} INFO - DAG(s) dict_keys(['tutorial']) retrieved from /home/airflow/.local/lib/python3.7/site-packages/airflow/example_dags/tutorial.py
[2022-08-25 23:45:00,486] {logging_mixin.py:115} INFO - [2022-08-25 23:45:00,486] {dag.py:2420} INFO - Sync 1 DAGs
[2022-08-25 23:45:00,514] {logging_mixin.py:115} INFO - [2022-08-25 23:45:00,514] {dag.py:2972} INFO - Setting next_dagrun for tutorial to 2022-08-24T23:45:00.513889+00:00, run_after=2022-08-25T23:45:00.513889+00:00
[2022-08-25 23:45:00,533] {processor.py:161} INFO - Processing /home/airflow/.local/lib/python3.7/site-packages/airflow/example_dags/tutorial.py took 0.100 seconds
[2022-08-25 23:45:30,926] {processor.py:153} INFO - Started process (PID=19340) to work on /home/airflow/.local/lib/python3.7/site-packages/airflow/example_dags/tutorial.py
[2022-08-25 23:45:30,928] {processor.py:641} INFO - Processing file /home/airflow/.local/lib/python3.7/site-packages/airflow/example_dags/tutorial.py for tasks to queue
[2022-08-25 23:45:30,930] {logging_mixin.py:115} INFO - [2022-08-25 23:45:30,930] {dagbag.py:508} INFO - Filling up the DagBag from /home/airflow/.local/lib/python3.7/site-packages/airflow/example_dags/tutorial.py
[2022-08-25 23:45:30,943] {processor.py:651} INFO - DAG(s) dict_keys(['tutorial']) retrieved from /home/airflow/.local/lib/python3.7/site-packages/airflow/example_dags/tutorial.py
[2022-08-25 23:45:30,987] {logging_mixin.py:115} INFO - [2022-08-25 23:45:30,987] {dag.py:2420} INFO - Sync 1 DAGs
[2022-08-25 23:45:31,035] {logging_mixin.py:115} INFO - [2022-08-25 23:45:31,034] {dag.py:2972} INFO - Setting next_dagrun for tutorial to 2022-08-24T23:45:31.033847+00:00, run_after=2022-08-25T23:45:31.033847+00:00
[2022-08-25 23:45:31,076] {processor.py:161} INFO - Processing /home/airflow/.local/lib/python3.7/site-packages/airflow/example_dags/tutorial.py took 0.159 seconds
[2022-08-25 23:46:01,438] {processor.py:153} INFO - Started process (PID=19405) to work on /home/airflow/.local/lib/python3.7/site-packages/airflow/example_dags/tutorial.py
[2022-08-25 23:46:01,440] {processor.py:641} INFO - Processing file /home/airflow/.local/lib/python3.7/site-packages/airflow/example_dags/tutorial.py for tasks to queue
[2022-08-25 23:46:01,441] {logging_mixin.py:115} INFO - [2022-08-25 23:46:01,441] {dagbag.py:508} INFO - Filling up the DagBag from /home/airflow/.local/lib/python3.7/site-packages/airflow/example_dags/tutorial.py
[2022-08-25 23:46:01,450] {processor.py:651} INFO - DAG(s) dict_keys(['tutorial']) retrieved from /home/airflow/.local/lib/python3.7/site-packages/airflow/example_dags/tutorial.py
[2022-08-25 23:46:01,487] {logging_mixin.py:115} INFO - [2022-08-25 23:46:01,487] {dag.py:2420} INFO - Sync 1 DAGs
[2022-08-25 23:46:01,517] {logging_mixin.py:115} INFO - [2022-08-25 23:46:01,517] {dag.py:2972} INFO - Setting next_dagrun for tutorial to 2022-08-24T23:46:01.517206+00:00, run_after=2022-08-25T23:46:01.517206+00:00
[2022-08-25 23:46:01,532] {processor.py:161} INFO - Processing /home/airflow/.local/lib/python3.7/site-packages/airflow/example_dags/tutorial.py took 0.100 seconds
[2022-08-25 23:46:31,674] {processor.py:153} INFO - Started process (PID=19460) to work on /home/airflow/.local/lib/python3.7/site-packages/airflow/example_dags/tutorial.py
[2022-08-25 23:46:31,675] {processor.py:641} INFO - Processing file /home/airflow/.local/lib/python3.7/site-packages/airflow/example_dags/tutorial.py for tasks to queue
[2022-08-25 23:46:31,676] {logging_mixin.py:115} INFO - [2022-08-25 23:46:31,676] {dagbag.py:508} INFO - Filling up the DagBag from /home/airflow/.local/lib/python3.7/site-packages/airflow/example_dags/tutorial.py
[2022-08-25 23:46:31,685] {processor.py:651} INFO - DAG(s) dict_keys(['tutorial']) retrieved from /home/airflow/.local/lib/python3.7/site-packages/airflow/example_dags/tutorial.py
[2022-08-25 23:46:31,731] {logging_mixin.py:115} INFO - [2022-08-25 23:46:31,731] {dag.py:2420} INFO - Sync 1 DAGs
[2022-08-25 23:46:31,764] {logging_mixin.py:115} INFO - [2022-08-25 23:46:31,764] {dag.py:2972} INFO - Setting next_dagrun for tutorial to 2022-08-24T23:46:31.764049+00:00, run_after=2022-08-25T23:46:31.764049+00:00
[2022-08-25 23:46:31,786] {processor.py:161} INFO - Processing /home/airflow/.local/lib/python3.7/site-packages/airflow/example_dags/tutorial.py took 0.117 seconds
[2022-08-25 23:47:02,145] {processor.py:153} INFO - Started process (PID=19526) to work on /home/airflow/.local/lib/python3.7/site-packages/airflow/example_dags/tutorial.py
[2022-08-25 23:47:02,146] {processor.py:641} INFO - Processing file /home/airflow/.local/lib/python3.7/site-packages/airflow/example_dags/tutorial.py for tasks to queue
[2022-08-25 23:47:02,147] {logging_mixin.py:115} INFO - [2022-08-25 23:47:02,147] {dagbag.py:508} INFO - Filling up the DagBag from /home/airflow/.local/lib/python3.7/site-packages/airflow/example_dags/tutorial.py
[2022-08-25 23:47:02,156] {processor.py:651} INFO - DAG(s) dict_keys(['tutorial']) retrieved from /home/airflow/.local/lib/python3.7/site-packages/airflow/example_dags/tutorial.py
[2022-08-25 23:47:02,193] {logging_mixin.py:115} INFO - [2022-08-25 23:47:02,193] {dag.py:2420} INFO - Sync 1 DAGs
[2022-08-25 23:47:02,223] {logging_mixin.py:115} INFO - [2022-08-25 23:47:02,223] {dag.py:2972} INFO - Setting next_dagrun for tutorial to 2022-08-24T23:47:02.223128+00:00, run_after=2022-08-25T23:47:02.223128+00:00
[2022-08-25 23:47:02,239] {processor.py:161} INFO - Processing /home/airflow/.local/lib/python3.7/site-packages/airflow/example_dags/tutorial.py took 0.099 seconds
[2022-08-25 23:47:33,267] {processor.py:153} INFO - Started process (PID=19592) to work on /home/airflow/.local/lib/python3.7/site-packages/airflow/example_dags/tutorial.py
[2022-08-25 23:47:33,269] {processor.py:641} INFO - Processing file /home/airflow/.local/lib/python3.7/site-packages/airflow/example_dags/tutorial.py for tasks to queue
[2022-08-25 23:47:33,271] {logging_mixin.py:115} INFO - [2022-08-25 23:47:33,270] {dagbag.py:508} INFO - Filling up the DagBag from /home/airflow/.local/lib/python3.7/site-packages/airflow/example_dags/tutorial.py
[2022-08-25 23:47:33,283] {processor.py:651} INFO - DAG(s) dict_keys(['tutorial']) retrieved from /home/airflow/.local/lib/python3.7/site-packages/airflow/example_dags/tutorial.py
[2022-08-25 23:47:33,334] {logging_mixin.py:115} INFO - [2022-08-25 23:47:33,334] {dag.py:2420} INFO - Sync 1 DAGs
[2022-08-25 23:47:33,367] {logging_mixin.py:115} INFO - [2022-08-25 23:47:33,367] {dag.py:2972} INFO - Setting next_dagrun for tutorial to 2022-08-24T23:47:33.367205+00:00, run_after=2022-08-25T23:47:33.367205+00:00
[2022-08-25 23:47:33,385] {processor.py:161} INFO - Processing /home/airflow/.local/lib/python3.7/site-packages/airflow/example_dags/tutorial.py took 0.126 seconds
[2022-08-25 23:48:04,200] {processor.py:153} INFO - Started process (PID=19647) to work on /home/airflow/.local/lib/python3.7/site-packages/airflow/example_dags/tutorial.py
[2022-08-25 23:48:04,202] {processor.py:641} INFO - Processing file /home/airflow/.local/lib/python3.7/site-packages/airflow/example_dags/tutorial.py for tasks to queue
[2022-08-25 23:48:04,203] {logging_mixin.py:115} INFO - [2022-08-25 23:48:04,203] {dagbag.py:508} INFO - Filling up the DagBag from /home/airflow/.local/lib/python3.7/site-packages/airflow/example_dags/tutorial.py
[2022-08-25 23:48:04,214] {processor.py:651} INFO - DAG(s) dict_keys(['tutorial']) retrieved from /home/airflow/.local/lib/python3.7/site-packages/airflow/example_dags/tutorial.py
[2022-08-25 23:48:04,253] {logging_mixin.py:115} INFO - [2022-08-25 23:48:04,253] {dag.py:2420} INFO - Sync 1 DAGs
[2022-08-25 23:48:04,283] {logging_mixin.py:115} INFO - [2022-08-25 23:48:04,283] {dag.py:2972} INFO - Setting next_dagrun for tutorial to 2022-08-24T23:48:04.282865+00:00, run_after=2022-08-25T23:48:04.282865+00:00
[2022-08-25 23:48:04,300] {processor.py:161} INFO - Processing /home/airflow/.local/lib/python3.7/site-packages/airflow/example_dags/tutorial.py took 0.105 seconds
[2022-08-25 23:48:35,567] {processor.py:153} INFO - Started process (PID=19712) to work on /home/airflow/.local/lib/python3.7/site-packages/airflow/example_dags/tutorial.py
[2022-08-25 23:48:35,570] {processor.py:641} INFO - Processing file /home/airflow/.local/lib/python3.7/site-packages/airflow/example_dags/tutorial.py for tasks to queue
[2022-08-25 23:48:35,571] {logging_mixin.py:115} INFO - [2022-08-25 23:48:35,571] {dagbag.py:508} INFO - Filling up the DagBag from /home/airflow/.local/lib/python3.7/site-packages/airflow/example_dags/tutorial.py
[2022-08-25 23:48:35,580] {processor.py:651} INFO - DAG(s) dict_keys(['tutorial']) retrieved from /home/airflow/.local/lib/python3.7/site-packages/airflow/example_dags/tutorial.py
[2022-08-25 23:48:35,632] {logging_mixin.py:115} INFO - [2022-08-25 23:48:35,632] {dag.py:2420} INFO - Sync 1 DAGs
[2022-08-25 23:48:35,667] {logging_mixin.py:115} INFO - [2022-08-25 23:48:35,667] {dag.py:2972} INFO - Setting next_dagrun for tutorial to 2022-08-24T23:48:35.667344+00:00, run_after=2022-08-25T23:48:35.667344+00:00
[2022-08-25 23:48:35,686] {processor.py:161} INFO - Processing /home/airflow/.local/lib/python3.7/site-packages/airflow/example_dags/tutorial.py took 0.126 seconds
[2022-08-25 23:49:06,367] {processor.py:153} INFO - Started process (PID=19776) to work on /home/airflow/.local/lib/python3.7/site-packages/airflow/example_dags/tutorial.py
[2022-08-25 23:49:06,368] {processor.py:641} INFO - Processing file /home/airflow/.local/lib/python3.7/site-packages/airflow/example_dags/tutorial.py for tasks to queue
[2022-08-25 23:49:06,369] {logging_mixin.py:115} INFO - [2022-08-25 23:49:06,369] {dagbag.py:508} INFO - Filling up the DagBag from /home/airflow/.local/lib/python3.7/site-packages/airflow/example_dags/tutorial.py
[2022-08-25 23:49:06,378] {processor.py:651} INFO - DAG(s) dict_keys(['tutorial']) retrieved from /home/airflow/.local/lib/python3.7/site-packages/airflow/example_dags/tutorial.py
[2022-08-25 23:49:06,416] {logging_mixin.py:115} INFO - [2022-08-25 23:49:06,416] {dag.py:2420} INFO - Sync 1 DAGs
[2022-08-25 23:49:06,464] {logging_mixin.py:115} INFO - [2022-08-25 23:49:06,463] {dag.py:2972} INFO - Setting next_dagrun for tutorial to 2022-08-24T23:49:06.463608+00:00, run_after=2022-08-25T23:49:06.463608+00:00
[2022-08-25 23:49:06,492] {processor.py:161} INFO - Processing /home/airflow/.local/lib/python3.7/site-packages/airflow/example_dags/tutorial.py took 0.130 seconds
[2022-08-25 23:49:37,555] {processor.py:153} INFO - Started process (PID=19831) to work on /home/airflow/.local/lib/python3.7/site-packages/airflow/example_dags/tutorial.py
[2022-08-25 23:49:37,563] {processor.py:641} INFO - Processing file /home/airflow/.local/lib/python3.7/site-packages/airflow/example_dags/tutorial.py for tasks to queue
[2022-08-25 23:49:37,569] {logging_mixin.py:115} INFO - [2022-08-25 23:49:37,569] {dagbag.py:508} INFO - Filling up the DagBag from /home/airflow/.local/lib/python3.7/site-packages/airflow/example_dags/tutorial.py
[2022-08-25 23:49:37,598] {processor.py:651} INFO - DAG(s) dict_keys(['tutorial']) retrieved from /home/airflow/.local/lib/python3.7/site-packages/airflow/example_dags/tutorial.py
[2022-08-25 23:49:37,667] {logging_mixin.py:115} INFO - [2022-08-25 23:49:37,667] {dag.py:2420} INFO - Sync 1 DAGs
[2022-08-25 23:49:37,722] {logging_mixin.py:115} INFO - [2022-08-25 23:49:37,722] {dag.py:2972} INFO - Setting next_dagrun for tutorial to 2022-08-24T23:49:37.721868+00:00, run_after=2022-08-25T23:49:37.721868+00:00
[2022-08-25 23:49:37,746] {processor.py:161} INFO - Processing /home/airflow/.local/lib/python3.7/site-packages/airflow/example_dags/tutorial.py took 0.204 seconds
[2022-08-25 23:50:08,428] {processor.py:153} INFO - Started process (PID=19895) to work on /home/airflow/.local/lib/python3.7/site-packages/airflow/example_dags/tutorial.py
[2022-08-25 23:50:08,430] {processor.py:641} INFO - Processing file /home/airflow/.local/lib/python3.7/site-packages/airflow/example_dags/tutorial.py for tasks to queue
[2022-08-25 23:50:08,431] {logging_mixin.py:115} INFO - [2022-08-25 23:50:08,431] {dagbag.py:508} INFO - Filling up the DagBag from /home/airflow/.local/lib/python3.7/site-packages/airflow/example_dags/tutorial.py
[2022-08-25 23:50:08,440] {processor.py:651} INFO - DAG(s) dict_keys(['tutorial']) retrieved from /home/airflow/.local/lib/python3.7/site-packages/airflow/example_dags/tutorial.py
[2022-08-25 23:50:08,477] {logging_mixin.py:115} INFO - [2022-08-25 23:50:08,477] {dag.py:2420} INFO - Sync 1 DAGs
[2022-08-25 23:50:08,506] {logging_mixin.py:115} INFO - [2022-08-25 23:50:08,506] {dag.py:2972} INFO - Setting next_dagrun for tutorial to 2022-08-24T23:50:08.506391+00:00, run_after=2022-08-25T23:50:08.506391+00:00
[2022-08-25 23:50:08,524] {processor.py:161} INFO - Processing /home/airflow/.local/lib/python3.7/site-packages/airflow/example_dags/tutorial.py took 0.101 seconds
[2022-08-25 23:50:38,855] {processor.py:153} INFO - Started process (PID=19950) to work on /home/airflow/.local/lib/python3.7/site-packages/airflow/example_dags/tutorial.py
[2022-08-25 23:50:38,856] {processor.py:641} INFO - Processing file /home/airflow/.local/lib/python3.7/site-packages/airflow/example_dags/tutorial.py for tasks to queue
[2022-08-25 23:50:38,857] {logging_mixin.py:115} INFO - [2022-08-25 23:50:38,857] {dagbag.py:508} INFO - Filling up the DagBag from /home/airflow/.local/lib/python3.7/site-packages/airflow/example_dags/tutorial.py
[2022-08-25 23:50:38,865] {processor.py:651} INFO - DAG(s) dict_keys(['tutorial']) retrieved from /home/airflow/.local/lib/python3.7/site-packages/airflow/example_dags/tutorial.py
[2022-08-25 23:50:38,899] {logging_mixin.py:115} INFO - [2022-08-25 23:50:38,899] {dag.py:2420} INFO - Sync 1 DAGs
[2022-08-25 23:50:38,927] {logging_mixin.py:115} INFO - [2022-08-25 23:50:38,927] {dag.py:2972} INFO - Setting next_dagrun for tutorial to 2022-08-24T23:50:38.927129+00:00, run_after=2022-08-25T23:50:38.927129+00:00
[2022-08-25 23:50:38,946] {processor.py:161} INFO - Processing /home/airflow/.local/lib/python3.7/site-packages/airflow/example_dags/tutorial.py took 0.096 seconds
[2022-08-25 23:51:09,919] {processor.py:153} INFO - Started process (PID=20014) to work on /home/airflow/.local/lib/python3.7/site-packages/airflow/example_dags/tutorial.py
[2022-08-25 23:51:09,925] {processor.py:641} INFO - Processing file /home/airflow/.local/lib/python3.7/site-packages/airflow/example_dags/tutorial.py for tasks to queue
[2022-08-25 23:51:09,926] {logging_mixin.py:115} INFO - [2022-08-25 23:51:09,926] {dagbag.py:508} INFO - Filling up the DagBag from /home/airflow/.local/lib/python3.7/site-packages/airflow/example_dags/tutorial.py
[2022-08-25 23:51:09,947] {processor.py:651} INFO - DAG(s) dict_keys(['tutorial']) retrieved from /home/airflow/.local/lib/python3.7/site-packages/airflow/example_dags/tutorial.py
[2022-08-25 23:51:09,990] {logging_mixin.py:115} INFO - [2022-08-25 23:51:09,990] {dag.py:2420} INFO - Sync 1 DAGs
[2022-08-25 23:51:10,020] {logging_mixin.py:115} INFO - [2022-08-25 23:51:10,020] {dag.py:2972} INFO - Setting next_dagrun for tutorial to 2022-08-24T23:51:10.020191+00:00, run_after=2022-08-25T23:51:10.020191+00:00
[2022-08-25 23:51:10,034] {processor.py:161} INFO - Processing /home/airflow/.local/lib/python3.7/site-packages/airflow/example_dags/tutorial.py took 0.121 seconds
[2022-08-25 23:51:40,221] {processor.py:153} INFO - Started process (PID=20080) to work on /home/airflow/.local/lib/python3.7/site-packages/airflow/example_dags/tutorial.py
[2022-08-25 23:51:40,222] {processor.py:641} INFO - Processing file /home/airflow/.local/lib/python3.7/site-packages/airflow/example_dags/tutorial.py for tasks to queue
[2022-08-25 23:51:40,223] {logging_mixin.py:115} INFO - [2022-08-25 23:51:40,223] {dagbag.py:508} INFO - Filling up the DagBag from /home/airflow/.local/lib/python3.7/site-packages/airflow/example_dags/tutorial.py
[2022-08-25 23:51:40,234] {processor.py:651} INFO - DAG(s) dict_keys(['tutorial']) retrieved from /home/airflow/.local/lib/python3.7/site-packages/airflow/example_dags/tutorial.py
[2022-08-25 23:51:40,271] {logging_mixin.py:115} INFO - [2022-08-25 23:51:40,271] {dag.py:2420} INFO - Sync 1 DAGs
[2022-08-25 23:51:40,306] {logging_mixin.py:115} INFO - [2022-08-25 23:51:40,306] {dag.py:2972} INFO - Setting next_dagrun for tutorial to 2022-08-24T23:51:40.306427+00:00, run_after=2022-08-25T23:51:40.306427+00:00
[2022-08-25 23:51:40,330] {processor.py:161} INFO - Processing /home/airflow/.local/lib/python3.7/site-packages/airflow/example_dags/tutorial.py took 0.113 seconds
[2022-08-25 23:52:11,294] {processor.py:153} INFO - Started process (PID=20135) to work on /home/airflow/.local/lib/python3.7/site-packages/airflow/example_dags/tutorial.py
[2022-08-25 23:52:11,295] {processor.py:641} INFO - Processing file /home/airflow/.local/lib/python3.7/site-packages/airflow/example_dags/tutorial.py for tasks to queue
[2022-08-25 23:52:11,296] {logging_mixin.py:115} INFO - [2022-08-25 23:52:11,296] {dagbag.py:508} INFO - Filling up the DagBag from /home/airflow/.local/lib/python3.7/site-packages/airflow/example_dags/tutorial.py
[2022-08-25 23:52:11,304] {processor.py:651} INFO - DAG(s) dict_keys(['tutorial']) retrieved from /home/airflow/.local/lib/python3.7/site-packages/airflow/example_dags/tutorial.py
[2022-08-25 23:52:11,339] {logging_mixin.py:115} INFO - [2022-08-25 23:52:11,339] {dag.py:2420} INFO - Sync 1 DAGs
[2022-08-25 23:52:11,372] {logging_mixin.py:115} INFO - [2022-08-25 23:52:11,372] {dag.py:2972} INFO - Setting next_dagrun for tutorial to 2022-08-24T23:52:11.371690+00:00, run_after=2022-08-25T23:52:11.371690+00:00
[2022-08-25 23:52:11,394] {processor.py:161} INFO - Processing /home/airflow/.local/lib/python3.7/site-packages/airflow/example_dags/tutorial.py took 0.105 seconds
[2022-08-25 23:52:42,194] {processor.py:153} INFO - Started process (PID=20200) to work on /home/airflow/.local/lib/python3.7/site-packages/airflow/example_dags/tutorial.py
[2022-08-25 23:52:42,196] {processor.py:641} INFO - Processing file /home/airflow/.local/lib/python3.7/site-packages/airflow/example_dags/tutorial.py for tasks to queue
[2022-08-25 23:52:42,197] {logging_mixin.py:115} INFO - [2022-08-25 23:52:42,197] {dagbag.py:508} INFO - Filling up the DagBag from /home/airflow/.local/lib/python3.7/site-packages/airflow/example_dags/tutorial.py
[2022-08-25 23:52:42,205] {processor.py:651} INFO - DAG(s) dict_keys(['tutorial']) retrieved from /home/airflow/.local/lib/python3.7/site-packages/airflow/example_dags/tutorial.py
[2022-08-25 23:52:42,248] {logging_mixin.py:115} INFO - [2022-08-25 23:52:42,248] {dag.py:2420} INFO - Sync 1 DAGs
[2022-08-25 23:52:42,278] {logging_mixin.py:115} INFO - [2022-08-25 23:52:42,278] {dag.py:2972} INFO - Setting next_dagrun for tutorial to 2022-08-24T23:52:42.277885+00:00, run_after=2022-08-25T23:52:42.277885+00:00
[2022-08-25 23:52:42,296] {processor.py:161} INFO - Processing /home/airflow/.local/lib/python3.7/site-packages/airflow/example_dags/tutorial.py took 0.108 seconds
[2022-08-25 23:53:13,059] {processor.py:153} INFO - Started process (PID=20264) to work on /home/airflow/.local/lib/python3.7/site-packages/airflow/example_dags/tutorial.py
[2022-08-25 23:53:13,060] {processor.py:641} INFO - Processing file /home/airflow/.local/lib/python3.7/site-packages/airflow/example_dags/tutorial.py for tasks to queue
[2022-08-25 23:53:13,061] {logging_mixin.py:115} INFO - [2022-08-25 23:53:13,061] {dagbag.py:508} INFO - Filling up the DagBag from /home/airflow/.local/lib/python3.7/site-packages/airflow/example_dags/tutorial.py
[2022-08-25 23:53:13,070] {processor.py:651} INFO - DAG(s) dict_keys(['tutorial']) retrieved from /home/airflow/.local/lib/python3.7/site-packages/airflow/example_dags/tutorial.py
[2022-08-25 23:53:13,112] {logging_mixin.py:115} INFO - [2022-08-25 23:53:13,111] {dag.py:2420} INFO - Sync 1 DAGs
[2022-08-25 23:53:13,144] {logging_mixin.py:115} INFO - [2022-08-25 23:53:13,144] {dag.py:2972} INFO - Setting next_dagrun for tutorial to 2022-08-24T23:53:13.144118+00:00, run_after=2022-08-25T23:53:13.144118+00:00
[2022-08-25 23:53:13,163] {processor.py:161} INFO - Processing /home/airflow/.local/lib/python3.7/site-packages/airflow/example_dags/tutorial.py took 0.108 seconds
[2022-08-25 23:53:43,988] {processor.py:153} INFO - Started process (PID=20319) to work on /home/airflow/.local/lib/python3.7/site-packages/airflow/example_dags/tutorial.py
[2022-08-25 23:53:43,990] {processor.py:641} INFO - Processing file /home/airflow/.local/lib/python3.7/site-packages/airflow/example_dags/tutorial.py for tasks to queue
[2022-08-25 23:53:44,001] {logging_mixin.py:115} INFO - [2022-08-25 23:53:44,000] {dagbag.py:508} INFO - Filling up the DagBag from /home/airflow/.local/lib/python3.7/site-packages/airflow/example_dags/tutorial.py
[2022-08-25 23:53:44,015] {processor.py:651} INFO - DAG(s) dict_keys(['tutorial']) retrieved from /home/airflow/.local/lib/python3.7/site-packages/airflow/example_dags/tutorial.py
[2022-08-25 23:53:44,065] {logging_mixin.py:115} INFO - [2022-08-25 23:53:44,065] {dag.py:2420} INFO - Sync 1 DAGs
[2022-08-25 23:53:44,102] {logging_mixin.py:115} INFO - [2022-08-25 23:53:44,102] {dag.py:2972} INFO - Setting next_dagrun for tutorial to 2022-08-24T23:53:44.101925+00:00, run_after=2022-08-25T23:53:44.101925+00:00
[2022-08-25 23:53:44,117] {processor.py:161} INFO - Processing /home/airflow/.local/lib/python3.7/site-packages/airflow/example_dags/tutorial.py took 0.136 seconds
[2022-08-25 23:54:14,760] {processor.py:153} INFO - Started process (PID=20383) to work on /home/airflow/.local/lib/python3.7/site-packages/airflow/example_dags/tutorial.py
[2022-08-25 23:54:14,761] {processor.py:641} INFO - Processing file /home/airflow/.local/lib/python3.7/site-packages/airflow/example_dags/tutorial.py for tasks to queue
[2022-08-25 23:54:14,763] {logging_mixin.py:115} INFO - [2022-08-25 23:54:14,762] {dagbag.py:508} INFO - Filling up the DagBag from /home/airflow/.local/lib/python3.7/site-packages/airflow/example_dags/tutorial.py
[2022-08-25 23:54:14,771] {processor.py:651} INFO - DAG(s) dict_keys(['tutorial']) retrieved from /home/airflow/.local/lib/python3.7/site-packages/airflow/example_dags/tutorial.py
[2022-08-25 23:54:14,811] {logging_mixin.py:115} INFO - [2022-08-25 23:54:14,811] {dag.py:2420} INFO - Sync 1 DAGs
[2022-08-25 23:54:14,845] {logging_mixin.py:115} INFO - [2022-08-25 23:54:14,844] {dag.py:2972} INFO - Setting next_dagrun for tutorial to 2022-08-24T23:54:14.844577+00:00, run_after=2022-08-25T23:54:14.844577+00:00
[2022-08-25 23:54:14,871] {processor.py:161} INFO - Processing /home/airflow/.local/lib/python3.7/site-packages/airflow/example_dags/tutorial.py took 0.114 seconds
[2022-08-25 23:54:45,565] {processor.py:153} INFO - Started process (PID=20447) to work on /home/airflow/.local/lib/python3.7/site-packages/airflow/example_dags/tutorial.py
[2022-08-25 23:54:45,567] {processor.py:641} INFO - Processing file /home/airflow/.local/lib/python3.7/site-packages/airflow/example_dags/tutorial.py for tasks to queue
[2022-08-25 23:54:45,569] {logging_mixin.py:115} INFO - [2022-08-25 23:54:45,568] {dagbag.py:508} INFO - Filling up the DagBag from /home/airflow/.local/lib/python3.7/site-packages/airflow/example_dags/tutorial.py
[2022-08-25 23:54:45,580] {processor.py:651} INFO - DAG(s) dict_keys(['tutorial']) retrieved from /home/airflow/.local/lib/python3.7/site-packages/airflow/example_dags/tutorial.py
[2022-08-25 23:54:45,623] {logging_mixin.py:115} INFO - [2022-08-25 23:54:45,623] {dag.py:2420} INFO - Sync 1 DAGs
[2022-08-25 23:54:45,655] {logging_mixin.py:115} INFO - [2022-08-25 23:54:45,655] {dag.py:2972} INFO - Setting next_dagrun for tutorial to 2022-08-24T23:54:45.655091+00:00, run_after=2022-08-25T23:54:45.655091+00:00
[2022-08-25 23:54:45,673] {processor.py:161} INFO - Processing /home/airflow/.local/lib/python3.7/site-packages/airflow/example_dags/tutorial.py took 0.113 seconds
[2022-08-25 23:55:16,397] {processor.py:153} INFO - Started process (PID=20501) to work on /home/airflow/.local/lib/python3.7/site-packages/airflow/example_dags/tutorial.py
[2022-08-25 23:55:16,398] {processor.py:641} INFO - Processing file /home/airflow/.local/lib/python3.7/site-packages/airflow/example_dags/tutorial.py for tasks to queue
[2022-08-25 23:55:16,399] {logging_mixin.py:115} INFO - [2022-08-25 23:55:16,399] {dagbag.py:508} INFO - Filling up the DagBag from /home/airflow/.local/lib/python3.7/site-packages/airflow/example_dags/tutorial.py
[2022-08-25 23:55:16,408] {processor.py:651} INFO - DAG(s) dict_keys(['tutorial']) retrieved from /home/airflow/.local/lib/python3.7/site-packages/airflow/example_dags/tutorial.py
[2022-08-25 23:55:16,456] {logging_mixin.py:115} INFO - [2022-08-25 23:55:16,456] {dag.py:2420} INFO - Sync 1 DAGs
[2022-08-25 23:55:16,486] {logging_mixin.py:115} INFO - [2022-08-25 23:55:16,486] {dag.py:2972} INFO - Setting next_dagrun for tutorial to 2022-08-24T23:55:16.485897+00:00, run_after=2022-08-25T23:55:16.485897+00:00
[2022-08-25 23:55:16,504] {processor.py:161} INFO - Processing /home/airflow/.local/lib/python3.7/site-packages/airflow/example_dags/tutorial.py took 0.113 seconds
[2022-08-25 23:55:47,047] {processor.py:153} INFO - Started process (PID=20564) to work on /home/airflow/.local/lib/python3.7/site-packages/airflow/example_dags/tutorial.py
[2022-08-25 23:55:47,048] {processor.py:641} INFO - Processing file /home/airflow/.local/lib/python3.7/site-packages/airflow/example_dags/tutorial.py for tasks to queue
[2022-08-25 23:55:47,049] {logging_mixin.py:115} INFO - [2022-08-25 23:55:47,049] {dagbag.py:508} INFO - Filling up the DagBag from /home/airflow/.local/lib/python3.7/site-packages/airflow/example_dags/tutorial.py
[2022-08-25 23:55:47,058] {processor.py:651} INFO - DAG(s) dict_keys(['tutorial']) retrieved from /home/airflow/.local/lib/python3.7/site-packages/airflow/example_dags/tutorial.py
[2022-08-25 23:55:47,096] {logging_mixin.py:115} INFO - [2022-08-25 23:55:47,096] {dag.py:2420} INFO - Sync 1 DAGs
[2022-08-25 23:55:47,124] {logging_mixin.py:115} INFO - [2022-08-25 23:55:47,124] {dag.py:2972} INFO - Setting next_dagrun for tutorial to 2022-08-24T23:55:47.124534+00:00, run_after=2022-08-25T23:55:47.124534+00:00
[2022-08-25 23:55:47,141] {processor.py:161} INFO - Processing /home/airflow/.local/lib/python3.7/site-packages/airflow/example_dags/tutorial.py took 0.099 seconds
[2022-08-25 23:56:17,999] {processor.py:153} INFO - Started process (PID=20629) to work on /home/airflow/.local/lib/python3.7/site-packages/airflow/example_dags/tutorial.py
[2022-08-25 23:56:18,000] {processor.py:641} INFO - Processing file /home/airflow/.local/lib/python3.7/site-packages/airflow/example_dags/tutorial.py for tasks to queue
[2022-08-25 23:56:18,001] {logging_mixin.py:115} INFO - [2022-08-25 23:56:18,001] {dagbag.py:508} INFO - Filling up the DagBag from /home/airflow/.local/lib/python3.7/site-packages/airflow/example_dags/tutorial.py
[2022-08-25 23:56:18,010] {processor.py:651} INFO - DAG(s) dict_keys(['tutorial']) retrieved from /home/airflow/.local/lib/python3.7/site-packages/airflow/example_dags/tutorial.py
[2022-08-25 23:56:18,044] {logging_mixin.py:115} INFO - [2022-08-25 23:56:18,044] {dag.py:2420} INFO - Sync 1 DAGs
[2022-08-25 23:56:18,071] {logging_mixin.py:115} INFO - [2022-08-25 23:56:18,071] {dag.py:2972} INFO - Setting next_dagrun for tutorial to 2022-08-24T23:56:18.071496+00:00, run_after=2022-08-25T23:56:18.071496+00:00
[2022-08-25 23:56:18,091] {processor.py:161} INFO - Processing /home/airflow/.local/lib/python3.7/site-packages/airflow/example_dags/tutorial.py took 0.097 seconds
[2022-08-25 23:56:48,821] {processor.py:153} INFO - Started process (PID=20684) to work on /home/airflow/.local/lib/python3.7/site-packages/airflow/example_dags/tutorial.py
[2022-08-25 23:56:48,822] {processor.py:641} INFO - Processing file /home/airflow/.local/lib/python3.7/site-packages/airflow/example_dags/tutorial.py for tasks to queue
[2022-08-25 23:56:48,824] {logging_mixin.py:115} INFO - [2022-08-25 23:56:48,824] {dagbag.py:508} INFO - Filling up the DagBag from /home/airflow/.local/lib/python3.7/site-packages/airflow/example_dags/tutorial.py
[2022-08-25 23:56:48,835] {processor.py:651} INFO - DAG(s) dict_keys(['tutorial']) retrieved from /home/airflow/.local/lib/python3.7/site-packages/airflow/example_dags/tutorial.py
[2022-08-25 23:56:48,870] {logging_mixin.py:115} INFO - [2022-08-25 23:56:48,870] {dag.py:2420} INFO - Sync 1 DAGs
[2022-08-25 23:56:48,902] {logging_mixin.py:115} INFO - [2022-08-25 23:56:48,902] {dag.py:2972} INFO - Setting next_dagrun for tutorial to 2022-08-24T23:56:48.902191+00:00, run_after=2022-08-25T23:56:48.902191+00:00
[2022-08-25 23:56:48,923] {processor.py:161} INFO - Processing /home/airflow/.local/lib/python3.7/site-packages/airflow/example_dags/tutorial.py took 0.106 seconds
[2022-08-25 23:57:19,880] {processor.py:153} INFO - Started process (PID=20747) to work on /home/airflow/.local/lib/python3.7/site-packages/airflow/example_dags/tutorial.py
[2022-08-25 23:57:19,881] {processor.py:641} INFO - Processing file /home/airflow/.local/lib/python3.7/site-packages/airflow/example_dags/tutorial.py for tasks to queue
[2022-08-25 23:57:19,882] {logging_mixin.py:115} INFO - [2022-08-25 23:57:19,882] {dagbag.py:508} INFO - Filling up the DagBag from /home/airflow/.local/lib/python3.7/site-packages/airflow/example_dags/tutorial.py
[2022-08-25 23:57:19,891] {processor.py:651} INFO - DAG(s) dict_keys(['tutorial']) retrieved from /home/airflow/.local/lib/python3.7/site-packages/airflow/example_dags/tutorial.py
[2022-08-25 23:57:19,927] {logging_mixin.py:115} INFO - [2022-08-25 23:57:19,926] {dag.py:2420} INFO - Sync 1 DAGs
[2022-08-25 23:57:19,954] {logging_mixin.py:115} INFO - [2022-08-25 23:57:19,954] {dag.py:2972} INFO - Setting next_dagrun for tutorial to 2022-08-24T23:57:19.954253+00:00, run_after=2022-08-25T23:57:19.954253+00:00
[2022-08-25 23:57:19,970] {processor.py:161} INFO - Processing /home/airflow/.local/lib/python3.7/site-packages/airflow/example_dags/tutorial.py took 0.094 seconds
[2022-08-25 23:57:50,762] {processor.py:153} INFO - Started process (PID=20811) to work on /home/airflow/.local/lib/python3.7/site-packages/airflow/example_dags/tutorial.py
[2022-08-25 23:57:50,764] {processor.py:641} INFO - Processing file /home/airflow/.local/lib/python3.7/site-packages/airflow/example_dags/tutorial.py for tasks to queue
[2022-08-25 23:57:50,766] {logging_mixin.py:115} INFO - [2022-08-25 23:57:50,766] {dagbag.py:508} INFO - Filling up the DagBag from /home/airflow/.local/lib/python3.7/site-packages/airflow/example_dags/tutorial.py
[2022-08-25 23:57:50,774] {processor.py:651} INFO - DAG(s) dict_keys(['tutorial']) retrieved from /home/airflow/.local/lib/python3.7/site-packages/airflow/example_dags/tutorial.py
[2022-08-25 23:57:50,812] {logging_mixin.py:115} INFO - [2022-08-25 23:57:50,812] {dag.py:2420} INFO - Sync 1 DAGs
[2022-08-25 23:57:50,838] {logging_mixin.py:115} INFO - [2022-08-25 23:57:50,838] {dag.py:2972} INFO - Setting next_dagrun for tutorial to 2022-08-24T23:57:50.838135+00:00, run_after=2022-08-25T23:57:50.838135+00:00
[2022-08-25 23:57:50,859] {processor.py:161} INFO - Processing /home/airflow/.local/lib/python3.7/site-packages/airflow/example_dags/tutorial.py took 0.101 seconds
[2022-08-25 23:58:21,532] {processor.py:153} INFO - Started process (PID=20866) to work on /home/airflow/.local/lib/python3.7/site-packages/airflow/example_dags/tutorial.py
[2022-08-25 23:58:21,533] {processor.py:641} INFO - Processing file /home/airflow/.local/lib/python3.7/site-packages/airflow/example_dags/tutorial.py for tasks to queue
[2022-08-25 23:58:21,535] {logging_mixin.py:115} INFO - [2022-08-25 23:58:21,535] {dagbag.py:508} INFO - Filling up the DagBag from /home/airflow/.local/lib/python3.7/site-packages/airflow/example_dags/tutorial.py
[2022-08-25 23:58:21,549] {processor.py:651} INFO - DAG(s) dict_keys(['tutorial']) retrieved from /home/airflow/.local/lib/python3.7/site-packages/airflow/example_dags/tutorial.py
[2022-08-25 23:58:21,586] {logging_mixin.py:115} INFO - [2022-08-25 23:58:21,586] {dag.py:2420} INFO - Sync 1 DAGs
[2022-08-25 23:58:21,627] {logging_mixin.py:115} INFO - [2022-08-25 23:58:21,627] {dag.py:2972} INFO - Setting next_dagrun for tutorial to 2022-08-24T23:58:21.627316+00:00, run_after=2022-08-25T23:58:21.627316+00:00
[2022-08-25 23:58:21,642] {processor.py:161} INFO - Processing /home/airflow/.local/lib/python3.7/site-packages/airflow/example_dags/tutorial.py took 0.117 seconds
[2022-08-25 23:58:52,345] {processor.py:153} INFO - Started process (PID=20929) to work on /home/airflow/.local/lib/python3.7/site-packages/airflow/example_dags/tutorial.py
[2022-08-25 23:58:52,346] {processor.py:641} INFO - Processing file /home/airflow/.local/lib/python3.7/site-packages/airflow/example_dags/tutorial.py for tasks to queue
[2022-08-25 23:58:52,347] {logging_mixin.py:115} INFO - [2022-08-25 23:58:52,347] {dagbag.py:508} INFO - Filling up the DagBag from /home/airflow/.local/lib/python3.7/site-packages/airflow/example_dags/tutorial.py
[2022-08-25 23:58:52,356] {processor.py:651} INFO - DAG(s) dict_keys(['tutorial']) retrieved from /home/airflow/.local/lib/python3.7/site-packages/airflow/example_dags/tutorial.py
[2022-08-25 23:58:52,393] {logging_mixin.py:115} INFO - [2022-08-25 23:58:52,393] {dag.py:2420} INFO - Sync 1 DAGs
[2022-08-25 23:58:52,422] {logging_mixin.py:115} INFO - [2022-08-25 23:58:52,422] {dag.py:2972} INFO - Setting next_dagrun for tutorial to 2022-08-24T23:58:52.422236+00:00, run_after=2022-08-25T23:58:52.422236+00:00
[2022-08-25 23:58:52,440] {processor.py:161} INFO - Processing /home/airflow/.local/lib/python3.7/site-packages/airflow/example_dags/tutorial.py took 0.100 seconds
[2022-08-25 23:59:23,147] {processor.py:153} INFO - Started process (PID=20993) to work on /home/airflow/.local/lib/python3.7/site-packages/airflow/example_dags/tutorial.py
[2022-08-25 23:59:23,148] {processor.py:641} INFO - Processing file /home/airflow/.local/lib/python3.7/site-packages/airflow/example_dags/tutorial.py for tasks to queue
[2022-08-25 23:59:23,149] {logging_mixin.py:115} INFO - [2022-08-25 23:59:23,149] {dagbag.py:508} INFO - Filling up the DagBag from /home/airflow/.local/lib/python3.7/site-packages/airflow/example_dags/tutorial.py
[2022-08-25 23:59:23,159] {processor.py:651} INFO - DAG(s) dict_keys(['tutorial']) retrieved from /home/airflow/.local/lib/python3.7/site-packages/airflow/example_dags/tutorial.py
[2022-08-25 23:59:23,195] {logging_mixin.py:115} INFO - [2022-08-25 23:59:23,195] {dag.py:2420} INFO - Sync 1 DAGs
[2022-08-25 23:59:23,223] {logging_mixin.py:115} INFO - [2022-08-25 23:59:23,223] {dag.py:2972} INFO - Setting next_dagrun for tutorial to 2022-08-24T23:59:23.223395+00:00, run_after=2022-08-25T23:59:23.223395+00:00
[2022-08-25 23:59:23,241] {processor.py:161} INFO - Processing /home/airflow/.local/lib/python3.7/site-packages/airflow/example_dags/tutorial.py took 0.099 seconds
[2022-08-25 23:59:54,081] {processor.py:153} INFO - Started process (PID=21055) to work on /home/airflow/.local/lib/python3.7/site-packages/airflow/example_dags/tutorial.py
[2022-08-25 23:59:54,082] {processor.py:641} INFO - Processing file /home/airflow/.local/lib/python3.7/site-packages/airflow/example_dags/tutorial.py for tasks to queue
[2022-08-25 23:59:54,084] {logging_mixin.py:115} INFO - [2022-08-25 23:59:54,084] {dagbag.py:508} INFO - Filling up the DagBag from /home/airflow/.local/lib/python3.7/site-packages/airflow/example_dags/tutorial.py
[2022-08-25 23:59:54,092] {processor.py:651} INFO - DAG(s) dict_keys(['tutorial']) retrieved from /home/airflow/.local/lib/python3.7/site-packages/airflow/example_dags/tutorial.py
[2022-08-25 23:59:54,141] {logging_mixin.py:115} INFO - [2022-08-25 23:59:54,141] {dag.py:2420} INFO - Sync 1 DAGs
[2022-08-25 23:59:54,173] {logging_mixin.py:115} INFO - [2022-08-25 23:59:54,173] {dag.py:2972} INFO - Setting next_dagrun for tutorial to 2022-08-24T23:59:54.173286+00:00, run_after=2022-08-25T23:59:54.173286+00:00
[2022-08-25 23:59:54,192] {processor.py:161} INFO - Processing /home/airflow/.local/lib/python3.7/site-packages/airflow/example_dags/tutorial.py took 0.116 seconds
