[2022-08-19 20:53:38,674] {taskinstance.py:1179} INFO - Dependencies all met for <TaskInstance: loop_hello_world_1.hello_world scheduled__2022-01-29T00:00:00+00:00 [queued]>
[2022-08-19 20:53:38,811] {taskinstance.py:1179} INFO - Dependencies all met for <TaskInstance: loop_hello_world_1.hello_world scheduled__2022-01-29T00:00:00+00:00 [queued]>
[2022-08-19 20:53:38,812] {taskinstance.py:1376} INFO - 
--------------------------------------------------------------------------------
[2022-08-19 20:53:38,813] {taskinstance.py:1377} INFO - Starting attempt 1 of 1
[2022-08-19 20:53:38,814] {taskinstance.py:1378} INFO - 
--------------------------------------------------------------------------------
[2022-08-19 20:53:38,961] {taskinstance.py:1397} INFO - Executing <Task(PythonOperator): hello_world> on 2022-01-29 00:00:00+00:00
[2022-08-19 20:53:38,986] {standard_task_runner.py:52} INFO - Started process 16699 to run task
[2022-08-19 20:53:39,037] {standard_task_runner.py:79} INFO - Running: ['***', 'tasks', 'run', 'loop_hello_world_1', 'hello_world', 'scheduled__2022-01-29T00:00:00+00:00', '--job-id', '478', '--raw', '--subdir', 'DAGS_FOLDER/practiceDag1.py', '--cfg-path', '/tmp/tmpnpvt6klz', '--error-file', '/tmp/tmp1m2z3994']
[2022-08-19 20:53:39,038] {standard_task_runner.py:80} INFO - Job 478: Subtask hello_world
[2022-08-19 20:53:39,673] {task_command.py:371} INFO - Running <TaskInstance: loop_hello_world_1.hello_world scheduled__2022-01-29T00:00:00+00:00 [running]> on host 9d5d2a77e6ba
[2022-08-19 20:53:40,485] {taskinstance.py:1591} INFO - Exporting the following env vars:
AIRFLOW_CTX_DAG_OWNER=***
AIRFLOW_CTX_DAG_ID=loop_hello_world_1
AIRFLOW_CTX_TASK_ID=hello_world
AIRFLOW_CTX_EXECUTION_DATE=2022-01-29T00:00:00+00:00
AIRFLOW_CTX_TRY_NUMBER=1
AIRFLOW_CTX_DAG_RUN_ID=scheduled__2022-01-29T00:00:00+00:00
[2022-08-19 20:53:40,501] {logging_mixin.py:115} INFO - Hello World
[2022-08-19 20:53:40,506] {logging_mixin.py:115} INFO - This is DAG: 1
[2022-08-19 20:53:40,508] {python.py:173} INFO - Done. Returned value was: None
[2022-08-19 20:53:40,622] {taskinstance.py:1420} INFO - Marking task as SUCCESS. dag_id=loop_hello_world_1, task_id=hello_world, execution_date=20220129T000000, start_date=20220819T205338, end_date=20220819T205340
[2022-08-19 20:53:40,734] {local_task_job.py:156} INFO - Task exited with return code 0
[2022-08-19 20:53:41,553] {local_task_job.py:273} INFO - 0 downstream tasks scheduled from follow-on schedule check
