[2022-08-24 19:10:58,486] {taskinstance.py:1179} INFO - Dependencies all met for <TaskInstance: dynamically_branching1.bash_task scheduled__2020-10-15T00:00:00+00:00 [queued]>
[2022-08-24 19:10:58,508] {taskinstance.py:1179} INFO - Dependencies all met for <TaskInstance: dynamically_branching1.bash_task scheduled__2020-10-15T00:00:00+00:00 [queued]>
[2022-08-24 19:10:58,509] {taskinstance.py:1376} INFO - 
--------------------------------------------------------------------------------
[2022-08-24 19:10:58,510] {taskinstance.py:1377} INFO - Starting attempt 1 of 1
[2022-08-24 19:10:58,511] {taskinstance.py:1378} INFO - 
--------------------------------------------------------------------------------
[2022-08-24 19:10:58,540] {taskinstance.py:1397} INFO - Executing <Task(BashOperator): bash_task> on 2020-10-15 00:00:00+00:00
[2022-08-24 19:10:58,549] {standard_task_runner.py:52} INFO - Started process 7427 to run task
[2022-08-24 19:10:58,567] {standard_task_runner.py:79} INFO - Running: ['***', 'tasks', 'run', 'dynamically_branching1', 'bash_task', 'scheduled__2020-10-15T00:00:00+00:00', '--job-id', '1901', '--raw', '--subdir', 'DAGS_FOLDER/jobs_dag.py', '--cfg-path', '/tmp/tmp_75sridn', '--error-file', '/tmp/tmpyljm93oz']
[2022-08-24 19:10:58,569] {standard_task_runner.py:80} INFO - Job 1901: Subtask bash_task
[2022-08-24 19:10:58,703] {task_command.py:371} INFO - Running <TaskInstance: dynamically_branching1.bash_task scheduled__2020-10-15T00:00:00+00:00 [running]> on host 9d5d2a77e6ba
[2022-08-24 19:10:58,886] {taskinstance.py:1591} INFO - Exporting the following env vars:
AIRFLOW_CTX_DAG_OWNER=***
AIRFLOW_CTX_DAG_ID=dynamically_branching1
AIRFLOW_CTX_TASK_ID=bash_task
AIRFLOW_CTX_EXECUTION_DATE=2020-10-15T00:00:00+00:00
AIRFLOW_CTX_TRY_NUMBER=1
AIRFLOW_CTX_DAG_RUN_ID=scheduled__2020-10-15T00:00:00+00:00
[2022-08-24 19:10:58,889] {subprocess.py:62} INFO - Tmp dir root location: 
 /tmp
[2022-08-24 19:10:58,890] {subprocess.py:74} INFO - Running command: ['bash', '-c', 'echo $(whoami)']
[2022-08-24 19:10:58,913] {subprocess.py:85} INFO - Output:
[2022-08-24 19:10:58,921] {subprocess.py:92} INFO - default
[2022-08-24 19:10:58,922] {subprocess.py:96} INFO - Command exited with return code 0
[2022-08-24 19:10:58,971] {taskinstance.py:1420} INFO - Marking task as SUCCESS. dag_id=dynamically_branching1, task_id=bash_task, execution_date=20201015T000000, start_date=20220824T191058, end_date=20220824T191058
[2022-08-24 19:10:59,017] {local_task_job.py:156} INFO - Task exited with return code 0
[2022-08-24 19:10:59,088] {local_task_job.py:273} INFO - 1 downstream tasks scheduled from follow-on schedule check
