[2022-09-01 19:13:30,414] {taskinstance.py:1179} INFO - Dependencies all met for <TaskInstance: trigger_sensor.waiting_for_run_file manual__2022-09-01T19:13:29.246412+00:00 [queued]>
[2022-09-01 19:13:30,431] {taskinstance.py:1179} INFO - Dependencies all met for <TaskInstance: trigger_sensor.waiting_for_run_file manual__2022-09-01T19:13:29.246412+00:00 [queued]>
[2022-09-01 19:13:30,432] {taskinstance.py:1376} INFO - 
--------------------------------------------------------------------------------
[2022-09-01 19:13:30,433] {taskinstance.py:1377} INFO - Starting attempt 1 of 1
[2022-09-01 19:13:30,434] {taskinstance.py:1378} INFO - 
--------------------------------------------------------------------------------
[2022-09-01 19:13:30,453] {taskinstance.py:1397} INFO - Executing <Task(FileSensor): waiting_for_run_file> on 2022-09-01 19:13:29.246412+00:00
[2022-09-01 19:13:30,460] {standard_task_runner.py:52} INFO - Started process 89847 to run task
[2022-09-01 19:13:30,467] {standard_task_runner.py:79} INFO - Running: ['***', 'tasks', 'run', 'trigger_sensor', 'waiting_for_run_file', 'manual__2022-09-01T19:13:29.246412+00:00', '--job-id', '3514', '--raw', '--subdir', 'DAGS_FOLDER/trigger_dag.py', '--cfg-path', '/tmp/tmpdeabvuhh', '--error-file', '/tmp/tmpvxdm1hun']
[2022-09-01 19:13:30,468] {standard_task_runner.py:80} INFO - Job 3514: Subtask waiting_for_run_file
[2022-09-01 19:13:30,579] {task_command.py:371} INFO - Running <TaskInstance: trigger_sensor.waiting_for_run_file manual__2022-09-01T19:13:29.246412+00:00 [running]> on host 9d5d2a77e6ba
[2022-09-01 19:13:30,696] {taskinstance.py:1591} INFO - Exporting the following env vars:
AIRFLOW_CTX_DAG_OWNER=***
AIRFLOW_CTX_DAG_ID=trigger_sensor
AIRFLOW_CTX_TASK_ID=waiting_for_run_file
AIRFLOW_CTX_EXECUTION_DATE=2022-09-01T19:13:29.246412+00:00
AIRFLOW_CTX_TRY_NUMBER=1
AIRFLOW_CTX_DAG_RUN_ID=manual__2022-09-01T19:13:29.246412+00:00
[2022-09-01 19:13:30,707] {base.py:68} INFO - Using connection ID 'my_file_system_practice' for task execution.
[2022-09-01 19:13:30,708] {filesystem.py:58} INFO - Poking for file /opt/***/dags/test.txt
[2022-09-01 19:13:30,709] {filesystem.py:63} INFO - Found File /opt/***/dags/test.txt last modified: 20220901175709
[2022-09-01 19:13:30,710] {base.py:301} INFO - Success criteria met. Exiting.
[2022-09-01 19:13:30,730] {taskinstance.py:1420} INFO - Marking task as SUCCESS. dag_id=trigger_sensor, task_id=waiting_for_run_file, execution_date=20220901T191329, start_date=20220901T191330, end_date=20220901T191330
[2022-09-01 19:13:30,760] {local_task_job.py:156} INFO - Task exited with return code 0
[2022-09-01 19:13:30,831] {local_task_job.py:273} INFO - 1 downstream tasks scheduled from follow-on schedule check
