[2022-09-01 22:00:20,527] {taskinstance.py:1179} INFO - Dependencies all met for <TaskInstance: trigger_sensor.waiting_for_run_file manual__2022-09-01T22:00:19.350934+00:00 [queued]>
[2022-09-01 22:00:20,541] {taskinstance.py:1179} INFO - Dependencies all met for <TaskInstance: trigger_sensor.waiting_for_run_file manual__2022-09-01T22:00:19.350934+00:00 [queued]>
[2022-09-01 22:00:20,542] {taskinstance.py:1376} INFO - 
--------------------------------------------------------------------------------
[2022-09-01 22:00:20,543] {taskinstance.py:1377} INFO - Starting attempt 1 of 1
[2022-09-01 22:00:20,543] {taskinstance.py:1378} INFO - 
--------------------------------------------------------------------------------
[2022-09-01 22:00:20,561] {taskinstance.py:1397} INFO - Executing <Task(FileSensor): waiting_for_run_file> on 2022-09-01 22:00:19.350934+00:00
[2022-09-01 22:00:20,569] {standard_task_runner.py:52} INFO - Started process 93953 to run task
[2022-09-01 22:00:20,573] {standard_task_runner.py:79} INFO - Running: ['***', 'tasks', 'run', 'trigger_sensor', 'waiting_for_run_file', 'manual__2022-09-01T22:00:19.350934+00:00', '--job-id', '3683', '--raw', '--subdir', 'DAGS_FOLDER/trigger_dag.py', '--cfg-path', '/tmp/tmpsglg5uyd', '--error-file', '/tmp/tmpqvl43eud']
[2022-09-01 22:00:20,574] {standard_task_runner.py:80} INFO - Job 3683: Subtask waiting_for_run_file
[2022-09-01 22:00:20,670] {task_command.py:371} INFO - Running <TaskInstance: trigger_sensor.waiting_for_run_file manual__2022-09-01T22:00:19.350934+00:00 [running]> on host 9d5d2a77e6ba
[2022-09-01 22:00:20,808] {taskinstance.py:1591} INFO - Exporting the following env vars:
AIRFLOW_CTX_DAG_OWNER=***
AIRFLOW_CTX_DAG_ID=trigger_sensor
AIRFLOW_CTX_TASK_ID=waiting_for_run_file
AIRFLOW_CTX_EXECUTION_DATE=2022-09-01T22:00:19.350934+00:00
AIRFLOW_CTX_TRY_NUMBER=1
AIRFLOW_CTX_DAG_RUN_ID=manual__2022-09-01T22:00:19.350934+00:00
[2022-09-01 22:00:20,827] {base.py:68} INFO - Using connection ID 'my_file_system_practice' for task execution.
[2022-09-01 22:00:20,828] {filesystem.py:58} INFO - Poking for file /opt/***/dags/test.txt
[2022-09-01 22:00:30,845] {base.py:68} INFO - Using connection ID 'my_file_system_practice' for task execution.
[2022-09-01 22:00:30,846] {filesystem.py:58} INFO - Poking for file /opt/***/dags/test.txt
[2022-09-01 22:00:40,845] {base.py:68} INFO - Using connection ID 'my_file_system_practice' for task execution.
[2022-09-01 22:00:40,847] {filesystem.py:58} INFO - Poking for file /opt/***/dags/test.txt
[2022-09-01 22:00:50,870] {base.py:68} INFO - Using connection ID 'my_file_system_practice' for task execution.
[2022-09-01 22:00:50,872] {filesystem.py:58} INFO - Poking for file /opt/***/dags/test.txt
[2022-09-01 22:00:50,873] {filesystem.py:63} INFO - Found File /opt/***/dags/test.txt last modified: 20220901220049
[2022-09-01 22:00:50,874] {base.py:301} INFO - Success criteria met. Exiting.
[2022-09-01 22:00:50,900] {taskinstance.py:1420} INFO - Marking task as SUCCESS. dag_id=trigger_sensor, task_id=waiting_for_run_file, execution_date=20220901T220019, start_date=20220901T220020, end_date=20220901T220050
[2022-09-01 22:00:50,937] {local_task_job.py:156} INFO - Task exited with return code 0
[2022-09-01 22:00:51,016] {local_task_job.py:273} INFO - 1 downstream tasks scheduled from follow-on schedule check
