[2022-08-24 18:42:56,120] {taskinstance.py:1179} INFO - Dependencies all met for <TaskInstance: dynamically_branching1.Process_Start scheduled__2018-12-27T00:00:00+00:00 [queued]>
[2022-08-24 18:42:56,138] {taskinstance.py:1179} INFO - Dependencies all met for <TaskInstance: dynamically_branching1.Process_Start scheduled__2018-12-27T00:00:00+00:00 [queued]>
[2022-08-24 18:42:56,139] {taskinstance.py:1376} INFO - 
--------------------------------------------------------------------------------
[2022-08-24 18:42:56,139] {taskinstance.py:1377} INFO - Starting attempt 1 of 1
[2022-08-24 18:42:56,140] {taskinstance.py:1378} INFO - 
--------------------------------------------------------------------------------
[2022-08-24 18:42:56,192] {taskinstance.py:1397} INFO - Executing <Task(PythonOperator): Process_Start> on 2018-12-27 00:00:00+00:00
[2022-08-24 18:42:56,204] {standard_task_runner.py:52} INFO - Started process 3887 to run task
[2022-08-24 18:42:56,271] {standard_task_runner.py:79} INFO - Running: ['***', 'tasks', 'run', 'dynamically_branching1', 'Process_Start', 'scheduled__2018-12-27T00:00:00+00:00', '--job-id', '872', '--raw', '--subdir', 'DAGS_FOLDER/jobs_dag.py', '--cfg-path', '/tmp/tmppy8qlloh', '--error-file', '/tmp/tmp44hvtg8v']
[2022-08-24 18:42:56,272] {standard_task_runner.py:80} INFO - Job 872: Subtask Process_Start
[2022-08-24 18:42:56,545] {task_command.py:371} INFO - Running <TaskInstance: dynamically_branching1.Process_Start scheduled__2018-12-27T00:00:00+00:00 [running]> on host 9d5d2a77e6ba
[2022-08-24 18:42:56,940] {taskinstance.py:1591} INFO - Exporting the following env vars:
AIRFLOW_CTX_DAG_OWNER=***
AIRFLOW_CTX_DAG_ID=dynamically_branching1
AIRFLOW_CTX_TASK_ID=Process_Start
AIRFLOW_CTX_EXECUTION_DATE=2018-12-27T00:00:00+00:00
AIRFLOW_CTX_TRY_NUMBER=1
AIRFLOW_CTX_DAG_RUN_ID=scheduled__2018-12-27T00:00:00+00:00
[2022-08-24 18:42:56,943] {jobs_dag.py:30} INFO - Process Start!
[2022-08-24 18:42:56,945] {logging_mixin.py:115} INFO - This is DAG: 1
[2022-08-24 18:42:56,946] {python.py:173} INFO - Done. Returned value was: None
[2022-08-24 18:42:57,007] {taskinstance.py:1420} INFO - Marking task as SUCCESS. dag_id=dynamically_branching1, task_id=Process_Start, execution_date=20181227T000000, start_date=20220824T184256, end_date=20220824T184257
[2022-08-24 18:42:57,121] {local_task_job.py:156} INFO - Task exited with return code 0
[2022-08-24 18:42:57,370] {local_task_job.py:273} INFO - 0 downstream tasks scheduled from follow-on schedule check
