[2022-08-24 18:58:33,512] {taskinstance.py:1179} INFO - Dependencies all met for <TaskInstance: dynamically_branching1.check_table_exist manual__2022-08-24T18:58:30.889247+00:00 [queued]>
[2022-08-24 18:58:33,528] {taskinstance.py:1179} INFO - Dependencies all met for <TaskInstance: dynamically_branching1.check_table_exist manual__2022-08-24T18:58:30.889247+00:00 [queued]>
[2022-08-24 18:58:33,529] {taskinstance.py:1376} INFO - 
--------------------------------------------------------------------------------
[2022-08-24 18:58:33,529] {taskinstance.py:1377} INFO - Starting attempt 1 of 1
[2022-08-24 18:58:33,530] {taskinstance.py:1378} INFO - 
--------------------------------------------------------------------------------
[2022-08-24 18:58:33,547] {taskinstance.py:1397} INFO - Executing <Task(BranchPythonOperator): check_table_exist> on 2022-08-24 18:58:30.889247+00:00
[2022-08-24 18:58:33,554] {standard_task_runner.py:52} INFO - Started process 4982 to run task
[2022-08-24 18:58:33,558] {standard_task_runner.py:79} INFO - Running: ['***', 'tasks', 'run', 'dynamically_branching1', 'check_table_exist', 'manual__2022-08-24T18:58:30.889247+00:00', '--job-id', '1077', '--raw', '--subdir', 'DAGS_FOLDER/jobs_dag.py', '--cfg-path', '/tmp/tmpx8s0jeu3', '--error-file', '/tmp/tmprx1sel52']
[2022-08-24 18:58:33,560] {standard_task_runner.py:80} INFO - Job 1077: Subtask check_table_exist
[2022-08-24 18:58:33,653] {task_command.py:371} INFO - Running <TaskInstance: dynamically_branching1.check_table_exist manual__2022-08-24T18:58:30.889247+00:00 [running]> on host 9d5d2a77e6ba
[2022-08-24 18:58:33,751] {taskinstance.py:1591} INFO - Exporting the following env vars:
AIRFLOW_CTX_DAG_OWNER=***
AIRFLOW_CTX_DAG_ID=dynamically_branching1
AIRFLOW_CTX_TASK_ID=check_table_exist
AIRFLOW_CTX_EXECUTION_DATE=2022-08-24T18:58:30.889247+00:00
AIRFLOW_CTX_TRY_NUMBER=1
AIRFLOW_CTX_DAG_RUN_ID=manual__2022-08-24T18:58:30.889247+00:00
[2022-08-24 18:58:33,753] {python.py:173} INFO - Done. Returned value was: create_table
[2022-08-24 18:58:33,754] {skipmixin.py:140} INFO - Following branch create_table
[2022-08-24 18:58:33,755] {skipmixin.py:175} INFO - Skipping tasks []
[2022-08-24 18:58:33,813] {taskinstance.py:1420} INFO - Marking task as SUCCESS. dag_id=dynamically_branching1, task_id=check_table_exist, execution_date=20220824T185830, start_date=20220824T185833, end_date=20220824T185833
[2022-08-24 18:58:33,851] {local_task_job.py:156} INFO - Task exited with return code 0
[2022-08-24 18:58:33,958] {local_task_job.py:273} INFO - 1 downstream tasks scheduled from follow-on schedule check
