[2022-08-24 18:38:54,824] {taskinstance.py:1179} INFO - Dependencies all met for <TaskInstance: dynamically_branching1.query_table scheduled__2018-10-15T00:00:00+00:00 [queued]>
[2022-08-24 18:38:54,869] {taskinstance.py:1179} INFO - Dependencies all met for <TaskInstance: dynamically_branching1.query_table scheduled__2018-10-15T00:00:00+00:00 [queued]>
[2022-08-24 18:38:54,870] {taskinstance.py:1376} INFO - 
--------------------------------------------------------------------------------
[2022-08-24 18:38:54,871] {taskinstance.py:1377} INFO - Starting attempt 1 of 1
[2022-08-24 18:38:54,873] {taskinstance.py:1378} INFO - 
--------------------------------------------------------------------------------
[2022-08-24 18:38:54,941] {taskinstance.py:1397} INFO - Executing <Task(PythonOperator): query_table> on 2018-10-15 00:00:00+00:00
[2022-08-24 18:38:54,960] {standard_task_runner.py:52} INFO - Started process 3425 to run task
[2022-08-24 18:38:54,986] {standard_task_runner.py:79} INFO - Running: ['***', 'tasks', 'run', 'dynamically_branching1', 'query_table', 'scheduled__2018-10-15T00:00:00+00:00', '--job-id', '721', '--raw', '--subdir', 'DAGS_FOLDER/jobs_dag.py', '--cfg-path', '/tmp/tmprsflwq_n', '--error-file', '/tmp/tmp8ym4xbui']
[2022-08-24 18:38:54,994] {standard_task_runner.py:80} INFO - Job 721: Subtask query_table
[2022-08-24 18:38:55,734] {task_command.py:371} INFO - Running <TaskInstance: dynamically_branching1.query_table scheduled__2018-10-15T00:00:00+00:00 [running]> on host 9d5d2a77e6ba
[2022-08-24 18:38:56,408] {taskinstance.py:1591} INFO - Exporting the following env vars:
AIRFLOW_CTX_DAG_OWNER=***
AIRFLOW_CTX_DAG_ID=dynamically_branching1
AIRFLOW_CTX_TASK_ID=query_table
AIRFLOW_CTX_EXECUTION_DATE=2018-10-15T00:00:00+00:00
AIRFLOW_CTX_TRY_NUMBER=1
AIRFLOW_CTX_DAG_RUN_ID=scheduled__2018-10-15T00:00:00+00:00
[2022-08-24 18:38:56,411] {python.py:173} INFO - Done. Returned value was: finish
[2022-08-24 18:38:56,556] {taskinstance.py:1420} INFO - Marking task as SUCCESS. dag_id=dynamically_branching1, task_id=query_table, execution_date=20181015T000000, start_date=20220824T183854, end_date=20220824T183856
[2022-08-24 18:38:56,666] {local_task_job.py:156} INFO - Task exited with return code 0
[2022-08-24 18:38:56,720] {local_task_job.py:273} INFO - 0 downstream tasks scheduled from follow-on schedule check
