[2022-08-24 19:05:32,978] {taskinstance.py:1179} INFO - Dependencies all met for <TaskInstance: dynamically_branching1.bash_task scheduled__2020-03-11T00:00:00+00:00 [queued]>
[2022-08-24 19:05:33,007] {taskinstance.py:1179} INFO - Dependencies all met for <TaskInstance: dynamically_branching1.bash_task scheduled__2020-03-11T00:00:00+00:00 [queued]>
[2022-08-24 19:05:33,008] {taskinstance.py:1376} INFO - 
--------------------------------------------------------------------------------
[2022-08-24 19:05:33,010] {taskinstance.py:1377} INFO - Starting attempt 1 of 1
[2022-08-24 19:05:33,011] {taskinstance.py:1378} INFO - 
--------------------------------------------------------------------------------
[2022-08-24 19:05:33,081] {taskinstance.py:1397} INFO - Executing <Task(BashOperator): bash_task> on 2020-03-11 00:00:00+00:00
[2022-08-24 19:05:33,100] {standard_task_runner.py:52} INFO - Started process 6067 to run task
[2022-08-24 19:05:33,127] {standard_task_runner.py:79} INFO - Running: ['***', 'tasks', 'run', 'dynamically_branching1', 'bash_task', 'scheduled__2020-03-11T00:00:00+00:00', '--job-id', '1462', '--raw', '--subdir', 'DAGS_FOLDER/jobs_dag.py', '--cfg-path', '/tmp/tmpw4s7c5pm', '--error-file', '/tmp/tmp3ixnj2vl']
[2022-08-24 19:05:33,159] {standard_task_runner.py:80} INFO - Job 1462: Subtask bash_task
[2022-08-24 19:05:33,596] {task_command.py:371} INFO - Running <TaskInstance: dynamically_branching1.bash_task scheduled__2020-03-11T00:00:00+00:00 [running]> on host 9d5d2a77e6ba
[2022-08-24 19:05:33,859] {taskinstance.py:1591} INFO - Exporting the following env vars:
AIRFLOW_CTX_DAG_OWNER=***
AIRFLOW_CTX_DAG_ID=dynamically_branching1
AIRFLOW_CTX_TASK_ID=bash_task
AIRFLOW_CTX_EXECUTION_DATE=2020-03-11T00:00:00+00:00
AIRFLOW_CTX_TRY_NUMBER=1
AIRFLOW_CTX_DAG_RUN_ID=scheduled__2020-03-11T00:00:00+00:00
[2022-08-24 19:05:33,862] {subprocess.py:62} INFO - Tmp dir root location: 
 /tmp
[2022-08-24 19:05:33,863] {subprocess.py:74} INFO - Running command: ['bash', '-c', "echo 'command executed from BashOperator'"]
[2022-08-24 19:05:33,897] {subprocess.py:85} INFO - Output:
[2022-08-24 19:05:33,909] {subprocess.py:92} INFO - command executed from BashOperator
[2022-08-24 19:05:33,911] {subprocess.py:96} INFO - Command exited with return code 0
[2022-08-24 19:05:34,046] {taskinstance.py:1420} INFO - Marking task as SUCCESS. dag_id=dynamically_branching1, task_id=bash_task, execution_date=20200311T000000, start_date=20220824T190532, end_date=20220824T190534
[2022-08-24 19:05:34,125] {local_task_job.py:156} INFO - Task exited with return code 0
[2022-08-24 19:05:34,201] {local_task_job.py:273} INFO - 0 downstream tasks scheduled from follow-on schedule check
