[2022-09-02 21:53:04,944] {taskinstance.py:1179} INFO - Dependencies all met for <TaskInstance: trigger_sensor.waiting_for_run_file manual__2022-09-02T21:53:03.149821+00:00 [queued]>
[2022-09-02 21:53:04,975] {taskinstance.py:1179} INFO - Dependencies all met for <TaskInstance: trigger_sensor.waiting_for_run_file manual__2022-09-02T21:53:03.149821+00:00 [queued]>
[2022-09-02 21:53:04,976] {taskinstance.py:1376} INFO - 
--------------------------------------------------------------------------------
[2022-09-02 21:53:04,978] {taskinstance.py:1377} INFO - Starting attempt 1 of 1
[2022-09-02 21:53:04,979] {taskinstance.py:1378} INFO - 
--------------------------------------------------------------------------------
[2022-09-02 21:53:05,047] {taskinstance.py:1397} INFO - Executing <Task(FileSensor): waiting_for_run_file> on 2022-09-02 21:53:03.149821+00:00
[2022-09-02 21:53:05,071] {standard_task_runner.py:52} INFO - Started process 372 to run task
[2022-09-02 21:53:05,079] {standard_task_runner.py:79} INFO - Running: ['***', 'tasks', 'run', 'trigger_sensor', 'waiting_for_run_file', 'manual__2022-09-02T21:53:03.149821+00:00', '--job-id', '3773', '--raw', '--subdir', 'DAGS_FOLDER/trigger_dag.py', '--cfg-path', '/tmp/tmpxrxumlhl', '--error-file', '/tmp/tmp016ot8zm']
[2022-09-02 21:53:05,083] {standard_task_runner.py:80} INFO - Job 3773: Subtask waiting_for_run_file
[2022-09-02 21:53:05,259] {task_command.py:371} INFO - Running <TaskInstance: trigger_sensor.waiting_for_run_file manual__2022-09-02T21:53:03.149821+00:00 [running]> on host 643b3d669374
[2022-09-02 21:53:05,391] {taskinstance.py:1591} INFO - Exporting the following env vars:
AIRFLOW_CTX_DAG_OWNER=***
AIRFLOW_CTX_DAG_ID=trigger_sensor
AIRFLOW_CTX_TASK_ID=waiting_for_run_file
AIRFLOW_CTX_EXECUTION_DATE=2022-09-02T21:53:03.149821+00:00
AIRFLOW_CTX_TRY_NUMBER=1
AIRFLOW_CTX_DAG_RUN_ID=manual__2022-09-02T21:53:03.149821+00:00
[2022-09-02 21:53:05,414] {base.py:68} INFO - Using connection ID 'my_file_system_practice' for task execution.
[2022-09-02 21:53:05,416] {filesystem.py:58} INFO - Poking for file /opt/***/dags/test.txt
[2022-09-02 21:53:15,422] {base.py:68} INFO - Using connection ID 'my_file_system_practice' for task execution.
[2022-09-02 21:53:15,423] {filesystem.py:58} INFO - Poking for file /opt/***/dags/test.txt
[2022-09-02 21:53:25,437] {base.py:68} INFO - Using connection ID 'my_file_system_practice' for task execution.
[2022-09-02 21:53:25,438] {filesystem.py:58} INFO - Poking for file /opt/***/dags/test.txt
[2022-09-02 21:53:35,458] {base.py:68} INFO - Using connection ID 'my_file_system_practice' for task execution.
[2022-09-02 21:53:35,459] {filesystem.py:58} INFO - Poking for file /opt/***/dags/test.txt
[2022-09-02 21:53:35,459] {filesystem.py:63} INFO - Found File /opt/***/dags/test.txt last modified: 20220902215325
[2022-09-02 21:53:35,460] {base.py:301} INFO - Success criteria met. Exiting.
[2022-09-02 21:53:35,478] {taskinstance.py:1420} INFO - Marking task as SUCCESS. dag_id=trigger_sensor, task_id=waiting_for_run_file, execution_date=20220902T215303, start_date=20220902T215304, end_date=20220902T215335
[2022-09-02 21:53:35,522] {local_task_job.py:156} INFO - Task exited with return code 0
[2022-09-02 21:53:35,580] {local_task_job.py:273} INFO - 1 downstream tasks scheduled from follow-on schedule check
