[2022-09-01 22:12:31,347] {taskinstance.py:1179} INFO - Dependencies all met for <TaskInstance: trigger_sensor.process_results.bash_create_timestamp_file manual__2022-09-01T22:11:43.037970+00:00 [queued]>
[2022-09-01 22:12:31,362] {taskinstance.py:1179} INFO - Dependencies all met for <TaskInstance: trigger_sensor.process_results.bash_create_timestamp_file manual__2022-09-01T22:11:43.037970+00:00 [queued]>
[2022-09-01 22:12:31,363] {taskinstance.py:1376} INFO - 
--------------------------------------------------------------------------------
[2022-09-01 22:12:31,363] {taskinstance.py:1377} INFO - Starting attempt 1 of 1
[2022-09-01 22:12:31,364] {taskinstance.py:1378} INFO - 
--------------------------------------------------------------------------------
[2022-09-01 22:12:31,384] {taskinstance.py:1397} INFO - Executing <Task(BashOperator): process_results.bash_create_timestamp_file> on 2022-09-01 22:11:43.037970+00:00
[2022-09-01 22:12:31,394] {standard_task_runner.py:52} INFO - Started process 94507 to run task
[2022-09-01 22:12:31,400] {standard_task_runner.py:79} INFO - Running: ['***', 'tasks', 'run', 'trigger_sensor', 'process_results.bash_create_timestamp_file', 'manual__2022-09-01T22:11:43.037970+00:00', '--job-id', '3718', '--raw', '--subdir', 'DAGS_FOLDER/trigger_dag.py', '--cfg-path', '/tmp/tmp06puympz', '--error-file', '/tmp/tmpj9yewip4']
[2022-09-01 22:12:31,401] {standard_task_runner.py:80} INFO - Job 3718: Subtask process_results.bash_create_timestamp_file
[2022-09-01 22:12:31,497] {task_command.py:371} INFO - Running <TaskInstance: trigger_sensor.process_results.bash_create_timestamp_file manual__2022-09-01T22:11:43.037970+00:00 [running]> on host 9d5d2a77e6ba
[2022-09-01 22:12:31,604] {taskinstance.py:1591} INFO - Exporting the following env vars:
AIRFLOW_CTX_DAG_OWNER=***
AIRFLOW_CTX_DAG_ID=trigger_sensor
AIRFLOW_CTX_TASK_ID=process_results.bash_create_timestamp_file
AIRFLOW_CTX_EXECUTION_DATE=2022-09-01T22:11:43.037970+00:00
AIRFLOW_CTX_TRY_NUMBER=1
AIRFLOW_CTX_DAG_RUN_ID=manual__2022-09-01T22:11:43.037970+00:00
[2022-09-01 22:12:31,606] {subprocess.py:62} INFO - Tmp dir root location: 
 /tmp
[2022-09-01 22:12:31,607] {subprocess.py:74} INFO - Running command: ['bash', '-c', 'echo /opt/***/dags/test.txtfinished_#{ ts_nodash }']
[2022-09-01 22:12:31,630] {subprocess.py:85} INFO - Output:
[2022-09-01 22:12:31,634] {subprocess.py:92} INFO - /opt/***/dags/test.txtfinished_#{ ts_nodash }
[2022-09-01 22:12:31,635] {subprocess.py:96} INFO - Command exited with return code 0
[2022-09-01 22:12:31,680] {taskinstance.py:1420} INFO - Marking task as SUCCESS. dag_id=trigger_sensor, task_id=process_results.bash_create_timestamp_file, execution_date=20220901T221143, start_date=20220901T221231, end_date=20220901T221231
[2022-09-01 22:12:31,733] {local_task_job.py:156} INFO - Task exited with return code 0
[2022-09-01 22:12:31,775] {local_task_job.py:273} INFO - 0 downstream tasks scheduled from follow-on schedule check
