[2022-08-17 15:32:43,447] {taskinstance.py:1179} INFO - Dependencies all met for <TaskInstance: my_dag.training_model_A manual__2022-08-17T15:32:42+00:00 [queued]>
[2022-08-17 15:32:43,476] {taskinstance.py:1179} INFO - Dependencies all met for <TaskInstance: my_dag.training_model_A manual__2022-08-17T15:32:42+00:00 [queued]>
[2022-08-17 15:32:43,477] {taskinstance.py:1376} INFO - 
--------------------------------------------------------------------------------
[2022-08-17 15:32:43,478] {taskinstance.py:1377} INFO - Starting attempt 1 of 1
[2022-08-17 15:32:43,479] {taskinstance.py:1378} INFO - 
--------------------------------------------------------------------------------
[2022-08-17 15:32:43,534] {taskinstance.py:1397} INFO - Executing <Task(PythonOperator): training_model_A> on 2022-08-17 15:32:42+00:00
[2022-08-17 15:32:43,547] {standard_task_runner.py:52} INFO - Started process 2377 to run task
[2022-08-17 15:32:43,568] {standard_task_runner.py:79} INFO - Running: ['***', 'tasks', 'run', 'my_dag', 'training_model_A', 'manual__2022-08-17T15:32:42+00:00', '--job-id', '67', '--raw', '--subdir', 'DAGS_FOLDER/my_dag.py', '--cfg-path', '/tmp/tmp5fqoyual', '--error-file', '/tmp/tmpuua0a_kc']
[2022-08-17 15:32:43,571] {standard_task_runner.py:80} INFO - Job 67: Subtask training_model_A
[2022-08-17 15:32:43,808] {task_command.py:371} INFO - Running <TaskInstance: my_dag.training_model_A manual__2022-08-17T15:32:42+00:00 [running]> on host 9d5d2a77e6ba
[2022-08-17 15:32:43,951] {taskinstance.py:1591} INFO - Exporting the following env vars:
AIRFLOW_CTX_DAG_OWNER=***
AIRFLOW_CTX_DAG_ID=my_dag
AIRFLOW_CTX_TASK_ID=training_model_A
AIRFLOW_CTX_EXECUTION_DATE=2022-08-17T15:32:42+00:00
AIRFLOW_CTX_TRY_NUMBER=1
AIRFLOW_CTX_DAG_RUN_ID=manual__2022-08-17T15:32:42+00:00
[2022-08-17 15:32:43,953] {python.py:173} INFO - Done. Returned value was: 7
[2022-08-17 15:32:44,033] {taskinstance.py:1420} INFO - Marking task as SUCCESS. dag_id=my_dag, task_id=training_model_A, execution_date=20220817T153242, start_date=20220817T153243, end_date=20220817T153244
[2022-08-17 15:32:44,094] {local_task_job.py:156} INFO - Task exited with return code 0
[2022-08-17 15:32:44,179] {local_task_job.py:273} INFO - 1 downstream tasks scheduled from follow-on schedule check
