[2022-08-24 19:06:52,199] {taskinstance.py:1179} INFO - Dependencies all met for <TaskInstance: dynamically_branching1.check_table_exist scheduled__2020-04-29T00:00:00+00:00 [queued]>
[2022-08-24 19:06:52,229] {taskinstance.py:1179} INFO - Dependencies all met for <TaskInstance: dynamically_branching1.check_table_exist scheduled__2020-04-29T00:00:00+00:00 [queued]>
[2022-08-24 19:06:52,235] {taskinstance.py:1376} INFO - 
--------------------------------------------------------------------------------
[2022-08-24 19:06:52,239] {taskinstance.py:1377} INFO - Starting attempt 1 of 1
[2022-08-24 19:06:52,244] {taskinstance.py:1378} INFO - 
--------------------------------------------------------------------------------
[2022-08-24 19:06:52,324] {taskinstance.py:1397} INFO - Executing <Task(BranchPythonOperator): check_table_exist> on 2020-04-29 00:00:00+00:00
[2022-08-24 19:06:52,355] {standard_task_runner.py:52} INFO - Started process 6356 to run task
[2022-08-24 19:06:52,392] {standard_task_runner.py:79} INFO - Running: ['***', 'tasks', 'run', 'dynamically_branching1', 'check_table_exist', 'scheduled__2020-04-29T00:00:00+00:00', '--job-id', '1561', '--raw', '--subdir', 'DAGS_FOLDER/jobs_dag.py', '--cfg-path', '/tmp/tmprtvclm93', '--error-file', '/tmp/tmpk0t17756']
[2022-08-24 19:06:52,394] {standard_task_runner.py:80} INFO - Job 1561: Subtask check_table_exist
[2022-08-24 19:06:52,938] {task_command.py:371} INFO - Running <TaskInstance: dynamically_branching1.check_table_exist scheduled__2020-04-29T00:00:00+00:00 [running]> on host 9d5d2a77e6ba
[2022-08-24 19:06:53,279] {taskinstance.py:1591} INFO - Exporting the following env vars:
AIRFLOW_CTX_DAG_OWNER=***
AIRFLOW_CTX_DAG_ID=dynamically_branching1
AIRFLOW_CTX_TASK_ID=check_table_exist
AIRFLOW_CTX_EXECUTION_DATE=2020-04-29T00:00:00+00:00
AIRFLOW_CTX_TRY_NUMBER=1
AIRFLOW_CTX_DAG_RUN_ID=scheduled__2020-04-29T00:00:00+00:00
[2022-08-24 19:06:53,281] {python.py:173} INFO - Done. Returned value was: insert_row
[2022-08-24 19:06:53,283] {skipmixin.py:140} INFO - Following branch insert_row
[2022-08-24 19:06:53,284] {skipmixin.py:175} INFO - Skipping tasks ['create_table']
[2022-08-24 19:06:53,442] {taskinstance.py:1420} INFO - Marking task as SUCCESS. dag_id=dynamically_branching1, task_id=check_table_exist, execution_date=20200429T000000, start_date=20220824T190652, end_date=20220824T190653
[2022-08-24 19:06:53,512] {local_task_job.py:156} INFO - Task exited with return code 0
[2022-08-24 19:06:53,649] {local_task_job.py:273} INFO - 1 downstream tasks scheduled from follow-on schedule check
