[2022-09-01 19:37:19,882] {taskinstance.py:1179} INFO - Dependencies all met for <TaskInstance: dynamically_branching1.check_table_exist manual__2022-09-01T19:29:14.755210+00:00 [queued]>
[2022-09-01 19:37:19,956] {taskinstance.py:1179} INFO - Dependencies all met for <TaskInstance: dynamically_branching1.check_table_exist manual__2022-09-01T19:29:14.755210+00:00 [queued]>
[2022-09-01 19:37:19,959] {taskinstance.py:1376} INFO - 
--------------------------------------------------------------------------------
[2022-09-01 19:37:19,960] {taskinstance.py:1377} INFO - Starting attempt 1 of 1
[2022-09-01 19:37:19,962] {taskinstance.py:1378} INFO - 
--------------------------------------------------------------------------------
[2022-09-01 19:37:20,152] {taskinstance.py:1397} INFO - Executing <Task(BranchPythonOperator): check_table_exist> on 2022-09-01 19:29:14.755210+00:00
[2022-09-01 19:37:20,167] {standard_task_runner.py:52} INFO - Started process 91112 to run task
[2022-09-01 19:37:20,238] {standard_task_runner.py:79} INFO - Running: ['***', 'tasks', 'run', 'dynamically_branching1', 'check_table_exist', 'manual__2022-09-01T19:29:14.755210+00:00', '--job-id', '3595', '--raw', '--subdir', 'DAGS_FOLDER/jobs_dag.py', '--cfg-path', '/tmp/tmpdb3uhday', '--error-file', '/tmp/tmpgrem0y_0']
[2022-09-01 19:37:20,255] {standard_task_runner.py:80} INFO - Job 3595: Subtask check_table_exist
[2022-09-01 19:37:20,934] {task_command.py:371} INFO - Running <TaskInstance: dynamically_branching1.check_table_exist manual__2022-09-01T19:29:14.755210+00:00 [running]> on host 9d5d2a77e6ba
[2022-09-01 19:37:21,451] {taskinstance.py:1591} INFO - Exporting the following env vars:
AIRFLOW_CTX_DAG_OWNER=***
AIRFLOW_CTX_DAG_ID=dynamically_branching1
AIRFLOW_CTX_TASK_ID=check_table_exist
AIRFLOW_CTX_EXECUTION_DATE=2022-09-01T19:29:14.755210+00:00
AIRFLOW_CTX_TRY_NUMBER=1
AIRFLOW_CTX_DAG_RUN_ID=manual__2022-09-01T19:29:14.755210+00:00
[2022-09-01 19:37:21,454] {python.py:173} INFO - Done. Returned value was: insert_row
[2022-09-01 19:37:21,456] {skipmixin.py:140} INFO - Following branch insert_row
[2022-09-01 19:37:21,457] {skipmixin.py:175} INFO - Skipping tasks ['create_table']
[2022-09-01 19:37:21,711] {taskinstance.py:1420} INFO - Marking task as SUCCESS. dag_id=dynamically_branching1, task_id=check_table_exist, execution_date=20220901T192914, start_date=20220901T193719, end_date=20220901T193721
[2022-09-01 19:37:21,942] {local_task_job.py:156} INFO - Task exited with return code 0
[2022-09-01 19:37:22,279] {local_task_job.py:273} INFO - 1 downstream tasks scheduled from follow-on schedule check
