[2022-08-24 19:11:05,101] {taskinstance.py:1179} INFO - Dependencies all met for <TaskInstance: dynamically_branching1.bash_task scheduled__2020-10-19T00:00:00+00:00 [queued]>
[2022-08-24 19:11:05,167] {taskinstance.py:1179} INFO - Dependencies all met for <TaskInstance: dynamically_branching1.bash_task scheduled__2020-10-19T00:00:00+00:00 [queued]>
[2022-08-24 19:11:05,175] {taskinstance.py:1376} INFO - 
--------------------------------------------------------------------------------
[2022-08-24 19:11:05,177] {taskinstance.py:1377} INFO - Starting attempt 1 of 1
[2022-08-24 19:11:05,178] {taskinstance.py:1378} INFO - 
--------------------------------------------------------------------------------
[2022-08-24 19:11:05,315] {taskinstance.py:1397} INFO - Executing <Task(BashOperator): bash_task> on 2020-10-19 00:00:00+00:00
[2022-08-24 19:11:05,406] {standard_task_runner.py:52} INFO - Started process 7449 to run task
[2022-08-24 19:11:05,453] {standard_task_runner.py:79} INFO - Running: ['***', 'tasks', 'run', 'dynamically_branching1', 'bash_task', 'scheduled__2020-10-19T00:00:00+00:00', '--job-id', '1908', '--raw', '--subdir', 'DAGS_FOLDER/jobs_dag.py', '--cfg-path', '/tmp/tmp9u3l_px6', '--error-file', '/tmp/tmp3q_jgqqv']
[2022-08-24 19:11:05,455] {standard_task_runner.py:80} INFO - Job 1908: Subtask bash_task
[2022-08-24 19:11:05,759] {task_command.py:371} INFO - Running <TaskInstance: dynamically_branching1.bash_task scheduled__2020-10-19T00:00:00+00:00 [running]> on host 9d5d2a77e6ba
[2022-08-24 19:11:06,137] {taskinstance.py:1591} INFO - Exporting the following env vars:
AIRFLOW_CTX_DAG_OWNER=***
AIRFLOW_CTX_DAG_ID=dynamically_branching1
AIRFLOW_CTX_TASK_ID=bash_task
AIRFLOW_CTX_EXECUTION_DATE=2020-10-19T00:00:00+00:00
AIRFLOW_CTX_TRY_NUMBER=1
AIRFLOW_CTX_DAG_RUN_ID=scheduled__2020-10-19T00:00:00+00:00
[2022-08-24 19:11:06,142] {subprocess.py:62} INFO - Tmp dir root location: 
 /tmp
[2022-08-24 19:11:06,146] {subprocess.py:74} INFO - Running command: ['bash', '-c', 'echo $(whoami)']
[2022-08-24 19:11:06,175] {subprocess.py:85} INFO - Output:
[2022-08-24 19:11:06,190] {subprocess.py:92} INFO - default
[2022-08-24 19:11:06,192] {subprocess.py:96} INFO - Command exited with return code 0
[2022-08-24 19:11:06,303] {taskinstance.py:1420} INFO - Marking task as SUCCESS. dag_id=dynamically_branching1, task_id=bash_task, execution_date=20201019T000000, start_date=20220824T191105, end_date=20220824T191106
[2022-08-24 19:11:06,367] {local_task_job.py:156} INFO - Task exited with return code 0
[2022-08-24 19:11:06,612] {local_task_job.py:273} INFO - 0 downstream tasks scheduled from follow-on schedule check
