[2022-08-24 19:06:10,002] {taskinstance.py:1179} INFO - Dependencies all met for <TaskInstance: dynamically_branching1.check_table_exist scheduled__2020-03-26T00:00:00+00:00 [queued]>
[2022-08-24 19:06:10,064] {taskinstance.py:1179} INFO - Dependencies all met for <TaskInstance: dynamically_branching1.check_table_exist scheduled__2020-03-26T00:00:00+00:00 [queued]>
[2022-08-24 19:06:10,066] {taskinstance.py:1376} INFO - 
--------------------------------------------------------------------------------
[2022-08-24 19:06:10,069] {taskinstance.py:1377} INFO - Starting attempt 1 of 1
[2022-08-24 19:06:10,070] {taskinstance.py:1378} INFO - 
--------------------------------------------------------------------------------
[2022-08-24 19:06:10,185] {taskinstance.py:1397} INFO - Executing <Task(BranchPythonOperator): check_table_exist> on 2020-03-26 00:00:00+00:00
[2022-08-24 19:06:10,201] {standard_task_runner.py:52} INFO - Started process 6190 to run task
[2022-08-24 19:06:10,248] {standard_task_runner.py:79} INFO - Running: ['***', 'tasks', 'run', 'dynamically_branching1', 'check_table_exist', 'scheduled__2020-03-26T00:00:00+00:00', '--job-id', '1499', '--raw', '--subdir', 'DAGS_FOLDER/jobs_dag.py', '--cfg-path', '/tmp/tmphvjtthic', '--error-file', '/tmp/tmpw30a6byw']
[2022-08-24 19:06:10,250] {standard_task_runner.py:80} INFO - Job 1499: Subtask check_table_exist
[2022-08-24 19:06:10,560] {task_command.py:371} INFO - Running <TaskInstance: dynamically_branching1.check_table_exist scheduled__2020-03-26T00:00:00+00:00 [running]> on host 9d5d2a77e6ba
[2022-08-24 19:06:11,029] {taskinstance.py:1591} INFO - Exporting the following env vars:
AIRFLOW_CTX_DAG_OWNER=***
AIRFLOW_CTX_DAG_ID=dynamically_branching1
AIRFLOW_CTX_TASK_ID=check_table_exist
AIRFLOW_CTX_EXECUTION_DATE=2020-03-26T00:00:00+00:00
AIRFLOW_CTX_TRY_NUMBER=1
AIRFLOW_CTX_DAG_RUN_ID=scheduled__2020-03-26T00:00:00+00:00
[2022-08-24 19:06:11,033] {python.py:173} INFO - Done. Returned value was: insert_row
[2022-08-24 19:06:11,034] {skipmixin.py:140} INFO - Following branch insert_row
[2022-08-24 19:06:11,035] {skipmixin.py:175} INFO - Skipping tasks ['create_table']
[2022-08-24 19:06:11,221] {taskinstance.py:1420} INFO - Marking task as SUCCESS. dag_id=dynamically_branching1, task_id=check_table_exist, execution_date=20200326T000000, start_date=20220824T190610, end_date=20220824T190611
[2022-08-24 19:06:11,331] {local_task_job.py:156} INFO - Task exited with return code 0
[2022-08-24 19:06:11,516] {local_task_job.py:273} INFO - 1 downstream tasks scheduled from follow-on schedule check
