[2022-08-24 19:07:45,590] {taskinstance.py:1179} INFO - Dependencies all met for <TaskInstance: dynamically_branching1.bash_task scheduled__2020-06-10T00:00:00+00:00 [queued]>
[2022-08-24 19:07:45,698] {taskinstance.py:1179} INFO - Dependencies all met for <TaskInstance: dynamically_branching1.bash_task scheduled__2020-06-10T00:00:00+00:00 [queued]>
[2022-08-24 19:07:45,700] {taskinstance.py:1376} INFO - 
--------------------------------------------------------------------------------
[2022-08-24 19:07:45,710] {taskinstance.py:1377} INFO - Starting attempt 1 of 1
[2022-08-24 19:07:45,715] {taskinstance.py:1378} INFO - 
--------------------------------------------------------------------------------
[2022-08-24 19:07:45,813] {taskinstance.py:1397} INFO - Executing <Task(BashOperator): bash_task> on 2020-06-10 00:00:00+00:00
[2022-08-24 19:07:45,865] {standard_task_runner.py:52} INFO - Started process 6581 to run task
[2022-08-24 19:07:45,925] {standard_task_runner.py:79} INFO - Running: ['***', 'tasks', 'run', 'dynamically_branching1', 'bash_task', 'scheduled__2020-06-10T00:00:00+00:00', '--job-id', '1639', '--raw', '--subdir', 'DAGS_FOLDER/jobs_dag.py', '--cfg-path', '/tmp/tmpm_hl9a27', '--error-file', '/tmp/tmpu2fc04f3']
[2022-08-24 19:07:45,929] {standard_task_runner.py:80} INFO - Job 1639: Subtask bash_task
[2022-08-24 19:07:46,467] {task_command.py:371} INFO - Running <TaskInstance: dynamically_branching1.bash_task scheduled__2020-06-10T00:00:00+00:00 [running]> on host 9d5d2a77e6ba
[2022-08-24 19:07:47,438] {taskinstance.py:1591} INFO - Exporting the following env vars:
AIRFLOW_CTX_DAG_OWNER=***
AIRFLOW_CTX_DAG_ID=dynamically_branching1
AIRFLOW_CTX_TASK_ID=bash_task
AIRFLOW_CTX_EXECUTION_DATE=2020-06-10T00:00:00+00:00
AIRFLOW_CTX_TRY_NUMBER=1
AIRFLOW_CTX_DAG_RUN_ID=scheduled__2020-06-10T00:00:00+00:00
[2022-08-24 19:07:47,472] {subprocess.py:62} INFO - Tmp dir root location: 
 /tmp
[2022-08-24 19:07:47,499] {subprocess.py:74} INFO - Running command: ['bash', '-c', 'whoami']
[2022-08-24 19:07:47,795] {subprocess.py:85} INFO - Output:
[2022-08-24 19:07:47,877] {subprocess.py:92} INFO - default
[2022-08-24 19:07:47,879] {subprocess.py:96} INFO - Command exited with return code 0
[2022-08-24 19:07:48,246] {taskinstance.py:1420} INFO - Marking task as SUCCESS. dag_id=dynamically_branching1, task_id=bash_task, execution_date=20200610T000000, start_date=20220824T190745, end_date=20220824T190748
[2022-08-24 19:07:49,027] {local_task_job.py:156} INFO - Task exited with return code 0
[2022-08-24 19:07:49,847] {local_task_job.py:273} INFO - 1 downstream tasks scheduled from follow-on schedule check
