[2022-09-06 16:26:54,874] {taskinstance.py:1179} INFO - Dependencies all met for <TaskInstance: tables_name_1.query_table manual__2022-09-06T16:26:50.540360+00:00 [queued]>
[2022-09-06 16:26:54,892] {taskinstance.py:1179} INFO - Dependencies all met for <TaskInstance: tables_name_1.query_table manual__2022-09-06T16:26:50.540360+00:00 [queued]>
[2022-09-06 16:26:54,893] {taskinstance.py:1376} INFO - 
--------------------------------------------------------------------------------
[2022-09-06 16:26:54,895] {taskinstance.py:1377} INFO - Starting attempt 1 of 1
[2022-09-06 16:26:54,897] {taskinstance.py:1378} INFO - 
--------------------------------------------------------------------------------
[2022-09-06 16:26:54,924] {taskinstance.py:1397} INFO - Executing <Task(PythonOperator): query_table> on 2022-09-06 16:26:50.540360+00:00
[2022-09-06 16:26:54,934] {standard_task_runner.py:52} INFO - Started process 6798 to run task
[2022-09-06 16:26:54,940] {standard_task_runner.py:79} INFO - Running: ['***', 'tasks', 'run', 'tables_name_1', 'query_table', 'manual__2022-09-06T16:26:50.540360+00:00', '--job-id', '3851', '--raw', '--subdir', 'DAGS_FOLDER/jobs_dag.py', '--cfg-path', '/tmp/tmpbt3rvye7', '--error-file', '/tmp/tmpdjpu417r']
[2022-09-06 16:26:54,941] {standard_task_runner.py:80} INFO - Job 3851: Subtask query_table
[2022-09-06 16:26:55,031] {task_command.py:371} INFO - Running <TaskInstance: tables_name_1.query_table manual__2022-09-06T16:26:50.540360+00:00 [running]> on host eba23da77ca5
[2022-09-06 16:26:55,145] {taskinstance.py:1591} INFO - Exporting the following env vars:
AIRFLOW_CTX_DAG_OWNER=***
AIRFLOW_CTX_DAG_ID=tables_name_1
AIRFLOW_CTX_TASK_ID=query_table
AIRFLOW_CTX_EXECUTION_DATE=2022-09-06T16:26:50.540360+00:00
AIRFLOW_CTX_TRY_NUMBER=1
AIRFLOW_CTX_DAG_RUN_ID=manual__2022-09-06T16:26:50.540360+00:00
[2022-09-06 16:26:55,167] {python.py:173} INFO - Done. Returned value was: None
[2022-09-06 16:26:55,186] {taskinstance.py:1420} INFO - Marking task as SUCCESS. dag_id=tables_name_1, task_id=query_table, execution_date=20220906T162650, start_date=20220906T162654, end_date=20220906T162655
[2022-09-06 16:26:55,233] {local_task_job.py:156} INFO - Task exited with return code 0
[2022-09-06 16:26:55,289] {local_task_job.py:273} INFO - 0 downstream tasks scheduled from follow-on schedule check
