[2022-08-24 19:07:00,017] {taskinstance.py:1179} INFO - Dependencies all met for <TaskInstance: dynamically_branching1.bash_task scheduled__2020-05-03T00:00:00+00:00 [queued]>
[2022-08-24 19:07:00,063] {taskinstance.py:1179} INFO - Dependencies all met for <TaskInstance: dynamically_branching1.bash_task scheduled__2020-05-03T00:00:00+00:00 [queued]>
[2022-08-24 19:07:00,066] {taskinstance.py:1376} INFO - 
--------------------------------------------------------------------------------
[2022-08-24 19:07:00,068] {taskinstance.py:1377} INFO - Starting attempt 1 of 1
[2022-08-24 19:07:00,070] {taskinstance.py:1378} INFO - 
--------------------------------------------------------------------------------
[2022-08-24 19:07:00,129] {taskinstance.py:1397} INFO - Executing <Task(BashOperator): bash_task> on 2020-05-03 00:00:00+00:00
[2022-08-24 19:07:00,156] {standard_task_runner.py:52} INFO - Started process 6379 to run task
[2022-08-24 19:07:00,166] {standard_task_runner.py:79} INFO - Running: ['***', 'tasks', 'run', 'dynamically_branching1', 'bash_task', 'scheduled__2020-05-03T00:00:00+00:00', '--job-id', '1568', '--raw', '--subdir', 'DAGS_FOLDER/jobs_dag.py', '--cfg-path', '/tmp/tmpiq7t2vgv', '--error-file', '/tmp/tmpgtki3o6y']
[2022-08-24 19:07:00,178] {standard_task_runner.py:80} INFO - Job 1568: Subtask bash_task
[2022-08-24 19:07:00,525] {task_command.py:371} INFO - Running <TaskInstance: dynamically_branching1.bash_task scheduled__2020-05-03T00:00:00+00:00 [running]> on host 9d5d2a77e6ba
[2022-08-24 19:07:01,022] {taskinstance.py:1591} INFO - Exporting the following env vars:
AIRFLOW_CTX_DAG_OWNER=***
AIRFLOW_CTX_DAG_ID=dynamically_branching1
AIRFLOW_CTX_TASK_ID=bash_task
AIRFLOW_CTX_EXECUTION_DATE=2020-05-03T00:00:00+00:00
AIRFLOW_CTX_TRY_NUMBER=1
AIRFLOW_CTX_DAG_RUN_ID=scheduled__2020-05-03T00:00:00+00:00
[2022-08-24 19:07:01,031] {subprocess.py:62} INFO - Tmp dir root location: 
 /tmp
[2022-08-24 19:07:01,041] {subprocess.py:74} INFO - Running command: ['bash', '-c', 'whoami']
[2022-08-24 19:07:01,096] {subprocess.py:85} INFO - Output:
[2022-08-24 19:07:01,102] {subprocess.py:92} INFO - default
[2022-08-24 19:07:01,109] {subprocess.py:96} INFO - Command exited with return code 0
[2022-08-24 19:07:01,212] {taskinstance.py:1420} INFO - Marking task as SUCCESS. dag_id=dynamically_branching1, task_id=bash_task, execution_date=20200503T000000, start_date=20220824T190700, end_date=20220824T190701
[2022-08-24 19:07:01,332] {local_task_job.py:156} INFO - Task exited with return code 0
[2022-08-24 19:07:01,613] {local_task_job.py:273} INFO - 1 downstream tasks scheduled from follow-on schedule check
