[2022-08-19 20:55:35,347] {taskinstance.py:1179} INFO - Dependencies all met for <TaskInstance: loop_hello_world_1.hello_world scheduled__2022-07-27T00:00:00+00:00 [queued]>
[2022-08-19 20:55:35,388] {taskinstance.py:1179} INFO - Dependencies all met for <TaskInstance: loop_hello_world_1.hello_world scheduled__2022-07-27T00:00:00+00:00 [queued]>
[2022-08-19 20:55:35,390] {taskinstance.py:1376} INFO - 
--------------------------------------------------------------------------------
[2022-08-19 20:55:35,391] {taskinstance.py:1377} INFO - Starting attempt 1 of 1
[2022-08-19 20:55:35,394] {taskinstance.py:1378} INFO - 
--------------------------------------------------------------------------------
[2022-08-19 20:55:35,443] {taskinstance.py:1397} INFO - Executing <Task(PythonOperator): hello_world> on 2022-07-27 00:00:00+00:00
[2022-08-19 20:55:35,454] {standard_task_runner.py:52} INFO - Started process 17115 to run task
[2022-08-19 20:55:35,507] {standard_task_runner.py:79} INFO - Running: ['***', 'tasks', 'run', 'loop_hello_world_1', 'hello_world', 'scheduled__2022-07-27T00:00:00+00:00', '--job-id', '659', '--raw', '--subdir', 'DAGS_FOLDER/practiceDag1.py', '--cfg-path', '/tmp/tmp2ti4w4va', '--error-file', '/tmp/tmpf1839cor']
[2022-08-19 20:55:35,521] {standard_task_runner.py:80} INFO - Job 659: Subtask hello_world
[2022-08-19 20:55:36,178] {task_command.py:371} INFO - Running <TaskInstance: loop_hello_world_1.hello_world scheduled__2022-07-27T00:00:00+00:00 [running]> on host 9d5d2a77e6ba
[2022-08-19 20:55:36,817] {taskinstance.py:1591} INFO - Exporting the following env vars:
AIRFLOW_CTX_DAG_OWNER=***
AIRFLOW_CTX_DAG_ID=loop_hello_world_1
AIRFLOW_CTX_TASK_ID=hello_world
AIRFLOW_CTX_EXECUTION_DATE=2022-07-27T00:00:00+00:00
AIRFLOW_CTX_TRY_NUMBER=1
AIRFLOW_CTX_DAG_RUN_ID=scheduled__2022-07-27T00:00:00+00:00
[2022-08-19 20:55:36,823] {logging_mixin.py:115} INFO - Hello World
[2022-08-19 20:55:36,828] {logging_mixin.py:115} INFO - This is DAG: 1
[2022-08-19 20:55:36,829] {python.py:173} INFO - Done. Returned value was: None
[2022-08-19 20:55:36,915] {taskinstance.py:1420} INFO - Marking task as SUCCESS. dag_id=loop_hello_world_1, task_id=hello_world, execution_date=20220727T000000, start_date=20220819T205535, end_date=20220819T205536
[2022-08-19 20:55:37,125] {local_task_job.py:156} INFO - Task exited with return code 0
[2022-08-19 20:55:37,270] {local_task_job.py:273} INFO - 0 downstream tasks scheduled from follow-on schedule check
