[2022-08-24 19:11:08,684] {taskinstance.py:1179} INFO - Dependencies all met for <TaskInstance: dynamically_branching1.check_table_exist scheduled__2020-10-19T00:00:00+00:00 [queued]>
[2022-08-24 19:11:08,749] {taskinstance.py:1179} INFO - Dependencies all met for <TaskInstance: dynamically_branching1.check_table_exist scheduled__2020-10-19T00:00:00+00:00 [queued]>
[2022-08-24 19:11:08,750] {taskinstance.py:1376} INFO - 
--------------------------------------------------------------------------------
[2022-08-24 19:11:08,751] {taskinstance.py:1377} INFO - Starting attempt 1 of 1
[2022-08-24 19:11:08,752] {taskinstance.py:1378} INFO - 
--------------------------------------------------------------------------------
[2022-08-24 19:11:08,856] {taskinstance.py:1397} INFO - Executing <Task(BranchPythonOperator): check_table_exist> on 2020-10-19 00:00:00+00:00
[2022-08-24 19:11:08,876] {standard_task_runner.py:52} INFO - Started process 7485 to run task
[2022-08-24 19:11:08,892] {standard_task_runner.py:79} INFO - Running: ['***', 'tasks', 'run', 'dynamically_branching1', 'check_table_exist', 'scheduled__2020-10-19T00:00:00+00:00', '--job-id', '1916', '--raw', '--subdir', 'DAGS_FOLDER/jobs_dag.py', '--cfg-path', '/tmp/tmppatuh_v0', '--error-file', '/tmp/tmpc9o9ez17']
[2022-08-24 19:11:08,907] {standard_task_runner.py:80} INFO - Job 1916: Subtask check_table_exist
[2022-08-24 19:11:09,158] {task_command.py:371} INFO - Running <TaskInstance: dynamically_branching1.check_table_exist scheduled__2020-10-19T00:00:00+00:00 [running]> on host 9d5d2a77e6ba
[2022-08-24 19:11:09,561] {taskinstance.py:1591} INFO - Exporting the following env vars:
AIRFLOW_CTX_DAG_OWNER=***
AIRFLOW_CTX_DAG_ID=dynamically_branching1
AIRFLOW_CTX_TASK_ID=check_table_exist
AIRFLOW_CTX_EXECUTION_DATE=2020-10-19T00:00:00+00:00
AIRFLOW_CTX_TRY_NUMBER=1
AIRFLOW_CTX_DAG_RUN_ID=scheduled__2020-10-19T00:00:00+00:00
[2022-08-24 19:11:09,564] {python.py:173} INFO - Done. Returned value was: insert_row
[2022-08-24 19:11:09,565] {skipmixin.py:140} INFO - Following branch insert_row
[2022-08-24 19:11:09,566] {skipmixin.py:175} INFO - Skipping tasks ['create_table']
[2022-08-24 19:11:09,709] {taskinstance.py:1420} INFO - Marking task as SUCCESS. dag_id=dynamically_branching1, task_id=check_table_exist, execution_date=20201019T000000, start_date=20220824T191108, end_date=20220824T191109
[2022-08-24 19:11:09,798] {local_task_job.py:156} INFO - Task exited with return code 0
[2022-08-24 19:11:09,937] {local_task_job.py:273} INFO - 0 downstream tasks scheduled from follow-on schedule check
