[2022-08-24 19:04:52,411] {taskinstance.py:1179} INFO - Dependencies all met for <TaskInstance: dynamically_branching1.check_table_exist scheduled__2020-02-09T00:00:00+00:00 [queued]>
[2022-08-24 19:04:52,431] {taskinstance.py:1179} INFO - Dependencies all met for <TaskInstance: dynamically_branching1.check_table_exist scheduled__2020-02-09T00:00:00+00:00 [queued]>
[2022-08-24 19:04:52,432] {taskinstance.py:1376} INFO - 
--------------------------------------------------------------------------------
[2022-08-24 19:04:52,433] {taskinstance.py:1377} INFO - Starting attempt 1 of 1
[2022-08-24 19:04:52,434] {taskinstance.py:1378} INFO - 
--------------------------------------------------------------------------------
[2022-08-24 19:04:52,475] {taskinstance.py:1397} INFO - Executing <Task(BranchPythonOperator): check_table_exist> on 2020-02-09 00:00:00+00:00
[2022-08-24 19:04:52,491] {standard_task_runner.py:52} INFO - Started process 5913 to run task
[2022-08-24 19:04:52,507] {standard_task_runner.py:79} INFO - Running: ['***', 'tasks', 'run', 'dynamically_branching1', 'check_table_exist', 'scheduled__2020-02-09T00:00:00+00:00', '--job-id', '1404', '--raw', '--subdir', 'DAGS_FOLDER/jobs_dag.py', '--cfg-path', '/tmp/tmpmh5q7kb0', '--error-file', '/tmp/tmp3pajldnq']
[2022-08-24 19:04:52,509] {standard_task_runner.py:80} INFO - Job 1404: Subtask check_table_exist
[2022-08-24 19:04:52,788] {task_command.py:371} INFO - Running <TaskInstance: dynamically_branching1.check_table_exist scheduled__2020-02-09T00:00:00+00:00 [running]> on host 9d5d2a77e6ba
[2022-08-24 19:04:53,062] {taskinstance.py:1591} INFO - Exporting the following env vars:
AIRFLOW_CTX_DAG_OWNER=***
AIRFLOW_CTX_DAG_ID=dynamically_branching1
AIRFLOW_CTX_TASK_ID=check_table_exist
AIRFLOW_CTX_EXECUTION_DATE=2020-02-09T00:00:00+00:00
AIRFLOW_CTX_TRY_NUMBER=1
AIRFLOW_CTX_DAG_RUN_ID=scheduled__2020-02-09T00:00:00+00:00
[2022-08-24 19:04:53,066] {python.py:173} INFO - Done. Returned value was: insert_row
[2022-08-24 19:04:53,067] {skipmixin.py:140} INFO - Following branch insert_row
[2022-08-24 19:04:53,068] {skipmixin.py:175} INFO - Skipping tasks ['create_table']
[2022-08-24 19:04:53,364] {taskinstance.py:1420} INFO - Marking task as SUCCESS. dag_id=dynamically_branching1, task_id=check_table_exist, execution_date=20200209T000000, start_date=20220824T190452, end_date=20220824T190453
[2022-08-24 19:04:53,449] {local_task_job.py:156} INFO - Task exited with return code 0
[2022-08-24 19:04:53,658] {local_task_job.py:273} INFO - 0 downstream tasks scheduled from follow-on schedule check
