[2022-08-24 19:22:22,911] {taskinstance.py:1179} INFO - Dependencies all met for <TaskInstance: dynamically_branching1.bash_task scheduled__2022-05-21T00:00:00+00:00 [queued]>
[2022-08-24 19:22:22,967] {taskinstance.py:1179} INFO - Dependencies all met for <TaskInstance: dynamically_branching1.bash_task scheduled__2022-05-21T00:00:00+00:00 [queued]>
[2022-08-24 19:22:22,968] {taskinstance.py:1376} INFO - 
--------------------------------------------------------------------------------
[2022-08-24 19:22:22,969] {taskinstance.py:1377} INFO - Starting attempt 1 of 1
[2022-08-24 19:22:22,970] {taskinstance.py:1378} INFO - 
--------------------------------------------------------------------------------
[2022-08-24 19:22:23,030] {taskinstance.py:1397} INFO - Executing <Task(BashOperator): bash_task> on 2022-05-21 00:00:00+00:00
[2022-08-24 19:22:23,056] {standard_task_runner.py:52} INFO - Started process 11238 to run task
[2022-08-24 19:22:23,087] {standard_task_runner.py:79} INFO - Running: ['***', 'tasks', 'run', 'dynamically_branching1', 'bash_task', 'scheduled__2022-05-21T00:00:00+00:00', '--job-id', '3060', '--raw', '--subdir', 'DAGS_FOLDER/jobs_dag.py', '--cfg-path', '/tmp/tmpxa0j5ioh', '--error-file', '/tmp/tmpg0rox39c']
[2022-08-24 19:22:23,089] {standard_task_runner.py:80} INFO - Job 3060: Subtask bash_task
[2022-08-24 19:22:23,433] {task_command.py:371} INFO - Running <TaskInstance: dynamically_branching1.bash_task scheduled__2022-05-21T00:00:00+00:00 [running]> on host 9d5d2a77e6ba
[2022-08-24 19:22:23,878] {taskinstance.py:1591} INFO - Exporting the following env vars:
AIRFLOW_CTX_DAG_OWNER=***
AIRFLOW_CTX_DAG_ID=dynamically_branching1
AIRFLOW_CTX_TASK_ID=bash_task
AIRFLOW_CTX_EXECUTION_DATE=2022-05-21T00:00:00+00:00
AIRFLOW_CTX_TRY_NUMBER=1
AIRFLOW_CTX_DAG_RUN_ID=scheduled__2022-05-21T00:00:00+00:00
[2022-08-24 19:22:23,883] {subprocess.py:62} INFO - Tmp dir root location: 
 /tmp
[2022-08-24 19:22:23,885] {subprocess.py:74} INFO - Running command: ['bash', '-c', 'echo $(whoami)']
[2022-08-24 19:22:23,945] {subprocess.py:85} INFO - Output:
[2022-08-24 19:22:23,958] {subprocess.py:92} INFO - default
[2022-08-24 19:22:23,959] {subprocess.py:96} INFO - Command exited with return code 0
[2022-08-24 19:22:24,149] {taskinstance.py:1420} INFO - Marking task as SUCCESS. dag_id=dynamically_branching1, task_id=bash_task, execution_date=20220521T000000, start_date=20220824T192222, end_date=20220824T192224
[2022-08-24 19:22:24,313] {local_task_job.py:156} INFO - Task exited with return code 0
[2022-08-24 19:22:24,592] {local_task_job.py:273} INFO - 0 downstream tasks scheduled from follow-on schedule check
