[2022-08-24 18:43:46,235] {taskinstance.py:1179} INFO - Dependencies all met for <TaskInstance: dynamically_branching1.query_table scheduled__2019-01-26T00:00:00+00:00 [queued]>
[2022-08-24 18:43:46,274] {taskinstance.py:1179} INFO - Dependencies all met for <TaskInstance: dynamically_branching1.query_table scheduled__2019-01-26T00:00:00+00:00 [queued]>
[2022-08-24 18:43:46,275] {taskinstance.py:1376} INFO - 
--------------------------------------------------------------------------------
[2022-08-24 18:43:46,277] {taskinstance.py:1377} INFO - Starting attempt 1 of 1
[2022-08-24 18:43:46,278] {taskinstance.py:1378} INFO - 
--------------------------------------------------------------------------------
[2022-08-24 18:43:46,330] {taskinstance.py:1397} INFO - Executing <Task(PythonOperator): query_table> on 2019-01-26 00:00:00+00:00
[2022-08-24 18:43:46,345] {standard_task_runner.py:52} INFO - Started process 4093 to run task
[2022-08-24 18:43:46,360] {standard_task_runner.py:79} INFO - Running: ['***', 'tasks', 'run', 'dynamically_branching1', 'query_table', 'scheduled__2019-01-26T00:00:00+00:00', '--job-id', '962', '--raw', '--subdir', 'DAGS_FOLDER/jobs_dag.py', '--cfg-path', '/tmp/tmppbnbq7vj', '--error-file', '/tmp/tmprci05hmg']
[2022-08-24 18:43:46,363] {standard_task_runner.py:80} INFO - Job 962: Subtask query_table
[2022-08-24 18:43:46,739] {task_command.py:371} INFO - Running <TaskInstance: dynamically_branching1.query_table scheduled__2019-01-26T00:00:00+00:00 [running]> on host 9d5d2a77e6ba
[2022-08-24 18:43:47,384] {taskinstance.py:1591} INFO - Exporting the following env vars:
AIRFLOW_CTX_DAG_OWNER=***
AIRFLOW_CTX_DAG_ID=dynamically_branching1
AIRFLOW_CTX_TASK_ID=query_table
AIRFLOW_CTX_EXECUTION_DATE=2019-01-26T00:00:00+00:00
AIRFLOW_CTX_TRY_NUMBER=1
AIRFLOW_CTX_DAG_RUN_ID=scheduled__2019-01-26T00:00:00+00:00
[2022-08-24 18:43:47,395] {python.py:173} INFO - Done. Returned value was: finish
[2022-08-24 18:43:47,630] {taskinstance.py:1420} INFO - Marking task as SUCCESS. dag_id=dynamically_branching1, task_id=query_table, execution_date=20190126T000000, start_date=20220824T184346, end_date=20220824T184347
[2022-08-24 18:43:47,750] {local_task_job.py:156} INFO - Task exited with return code 0
[2022-08-24 18:43:47,999] {local_task_job.py:273} INFO - 0 downstream tasks scheduled from follow-on schedule check
