[2022-08-24 19:16:37,944] {taskinstance.py:1179} INFO - Dependencies all met for <TaskInstance: dynamically_branching1.bash_task scheduled__2021-07-29T00:00:00+00:00 [queued]>
[2022-08-24 19:16:38,060] {taskinstance.py:1179} INFO - Dependencies all met for <TaskInstance: dynamically_branching1.bash_task scheduled__2021-07-29T00:00:00+00:00 [queued]>
[2022-08-24 19:16:38,062] {taskinstance.py:1376} INFO - 
--------------------------------------------------------------------------------
[2022-08-24 19:16:38,062] {taskinstance.py:1377} INFO - Starting attempt 1 of 1
[2022-08-24 19:16:38,064] {taskinstance.py:1378} INFO - 
--------------------------------------------------------------------------------
[2022-08-24 19:16:38,188] {taskinstance.py:1397} INFO - Executing <Task(BashOperator): bash_task> on 2021-07-29 00:00:00+00:00
[2022-08-24 19:16:38,253] {standard_task_runner.py:52} INFO - Started process 9299 to run task
[2022-08-24 19:16:38,264] {standard_task_runner.py:79} INFO - Running: ['***', 'tasks', 'run', 'dynamically_branching1', 'bash_task', 'scheduled__2021-07-29T00:00:00+00:00', '--job-id', '2469', '--raw', '--subdir', 'DAGS_FOLDER/jobs_dag.py', '--cfg-path', '/tmp/tmpq7cyav_w', '--error-file', '/tmp/tmpckxd_3e5']
[2022-08-24 19:16:38,269] {standard_task_runner.py:80} INFO - Job 2469: Subtask bash_task
[2022-08-24 19:16:38,638] {task_command.py:371} INFO - Running <TaskInstance: dynamically_branching1.bash_task scheduled__2021-07-29T00:00:00+00:00 [running]> on host 9d5d2a77e6ba
[2022-08-24 19:16:39,012] {taskinstance.py:1591} INFO - Exporting the following env vars:
AIRFLOW_CTX_DAG_OWNER=***
AIRFLOW_CTX_DAG_ID=dynamically_branching1
AIRFLOW_CTX_TASK_ID=bash_task
AIRFLOW_CTX_EXECUTION_DATE=2021-07-29T00:00:00+00:00
AIRFLOW_CTX_TRY_NUMBER=1
AIRFLOW_CTX_DAG_RUN_ID=scheduled__2021-07-29T00:00:00+00:00
[2022-08-24 19:16:39,015] {subprocess.py:62} INFO - Tmp dir root location: 
 /tmp
[2022-08-24 19:16:39,017] {subprocess.py:74} INFO - Running command: ['bash', '-c', 'echo $(whoami)']
[2022-08-24 19:16:39,096] {subprocess.py:85} INFO - Output:
[2022-08-24 19:16:39,145] {subprocess.py:92} INFO - default
[2022-08-24 19:16:39,153] {subprocess.py:96} INFO - Command exited with return code 0
[2022-08-24 19:16:39,369] {taskinstance.py:1420} INFO - Marking task as SUCCESS. dag_id=dynamically_branching1, task_id=bash_task, execution_date=20210729T000000, start_date=20220824T191637, end_date=20220824T191639
[2022-08-24 19:16:39,509] {local_task_job.py:156} INFO - Task exited with return code 0
[2022-08-24 19:16:39,819] {local_task_job.py:273} INFO - 1 downstream tasks scheduled from follow-on schedule check
