[2022-09-01 16:10:03,253] {taskinstance.py:1179} INFO - Dependencies all met for <TaskInstance: dynamically_branching1.bash_task manual__2022-09-01T16:10:01.278027+00:00 [queued]>
[2022-09-01 16:10:03,270] {taskinstance.py:1179} INFO - Dependencies all met for <TaskInstance: dynamically_branching1.bash_task manual__2022-09-01T16:10:01.278027+00:00 [queued]>
[2022-09-01 16:10:03,271] {taskinstance.py:1376} INFO - 
--------------------------------------------------------------------------------
[2022-09-01 16:10:03,272] {taskinstance.py:1377} INFO - Starting attempt 1 of 1
[2022-09-01 16:10:03,273] {taskinstance.py:1378} INFO - 
--------------------------------------------------------------------------------
[2022-09-01 16:10:03,298] {taskinstance.py:1397} INFO - Executing <Task(BashOperator): bash_task> on 2022-09-01 16:10:01.278027+00:00
[2022-09-01 16:10:03,309] {standard_task_runner.py:52} INFO - Started process 85042 to run task
[2022-09-01 16:10:03,313] {standard_task_runner.py:79} INFO - Running: ['***', 'tasks', 'run', 'dynamically_branching1', 'bash_task', 'manual__2022-09-01T16:10:01.278027+00:00', '--job-id', '3441', '--raw', '--subdir', 'DAGS_FOLDER/jobs_dag.py', '--cfg-path', '/tmp/tmptvdsh4y3', '--error-file', '/tmp/tmps8luf4il']
[2022-09-01 16:10:03,315] {standard_task_runner.py:80} INFO - Job 3441: Subtask bash_task
[2022-09-01 16:10:03,441] {task_command.py:371} INFO - Running <TaskInstance: dynamically_branching1.bash_task manual__2022-09-01T16:10:01.278027+00:00 [running]> on host 9d5d2a77e6ba
[2022-09-01 16:10:03,582] {taskinstance.py:1591} INFO - Exporting the following env vars:
AIRFLOW_CTX_DAG_OWNER=***
AIRFLOW_CTX_DAG_ID=dynamically_branching1
AIRFLOW_CTX_TASK_ID=bash_task
AIRFLOW_CTX_EXECUTION_DATE=2022-09-01T16:10:01.278027+00:00
AIRFLOW_CTX_TRY_NUMBER=1
AIRFLOW_CTX_DAG_RUN_ID=manual__2022-09-01T16:10:01.278027+00:00
[2022-09-01 16:10:03,587] {subprocess.py:62} INFO - Tmp dir root location: 
 /tmp
[2022-09-01 16:10:03,589] {subprocess.py:74} INFO - Running command: ['bash', '-c', 'echo $(whoami)']
[2022-09-01 16:10:03,609] {subprocess.py:85} INFO - Output:
[2022-09-01 16:10:03,625] {subprocess.py:92} INFO - default
[2022-09-01 16:10:03,626] {subprocess.py:96} INFO - Command exited with return code 0
[2022-09-01 16:10:03,702] {taskinstance.py:1420} INFO - Marking task as SUCCESS. dag_id=dynamically_branching1, task_id=bash_task, execution_date=20220901T161001, start_date=20220901T161003, end_date=20220901T161003
[2022-09-01 16:10:03,771] {local_task_job.py:156} INFO - Task exited with return code 0
[2022-09-01 16:10:03,837] {local_task_job.py:273} INFO - 1 downstream tasks scheduled from follow-on schedule check
