[2022-08-19 20:53:00,072] {taskinstance.py:1179} INFO - Dependencies all met for <TaskInstance: loop_hello_world_1.hello_world scheduled__2021-12-05T00:00:00+00:00 [queued]>
[2022-08-19 20:53:00,192] {taskinstance.py:1179} INFO - Dependencies all met for <TaskInstance: loop_hello_world_1.hello_world scheduled__2021-12-05T00:00:00+00:00 [queued]>
[2022-08-19 20:53:00,198] {taskinstance.py:1376} INFO - 
--------------------------------------------------------------------------------
[2022-08-19 20:53:00,201] {taskinstance.py:1377} INFO - Starting attempt 1 of 1
[2022-08-19 20:53:00,203] {taskinstance.py:1378} INFO - 
--------------------------------------------------------------------------------
[2022-08-19 20:53:00,390] {taskinstance.py:1397} INFO - Executing <Task(PythonOperator): hello_world> on 2021-12-05 00:00:00+00:00
[2022-08-19 20:53:00,471] {standard_task_runner.py:52} INFO - Started process 16560 to run task
[2022-08-19 20:53:00,531] {standard_task_runner.py:79} INFO - Running: ['***', 'tasks', 'run', 'loop_hello_world_1', 'hello_world', 'scheduled__2021-12-05T00:00:00+00:00', '--job-id', '425', '--raw', '--subdir', 'DAGS_FOLDER/practiceDag1.py', '--cfg-path', '/tmp/tmp3amfe_83', '--error-file', '/tmp/tmpqesx_3wx']
[2022-08-19 20:53:00,540] {standard_task_runner.py:80} INFO - Job 425: Subtask hello_world
[2022-08-19 20:53:00,787] {task_command.py:371} INFO - Running <TaskInstance: loop_hello_world_1.hello_world scheduled__2021-12-05T00:00:00+00:00 [running]> on host 9d5d2a77e6ba
[2022-08-19 20:53:01,023] {taskinstance.py:1591} INFO - Exporting the following env vars:
AIRFLOW_CTX_DAG_OWNER=***
AIRFLOW_CTX_DAG_ID=loop_hello_world_1
AIRFLOW_CTX_TASK_ID=hello_world
AIRFLOW_CTX_EXECUTION_DATE=2021-12-05T00:00:00+00:00
AIRFLOW_CTX_TRY_NUMBER=1
AIRFLOW_CTX_DAG_RUN_ID=scheduled__2021-12-05T00:00:00+00:00
[2022-08-19 20:53:01,025] {logging_mixin.py:115} INFO - Hello World
[2022-08-19 20:53:01,026] {logging_mixin.py:115} INFO - This is DAG: 1
[2022-08-19 20:53:01,027] {python.py:173} INFO - Done. Returned value was: None
[2022-08-19 20:53:01,056] {taskinstance.py:1420} INFO - Marking task as SUCCESS. dag_id=loop_hello_world_1, task_id=hello_world, execution_date=20211205T000000, start_date=20220819T205300, end_date=20220819T205301
[2022-08-19 20:53:01,115] {local_task_job.py:156} INFO - Task exited with return code 0
[2022-08-19 20:53:01,197] {local_task_job.py:273} INFO - 0 downstream tasks scheduled from follow-on schedule check
