[2022-08-19 20:51:12,470] {taskinstance.py:1179} INFO - Dependencies all met for <TaskInstance: loop_hello_world_1.hello_world scheduled__2021-07-17T00:00:00+00:00 [queued]>
[2022-08-19 20:51:12,510] {taskinstance.py:1179} INFO - Dependencies all met for <TaskInstance: loop_hello_world_1.hello_world scheduled__2021-07-17T00:00:00+00:00 [queued]>
[2022-08-19 20:51:12,522] {taskinstance.py:1376} INFO - 
--------------------------------------------------------------------------------
[2022-08-19 20:51:12,526] {taskinstance.py:1377} INFO - Starting attempt 1 of 1
[2022-08-19 20:51:12,530] {taskinstance.py:1378} INFO - 
--------------------------------------------------------------------------------
[2022-08-19 20:51:12,606] {taskinstance.py:1397} INFO - Executing <Task(PythonOperator): hello_world> on 2021-07-17 00:00:00+00:00
[2022-08-19 20:51:12,619] {standard_task_runner.py:52} INFO - Started process 16221 to run task
[2022-08-19 20:51:12,638] {standard_task_runner.py:79} INFO - Running: ['***', 'tasks', 'run', 'loop_hello_world_1', 'hello_world', 'scheduled__2021-07-17T00:00:00+00:00', '--job-id', '282', '--raw', '--subdir', 'DAGS_FOLDER/practiceDag1.py', '--cfg-path', '/tmp/tmp5_nnxhh6', '--error-file', '/tmp/tmpyfdby5e3']
[2022-08-19 20:51:12,641] {standard_task_runner.py:80} INFO - Job 282: Subtask hello_world
[2022-08-19 20:51:12,809] {task_command.py:371} INFO - Running <TaskInstance: loop_hello_world_1.hello_world scheduled__2021-07-17T00:00:00+00:00 [running]> on host 9d5d2a77e6ba
[2022-08-19 20:51:12,976] {taskinstance.py:1591} INFO - Exporting the following env vars:
AIRFLOW_CTX_DAG_OWNER=***
AIRFLOW_CTX_DAG_ID=loop_hello_world_1
AIRFLOW_CTX_TASK_ID=hello_world
AIRFLOW_CTX_EXECUTION_DATE=2021-07-17T00:00:00+00:00
AIRFLOW_CTX_TRY_NUMBER=1
AIRFLOW_CTX_DAG_RUN_ID=scheduled__2021-07-17T00:00:00+00:00
[2022-08-19 20:51:12,983] {logging_mixin.py:115} INFO - Hello World
[2022-08-19 20:51:12,984] {logging_mixin.py:115} INFO - This is DAG: 1
[2022-08-19 20:51:12,985] {python.py:173} INFO - Done. Returned value was: None
[2022-08-19 20:51:13,017] {taskinstance.py:1420} INFO - Marking task as SUCCESS. dag_id=loop_hello_world_1, task_id=hello_world, execution_date=20210717T000000, start_date=20220819T205112, end_date=20220819T205113
[2022-08-19 20:51:13,089] {local_task_job.py:156} INFO - Task exited with return code 0
[2022-08-19 20:51:13,156] {local_task_job.py:273} INFO - 0 downstream tasks scheduled from follow-on schedule check
