[2022-08-24 18:44:37,626] {taskinstance.py:1179} INFO - Dependencies all met for <TaskInstance: dynamically_branching1.Process_Start scheduled__2019-02-27T00:00:00+00:00 [queued]>
[2022-08-24 18:44:37,769] {taskinstance.py:1179} INFO - Dependencies all met for <TaskInstance: dynamically_branching1.Process_Start scheduled__2019-02-27T00:00:00+00:00 [queued]>
[2022-08-24 18:44:37,777] {taskinstance.py:1376} INFO - 
--------------------------------------------------------------------------------
[2022-08-24 18:44:37,778] {taskinstance.py:1377} INFO - Starting attempt 1 of 1
[2022-08-24 18:44:37,779] {taskinstance.py:1378} INFO - 
--------------------------------------------------------------------------------
[2022-08-24 18:44:38,252] {taskinstance.py:1397} INFO - Executing <Task(PythonOperator): Process_Start> on 2019-02-27 00:00:00+00:00
[2022-08-24 18:44:38,422] {standard_task_runner.py:52} INFO - Started process 4252 to run task
[2022-08-24 18:44:38,501] {standard_task_runner.py:79} INFO - Running: ['***', 'tasks', 'run', 'dynamically_branching1', 'Process_Start', 'scheduled__2019-02-27T00:00:00+00:00', '--job-id', '1024', '--raw', '--subdir', 'DAGS_FOLDER/jobs_dag.py', '--cfg-path', '/tmp/tmpsg6sfpkb', '--error-file', '/tmp/tmpelihgm_t']
[2022-08-24 18:44:38,551] {standard_task_runner.py:80} INFO - Job 1024: Subtask Process_Start
[2022-08-24 18:44:39,226] {task_command.py:371} INFO - Running <TaskInstance: dynamically_branching1.Process_Start scheduled__2019-02-27T00:00:00+00:00 [running]> on host 9d5d2a77e6ba
[2022-08-24 18:44:41,097] {taskinstance.py:1591} INFO - Exporting the following env vars:
AIRFLOW_CTX_DAG_OWNER=***
AIRFLOW_CTX_DAG_ID=dynamically_branching1
AIRFLOW_CTX_TASK_ID=Process_Start
AIRFLOW_CTX_EXECUTION_DATE=2019-02-27T00:00:00+00:00
AIRFLOW_CTX_TRY_NUMBER=1
AIRFLOW_CTX_DAG_RUN_ID=scheduled__2019-02-27T00:00:00+00:00
[2022-08-24 18:44:41,111] {jobs_dag.py:30} INFO - Process Start!
[2022-08-24 18:44:41,117] {logging_mixin.py:115} INFO - This is DAG: 1
[2022-08-24 18:44:41,118] {python.py:173} INFO - Done. Returned value was: None
[2022-08-24 18:44:41,299] {taskinstance.py:1420} INFO - Marking task as SUCCESS. dag_id=dynamically_branching1, task_id=Process_Start, execution_date=20190227T000000, start_date=20220824T184437, end_date=20220824T184441
[2022-08-24 18:44:41,534] {local_task_job.py:156} INFO - Task exited with return code 0
[2022-08-24 18:44:42,002] {local_task_job.py:273} INFO - 1 downstream tasks scheduled from follow-on schedule check
