[2022-08-24 18:44:29,070] {taskinstance.py:1179} INFO - Dependencies all met for <TaskInstance: dynamically_branching1.Process_Start scheduled__2019-02-19T00:00:00+00:00 [queued]>
[2022-08-24 18:44:29,115] {taskinstance.py:1179} INFO - Dependencies all met for <TaskInstance: dynamically_branching1.Process_Start scheduled__2019-02-19T00:00:00+00:00 [queued]>
[2022-08-24 18:44:29,118] {taskinstance.py:1376} INFO - 
--------------------------------------------------------------------------------
[2022-08-24 18:44:29,120] {taskinstance.py:1377} INFO - Starting attempt 1 of 1
[2022-08-24 18:44:29,121] {taskinstance.py:1378} INFO - 
--------------------------------------------------------------------------------
[2022-08-24 18:44:29,234] {taskinstance.py:1397} INFO - Executing <Task(PythonOperator): Process_Start> on 2019-02-19 00:00:00+00:00
[2022-08-24 18:44:29,327] {standard_task_runner.py:79} INFO - Running: ['***', 'tasks', 'run', 'dynamically_branching1', 'Process_Start', 'scheduled__2019-02-19T00:00:00+00:00', '--job-id', '1013', '--raw', '--subdir', 'DAGS_FOLDER/jobs_dag.py', '--cfg-path', '/tmp/tmp3ep4a_b9', '--error-file', '/tmp/tmpkn4sefpb']
[2022-08-24 18:44:29,344] {standard_task_runner.py:80} INFO - Job 1013: Subtask Process_Start
[2022-08-24 18:44:29,328] {standard_task_runner.py:52} INFO - Started process 4219 to run task
[2022-08-24 18:44:29,942] {task_command.py:371} INFO - Running <TaskInstance: dynamically_branching1.Process_Start scheduled__2019-02-19T00:00:00+00:00 [running]> on host 9d5d2a77e6ba
[2022-08-24 18:44:30,702] {taskinstance.py:1591} INFO - Exporting the following env vars:
AIRFLOW_CTX_DAG_OWNER=***
AIRFLOW_CTX_DAG_ID=dynamically_branching1
AIRFLOW_CTX_TASK_ID=Process_Start
AIRFLOW_CTX_EXECUTION_DATE=2019-02-19T00:00:00+00:00
AIRFLOW_CTX_TRY_NUMBER=1
AIRFLOW_CTX_DAG_RUN_ID=scheduled__2019-02-19T00:00:00+00:00
[2022-08-24 18:44:30,710] {jobs_dag.py:30} INFO - Process Start!
[2022-08-24 18:44:30,711] {logging_mixin.py:115} INFO - This is DAG: 1
[2022-08-24 18:44:30,713] {python.py:173} INFO - Done. Returned value was: None
[2022-08-24 18:44:30,811] {taskinstance.py:1420} INFO - Marking task as SUCCESS. dag_id=dynamically_branching1, task_id=Process_Start, execution_date=20190219T000000, start_date=20220824T184429, end_date=20220824T184430
[2022-08-24 18:44:30,977] {local_task_job.py:156} INFO - Task exited with return code 0
[2022-08-24 18:44:32,057] {local_task_job.py:273} INFO - 1 downstream tasks scheduled from follow-on schedule check
