[2022-08-24 18:42:25,084] {taskinstance.py:1179} INFO - Dependencies all met for <TaskInstance: dynamically_branching1.Process_Start scheduled__2018-12-08T00:00:00+00:00 [queued]>
[2022-08-24 18:42:25,260] {taskinstance.py:1179} INFO - Dependencies all met for <TaskInstance: dynamically_branching1.Process_Start scheduled__2018-12-08T00:00:00+00:00 [queued]>
[2022-08-24 18:42:25,266] {taskinstance.py:1376} INFO - 
--------------------------------------------------------------------------------
[2022-08-24 18:42:25,268] {taskinstance.py:1377} INFO - Starting attempt 1 of 1
[2022-08-24 18:42:25,270] {taskinstance.py:1378} INFO - 
--------------------------------------------------------------------------------
[2022-08-24 18:42:25,533] {taskinstance.py:1397} INFO - Executing <Task(PythonOperator): Process_Start> on 2018-12-08 00:00:00+00:00
[2022-08-24 18:42:25,592] {standard_task_runner.py:52} INFO - Started process 3777 to run task
[2022-08-24 18:42:25,642] {standard_task_runner.py:79} INFO - Running: ['***', 'tasks', 'run', 'dynamically_branching1', 'Process_Start', 'scheduled__2018-12-08T00:00:00+00:00', '--job-id', '824', '--raw', '--subdir', 'DAGS_FOLDER/jobs_dag.py', '--cfg-path', '/tmp/tmpa4u_fo7r', '--error-file', '/tmp/tmp18j1hc9t']
[2022-08-24 18:42:25,652] {standard_task_runner.py:80} INFO - Job 824: Subtask Process_Start
[2022-08-24 18:42:26,068] {task_command.py:371} INFO - Running <TaskInstance: dynamically_branching1.Process_Start scheduled__2018-12-08T00:00:00+00:00 [running]> on host 9d5d2a77e6ba
[2022-08-24 18:42:26,741] {taskinstance.py:1591} INFO - Exporting the following env vars:
AIRFLOW_CTX_DAG_OWNER=***
AIRFLOW_CTX_DAG_ID=dynamically_branching1
AIRFLOW_CTX_TASK_ID=Process_Start
AIRFLOW_CTX_EXECUTION_DATE=2018-12-08T00:00:00+00:00
AIRFLOW_CTX_TRY_NUMBER=1
AIRFLOW_CTX_DAG_RUN_ID=scheduled__2018-12-08T00:00:00+00:00
[2022-08-24 18:42:26,743] {jobs_dag.py:30} INFO - Process Start!
[2022-08-24 18:42:26,744] {logging_mixin.py:115} INFO - This is DAG: 1
[2022-08-24 18:42:26,744] {python.py:173} INFO - Done. Returned value was: None
[2022-08-24 18:42:26,805] {taskinstance.py:1420} INFO - Marking task as SUCCESS. dag_id=dynamically_branching1, task_id=Process_Start, execution_date=20181208T000000, start_date=20220824T184225, end_date=20220824T184226
[2022-08-24 18:42:26,943] {local_task_job.py:156} INFO - Task exited with return code 0
[2022-08-24 18:42:27,212] {local_task_job.py:273} INFO - 1 downstream tasks scheduled from follow-on schedule check
