[2022-08-24 19:23:48,014] {taskinstance.py:1179} INFO - Dependencies all met for <TaskInstance: dynamically_branching1.bash_task scheduled__2022-08-04T00:00:00+00:00 [queued]>
[2022-08-24 19:23:48,106] {taskinstance.py:1179} INFO - Dependencies all met for <TaskInstance: dynamically_branching1.bash_task scheduled__2022-08-04T00:00:00+00:00 [queued]>
[2022-08-24 19:23:48,108] {taskinstance.py:1376} INFO - 
--------------------------------------------------------------------------------
[2022-08-24 19:23:48,109] {taskinstance.py:1377} INFO - Starting attempt 1 of 1
[2022-08-24 19:23:48,112] {taskinstance.py:1378} INFO - 
--------------------------------------------------------------------------------
[2022-08-24 19:23:48,243] {taskinstance.py:1397} INFO - Executing <Task(BashOperator): bash_task> on 2022-08-04 00:00:00+00:00
[2022-08-24 19:23:48,289] {standard_task_runner.py:52} INFO - Started process 11729 to run task
[2022-08-24 19:23:48,333] {standard_task_runner.py:79} INFO - Running: ['***', 'tasks', 'run', 'dynamically_branching1', 'bash_task', 'scheduled__2022-08-04T00:00:00+00:00', '--job-id', '3212', '--raw', '--subdir', 'DAGS_FOLDER/jobs_dag.py', '--cfg-path', '/tmp/tmpnmtgyypl', '--error-file', '/tmp/tmph1_5n4ni']
[2022-08-24 19:23:48,348] {standard_task_runner.py:80} INFO - Job 3212: Subtask bash_task
[2022-08-24 19:23:49,240] {task_command.py:371} INFO - Running <TaskInstance: dynamically_branching1.bash_task scheduled__2022-08-04T00:00:00+00:00 [running]> on host 9d5d2a77e6ba
[2022-08-24 19:23:49,929] {taskinstance.py:1591} INFO - Exporting the following env vars:
AIRFLOW_CTX_DAG_OWNER=***
AIRFLOW_CTX_DAG_ID=dynamically_branching1
AIRFLOW_CTX_TASK_ID=bash_task
AIRFLOW_CTX_EXECUTION_DATE=2022-08-04T00:00:00+00:00
AIRFLOW_CTX_TRY_NUMBER=1
AIRFLOW_CTX_DAG_RUN_ID=scheduled__2022-08-04T00:00:00+00:00
[2022-08-24 19:23:49,946] {subprocess.py:62} INFO - Tmp dir root location: 
 /tmp
[2022-08-24 19:23:49,949] {subprocess.py:74} INFO - Running command: ['bash', '-c', 'echo $(whoami)']
[2022-08-24 19:23:50,002] {subprocess.py:85} INFO - Output:
[2022-08-24 19:23:50,024] {subprocess.py:92} INFO - default
[2022-08-24 19:23:50,040] {subprocess.py:96} INFO - Command exited with return code 0
[2022-08-24 19:23:50,140] {taskinstance.py:1420} INFO - Marking task as SUCCESS. dag_id=dynamically_branching1, task_id=bash_task, execution_date=20220804T000000, start_date=20220824T192348, end_date=20220824T192350
[2022-08-24 19:23:50,287] {local_task_job.py:156} INFO - Task exited with return code 0
[2022-08-24 19:23:50,563] {local_task_job.py:273} INFO - 1 downstream tasks scheduled from follow-on schedule check
