[2022-08-24 19:15:35,041] {taskinstance.py:1179} INFO - Dependencies all met for <TaskInstance: dynamically_branching1.check_table_exist scheduled__2021-06-04T00:00:00+00:00 [queued]>
[2022-08-24 19:15:35,121] {taskinstance.py:1179} INFO - Dependencies all met for <TaskInstance: dynamically_branching1.check_table_exist scheduled__2021-06-04T00:00:00+00:00 [queued]>
[2022-08-24 19:15:35,125] {taskinstance.py:1376} INFO - 
--------------------------------------------------------------------------------
[2022-08-24 19:15:35,129] {taskinstance.py:1377} INFO - Starting attempt 1 of 1
[2022-08-24 19:15:35,137] {taskinstance.py:1378} INFO - 
--------------------------------------------------------------------------------
[2022-08-24 19:15:35,243] {taskinstance.py:1397} INFO - Executing <Task(BranchPythonOperator): check_table_exist> on 2021-06-04 00:00:00+00:00
[2022-08-24 19:15:35,252] {standard_task_runner.py:52} INFO - Started process 8968 to run task
[2022-08-24 19:15:35,304] {standard_task_runner.py:79} INFO - Running: ['***', 'tasks', 'run', 'dynamically_branching1', 'check_table_exist', 'scheduled__2021-06-04T00:00:00+00:00', '--job-id', '2370', '--raw', '--subdir', 'DAGS_FOLDER/jobs_dag.py', '--cfg-path', '/tmp/tmpv20wij43', '--error-file', '/tmp/tmp985gree3']
[2022-08-24 19:15:35,308] {standard_task_runner.py:80} INFO - Job 2370: Subtask check_table_exist
[2022-08-24 19:15:35,703] {task_command.py:371} INFO - Running <TaskInstance: dynamically_branching1.check_table_exist scheduled__2021-06-04T00:00:00+00:00 [running]> on host 9d5d2a77e6ba
[2022-08-24 19:15:36,073] {taskinstance.py:1591} INFO - Exporting the following env vars:
AIRFLOW_CTX_DAG_OWNER=***
AIRFLOW_CTX_DAG_ID=dynamically_branching1
AIRFLOW_CTX_TASK_ID=check_table_exist
AIRFLOW_CTX_EXECUTION_DATE=2021-06-04T00:00:00+00:00
AIRFLOW_CTX_TRY_NUMBER=1
AIRFLOW_CTX_DAG_RUN_ID=scheduled__2021-06-04T00:00:00+00:00
[2022-08-24 19:15:36,076] {python.py:173} INFO - Done. Returned value was: insert_row
[2022-08-24 19:15:36,077] {skipmixin.py:140} INFO - Following branch insert_row
[2022-08-24 19:15:36,078] {skipmixin.py:175} INFO - Skipping tasks ['create_table']
[2022-08-24 19:15:36,202] {taskinstance.py:1420} INFO - Marking task as SUCCESS. dag_id=dynamically_branching1, task_id=check_table_exist, execution_date=20210604T000000, start_date=20220824T191535, end_date=20220824T191536
[2022-08-24 19:15:36,323] {local_task_job.py:156} INFO - Task exited with return code 0
[2022-08-24 19:15:36,414] {local_task_job.py:273} INFO - 1 downstream tasks scheduled from follow-on schedule check
