[2022-08-24 18:41:47,610] {taskinstance.py:1179} INFO - Dependencies all met for <TaskInstance: dynamically_branching1.query_table scheduled__2018-11-09T00:00:00+00:00 [queued]>
[2022-08-24 18:41:47,652] {taskinstance.py:1179} INFO - Dependencies all met for <TaskInstance: dynamically_branching1.query_table scheduled__2018-11-09T00:00:00+00:00 [queued]>
[2022-08-24 18:41:47,655] {taskinstance.py:1376} INFO - 
--------------------------------------------------------------------------------
[2022-08-24 18:41:47,666] {taskinstance.py:1377} INFO - Starting attempt 1 of 1
[2022-08-24 18:41:47,670] {taskinstance.py:1378} INFO - 
--------------------------------------------------------------------------------
[2022-08-24 18:41:47,720] {taskinstance.py:1397} INFO - Executing <Task(PythonOperator): query_table> on 2018-11-09 00:00:00+00:00
[2022-08-24 18:41:47,753] {standard_task_runner.py:52} INFO - Started process 3640 to run task
[2022-08-24 18:41:47,773] {standard_task_runner.py:79} INFO - Running: ['***', 'tasks', 'run', 'dynamically_branching1', 'query_table', 'scheduled__2018-11-09T00:00:00+00:00', '--job-id', '766', '--raw', '--subdir', 'DAGS_FOLDER/jobs_dag.py', '--cfg-path', '/tmp/tmp7ifi8u5z', '--error-file', '/tmp/tmpbb5fb6ju']
[2022-08-24 18:41:47,786] {standard_task_runner.py:80} INFO - Job 766: Subtask query_table
[2022-08-24 18:41:48,133] {task_command.py:371} INFO - Running <TaskInstance: dynamically_branching1.query_table scheduled__2018-11-09T00:00:00+00:00 [running]> on host 9d5d2a77e6ba
[2022-08-24 18:41:48,440] {taskinstance.py:1591} INFO - Exporting the following env vars:
AIRFLOW_CTX_DAG_OWNER=***
AIRFLOW_CTX_DAG_ID=dynamically_branching1
AIRFLOW_CTX_TASK_ID=query_table
AIRFLOW_CTX_EXECUTION_DATE=2018-11-09T00:00:00+00:00
AIRFLOW_CTX_TRY_NUMBER=1
AIRFLOW_CTX_DAG_RUN_ID=scheduled__2018-11-09T00:00:00+00:00
[2022-08-24 18:41:48,442] {python.py:173} INFO - Done. Returned value was: finish
[2022-08-24 18:41:48,506] {taskinstance.py:1420} INFO - Marking task as SUCCESS. dag_id=dynamically_branching1, task_id=query_table, execution_date=20181109T000000, start_date=20220824T184147, end_date=20220824T184148
[2022-08-24 18:41:48,544] {local_task_job.py:156} INFO - Task exited with return code 0
[2022-08-24 18:41:48,591] {local_task_job.py:273} INFO - 0 downstream tasks scheduled from follow-on schedule check
