[2022-08-24 18:58:43,892] {taskinstance.py:1179} INFO - Dependencies all met for <TaskInstance: dynamically_branching1.check_table_exist scheduled__2019-03-29T00:00:00+00:00 [queued]>
[2022-08-24 18:58:43,959] {taskinstance.py:1179} INFO - Dependencies all met for <TaskInstance: dynamically_branching1.check_table_exist scheduled__2019-03-29T00:00:00+00:00 [queued]>
[2022-08-24 18:58:43,961] {taskinstance.py:1376} INFO - 
--------------------------------------------------------------------------------
[2022-08-24 18:58:43,963] {taskinstance.py:1377} INFO - Starting attempt 1 of 1
[2022-08-24 18:58:43,963] {taskinstance.py:1378} INFO - 
--------------------------------------------------------------------------------
[2022-08-24 18:58:43,996] {taskinstance.py:1397} INFO - Executing <Task(BranchPythonOperator): check_table_exist> on 2019-03-29 00:00:00+00:00
[2022-08-24 18:58:44,029] {standard_task_runner.py:52} INFO - Started process 5012 to run task
[2022-08-24 18:58:44,061] {standard_task_runner.py:79} INFO - Running: ['***', 'tasks', 'run', 'dynamically_branching1', 'check_table_exist', 'scheduled__2019-03-29T00:00:00+00:00', '--job-id', '1087', '--raw', '--subdir', 'DAGS_FOLDER/jobs_dag.py', '--cfg-path', '/tmp/tmpw4ehqyoq', '--error-file', '/tmp/tmppjx4cpxi']
[2022-08-24 18:58:44,064] {standard_task_runner.py:80} INFO - Job 1087: Subtask check_table_exist
[2022-08-24 18:58:44,374] {task_command.py:371} INFO - Running <TaskInstance: dynamically_branching1.check_table_exist scheduled__2019-03-29T00:00:00+00:00 [running]> on host 9d5d2a77e6ba
[2022-08-24 18:58:44,942] {taskinstance.py:1591} INFO - Exporting the following env vars:
AIRFLOW_CTX_DAG_OWNER=***
AIRFLOW_CTX_DAG_ID=dynamically_branching1
AIRFLOW_CTX_TASK_ID=check_table_exist
AIRFLOW_CTX_EXECUTION_DATE=2019-03-29T00:00:00+00:00
AIRFLOW_CTX_TRY_NUMBER=1
AIRFLOW_CTX_DAG_RUN_ID=scheduled__2019-03-29T00:00:00+00:00
[2022-08-24 18:58:44,950] {python.py:173} INFO - Done. Returned value was: create_table
[2022-08-24 18:58:44,959] {skipmixin.py:140} INFO - Following branch create_table
[2022-08-24 18:58:44,962] {skipmixin.py:175} INFO - Skipping tasks []
[2022-08-24 18:58:45,189] {taskinstance.py:1420} INFO - Marking task as SUCCESS. dag_id=dynamically_branching1, task_id=check_table_exist, execution_date=20190329T000000, start_date=20220824T185843, end_date=20220824T185845
[2022-08-24 18:58:45,278] {local_task_job.py:156} INFO - Task exited with return code 0
[2022-08-24 18:58:45,522] {local_task_job.py:273} INFO - 1 downstream tasks scheduled from follow-on schedule check
