[2022-08-24 19:06:37,440] {taskinstance.py:1179} INFO - Dependencies all met for <TaskInstance: dynamically_branching1.check_table_exist scheduled__2020-04-16T00:00:00+00:00 [queued]>
[2022-08-24 19:06:37,622] {taskinstance.py:1179} INFO - Dependencies all met for <TaskInstance: dynamically_branching1.check_table_exist scheduled__2020-04-16T00:00:00+00:00 [queued]>
[2022-08-24 19:06:37,624] {taskinstance.py:1376} INFO - 
--------------------------------------------------------------------------------
[2022-08-24 19:06:37,626] {taskinstance.py:1377} INFO - Starting attempt 1 of 1
[2022-08-24 19:06:37,628] {taskinstance.py:1378} INFO - 
--------------------------------------------------------------------------------
[2022-08-24 19:06:37,698] {taskinstance.py:1397} INFO - Executing <Task(BranchPythonOperator): check_table_exist> on 2020-04-16 00:00:00+00:00
[2022-08-24 19:06:37,722] {standard_task_runner.py:52} INFO - Started process 6303 to run task
[2022-08-24 19:06:37,769] {standard_task_runner.py:79} INFO - Running: ['***', 'tasks', 'run', 'dynamically_branching1', 'check_table_exist', 'scheduled__2020-04-16T00:00:00+00:00', '--job-id', '1542', '--raw', '--subdir', 'DAGS_FOLDER/jobs_dag.py', '--cfg-path', '/tmp/tmpia9a1pz5', '--error-file', '/tmp/tmph5y26q7y']
[2022-08-24 19:06:37,776] {standard_task_runner.py:80} INFO - Job 1542: Subtask check_table_exist
[2022-08-24 19:06:40,115] {task_command.py:371} INFO - Running <TaskInstance: dynamically_branching1.check_table_exist scheduled__2020-04-16T00:00:00+00:00 [running]> on host 9d5d2a77e6ba
[2022-08-24 19:06:41,015] {taskinstance.py:1591} INFO - Exporting the following env vars:
AIRFLOW_CTX_DAG_OWNER=***
AIRFLOW_CTX_DAG_ID=dynamically_branching1
AIRFLOW_CTX_TASK_ID=check_table_exist
AIRFLOW_CTX_EXECUTION_DATE=2020-04-16T00:00:00+00:00
AIRFLOW_CTX_TRY_NUMBER=1
AIRFLOW_CTX_DAG_RUN_ID=scheduled__2020-04-16T00:00:00+00:00
[2022-08-24 19:06:41,019] {python.py:173} INFO - Done. Returned value was: insert_row
[2022-08-24 19:06:41,028] {skipmixin.py:140} INFO - Following branch insert_row
[2022-08-24 19:06:41,030] {skipmixin.py:175} INFO - Skipping tasks ['create_table']
[2022-08-24 19:06:41,652] {taskinstance.py:1420} INFO - Marking task as SUCCESS. dag_id=dynamically_branching1, task_id=check_table_exist, execution_date=20200416T000000, start_date=20220824T190637, end_date=20220824T190641
[2022-08-24 19:06:42,200] {local_task_job.py:156} INFO - Task exited with return code 0
[2022-08-24 19:06:42,852] {local_task_job.py:273} INFO - 0 downstream tasks scheduled from follow-on schedule check
