[2022-08-17 15:30:54,875] {taskinstance.py:1179} INFO - Dependencies all met for <TaskInstance: my_dag.training_model_A manual__2022-08-17T15:30:53.369419+00:00 [queued]>
[2022-08-17 15:30:54,901] {taskinstance.py:1179} INFO - Dependencies all met for <TaskInstance: my_dag.training_model_A manual__2022-08-17T15:30:53.369419+00:00 [queued]>
[2022-08-17 15:30:54,903] {taskinstance.py:1376} INFO - 
--------------------------------------------------------------------------------
[2022-08-17 15:30:54,909] {taskinstance.py:1377} INFO - Starting attempt 1 of 1
[2022-08-17 15:30:54,913] {taskinstance.py:1378} INFO - 
--------------------------------------------------------------------------------
[2022-08-17 15:30:54,950] {taskinstance.py:1397} INFO - Executing <Task(PythonOperator): training_model_A> on 2022-08-17 15:30:53.369419+00:00
[2022-08-17 15:30:54,962] {standard_task_runner.py:52} INFO - Started process 2285 to run task
[2022-08-17 15:30:54,971] {standard_task_runner.py:79} INFO - Running: ['***', 'tasks', 'run', 'my_dag', 'training_model_A', 'manual__2022-08-17T15:30:53.369419+00:00', '--job-id', '62', '--raw', '--subdir', 'DAGS_FOLDER/my_dag.py', '--cfg-path', '/tmp/tmpr_q5n6ee', '--error-file', '/tmp/tmpyzy6xi9j']
[2022-08-17 15:30:54,972] {standard_task_runner.py:80} INFO - Job 62: Subtask training_model_A
[2022-08-17 15:30:55,159] {task_command.py:371} INFO - Running <TaskInstance: my_dag.training_model_A manual__2022-08-17T15:30:53.369419+00:00 [running]> on host 9d5d2a77e6ba
[2022-08-17 15:30:55,298] {taskinstance.py:1591} INFO - Exporting the following env vars:
AIRFLOW_CTX_DAG_OWNER=***
AIRFLOW_CTX_DAG_ID=my_dag
AIRFLOW_CTX_TASK_ID=training_model_A
AIRFLOW_CTX_EXECUTION_DATE=2022-08-17T15:30:53.369419+00:00
AIRFLOW_CTX_TRY_NUMBER=1
AIRFLOW_CTX_DAG_RUN_ID=manual__2022-08-17T15:30:53.369419+00:00
[2022-08-17 15:30:55,302] {python.py:173} INFO - Done. Returned value was: 3
[2022-08-17 15:30:55,363] {taskinstance.py:1420} INFO - Marking task as SUCCESS. dag_id=my_dag, task_id=training_model_A, execution_date=20220817T153053, start_date=20220817T153054, end_date=20220817T153055
[2022-08-17 15:30:55,424] {local_task_job.py:156} INFO - Task exited with return code 0
[2022-08-17 15:30:55,537] {local_task_job.py:273} INFO - 0 downstream tasks scheduled from follow-on schedule check
