[2022-09-07 22:21:31,619] {taskinstance.py:1179} INFO - Dependencies all met for <TaskInstance: tables_name_1.query_table manual__2022-09-07T22:21:25.879926+00:00 [queued]>
[2022-09-07 22:21:31,633] {taskinstance.py:1179} INFO - Dependencies all met for <TaskInstance: tables_name_1.query_table manual__2022-09-07T22:21:25.879926+00:00 [queued]>
[2022-09-07 22:21:31,634] {taskinstance.py:1376} INFO - 
--------------------------------------------------------------------------------
[2022-09-07 22:21:31,635] {taskinstance.py:1377} INFO - Starting attempt 1 of 1
[2022-09-07 22:21:31,636] {taskinstance.py:1378} INFO - 
--------------------------------------------------------------------------------
[2022-09-07 22:21:31,655] {taskinstance.py:1397} INFO - Executing <Task(PythonOperator): query_table> on 2022-09-07 22:21:25.879926+00:00
[2022-09-07 22:21:31,662] {standard_task_runner.py:52} INFO - Started process 95 to run task
[2022-09-07 22:21:31,670] {standard_task_runner.py:79} INFO - Running: ['***', 'tasks', 'run', 'tables_name_1', 'query_table', 'manual__2022-09-07T22:21:25.879926+00:00', '--job-id', '3991', '--raw', '--subdir', 'DAGS_FOLDER/jobs_dag.py', '--cfg-path', '/tmp/tmpexhmwujz', '--error-file', '/tmp/tmpyvlp43z3']
[2022-09-07 22:21:31,672] {standard_task_runner.py:80} INFO - Job 3991: Subtask query_table
[2022-09-07 22:21:31,785] {task_command.py:371} INFO - Running <TaskInstance: tables_name_1.query_table manual__2022-09-07T22:21:25.879926+00:00 [running]> on host 35a93b984aea
[2022-09-07 22:21:31,893] {taskinstance.py:1591} INFO - Exporting the following env vars:
AIRFLOW_CTX_DAG_OWNER=***
AIRFLOW_CTX_DAG_ID=tables_name_1
AIRFLOW_CTX_TASK_ID=query_table
AIRFLOW_CTX_EXECUTION_DATE=2022-09-07T22:21:25.879926+00:00
AIRFLOW_CTX_TRY_NUMBER=1
AIRFLOW_CTX_DAG_RUN_ID=manual__2022-09-07T22:21:25.879926+00:00
[2022-09-07 22:21:31,928] {python.py:173} INFO - Done. Returned value was: None
[2022-09-07 22:21:31,953] {taskinstance.py:1420} INFO - Marking task as SUCCESS. dag_id=tables_name_1, task_id=query_table, execution_date=20220907T222125, start_date=20220907T222131, end_date=20220907T222131
[2022-09-07 22:21:32,000] {local_task_job.py:156} INFO - Task exited with return code 0
[2022-09-07 22:21:32,056] {local_task_job.py:273} INFO - 0 downstream tasks scheduled from follow-on schedule check
