[2022-09-01 19:37:18,025] {taskinstance.py:1179} INFO - Dependencies all met for <TaskInstance: dynamically_branching1.check_table_exist manual__2022-09-01T19:13:31.794632+00:00 [queued]>
[2022-09-01 19:37:18,193] {taskinstance.py:1179} INFO - Dependencies all met for <TaskInstance: dynamically_branching1.check_table_exist manual__2022-09-01T19:13:31.794632+00:00 [queued]>
[2022-09-01 19:37:18,203] {taskinstance.py:1376} INFO - 
--------------------------------------------------------------------------------
[2022-09-01 19:37:18,211] {taskinstance.py:1377} INFO - Starting attempt 1 of 1
[2022-09-01 19:37:18,216] {taskinstance.py:1378} INFO - 
--------------------------------------------------------------------------------
[2022-09-01 19:37:18,376] {taskinstance.py:1397} INFO - Executing <Task(BranchPythonOperator): check_table_exist> on 2022-09-01 19:13:31.794632+00:00
[2022-09-01 19:37:18,445] {standard_task_runner.py:52} INFO - Started process 91107 to run task
[2022-09-01 19:37:18,462] {standard_task_runner.py:79} INFO - Running: ['***', 'tasks', 'run', 'dynamically_branching1', 'check_table_exist', 'manual__2022-09-01T19:13:31.794632+00:00', '--job-id', '3593', '--raw', '--subdir', 'DAGS_FOLDER/jobs_dag.py', '--cfg-path', '/tmp/tmptlks7q3r', '--error-file', '/tmp/tmp1yu6c8t6']
[2022-09-01 19:37:18,483] {standard_task_runner.py:80} INFO - Job 3593: Subtask check_table_exist
[2022-09-01 19:37:18,991] {task_command.py:371} INFO - Running <TaskInstance: dynamically_branching1.check_table_exist manual__2022-09-01T19:13:31.794632+00:00 [running]> on host 9d5d2a77e6ba
[2022-09-01 19:37:19,335] {taskinstance.py:1591} INFO - Exporting the following env vars:
AIRFLOW_CTX_DAG_OWNER=***
AIRFLOW_CTX_DAG_ID=dynamically_branching1
AIRFLOW_CTX_TASK_ID=check_table_exist
AIRFLOW_CTX_EXECUTION_DATE=2022-09-01T19:13:31.794632+00:00
AIRFLOW_CTX_TRY_NUMBER=1
AIRFLOW_CTX_DAG_RUN_ID=manual__2022-09-01T19:13:31.794632+00:00
[2022-09-01 19:37:19,338] {python.py:173} INFO - Done. Returned value was: insert_row
[2022-09-01 19:37:19,339] {skipmixin.py:140} INFO - Following branch insert_row
[2022-09-01 19:37:19,340] {skipmixin.py:175} INFO - Skipping tasks ['create_table']
[2022-09-01 19:37:19,508] {taskinstance.py:1420} INFO - Marking task as SUCCESS. dag_id=dynamically_branching1, task_id=check_table_exist, execution_date=20220901T191331, start_date=20220901T193718, end_date=20220901T193719
[2022-09-01 19:37:19,604] {local_task_job.py:156} INFO - Task exited with return code 0
[2022-09-01 19:37:19,883] {local_task_job.py:273} INFO - 0 downstream tasks scheduled from follow-on schedule check
